[OVERALL], RunTime(ms), 449067
[OVERALL], Throughput(ops/sec), 58375.253581314144
[TOTAL_GCS_G1_Young_Generation], Count, 219
[TOTAL_GC_TIME_G1_Young_Generation], Time(ms), 531
[TOTAL_GC_TIME_%_G1_Young_Generation], Time(%), 0.1182451616351235
[TOTAL_GCS_G1_Old_Generation], Count, 0
[TOTAL_GC_TIME_G1_Old_Generation], Time(ms), 0
[TOTAL_GC_TIME_%_G1_Old_Generation], Time(%), 0.0
[TOTAL_GCs], Count, 219
[TOTAL_GC_TIME], Time(ms), 531
[TOTAL_GC_TIME_%], Time(%), 0.1182451616351235
[CLEANUP], Operations, 1
[CLEANUP], AverageLatency(us), 4152320.0
[CLEANUP], MinLatency(us), 4151296
[CLEANUP], MaxLatency(us), 4153343
[CLEANUP], 95thPercentileLatency(us), 4153343
[CLEANUP], 99thPercentileLatency(us), 4153343
[INSERT], Operations, 26214400
[INSERT], AverageLatency(us), 15.279319229125976
[INSERT], MinLatency(us), 6
[INSERT], MaxLatency(us), 29327
[INSERT], 95thPercentileLatency(us), 31
[INSERT], 99thPercentileLatency(us), 38
[INSERT], Return=OK, 26214400
