[WARN]  Running against a source checkout. In order to get our runtime dependencies we'll have to invoke Maven. Depending on the state of your system, this may take ~30-45 seconds
[DEBUG]  Running 'mvn -pl site.ycsb:rocksdb-binding -am package -DskipTests dependency:build-classpath -DincludeScope=compile -Dmdep.outputFilterFile=true'
java -cp /home/user/src/rocksdb-cheops-2024/ycsb/rocksdb/conf:/home/user/src/rocksdb-cheops-2024/ycsb/rocksdb/target/rocksdb-binding-0.18.0-SNAPSHOT.jar:/root/.m2/repository/org/apache/htrace/htrace-core4/4.1.0-incubating/htrace-core4-4.1.0-incubating.jar:/root/.m2/repository/org/slf4j/slf4j-api/1.7.25/slf4j-api-1.7.25.jar:/home/user/src/rocksdb-cheops-2024/rocksdb-ycsb/java/target/rocksdbjni-7.4.3-linux64.jar:/root/.m2/repository/net/jcip/jcip-annotations/1.0/jcip-annotations-1.0.jar:/root/.m2/repository/org/hdrhistogram/HdrHistogram/2.1.4/HdrHistogram-2.1.4.jar:/root/.m2/repository/org/codehaus/jackson/jackson-mapper-asl/1.9.4/jackson-mapper-asl-1.9.4.jar:/lib/libzbd.so.1:/root/.m2/repository/org/codehaus/jackson/jackson-core-asl/1.9.4/jackson-core-asl-1.9.4.jar:/home/user/src/rocksdb-cheops-2024/rocksdb-ycsb/java/target/librocksdbjni-linux64.so:/home/user/src/rocksdb-cheops-2024/ycsb/core/target/core-0.18.0-SNAPSHOT.jar site.ycsb.Client -db site.ycsb.db.rocksdb.RocksDBClient -s -P ./workloads/workloada -p recordcount=26214400 -p operationcount=1000000 -p fieldlength=100 -p fieldcount=10 -load
Command line: -db site.ycsb.db.rocksdb.RocksDBClient -s -P ./workloads/workloada -p recordcount=26214400 -p operationcount=1000000 -p fieldlength=100 -p fieldcount=10 -load
YCSB Client 0.18.0-SNAPSHOT

Loading workload...
Starting test.
SLF4J: Failed to load class "org.slf4j.impl.StaticLoggerBinder".
SLF4J: Defaulting to no-operation (NOP) logger implementation
SLF4J: See http://www.slf4j.org/codes.html#StaticLoggerBinder for further details.
2024-01-12 00:44:50:672 0 sec: 0 operations; est completion in 0 second 
Leet YCSB 
DBWrapper: report latency for each error is false and specific error codes to track for latency are: []
2024-01-12 00:45:00:635 10 sec: 369156 operations; 36904.53 current ops/sec; est completion in 11 minutes [INSERT: Count=369286, Max=12631, Min=6, Avg=18.09, 90=32, 99=44, 99.9=56, 99.99=647] 
2024-01-12 00:45:10:633 20 sec: 899244 operations; 53019.4 current ops/sec; est completion in 9 minutes [INSERT: Count=529992, Max=4963, Min=7, Avg=17.3, 90=30, 99=40, 99.9=57, 99.99=1420] 
2024-01-12 00:45:20:633 30 sec: 1412758 operations; 51351.4 current ops/sec; est completion in 8 minutes [INSERT: Count=513511, Max=4883, Min=7, Avg=17.92, 90=31, 99=40, 99.9=55, 99.99=1410] 
2024-01-12 00:45:30:633 40 sec: 1944122 operations; 53136.4 current ops/sec; est completion in 8 minutes [INSERT: Count=531367, Max=6255, Min=6, Avg=17.26, 90=30, 99=40, 99.9=55, 99.99=1405] 
2024-01-12 00:45:40:633 50 sec: 2519338 operations; 57521.6 current ops/sec; est completion in 7 minutes [INSERT: Count=575211, Max=1724, Min=7, Avg=15.83, 90=29, 99=40, 99.9=54, 99.99=1363] 
2024-01-12 00:45:50:633 60 sec: 3053686 operations; 53434.8 current ops/sec; est completion in 7 minutes [INSERT: Count=534349, Max=22767, Min=7, Avg=17.14, 90=31, 99=39, 99.9=52, 99.99=1373] 
2024-01-12 00:46:00:633 70 sec: 3540113 operations; 48642.7 current ops/sec; est completion in 7 minutes [INSERT: Count=486429, Max=28239, Min=7, Avg=18.77, 90=31, 99=40, 99.9=1251, 99.99=1390] 
2024-01-12 00:46:10:633 80 sec: 4084267 operations; 54415.4 current ops/sec; est completion in 7 minutes [INSERT: Count=544161, Max=24255, Min=6, Avg=16.59, 90=28, 99=39, 99.9=1262, 99.99=1512] 
2024-01-12 00:46:20:633 90 sec: 4587719 operations; 50345.2 current ops/sec; est completion in 7 minutes [INSERT: Count=503457, Max=14287, Min=7, Avg=18.08, 90=29, 99=40, 99.9=1276, 99.99=1531] 
2024-01-12 00:46:30:633 100 sec: 5172024 operations; 58430.5 current ops/sec; est completion in 6 minutes [INSERT: Count=584294, Max=21647, Min=7, Avg=15.42, 90=28, 99=37, 99.9=48, 99.99=1317] 
2024-01-12 00:46:40:633 110 sec: 5821321 operations; 64929.7 current ops/sec; est completion in 6 minutes [INSERT: Count=649298, Max=5019, Min=6, Avg=13.84, 90=28, 99=37, 99.9=45, 99.99=637] 
2024-01-12 00:46:50:633 120 sec: 6405548 operations; 58422.7 current ops/sec; est completion in 6 minutes [INSERT: Count=584231, Max=22159, Min=7, Avg=15.32, 90=27, 99=34, 99.9=50, 99.99=1338] 
2024-01-12 00:47:00:633 130 sec: 6943610 operations; 53806.2 current ops/sec; est completion in 6 minutes [INSERT: Count=538066, Max=29327, Min=7, Avg=16.64, 90=29, 99=39, 99.9=61, 99.99=1307] 
2024-01-12 00:47:10:633 140 sec: 7570533 operations; 62692.3 current ops/sec; est completion in 5 minutes [INSERT: Count=626916, Max=9239, Min=6, Avg=14.37, 90=27, 99=37, 99.9=48, 99.99=1831] 
2024-01-12 00:47:20:633 150 sec: 8177018 operations; 60648.5 current ops/sec; est completion in 5 minutes [INSERT: Count=606482, Max=7311, Min=7, Avg=14.95, 90=27, 99=36, 99.9=48, 99.99=1572] 
2024-01-12 00:47:30:633 160 sec: 8708555 operations; 53153.7 current ops/sec; est completion in 5 minutes [INSERT: Count=531534, Max=9375, Min=7, Avg=17.26, 90=29, 99=39, 99.9=56, 99.99=1521] 
2024-01-12 00:47:40:633 170 sec: 9326133 operations; 61757.8 current ops/sec; est completion in 5 minutes [INSERT: Count=617581, Max=3051, Min=6, Avg=14.65, 90=27, 99=37, 99.9=47, 99.99=1224] 
2024-01-12 00:47:50:633 180 sec: 9960451 operations; 63431.8 current ops/sec; est completion in 4 minutes [INSERT: Count=634319, Max=2551, Min=7, Avg=14.21, 90=27, 99=35, 99.9=45, 99.99=1112] 
2024-01-12 00:48:00:633 190 sec: 10562076 operations; 60162.5 current ops/sec; est completion in 4 minutes [INSERT: Count=601621, Max=2567, Min=7, Avg=15.08, 90=28, 99=37, 99.9=48, 99.99=1278] 
2024-01-12 00:48:10:633 200 sec: 11190385 operations; 62830.9 current ops/sec; est completion in 4 minutes [INSERT: Count=628311, Max=4639, Min=6, Avg=14.36, 90=26, 99=36, 99.9=61, 99.99=1352] 
2024-01-12 00:48:20:633 210 sec: 11792914 operations; 60252.9 current ops/sec; est completion in 4 minutes [INSERT: Count=602531, Max=4899, Min=7, Avg=15.03, 90=27, 99=37, 99.9=92, 99.99=1550] 
2024-01-12 00:48:30:633 220 sec: 12375831 operations; 58291.7 current ops/sec; est completion in 4 minutes [INSERT: Count=582913, Max=4319, Min=7, Avg=15.6, 90=28, 99=38, 99.9=54, 99.99=1437] 
2024-01-12 00:48:40:633 230 sec: 13022327 operations; 64649.6 current ops/sec; est completion in 3 minutes [INSERT: Count=646503, Max=3195, Min=6, Avg=13.93, 90=27, 99=36, 99.9=46, 99.99=80] 
2024-01-12 00:48:50:633 240 sec: 13653139 operations; 63081.2 current ops/sec; est completion in 3 minutes [INSERT: Count=630811, Max=2313, Min=7, Avg=14.29, 90=27, 99=35, 99.9=45, 99.99=86] 
2024-01-12 00:49:00:633 250 sec: 14254460 operations; 60132.1 current ops/sec; est completion in 3 minutes [INSERT: Count=601318, Max=5835, Min=7, Avg=15.07, 90=28, 99=37, 99.9=47, 99.99=114] 
2024-01-12 00:49:10:633 260 sec: 14885591 operations; 63113.1 current ops/sec; est completion in 3 minutes [INSERT: Count=631138, Max=9103, Min=6, Avg=14.29, 90=26, 99=36, 99.9=267, 99.99=1348] 
2024-01-12 00:49:20:633 270 sec: 15489275 operations; 60368.4 current ops/sec; est completion in 3 minutes [INSERT: Count=603678, Max=4587, Min=7, Avg=14.99, 90=27, 99=37, 99.9=272, 99.99=1069] 
2024-01-12 00:49:30:633 280 sec: 16093151 operations; 60387.6 current ops/sec; est completion in 2 minutes [INSERT: Count=603880, Max=3749, Min=7, Avg=15, 90=28, 99=37, 99.9=52, 99.99=805] 
2024-01-12 00:49:40:633 290 sec: 16755989 operations; 66283.8 current ops/sec; est completion in 2 minutes [INSERT: Count=662839, Max=2479, Min=6, Avg=13.53, 90=26, 99=35, 99.9=46, 99.99=121] 
2024-01-12 00:49:50:633 300 sec: 17385460 operations; 62947.1 current ops/sec; est completion in 2 minutes [INSERT: Count=629468, Max=5135, Min=7, Avg=14.33, 90=27, 99=36, 99.9=47, 99.99=121] 
2024-01-12 00:50:00:633 310 sec: 17988617 operations; 60315.7 current ops/sec; est completion in 2 minutes [INSERT: Count=603150, Max=2833, Min=7, Avg=15.02, 90=28, 99=38, 99.9=49, 99.99=220] 
2024-01-12 00:50:10:633 320 sec: 18636600 operations; 64798.3 current ops/sec; est completion in 2 minutes [INSERT: Count=647990, Max=4395, Min=6, Avg=13.88, 90=25, 99=35, 99.9=340, 99.99=1421] 
2024-01-12 00:50:20:633 330 sec: 19247267 operations; 61066.7 current ops/sec; est completion in 2 minutes [INSERT: Count=610660, Max=4431, Min=7, Avg=14.82, 90=27, 99=37, 99.9=53, 99.99=1486] 
2024-01-12 00:50:30:633 340 sec: 19816589 operations; 56932.2 current ops/sec; est completion in 1 minute [INSERT: Count=569319, Max=3601, Min=7, Avg=16.01, 90=29, 99=38, 99.9=50, 99.99=509] 
2024-01-12 00:50:40:633 350 sec: 20468443 operations; 65185.4 current ops/sec; est completion in 1 minute [INSERT: Count=651856, Max=2995, Min=6, Avg=13.79, 90=27, 99=35, 99.9=45, 99.99=193] 
2024-01-12 00:50:50:633 360 sec: 21063313 operations; 59487 current ops/sec; est completion in 1 minute [INSERT: Count=594866, Max=2399, Min=7, Avg=15.26, 90=28, 99=37, 99.9=47, 99.99=138] 
2024-01-12 00:51:00:633 370 sec: 21629329 operations; 56601.6 current ops/sec; est completion in 1 minute [INSERT: Count=566023, Max=16751, Min=7, Avg=16.11, 90=29, 99=38, 99.9=47, 99.99=130] 
2024-01-12 00:51:10:633 380 sec: 22249018 operations; 61968.9 current ops/sec; est completion in 1 minute [INSERT: Count=619691, Max=4911, Min=6, Avg=14.5, 90=28, 99=39, 99.9=82, 99.99=1173] 
2024-01-12 00:51:20:633 390 sec: 22855631 operations; 60661.3 current ops/sec; est completion in 58 seconds [INSERT: Count=606608, Max=4239, Min=7, Avg=14.92, 90=27, 99=37, 99.9=51, 99.99=1263] 
2024-01-12 00:51:30:633 400 sec: 23429078 operations; 57344.7 current ops/sec; est completion in 48 seconds [INSERT: Count=573440, Max=23503, Min=7, Avg=15.88, 90=29, 99=38, 99.9=49, 99.99=662] 
2024-01-12 00:51:40:633 410 sec: 24085118 operations; 65604 current ops/sec; est completion in 37 seconds [INSERT: Count=656045, Max=2807, Min=6, Avg=13.68, 90=26, 99=35, 99.9=46, 99.99=134] 
2024-01-12 00:51:50:633 420 sec: 24682888 operations; 59777 current ops/sec; est completion in 27 seconds [INSERT: Count=597780, Max=3035, Min=7, Avg=15.17, 90=28, 99=37, 99.9=47, 99.99=78] 
2024-01-12 00:52:00:633 430 sec: 25254558 operations; 57167 current ops/sec; est completion in 17 seconds [INSERT: Count=571654, Max=2305, Min=7, Avg=15.94, 90=29, 99=38, 99.9=48, 99.99=142] 
2024-01-12 00:52:10:633 440 sec: 25908052 operations; 65349.4 current ops/sec; est completion in 6 second [INSERT: Count=653497, Max=4959, Min=6, Avg=13.74, 90=25, 99=35, 99.9=138, 99.99=1324] 
2024-01-12 00:52:19:699 449 sec: 26214400 operations; 33794.59 current ops/sec; [CLEANUP: Count=1, Max=4153343, Min=4151296, Avg=4152320, 90=4153343, 99=4153343, 99.9=4153343, 99.99=4153343] [INSERT: Count=306326, Max=3923, Min=7, Avg=14.48, 90=26, 99=36, 99.9=51, 99.99=993] 
