[WARN]  Running against a source checkout. In order to get our runtime dependencies we'll have to invoke Maven. Depending on the state of your system, this may take ~30-45 seconds
[DEBUG]  Running 'mvn -pl site.ycsb:rocksdb-binding -am package -DskipTests dependency:build-classpath -DincludeScope=compile -Dmdep.outputFilterFile=true'
java -cp /home/user/src/rocksdb-cheops-2024/ycsb/rocksdb/conf:/home/user/src/rocksdb-cheops-2024/ycsb/rocksdb/target/rocksdb-binding-0.18.0-SNAPSHOT.jar:/root/.m2/repository/org/apache/htrace/htrace-core4/4.1.0-incubating/htrace-core4-4.1.0-incubating.jar:/root/.m2/repository/org/slf4j/slf4j-api/1.7.25/slf4j-api-1.7.25.jar:/home/user/src/rocksdb-cheops-2024/rocksdb-ycsb/java/target/rocksdbjni-7.4.3-linux64.jar:/root/.m2/repository/net/jcip/jcip-annotations/1.0/jcip-annotations-1.0.jar:/root/.m2/repository/org/hdrhistogram/HdrHistogram/2.1.4/HdrHistogram-2.1.4.jar:/root/.m2/repository/org/codehaus/jackson/jackson-mapper-asl/1.9.4/jackson-mapper-asl-1.9.4.jar:/lib/libzbd.so.1:/root/.m2/repository/org/codehaus/jackson/jackson-core-asl/1.9.4/jackson-core-asl-1.9.4.jar:/home/user/src/rocksdb-cheops-2024/rocksdb-ycsb/java/target/librocksdbjni-linux64.so:/home/user/src/rocksdb-cheops-2024/ycsb/core/target/core-0.18.0-SNAPSHOT.jar site.ycsb.Client -db site.ycsb.db.rocksdb.RocksDBClient -s -P ./workloads/workloadb -p recordcount=26214400 -p operationcount=1000000 -p fieldlength=100 -p fieldcount=10 -load
Command line: -db site.ycsb.db.rocksdb.RocksDBClient -s -P ./workloads/workloadb -p recordcount=26214400 -p operationcount=1000000 -p fieldlength=100 -p fieldcount=10 -load
YCSB Client 0.18.0-SNAPSHOT

Loading workload...
Starting test.
SLF4J: Failed to load class "org.slf4j.impl.StaticLoggerBinder".
SLF4J: Defaulting to no-operation (NOP) logger implementation
SLF4J: See http://www.slf4j.org/codes.html#StaticLoggerBinder for further details.
2024-01-12 00:58:03:491 0 sec: 0 operations; est completion in 0 second 
Leet YCSB 
DBWrapper: report latency for each error is false and specific error codes to track for latency are: []
2024-01-12 00:58:13:455 10 sec: 362833 operations; 36279.67 current ops/sec; est completion in 11 minutes [INSERT: Count=362961, Max=11759, Min=6, Avg=18.32, 90=32, 99=44, 99.9=54, 99.99=193] 
2024-01-12 00:58:23:455 20 sec: 916647 operations; 55386.94 current ops/sec; est completion in 9 minutes [INSERT: Count=553725, Max=4927, Min=7, Avg=16.5, 90=30, 99=39, 99.9=48, 99.99=87] 
2024-01-12 00:58:33:455 30 sec: 1443688 operations; 52704.1 current ops/sec; est completion in 8 minutes [INSERT: Count=527033, Max=5287, Min=7, Avg=17.42, 90=31, 99=40, 99.9=49, 99.99=80] 
2024-01-12 00:58:43:455 40 sec: 1999072 operations; 55538.4 current ops/sec; est completion in 8 minutes [INSERT: Count=555386, Max=5455, Min=6, Avg=16.46, 90=30, 99=40, 99.9=52, 99.99=80] 
2024-01-12 00:58:53:455 50 sec: 2604715 operations; 60564.3 current ops/sec; est completion in 7 minutes [INSERT: Count=605641, Max=1546, Min=7, Avg=14.98, 90=29, 99=39, 99.9=48, 99.99=80] 
2024-01-12 00:59:03:455 60 sec: 3167065 operations; 56235 current ops/sec; est completion in 7 minutes [INSERT: Count=562351, Max=1868, Min=7, Avg=16.25, 90=30, 99=39, 99.9=48, 99.99=94] 
2024-01-12 00:59:13:455 70 sec: 3734576 operations; 56751.1 current ops/sec; est completion in 7 minutes [INSERT: Count=567511, Max=1763, Min=6, Avg=16.08, 90=30, 99=39, 99.9=50, 99.99=194] 
2024-01-12 00:59:23:455 80 sec: 4339092 operations; 60451.6 current ops/sec; est completion in 6 minutes [INSERT: Count=604518, Max=2517, Min=7, Avg=15, 90=29, 99=42, 99.9=57, 99.99=199] 
2024-01-12 00:59:33:455 90 sec: 4909089 operations; 56999.7 current ops/sec; est completion in 6 minutes [INSERT: Count=569998, Max=2567, Min=7, Avg=16, 90=30, 99=42, 99.9=59, 99.99=208] 
2024-01-12 00:59:43:455 100 sec: 5534618 operations; 62552.9 current ops/sec; est completion in 6 minutes [INSERT: Count=625534, Max=1552, Min=6, Avg=14.47, 90=28, 99=38, 99.9=45, 99.99=124] 
2024-01-12 00:59:53:455 110 sec: 6182289 operations; 64767.1 current ops/sec; est completion in 5 minutes [INSERT: Count=647666, Max=1552, Min=7, Avg=13.91, 90=27, 99=33, 99.9=41, 99.99=81] 
2024-01-12 01:00:03:455 120 sec: 6792029 operations; 60974 current ops/sec; est completion in 5 minutes [INSERT: Count=609740, Max=1547, Min=7, Avg=14.87, 90=28, 99=37, 99.9=45, 99.99=81] 
2024-01-12 01:00:13:455 130 sec: 7414629 operations; 62260 current ops/sec; est completion in 5 minutes [INSERT: Count=622599, Max=2061, Min=6, Avg=14.54, 90=28, 99=39, 99.9=49, 99.99=154] 
2024-01-12 01:00:23:455 140 sec: 8064306 operations; 64967.7 current ops/sec; est completion in 5 minutes [INSERT: Count=649676, Max=4195, Min=7, Avg=13.85, 90=27, 99=37, 99.9=56, 99.99=206] 
2024-01-12 01:00:33:455 150 sec: 8660944 operations; 59663.8 current ops/sec; est completion in 5 minutes [INSERT: Count=596635, Max=2833, Min=7, Avg=15.22, 90=28, 99=39, 99.9=57, 99.99=207] 
2024-01-12 01:00:43:455 160 sec: 9270406 operations; 60946.2 current ops/sec; est completion in 4 minutes [INSERT: Count=609471, Max=15839, Min=6, Avg=14.86, 90=27, 99=37, 99.9=47, 99.99=218] 
2024-01-12 01:00:53:455 170 sec: 9882084 operations; 61161.68 current ops/sec; est completion in 4 minutes [INSERT: Count=611644, Max=4891, Min=7, Avg=14.8, 90=27, 99=37, 99.9=48, 99.99=630] 
2024-01-12 01:01:03:455 180 sec: 10458528 operations; 57650.17 current ops/sec; est completion in 4 minutes [INSERT: Count=576469, Max=3069, Min=7, Avg=15.82, 90=28, 99=38, 99.9=48, 99.99=160] 
2024-01-12 01:01:13:455 190 sec: 11034925 operations; 57639.7 current ops/sec; est completion in 4 minutes [INSERT: Count=576415, Max=11439, Min=6, Avg=15.71, 90=28, 99=39, 99.9=52, 99.99=875] 
2024-01-12 01:01:23:455 200 sec: 11658739 operations; 62381.4 current ops/sec; est completion in 4 minutes [INSERT: Count=623804, Max=10943, Min=7, Avg=14.45, 90=26, 99=36, 99.9=50, 99.99=958] 
2024-01-12 01:01:33:455 210 sec: 12244336 operations; 58559.7 current ops/sec; est completion in 4 minutes [INSERT: Count=585589, Max=5671, Min=7, Avg=15.55, 90=27, 99=37, 99.9=50, 99.99=705] 
2024-01-12 01:01:43:455 220 sec: 12852636 operations; 60830 current ops/sec; est completion in 3 minutes [INSERT: Count=608304, Max=2613, Min=6, Avg=14.92, 90=27, 99=37, 99.9=46, 99.99=153] 
2024-01-12 01:01:53:455 230 sec: 13465281 operations; 61264.5 current ops/sec; est completion in 3 minutes [INSERT: Count=612642, Max=3485, Min=7, Avg=14.8, 90=27, 99=36, 99.9=45, 99.99=95] 
2024-01-12 01:02:03:455 240 sec: 14037195 operations; 57191.4 current ops/sec; est completion in 3 minutes [INSERT: Count=571909, Max=2713, Min=7, Avg=15.96, 90=29, 99=37, 99.9=47, 99.99=165] 
2024-01-12 01:02:13:455 250 sec: 14627568 operations; 59037.3 current ops/sec; est completion in 3 minutes [INSERT: Count=590379, Max=3147, Min=6, Avg=15.4, 90=28, 99=38, 99.9=51, 99.99=760] 
2024-01-12 01:02:23:455 260 sec: 15266394 operations; 63882.6 current ops/sec; est completion in 3 minutes [INSERT: Count=638830, Max=3709, Min=7, Avg=14.14, 90=26, 99=38, 99.9=57, 99.99=725] 
2024-01-12 01:02:33:455 270 sec: 15878212 operations; 61181.8 current ops/sec; est completion in 2 minutes [INSERT: Count=611814, Max=16167, Min=7, Avg=14.85, 90=27, 99=39, 99.9=58, 99.99=577] 
2024-01-12 01:02:43:455 280 sec: 16505317 operations; 62710.5 current ops/sec; est completion in 2 minutes [INSERT: Count=627120, Max=4351, Min=6, Avg=14.46, 90=25, 99=39, 99.9=58, 99.99=195] 
2024-01-12 01:02:53:455 290 sec: 17196380 operations; 69106.3 current ops/sec; est completion in 2 minutes [INSERT: Count=691050, Max=2311, Min=7, Avg=13.01, 90=24, 99=31, 99.9=41, 99.99=115] 
2024-01-12 01:03:03:455 300 sec: 17853360 operations; 65698 current ops/sec; est completion in 2 minutes [INSERT: Count=656980, Max=4511, Min=7, Avg=13.76, 90=25, 99=32, 99.9=42, 99.99=197] 
2024-01-12 01:03:13:455 310 sec: 18533422 operations; 68006.2 current ops/sec; est completion in 2 minutes [INSERT: Count=680060, Max=14935, Min=6, Avg=13.22, 90=24, 99=35, 99.9=58, 99.99=1068] 
2024-01-12 01:03:23:455 320 sec: 19137843 operations; 60442.1 current ops/sec; est completion in 1 minute [INSERT: Count=604425, Max=3415, Min=7, Avg=15, 90=28, 99=40, 99.9=56, 99.99=656] 
2024-01-12 01:03:33:455 330 sec: 19711218 operations; 57337.5 current ops/sec; est completion in 1 minute [INSERT: Count=573364, Max=3531, Min=7, Avg=15.9, 90=29, 99=41, 99.9=56, 99.99=296] 
2024-01-12 01:03:43:455 340 sec: 20369444 operations; 65822.6 current ops/sec; est completion in 1 minute [INSERT: Count=658224, Max=3525, Min=6, Avg=13.67, 90=26, 99=36, 99.9=47, 99.99=210] 
2024-01-12 01:03:53:455 350 sec: 20989408 operations; 61996.4 current ops/sec; est completion in 1 minute [INSERT: Count=619968, Max=2891, Min=7, Avg=14.6, 90=27, 99=36, 99.9=45, 99.99=182] 
2024-01-12 01:04:03:455 360 sec: 21582042 operations; 59263.4 current ops/sec; est completion in 1 minute [INSERT: Count=592629, Max=2835, Min=7, Avg=15.34, 90=28, 99=37, 99.9=47, 99.99=206] 
2024-01-12 01:04:13:455 370 sec: 22231209 operations; 64916.7 current ops/sec; est completion in 1 minute [INSERT: Count=649179, Max=3761, Min=6, Avg=13.88, 90=25, 99=35, 99.9=252, 99.99=1455] 
2024-01-12 01:04:23:455 380 sec: 22849887 operations; 61867.8 current ops/sec; est completion in 56 seconds [INSERT: Count=618676, Max=4951, Min=7, Avg=14.68, 90=24, 99=35, 99.9=159, 99.99=1175] 
2024-01-12 01:04:33:455 390 sec: 23480035 operations; 63014.8 current ops/sec; est completion in 46 seconds [INSERT: Count=630143, Max=14567, Min=6, Avg=14.39, 90=25, 99=34, 99.9=54, 99.99=1037] 
2024-01-12 01:04:43:455 400 sec: 24086961 operations; 60692.6 current ops/sec; est completion in 36 seconds [INSERT: Count=606920, Max=2819, Min=7, Avg=14.83, 90=30, 99=43, 99.9=62, 99.99=298] 
2024-01-12 01:04:53:455 410 sec: 24663704 operations; 57674.3 current ops/sec; est completion in 26 seconds [INSERT: Count=576744, Max=2801, Min=7, Avg=15.74, 90=30, 99=43, 99.9=60, 99.99=328] 
2024-01-12 01:05:03:455 420 sec: 25218817 operations; 55511.3 current ops/sec; est completion in 17 seconds [INSERT: Count=555127, Max=3125, Min=7, Avg=16.48, 90=30, 99=41, 99.9=56, 99.99=375] 
2024-01-12 01:05:13:455 430 sec: 25877771 operations; 65895.4 current ops/sec; est completion in 6 second [INSERT: Count=658946, Max=4703, Min=6, Avg=13.64, 90=26, 99=37, 99.9=55, 99.99=632] 
2024-01-12 01:05:22:835 439 sec: 26214400 operations; 35884.13 current ops/sec; [CLEANUP: Count=1, Max=4235263, Min=4231168, Avg=4233216, 90=4235263, 99=4235263, 99.9=4235263, 99.99=4235263] [INSERT: Count=336601, Max=4263, Min=7, Avg=13.8, 90=25, 99=35, 99.9=51, 99.99=294] 
