[OVERALL], RunTime(ms), 444760
[OVERALL], Throughput(ops/sec), 58940.55220793237
[TOTAL_GCS_G1_Young_Generation], Count, 219
[TOTAL_GC_TIME_G1_Young_Generation], Time(ms), 351
[TOTAL_GC_TIME_%_G1_Young_Generation], Time(%), 0.07891896753305153
[TOTAL_GCS_G1_Old_Generation], Count, 0
[TOTAL_GC_TIME_G1_Old_Generation], Time(ms), 0
[TOTAL_GC_TIME_%_G1_Old_Generation], Time(%), 0.0
[TOTAL_GCs], Count, 219
[TOTAL_GC_TIME], Time(ms), 351
[TOTAL_GC_TIME_%], Time(%), 0.07891896753305153
[CLEANUP], Operations, 1
[CLEANUP], AverageLatency(us), 4429824.0
[CLEANUP], MinLatency(us), 4427776
[CLEANUP], MaxLatency(us), 4431871
[CLEANUP], 95thPercentileLatency(us), 4431871
[CLEANUP], 99thPercentileLatency(us), 4431871
[INSERT], Operations, 26214400
[INSERT], AverageLatency(us), 15.164520606994628
[INSERT], MinLatency(us), 6
[INSERT], MaxLatency(us), 25791
[INSERT], 95thPercentileLatency(us), 31
[INSERT], 99thPercentileLatency(us), 38
[INSERT], Return=OK, 26214400
