[OVERALL], RunTime(ms), 439105
[OVERALL], Throughput(ops/sec), 59699.61626490247
[TOTAL_GCS_G1_Young_Generation], Count, 219
[TOTAL_GC_TIME_G1_Young_Generation], Time(ms), 433
[TOTAL_GC_TIME_%_G1_Young_Generation], Time(%), 0.0986096719463454
[TOTAL_GCS_G1_Old_Generation], Count, 0
[TOTAL_GC_TIME_G1_Old_Generation], Time(ms), 0
[TOTAL_GC_TIME_%_G1_Old_Generation], Time(%), 0.0
[TOTAL_GCs], Count, 219
[TOTAL_GC_TIME], Time(ms), 433
[TOTAL_GC_TIME_%], Time(%), 0.0986096719463454
[CLEANUP], Operations, 1
[CLEANUP], AverageLatency(us), 4051968.0
[CLEANUP], MinLatency(us), 4050944
[CLEANUP], MaxLatency(us), 4052991
[CLEANUP], 95thPercentileLatency(us), 4052991
[CLEANUP], 99thPercentileLatency(us), 4052991
[INSERT], Operations, 26214400
[INSERT], AverageLatency(us), 14.945727386474609
[INSERT], MinLatency(us), 6
[INSERT], MaxLatency(us), 17903
[INSERT], 95thPercentileLatency(us), 30
[INSERT], 99thPercentileLatency(us), 38
[INSERT], Return=OK, 26214400
