[WARN]  Running against a source checkout. In order to get our runtime dependencies we'll have to invoke Maven. Depending on the state of your system, this may take ~30-45 seconds
[DEBUG]  Running 'mvn -pl site.ycsb:rocksdb-binding -am package -DskipTests dependency:build-classpath -DincludeScope=compile -Dmdep.outputFilterFile=true'
java -cp /home/user/src/rocksdb-cheops-2024/ycsb/rocksdb/conf:/home/user/src/rocksdb-cheops-2024/ycsb/rocksdb/target/rocksdb-binding-0.18.0-SNAPSHOT.jar:/root/.m2/repository/org/apache/htrace/htrace-core4/4.1.0-incubating/htrace-core4-4.1.0-incubating.jar:/root/.m2/repository/org/slf4j/slf4j-api/1.7.25/slf4j-api-1.7.25.jar:/home/user/src/rocksdb-cheops-2024/rocksdb-ycsb/java/target/rocksdbjni-7.4.3-linux64.jar:/root/.m2/repository/net/jcip/jcip-annotations/1.0/jcip-annotations-1.0.jar:/root/.m2/repository/org/hdrhistogram/HdrHistogram/2.1.4/HdrHistogram-2.1.4.jar:/root/.m2/repository/org/codehaus/jackson/jackson-mapper-asl/1.9.4/jackson-mapper-asl-1.9.4.jar:/lib/libzbd.so.1:/root/.m2/repository/org/codehaus/jackson/jackson-core-asl/1.9.4/jackson-core-asl-1.9.4.jar:/home/user/src/rocksdb-cheops-2024/rocksdb-ycsb/java/target/librocksdbjni-linux64.so:/home/user/src/rocksdb-cheops-2024/ycsb/core/target/core-0.18.0-SNAPSHOT.jar site.ycsb.Client -db site.ycsb.db.rocksdb.RocksDBClient -s -P ./workloads/workloade -p recordcount=26214400 -p operationcount=1000000 -p fieldlength=100 -p fieldcount=10 -t
Command line: -db site.ycsb.db.rocksdb.RocksDBClient -s -P ./workloads/workloade -p recordcount=26214400 -p operationcount=1000000 -p fieldlength=100 -p fieldcount=10 -t
YCSB Client 0.18.0-SNAPSHOT

Loading workload...
Starting test.
SLF4J: Failed to load class "org.slf4j.impl.StaticLoggerBinder".
SLF4J: Defaulting to no-operation (NOP) logger implementation
SLF4J: See http://www.slf4j.org/codes.html#StaticLoggerBinder for further details.
2024-01-12 01:41:53:561 0 sec: 0 operations; est completion in 0 second 
Leet YCSB 
2024-01-12 01:42:03:525 10 sec: 0 operations; est completion in 106751991167300 days 15 hours 
2024-01-12 01:42:13:525 20 sec: 0 operations; est completion in 106751991167300 days 15 hours 
2024-01-12 01:42:23:525 30 sec: 0 operations; est completion in 106751991167300 days 15 hours 
2024-01-12 01:42:33:525 40 sec: 0 operations; est completion in 106751991167300 days 15 hours 
2024-01-12 01:42:43:525 50 sec: 0 operations; est completion in 106751991167300 days 15 hours 
2024-01-12 01:42:53:525 60 sec: 0 operations; est completion in 106751991167300 days 15 hours 
DBWrapper: report latency for each error is false and specific error codes to track for latency are: []
2024-01-12 01:43:03:525 70 sec: 3066 operations; 306.6 current ops/sec; est completion in 6 hours 19 minutes [INSERT: Count=165, Max=1494, Min=30, Avg=124.42, 90=163, 99=361, 99.9=1494, 99.99=1494] [SCAN: Count=2903, Max=17919, Min=72, Avg=2621.58, 90=4595, 99=5171, 99.9=6071, 99.99=17919] 
2024-01-12 01:43:13:525 80 sec: 7743 operations; 467.7 current ops/sec; est completion in 2 hours 50 minutes [INSERT: Count=210, Max=228, Min=17, Avg=87.87, 90=127, 99=171, 99.9=228, 99.99=228] [SCAN: Count=4465, Max=8051, Min=60, Avg=2222.62, 90=4427, 99=5111, 99.9=6467, 99.99=8051] 
2024-01-12 01:43:23:525 90 sec: 13366 operations; 562.3 current ops/sec; est completion in 1 hour 50 minutes [INSERT: Count=280, Max=147, Min=13, Avg=58.54, 90=90, 99=133, 99.9=147, 99.99=147] [SCAN: Count=5343, Max=12031, Min=47, Avg=1861.93, 90=4203, 99=4915, 99.9=8759, 99.99=11063] 
2024-01-12 01:43:33:525 100 sec: 19950 operations; 658.47 current ops/sec; est completion in 1 hour 21 minutes [INSERT: Count=333, Max=146, Min=13, Avg=54.84, 90=85, 99=110, 99.9=146, 99.99=146] [SCAN: Count=6253, Max=7667, Min=42, Avg=1590.14, 90=3887, 99=4867, 99.9=5819, 99.99=6763] 
2024-01-12 01:43:43:525 110 sec: 27538 operations; 758.8 current ops/sec; est completion in 1 hour 4 minutes [INSERT: Count=421, Max=181, Min=11, Avg=47.92, 90=79, 99=105, 99.9=181, 99.99=181] [SCAN: Count=7167, Max=7779, Min=36, Avg=1387.06, 90=3519, 99=4447, 99.9=4975, 99.99=6471] 
2024-01-12 01:43:53:525 120 sec: 37932 operations; 1039.4 current ops/sec; est completion in 50 minutes [INSERT: Count=549, Max=120, Min=10, Avg=46.69, 90=77, 99=109, 99.9=115, 99.99=120] [SCAN: Count=9843, Max=7255, Min=38, Avg=1008.13, 90=2301, 99=4051, 99.9=4519, 99.99=5883] 
2024-01-12 01:44:03:525 130 sec: 46261 operations; 832.9 current ops/sec; est completion in 44 minutes [INSERT: Count=431, Max=111, Min=11, Avg=45.75, 90=72, 99=102, 99.9=111, 99.99=111] [SCAN: Count=7900, Max=9647, Min=29, Avg=1258.24, 90=3141, 99=4255, 99.9=5331, 99.99=7667] 
2024-01-12 01:44:13:525 140 sec: 55212 operations; 895.1 current ops/sec; est completion in 39 minutes [INSERT: Count=450, Max=126, Min=11, Avg=46.39, 90=80, 99=104, 99.9=126, 99.99=126] [SCAN: Count=8501, Max=8783, Min=47, Avg=1168.65, 90=2981, 99=4375, 99.9=5355, 99.99=6443] 
2024-01-12 01:44:23:525 150 sec: 64473 operations; 926.1 current ops/sec; est completion in 36 minutes [INSERT: Count=459, Max=127, Min=10, Avg=47.37, 90=79, 99=103, 99.9=127, 99.99=127] [SCAN: Count=8800, Max=7471, Min=44, Avg=1129.24, 90=2921, 99=4247, 99.9=5399, 99.99=7043] 
2024-01-12 01:44:33:525 160 sec: 73661 operations; 918.71 current ops/sec; est completion in 33 minutes [INSERT: Count=447, Max=108, Min=10, Avg=44.48, 90=80, 99=97, 99.9=108, 99.99=108] [SCAN: Count=8743, Max=7679, Min=45, Avg=1138.02, 90=3017, 99=4251, 99.9=4755, 99.99=5699] 
2024-01-12 01:44:43:525 170 sec: 86777 operations; 1311.73 current ops/sec; est completion in 29 minutes [INSERT: Count=652, Max=136, Min=8, Avg=36.86, 90=67, 99=87, 99.9=101, 99.99=136] [SCAN: Count=12465, Max=7499, Min=30, Avg=797.21, 90=1795, 99=3713, 99.9=4483, 99.99=6211] 
2024-01-12 01:44:53:525 180 sec: 97223 operations; 1044.6 current ops/sec; est completion in 27 minutes [INSERT: Count=527, Max=118, Min=9, Avg=41.53, 90=75, 99=98, 99.9=117, 99.99=118] [SCAN: Count=9917, Max=10023, Min=36, Avg=1002.66, 90=2827, 99=4013, 99.9=4519, 99.99=7671] 
2024-01-12 01:45:03:525 190 sec: 108801 operations; 1157.8 current ops/sec; est completion in 25 minutes [INSERT: Count=594, Max=101, Min=10, Avg=42.24, 90=74, 99=96, 99.9=99, 99.99=101] [SCAN: Count=10983, Max=7251, Min=32, Avg=905.05, 90=2619, 99=3755, 99.9=4223, 99.99=7227] 
2024-01-12 01:45:13:525 200 sec: 121059 operations; 1225.8 current ops/sec; est completion in 24 minutes [INSERT: Count=645, Max=192, Min=10, Avg=43.94, 90=76, 99=106, 99.9=127, 99.99=192] [SCAN: Count=11616, Max=5547, Min=29, Avg=855.24, 90=2471, 99=3659, 99.9=4155, 99.99=5139] 
2024-01-12 01:45:23:525 210 sec: 135310 operations; 1425.1 current ops/sec; est completion in 22 minutes [INSERT: Count=699, Max=122, Min=9, Avg=41.32, 90=71, 99=93, 99.9=110, 99.99=122] [SCAN: Count=13551, Max=6323, Min=33, Avg=732.87, 90=1885, 99=3447, 99.9=4083, 99.99=5147] 
2024-01-12 01:45:33:525 220 sec: 151842 operations; 1653.2 current ops/sec; est completion in 20 minutes [INSERT: Count=797, Max=98, Min=9, Avg=35.89, 90=68, 99=82, 99.9=93, 99.99=98] [SCAN: Count=15733, Max=13015, Min=36, Avg=630.88, 90=1375, 99=3245, 99.9=3995, 99.99=10343] 
2024-01-12 01:45:43:525 230 sec: 167147 operations; 1530.5 current ops/sec; est completion in 19 minutes [INSERT: Count=773, Max=118, Min=9, Avg=39.61, 90=71, 99=97, 99.9=110, 99.99=118] [SCAN: Count=14532, Max=7175, Min=32, Avg=683.15, 90=1868, 99=3299, 99.9=4427, 99.99=7023] 
2024-01-12 01:45:53:525 240 sec: 182088 operations; 1494.1 current ops/sec; est completion in 17 minutes [INSERT: Count=761, Max=109, Min=10, Avg=41.78, 90=78, 99=96, 99.9=108, 99.99=109] [SCAN: Count=14180, Max=6051, Min=43, Avg=699.97, 90=1804, 99=3209, 99.9=3965, 99.99=5879] 
2024-01-12 01:46:03:525 250 sec: 197971 operations; 1588.3 current ops/sec; est completion in 16 minutes [INSERT: Count=792, Max=113, Min=11, Avg=41.57, 90=75, 99=97, 99.9=107, 99.99=113] [SCAN: Count=15093, Max=6343, Min=34, Avg=657.65, 90=1555, 99=3137, 99.9=4061, 99.99=5395] 
2024-01-12 01:46:13:525 260 sec: 216620 operations; 1864.9 current ops/sec; est completion in 15 minutes [INSERT: Count=977, Max=99, Min=9, Avg=39.2, 90=72, 99=92, 99.9=99, 99.99=99] [SCAN: Count=17671, Max=5283, Min=32, Avg=560.94, 90=1033, 99=2899, 99.9=3685, 99.99=4951] 
2024-01-12 01:46:23:525 270 sec: 235196 operations; 1857.41 current ops/sec; est completion in 14 minutes [INSERT: Count=920, Max=118, Min=10, Avg=39.77, 90=75, 99=95, 99.9=114, 99.99=118] [SCAN: Count=17656, Max=4995, Min=29, Avg=561.58, 90=1042, 99=2849, 99.9=3675, 99.99=4615] 
2024-01-12 01:46:33:525 280 sec: 253141 operations; 1794.68 current ops/sec; est completion in 13 minutes [INSERT: Count=903, Max=111, Min=10, Avg=41.46, 90=79, 99=96, 99.9=111, 99.99=111] [SCAN: Count=17043, Max=5943, Min=34, Avg=581.76, 90=1160, 99=2911, 99.9=3605, 99.99=4971] 
2024-01-12 01:46:43:525 290 sec: 271735 operations; 1859.4 current ops/sec; est completion in 12 minutes [INSERT: Count=929, Max=137, Min=11, Avg=42.76, 90=83, 99=101, 99.9=122, 99.99=137] [SCAN: Count=17664, Max=5639, Min=37, Avg=561.07, 90=1058, 99=2857, 99.9=3625, 99.99=5087] 
2024-01-12 01:46:53:525 300 sec: 291191 operations; 1945.41 current ops/sec; est completion in 12 minutes [INSERT: Count=1004, Max=239, Min=10, Avg=41.2, 90=79, 99=100, 99.9=133, 99.99=239] [SCAN: Count=18453, Max=5799, Min=41, Avg=536.81, 90=948, 99=2773, 99.9=3635, 99.99=4767] 
2024-01-12 01:47:03:525 310 sec: 315295 operations; 2410.64 current ops/sec; est completion in 11 minutes [INSERT: Count=1240, Max=122, Min=9, Avg=35.98, 90=68, 99=93, 99.9=113, 99.99=122] [SCAN: Count=22866, Max=5899, Min=29, Avg=432.81, 90=716, 99=2501, 99.9=3175, 99.99=5043] 
2024-01-12 01:47:13:525 320 sec: 337182 operations; 2188.7 current ops/sec; est completion in 10 minutes [INSERT: Count=1098, Max=125, Min=9, Avg=40.36, 90=75, 99=98, 99.9=117, 99.99=125] [SCAN: Count=20786, Max=14679, Min=29, Avg=476.19, 90=787, 99=2649, 99.9=3135, 99.99=4907] 
2024-01-12 01:47:23:525 330 sec: 359263 operations; 2208.1 current ops/sec; est completion in 9 minutes [INSERT: Count=1092, Max=113, Min=11, Avg=43.41, 90=79, 99=100, 99.9=111, 99.99=113] [SCAN: Count=20988, Max=6987, Min=34, Avg=471.47, 90=766, 99=2655, 99.9=3171, 99.99=4887] 
2024-01-12 01:47:33:525 340 sec: 382153 operations; 2289 current ops/sec; est completion in 9 minutes [INSERT: Count=1134, Max=144, Min=9, Avg=41.65, 90=80, 99=100, 99.9=116, 99.99=144] [SCAN: Count=21758, Max=4887, Min=36, Avg=454.76, 90=708, 99=2625, 99.9=3395, 99.99=4223] 
2024-01-12 01:47:43:525 350 sec: 405615 operations; 2346.2 current ops/sec; est completion in 8 minutes [INSERT: Count=1179, Max=144, Min=11, Avg=41.85, 90=78, 99=101, 99.9=131, 99.99=144] [SCAN: Count=22281, Max=6927, Min=33, Avg=443.93, 90=682, 99=2567, 99.9=3277, 99.99=5523] 
2024-01-12 01:47:53:525 360 sec: 433654 operations; 2803.9 current ops/sec; est completion in 7 minutes [INSERT: Count=1467, Max=110, Min=9, Avg=37.43, 90=70, 99=90, 99.9=109, 99.99=110] [SCAN: Count=26575, Max=4847, Min=26, Avg=371.7, 90=573, 99=2026, 99.9=3081, 99.99=4207] 
2024-01-12 01:48:03:526 370 sec: 459025 operations; 2536.85 current ops/sec; est completion in 7 minutes [INSERT: Count=1329, Max=927, Min=9, Avg=39.95, 90=75, 99=98, 99.9=122, 99.99=927] [SCAN: Count=24044, Max=3843, Min=29, Avg=411.13, 90=597, 99=2389, 99.9=3071, 99.99=3623] 
2024-01-12 01:48:13:525 380 sec: 484893 operations; 2586.8 current ops/sec; est completion in 6 minutes [INSERT: Count=1311, Max=117, Min=10, Avg=41.6, 90=82, 99=96, 99.9=111, 99.99=117] [SCAN: Count=24554, Max=4935, Min=33, Avg=402.38, 90=570, 99=2347, 99.9=2893, 99.99=3259] 
2024-01-12 01:48:23:532 390 sec: 510721 operations; 2581.77 current ops/sec; est completion in 6 minutes [INSERT: Count=1294, Max=123, Min=11, Avg=41.51, 90=78, 99=96, 99.9=109, 99.99=123] [SCAN: Count=24538, Max=4159, Min=35, Avg=403.02, 90=587, 99=2227, 99.9=2949, 99.99=3513] 
2024-01-12 01:48:33:525 400 sec: 536963 operations; 2625.25 current ops/sec; est completion in 5 minutes [INSERT: Count=1271, Max=3667, Min=10, Avg=41.98, 90=75, 99=94, 99.9=127, 99.99=3667] [SCAN: Count=24970, Max=5171, Min=37, Avg=395.51, 90=567, 99=2293, 99.9=3059, 99.99=4131] 
2024-01-12 01:48:43:525 410 sec: 567874 operations; 3091.41 current ops/sec; est completion in 5 minutes [INSERT: Count=1568, Max=146, Min=8, Avg=34.47, 90=70, 99=83, 99.9=105, 99.99=146] [SCAN: Count=29339, Max=4171, Min=28, Avg=336.61, 90=509, 99=1547, 99.9=2767, 99.99=3151] 
2024-01-12 01:48:53:525 420 sec: 595583 operations; 2770.62 current ops/sec; est completion in 4 minutes [INSERT: Count=1420, Max=108, Min=9, Avg=36.56, 90=73, 99=88, 99.9=104, 99.99=108] [SCAN: Count=26289, Max=3413, Min=27, Avg=376.02, 90=544, 99=2265, 99.9=2861, 99.99=3255] 
2024-01-12 01:49:03:525 430 sec: 623876 operations; 2829.58 current ops/sec; est completion in 4 minutes [INSERT: Count=1382, Max=110, Min=10, Avg=36.88, 90=74, 99=87, 99.9=96, 99.99=110] [SCAN: Count=26911, Max=4323, Min=36, Avg=367.35, 90=533, 99=2125, 99.9=2871, 99.99=3283] 
2024-01-12 01:49:13:525 440 sec: 652444 operations; 2856.8 current ops/sec; est completion in 3 minutes [INSERT: Count=1380, Max=102, Min=10, Avg=37.71, 90=74, 99=88, 99.9=100, 99.99=102] [SCAN: Count=27188, Max=6875, Min=40, Avg=363.5, 90=532, 99=2069, 99.9=2751, 99.99=3003] 
2024-01-12 01:49:23:525 450 sec: 681432 operations; 2898.8 current ops/sec; est completion in 3 minutes [INSERT: Count=1465, Max=101, Min=11, Avg=39.32, 90=74, 99=87, 99.9=100, 99.99=101] [SCAN: Count=27523, Max=4407, Min=34, Avg=358.91, 90=525, 99=1973, 99.9=2779, 99.99=2999] 
2024-01-12 01:49:33:525 460 sec: 712618 operations; 3118.6 current ops/sec; est completion in 3 minutes [INSERT: Count=1559, Max=113, Min=11, Avg=39.4, 90=76, 99=95, 99.9=101, 99.99=113] [SCAN: Count=29626, Max=4783, Min=25, Avg=333, 90=493, 99=1339, 99.9=2507, 99.99=3131] 
2024-01-12 01:49:43:525 470 sec: 738526 operations; 2590.8 current ops/sec; est completion in 2 minutes [INSERT: Count=1388, Max=121, Min=11, Avg=43.59, 90=86, 99=104, 99.9=114, 99.99=121] [SCAN: Count=24522, Max=4827, Min=33, Avg=402.74, 90=538, 99=2059, 99.9=3155, 99.99=4235] 
2024-01-12 01:49:53:525 480 sec: 765544 operations; 2701.8 current ops/sec; est completion in 2 minutes [INSERT: Count=1404, Max=121, Min=12, Avg=42.53, 90=84, 99=100, 99.9=121, 99.99=121] [SCAN: Count=25613, Max=4219, Min=27, Avg=385.53, 90=546, 99=1927, 99.9=2905, 99.99=3913] 
2024-01-12 01:50:03:525 490 sec: 793354 operations; 2781 current ops/sec; est completion in 2 minutes [INSERT: Count=1425, Max=128, Min=11, Avg=42.69, 90=83, 99=101, 99.9=119, 99.99=128] [SCAN: Count=26386, Max=4223, Min=31, Avg=374.18, 90=536, 99=1905, 99.9=2683, 99.99=3623] 
2024-01-12 01:50:13:525 500 sec: 822803 operations; 2944.9 current ops/sec; est completion in 1 minute [INSERT: Count=1501, Max=136, Min=11, Avg=40.18, 90=80, 99=99, 99.9=111, 99.99=136] [SCAN: Count=27948, Max=3979, Min=30, Avg=353.16, 90=524, 99=1311, 99.9=2625, 99.99=2927] 
2024-01-12 01:50:23:525 510 sec: 854970 operations; 3216.7 current ops/sec; est completion in 1 minute [INSERT: Count=1536, Max=111, Min=10, Avg=37.74, 90=79, 99=94, 99.9=107, 99.99=111] [SCAN: Count=30630, Max=3707, Min=31, Avg=322.23, 90=487, 99=730, 99.9=2411, 99.99=3175] 
2024-01-12 01:50:33:525 520 sec: 884696 operations; 2972.6 current ops/sec; est completion in 1 minute [INSERT: Count=1421, Max=1675, Min=12, Avg=44.38, 90=84, 99=111, 99.9=1671, 99.99=1675] [SCAN: Count=28306, Max=4539, Min=38, Avg=348.6, 90=519, 99=1317, 99.9=2717, 99.99=3321] 
2024-01-12 01:50:43:525 530 sec: 914881 operations; 3018.5 current ops/sec; est completion in 50 seconds [INSERT: Count=1547, Max=1608, Min=11, Avg=43.75, 90=84, 99=103, 99.9=162, 99.99=1608] [SCAN: Count=28638, Max=4367, Min=25, Avg=344.42, 90=515, 99=918, 99.9=2561, 99.99=3757] 
2024-01-12 01:50:53:525 540 sec: 944923 operations; 3004.2 current ops/sec; est completion in 32 seconds [INSERT: Count=1547, Max=1674, Min=9, Avg=42.93, 90=81, 99=101, 99.9=128, 99.99=1674] [SCAN: Count=28495, Max=14599, Min=32, Avg=346.14, 90=514, 99=906, 99.9=2567, 99.99=3219] 
2024-01-12 01:51:03:525 550 sec: 975322 operations; 3039.9 current ops/sec; est completion in 14 seconds [INSERT: Count=1509, Max=1574, Min=11, Avg=40.16, 90=80, 99=99, 99.9=110, 99.99=1574] [SCAN: Count=28891, Max=4303, Min=36, Avg=341.66, 90=511, 99=808, 99.9=2557, 99.99=3031] 
2024-01-12 01:51:10:798 557 sec: 1000000 operations; 3392.63 current ops/sec; [CLEANUP: Count=1, Max=71359, Min=71296, Avg=71328, 90=71359, 99=71359, 99.9=71359, 99.99=71359] [INSERT: Count=1193, Max=1596, Min=9, Avg=38.6, 90=75, 99=89, 99.9=126, 99.99=1596] [SCAN: Count=23482, Max=4811, Min=24, Avg=302.15, 90=460, 99=607, 99.9=2117, 99.99=3699] 
