[WARN]  Running against a source checkout. In order to get our runtime dependencies we'll have to invoke Maven. Depending on the state of your system, this may take ~30-45 seconds
[DEBUG]  Running 'mvn -pl site.ycsb:rocksdb-binding -am package -DskipTests dependency:build-classpath -DincludeScope=compile -Dmdep.outputFilterFile=true'
java -cp /home/user/src/rocksdb-cheops-2024/ycsb/rocksdb/conf:/home/user/src/rocksdb-cheops-2024/ycsb/rocksdb/target/rocksdb-binding-0.18.0-SNAPSHOT.jar:/root/.m2/repository/org/apache/htrace/htrace-core4/4.1.0-incubating/htrace-core4-4.1.0-incubating.jar:/root/.m2/repository/org/slf4j/slf4j-api/1.7.25/slf4j-api-1.7.25.jar:/home/user/src/rocksdb-cheops-2024/rocksdb-ycsb/java/target/rocksdbjni-7.4.3-linux64.jar:/root/.m2/repository/net/jcip/jcip-annotations/1.0/jcip-annotations-1.0.jar:/root/.m2/repository/org/hdrhistogram/HdrHistogram/2.1.4/HdrHistogram-2.1.4.jar:/root/.m2/repository/org/codehaus/jackson/jackson-mapper-asl/1.9.4/jackson-mapper-asl-1.9.4.jar:/lib/libzbd.so.1:/root/.m2/repository/org/codehaus/jackson/jackson-core-asl/1.9.4/jackson-core-asl-1.9.4.jar:/home/user/src/rocksdb-cheops-2024/rocksdb-ycsb/java/target/librocksdbjni-linux64.so:/home/user/src/rocksdb-cheops-2024/ycsb/core/target/core-0.18.0-SNAPSHOT.jar site.ycsb.Client -db site.ycsb.db.rocksdb.RocksDBClient -s -P ./workloads/workloadd -p recordcount=5242880 -p operationcount=1000000 -p fieldlength=386 -p fieldcount=10 -load
Command line: -db site.ycsb.db.rocksdb.RocksDBClient -s -P ./workloads/workloadd -p recordcount=5242880 -p operationcount=1000000 -p fieldlength=386 -p fieldcount=10 -load
YCSB Client 0.18.0-SNAPSHOT

Loading workload...
Starting test.
SLF4J: Failed to load class "org.slf4j.impl.StaticLoggerBinder".
SLF4J: Defaulting to no-operation (NOP) logger implementation
SLF4J: See http://www.slf4j.org/codes.html#StaticLoggerBinder for further details.
2024-01-13 02:33:12:978 0 sec: 0 operations; est completion in 0 second 
Leet YCSB 
DBWrapper: report latency for each error is false and specific error codes to track for latency are: []
2024-01-13 02:33:22:943 10 sec: 13765 operations; 1376.09 current ops/sec; est completion in 1 hour 3 minutes [INSERT: Count=13769, Max=12711, Min=19, Avg=536.6, 90=546, 99=576, 99.9=701, 99.99=3389] 
2024-01-13 02:33:32:941 20 sec: 32202 operations; 1844.25 current ops/sec; est completion in 53 minutes [INSERT: Count=18435, Max=3199, Min=31, Avg=538.51, 90=550, 99=564, 99.9=593, 99.99=2795] 
2024-01-13 02:33:42:941 30 sec: 50421 operations; 1821.9 current ops/sec; est completion in 51 minutes [INSERT: Count=18218, Max=7383, Min=23, Avg=545.43, 90=559, 99=598, 99.9=2631, 99.99=3287] 
2024-01-13 02:33:52:941 40 sec: 69083 operations; 1866.2 current ops/sec; est completion in 49 minutes [INSERT: Count=18662, Max=3051, Min=22, Avg=533.14, 90=547, 99=559, 99.9=578, 99.99=2801] 
2024-01-13 02:34:02:941 50 sec: 87616 operations; 1853.3 current ops/sec; est completion in 49 minutes [INSERT: Count=18533, Max=7887, Min=22, Avg=537.11, 90=550, 99=562, 99.9=644, 99.99=3017] 
2024-01-13 02:34:12:941 60 sec: 106236 operations; 1862 current ops/sec; est completion in 48 minutes [INSERT: Count=18620, Max=1592, Min=22, Avg=534.66, 90=549, 99=559, 99.9=573, 99.99=1427] 
2024-01-13 02:34:22:941 70 sec: 124933 operations; 1869.7 current ops/sec; est completion in 47 minutes [INSERT: Count=18697, Max=6991, Min=21, Avg=532.7, 90=547, 99=557, 99.9=573, 99.99=971] 
2024-01-13 02:34:32:941 80 sec: 143738 operations; 1880.5 current ops/sec; est completion in 47 minutes [INSERT: Count=18805, Max=2117, Min=22, Avg=529.84, 90=540, 99=553, 99.9=567, 99.99=735] 
2024-01-13 02:34:42:941 90 sec: 162538 operations; 1880 current ops/sec; est completion in 46 minutes [INSERT: Count=18800, Max=695, Min=20, Avg=530.1, 90=540, 99=552, 99.9=562, 99.99=609] 
2024-01-13 02:34:52:941 100 sec: 181317 operations; 1877.9 current ops/sec; est completion in 46 minutes [INSERT: Count=18779, Max=5783, Min=20, Avg=530.62, 90=540, 99=552, 99.9=586, 99.99=1205] 
2024-01-13 02:35:02:941 110 sec: 199694 operations; 1837.7 current ops/sec; est completion in 46 minutes [INSERT: Count=18376, Max=2201, Min=21, Avg=541.92, 90=595, 99=617, 99.9=653, 99.99=2137] 
2024-01-13 02:35:12:941 120 sec: 216720 operations; 1702.6 current ops/sec; est completion in 46 minutes [INSERT: Count=17026, Max=5859, Min=26, Avg=584.25, 90=606, 99=632, 99.9=1950, 99.99=2123] 
2024-01-13 02:35:22:941 130 sec: 233679 operations; 1695.9 current ops/sec; est completion in 46 minutes [INSERT: Count=16960, Max=3023, Min=26, Avg=586.72, 90=607, 99=634, 99.9=1980, 99.99=2233] 
2024-01-13 02:35:32:941 140 sec: 250684 operations; 1700.5 current ops/sec; est completion in 46 minutes [INSERT: Count=17005, Max=5951, Min=26, Avg=584.77, 90=606, 99=630, 99.9=1969, 99.99=2163] 
2024-01-13 02:35:42:941 150 sec: 267680 operations; 1699.6 current ops/sec; est completion in 46 minutes [INSERT: Count=16996, Max=5647, Min=25, Avg=585.3, 90=607, 99=631, 99.9=1939, 99.99=2091] 
2024-01-13 02:35:52:941 160 sec: 284444 operations; 1676.4 current ops/sec; est completion in 46 minutes [INSERT: Count=16764, Max=3327, Min=25, Avg=593.43, 90=609, 99=644, 99.9=2040, 99.99=3219] 
2024-01-13 02:36:02:941 170 sec: 301137 operations; 1669.3 current ops/sec; est completion in 46 minutes [INSERT: Count=16693, Max=5931, Min=26, Avg=596.07, 90=612, 99=652, 99.9=2030, 99.99=3183] 
2024-01-13 02:36:12:941 180 sec: 318157 operations; 1702 current ops/sec; est completion in 46 minutes [INSERT: Count=17020, Max=10087, Min=27, Avg=584.56, 90=610, 99=633, 99.9=699, 99.99=2167] 
2024-01-13 02:36:22:941 190 sec: 335185 operations; 1702.8 current ops/sec; est completion in 46 minutes [INSERT: Count=17028, Max=5951, Min=28, Avg=584.26, 90=610, 99=634, 99.9=670, 99.99=2207] 
2024-01-13 02:36:32:941 200 sec: 352196 operations; 1701.1 current ops/sec; est completion in 46 minutes [INSERT: Count=17011, Max=9255, Min=28, Avg=584.67, 90=608, 99=631, 99.9=680, 99.99=8083] 
2024-01-13 02:36:42:941 210 sec: 369205 operations; 1700.9 current ops/sec; est completion in 46 minutes [INSERT: Count=17009, Max=7927, Min=25, Avg=584.92, 90=609, 99=633, 99.9=749, 99.99=6995] 
2024-01-13 02:36:52:941 220 sec: 386241 operations; 1703.6 current ops/sec; est completion in 46 minutes [INSERT: Count=17036, Max=4227, Min=27, Avg=584.03, 90=609, 99=631, 99.9=675, 99.99=3071] 
2024-01-13 02:37:02:941 230 sec: 403638 operations; 1739.7 current ops/sec; est completion in 45 minutes [INSERT: Count=17397, Max=3375, Min=24, Avg=572.08, 90=606, 99=628, 99.9=749, 99.99=3239] 
2024-01-13 02:37:12:941 240 sec: 421747 operations; 1810.9 current ops/sec; est completion in 45 minutes [INSERT: Count=18109, Max=5743, Min=23, Avg=549.91, 90=598, 99=616, 99.9=712, 99.99=3367] 
2024-01-13 02:37:22:941 250 sec: 440459 operations; 1871.2 current ops/sec; est completion in 45 minutes [INSERT: Count=18712, Max=3297, Min=23, Avg=532.48, 90=541, 99=595, 99.9=633, 99.99=3173] 
2024-01-13 02:37:32:941 260 sec: 459257 operations; 1879.8 current ops/sec; est completion in 45 minutes [INSERT: Count=18798, Max=5627, Min=22, Avg=530.12, 90=540, 99=550, 99.9=571, 99.99=1668] 
2024-01-13 02:37:42:941 270 sec: 477184 operations; 1792.7 current ops/sec; est completion in 44 minutes [INSERT: Count=17927, Max=3215, Min=23, Avg=555.44, 90=603, 99=623, 99.9=678, 99.99=3007] 
2024-01-13 02:37:52:941 280 sec: 495622 operations; 1843.8 current ops/sec; est completion in 44 minutes [INSERT: Count=18438, Max=5795, Min=24, Avg=540.25, 90=558, 99=609, 99.9=722, 99.99=3135] 
2024-01-13 02:38:02:941 290 sec: 512940 operations; 1731.8 current ops/sec; est completion in 44 minutes [INSERT: Count=17318, Max=3199, Min=26, Avg=574.65, 90=604, 99=626, 99.9=672, 99.99=3165] 
2024-01-13 02:38:12:941 300 sec: 531297 operations; 1835.7 current ops/sec; est completion in 44 minutes [INSERT: Count=18358, Max=9367, Min=23, Avg=542.48, 90=554, 99=608, 99.9=776, 99.99=1901] 
2024-01-13 02:38:22:941 310 sec: 548674 operations; 1737.53 current ops/sec; est completion in 44 minutes [INSERT: Count=17376, Max=4579, Min=22, Avg=572.18, 90=613, 99=634, 99.9=686, 99.99=2323] 
2024-01-13 02:38:32:941 320 sec: 567418 operations; 1874.59 current ops/sec; est completion in 43 minutes [INSERT: Count=18745, Max=2235, Min=19, Avg=531.2, 90=545, 99=555, 99.9=574, 99.99=1982] 
2024-01-13 02:38:42:941 330 sec: 585900 operations; 1848.2 current ops/sec; est completion in 43 minutes [INSERT: Count=18481, Max=31183, Min=22, Avg=538.52, 90=552, 99=594, 99.9=665, 99.99=1787] 
2024-01-13 02:38:52:941 340 sec: 603010 operations; 1711 current ops/sec; est completion in 43 minutes [INSERT: Count=17110, Max=2413, Min=23, Avg=580.95, 90=621, 99=643, 99.9=1286, 99.99=2147] 
2024-01-13 02:39:02:941 350 sec: 620098 operations; 1708.8 current ops/sec; est completion in 43 minutes [INSERT: Count=17088, Max=8551, Min=22, Avg=581.89, 90=614, 99=636, 99.9=670, 99.99=2173] 
2024-01-13 02:39:12:941 360 sec: 637265 operations; 1716.7 current ops/sec; est completion in 43 minutes [INSERT: Count=17166, Max=2129, Min=24, Avg=579.4, 90=605, 99=630, 99.9=657, 99.99=2117] 
2024-01-13 02:39:22:941 370 sec: 654393 operations; 1712.8 current ops/sec; est completion in 43 minutes [INSERT: Count=17129, Max=2237, Min=25, Avg=580.8, 90=606, 99=629, 99.9=682, 99.99=2069] 
2024-01-13 02:39:32:941 380 sec: 671547 operations; 1715.4 current ops/sec; est completion in 43 minutes [INSERT: Count=17154, Max=2197, Min=26, Avg=579.88, 90=606, 99=627, 99.9=656, 99.99=2147] 
2024-01-13 02:39:42:941 390 sec: 688699 operations; 1715.2 current ops/sec; est completion in 42 minutes [INSERT: Count=17152, Max=1965, Min=25, Avg=579.98, 90=605, 99=629, 99.9=650, 99.99=1907] 
2024-01-13 02:39:52:941 400 sec: 705907 operations; 1720.8 current ops/sec; est completion in 42 minutes [INSERT: Count=17207, Max=2327, Min=23, Avg=578.17, 90=603, 99=625, 99.9=648, 99.99=690] 
2024-01-13 02:40:02:941 410 sec: 723010 operations; 1710.3 current ops/sec; est completion in 42 minutes [INSERT: Count=17104, Max=2305, Min=23, Avg=581.73, 90=606, 99=630, 99.9=654, 99.99=2049] 
2024-01-13 02:40:12:941 420 sec: 740139 operations; 1712.9 current ops/sec; est completion in 42 minutes [INSERT: Count=17129, Max=2145, Min=25, Avg=580.95, 90=606, 99=630, 99.9=658, 99.99=2119] 
2024-01-13 02:40:22:941 430 sec: 757381 operations; 1724.2 current ops/sec; est completion in 42 minutes [INSERT: Count=17242, Max=2429, Min=27, Avg=577.06, 90=601, 99=622, 99.9=646, 99.99=2111] 
2024-01-13 02:40:32:941 440 sec: 774516 operations; 1713.5 current ops/sec; est completion in 42 minutes [INSERT: Count=17134, Max=2325, Min=25, Avg=580.66, 90=607, 99=629, 99.9=1840, 99.99=2207] 
2024-01-13 02:40:42:941 450 sec: 791706 operations; 1719 current ops/sec; est completion in 42 minutes [INSERT: Count=17191, Max=1158, Min=26, Avg=578.8, 90=607, 99=631, 99.9=663, 99.99=763] 
2024-01-13 02:40:52:941 460 sec: 808887 operations; 1718.1 current ops/sec; est completion in 42 minutes [INSERT: Count=17181, Max=3175, Min=24, Avg=579.03, 90=604, 99=626, 99.9=662, 99.99=2161] 
2024-01-13 02:41:02:941 470 sec: 825903 operations; 1701.6 current ops/sec; est completion in 41 minutes [INSERT: Count=17015, Max=7619, Min=24, Avg=584.75, 90=603, 99=627, 99.9=1992, 99.99=7127] 
2024-01-13 02:41:12:941 480 sec: 843057 operations; 1715.4 current ops/sec; est completion in 41 minutes [INSERT: Count=17154, Max=6091, Min=22, Avg=580.05, 90=601, 99=623, 99.9=738, 99.99=3881] 
2024-01-13 02:41:22:941 490 sec: 860196 operations; 1713.9 current ops/sec; est completion in 41 minutes [INSERT: Count=17140, Max=3131, Min=26, Avg=580.48, 90=601, 99=625, 99.9=770, 99.99=3121] 
2024-01-13 02:41:32:941 500 sec: 877392 operations; 1719.6 current ops/sec; est completion in 41 minutes [INSERT: Count=17196, Max=3145, Min=26, Avg=578.62, 90=599, 99=621, 99.9=689, 99.99=3125] 
2024-01-13 02:41:42:941 510 sec: 894593 operations; 1720.1 current ops/sec; est completion in 41 minutes [INSERT: Count=17201, Max=4691, Min=22, Avg=578.39, 90=599, 99=622, 99.9=727, 99.99=3177] 
2024-01-13 02:41:52:941 520 sec: 912020 operations; 1742.53 current ops/sec; est completion in 41 minutes [INSERT: Count=17427, Max=2281, Min=20, Avg=571.03, 90=600, 99=628, 99.9=960, 99.99=2171] 
2024-01-13 02:42:02:941 530 sec: 929112 operations; 1709.2 current ops/sec; est completion in 41 minutes [INSERT: Count=17092, Max=2393, Min=24, Avg=581.32, 90=621, 99=640, 99.9=766, 99.99=2165] 
2024-01-13 02:42:12:941 540 sec: 946250 operations; 1713.97 current ops/sec; est completion in 40 minutes [INSERT: Count=17138, Max=3183, Min=25, Avg=579.78, 90=621, 99=644, 99.9=927, 99.99=2251] 
2024-01-13 02:42:22:941 550 sec: 963238 operations; 1698.8 current ops/sec; est completion in 40 minutes [INSERT: Count=16988, Max=2877, Min=25, Avg=584.95, 90=624, 99=650, 99.9=1881, 99.99=2141] 
2024-01-13 02:42:32:941 560 sec: 980972 operations; 1773.4 current ops/sec; est completion in 40 minutes [INSERT: Count=17734, Max=4051, Min=23, Avg=561.11, 90=610, 99=641, 99.9=1858, 99.99=2133] 
2024-01-13 02:42:42:941 570 sec: 999684 operations; 1871.2 current ops/sec; est completion in 40 minutes [INSERT: Count=18712, Max=873, Min=24, Avg=532.37, 90=547, 99=557, 99.9=570, 99.99=640] 
2024-01-13 02:42:52:941 580 sec: 1018446 operations; 1876.2 current ops/sec; est completion in 40 minutes [INSERT: Count=18762, Max=2127, Min=23, Avg=531.07, 90=542, 99=554, 99.9=567, 99.99=601] 
2024-01-13 02:43:02:941 590 sec: 1036451 operations; 1800.5 current ops/sec; est completion in 39 minutes [INSERT: Count=18005, Max=2865, Min=23, Avg=553.07, 90=604, 99=624, 99.9=688, 99.99=2155] 
2024-01-13 02:43:12:941 600 sec: 1053948 operations; 1749.7 current ops/sec; est completion in 39 minutes [INSERT: Count=17497, Max=2947, Min=23, Avg=568.85, 90=610, 99=633, 99.9=1730, 99.99=2095] 
2024-01-13 02:43:22:941 610 sec: 1064133 operations; 1018.5 current ops/sec; est completion in 39 minutes [INSERT: Count=10184, Max=2525, Min=21, Avg=978.75, 90=1754, 99=2435, 99.9=2487, 99.99=2517] 
2024-01-13 02:43:32:941 620 sec: 1077188 operations; 1305.5 current ops/sec; est completion in 39 minutes [INSERT: Count=13056, Max=3483, Min=20, Avg=762.73, 90=1445, 99=2409, 99.9=2509, 99.99=3269] 
2024-01-13 02:43:42:941 630 sec: 1094790 operations; 1760.2 current ops/sec; est completion in 39 minutes [INSERT: Count=17602, Max=888, Min=21, Avg=565.21, 90=580, 99=602, 99.9=622, 99.99=826] 
2024-01-13 02:43:52:941 640 sec: 1112334 operations; 1754.4 current ops/sec; est completion in 39 minutes [INSERT: Count=17543, Max=18015, Min=21, Avg=567, 90=581, 99=602, 99.9=617, 99.99=732] 
2024-01-13 02:44:02:941 650 sec: 1129898 operations; 1756.4 current ops/sec; est completion in 39 minutes [INSERT: Count=17565, Max=1144, Min=21, Avg=566.32, 90=581, 99=603, 99.9=625, 99.99=729] 
2024-01-13 02:44:12:941 660 sec: 1147413 operations; 1751.5 current ops/sec; est completion in 39 minutes [INSERT: Count=17514, Max=2197, Min=21, Avg=568.06, 90=585, 99=606, 99.9=643, 99.99=1752] 
2024-01-13 02:44:22:941 670 sec: 1165551 operations; 1813.8 current ops/sec; est completion in 39 minutes [INSERT: Count=18139, Max=1442, Min=20, Avg=548.93, 90=586, 99=608, 99.9=669, 99.99=1153] 
2024-01-13 02:44:32:941 680 sec: 1184066 operations; 1851.5 current ops/sec; est completion in 38 minutes [INSERT: Count=18515, Max=2247, Min=19, Avg=537.89, 90=582, 99=607, 99.9=628, 99.99=946] 
2024-01-13 02:44:42:941 690 sec: 1203084 operations; 1901.8 current ops/sec; est completion in 38 minutes [INSERT: Count=19018, Max=3665, Min=19, Avg=524.02, 90=533, 99=586, 99.9=613, 99.99=903] 
2024-01-13 02:44:52:941 700 sec: 1221738 operations; 1865.4 current ops/sec; est completion in 38 minutes [INSERT: Count=18654, Max=6447, Min=19, Avg=534.09, 90=581, 99=594, 99.9=645, 99.99=4247] 
2024-01-13 02:45:02:941 710 sec: 1240825 operations; 1908.7 current ops/sec; est completion in 38 minutes [INSERT: Count=19087, Max=4639, Min=19, Avg=522.19, 90=529, 99=540, 99.9=550, 99.99=4029] 
2024-01-13 02:45:12:941 720 sec: 1259796 operations; 1897.1 current ops/sec; est completion in 37 minutes [INSERT: Count=18970, Max=3353, Min=19, Avg=525.35, 90=532, 99=584, 99.9=616, 99.99=3163] 
2024-01-13 02:45:22:941 730 sec: 1278416 operations; 1862 current ops/sec; est completion in 37 minutes [INSERT: Count=18620, Max=3159, Min=18, Avg=535.02, 90=581, 99=593, 99.9=633, 99.99=3025] 
2024-01-13 02:45:32:941 740 sec: 1297490 operations; 1907.4 current ops/sec; est completion in 37 minutes [INSERT: Count=19074, Max=3115, Min=19, Avg=522.56, 90=530, 99=541, 99.9=553, 99.99=2917] 
2024-01-13 02:45:42:941 750 sec: 1316446 operations; 1895.6 current ops/sec; est completion in 37 minutes [INSERT: Count=18957, Max=3109, Min=19, Avg=525.74, 90=532, 99=583, 99.9=627, 99.99=3041] 
2024-01-13 02:45:52:941 760 sec: 1335535 operations; 1908.9 current ops/sec; est completion in 37 minutes [INSERT: Count=19089, Max=3057, Min=19, Avg=522.13, 90=529, 99=540, 99.9=562, 99.99=2895] 
2024-01-13 02:46:02:941 770 sec: 1353320 operations; 1778.5 current ops/sec; est completion in 36 minutes [INSERT: Count=17784, Max=2973, Min=19, Avg=559.64, 90=588, 99=610, 99.9=646, 99.99=2131] 
2024-01-13 02:46:12:941 780 sec: 1372057 operations; 1873.51 current ops/sec; est completion in 36 minutes [INSERT: Count=18738, Max=2889, Min=20, Avg=531.68, 90=561, 99=597, 99.9=625, 99.99=2225] 
2024-01-13 02:46:22:941 790 sec: 1390858 operations; 1880.29 current ops/sec; est completion in 36 minutes [INSERT: Count=18801, Max=8575, Min=20, Avg=529.71, 90=543, 99=553, 99.9=570, 99.99=2301] 
2024-01-13 02:46:32:941 800 sec: 1409700 operations; 1884.2 current ops/sec; est completion in 36 minutes [INSERT: Count=18841, Max=2397, Min=19, Avg=528.66, 90=543, 99=551, 99.9=565, 99.99=2001] 
2024-01-13 02:46:42:941 810 sec: 1428298 operations; 1859.8 current ops/sec; est completion in 36 minutes [INSERT: Count=18599, Max=4091, Min=19, Avg=535.47, 90=561, 99=612, 99.9=669, 99.99=2061] 
2024-01-13 02:46:52:941 820 sec: 1447074 operations; 1877.6 current ops/sec; est completion in 35 minutes [INSERT: Count=18776, Max=1680, Min=20, Avg=530.48, 90=545, 99=555, 99.9=568, 99.99=1421] 
2024-01-13 02:47:02:941 830 sec: 1465605 operations; 1853.1 current ops/sec; est completion in 35 minutes [INSERT: Count=18531, Max=2317, Min=20, Avg=537.54, 90=582, 99=610, 99.9=638, 99.99=1372] 
2024-01-13 02:47:12:941 840 sec: 1482893 operations; 1728.8 current ops/sec; est completion in 35 minutes [INSERT: Count=17287, Max=2167, Min=24, Avg=575.52, 90=601, 99=622, 99.9=648, 99.99=2137] 
2024-01-13 02:47:22:941 850 sec: 1501067 operations; 1817.4 current ops/sec; est completion in 35 minutes [INSERT: Count=18174, Max=2161, Min=20, Avg=547.98, 90=592, 99=611, 99.9=643, 99.99=1885] 
2024-01-13 02:47:32:941 860 sec: 1518407 operations; 1734 current ops/sec; est completion in 35 minutes [INSERT: Count=17340, Max=2301, Min=23, Avg=573.82, 90=596, 99=617, 99.9=719, 99.99=2065] 
2024-01-13 02:47:42:941 870 sec: 1536690 operations; 1828.3 current ops/sec; est completion in 34 minutes [INSERT: Count=18284, Max=3233, Min=20, Avg=544.81, 90=591, 99=612, 99.9=1886, 99.99=2147] 
2024-01-13 02:47:52:941 880 sec: 1555255 operations; 1856.5 current ops/sec; est completion in 34 minutes [INSERT: Count=18565, Max=2121, Min=20, Avg=536.64, 90=587, 99=605, 99.9=628, 99.99=760] 
2024-01-13 02:48:02:941 890 sec: 1573370 operations; 1811.5 current ops/sec; est completion in 34 minutes [INSERT: Count=18114, Max=799, Min=20, Avg=549.76, 90=593, 99=613, 99.9=632, 99.99=710] 
2024-01-13 02:48:12:941 900 sec: 1591516 operations; 1814.6 current ops/sec; est completion in 34 minutes [INSERT: Count=18146, Max=2149, Min=17, Avg=548.72, 90=587, 99=606, 99.9=625, 99.99=1076] 
2024-01-13 02:48:22:941 910 sec: 1610662 operations; 1914.6 current ops/sec; est completion in 34 minutes [INSERT: Count=19146, Max=675, Min=18, Avg=520.59, 90=529, 99=542, 99.9=584, 99.99=641] 
2024-01-13 02:48:32:941 920 sec: 1629782 operations; 1912 current ops/sec; est completion in 34 minutes [INSERT: Count=19121, Max=1894, Min=18, Avg=521.27, 90=529, 99=540, 99.9=548, 99.99=599] 
2024-01-13 02:48:42:941 930 sec: 1648895 operations; 1911.3 current ops/sec; est completion in 33 minutes [INSERT: Count=19113, Max=625, Min=18, Avg=521.49, 90=530, 99=540, 99.9=548, 99.99=574] 
2024-01-13 02:48:52:941 940 sec: 1667939 operations; 1904.4 current ops/sec; est completion in 33 minutes [INSERT: Count=19044, Max=3539, Min=18, Avg=523.34, 90=531, 99=583, 99.9=602, 99.99=802] 
2024-01-13 02:49:02:941 950 sec: 1686954 operations; 1901.5 current ops/sec; est completion in 33 minutes [INSERT: Count=19014, Max=968, Min=19, Avg=524.09, 90=532, 99=585, 99.9=602, 99.99=699] 
2024-01-13 02:49:12:941 960 sec: 1705755 operations; 1880.1 current ops/sec; est completion in 33 minutes [INSERT: Count=18802, Max=2006, Min=19, Avg=529.97, 90=574, 99=593, 99.9=620, 99.99=862] 
2024-01-13 02:49:22:941 970 sec: 1723729 operations; 1797.4 current ops/sec; est completion in 33 minutes [INSERT: Count=17974, Max=1234, Min=19, Avg=553.92, 90=590, 99=612, 99.9=633, 99.99=863] 
2024-01-13 02:49:32:941 980 sec: 1741173 operations; 1744.4 current ops/sec; est completion in 32 minutes [INSERT: Count=17444, Max=799, Min=23, Avg=570.5, 90=592, 99=613, 99.9=625, 99.99=648] 
2024-01-13 02:49:42:941 990 sec: 1758548 operations; 1737.5 current ops/sec; est completion in 32 minutes [INSERT: Count=17374, Max=2969, Min=23, Avg=572.76, 90=592, 99=615, 99.9=716, 99.99=2413] 
2024-01-13 02:49:52:941 1000 sec: 1776540 operations; 1799.2 current ops/sec; est completion in 32 minutes [INSERT: Count=17993, Max=3987, Min=19, Avg=553.47, 90=592, 99=611, 99.9=1898, 99.99=3375] 
2024-01-13 02:50:02:941 1010 sec: 1794091 operations; 1755.1 current ops/sec; est completion in 32 minutes [INSERT: Count=17550, Max=17231, Min=22, Avg=567.17, 90=594, 99=614, 99.9=2016, 99.99=3809] 
2024-01-13 02:50:12:941 1020 sec: 1811316 operations; 1722.5 current ops/sec; est completion in 32 minutes [INSERT: Count=17226, Max=3269, Min=23, Avg=577.78, 90=595, 99=618, 99.9=2040, 99.99=3105] 
2024-01-13 02:50:22:941 1030 sec: 1828606 operations; 1729 current ops/sec; est completion in 32 minutes [INSERT: Count=17289, Max=16359, Min=22, Avg=575.57, 90=594, 99=615, 99.9=1942, 99.99=3161] 
2024-01-13 02:50:32:941 1040 sec: 1846832 operations; 1822.6 current ops/sec; est completion in 31 minutes [INSERT: Count=18227, Max=3121, Min=20, Avg=546.46, 90=591, 99=605, 99.9=628, 99.99=2985] 
2024-01-13 02:50:42:941 1050 sec: 1865500 operations; 1866.8 current ops/sec; est completion in 31 minutes [INSERT: Count=18667, Max=3151, Min=19, Avg=533.58, 90=566, 99=591, 99.9=640, 99.99=2987] 
2024-01-13 02:50:52:941 1060 sec: 1883708 operations; 1820.8 current ops/sec; est completion in 31 minutes [INSERT: Count=18209, Max=2049, Min=21, Avg=546.83, 90=584, 99=600, 99.9=627, 99.99=1919] 
2024-01-13 02:51:02:941 1070 sec: 1901326 operations; 1761.8 current ops/sec; est completion in 31 minutes [INSERT: Count=17618, Max=2369, Min=22, Avg=564.86, 90=590, 99=616, 99.9=701, 99.99=2151] 
2024-01-13 02:51:12:941 1080 sec: 1919552 operations; 1822.42 current ops/sec; est completion in 31 minutes [INSERT: Count=18226, Max=5383, Min=19, Avg=546.1, 90=598, 99=627, 99.9=698, 99.99=2171] 
2024-01-13 02:51:22:941 1090 sec: 1937167 operations; 1761.68 current ops/sec; est completion in 31 minutes [INSERT: Count=17614, Max=2115, Min=20, Avg=564.59, 90=610, 99=631, 99.9=653, 99.99=2051] 
2024-01-13 02:51:32:941 1100 sec: 1954986 operations; 1781.9 current ops/sec; est completion in 30 minutes [INSERT: Count=17820, Max=4567, Min=20, Avg=558.27, 90=605, 99=627, 99.9=770, 99.99=2179] 
2024-01-13 02:51:42:941 1110 sec: 1972025 operations; 1703.9 current ops/sec; est completion in 30 minutes [INSERT: Count=17039, Max=2989, Min=22, Avg=583.47, 90=613, 99=637, 99.9=1927, 99.99=2837] 
2024-01-13 02:51:52:941 1120 sec: 1989190 operations; 1716.5 current ops/sec; est completion in 30 minutes [INSERT: Count=17165, Max=5651, Min=23, Avg=579.35, 90=614, 99=641, 99.9=1945, 99.99=2941] 
2024-01-13 02:52:02:941 1130 sec: 2006932 operations; 1774.2 current ops/sec; est completion in 30 minutes [INSERT: Count=17741, Max=2205, Min=21, Avg=560.97, 90=600, 99=625, 99.9=831, 99.99=2177] 
2024-01-13 02:52:12:941 1140 sec: 2024140 operations; 1720.8 current ops/sec; est completion in 30 minutes [INSERT: Count=17208, Max=3433, Min=24, Avg=578.31, 90=603, 99=625, 99.9=662, 99.99=2107] 
2024-01-13 02:52:22:941 1150 sec: 2041873 operations; 1773.3 current ops/sec; est completion in 30 minutes [INSERT: Count=17734, Max=3881, Min=21, Avg=561.4, 90=597, 99=618, 99.9=644, 99.99=2151] 
2024-01-13 02:52:32:941 1160 sec: 2060364 operations; 1849.1 current ops/sec; est completion in 29 minutes [INSERT: Count=18490, Max=2155, Min=19, Avg=538.76, 90=590, 99=608, 99.9=627, 99.99=791] 
2024-01-13 02:52:42:941 1170 sec: 2078809 operations; 1844.5 current ops/sec; est completion in 29 minutes [INSERT: Count=18446, Max=2455, Min=20, Avg=540.03, 90=591, 99=609, 99.9=633, 99.99=975] 
2024-01-13 02:52:52:941 1180 sec: 2097417 operations; 1860.8 current ops/sec; est completion in 29 minutes [INSERT: Count=18608, Max=2175, Min=19, Avg=535.39, 90=586, 99=605, 99.9=628, 99.99=727] 
2024-01-13 02:53:02:941 1190 sec: 2113941 operations; 1652.4 current ops/sec; est completion in 29 minutes [INSERT: Count=16523, Max=2703, Min=18, Avg=603.22, 90=557, 99=1872, 99.9=2439, 99.99=2471] 
2024-01-13 02:53:12:941 1200 sec: 2123067 operations; 912.6 current ops/sec; est completion in 29 minutes [INSERT: Count=9126, Max=3855, Min=20, Avg=1092.28, 90=1793, 99=2407, 99.9=2479, 99.99=3003] 
2024-01-13 02:53:22:941 1210 sec: 2134326 operations; 1125.9 current ops/sec; est completion in 29 minutes [INSERT: Count=11260, Max=4003, Min=19, Avg=885.5, 90=1925, 99=2485, 99.9=2581, 99.99=3067] 
2024-01-13 02:53:32:941 1220 sec: 2145835 operations; 1150.9 current ops/sec; est completion in 29 minutes [INSERT: Count=11509, Max=2995, Min=20, Avg=866.26, 90=1686, 99=2399, 99.9=2571, 99.99=2901] 
2024-01-13 02:53:42:941 1230 sec: 2157746 operations; 1191.1 current ops/sec; est completion in 29 minutes [INSERT: Count=11911, Max=3079, Min=19, Avg=837, 90=1563, 99=2469, 99.9=2579, 99.99=2733] 
2024-01-13 02:53:52:941 1240 sec: 2170077 operations; 1233.1 current ops/sec; est completion in 29 minutes [INSERT: Count=12330, Max=3213, Min=20, Avg=808.53, 90=1557, 99=2371, 99.9=2531, 99.99=3151] 
2024-01-13 02:54:02:941 1250 sec: 2183654 operations; 1357.7 current ops/sec; est completion in 29 minutes [INSERT: Count=13577, Max=3211, Min=22, Avg=734.12, 90=1383, 99=2427, 99.9=2561, 99.99=3119] 
2024-01-13 02:54:12:941 1260 sec: 2201188 operations; 1753.22 current ops/sec; est completion in 29 minutes [INSERT: Count=17534, Max=2263, Min=21, Avg=567.45, 90=585, 99=607, 99.9=635, 99.99=1214] 
2024-01-13 02:54:22:941 1270 sec: 2218688 operations; 1750.18 current ops/sec; est completion in 28 minutes [INSERT: Count=17501, Max=2089, Min=21, Avg=568.42, 90=589, 99=611, 99.9=633, 99.99=1078] 
2024-01-13 02:54:32:941 1280 sec: 2236157 operations; 1746.9 current ops/sec; est completion in 28 minutes [INSERT: Count=17468, Max=6763, Min=21, Avg=569.58, 90=588, 99=611, 99.9=640, 99.99=2195] 
2024-01-13 02:54:42:941 1290 sec: 2253635 operations; 1747.8 current ops/sec; est completion in 28 minutes [INSERT: Count=17478, Max=2161, Min=21, Avg=569.31, 90=587, 99=609, 99.9=626, 99.99=755] 
2024-01-13 02:54:52:941 1300 sec: 2271137 operations; 1750.2 current ops/sec; est completion in 28 minutes [INSERT: Count=17502, Max=3251, Min=23, Avg=568.52, 90=587, 99=608, 99.9=626, 99.99=2789] 
2024-01-13 02:55:02:941 1310 sec: 2288560 operations; 1742.3 current ops/sec; est completion in 28 minutes [INSERT: Count=17423, Max=7975, Min=22, Avg=571.12, 90=590, 99=610, 99.9=636, 99.99=7375] 
2024-01-13 02:55:12:941 1320 sec: 2306008 operations; 1744.8 current ops/sec; est completion in 28 minutes [INSERT: Count=17448, Max=6607, Min=22, Avg=570.34, 90=587, 99=608, 99.9=674, 99.99=6023] 
2024-01-13 02:55:22:941 1330 sec: 2323496 operations; 1748.8 current ops/sec; est completion in 27 minutes [INSERT: Count=17488, Max=3749, Min=22, Avg=569.02, 90=587, 99=607, 99.9=637, 99.99=3489] 
2024-01-13 02:55:32:941 1340 sec: 2340927 operations; 1743.1 current ops/sec; est completion in 27 minutes [INSERT: Count=17431, Max=3401, Min=22, Avg=570.93, 90=591, 99=611, 99.9=652, 99.99=3229] 
2024-01-13 02:55:42:941 1350 sec: 2358382 operations; 1745.5 current ops/sec; est completion in 27 minutes [INSERT: Count=17456, Max=3247, Min=23, Avg=570.09, 90=587, 99=608, 99.9=630, 99.99=3147] 
2024-01-13 02:55:52:941 1360 sec: 2375990 operations; 1760.8 current ops/sec; est completion in 27 minutes [INSERT: Count=17608, Max=3385, Min=23, Avg=565.12, 90=587, 99=606, 99.9=687, 99.99=3241] 
2024-01-13 02:56:02:941 1370 sec: 2393413 operations; 1742.3 current ops/sec; est completion in 27 minutes [INSERT: Count=17423, Max=4887, Min=21, Avg=571.12, 90=589, 99=609, 99.9=634, 99.99=3319] 
2024-01-13 02:56:12:941 1380 sec: 2410840 operations; 1742.7 current ops/sec; est completion in 27 minutes [INSERT: Count=17426, Max=4975, Min=22, Avg=570.93, 90=589, 99=610, 99.9=632, 99.99=3321] 
2024-01-13 02:56:22:941 1390 sec: 2428225 operations; 1738.5 current ops/sec; est completion in 26 minutes [INSERT: Count=17385, Max=5131, Min=22, Avg=572.33, 90=591, 99=611, 99.9=660, 99.99=3417] 
2024-01-13 02:56:32:941 1400 sec: 2445573 operations; 1734.8 current ops/sec; est completion in 26 minutes [INSERT: Count=17349, Max=3151, Min=22, Avg=573.52, 90=592, 99=612, 99.9=641, 99.99=3109] 
2024-01-13 02:56:42:941 1410 sec: 2463030 operations; 1745.7 current ops/sec; est completion in 26 minutes [INSERT: Count=17457, Max=3197, Min=23, Avg=569.99, 90=586, 99=607, 99.9=642, 99.99=3049] 
2024-01-13 02:56:52:941 1420 sec: 2480660 operations; 1763 current ops/sec; est completion in 26 minutes [INSERT: Count=17630, Max=3211, Min=22, Avg=564.54, 90=588, 99=607, 99.9=639, 99.99=3021] 
2024-01-13 02:57:02:941 1430 sec: 2498665 operations; 1800.5 current ops/sec; est completion in 26 minutes [INSERT: Count=18004, Max=3313, Min=20, Avg=553.02, 90=587, 99=605, 99.9=628, 99.99=3017] 
2024-01-13 02:57:12:944 1440 sec: 2516969 operations; 1830.03 current ops/sec; est completion in 26 minutes [INSERT: Count=18307, Max=18175, Min=20, Avg=544.21, 90=584, 99=605, 99.9=692, 99.99=1631] 
2024-01-13 02:57:22:941 1450 sec: 2535534 operations; 1856.69 current ops/sec; est completion in 25 minutes [INSERT: Count=18565, Max=3867, Min=20, Avg=536.38, 90=581, 99=608, 99.9=647, 99.99=2215] 
2024-01-13 02:57:32:941 1460 sec: 2554366 operations; 1883.2 current ops/sec; est completion in 25 minutes [INSERT: Count=18830, Max=2319, Min=20, Avg=528.91, 90=543, 99=554, 99.9=577, 99.99=2006] 
2024-01-13 02:57:42:941 1470 sec: 2573214 operations; 1884.99 current ops/sec; est completion in 25 minutes [INSERT: Count=18848, Max=3263, Min=20, Avg=528.46, 90=542, 99=552, 99.9=565, 99.99=735] 
2024-01-13 02:57:52:941 1480 sec: 2592100 operations; 1888.41 current ops/sec; est completion in 25 minutes [INSERT: Count=18886, Max=2207, Min=20, Avg=527.55, 90=541, 99=552, 99.9=581, 99.99=1792] 
2024-01-13 02:58:02:941 1490 sec: 2610827 operations; 1872.89 current ops/sec; est completion in 25 minutes [INSERT: Count=18727, Max=2761, Min=21, Avg=531.82, 90=547, 99=558, 99.9=577, 99.99=1692] 
2024-01-13 02:58:12:941 1500 sec: 2628080 operations; 1725.13 current ops/sec; est completion in 24 minutes [INSERT: Count=17253, Max=1916, Min=25, Avg=576.45, 90=613, 99=638, 99.9=693, 99.99=1463] 
2024-01-13 02:58:22:941 1510 sec: 2647023 operations; 1894.49 current ops/sec; est completion in 24 minutes [INSERT: Count=18942, Max=2769, Min=17, Avg=526.02, 90=540, 99=552, 99.9=573, 99.99=1374] 
2024-01-13 02:58:32:941 1520 sec: 2665794 operations; 1877.1 current ops/sec; est completion in 24 minutes [INSERT: Count=18772, Max=1309, Min=18, Avg=530.71, 90=576, 99=588, 99.9=619, 99.99=688] 
2024-01-13 02:58:42:941 1530 sec: 2683321 operations; 1752.7 current ops/sec; est completion in 24 minutes [INSERT: Count=17526, Max=6187, Min=20, Avg=567.7, 90=586, 99=613, 99.9=655, 99.99=995] 
2024-01-13 02:58:52:941 1540 sec: 2700863 operations; 1754.2 current ops/sec; est completion in 24 minutes [INSERT: Count=17542, Max=882, Min=20, Avg=567.23, 90=585, 99=611, 99.9=629, 99.99=773] 
2024-01-13 02:59:02:941 1550 sec: 2718339 operations; 1747.6 current ops/sec; est completion in 24 minutes [INSERT: Count=17477, Max=2281, Min=21, Avg=569.25, 90=590, 99=614, 99.9=633, 99.99=730] 
2024-01-13 02:59:12:941 1560 sec: 2735846 operations; 1750.7 current ops/sec; est completion in 23 minutes [INSERT: Count=17506, Max=2029, Min=20, Avg=568.44, 90=589, 99=610, 99.9=632, 99.99=1149] 
2024-01-13 02:59:22:941 1570 sec: 2753348 operations; 1750.2 current ops/sec; est completion in 23 minutes [INSERT: Count=17502, Max=879, Min=22, Avg=568.53, 90=590, 99=610, 99.9=629, 99.99=744] 
2024-01-13 02:59:32:941 1580 sec: 2770818 operations; 1747 current ops/sec; est completion in 23 minutes [INSERT: Count=17471, Max=2209, Min=22, Avg=569.56, 90=592, 99=613, 99.9=628, 99.99=1856] 
2024-01-13 02:59:42:941 1590 sec: 2788303 operations; 1748.5 current ops/sec; est completion in 23 minutes [INSERT: Count=17484, Max=2125, Min=22, Avg=569.08, 90=592, 99=611, 99.9=628, 99.99=823] 
2024-01-13 02:59:52:941 1600 sec: 2805816 operations; 1751.3 current ops/sec; est completion in 23 minutes [INSERT: Count=17514, Max=2243, Min=22, Avg=568.19, 90=591, 99=610, 99.9=633, 99.99=1986] 
2024-01-13 03:00:02:941 1610 sec: 2823294 operations; 1747.8 current ops/sec; est completion in 23 minutes [INSERT: Count=17478, Max=765, Min=22, Avg=569.38, 90=592, 99=612, 99.9=633, 99.99=708] 
2024-01-13 03:00:12:941 1620 sec: 2840766 operations; 1747.2 current ops/sec; est completion in 22 minutes [INSERT: Count=17471, Max=2255, Min=22, Avg=569.53, 90=591, 99=610, 99.9=644, 99.99=1303] 
2024-01-13 03:00:22:941 1630 sec: 2858315 operations; 1754.9 current ops/sec; est completion in 22 minutes [INSERT: Count=17549, Max=2189, Min=22, Avg=567, 90=585, 99=606, 99.9=624, 99.99=704] 
2024-01-13 03:00:32:941 1640 sec: 2875814 operations; 1749.9 current ops/sec; est completion in 22 minutes [INSERT: Count=17499, Max=863, Min=22, Avg=568.62, 90=587, 99=608, 99.9=631, 99.99=731] 
2024-01-13 03:00:42:941 1650 sec: 2893291 operations; 1747.7 current ops/sec; est completion in 22 minutes [INSERT: Count=17478, Max=2209, Min=21, Avg=569.29, 90=587, 99=608, 99.9=640, 99.99=2023] 
2024-01-13 03:00:52:941 1660 sec: 2910716 operations; 1742.5 current ops/sec; est completion in 22 minutes [INSERT: Count=17424, Max=1308, Min=23, Avg=571.09, 90=593, 99=612, 99.9=630, 99.99=1016] 
2024-01-13 03:01:02:941 1670 sec: 2928096 operations; 1738 current ops/sec; est completion in 22 minutes [INSERT: Count=17381, Max=2269, Min=22, Avg=572.48, 90=595, 99=616, 99.9=643, 99.99=1242] 
2024-01-13 03:01:12:941 1680 sec: 2945530 operations; 1743.4 current ops/sec; est completion in 21 minutes [INSERT: Count=17434, Max=13095, Min=21, Avg=570.72, 90=592, 99=613, 99.9=638, 99.99=1479] 
2024-01-13 03:01:22:941 1690 sec: 2962997 operations; 1746.7 current ops/sec; est completion in 21 minutes [INSERT: Count=17466, Max=2369, Min=22, Avg=569.68, 90=590, 99=610, 99.9=628, 99.99=794] 
2024-01-13 03:01:32:941 1700 sec: 2980395 operations; 1739.8 current ops/sec; est completion in 21 minutes [INSERT: Count=17398, Max=4259, Min=22, Avg=571.97, 90=594, 99=614, 99.9=627, 99.99=671] 
2024-01-13 03:01:42:941 1710 sec: 2997742 operations; 1734.7 current ops/sec; est completion in 21 minutes [INSERT: Count=17348, Max=9207, Min=23, Avg=573.55, 90=593, 99=614, 99.9=715, 99.99=7615] 
2024-01-13 03:01:52:941 1720 sec: 3015686 operations; 1794.4 current ops/sec; est completion in 21 minutes [INSERT: Count=17944, Max=7927, Min=20, Avg=554.9, 90=592, 99=611, 99.9=655, 99.99=3179] 
2024-01-13 03:02:02:941 1730 sec: 3034588 operations; 1890.2 current ops/sec; est completion in 20 minutes [INSERT: Count=18901, Max=5119, Min=20, Avg=527.26, 90=534, 99=589, 99.9=625, 99.99=3137] 
2024-01-13 03:02:12:941 1740 sec: 3053527 operations; 1893.9 current ops/sec; est completion in 20 minutes [INSERT: Count=18939, Max=2975, Min=20, Avg=526.23, 90=534, 99=543, 99.9=556, 99.99=2873] 
2024-01-13 03:02:22:941 1750 sec: 3072246 operations; 1871.9 current ops/sec; est completion in 20 minutes [INSERT: Count=18719, Max=3101, Min=20, Avg=532.32, 90=568, 99=596, 99.9=629, 99.99=2879] 
2024-01-13 03:02:32:941 1760 sec: 3089587 operations; 1734.1 current ops/sec; est completion in 20 minutes [INSERT: Count=17342, Max=3645, Min=24, Avg=573.87, 90=594, 99=614, 99.9=749, 99.99=3185] 
2024-01-13 03:02:42:941 1770 sec: 3107494 operations; 1790.7 current ops/sec; est completion in 20 minutes [INSERT: Count=17907, Max=20591, Min=21, Avg=555.92, 90=593, 99=610, 99.9=1709, 99.99=2975] 
2024-01-13 03:02:52:941 1780 sec: 3124586 operations; 1709.03 current ops/sec; est completion in 20 minutes [INSERT: Count=17091, Max=34239, Min=19, Avg=581.11, 90=600, 99=1754, 99.9=2065, 99.99=5455] 
2024-01-13 03:03:02:941 1790 sec: 3143387 operations; 1880.1 current ops/sec; est completion in 19 minutes [INSERT: Count=18801, Max=1963, Min=20, Avg=529.76, 90=543, 99=553, 99.9=569, 99.99=1844] 
2024-01-13 03:03:12:941 1800 sec: 3162211 operations; 1882.4 current ops/sec; est completion in 19 minutes [INSERT: Count=18825, Max=2259, Min=20, Avg=529.14, 90=543, 99=552, 99.9=567, 99.99=1804] 
2024-01-13 03:03:22:941 1810 sec: 3173437 operations; 1122.71 current ops/sec; est completion in 19 minutes [INSERT: Count=11226, Max=7387, Min=19, Avg=887.63, 90=1878, 99=2459, 99.9=2517, 99.99=3349] 
2024-01-13 03:03:32:941 1820 sec: 3183984 operations; 1054.7 current ops/sec; est completion in 19 minutes [INSERT: Count=10547, Max=3943, Min=18, Avg=944.57, 90=1555, 99=2401, 99.9=2679, 99.99=3203] 
2024-01-13 03:03:42:941 1830 sec: 3195873 operations; 1188.9 current ops/sec; est completion in 19 minutes [INSERT: Count=11888, Max=2169, Min=19, Avg=837.16, 90=1479, 99=1963, 99.9=2069, 99.99=2155] 
2024-01-13 03:03:52:941 1840 sec: 3208360 operations; 1248.7 current ops/sec; est completion in 19 minutes [INSERT: Count=12487, Max=4163, Min=21, Avg=797.8, 90=1432, 99=1872, 99.9=2101, 99.99=3771] 
2024-01-13 03:04:02:941 1850 sec: 3220998 operations; 1263.8 current ops/sec; est completion in 19 minutes [INSERT: Count=12639, Max=2171, Min=21, Avg=788.5, 90=1453, 99=1847, 99.9=2097, 99.99=2169] 
2024-01-13 03:04:12:941 1860 sec: 3234155 operations; 1315.7 current ops/sec; est completion in 19 minutes [INSERT: Count=13158, Max=3741, Min=22, Avg=757.47, 90=1245, 99=1666, 99.9=2103, 99.99=3033] 
2024-01-13 03:04:22:941 1870 sec: 3249672 operations; 1551.7 current ops/sec; est completion in 19 minutes [INSERT: Count=15515, Max=2567, Min=22, Avg=641.98, 90=922, 99=1537, 99.9=1773, 99.99=2101] 
2024-01-13 03:04:32:941 1880 sec: 3267222 operations; 1755 current ops/sec; est completion in 18 minutes [INSERT: Count=17550, Max=2099, Min=21, Avg=566.99, 90=588, 99=608, 99.9=625, 99.99=831] 
2024-01-13 03:04:42:941 1890 sec: 3284737 operations; 1751.5 current ops/sec; est completion in 18 minutes [INSERT: Count=17515, Max=2159, Min=20, Avg=568.09, 90=586, 99=608, 99.9=625, 99.99=2123] 
2024-01-13 03:04:52:941 1900 sec: 3302220 operations; 1748.3 current ops/sec; est completion in 18 minutes [INSERT: Count=17483, Max=3307, Min=22, Avg=569.12, 90=588, 99=608, 99.9=628, 99.99=2161] 
2024-01-13 03:05:02:941 1910 sec: 3319745 operations; 1752.5 current ops/sec; est completion in 18 minutes [INSERT: Count=17525, Max=2181, Min=22, Avg=567.75, 90=586, 99=604, 99.9=621, 99.99=1994] 
2024-01-13 03:05:12:941 1920 sec: 3337250 operations; 1750.5 current ops/sec; est completion in 18 minutes [INSERT: Count=17506, Max=2255, Min=22, Avg=568.39, 90=585, 99=606, 99.9=629, 99.99=2153] 
2024-01-13 03:05:22:941 1930 sec: 3354774 operations; 1752.4 current ops/sec; est completion in 18 minutes [INSERT: Count=17524, Max=689, Min=22, Avg=567.8, 90=585, 99=604, 99.9=617, 99.99=639] 
2024-01-13 03:05:32:942 1940 sec: 3372251 operations; 1747.7 current ops/sec; est completion in 17 minutes [INSERT: Count=17476, Max=2129, Min=22, Avg=569.43, 90=588, 99=607, 99.9=630, 99.99=881] 
2024-01-13 03:05:42:944 1950 sec: 3389678 operations; 1742.7 current ops/sec; est completion in 17 minutes [INSERT: Count=17427, Max=2145, Min=22, Avg=570.98, 90=593, 99=612, 99.9=633, 99.99=1076] 
2024-01-13 03:05:52:941 1960 sec: 3407093 operations; 1741.5 current ops/sec; est completion in 17 minutes [INSERT: Count=17415, Max=2287, Min=22, Avg=571.15, 90=592, 99=612, 99.9=629, 99.99=858] 
2024-01-13 03:06:02:941 1970 sec: 3424556 operations; 1746.3 current ops/sec; est completion in 17 minutes [INSERT: Count=17464, Max=731, Min=22, Avg=569.84, 90=589, 99=609, 99.9=622, 99.99=646] 
2024-01-13 03:06:12:941 1980 sec: 3441993 operations; 1743.7 current ops/sec; est completion in 17 minutes [INSERT: Count=17436, Max=3803, Min=23, Avg=570.72, 90=591, 99=611, 99.9=626, 99.99=1034] 
2024-01-13 03:06:22:941 1990 sec: 3459344 operations; 1735.1 current ops/sec; est completion in 17 minutes [INSERT: Count=17351, Max=9255, Min=23, Avg=573.49, 90=593, 99=612, 99.9=630, 99.99=7719] 
2024-01-13 03:06:32:941 2000 sec: 3476711 operations; 1736.7 current ops/sec; est completion in 16 minutes [INSERT: Count=17368, Max=8719, Min=22, Avg=573, 90=592, 99=611, 99.9=675, 99.99=7679] 
2024-01-13 03:06:42:941 2010 sec: 3494116 operations; 1740.5 current ops/sec; est completion in 16 minutes [INSERT: Count=17405, Max=6703, Min=23, Avg=571.76, 90=592, 99=610, 99.9=666, 99.99=5983] 
2024-01-13 03:06:52:941 2020 sec: 3511518 operations; 1740.2 current ops/sec; est completion in 16 minutes [INSERT: Count=17401, Max=5275, Min=23, Avg=571.9, 90=593, 99=612, 99.9=655, 99.99=3331] 
2024-01-13 03:07:02:941 2030 sec: 3528845 operations; 1732.7 current ops/sec; est completion in 16 minutes [INSERT: Count=17327, Max=3375, Min=23, Avg=574.27, 90=592, 99=612, 99.9=1939, 99.99=3279] 
2024-01-13 03:07:12:941 2040 sec: 3546249 operations; 1740.4 current ops/sec; est completion in 16 minutes [INSERT: Count=17404, Max=5071, Min=22, Avg=571.75, 90=589, 99=610, 99.9=640, 99.99=3287] 
2024-01-13 03:07:22:941 2050 sec: 3563656 operations; 1740.7 current ops/sec; est completion in 16 minutes [INSERT: Count=17408, Max=3447, Min=22, Avg=571.57, 90=589, 99=609, 99.9=733, 99.99=3267] 
2024-01-13 03:07:32:941 2060 sec: 3581064 operations; 1740.8 current ops/sec; est completion in 15 minutes [INSERT: Count=17408, Max=4307, Min=23, Avg=571.67, 90=591, 99=612, 99.9=1892, 99.99=3271] 
2024-01-13 03:07:42:941 2070 sec: 3598434 operations; 1737 current ops/sec; est completion in 15 minutes [INSERT: Count=17370, Max=5035, Min=24, Avg=572.86, 90=593, 99=612, 99.9=637, 99.99=3241] 
2024-01-13 03:07:52:941 2080 sec: 3615826 operations; 1739.2 current ops/sec; est completion in 15 minutes [INSERT: Count=17392, Max=3249, Min=24, Avg=572.16, 90=593, 99=614, 99.9=646, 99.99=3109] 
2024-01-13 03:08:02:941 2090 sec: 3633238 operations; 1741.2 current ops/sec; est completion in 15 minutes [INSERT: Count=17411, Max=3127, Min=22, Avg=571.47, 90=591, 99=613, 99.9=675, 99.99=3115] 
2024-01-13 03:08:12:941 2100 sec: 3650728 operations; 1749 current ops/sec; est completion in 15 minutes [INSERT: Count=17491, Max=3213, Min=23, Avg=568.98, 90=588, 99=609, 99.9=677, 99.99=3057] 
2024-01-13 03:08:22:946 2110 sec: 3668236 operations; 1750.45 current ops/sec; est completion in 15 minutes [INSERT: Count=17507, Max=2155, Min=23, Avg=568.66, 90=590, 99=611, 99.9=648, 99.99=1563] 
2024-01-13 03:08:32:944 2120 sec: 3685571 operations; 1733.67 current ops/sec; est completion in 14 minutes [INSERT: Count=17344, Max=2193, Min=23, Avg=573.8, 90=595, 99=624, 99.9=1965, 99.99=2187] 
2024-01-13 03:08:42:942 2130 sec: 3702670 operations; 1710.07 current ops/sec; est completion in 14 minutes [INSERT: Count=17093, Max=95231, Min=21, Avg=581.48, 90=606, 99=631, 99.9=1022, 99.99=3339] 
2024-01-13 03:08:52:942 2140 sec: 3720078 operations; 1740.8 current ops/sec; est completion in 14 minutes [INSERT: Count=17408, Max=1239, Min=21, Avg=571.07, 90=603, 99=617, 99.9=645, 99.99=717] 
2024-01-13 03:09:02:941 2150 sec: 3737474 operations; 1739.43 current ops/sec; est completion in 14 minutes [INSERT: Count=17396, Max=8075, Min=20, Avg=571.45, 90=601, 99=618, 99.9=684, 99.99=1908] 
2024-01-13 03:09:12:941 2160 sec: 3754849 operations; 1737.67 current ops/sec; est completion in 14 minutes [INSERT: Count=17373, Max=2347, Min=21, Avg=572.14, 90=603, 99=619, 99.9=652, 99.99=1588] 
2024-01-13 03:09:22:942 2170 sec: 3772104 operations; 1725.5 current ops/sec; est completion in 14 minutes [INSERT: Count=17256, Max=2699, Min=21, Avg=576.18, 90=604, 99=625, 99.9=1924, 99.99=2189] 
2024-01-13 03:09:32:942 2180 sec: 3789449 operations; 1734.5 current ops/sec; est completion in 13 minutes [INSERT: Count=17344, Max=2347, Min=21, Avg=573.35, 90=595, 99=618, 99.9=1818, 99.99=2063] 
2024-01-13 03:09:42:941 2190 sec: 3806893 operations; 1744.4 current ops/sec; est completion in 13 minutes [INSERT: Count=17446, Max=2167, Min=21, Avg=570.28, 90=591, 99=614, 99.9=635, 99.99=2117] 
2024-01-13 03:09:52:942 2200 sec: 3824424 operations; 1753.1 current ops/sec; est completion in 13 minutes [INSERT: Count=17529, Max=2263, Min=21, Avg=567.67, 90=591, 99=612, 99.9=632, 99.99=2151] 
2024-01-13 03:10:02:941 2210 sec: 3842203 operations; 1777.9 current ops/sec; est completion in 13 minutes [INSERT: Count=17778, Max=2175, Min=19, Avg=559.76, 90=591, 99=610, 99.9=666, 99.99=1049] 
2024-01-13 03:10:12:941 2220 sec: 3860662 operations; 1845.9 current ops/sec; est completion in 13 minutes [INSERT: Count=18459, Max=2147, Min=19, Avg=539.64, 90=588, 99=605, 99.9=632, 99.99=992] 
2024-01-13 03:10:22:941 2230 sec: 3878048 operations; 1738.6 current ops/sec; est completion in 13 minutes [INSERT: Count=17386, Max=2143, Min=22, Avg=572.37, 90=594, 99=615, 99.9=632, 99.99=713] 
2024-01-13 03:10:32:941 2240 sec: 3895572 operations; 1752.22 current ops/sec; est completion in 12 minutes [INSERT: Count=17525, Max=2331, Min=21, Avg=567.95, 90=594, 99=615, 99.9=634, 99.99=2161] 
2024-01-13 03:10:42:941 2250 sec: 3913594 operations; 1802.38 current ops/sec; est completion in 12 minutes [INSERT: Count=18022, Max=2177, Min=20, Avg=552.4, 90=590, 99=608, 99.9=626, 99.99=748] 
2024-01-13 03:10:52:941 2260 sec: 3931050 operations; 1745.6 current ops/sec; est completion in 12 minutes [INSERT: Count=17456, Max=2157, Min=22, Avg=569.96, 90=593, 99=613, 99.9=631, 99.99=1080] 
2024-01-13 03:11:02:941 2270 sec: 3948624 operations; 1757.4 current ops/sec; est completion in 12 minutes [INSERT: Count=17574, Max=2293, Min=21, Avg=566.31, 90=588, 99=609, 99.9=634, 99.99=2147] 
2024-01-13 03:11:12:941 2280 sec: 3966711 operations; 1808.7 current ops/sec; est completion in 12 minutes [INSERT: Count=18086, Max=2159, Min=18, Avg=550.44, 90=585, 99=604, 99.9=628, 99.99=1002] 
2024-01-13 03:11:22:941 2290 sec: 3984170 operations; 1745.9 current ops/sec; est completion in 12 minutes [INSERT: Count=17459, Max=2319, Min=21, Avg=569.93, 90=589, 99=609, 99.9=647, 99.99=2161] 
2024-01-13 03:11:32:941 2300 sec: 4001950 operations; 1778 current ops/sec; est completion in 11 minutes [INSERT: Count=17781, Max=3397, Min=19, Avg=559.87, 90=591, 99=610, 99.9=644, 99.99=2046] 
2024-01-13 03:11:42:946 2310 sec: 4019381 operations; 1742.75 current ops/sec; est completion in 11 minutes [INSERT: Count=17434, Max=3383, Min=20, Avg=571.03, 90=592, 99=613, 99.9=1945, 99.99=2239] 
2024-01-13 03:11:52:941 2320 sec: 4036816 operations; 1743.85 current ops/sec; est completion in 11 minutes [INSERT: Count=17431, Max=3415, Min=22, Avg=570.56, 90=593, 99=613, 99.9=745, 99.99=2147] 
2024-01-13 03:12:02:941 2330 sec: 4054289 operations; 1747.3 current ops/sec; est completion in 11 minutes [INSERT: Count=17473, Max=2267, Min=22, Avg=569.57, 90=591, 99=612, 99.9=1876, 99.99=2105] 
2024-01-13 03:12:12:941 2340 sec: 4072036 operations; 1774.7 current ops/sec; est completion in 11 minutes [INSERT: Count=17748, Max=2133, Min=19, Avg=560.89, 90=590, 99=610, 99.9=633, 99.99=2077] 
2024-01-13 03:12:22:941 2350 sec: 4090728 operations; 1869.2 current ops/sec; est completion in 11 minutes [INSERT: Count=18691, Max=3187, Min=19, Avg=533.04, 90=581, 99=598, 99.9=631, 99.99=2789] 
2024-01-13 03:12:32:941 2360 sec: 4108349 operations; 1762.1 current ops/sec; est completion in 10 minutes [INSERT: Count=17622, Max=3187, Min=18, Avg=564.82, 90=592, 99=610, 99.9=703, 99.99=3097] 
2024-01-13 03:12:42:941 2370 sec: 4127434 operations; 1908.5 current ops/sec; est completion in 10 minutes [INSERT: Count=19084, Max=3179, Min=18, Avg=522.22, 90=530, 99=540, 99.9=557, 99.99=3013] 
2024-01-13 03:12:52:941 2380 sec: 4146502 operations; 1906.8 current ops/sec; est completion in 10 minutes [INSERT: Count=19069, Max=3197, Min=20, Avg=522.65, 90=530, 99=540, 99.9=553, 99.99=3013] 
2024-01-13 03:13:02:941 2390 sec: 4165586 operations; 1908.4 current ops/sec; est completion in 10 minutes [INSERT: Count=19084, Max=3129, Min=19, Avg=522.25, 90=530, 99=539, 99.9=557, 99.99=3105] 
2024-01-13 03:13:12:941 2400 sec: 4184634 operations; 1904.8 current ops/sec; est completion in 10 minutes [INSERT: Count=19047, Max=2955, Min=19, Avg=523.26, 90=531, 99=542, 99.9=560, 99.99=2813] 
2024-01-13 03:13:22:945 2410 sec: 4203554 operations; 1891.62 current ops/sec; est completion in 9 minutes [INSERT: Count=18927, Max=2129, Min=19, Avg=526.56, 90=536, 99=590, 99.9=634, 99.99=2036] 
2024-01-13 03:13:32:942 2420 sec: 4222077 operations; 1852.49 current ops/sec; est completion in 9 minutes [INSERT: Count=18516, Max=111935, Min=20, Avg=537.78, 90=545, 99=592, 99.9=646, 99.99=3373] 
2024-01-13 03:13:42:942 2430 sec: 4231731 operations; 965.4 current ops/sec; est completion in 9 minutes [INSERT: Count=9654, Max=3133, Min=17, Avg=1032.08, 90=1559, 99=2413, 99.9=2483, 99.99=2513] 
2024-01-13 03:13:52:946 2440 sec: 4242421 operations; 1069 current ops/sec; est completion in 9 minutes [INSERT: Count=10692, Max=3413, Min=20, Avg=932.39, 90=1582, 99=2477, 99.9=2587, 99.99=3175] 
2024-01-13 03:14:02:949 2450 sec: 4253826 operations; 1140.39 current ops/sec; est completion in 9 minutes [INSERT: Count=11409, Max=3165, Min=19, Avg=873.62, 90=1669, 99=2419, 99.9=2579, 99.99=3113] 
2024-01-13 03:14:12:942 2460 sec: 4265269 operations; 1144.53 current ops/sec; est completion in 9 minutes [INSERT: Count=11440, Max=9599, Min=20, Avg=870.1, 90=1570, 99=2475, 99.9=2599, 99.99=3493] 
2024-01-13 03:14:22:942 2470 sec: 4275845 operations; 1057.39 current ops/sec; est completion in 9 minutes [INSERT: Count=10574, Max=3227, Min=21, Avg=940.75, 90=1710, 99=2535, 99.9=2631, 99.99=2771] 
2024-01-13 03:14:32:941 2480 sec: 4288297 operations; 1245.45 current ops/sec; est completion in 9 minutes [INSERT: Count=12451, Max=2929, Min=18, Avg=800, 90=1539, 99=2443, 99.9=2561, 99.99=2611] 
2024-01-13 03:14:42:941 2490 sec: 4299302 operations; 1100.5 current ops/sec; est completion in 9 minutes [INSERT: Count=11005, Max=4067, Min=19, Avg=905.89, 90=1971, 99=2491, 99.9=2595, 99.99=2661] 
2024-01-13 03:14:52:942 2500 sec: 4309812 operations; 1050.79 current ops/sec; est completion in 9 minutes [INSERT: Count=10513, Max=3773, Min=22, Avg=947.64, 90=2251, 99=2553, 99.9=2633, 99.99=2671] 
2024-01-13 03:15:02:941 2510 sec: 4326937 operations; 1712.84 current ops/sec; est completion in 8 minutes [INSERT: Count=17122, Max=2661, Min=20, Avg=581.02, 90=591, 99=895, 99.9=2507, 99.99=2561] 
2024-01-13 03:15:12:941 2520 sec: 4344468 operations; 1753.1 current ops/sec; est completion in 8 minutes [INSERT: Count=17532, Max=2411, Min=20, Avg=567.54, 90=589, 99=611, 99.9=634, 99.99=906] 
2024-01-13 03:15:22:941 2530 sec: 4361944 operations; 1747.6 current ops/sec; est completion in 8 minutes [INSERT: Count=17476, Max=831, Min=22, Avg=569.36, 90=590, 99=609, 99.9=626, 99.99=778] 
2024-01-13 03:15:32:941 2540 sec: 4379443 operations; 1749.9 current ops/sec; est completion in 8 minutes [INSERT: Count=17499, Max=2079, Min=22, Avg=568.58, 90=590, 99=609, 99.9=629, 99.99=739] 
2024-01-13 03:15:42:941 2550 sec: 4397179 operations; 1773.6 current ops/sec; est completion in 8 minutes [INSERT: Count=17736, Max=3397, Min=20, Avg=561.16, 90=586, 99=607, 99.9=632, 99.99=2151] 
2024-01-13 03:15:52:941 2560 sec: 4415008 operations; 1782.72 current ops/sec; est completion in 8 minutes [INSERT: Count=17828, Max=2175, Min=19, Avg=558.15, 90=586, 99=607, 99.9=1072, 99.99=2063] 
2024-01-13 03:16:02:941 2570 sec: 4433678 operations; 1867.19 current ops/sec; est completion in 7 minutes [INSERT: Count=18671, Max=2145, Min=20, Avg=533.46, 90=555, 99=591, 99.9=617, 99.99=2065] 
2024-01-13 03:16:12:944 2580 sec: 4451053 operations; 1737.5 current ops/sec; est completion in 7 minutes [INSERT: Count=17377, Max=3477, Min=21, Avg=572.8, 90=588, 99=617, 99.9=1925, 99.99=2307] 
2024-01-13 03:16:22:941 2590 sec: 4468596 operations; 1754.3 current ops/sec; est completion in 7 minutes [INSERT: Count=17540, Max=3153, Min=21, Avg=567.01, 90=592, 99=617, 99.9=1920, 99.99=2179] 
2024-01-13 03:16:32:941 2600 sec: 4486028 operations; 1743.2 current ops/sec; est completion in 7 minutes [INSERT: Count=17433, Max=2093, Min=22, Avg=570.79, 90=592, 99=613, 99.9=654, 99.99=2010] 
2024-01-13 03:16:42:941 2610 sec: 4503782 operations; 1775.4 current ops/sec; est completion in 7 minutes [INSERT: Count=17754, Max=2605, Min=22, Avg=560.66, 90=591, 99=609, 99.9=630, 99.99=2077] 
2024-01-13 03:16:52:941 2620 sec: 4522507 operations; 1872.5 current ops/sec; est completion in 6 minutes [INSERT: Count=18725, Max=9215, Min=20, Avg=531.96, 90=539, 99=579, 99.9=608, 99.99=7695] 
2024-01-13 03:17:02:941 2630 sec: 4541119 operations; 1861.2 current ops/sec; est completion in 6 minutes [INSERT: Count=18612, Max=8639, Min=19, Avg=535.21, 90=543, 99=585, 99.9=620, 99.99=7723] 
2024-01-13 03:17:12:941 2640 sec: 4559544 operations; 1842.5 current ops/sec; est completion in 6 minutes [INSERT: Count=18424, Max=6695, Min=19, Avg=540.59, 90=581, 99=595, 99.9=655, 99.99=5847] 
2024-01-13 03:17:22:941 2650 sec: 4577025 operations; 1748.1 current ops/sec; est completion in 6 minutes [INSERT: Count=17482, Max=3757, Min=21, Avg=569.21, 90=590, 99=610, 99.9=632, 99.99=3405] 
2024-01-13 03:17:32:941 2660 sec: 4594404 operations; 1737.9 current ops/sec; est completion in 6 minutes [INSERT: Count=17379, Max=3435, Min=22, Avg=572.55, 90=591, 99=612, 99.9=683, 99.99=3399] 
2024-01-13 03:17:42:941 2670 sec: 4611771 operations; 1736.7 current ops/sec; est completion in 6 minutes [INSERT: Count=17367, Max=3361, Min=22, Avg=573, 90=592, 99=613, 99.9=719, 99.99=3271] 
2024-01-13 03:17:52:941 2680 sec: 4629552 operations; 1778.1 current ops/sec; est completion in 5 minutes [INSERT: Count=17780, Max=5195, Min=20, Avg=559.86, 90=591, 99=609, 99.9=661, 99.99=3281] 
2024-01-13 03:18:02:941 2690 sec: 4648613 operations; 1906.1 current ops/sec; est completion in 5 minutes [INSERT: Count=19062, Max=5287, Min=19, Avg=522.9, 90=531, 99=541, 99.9=551, 99.99=3123] 
2024-01-13 03:18:12:941 2700 sec: 4667538 operations; 1892.5 current ops/sec; est completion in 5 minutes [INSERT: Count=18925, Max=5143, Min=19, Avg=526.59, 90=534, 99=588, 99.9=617, 99.99=3209] 
2024-01-13 03:18:22:941 2710 sec: 4686360 operations; 1882.2 current ops/sec; est completion in 5 minutes [INSERT: Count=18822, Max=5159, Min=19, Avg=529.43, 90=565, 99=594, 99.9=624, 99.99=3267] 
2024-01-13 03:18:32:941 2720 sec: 4705409 operations; 1904.9 current ops/sec; est completion in 5 minutes [INSERT: Count=19048, Max=3081, Min=19, Avg=523.26, 90=531, 99=542, 99.9=566, 99.99=2987] 
2024-01-13 03:18:42:941 2730 sec: 4724427 operations; 1901.8 current ops/sec; est completion in 5 minutes [INSERT: Count=19018, Max=3067, Min=20, Avg=524.1, 90=532, 99=543, 99.9=552, 99.99=2953] 
2024-01-13 03:18:52:941 2740 sec: 4743357 operations; 1893 current ops/sec; est completion in 4 minutes [INSERT: Count=18930, Max=4907, Min=19, Avg=526.45, 90=534, 99=593, 99.9=622, 99.99=2933] 
2024-01-13 03:19:02:952 2750 sec: 4761088 operations; 1772.75 current ops/sec; est completion in 4 minutes [INSERT: Count=17740, Max=92607, Min=18, Avg=561.99, 90=589, 99=610, 99.9=946, 99.99=2421] 
2024-01-13 03:19:12:944 2760 sec: 4780096 operations; 1900.8 current ops/sec; est completion in 4 minutes [INSERT: Count=19008, Max=4227, Min=17, Avg=523.59, 90=537, 99=546, 99.9=574, 99.99=2117] 
2024-01-13 03:19:22:944 2770 sec: 4799050 operations; 1895.4 current ops/sec; est completion in 4 minutes [INSERT: Count=18946, Max=29599, Min=18, Avg=525.64, 90=538, 99=552, 99.9=608, 99.99=745] 
2024-01-13 03:19:32:957 2780 sec: 4818155 operations; 1910.31 current ops/sec; est completion in 4 minutes [INSERT: Count=19112, Max=1836, Min=18, Avg=522.2, 90=536, 99=544, 99.9=559, 99.99=1458] 
2024-01-13 03:19:42:942 2790 sec: 4836448 operations; 1829.85 current ops/sec; est completion in 3 minutes [INSERT: Count=18297, Max=23935, Min=18, Avg=543.37, 90=587, 99=610, 99.9=639, 99.99=2175] 
2024-01-13 03:19:52:941 2800 sec: 4855214 operations; 1876.6 current ops/sec; est completion in 3 minutes [INSERT: Count=18760, Max=2281, Min=18, Avg=530.64, 90=575, 99=604, 99.9=633, 99.99=972] 
2024-01-13 03:20:02:942 2810 sec: 4874006 operations; 1878.82 current ops/sec; est completion in 3 minutes [INSERT: Count=18787, Max=2239, Min=18, Avg=530.16, 90=576, 99=595, 99.9=615, 99.99=815] 
2024-01-13 03:20:12:941 2820 sec: 4892567 operations; 1856.47 current ops/sec; est completion in 3 minutes [INSERT: Count=18560, Max=833, Min=19, Avg=536.6, 90=582, 99=597, 99.9=619, 99.99=695] 
2024-01-13 03:20:22:941 2830 sec: 4910544 operations; 1797.7 current ops/sec; est completion in 3 minutes [INSERT: Count=17977, Max=2157, Min=20, Avg=553.77, 90=584, 99=603, 99.9=624, 99.99=1839] 
2024-01-13 03:20:32:942 2840 sec: 4928224 operations; 1768 current ops/sec; est completion in 3 minutes [INSERT: Count=17680, Max=2169, Min=20, Avg=563.03, 90=588, 99=607, 99.9=625, 99.99=770] 
2024-01-13 03:20:42:942 2850 sec: 4946665 operations; 1844.1 current ops/sec; est completion in 2 minutes [INSERT: Count=18442, Max=2107, Min=19, Avg=539.75, 90=583, 99=603, 99.9=1857, 99.99=2008] 
2024-01-13 03:20:52:941 2860 sec: 4965789 operations; 1912.4 current ops/sec; est completion in 2 minutes [INSERT: Count=19123, Max=701, Min=18, Avg=521.1, 90=530, 99=541, 99.9=549, 99.99=660] 
2024-01-13 03:21:02:941 2870 sec: 4984926 operations; 1913.7 current ops/sec; est completion in 2 minutes [INSERT: Count=19137, Max=620, Min=18, Avg=520.83, 90=529, 99=541, 99.9=550, 99.99=566] 
2024-01-13 03:21:12:941 2880 sec: 5004076 operations; 1915 current ops/sec; est completion in 2 minutes [INSERT: Count=19150, Max=2251, Min=18, Avg=520.49, 90=528, 99=540, 99.9=551, 99.99=686] 
2024-01-13 03:21:22:941 2890 sec: 5022337 operations; 1826.1 current ops/sec; est completion in 2 minutes [INSERT: Count=18261, Max=2157, Min=18, Avg=545.15, 90=584, 99=604, 99.9=639, 99.99=2119] 
2024-01-13 03:21:32:941 2900 sec: 5039817 operations; 1748 current ops/sec; est completion in 1 minute [INSERT: Count=17480, Max=2289, Min=23, Avg=569.17, 90=586, 99=608, 99.9=637, 99.99=2129] 
2024-01-13 03:21:42:941 2910 sec: 5057893 operations; 1807.6 current ops/sec; est completion in 1 minute [INSERT: Count=18077, Max=721, Min=18, Avg=550.69, 90=585, 99=604, 99.9=620, 99.99=684] 
2024-01-13 03:21:52:941 2920 sec: 5076984 operations; 1908.91 current ops/sec; est completion in 1 minute [INSERT: Count=19090, Max=2243, Min=19, Avg=522.05, 90=530, 99=578, 99.9=597, 99.99=675] 
2024-01-13 03:22:02:942 2930 sec: 5096129 operations; 1914.69 current ops/sec; est completion in 1 minute [INSERT: Count=19145, Max=1644, Min=19, Avg=520.7, 90=529, 99=540, 99.9=556, 99.99=772] 
2024-01-13 03:22:12:942 2940 sec: 5113518 operations; 1738.9 current ops/sec; est completion in 1 minute [INSERT: Count=17392, Max=2193, Min=22, Avg=572.23, 90=595, 99=617, 99.9=650, 99.99=2107] 
2024-01-13 03:22:22:941 2950 sec: 5131590 operations; 1807.2 current ops/sec; est completion in 1 minute [INSERT: Count=18070, Max=2115, Min=20, Avg=550.87, 90=592, 99=613, 99.9=634, 99.99=683] 
2024-01-13 03:22:32:941 2960 sec: 5150103 operations; 1851.3 current ops/sec; est completion in 54 seconds [INSERT: Count=18513, Max=2167, Min=19, Avg=538.07, 90=583, 99=599, 99.9=627, 99.99=680] 
2024-01-13 03:22:42:941 2970 sec: 5167552 operations; 1744.9 current ops/sec; est completion in 44 seconds [INSERT: Count=17449, Max=3321, Min=22, Avg=570.23, 90=591, 99=615, 99.9=635, 99.99=2747] 
2024-01-13 03:22:52:941 2980 sec: 5184906 operations; 1735.4 current ops/sec; est completion in 34 seconds [INSERT: Count=17353, Max=3403, Min=23, Avg=573.4, 90=594, 99=615, 99.9=639, 99.99=3167] 
2024-01-13 03:23:02:941 2990 sec: 5202295 operations; 1738.9 current ops/sec; est completion in 24 seconds [INSERT: Count=17390, Max=3363, Min=23, Avg=572.21, 90=593, 99=610, 99.9=636, 99.99=3097] 
2024-01-13 03:23:12:941 3000 sec: 5219700 operations; 1740.5 current ops/sec; est completion in 14 seconds [INSERT: Count=17405, Max=4211, Min=21, Avg=571.72, 90=592, 99=611, 99.9=667, 99.99=3385] 
2024-01-13 03:23:22:941 3010 sec: 5237074 operations; 1737.4 current ops/sec; est completion in 4 second [INSERT: Count=17373, Max=5047, Min=22, Avg=572.74, 90=594, 99=610, 99.9=722, 99.99=3141] 
2024-01-13 03:23:26:397 3013 sec: 5242880 operations; 1679.98 current ops/sec; [CLEANUP: Count=1, Max=115839, Min=115776, Avg=115808, 90=115839, 99=115839, 99.9=115839, 99.99=115839] [INSERT: Count=5806, Max=3051, Min=24, Avg=572.33, 90=594, 99=611, 99.9=628, 99.99=2969] 
