[OVERALL], RunTime(ms), 3037551
[OVERALL], Throughput(ops/sec), 1726.0220486832977
[TOTAL_GCS_G1_Young_Generation], Count, 130
[TOTAL_GC_TIME_G1_Young_Generation], Time(ms), 1286
[TOTAL_GC_TIME_%_G1_Young_Generation], Time(%), 0.0423367377206177
[TOTAL_GCS_G1_Old_Generation], Count, 0
[TOTAL_GC_TIME_G1_Old_Generation], Time(ms), 0
[TOTAL_GC_TIME_%_G1_Old_Generation], Time(%), 0.0
[TOTAL_GCs], Count, 130
[TOTAL_GC_TIME], Time(ms), 1286
[TOTAL_GC_TIME_%], Time(%), 0.0423367377206177
[CLEANUP], Operations, 1
[CLEANUP], AverageLatency(us), 167360.0
[CLEANUP], MinLatency(us), 167296
[CLEANUP], MaxLatency(us), 167423
[CLEANUP], 95thPercentileLatency(us), 167423
[CLEANUP], 99thPercentileLatency(us), 167423
[INSERT], Operations, 5242880
[INSERT], AverageLatency(us), 575.7729677200317
[INSERT], MinLatency(us), 16
[INSERT], MaxLatency(us), 194431
[INSERT], 95thPercentileLatency(us), 615
[INSERT], 99thPercentileLatency(us), 1536
[INSERT], Return=OK, 5242880
