[OVERALL], RunTime(ms), 638030
[OVERALL], Throughput(ops/sec), 1567.3244204817954
[TOTAL_GCS_G1_Young_Generation], Count, 283
[TOTAL_GC_TIME_G1_Young_Generation], Time(ms), 433
[TOTAL_GC_TIME_%_G1_Young_Generation], Time(%), 0.06786514740686174
[TOTAL_GCS_G1_Old_Generation], Count, 0
[TOTAL_GC_TIME_G1_Old_Generation], Time(ms), 0
[TOTAL_GC_TIME_%_G1_Old_Generation], Time(%), 0.0
[TOTAL_GCs], Count, 283
[TOTAL_GC_TIME], Time(ms), 433
[TOTAL_GC_TIME_%], Time(%), 0.06786514740686174
[CLEANUP], Operations, 1
[CLEANUP], AverageLatency(us), 14852.0
[CLEANUP], MinLatency(us), 14848
[CLEANUP], MaxLatency(us), 14855
[CLEANUP], 95thPercentileLatency(us), 14855
[CLEANUP], 99thPercentileLatency(us), 14855
[INSERT], Operations, 50106
[INSERT], AverageLatency(us), 72.97798666826328
[INSERT], MinLatency(us), 18
[INSERT], MaxLatency(us), 2557
[INSERT], 95thPercentileLatency(us), 127
[INSERT], 99thPercentileLatency(us), 152
[INSERT], Return=OK, 50106
[SCAN], Operations, 949894
[SCAN], AverageLatency(us), 626.7641957944782
[SCAN], MinLatency(us), 11
[SCAN], MaxLatency(us), 1078271
[SCAN], 95thPercentileLatency(us), 1390
[SCAN], 99thPercentileLatency(us), 3459
[SCAN], Return=OK, 949894
