[WARN]  Running against a source checkout. In order to get our runtime dependencies we'll have to invoke Maven. Depending on the state of your system, this may take ~30-45 seconds
[DEBUG]  Running 'mvn -pl site.ycsb:rocksdb-binding -am package -DskipTests dependency:build-classpath -DincludeScope=compile -Dmdep.outputFilterFile=true'
java -cp /home/user/src/rocksdb-cheops-2024/ycsb/rocksdb/conf:/home/user/src/rocksdb-cheops-2024/ycsb/rocksdb/target/rocksdb-binding-0.18.0-SNAPSHOT.jar:/root/.m2/repository/org/apache/htrace/htrace-core4/4.1.0-incubating/htrace-core4-4.1.0-incubating.jar:/root/.m2/repository/org/slf4j/slf4j-api/1.7.25/slf4j-api-1.7.25.jar:/home/user/src/rocksdb-cheops-2024/rocksdb-ycsb/java/target/rocksdbjni-7.4.3-linux64.jar:/root/.m2/repository/net/jcip/jcip-annotations/1.0/jcip-annotations-1.0.jar:/root/.m2/repository/org/hdrhistogram/HdrHistogram/2.1.4/HdrHistogram-2.1.4.jar:/root/.m2/repository/org/codehaus/jackson/jackson-mapper-asl/1.9.4/jackson-mapper-asl-1.9.4.jar:/lib/libzbd.so.1:/root/.m2/repository/org/codehaus/jackson/jackson-core-asl/1.9.4/jackson-core-asl-1.9.4.jar:/home/user/src/rocksdb-cheops-2024/rocksdb-ycsb/java/target/librocksdbjni-linux64.so:/home/user/src/rocksdb-cheops-2024/ycsb/core/target/core-0.18.0-SNAPSHOT.jar site.ycsb.Client -db site.ycsb.db.rocksdb.RocksDBClient -s -P ./workloads/workloade -p recordcount=5242880 -p operationcount=1000000 -p fieldlength=386 -p fieldcount=10 -t
Command line: -db site.ycsb.db.rocksdb.RocksDBClient -s -P ./workloads/workloade -p recordcount=5242880 -p operationcount=1000000 -p fieldlength=386 -p fieldcount=10 -t
YCSB Client 0.18.0-SNAPSHOT

Loading workload...
Starting test.
SLF4J: Failed to load class "org.slf4j.impl.StaticLoggerBinder".
SLF4J: Defaulting to no-operation (NOP) logger implementation
SLF4J: See http://www.slf4j.org/codes.html#StaticLoggerBinder for further details.
2024-01-12 21:25:09:714 0 sec: 0 operations; est completion in 0 second 
Leet YCSB 
2024-01-12 21:25:19:676 10 sec: 0 operations; est completion in 106751991167300 days 15 hours 
2024-01-12 21:25:29:676 20 sec: 0 operations; est completion in 106751991167300 days 15 hours 
2024-01-12 21:25:39:676 30 sec: 0 operations; est completion in 106751991167300 days 15 hours 
DBWrapper: report latency for each error is false and specific error codes to track for latency are: []
2024-01-12 21:25:49:676 40 sec: 1149 operations; 114.9 current ops/sec; est completion in 9 hours 39 minutes [INSERT: Count=67, Max=1693, Min=63, Avg=223.06, 90=253, 99=1377, 99.9=1693, 99.99=1693] [SCAN: Count=1084, Max=17951, Min=99, Avg=3449.25, 90=5275, 99=6087, 99.9=8935, 99.99=17951] 
2024-01-12 21:25:59:676 50 sec: 4699 operations; 355 current ops/sec; est completion in 2 hours 56 minutes [INSERT: Count=176, Max=394, Min=54, Avg=148.26, 90=204, 99=260, 99.9=394, 99.99=394] [SCAN: Count=3372, Max=15207, Min=72, Avg=2939.12, 90=5159, 99=6211, 99.9=8415, 99.99=15207] 
2024-01-12 21:26:09:676 60 sec: 9348 operations; 464.9 current ops/sec; est completion in 1 hour 45 minutes [INSERT: Count=252, Max=219, Min=22, Avg=96.65, 90=141, 99=168, 99.9=219, 99.99=219] [SCAN: Count=4397, Max=10031, Min=44, Avg=2259.91, 90=4575, 99=5451, 99.9=7103, 99.99=10031] 
2024-01-12 21:26:19:676 70 sec: 15079 operations; 573.1 current ops/sec; est completion in 1 hour 16 minutes [INSERT: Count=307, Max=202, Min=25, Avg=92.68, 90=133, 99=152, 99.9=202, 99.99=202] [SCAN: Count=5425, Max=8231, Min=54, Avg=1831.68, 90=4103, 99=5359, 99.9=6475, 99.99=7679] 
2024-01-12 21:26:29:676 80 sec: 21464 operations; 638.5 current ops/sec; est completion in 1 hour [INSERT: Count=320, Max=160, Min=23, Avg=81.87, 90=122, 99=149, 99.9=160, 99.99=160] [SCAN: Count=6064, Max=8383, Min=43, Avg=1637.99, 90=3671, 99=5311, 99.9=6227, 99.99=8159] 
2024-01-12 21:26:39:676 90 sec: 29062 operations; 759.88 current ops/sec; est completion in 50 minutes [INSERT: Count=403, Max=202, Min=20, Avg=85.77, 90=124, 99=157, 99.9=202, 99.99=202] [SCAN: Count=7196, Max=8075, Min=40, Avg=1379.51, 90=2985, 99=5123, 99.9=6155, 99.99=7187] 
2024-01-12 21:26:49:676 100 sec: 38025 operations; 896.21 current ops/sec; est completion in 42 minutes [INSERT: Count=501, Max=194, Min=22, Avg=82.11, 90=122, 99=152, 99.9=160, 99.99=194] [SCAN: Count=8463, Max=8663, Min=40, Avg=1171.29, 90=2489, 99=4367, 99.9=5547, 99.99=7183] 
2024-01-12 21:26:59:676 110 sec: 46471 operations; 844.6 current ops/sec; est completion in 37 minutes [INSERT: Count=396, Max=144, Min=20, Avg=75.88, 90=111, 99=135, 99.9=144, 99.99=144] [SCAN: Count=8049, Max=910335, Min=47, Avg=1233.34, 90=2433, 99=4119, 99.9=5751, 99.99=6755] 
2024-01-12 21:27:09:676 120 sec: 51422 operations; 495.1 current ops/sec; est completion in 36 minutes [INSERT: Count=255, Max=174, Min=23, Avg=81.82, 90=120, 99=137, 99.9=174, 99.99=174] [SCAN: Count=4695, Max=8183, Min=32, Avg=2119.12, 90=4259, 99=5879, 99.9=6619, 99.99=8183] 
2024-01-12 21:27:19:676 130 sec: 56928 operations; 550.6 current ops/sec; est completion in 35 minutes [INSERT: Count=308, Max=198, Min=23, Avg=79.34, 90=115, 99=133, 99.9=198, 99.99=198] [SCAN: Count=5199, Max=10631, Min=35, Avg=1913.14, 90=4427, 99=6115, 99.9=7647, 99.99=8551] 
2024-01-12 21:27:29:676 140 sec: 65295 operations; 836.7 current ops/sec; est completion in 33 minutes [INSERT: Count=449, Max=167, Min=20, Avg=75.1, 90=117, 99=138, 99.9=167, 99.99=167] [SCAN: Count=7919, Max=8067, Min=16, Avg=1254.11, 90=3035, 99=5451, 99.9=6515, 99.99=7635] 
2024-01-12 21:27:39:676 150 sec: 76507 operations; 1121.2 current ops/sec; est completion in 30 minutes [INSERT: Count=552, Max=148, Min=20, Avg=64.67, 90=95, 99=109, 99.9=120, 99.99=148] [SCAN: Count=10659, Max=283391, Min=22, Avg=931.52, 90=1747, 99=3511, 99.9=4045, 99.99=253695] 
2024-01-12 21:27:49:676 160 sec: 88135 operations; 1162.8 current ops/sec; est completion in 27 minutes [INSERT: Count=557, Max=137, Min=22, Avg=69.63, 90=103, 99=128, 99.9=134, 99.99=137] [SCAN: Count=11072, Max=6627, Min=21, Avg=896.41, 90=2018, 99=3469, 99.9=4135, 99.99=5931] 
2024-01-12 21:27:59:676 170 sec: 99888 operations; 1175.3 current ops/sec; est completion in 25 minutes [INSERT: Count=566, Max=140, Min=18, Avg=69.69, 90=104, 99=126, 99.9=140, 99.99=140] [SCAN: Count=11186, Max=850431, Min=23, Avg=887.19, 90=1637, 99=3423, 99.9=3993, 99.99=5495] 
2024-01-12 21:28:09:676 180 sec: 110264 operations; 1037.6 current ops/sec; est completion in 24 minutes [INSERT: Count=478, Max=163, Min=23, Avg=77.17, 90=113, 99=136, 99.9=163, 99.99=163] [SCAN: Count=9897, Max=5051, Min=20, Avg=1003.03, 90=2351, 99=3519, 99.9=4003, 99.99=4779] 
2024-01-12 21:28:19:676 190 sec: 121460 operations; 1119.6 current ops/sec; est completion in 22 minutes [INSERT: Count=541, Max=168, Min=24, Avg=77.82, 90=116, 99=139, 99.9=157, 99.99=168] [SCAN: Count=10658, Max=7555, Min=23, Avg=931.21, 90=2042, 99=3525, 99.9=4267, 99.99=7187] 
2024-01-12 21:28:29:676 200 sec: 131386 operations; 992.6 current ops/sec; est completion in 22 minutes [INSERT: Count=478, Max=170, Min=22, Avg=78.42, 90=116, 99=141, 99.9=170, 99.99=170] [SCAN: Count=9445, Max=796671, Min=13, Avg=1051.13, 90=2181, 99=3545, 99.9=4053, 99.99=4515] 
2024-01-12 21:28:39:676 210 sec: 141641 operations; 1025.5 current ops/sec; est completion in 21 minutes [INSERT: Count=510, Max=2451, Min=31, Avg=88.71, 90=128, 99=143, 99.9=152, 99.99=2451] [SCAN: Count=9746, Max=410623, Min=18, Avg=1018.34, 90=2077, 99=3525, 99.9=4061, 99.99=4431] 
2024-01-12 21:28:49:676 220 sec: 152961 operations; 1132 current ops/sec; est completion in 20 minutes [INSERT: Count=544, Max=158, Min=23, Avg=85.07, 90=122, 99=142, 99.9=158, 99.99=158] [SCAN: Count=10777, Max=5835, Min=18, Avg=920.34, 90=1836, 99=3465, 99.9=3867, 99.99=4479] 
2024-01-12 21:28:59:676 230 sec: 165179 operations; 1221.8 current ops/sec; est completion in 19 minutes [INSERT: Count=601, Max=157, Min=27, Avg=86.7, 90=125, 99=143, 99.9=155, 99.99=157] [SCAN: Count=11617, Max=4639, Min=19, Avg=853.03, 90=1756, 99=3381, 99.9=3729, 99.99=4023] 
2024-01-12 21:29:09:676 240 sec: 176906 operations; 1172.7 current ops/sec; est completion in 18 minutes [INSERT: Count=605, Max=158, Min=25, Avg=80.62, 90=120, 99=142, 99.9=152, 99.99=158] [SCAN: Count=11121, Max=1078271, Min=24, Avg=891.44, 90=1442, 99=1854, 99.9=3449, 99.99=5155] 
2024-01-12 21:29:19:676 250 sec: 191113 operations; 1420.7 current ops/sec; est completion in 17 minutes [INSERT: Count=735, Max=154, Min=27, Avg=79.26, 90=115, 99=135, 99.9=153, 99.99=154] [SCAN: Count=13472, Max=3799, Min=27, Avg=734.71, 90=1327, 99=1694, 99.9=1941, 99.99=2921] 
2024-01-12 21:29:29:676 260 sec: 207014 operations; 1590.1 current ops/sec; est completion in 16 minutes [INSERT: Count=797, Max=147, Min=20, Avg=72.76, 90=109, 99=134, 99.9=146, 99.99=147] [SCAN: Count=15103, Max=3013, Min=12, Avg=655.33, 90=1193, 99=1594, 99.9=1806, 99.99=2643] 
2024-01-12 21:29:39:676 270 sec: 222905 operations; 1589.1 current ops/sec; est completion in 15 minutes [INSERT: Count=782, Max=140, Min=25, Avg=77.47, 90=115, 99=134, 99.9=138, 99.99=140] [SCAN: Count=15111, Max=3221, Min=20, Avg=654.83, 90=1156, 99=1589, 99.9=1809, 99.99=2431] 
2024-01-12 21:29:49:676 280 sec: 237864 operations; 1495.9 current ops/sec; est completion in 14 minutes [INSERT: Count=789, Max=147, Min=20, Avg=71.87, 90=102, 99=126, 99.9=138, 99.99=147] [SCAN: Count=14169, Max=2747, Min=21, Avg=698.51, 90=1217, 99=1690, 99.9=1953, 99.99=2731] 
2024-01-12 21:29:59:676 290 sec: 254488 operations; 1662.4 current ops/sec; est completion in 14 minutes [INSERT: Count=826, Max=157, Min=18, Avg=66.92, 90=98, 99=121, 99.9=131, 99.99=157] [SCAN: Count=15798, Max=2483, Min=18, Avg=626.52, 90=1129, 99=1588, 99.9=1855, 99.99=2285] 
2024-01-12 21:30:09:676 300 sec: 274528 operations; 2004 current ops/sec; est completion in 13 minutes [INSERT: Count=987, Max=120, Min=19, Avg=59.37, 90=87, 99=104, 99.9=118, 99.99=120] [SCAN: Count=19054, Max=2625, Min=16, Avg=519.18, 90=902, 99=1336, 99.9=1582, 99.99=2071] 
2024-01-12 21:30:19:676 310 sec: 295188 operations; 2066 current ops/sec; est completion in 12 minutes [INSERT: Count=1059, Max=118, Min=20, Avg=60.14, 90=87, 99=104, 99.9=118, 99.99=118] [SCAN: Count=19600, Max=2943, Min=16, Avg=504.37, 90=877, 99=1292, 99.9=1577, 99.99=2483] 
2024-01-12 21:30:29:676 320 sec: 316218 operations; 2103 current ops/sec; est completion in 11 minutes [INSERT: Count=1053, Max=119, Min=19, Avg=61.65, 90=91, 99=107, 99.9=117, 99.99=119] [SCAN: Count=19977, Max=4127, Min=14, Avg=494.74, 90=859, 99=1242, 99.9=1531, 99.99=2885] 
2024-01-12 21:30:39:676 330 sec: 337861 operations; 2164.3 current ops/sec; est completion in 10 minutes [INSERT: Count=1021, Max=177, Min=20, Avg=64.62, 90=94, 99=108, 99.9=138, 99.99=177] [SCAN: Count=20622, Max=2373, Min=17, Avg=479.24, 90=830, 99=1198, 99.9=1448, 99.99=2301] 
2024-01-12 21:30:49:676 340 sec: 359976 operations; 2211.5 current ops/sec; est completion in 10 minutes [INSERT: Count=1087, Max=123, Min=21, Avg=62.68, 90=92, 99=108, 99.9=120, 99.99=123] [SCAN: Count=21027, Max=2639, Min=11, Avg=469.86, 90=815, 99=1175, 99.9=1414, 99.99=2265] 
2024-01-12 21:30:59:676 350 sec: 382378 operations; 2240.2 current ops/sec; est completion in 9 minutes [INSERT: Count=1092, Max=122, Min=19, Avg=62.36, 90=92, 99=113, 99.9=118, 99.99=122] [SCAN: Count=21311, Max=9983, Min=12, Avg=463.59, 90=808, 99=1122, 99.9=1423, 99.99=4223] 
2024-01-12 21:31:09:676 360 sec: 405066 operations; 2268.8 current ops/sec; est completion in 8 minutes [INSERT: Count=1107, Max=163, Min=20, Avg=60.39, 90=89, 99=108, 99.9=135, 99.99=163] [SCAN: Count=21582, Max=3301, Min=15, Avg=457.88, 90=798, 99=1087, 99.9=1369, 99.99=2379] 
2024-01-12 21:31:19:676 370 sec: 427796 operations; 2273 current ops/sec; est completion in 8 minutes [INSERT: Count=1106, Max=128, Min=20, Avg=60.2, 90=90, 99=107, 99.9=124, 99.99=128] [SCAN: Count=21623, Max=3561, Min=17, Avg=456.97, 90=795, 99=1043, 99.9=1452, 99.99=3463] 
2024-01-12 21:31:29:676 380 sec: 450867 operations; 2307.1 current ops/sec; est completion in 7 minutes [INSERT: Count=1189, Max=134, Min=19, Avg=62.54, 90=92, 99=113, 99.9=130, 99.99=134] [SCAN: Count=21881, Max=3979, Min=11, Avg=451.18, 90=787, 99=1013, 99.9=1542, 99.99=3567] 
2024-01-12 21:31:39:676 390 sec: 473970 operations; 2310.53 current ops/sec; est completion in 7 minutes [INSERT: Count=1173, Max=213, Min=19, Avg=59.61, 90=89, 99=110, 99.9=124, 99.99=213] [SCAN: Count=21932, Max=3599, Min=18, Avg=450.41, 90=785, 99=969, 99.9=1385, 99.99=3523] 
2024-01-12 21:31:49:676 400 sec: 497468 operations; 2349.8 current ops/sec; est completion in 6 minutes [INSERT: Count=1158, Max=191, Min=20, Avg=62.43, 90=93, 99=114, 99.9=131, 99.99=191] [SCAN: Count=22340, Max=3619, Min=12, Avg=442.01, 90=775, 99=955, 99.9=1287, 99.99=2907] 
2024-01-12 21:31:59:676 410 sec: 521023 operations; 2355.26 current ops/sec; est completion in 6 minutes [INSERT: Count=1217, Max=138, Min=20, Avg=61.8, 90=93, 99=115, 99.9=128, 99.99=138] [SCAN: Count=22337, Max=3171, Min=15, Avg=441.95, 90=773, 99=936, 99.9=1278, 99.99=2359] 
2024-01-12 21:32:09:676 420 sec: 543746 operations; 2272.3 current ops/sec; est completion in 5 minutes [INSERT: Count=1132, Max=142, Min=19, Avg=64.87, 90=97, 99=123, 99.9=139, 99.99=142] [SCAN: Count=21592, Max=2935, Min=17, Avg=457.33, 90=802, 99=995, 99.9=1250, 99.99=2777] 
2024-01-12 21:32:19:676 430 sec: 564199 operations; 2045.3 current ops/sec; est completion in 5 minutes [INSERT: Count=1043, Max=161, Min=26, Avg=74.72, 90=112, 99=144, 99.9=154, 99.99=161] [SCAN: Count=19410, Max=3427, Min=18, Avg=508.61, 90=884, 99=1038, 99.9=1423, 99.99=3171] 
2024-01-12 21:32:29:676 440 sec: 584891 operations; 2069.2 current ops/sec; est completion in 5 minutes [INSERT: Count=1063, Max=153, Min=22, Avg=72.48, 90=112, 99=143, 99.9=151, 99.99=153] [SCAN: Count=19627, Max=3689, Min=16, Avg=503.02, 90=874, 99=1031, 99.9=1475, 99.99=3543] 
2024-01-12 21:32:39:676 450 sec: 605586 operations; 2069.5 current ops/sec; est completion in 4 minutes [INSERT: Count=975, Max=1706, Min=25, Avg=76.47, 90=115, 99=152, 99.9=164, 99.99=1706] [SCAN: Count=19721, Max=3731, Min=17, Avg=500.75, 90=875, 99=1027, 99.9=1456, 99.99=3557] 
2024-01-12 21:32:49:676 460 sec: 626263 operations; 2067.91 current ops/sec; est completion in 4 minutes [INSERT: Count=1062, Max=167, Min=23, Avg=76.51, 90=120, 99=150, 99.9=164, 99.99=167] [SCAN: Count=19615, Max=3201, Min=19, Avg=503.15, 90=874, 99=1021, 99.9=1304, 99.99=2723] 
2024-01-12 21:32:59:676 470 sec: 647221 operations; 2095.59 current ops/sec; est completion in 4 minutes [INSERT: Count=1063, Max=245, Min=21, Avg=71.69, 90=116, 99=150, 99.9=172, 99.99=245] [SCAN: Count=19895, Max=3117, Min=14, Avg=496.29, 90=870, 99=1019, 99.9=1291, 99.99=2563] 
2024-01-12 21:33:09:676 480 sec: 667930 operations; 2070.9 current ops/sec; est completion in 3 minutes [INSERT: Count=1022, Max=296, Min=23, Avg=74.94, 90=119, 99=154, 99.9=175, 99.99=296] [SCAN: Count=19688, Max=2771, Min=18, Avg=501.48, 90=874, 99=1021, 99.9=1248, 99.99=2595] 
2024-01-12 21:33:19:676 490 sec: 688742 operations; 2081.2 current ops/sec; est completion in 3 minutes [INSERT: Count=1037, Max=167, Min=25, Avg=75.13, 90=120, 99=152, 99.9=164, 99.99=167] [SCAN: Count=19774, Max=2853, Min=13, Avg=499.19, 90=873, 99=1020, 99.9=1222, 99.99=2489] 
2024-01-12 21:33:29:676 500 sec: 709482 operations; 2074 current ops/sec; est completion in 3 minutes [INSERT: Count=1026, Max=172, Min=23, Avg=76.28, 90=121, 99=151, 99.9=168, 99.99=172] [SCAN: Count=19715, Max=17935, Min=15, Avg=500.68, 90=872, 99=1015, 99.9=1232, 99.99=2607] 
2024-01-12 21:33:39:676 510 sec: 730245 operations; 2076.3 current ops/sec; est completion in 3 minutes [INSERT: Count=1005, Max=177, Min=25, Avg=78.13, 90=125, 99=155, 99.9=167, 99.99=177] [SCAN: Count=19757, Max=2787, Min=13, Avg=499.59, 90=872, 99=1012, 99.9=1265, 99.99=2051] 
2024-01-12 21:33:49:676 520 sec: 751182 operations; 2093.7 current ops/sec; est completion in 2 minutes [INSERT: Count=1074, Max=167, Min=21, Avg=75.83, 90=123, 99=155, 99.9=166, 99.99=167] [SCAN: Count=19863, Max=2671, Min=15, Avg=496.76, 90=869, 99=1009, 99.9=1104, 99.99=2451] 
2024-01-12 21:33:59:676 530 sec: 772161 operations; 2097.9 current ops/sec; est completion in 2 minutes [INSERT: Count=1101, Max=166, Min=23, Avg=75.07, 90=120, 99=149, 99.9=166, 99.99=166] [SCAN: Count=19877, Max=2455, Min=17, Avg=496.38, 90=867, 99=1011, 99.9=1085, 99.99=2121] 
2024-01-12 21:34:09:676 540 sec: 793191 operations; 2103 current ops/sec; est completion in 2 minutes [INSERT: Count=1095, Max=184, Min=24, Avg=75.11, 90=122, 99=150, 99.9=168, 99.99=184] [SCAN: Count=19936, Max=5539, Min=12, Avg=494.97, 90=868, 99=1004, 99.9=1092, 99.99=2277] 
2024-01-12 21:34:19:676 550 sec: 814162 operations; 2097.1 current ops/sec; est completion in 2 minutes [INSERT: Count=1056, Max=180, Min=25, Avg=76.47, 90=121, 99=154, 99.9=173, 99.99=180] [SCAN: Count=19916, Max=2479, Min=23, Avg=495.55, 90=866, 99=1004, 99.9=1071, 99.99=2175] 
2024-01-12 21:34:29:676 560 sec: 835119 operations; 2095.91 current ops/sec; est completion in 1 minute [INSERT: Count=995, Max=183, Min=24, Avg=79.37, 90=128, 99=165, 99.9=170, 99.99=183] [SCAN: Count=19960, Max=2661, Min=20, Avg=494.52, 90=865, 99=1007, 99.9=1082, 99.99=2351] 
2024-01-12 21:34:39:676 570 sec: 855912 operations; 2079.09 current ops/sec; est completion in 1 minute [INSERT: Count=1038, Max=176, Min=26, Avg=81.71, 90=129, 99=161, 99.9=174, 99.99=176] [SCAN: Count=19757, Max=2725, Min=19, Avg=499.36, 90=871, 99=1008, 99.9=1105, 99.99=2393] 
2024-01-12 21:34:49:676 580 sec: 876902 operations; 2099.21 current ops/sec; est completion in 1 minute [INSERT: Count=1086, Max=175, Min=24, Avg=78.07, 90=124, 99=156, 99.9=172, 99.99=175] [SCAN: Count=19903, Max=2637, Min=14, Avg=495.63, 90=867, 99=1001, 99.9=1073, 99.99=2403] 
2024-01-12 21:34:59:676 590 sec: 897974 operations; 2106.99 current ops/sec; est completion in 1 minute [INSERT: Count=1039, Max=169, Min=21, Avg=76.77, 90=127, 99=156, 99.9=167, 99.99=169] [SCAN: Count=20032, Max=3945, Min=15, Avg=492.72, 90=864, 99=1006, 99.9=1081, 99.99=2057] 
2024-01-12 21:35:09:676 600 sec: 918962 operations; 2098.8 current ops/sec; est completion in 53 seconds [INSERT: Count=1062, Max=1499, Min=23, Avg=80.17, 90=126, 99=154, 99.9=178, 99.99=1499] [SCAN: Count=19926, Max=2669, Min=16, Avg=495.03, 90=866, 99=1013, 99.9=1245, 99.99=2493] 
2024-01-12 21:35:19:676 610 sec: 940002 operations; 2104 current ops/sec; est completion in 39 seconds [INSERT: Count=1083, Max=265, Min=21, Avg=76.29, 90=125, 99=158, 99.9=180, 99.99=265] [SCAN: Count=19958, Max=2567, Min=18, Avg=494.39, 90=864, 99=1005, 99.9=1161, 99.99=2309] 
2024-01-12 21:35:29:676 620 sec: 961279 operations; 2127.91 current ops/sec; est completion in 25 seconds [INSERT: Count=1089, Max=355, Min=23, Avg=76.34, 90=125, 99=155, 99.9=174, 99.99=355] [SCAN: Count=20189, Max=4739, Min=13, Avg=488.69, 90=857, 99=995, 99.9=1063, 99.99=2803] 
2024-01-12 21:35:39:676 630 sec: 982743 operations; 2146.4 current ops/sec; est completion in 12 seconds [INSERT: Count=1058, Max=168, Min=23, Avg=76.51, 90=125, 99=156, 99.9=166, 99.99=168] [SCAN: Count=20405, Max=3159, Min=19, Avg=483.63, 90=849, 99=984, 99.9=1051, 99.99=2297] 
2024-01-12 21:35:47:704 638 sec: 1000000 operations; 2149.33 current ops/sec; [CLEANUP: Count=1, Max=14855, Min=14848, Avg=14852, 90=14855, 99=14855, 99.9=14855, 99.99=14855] [INSERT: Count=858, Max=2557, Min=22, Avg=77.6, 90=122, 99=154, 99.9=181, 99.99=2557] [SCAN: Count=16398, Max=3429, Min=18, Avg=482.07, 90=843, 99=984, 99.9=1178, 99.99=3291] 
