[WARN]  Running against a source checkout. In order to get our runtime dependencies we'll have to invoke Maven. Depending on the state of your system, this may take ~30-45 seconds
[DEBUG]  Running 'mvn -pl site.ycsb:rocksdb-binding -am package -DskipTests dependency:build-classpath -DincludeScope=compile -Dmdep.outputFilterFile=true'
java -cp /home/user/src/rocksdb-cheops-2024/ycsb/rocksdb/conf:/home/user/src/rocksdb-cheops-2024/ycsb/rocksdb/target/rocksdb-binding-0.18.0-SNAPSHOT.jar:/root/.m2/repository/org/apache/htrace/htrace-core4/4.1.0-incubating/htrace-core4-4.1.0-incubating.jar:/root/.m2/repository/org/slf4j/slf4j-api/1.7.25/slf4j-api-1.7.25.jar:/home/user/src/rocksdb-cheops-2024/rocksdb-ycsb/java/target/rocksdbjni-7.4.3-linux64.jar:/root/.m2/repository/net/jcip/jcip-annotations/1.0/jcip-annotations-1.0.jar:/root/.m2/repository/org/hdrhistogram/HdrHistogram/2.1.4/HdrHistogram-2.1.4.jar:/root/.m2/repository/org/codehaus/jackson/jackson-mapper-asl/1.9.4/jackson-mapper-asl-1.9.4.jar:/lib/libzbd.so.1:/root/.m2/repository/org/codehaus/jackson/jackson-core-asl/1.9.4/jackson-core-asl-1.9.4.jar:/home/user/src/rocksdb-cheops-2024/rocksdb-ycsb/java/target/librocksdbjni-linux64.so:/home/user/src/rocksdb-cheops-2024/ycsb/core/target/core-0.18.0-SNAPSHOT.jar site.ycsb.Client -db site.ycsb.db.rocksdb.RocksDBClient -s -P ./workloads/workloade -p recordcount=5242880 -p operationcount=1000000 -p fieldlength=386 -p fieldcount=10 -t
Command line: -db site.ycsb.db.rocksdb.RocksDBClient -s -P ./workloads/workloade -p recordcount=5242880 -p operationcount=1000000 -p fieldlength=386 -p fieldcount=10 -t
YCSB Client 0.18.0-SNAPSHOT

Loading workload...
Starting test.
SLF4J: Failed to load class "org.slf4j.impl.StaticLoggerBinder".
SLF4J: Defaulting to no-operation (NOP) logger implementation
SLF4J: See http://www.slf4j.org/codes.html#StaticLoggerBinder for further details.
2024-01-12 22:34:43:962 0 sec: 0 operations; est completion in 0 second 
Leet YCSB 
2024-01-12 22:34:53:924 10 sec: 0 operations; est completion in 106751991167300 days 15 hours 
2024-01-12 22:35:03:924 20 sec: 0 operations; est completion in 106751991167300 days 15 hours 
2024-01-12 22:35:13:924 30 sec: 0 operations; est completion in 106751991167300 days 15 hours 
DBWrapper: report latency for each error is false and specific error codes to track for latency are: []
2024-01-12 22:35:23:930 40 sec: 242 operations; 24.19 current ops/sec; est completion in 1 day 21 hours [INSERT: Count=17, Max=1753, Min=150, Avg=386.65, 90=335, 99=1753, 99.9=1753, 99.99=1753] [SCAN: Count=227, Max=16735, Min=100, Avg=4036.78, 90=5651, 99=6751, 99.9=16735, 99.99=16735] 
2024-01-12 22:35:33:924 50 sec: 3481 operations; 324.09 current ops/sec; est completion in 3 hours 58 minutes [INSERT: Count=170, Max=387, Min=77, Avg=167.22, 90=205, 99=309, 99.9=387, 99.99=387] [SCAN: Count=3068, Max=8447, Min=60, Avg=3227.88, 90=5467, 99=6247, 99.9=7719, 99.99=8447] 
2024-01-12 22:35:43:924 60 sec: 7716 operations; 423.5 current ops/sec; est completion in 2 hours 8 minutes [INSERT: Count=204, Max=230, Min=45, Avg=119.75, 90=150, 99=186, 99.9=230, 99.99=230] [SCAN: Count=4032, Max=10399, Min=63, Avg=2463.01, 90=4871, 99=5671, 99.9=7439, 99.99=10399] 
2024-01-12 22:35:53:924 70 sec: 12856 operations; 514 current ops/sec; est completion in 1 hour 29 minutes [INSERT: Count=239, Max=205, Min=41, Avg=104.96, 90=126, 99=163, 99.9=205, 99.99=205] [SCAN: Count=4899, Max=12031, Min=43, Avg=2028.76, 90=4491, 99=5415, 99.9=7319, 99.99=12031] 
2024-01-12 22:36:03:924 80 sec: 18868 operations; 601.2 current ops/sec; est completion in 1 hour 9 minutes [INSERT: Count=288, Max=185, Min=34, Avg=101.24, 90=127, 99=144, 99.9=185, 99.99=185] [SCAN: Count=5725, Max=14815, Min=44, Avg=1735.75, 90=4079, 99=5307, 99.9=6555, 99.99=9783] 
2024-01-12 22:36:13:924 90 sec: 26138 operations; 727 current ops/sec; est completion in 55 minutes [INSERT: Count=342, Max=141, Min=27, Avg=100.33, 90=126, 99=136, 99.9=141, 99.99=141] [SCAN: Count=6928, Max=11719, Min=37, Avg=1432.7, 90=3237, 99=5027, 99.9=5679, 99.99=7303] 
2024-01-12 22:36:23:924 100 sec: 34544 operations; 840.6 current ops/sec; est completion in 46 minutes [INSERT: Count=401, Max=156, Min=29, Avg=93.74, 90=122, 99=141, 99.9=156, 99.99=156] [SCAN: Count=8005, Max=7139, Min=43, Avg=1239.36, 90=2757, 99=4711, 99.9=5347, 99.99=7059] 
2024-01-12 22:36:33:924 110 sec: 44229 operations; 968.5 current ops/sec; est completion in 39 minutes [INSERT: Count=475, Max=175, Min=29, Avg=88.71, 90=112, 99=134, 99.9=175, 99.99=175] [SCAN: Count=9211, Max=6871, Min=25, Avg=1076.08, 90=2223, 99=3721, 99.9=5043, 99.99=6623] 
2024-01-12 22:36:43:924 120 sec: 49461 operations; 523.2 current ops/sec; est completion in 38 minutes [INSERT: Count=261, Max=128, Min=27, Avg=88.63, 90=110, 99=119, 99.9=128, 99.99=128] [SCAN: Count=4970, Max=640511, Min=27, Avg=2001.4, 90=4775, 99=5931, 99.9=6575, 99.99=640511] 
2024-01-12 22:36:53:924 130 sec: 54575 operations; 511.4 current ops/sec; est completion in 37 minutes [INSERT: Count=236, Max=173, Min=34, Avg=93.55, 90=115, 99=131, 99.9=173, 99.99=173] [SCAN: Count=4877, Max=11007, Min=27, Avg=2039.1, 90=4959, 99=6059, 99.9=7487, 99.99=11007] 
2024-01-12 22:37:03:924 140 sec: 61147 operations; 657.2 current ops/sec; est completion in 35 minutes [INSERT: Count=360, Max=148, Min=27, Avg=92.45, 90=113, 99=139, 99.9=148, 99.99=148] [SCAN: Count=6214, Max=8671, Min=26, Avg=1598.59, 90=3979, 99=5843, 99.9=6603, 99.99=7795] 
2024-01-12 22:37:13:924 150 sec: 71224 operations; 1007.7 current ops/sec; est completion in 32 minutes [INSERT: Count=505, Max=140, Min=28, Avg=85.02, 90=113, 99=127, 99.9=135, 99.99=140] [SCAN: Count=9570, Max=284927, Min=24, Avg=1036.42, 90=1838, 99=3701, 99.9=5771, 99.99=244735] 
2024-01-12 22:37:23:924 160 sec: 80873 operations; 964.9 current ops/sec; est completion in 30 minutes [INSERT: Count=445, Max=266, Min=31, Avg=93.41, 90=118, 99=133, 99.9=266, 99.99=266] [SCAN: Count=9205, Max=7099, Min=26, Avg=1078.45, 90=2587, 99=3765, 99.9=4319, 99.99=7011] 
2024-01-12 22:37:33:924 170 sec: 92259 operations; 1138.49 current ops/sec; est completion in 27 minutes [INSERT: Count=610, Max=147, Min=36, Avg=86.19, 90=107, 99=128, 99.9=133, 99.99=147] [SCAN: Count=10776, Max=8383, Min=18, Avg=919.16, 90=1913, 99=3603, 99.9=4359, 99.99=5927] 
2024-01-12 22:37:43:924 180 sec: 101219 operations; 896 current ops/sec; est completion in 26 minutes [INSERT: Count=428, Max=150, Min=37, Avg=86.95, 90=110, 99=135, 99.9=150, 99.99=150] [SCAN: Count=8534, Max=805375, Min=24, Avg=1163.92, 90=2503, 99=3631, 99.9=4295, 99.99=6363] 
2024-01-12 22:37:53:924 190 sec: 111702 operations; 1048.4 current ops/sec; est completion in 25 minutes [INSERT: Count=537, Max=134, Min=37, Avg=83.21, 90=103, 99=123, 99.9=131, 99.99=134] [SCAN: Count=9944, Max=5263, Min=21, Avg=997.63, 90=2349, 99=3527, 99.9=4065, 99.99=4211] 
2024-01-12 22:38:03:924 200 sec: 120553 operations; 885.01 current ops/sec; est completion in 24 minutes [INSERT: Count=477, Max=160, Min=29, Avg=86.33, 90=107, 99=123, 99.9=160, 99.99=160] [SCAN: Count=8374, Max=755199, Min=16, Avg=1185.89, 90=2485, 99=3639, 99.9=4359, 99.99=8107] 
2024-01-12 22:38:13:924 210 sec: 130946 operations; 1039.4 current ops/sec; est completion in 23 minutes [INSERT: Count=532, Max=171, Min=36, Avg=88.04, 90=113, 99=133, 99.9=145, 99.99=171] [SCAN: Count=9861, Max=5611, Min=25, Avg=1006.18, 90=2287, 99=3475, 99.9=4025, 99.99=4719] 
2024-01-12 22:38:23:924 220 sec: 143299 operations; 1235.3 current ops/sec; est completion in 21 minutes [INSERT: Count=641, Max=145, Min=33, Avg=85.17, 90=106, 99=126, 99.9=144, 99.99=145] [SCAN: Count=11712, Max=4435, Min=15, Avg=846.19, 90=1927, 99=3315, 99.9=3807, 99.99=4251] 
2024-01-12 22:38:33:924 230 sec: 155367 operations; 1206.8 current ops/sec; est completion in 20 minutes [INSERT: Count=620, Max=144, Min=27, Avg=80.14, 90=103, 99=124, 99.9=136, 99.99=144] [SCAN: Count=11448, Max=1153023, Min=21, Avg=866.16, 90=1415, 99=2977, 99.9=3809, 99.99=4419] 
2024-01-12 22:38:43:924 240 sec: 170721 operations; 1535.4 current ops/sec; est completion in 19 minutes [INSERT: Count=742, Max=161, Min=24, Avg=69.44, 90=88, 99=103, 99.9=115, 99.99=161] [SCAN: Count=14612, Max=3159, Min=14, Avg=678, 90=1245, 99=1579, 99.9=1867, 99.99=2331] 
2024-01-12 22:38:53:924 250 sec: 187276 operations; 1655.5 current ops/sec; est completion in 18 minutes [INSERT: Count=840, Max=120, Min=19, Avg=67.64, 90=84, 99=104, 99.9=119, 99.99=120] [SCAN: Count=15715, Max=2763, Min=19, Avg=629.93, 90=1160, 99=1515, 99.9=1760, 99.99=2002] 
2024-01-12 22:39:03:924 260 sec: 204767 operations; 1749.1 current ops/sec; est completion in 16 minutes [INSERT: Count=866, Max=115, Min=20, Avg=68.45, 90=86, 99=101, 99.9=115, 99.99=115] [SCAN: Count=16627, Max=3665, Min=18, Avg=595.16, 90=1075, 99=1481, 99.9=1690, 99.99=2659] 
2024-01-12 22:39:13:924 270 sec: 222347 operations; 1758 current ops/sec; est completion in 15 minutes [INSERT: Count=881, Max=114, Min=29, Avg=70.78, 90=88, 99=103, 99.9=112, 99.99=114] [SCAN: Count=16697, Max=2969, Min=19, Avg=592.46, 90=1068, 99=1499, 99.9=1799, 99.99=2619] 
2024-01-12 22:39:23:924 280 sec: 239578 operations; 1723.1 current ops/sec; est completion in 14 minutes [INSERT: Count=859, Max=123, Min=31, Avg=78.2, 90=97, 99=113, 99.9=123, 99.99=123] [SCAN: Count=16373, Max=2677, Min=22, Avg=603.9, 90=1061, 99=1496, 99.9=1763, 99.99=2371] 
2024-01-12 22:39:33:924 290 sec: 257663 operations; 1808.5 current ops/sec; est completion in 13 minutes [INSERT: Count=853, Max=126, Min=22, Avg=74.06, 90=92, 99=109, 99.9=115, 99.99=126] [SCAN: Count=17232, Max=2957, Min=18, Avg=573.97, 90=1016, 99=1434, 99.9=1675, 99.99=2319] 
2024-01-12 22:39:43:924 300 sec: 276902 operations; 1923.9 current ops/sec; est completion in 13 minutes [INSERT: Count=950, Max=117, Min=24, Avg=72.83, 90=90, 99=106, 99.9=116, 99.99=117] [SCAN: Count=18289, Max=3087, Min=15, Avg=540.38, 90=949, 99=1364, 99.9=1633, 99.99=2273] 
2024-01-12 22:39:53:924 310 sec: 295064 operations; 1816.2 current ops/sec; est completion in 12 minutes [INSERT: Count=940, Max=136, Min=35, Avg=79.53, 90=98, 99=115, 99.9=131, 99.99=136] [SCAN: Count=17221, Max=2391, Min=14, Avg=573.67, 90=992, 99=1386, 99.9=1626, 99.99=1999] 
2024-01-12 22:40:03:924 320 sec: 313426 operations; 1836.2 current ops/sec; est completion in 11 minutes [INSERT: Count=911, Max=288, Min=37, Avg=82.85, 90=103, 99=122, 99.9=144, 99.99=288] [SCAN: Count=17452, Max=2715, Min=19, Avg=565.88, 90=977, 99=1354, 99.9=1633, 99.99=2587] 
2024-01-12 22:40:13:924 330 sec: 332165 operations; 1873.9 current ops/sec; est completion in 11 minutes [INSERT: Count=969, Max=225, Min=35, Avg=82.94, 90=105, 99=124, 99.9=133, 99.99=225] [SCAN: Count=17770, Max=2297, Min=19, Avg=555.53, 90=965, 99=1307, 99.9=1591, 99.99=2085] 
2024-01-12 22:40:23:924 340 sec: 351141 operations; 1897.6 current ops/sec; est completion in 10 minutes [INSERT: Count=914, Max=140, Min=39, Avg=84.64, 90=109, 99=127, 99.9=140, 99.99=140] [SCAN: Count=18061, Max=4339, Min=19, Avg=546.7, 90=955, 99=1282, 99.9=1574, 99.99=2367] 
2024-01-12 22:40:33:924 350 sec: 370405 operations; 1926.4 current ops/sec; est completion in 9 minutes [INSERT: Count=965, Max=137, Min=26, Avg=84.29, 90=107, 99=127, 99.9=134, 99.99=137] [SCAN: Count=18299, Max=2627, Min=20, Avg=539.39, 90=942, 99=1235, 99.9=1533, 99.99=2143] 
2024-01-12 22:40:43:924 360 sec: 389758 operations; 1935.3 current ops/sec; est completion in 9 minutes [INSERT: Count=975, Max=345, Min=42, Avg=84.62, 90=106, 99=128, 99.9=147, 99.99=345] [SCAN: Count=18380, Max=2819, Min=13, Avg=536.96, 90=939, 99=1226, 99.9=1589, 99.99=2643] 
2024-01-12 22:40:53:924 370 sec: 409399 operations; 1964.1 current ops/sec; est completion in 8 minutes [INSERT: Count=940, Max=136, Min=36, Avg=81.47, 90=103, 99=128, 99.9=136, 99.99=136] [SCAN: Count=18699, Max=2853, Min=16, Avg=528.05, 90=928, 99=1177, 99.9=1477, 99.99=2433] 
2024-01-12 22:41:03:924 380 sec: 429142 operations; 1974.3 current ops/sec; est completion in 8 minutes [INSERT: Count=965, Max=155, Min=26, Avg=84.16, 90=108, 99=131, 99.9=139, 99.99=155] [SCAN: Count=18779, Max=2415, Min=21, Avg=525.58, 90=917, 99=1133, 99.9=1490, 99.99=2181] 
2024-01-12 22:41:13:924 390 sec: 448802 operations; 1966 current ops/sec; est completion in 7 minutes [INSERT: Count=961, Max=141, Min=26, Avg=82.59, 90=106, 99=127, 99.9=135, 99.99=141] [SCAN: Count=18698, Max=2753, Min=20, Avg=527.98, 90=925, 99=1120, 99.9=1421, 99.99=2511] 
2024-01-12 22:41:23:924 400 sec: 468659 operations; 1985.7 current ops/sec; est completion in 7 minutes [INSERT: Count=1018, Max=149, Min=27, Avg=79.89, 90=101, 99=123, 99.9=135, 99.99=149] [SCAN: Count=18839, Max=9479, Min=19, Avg=523.86, 90=916, 99=1110, 99.9=1572, 99.99=7811] 
2024-01-12 22:41:33:924 410 sec: 488755 operations; 2009.6 current ops/sec; est completion in 7 minutes [INSERT: Count=927, Max=149, Min=24, Avg=84.71, 90=109, 99=131, 99.9=147, 99.99=149] [SCAN: Count=19168, Max=2901, Min=19, Avg=515.04, 90=904, 99=1076, 99.9=1408, 99.99=2549] 
2024-01-12 22:41:43:924 420 sec: 508896 operations; 2013.9 current ops/sec; est completion in 6 minutes [INSERT: Count=970, Max=157, Min=34, Avg=86.64, 90=111, 99=138, 99.9=154, 99.99=157] [SCAN: Count=19171, Max=2715, Min=21, Avg=514.69, 90=904, 99=1066, 99.9=1391, 99.99=2445] 
2024-01-12 22:41:53:924 430 sec: 528951 operations; 2005.7 current ops/sec; est completion in 6 minutes [INSERT: Count=984, Max=155, Min=38, Avg=86.64, 90=112, 99=139, 99.9=152, 99.99=155] [SCAN: Count=19072, Max=3129, Min=17, Avg=517.31, 90=903, 99=1061, 99.9=1338, 99.99=2341] 
2024-01-12 22:42:03:924 440 sec: 549175 operations; 2022.4 current ops/sec; est completion in 6 minutes [INSERT: Count=1058, Max=158, Min=38, Avg=85.36, 90=109, 99=140, 99.9=154, 99.99=158] [SCAN: Count=19166, Max=3903, Min=18, Avg=514.5, 90=896, 99=1054, 99.9=1264, 99.99=2555] 
2024-01-12 22:42:13:924 450 sec: 571801 operations; 2262.6 current ops/sec; est completion in 5 minutes [INSERT: Count=1160, Max=138, Min=26, Avg=79.78, 90=99, 99=122, 99.9=138, 99.99=138] [SCAN: Count=21465, Max=3707, Min=20, Avg=459.16, 90=806, 99=951, 99.9=1258, 99.99=3535] 
2024-01-12 22:42:23:924 460 sec: 594512 operations; 2271.1 current ops/sec; est completion in 5 minutes [INSERT: Count=1159, Max=149, Min=33, Avg=79.76, 90=100, 99=129, 99.9=138, 99.99=149] [SCAN: Count=21554, Max=3641, Min=16, Avg=457.32, 90=798, 99=943, 99.9=1379, 99.99=3519] 
2024-01-12 22:42:33:924 470 sec: 617440 operations; 2292.8 current ops/sec; est completion in 4 minutes [INSERT: Count=1138, Max=160, Min=36, Avg=80.83, 90=103, 99=132, 99.9=143, 99.99=160] [SCAN: Count=21788, Max=3625, Min=13, Avg=452.33, 90=794, 99=940, 99.9=1674, 99.99=3605] 
2024-01-12 22:42:43:924 480 sec: 640446 operations; 2300.6 current ops/sec; est completion in 4 minutes [INSERT: Count=1206, Max=330, Min=31, Avg=80.01, 90=101, 99=129, 99.9=149, 99.99=330] [SCAN: Count=21802, Max=3295, Min=15, Avg=451.86, 90=791, 99=929, 99.9=1114, 99.99=3087] 
2024-01-12 22:42:53:924 490 sec: 663581 operations; 2313.5 current ops/sec; est completion in 4 minutes [INSERT: Count=1157, Max=260, Min=31, Avg=76.1, 90=95, 99=122, 99.9=132, 99.99=260] [SCAN: Count=21977, Max=3125, Min=19, Avg=448.64, 90=786, 99=927, 99.9=1208, 99.99=3001] 
2024-01-12 22:43:03:924 500 sec: 686558 operations; 2297.7 current ops/sec; est completion in 3 minutes [INSERT: Count=1130, Max=152, Min=33, Avg=76.37, 90=98, 99=124, 99.9=143, 99.99=152] [SCAN: Count=21848, Max=3575, Min=18, Avg=451.4, 90=787, 99=924, 99.9=1263, 99.99=3527] 
2024-01-12 22:43:13:924 510 sec: 709576 operations; 2301.8 current ops/sec; est completion in 3 minutes [INSERT: Count=1165, Max=213, Min=22, Avg=76.69, 90=97, 99=123, 99.9=140, 99.99=213] [SCAN: Count=21853, Max=3299, Min=20, Avg=451.16, 90=792, 99=930, 99.9=1074, 99.99=2343] 
2024-01-12 22:43:23:924 520 sec: 732592 operations; 2301.6 current ops/sec; est completion in 3 minutes [INSERT: Count=1104, Max=139, Min=25, Avg=77.26, 90=99, 99=125, 99.9=139, 99.99=139] [SCAN: Count=21911, Max=3523, Min=18, Avg=450.12, 90=791, 99=927, 99.9=1169, 99.99=3477] 
2024-01-12 22:43:33:924 530 sec: 755541 operations; 2294.9 current ops/sec; est completion in 2 minutes [INSERT: Count=1077, Max=142, Min=35, Avg=78.1, 90=101, 99=123, 99.9=141, 99.99=142] [SCAN: Count=21872, Max=3545, Min=17, Avg=451.04, 90=791, 99=923, 99.9=1138, 99.99=3361] 
2024-01-12 22:43:43:924 540 sec: 778546 operations; 2300.5 current ops/sec; est completion in 2 minutes [INSERT: Count=1133, Max=142, Min=33, Avg=77.55, 90=100, 99=127, 99.9=140, 99.99=142] [SCAN: Count=21871, Max=18559, Min=16, Avg=450.82, 90=789, 99=922, 99.9=1059, 99.99=2293] 
2024-01-12 22:43:53:925 550 sec: 801472 operations; 2292.37 current ops/sec; est completion in 2 minutes [INSERT: Count=1170, Max=346, Min=21, Avg=79.24, 90=101, 99=127, 99.9=143, 99.99=346] [SCAN: Count=21759, Max=2773, Min=13, Avg=453.02, 90=794, 99=925, 99.9=1291, 99.99=2297] 
2024-01-12 22:44:03:924 560 sec: 824534 operations; 2306.43 current ops/sec; est completion in 2 minutes [INSERT: Count=1100, Max=145, Min=26, Avg=82.47, 90=106, 99=132, 99.9=144, 99.99=145] [SCAN: Count=21960, Max=2301, Min=19, Avg=448.78, 90=789, 99=921, 99.9=1014, 99.99=2049] 
2024-01-12 22:44:13:924 570 sec: 847463 operations; 2292.67 current ops/sec; est completion in 1 minute [INSERT: Count=1193, Max=206, Min=30, Avg=81.3, 90=101, 99=132, 99.9=157, 99.99=206] [SCAN: Count=21737, Max=2601, Min=12, Avg=453.19, 90=794, 99=927, 99.9=1129, 99.99=2581] 
2024-01-12 22:44:23:924 580 sec: 870682 operations; 2322.13 current ops/sec; est completion in 1 minute [INSERT: Count=1192, Max=150, Min=21, Avg=78.77, 90=102, 99=128, 99.9=141, 99.99=150] [SCAN: Count=22026, Max=2567, Min=18, Avg=447.33, 90=788, 99=919, 99.9=1009, 99.99=2387] 
2024-01-12 22:44:33:924 590 sec: 893788 operations; 2310.6 current ops/sec; est completion in 1 minute [INSERT: Count=1194, Max=142, Min=22, Avg=80.37, 90=102, 99=128, 99.9=141, 99.99=142] [SCAN: Count=21912, Max=2675, Min=16, Avg=449.62, 90=788, 99=918, 99.9=992, 99.99=2203] 
2024-01-12 22:44:43:924 600 sec: 916904 operations; 2311.6 current ops/sec; est completion in 55 seconds [INSERT: Count=1145, Max=137, Min=24, Avg=78.69, 90=101, 99=123, 99.9=136, 99.99=137] [SCAN: Count=21972, Max=2381, Min=20, Avg=448.65, 90=785, 99=913, 99.9=986, 99.99=2151] 
2024-01-12 22:44:53:924 610 sec: 940082 operations; 2317.8 current ops/sec; est completion in 39 seconds [INSERT: Count=1186, Max=158, Min=33, Avg=81.43, 90=104, 99=130, 99.9=156, 99.99=158] [SCAN: Count=21991, Max=2539, Min=17, Avg=447.96, 90=788, 99=919, 99.9=987, 99.99=2451] 
2024-01-12 22:45:03:924 620 sec: 963275 operations; 2319.3 current ops/sec; est completion in 24 seconds [INSERT: Count=1156, Max=151, Min=37, Avg=82.06, 90=105, 99=134, 99.9=150, 99.99=151] [SCAN: Count=22038, Max=2447, Min=22, Avg=447.08, 90=784, 99=910, 99.9=972, 99.99=2283] 
2024-01-12 22:45:13:924 630 sec: 986613 operations; 2333.8 current ops/sec; est completion in 9 second [INSERT: Count=1221, Max=145, Min=25, Avg=81.44, 90=103, 99=132, 99.9=144, 99.99=145] [SCAN: Count=22116, Max=2295, Min=16, Avg=445.31, 90=785, 99=912, 99.9=982, 99.99=2155] 
2024-01-12 22:45:19:802 635 sec: 1000000 operations; 2277.09 current ops/sec; [CLEANUP: Count=1, Max=22591, Min=22576, Avg=22584, 90=22591, 99=22591, 99.9=22591, 99.99=22591] [INSERT: Count=644, Max=156, Min=36, Avg=85.7, 90=110, 99=136, 99.9=144, 99.99=156] [SCAN: Count=12742, Max=2613, Min=17, Avg=452.71, 90=790, 99=914, 99.9=976, 99.99=2133] 
