[OVERALL], RunTime(ms), 1612818
[OVERALL], Throughput(ops/sec), 3250.7573700194316
[TOTAL_GCS_G1_Young_Generation], Count, 130
[TOTAL_GC_TIME_G1_Young_Generation], Time(ms), 245
[TOTAL_GC_TIME_%_G1_Young_Generation], Time(%), 0.015190802682013718
[TOTAL_GCS_G1_Old_Generation], Count, 0
[TOTAL_GC_TIME_G1_Old_Generation], Time(ms), 0
[TOTAL_GC_TIME_%_G1_Old_Generation], Time(%), 0.0
[TOTAL_GCs], Count, 130
[TOTAL_GC_TIME], Time(ms), 245
[TOTAL_GC_TIME_%], Time(%), 0.015190802682013718
[CLEANUP], Operations, 1
[CLEANUP], AverageLatency(us), 57616.0
[CLEANUP], MinLatency(us), 57600
[CLEANUP], MaxLatency(us), 57631
[CLEANUP], 95thPercentileLatency(us), 57631
[CLEANUP], 99thPercentileLatency(us), 57631
[INSERT], Operations, 5242880
[INSERT], AverageLatency(us), 304.8985776901245
[INSERT], MinLatency(us), 14
[INSERT], MaxLatency(us), 50495
[INSERT], 95thPercentileLatency(us), 592
[INSERT], 99thPercentileLatency(us), 1098
[INSERT], Return=OK, 5242880
