[WARN]  Running against a source checkout. In order to get our runtime dependencies we'll have to invoke Maven. Depending on the state of your system, this may take ~30-45 seconds
[DEBUG]  Running 'mvn -pl site.ycsb:rocksdb-binding -am package -DskipTests dependency:build-classpath -DincludeScope=compile -Dmdep.outputFilterFile=true'
java -cp /home/user/src/rocksdb-cheops-2024/ycsb/rocksdb/conf:/home/user/src/rocksdb-cheops-2024/ycsb/rocksdb/target/rocksdb-binding-0.18.0-SNAPSHOT.jar:/root/.m2/repository/org/apache/htrace/htrace-core4/4.1.0-incubating/htrace-core4-4.1.0-incubating.jar:/root/.m2/repository/org/slf4j/slf4j-api/1.7.25/slf4j-api-1.7.25.jar:/home/user/src/rocksdb-cheops-2024/rocksdb-ycsb/java/target/rocksdbjni-7.4.3-linux64.jar:/root/.m2/repository/net/jcip/jcip-annotations/1.0/jcip-annotations-1.0.jar:/root/.m2/repository/org/hdrhistogram/HdrHistogram/2.1.4/HdrHistogram-2.1.4.jar:/root/.m2/repository/org/codehaus/jackson/jackson-mapper-asl/1.9.4/jackson-mapper-asl-1.9.4.jar:/lib/libzbd.so.1:/root/.m2/repository/org/codehaus/jackson/jackson-core-asl/1.9.4/jackson-core-asl-1.9.4.jar:/home/user/src/rocksdb-cheops-2024/rocksdb-ycsb/java/target/librocksdbjni-linux64.so:/home/user/src/rocksdb-cheops-2024/ycsb/core/target/core-0.18.0-SNAPSHOT.jar site.ycsb.Client -db site.ycsb.db.rocksdb.RocksDBClient -s -P ./workloads/workloade -p recordcount=5242880 -p operationcount=1000000 -p fieldlength=386 -p fieldcount=10 -load
Command line: -db site.ycsb.db.rocksdb.RocksDBClient -s -P ./workloads/workloade -p recordcount=5242880 -p operationcount=1000000 -p fieldlength=386 -p fieldcount=10 -load
YCSB Client 0.18.0-SNAPSHOT

Loading workload...
Starting test.
SLF4J: Failed to load class "org.slf4j.impl.StaticLoggerBinder".
SLF4J: Defaulting to no-operation (NOP) logger implementation
SLF4J: See http://www.slf4j.org/codes.html#StaticLoggerBinder for further details.
2024-01-12 12:19:22:892 0 sec: 0 operations; est completion in 0 second 
Leet YCSB 
DBWrapper: report latency for each error is false and specific error codes to track for latency are: []
2024-01-12 12:19:32:858 10 sec: 22636 operations; 2262.92 current ops/sec; est completion in 38 minutes [INSERT: Count=22644, Max=11855, Min=19, Avg=320, 90=607, 99=637, 99.9=694, 99.99=3351] 
2024-01-12 12:19:42:856 20 sec: 54673 operations; 3204.34 current ops/sec; est completion in 31 minutes [INSERT: Count=32031, Max=18479, Min=20, Avg=308.06, 90=589, 99=621, 99.9=665, 99.99=2032] 
2024-01-12 12:19:52:856 30 sec: 88161 operations; 3348.8 current ops/sec; est completion in 29 minutes [INSERT: Count=33488, Max=5843, Min=18, Avg=296.06, 90=584, 99=600, 99.9=639, 99.99=3357] 
2024-01-12 12:20:02:856 40 sec: 122045 operations; 3388.4 current ops/sec; est completion in 27 minutes [INSERT: Count=33884, Max=3947, Min=17, Avg=292.75, 90=581, 99=607, 99.9=743, 99.99=3183] 
2024-01-12 12:20:12:856 50 sec: 157687 operations; 3564.2 current ops/sec; est completion in 26 minutes [INSERT: Count=35643, Max=5323, Min=17, Avg=278.65, 90=535, 99=585, 99.9=603, 99.99=3205] 
2024-01-12 12:20:22:856 60 sec: 192265 operations; 3457.8 current ops/sec; est completion in 26 minutes [INSERT: Count=34577, Max=4671, Min=18, Avg=287.14, 90=579, 99=595, 99.9=634, 99.99=3041] 
2024-01-12 12:20:32:856 70 sec: 227172 operations; 3490.7 current ops/sec; est completion in 25 minutes [INSERT: Count=34907, Max=4951, Min=19, Avg=284.45, 90=551, 99=590, 99.9=625, 99.99=2893] 
2024-01-12 12:20:42:856 80 sec: 262691 operations; 3551.9 current ops/sec; est completion in 25 minutes [INSERT: Count=35519, Max=5423, Min=19, Avg=279.78, 90=536, 99=549, 99.9=561, 99.99=3179] 
2024-01-12 12:20:52:856 90 sec: 298180 operations; 3548.9 current ops/sec; est completion in 24 minutes [INSERT: Count=35489, Max=5035, Min=19, Avg=280.01, 90=537, 99=550, 99.9=563, 99.99=3131] 
2024-01-12 12:21:02:856 100 sec: 333316 operations; 3513.6 current ops/sec; est completion in 24 minutes [INSERT: Count=35136, Max=4999, Min=19, Avg=282.72, 90=538, 99=587, 99.9=624, 99.99=3155] 
2024-01-12 12:21:12:856 110 sec: 368774 operations; 3545.8 current ops/sec; est completion in 24 minutes [INSERT: Count=35458, Max=5931, Min=20, Avg=280.22, 90=537, 99=551, 99.9=563, 99.99=3201] 
2024-01-12 12:21:22:856 120 sec: 404203 operations; 3542.9 current ops/sec; est completion in 23 minutes [INSERT: Count=35429, Max=3865, Min=19, Avg=280.48, 90=537, 99=552, 99.9=564, 99.99=3125] 
2024-01-12 12:21:32:856 130 sec: 439640 operations; 3543.7 current ops/sec; est completion in 23 minutes [INSERT: Count=35437, Max=5623, Min=20, Avg=280.38, 90=537, 99=551, 99.9=567, 99.99=3213] 
2024-01-12 12:21:42:856 140 sec: 474975 operations; 3533.5 current ops/sec; est completion in 23 minutes [INSERT: Count=35335, Max=5699, Min=21, Avg=281.24, 90=538, 99=553, 99.9=565, 99.99=3275] 
2024-01-12 12:21:52:856 150 sec: 510260 operations; 3528.5 current ops/sec; est completion in 23 minutes [INSERT: Count=35285, Max=5351, Min=19, Avg=281.62, 90=539, 99=553, 99.9=565, 99.99=3255] 
2024-01-12 12:22:02:856 160 sec: 546028 operations; 3576.8 current ops/sec; est completion in 22 minutes [INSERT: Count=35768, Max=5479, Min=16, Avg=277.81, 90=537, 99=549, 99.9=568, 99.99=3209] 
2024-01-12 12:22:12:856 170 sec: 582086 operations; 3605.8 current ops/sec; est completion in 22 minutes [INSERT: Count=36058, Max=5095, Min=18, Avg=275.58, 90=531, 99=544, 99.9=559, 99.99=3007] 
2024-01-12 12:22:22:856 180 sec: 616560 operations; 3447.4 current ops/sec; est completion in 22 minutes [INSERT: Count=34474, Max=7467, Min=18, Avg=287.98, 90=577, 99=593, 99.9=685, 99.99=2579] 
2024-01-12 12:22:32:856 190 sec: 652208 operations; 3564.8 current ops/sec; est completion in 22 minutes [INSERT: Count=35649, Max=3409, Min=18, Avg=278.68, 90=535, 99=581, 99.9=615, 99.99=2018] 
2024-01-12 12:22:42:856 200 sec: 687605 operations; 3539.7 current ops/sec; est completion in 22 minutes [INSERT: Count=35398, Max=2627, Min=20, Avg=280.5, 90=541, 99=553, 99.9=568, 99.99=2443] 
2024-01-12 12:22:52:856 210 sec: 722698 operations; 3509.3 current ops/sec; est completion in 21 minutes [INSERT: Count=35091, Max=2769, Min=19, Avg=282.9, 90=545, 99=586, 99.9=615, 99.99=710] 
2024-01-12 12:23:02:856 220 sec: 756884 operations; 3418.6 current ops/sec; est completion in 21 minutes [INSERT: Count=34186, Max=3205, Min=18, Avg=290.26, 90=580, 99=606, 99.9=636, 99.99=2637] 
2024-01-12 12:23:12:856 230 sec: 790661 operations; 3377.7 current ops/sec; est completion in 21 minutes [INSERT: Count=33777, Max=3965, Min=17, Avg=293.52, 90=578, 99=612, 99.9=646, 99.99=3683] 
2024-01-12 12:23:22:856 240 sec: 823183 operations; 3252.2 current ops/sec; est completion in 21 minutes [INSERT: Count=32522, Max=2283, Min=19, Avg=304.65, 90=591, 99=620, 99.9=658, 99.99=1934] 
2024-01-12 12:23:32:856 250 sec: 856461 operations; 3327.8 current ops/sec; est completion in 21 minutes [INSERT: Count=33278, Max=2711, Min=18, Avg=297.98, 90=585, 99=615, 99.9=650, 99.99=1506] 
2024-01-12 12:23:42:856 260 sec: 889711 operations; 3325 current ops/sec; est completion in 21 minutes [INSERT: Count=33250, Max=750, Min=18, Avg=298.31, 90=585, 99=609, 99.9=634, 99.99=665] 
2024-01-12 12:23:52:856 270 sec: 923747 operations; 3403.6 current ops/sec; est completion in 21 minutes [INSERT: Count=34036, Max=1946, Min=18, Avg=291.59, 90=582, 99=597, 99.9=631, 99.99=699] 
2024-01-12 12:24:02:856 280 sec: 959439 operations; 3569.2 current ops/sec; est completion in 20 minutes [INSERT: Count=35692, Max=2155, Min=20, Avg=278.37, 90=535, 99=550, 99.9=568, 99.99=701] 
2024-01-12 12:24:12:856 290 sec: 992868 operations; 3342.9 current ops/sec; est completion in 20 minutes [INSERT: Count=33429, Max=2661, Min=18, Avg=296.75, 90=584, 99=598, 99.9=630, 99.99=763] 
2024-01-12 12:24:22:856 300 sec: 1028427 operations; 3555.9 current ops/sec; est completion in 20 minutes [INSERT: Count=35559, Max=2291, Min=20, Avg=279.4, 90=537, 99=552, 99.9=564, 99.99=669] 
2024-01-12 12:24:32:856 310 sec: 1059134 operations; 3070.7 current ops/sec; est completion in 20 minutes [INSERT: Count=30705, Max=3259, Min=17, Avg=323.34, 90=586, 99=1758, 99.9=2501, 99.99=2563] 
2024-01-12 12:24:42:856 320 sec: 1077088 operations; 1795.4 current ops/sec; est completion in 20 minutes [INSERT: Count=17954, Max=2525, Min=18, Avg=554.59, 90=1782, 99=2407, 99.9=2475, 99.99=2489] 
2024-01-12 12:24:52:856 330 sec: 1109872 operations; 3278.4 current ops/sec; est completion in 20 minutes [INSERT: Count=32784, Max=5235, Min=16, Avg=303.18, 90=526, 99=2229, 99.9=2451, 99.99=2843] 
2024-01-12 12:25:02:856 340 sec: 1146516 operations; 3664.4 current ops/sec; est completion in 20 minutes [INSERT: Count=36645, Max=1657, Min=16, Avg=271.14, 90=527, 99=535, 99.9=552, 99.99=638] 
2024-01-12 12:25:12:856 350 sec: 1183149 operations; 3663.3 current ops/sec; est completion in 20 minutes [INSERT: Count=36634, Max=2038, Min=16, Avg=271.24, 90=526, 99=535, 99.9=549, 99.99=586] 
2024-01-12 12:25:22:856 360 sec: 1218750 operations; 3560.1 current ops/sec; est completion in 19 minutes [INSERT: Count=35601, Max=825, Min=16, Avg=278.84, 90=555, 99=577, 99.9=612, 99.99=667] 
2024-01-12 12:25:32:856 370 sec: 1252814 operations; 3406.4 current ops/sec; est completion in 19 minutes [INSERT: Count=34064, Max=2231, Min=16, Avg=291.1, 90=575, 99=596, 99.9=636, 99.99=730] 
2024-01-12 12:25:42:856 380 sec: 1289275 operations; 3646.1 current ops/sec; est completion in 19 minutes [INSERT: Count=36461, Max=1612, Min=16, Avg=272.52, 90=528, 99=535, 99.9=551, 99.99=616] 
2024-01-12 12:25:52:856 390 sec: 1324261 operations; 3498.6 current ops/sec; est completion in 19 minutes [INSERT: Count=34986, Max=5299, Min=16, Avg=283.69, 90=572, 99=583, 99.9=618, 99.99=737] 
2024-01-12 12:26:02:856 400 sec: 1357583 operations; 3332.2 current ops/sec; est completion in 19 minutes [INSERT: Count=33323, Max=2393, Min=16, Avg=297.46, 90=576, 99=590, 99.9=622, 99.99=783] 
2024-01-12 12:26:12:856 410 sec: 1390973 operations; 3339 current ops/sec; est completion in 18 minutes [INSERT: Count=33389, Max=2067, Min=16, Avg=296.9, 90=576, 99=589, 99.9=623, 99.99=672] 
2024-01-12 12:26:22:856 420 sec: 1424700 operations; 3372.7 current ops/sec; est completion in 18 minutes [INSERT: Count=33728, Max=4167, Min=16, Avg=294, 90=576, 99=598, 99.9=629, 99.99=2997] 
2024-01-12 12:26:32:856 430 sec: 1457820 operations; 3312 current ops/sec; est completion in 18 minutes [INSERT: Count=33119, Max=7703, Min=17, Avg=299.3, 90=576, 99=592, 99.9=627, 99.99=5963] 
2024-01-12 12:26:42:856 440 sec: 1490984 operations; 3316.4 current ops/sec; est completion in 18 minutes [INSERT: Count=33164, Max=4827, Min=17, Avg=298.91, 90=577, 99=589, 99.9=626, 99.99=4271] 
2024-01-12 12:26:52:856 450 sec: 1524280 operations; 3329.6 current ops/sec; est completion in 18 minutes [INSERT: Count=33294, Max=3339, Min=16, Avg=297.7, 90=576, 99=589, 99.9=625, 99.99=3221] 
2024-01-12 12:27:02:856 460 sec: 1557506 operations; 3322.6 current ops/sec; est completion in 18 minutes [INSERT: Count=33226, Max=3245, Min=16, Avg=298.38, 90=577, 99=590, 99.9=628, 99.99=3091] 
2024-01-12 12:27:12:856 470 sec: 1590728 operations; 3322.2 current ops/sec; est completion in 18 minutes [INSERT: Count=33224, Max=3233, Min=14, Avg=298.4, 90=578, 99=594, 99.9=632, 99.99=3117] 
2024-01-12 12:27:22:856 480 sec: 1624492 operations; 3376.4 current ops/sec; est completion in 17 minutes [INSERT: Count=33763, Max=9135, Min=14, Avg=293.57, 90=569, 99=583, 99.9=625, 99.99=3049] 
2024-01-12 12:27:32:856 490 sec: 1658282 operations; 3379 current ops/sec; est completion in 17 minutes [INSERT: Count=33791, Max=3275, Min=14, Avg=293.38, 90=570, 99=587, 99.9=632, 99.99=2859] 
2024-01-12 12:27:42:856 500 sec: 1691653 operations; 3337.1 current ops/sec; est completion in 17 minutes [INSERT: Count=33371, Max=2367, Min=16, Avg=296.92, 90=574, 99=605, 99.9=643, 99.99=2087] 
2024-01-12 12:27:52:856 510 sec: 1724662 operations; 3300.9 current ops/sec; est completion in 17 minutes [INSERT: Count=33007, Max=2845, Min=15, Avg=299.95, 90=580, 99=605, 99.9=633, 99.99=1765] 
2024-01-12 12:28:02:856 520 sec: 1757671 operations; 3300.9 current ops/sec; est completion in 17 minutes [INSERT: Count=33011, Max=2723, Min=16, Avg=300.1, 90=579, 99=605, 99.9=628, 99.99=2605] 
2024-01-12 12:28:12:856 530 sec: 1789324 operations; 3165.3 current ops/sec; est completion in 17 minutes [INSERT: Count=31653, Max=3235, Min=17, Avg=312.64, 90=600, 99=624, 99.9=654, 99.99=2777] 
2024-01-12 12:28:22:856 540 sec: 1821754 operations; 3243 current ops/sec; est completion in 16 minutes [INSERT: Count=32430, Max=1643, Min=16, Avg=305.46, 90=589, 99=615, 99.9=639, 99.99=1326] 
2024-01-12 12:28:32:856 550 sec: 1854634 operations; 3288 current ops/sec; est completion in 16 minutes [INSERT: Count=32878, Max=1902, Min=17, Avg=301.37, 90=584, 99=609, 99.9=640, 99.99=864] 
2024-01-12 12:28:42:856 560 sec: 1889018 operations; 3438.4 current ops/sec; est completion in 16 minutes [INSERT: Count=34386, Max=2201, Min=16, Avg=288.48, 90=571, 99=590, 99.9=611, 99.99=720] 
2024-01-12 12:28:52:856 570 sec: 1924168 operations; 3515 current ops/sec; est completion in 16 minutes [INSERT: Count=35150, Max=1655, Min=17, Avg=282.42, 90=567, 99=586, 99.9=607, 99.99=834] 
2024-01-12 12:29:02:856 580 sec: 1958845 operations; 3467.7 current ops/sec; est completion in 16 minutes [INSERT: Count=34677, Max=2059, Min=16, Avg=286.13, 90=571, 99=589, 99.9=613, 99.99=722] 
2024-01-12 12:29:12:856 590 sec: 1992206 operations; 3336.1 current ops/sec; est completion in 16 minutes [INSERT: Count=33359, Max=2301, Min=16, Avg=297.14, 90=575, 99=595, 99.9=613, 99.99=629] 
2024-01-12 12:29:22:856 600 sec: 2027580 operations; 3537.4 current ops/sec; est completion in 15 minutes [INSERT: Count=35376, Max=710, Min=17, Avg=280.68, 90=553, 99=589, 99.9=611, 99.99=674] 
2024-01-12 12:29:32:856 610 sec: 2060375 operations; 3279.5 current ops/sec; est completion in 15 minutes [INSERT: Count=32795, Max=1580, Min=16, Avg=302.09, 90=588, 99=608, 99.9=645, 99.99=795] 
2024-01-12 12:29:42:856 620 sec: 2095064 operations; 3468.9 current ops/sec; est completion in 15 minutes [INSERT: Count=34687, Max=2191, Min=17, Avg=286.07, 90=571, 99=586, 99.9=607, 99.99=744] 
2024-01-12 12:29:52:856 630 sec: 2121019 operations; 2595.5 current ops/sec; est completion in 15 minutes [INSERT: Count=25955, Max=2521, Min=16, Avg=383.01, 90=929, 99=1799, 99.9=2439, 99.99=2483] 
2024-01-12 12:30:02:856 640 sec: 2138327 operations; 1730.8 current ops/sec; est completion in 15 minutes [INSERT: Count=17310, Max=3115, Min=15, Avg=574.71, 90=1757, 99=2449, 99.9=2533, 99.99=2681] 
2024-01-12 12:30:12:856 650 sec: 2163126 operations; 2479.9 current ops/sec; est completion in 15 minutes [INSERT: Count=24798, Max=2533, Min=15, Avg=401.17, 90=1144, 99=1532, 99.9=2040, 99.99=2477] 
2024-01-12 12:30:22:856 660 sec: 2185915 operations; 2278.9 current ops/sec; est completion in 15 minutes [INSERT: Count=22790, Max=2579, Min=16, Avg=436.67, 90=1097, 99=2093, 99.9=2517, 99.99=2559] 
2024-01-12 12:30:32:856 670 sec: 2209674 operations; 2375.9 current ops/sec; est completion in 15 minutes [INSERT: Count=23759, Max=2655, Min=17, Avg=418.84, 90=1008, 99=2405, 99.9=2535, 99.99=2565] 
2024-01-12 12:30:42:856 680 sec: 2232275 operations; 2260.1 current ops/sec; est completion in 15 minutes [INSERT: Count=22599, Max=8239, Min=16, Avg=439.66, 90=1037, 99=2419, 99.9=2555, 99.99=5263] 
2024-01-12 12:30:52:856 690 sec: 2263151 operations; 3087.6 current ops/sec; est completion in 15 minutes [INSERT: Count=30876, Max=5039, Min=15, Avg=321.83, 90=571, 99=1835, 99.9=2473, 99.99=4515] 
2024-01-12 12:31:02:856 700 sec: 2298695 operations; 3554.4 current ops/sec; est completion in 14 minutes [INSERT: Count=35546, Max=3293, Min=16, Avg=279.34, 90=553, 99=576, 99.9=602, 99.99=3143] 
2024-01-12 12:31:12:856 710 sec: 2335170 operations; 3647.5 current ops/sec; est completion in 14 minutes [INSERT: Count=36473, Max=3285, Min=16, Avg=272.43, 90=526, 99=535, 99.9=550, 99.99=3063] 
2024-01-12 12:31:22:856 720 sec: 2371100 operations; 3593 current ops/sec; est completion in 14 minutes [INSERT: Count=35932, Max=4025, Min=16, Avg=276.43, 90=529, 99=576, 99.9=604, 99.99=3077] 
2024-01-12 12:31:32:856 730 sec: 2407490 operations; 3639 current ops/sec; est completion in 14 minutes [INSERT: Count=36390, Max=4183, Min=18, Avg=273.06, 90=527, 99=535, 99.9=547, 99.99=3243] 
2024-01-12 12:31:42:856 740 sec: 2443839 operations; 3634.9 current ops/sec; est completion in 14 minutes [INSERT: Count=36347, Max=3123, Min=17, Avg=273.37, 90=528, 99=536, 99.9=549, 99.99=2955] 
2024-01-12 12:31:52:858 750 sec: 2478602 operations; 3476.3 current ops/sec; est completion in 13 minutes [INSERT: Count=34766, Max=3181, Min=15, Avg=285.51, 90=572, 99=583, 99.9=610, 99.99=3091] 
2024-01-12 12:32:02:856 760 sec: 2513322 operations; 3472 current ops/sec; est completion in 13 minutes [INSERT: Count=34719, Max=3121, Min=17, Avg=285.78, 90=572, 99=591, 99.9=620, 99.99=2991] 
2024-01-12 12:32:12:856 770 sec: 2548988 operations; 3566.6 current ops/sec; est completion in 13 minutes [INSERT: Count=35666, Max=2233, Min=17, Avg=278.42, 90=535, 99=594, 99.9=623, 99.99=1685] 
2024-01-12 12:32:22:856 780 sec: 2581947 operations; 3295.9 current ops/sec; est completion in 13 minutes [INSERT: Count=32959, Max=2691, Min=19, Avg=300.29, 90=595, 99=628, 99.9=658, 99.99=1772] 
2024-01-12 12:32:32:857 790 sec: 2616573 operations; 3462.6 current ops/sec; est completion in 13 minutes [INSERT: Count=34626, Max=2935, Min=16, Avg=286.59, 90=569, 99=602, 99.9=628, 99.99=2503] 
2024-01-12 12:32:42:856 800 sec: 2651772 operations; 3519.9 current ops/sec; est completion in 13 minutes [INSERT: Count=35199, Max=3189, Min=15, Avg=281.88, 90=544, 99=562, 99.9=613, 99.99=2069] 
2024-01-12 12:32:52:856 810 sec: 2688269 operations; 3649.7 current ops/sec; est completion in 12 minutes [INSERT: Count=36497, Max=2411, Min=14, Avg=272.06, 90=529, 99=541, 99.9=556, 99.99=1329] 
2024-01-12 12:33:02:856 820 sec: 2724519 operations; 3625 current ops/sec; est completion in 12 minutes [INSERT: Count=36248, Max=1603, Min=16, Avg=273.99, 90=529, 99=588, 99.9=614, 99.99=695] 
2024-01-12 12:33:12:856 830 sec: 2760273 operations; 3575.4 current ops/sec; est completion in 12 minutes [INSERT: Count=35755, Max=759, Min=15, Avg=277.67, 90=554, 99=583, 99.9=610, 99.99=675] 
2024-01-12 12:33:22:856 840 sec: 2794569 operations; 3429.6 current ops/sec; est completion in 12 minutes [INSERT: Count=34297, Max=2195, Min=15, Avg=289.18, 90=572, 99=592, 99.9=625, 99.99=1150] 
2024-01-12 12:33:32:856 850 sec: 2828520 operations; 3395.1 current ops/sec; est completion in 12 minutes [INSERT: Count=33951, Max=1810, Min=16, Avg=292.04, 90=572, 99=593, 99.9=620, 99.99=712] 
2024-01-12 12:33:42:856 860 sec: 2862170 operations; 3365 current ops/sec; est completion in 11 minutes [INSERT: Count=33648, Max=2203, Min=15, Avg=294.58, 90=573, 99=589, 99.9=618, 99.99=688] 
2024-01-12 12:33:52:856 870 sec: 2896616 operations; 3444.6 current ops/sec; est completion in 11 minutes [INSERT: Count=34448, Max=2213, Min=16, Avg=287.92, 90=572, 99=583, 99.9=615, 99.99=669] 
2024-01-12 12:34:02:856 880 sec: 2932599 operations; 3598.3 current ops/sec; est completion in 11 minutes [INSERT: Count=35982, Max=1517, Min=16, Avg=276, 90=533, 99=574, 99.9=607, 99.99=713] 
2024-01-12 12:34:12:856 890 sec: 2967315 operations; 3471.6 current ops/sec; est completion in 11 minutes [INSERT: Count=34717, Max=2038, Min=16, Avg=285.86, 90=572, 99=587, 99.9=618, 99.99=729] 
2024-01-12 12:34:22:856 900 sec: 3000787 operations; 3347.2 current ops/sec; est completion in 11 minutes [INSERT: Count=33470, Max=752, Min=16, Avg=296.19, 90=575, 99=589, 99.9=621, 99.99=675] 
2024-01-12 12:34:32:856 910 sec: 3033790 operations; 3300.3 current ops/sec; est completion in 11 minutes [INSERT: Count=33005, Max=1755, Min=17, Avg=300.38, 90=582, 99=595, 99.9=617, 99.99=722] 
2024-01-12 12:34:42:856 920 sec: 3068780 operations; 3499 current ops/sec; est completion in 10 minutes [INSERT: Count=34990, Max=2907, Min=16, Avg=283.73, 90=571, 99=587, 99.9=610, 99.99=750] 
2024-01-12 12:34:52:856 930 sec: 3101877 operations; 3309.7 current ops/sec; est completion in 10 minutes [INSERT: Count=33096, Max=1750, Min=17, Avg=299.56, 90=582, 99=595, 99.9=619, 99.99=798] 
2024-01-12 12:35:02:856 940 sec: 3135021 operations; 3314.4 current ops/sec; est completion in 10 minutes [INSERT: Count=33145, Max=3009, Min=16, Avg=299.15, 90=581, 99=595, 99.9=624, 99.99=1225] 
2024-01-12 12:35:12:856 950 sec: 3167741 operations; 3272 current ops/sec; est completion in 10 minutes [INSERT: Count=32718, Max=6763, Min=15, Avg=303.1, 90=579, 99=611, 99.9=1923, 99.99=6199] 
2024-01-12 12:35:22:856 960 sec: 3185489 operations; 1774.8 current ops/sec; est completion in 10 minutes [INSERT: Count=17750, Max=5307, Min=14, Avg=560.78, 90=1849, 99=2401, 99.9=2503, 99.99=4899] 
2024-01-12 12:35:32:856 970 sec: 3205791 operations; 2030.2 current ops/sec; est completion in 10 minutes [INSERT: Count=20300, Max=5151, Min=16, Avg=490.19, 90=1652, 99=2427, 99.9=2515, 99.99=3323] 
2024-01-12 12:35:42:856 980 sec: 3228745 operations; 2295.4 current ops/sec; est completion in 10 minutes [INSERT: Count=22956, Max=4823, Min=15, Avg=433.42, 90=1052, 99=2145, 99.9=2515, 99.99=3699] 
2024-01-12 12:35:52:856 990 sec: 3251578 operations; 2283.3 current ops/sec; est completion in 10 minutes [INSERT: Count=22831, Max=4679, Min=16, Avg=435.85, 90=1115, 99=2369, 99.9=2545, 99.99=3379] 
2024-01-12 12:36:02:856 1000 sec: 3274352 operations; 2277.4 current ops/sec; est completion in 10 minutes [INSERT: Count=22774, Max=3635, Min=16, Avg=436.93, 90=1106, 99=2113, 99.9=2523, 99.99=3209] 
2024-01-12 12:36:12:856 1010 sec: 3300081 operations; 2573.16 current ops/sec; est completion in 9 minutes [INSERT: Count=25731, Max=14063, Min=16, Avg=386.45, 90=698, 99=2351, 99.9=2549, 99.99=3629] 
2024-01-12 12:36:22:856 1020 sec: 3333609 operations; 3352.46 current ops/sec; est completion in 9 minutes [INSERT: Count=33526, Max=17823, Min=14, Avg=295.67, 90=573, 99=588, 99.9=609, 99.99=2877] 
2024-01-12 12:36:32:856 1030 sec: 3367209 operations; 3360 current ops/sec; est completion in 9 minutes [INSERT: Count=33602, Max=3317, Min=15, Avg=295.02, 90=572, 99=586, 99.9=607, 99.99=1801] 
2024-01-12 12:36:42:856 1040 sec: 3400646 operations; 3343.7 current ops/sec; est completion in 9 minutes [INSERT: Count=33435, Max=2347, Min=16, Avg=296.43, 90=574, 99=594, 99.9=618, 99.99=1301] 
2024-01-12 12:36:52:856 1050 sec: 3433568 operations; 3292.2 current ops/sec; est completion in 9 minutes [INSERT: Count=32924, Max=6219, Min=16, Avg=300.87, 90=580, 99=604, 99.9=630, 99.99=1910] 
2024-01-12 12:37:02:856 1060 sec: 3466596 operations; 3302.8 current ops/sec; est completion in 9 minutes [INSERT: Count=33026, Max=2831, Min=16, Avg=299.92, 90=580, 99=605, 99.9=629, 99.99=1415] 
2024-01-12 12:37:12:856 1070 sec: 3499944 operations; 3334.8 current ops/sec; est completion in 8 minutes [INSERT: Count=33348, Max=1939, Min=16, Avg=297.18, 90=574, 99=596, 99.9=615, 99.99=1756] 
2024-01-12 12:37:22:856 1080 sec: 3532571 operations; 3262.7 current ops/sec; est completion in 8 minutes [INSERT: Count=32627, Max=3767, Min=16, Avg=303.48, 90=584, 99=610, 99.9=633, 99.99=2709] 
2024-01-12 12:37:32:856 1090 sec: 3564616 operations; 3204.5 current ops/sec; est completion in 8 minutes [INSERT: Count=32045, Max=2197, Min=17, Avg=308.94, 90=594, 99=620, 99.9=647, 99.99=1626] 
2024-01-12 12:37:42:856 1100 sec: 3597222 operations; 3260.6 current ops/sec; est completion in 8 minutes [INSERT: Count=32606, Max=2002, Min=17, Avg=303.94, 90=586, 99=610, 99.9=635, 99.99=1250] 
2024-01-12 12:37:52:856 1110 sec: 3630328 operations; 3310.6 current ops/sec; est completion in 8 minutes [INSERT: Count=33108, Max=2053, Min=17, Avg=299.45, 90=583, 99=608, 99.9=630, 99.99=1294] 
2024-01-12 12:38:02:856 1120 sec: 3666348 operations; 3602 current ops/sec; est completion in 8 minutes [INSERT: Count=36018, Max=2377, Min=18, Avg=275.86, 90=533, 99=543, 99.9=552, 99.99=571] 
2024-01-12 12:38:12:856 1130 sec: 3702000 operations; 3565.2 current ops/sec; est completion in 7 minutes [INSERT: Count=35654, Max=55007, Min=14, Avg=278.64, 90=534, 99=572, 99.9=596, 99.99=833] 
2024-01-12 12:38:22:856 1140 sec: 3735773 operations; 3377.3 current ops/sec; est completion in 7 minutes [INSERT: Count=33773, Max=914, Min=15, Avg=293.6, 90=575, 99=588, 99.9=610, 99.99=709] 
2024-01-12 12:38:32:856 1150 sec: 3769874 operations; 3410.1 current ops/sec; est completion in 7 minutes [INSERT: Count=34101, Max=2177, Min=15, Avg=290.85, 90=574, 99=589, 99.9=611, 99.99=1150] 
2024-01-12 12:38:42:856 1160 sec: 3803595 operations; 3372.1 current ops/sec; est completion in 7 minutes [INSERT: Count=33719, Max=1693, Min=15, Avg=293.99, 90=576, 99=596, 99.9=615, 99.99=704] 
2024-01-12 12:38:52:856 1170 sec: 3837006 operations; 3341.1 current ops/sec; est completion in 7 minutes [INSERT: Count=33411, Max=1455, Min=16, Avg=296.64, 90=585, 99=605, 99.9=633, 99.99=974] 
2024-01-12 12:39:02:856 1180 sec: 3870193 operations; 3318.7 current ops/sec; est completion in 6 minutes [INSERT: Count=33189, Max=1967, Min=15, Avg=298.72, 90=580, 99=597, 99.9=615, 99.99=657] 
2024-01-12 12:39:12:856 1190 sec: 3903904 operations; 3371.1 current ops/sec; est completion in 6 minutes [INSERT: Count=33709, Max=1594, Min=17, Avg=294.26, 90=579, 99=592, 99.9=613, 99.99=722] 
2024-01-12 12:39:22:856 1200 sec: 3939101 operations; 3519.7 current ops/sec; est completion in 6 minutes [INSERT: Count=35197, Max=1016, Min=16, Avg=282.04, 90=567, 99=581, 99.9=607, 99.99=727] 
2024-01-12 12:39:32:856 1210 sec: 3973860 operations; 3475.9 current ops/sec; est completion in 6 minutes [INSERT: Count=34759, Max=2151, Min=15, Avg=285.52, 90=570, 99=584, 99.9=610, 99.99=859] 
2024-01-12 12:39:42:856 1220 sec: 4010153 operations; 3629.3 current ops/sec; est completion in 6 minutes [INSERT: Count=36293, Max=2095, Min=16, Avg=273.75, 90=529, 99=555, 99.9=589, 99.99=697] 
2024-01-12 12:39:52:856 1230 sec: 4046573 operations; 3642 current ops/sec; est completion in 6 minutes [INSERT: Count=36422, Max=2343, Min=18, Avg=272.81, 90=528, 99=537, 99.9=547, 99.99=586] 
2024-01-12 12:40:02:856 1240 sec: 4083013 operations; 3644 current ops/sec; est completion in 5 minutes [INSERT: Count=36438, Max=1614, Min=18, Avg=272.69, 90=528, 99=536, 99.9=546, 99.99=583] 
2024-01-12 12:40:12:856 1250 sec: 4119409 operations; 3639.6 current ops/sec; est completion in 5 minutes [INSERT: Count=36396, Max=2253, Min=17, Avg=273, 90=528, 99=537, 99.9=548, 99.99=566] 
2024-01-12 12:40:22:856 1260 sec: 4155738 operations; 3632.9 current ops/sec; est completion in 5 minutes [INSERT: Count=36331, Max=2227, Min=18, Avg=273.5, 90=529, 99=539, 99.9=550, 99.99=672] 
2024-01-12 12:40:32:856 1270 sec: 4192052 operations; 3631.4 current ops/sec; est completion in 5 minutes [INSERT: Count=36312, Max=1644, Min=17, Avg=273.64, 90=530, 99=538, 99.9=550, 99.99=620] 
2024-01-12 12:40:42:856 1280 sec: 4224730 operations; 3267.8 current ops/sec; est completion in 5 minutes [INSERT: Count=32678, Max=52895, Min=15, Avg=303.88, 90=570, 99=1948, 99.9=2411, 99.99=2473] 
2024-01-12 12:40:52:856 1290 sec: 4240483 operations; 1575.3 current ops/sec; est completion in 5 minutes [INSERT: Count=15753, Max=7803, Min=16, Avg=631.38, 90=1971, 99=2449, 99.9=2507, 99.99=7451] 
2024-01-12 12:41:02:856 1300 sec: 4263049 operations; 2256.6 current ops/sec; est completion in 4 minutes [INSERT: Count=22566, Max=7231, Min=15, Avg=440.64, 90=1151, 99=1966, 99.9=2473, 99.99=5643] 
2024-01-12 12:41:12:856 1310 sec: 4287319 operations; 2427 current ops/sec; est completion in 4 minutes [INSERT: Count=24270, Max=3745, Min=15, Avg=409.18, 90=987, 99=1906, 99.9=2107, 99.99=3587] 
2024-01-12 12:41:22:856 1320 sec: 4312954 operations; 2563.5 current ops/sec; est completion in 4 minutes [INSERT: Count=25635, Max=5227, Min=15, Avg=387.85, 90=874, 99=1943, 99.9=2499, 99.99=3445] 
2024-01-12 12:41:32:856 1330 sec: 4337753 operations; 2479.9 current ops/sec; est completion in 4 minutes [INSERT: Count=24799, Max=4147, Min=16, Avg=401.06, 90=932, 99=2143, 99.9=2507, 99.99=3345] 
2024-01-12 12:41:42:856 1340 sec: 4364344 operations; 2659.1 current ops/sec; est completion in 4 minutes [INSERT: Count=26593, Max=3855, Min=18, Avg=373.96, 90=983, 99=1444, 99.9=1598, 99.99=3235] 
2024-01-12 12:41:52:856 1350 sec: 4387658 operations; 2331.4 current ops/sec; est completion in 4 minutes [INSERT: Count=23312, Max=5071, Min=18, Avg=426.83, 90=837, 99=2407, 99.9=2569, 99.99=3755] 
2024-01-12 12:42:02:856 1360 sec: 4409007 operations; 2134.9 current ops/sec; est completion in 4 minutes [INSERT: Count=21351, Max=5435, Min=16, Avg=465.57, 90=857, 99=2465, 99.9=2595, 99.99=4115] 
2024-01-12 12:42:12:856 1370 sec: 4439594 operations; 3058.7 current ops/sec; est completion in 4 minutes [INSERT: Count=30585, Max=5043, Min=16, Avg=324.28, 90=575, 99=2065, 99.9=2521, 99.99=3285] 
2024-01-12 12:42:22:856 1380 sec: 4473125 operations; 3353.1 current ops/sec; est completion in 3 minutes [INSERT: Count=33531, Max=3627, Min=16, Avg=295.61, 90=573, 99=587, 99.9=610, 99.99=3229] 
2024-01-12 12:42:32:856 1390 sec: 4506623 operations; 3349.8 current ops/sec; est completion in 3 minutes [INSERT: Count=33498, Max=3715, Min=16, Avg=295.96, 90=574, 99=587, 99.9=614, 99.99=3213] 
2024-01-12 12:42:42:856 1400 sec: 4539483 operations; 3286 current ops/sec; est completion in 3 minutes [INSERT: Count=32861, Max=3147, Min=16, Avg=301.44, 90=589, 99=602, 99.9=630, 99.99=3069] 
2024-01-12 12:42:52:856 1410 sec: 4572265 operations; 3278.2 current ops/sec; est completion in 3 minutes [INSERT: Count=32783, Max=3177, Min=16, Avg=302.09, 90=590, 99=603, 99.9=630, 99.99=2941] 
2024-01-12 12:43:02:856 1420 sec: 4605642 operations; 3337.7 current ops/sec; est completion in 3 minutes [INSERT: Count=33377, Max=3921, Min=15, Avg=296.94, 90=575, 99=594, 99.9=620, 99.99=1656] 
2024-01-12 12:43:12:856 1430 sec: 4638524 operations; 3288.2 current ops/sec; est completion in 3 minutes [INSERT: Count=32880, Max=2131, Min=16, Avg=301.25, 90=581, 99=606, 99.9=630, 99.99=1682] 
2024-01-12 12:43:22:856 1440 sec: 4671391 operations; 3286.7 current ops/sec; est completion in 2 minutes [INSERT: Count=32869, Max=2175, Min=16, Avg=301.31, 90=586, 99=609, 99.9=632, 99.99=725] 
2024-01-12 12:43:32:856 1450 sec: 4704740 operations; 3334.9 current ops/sec; est completion in 2 minutes [INSERT: Count=33349, Max=2655, Min=16, Avg=297.17, 90=577, 99=604, 99.9=632, 99.99=2361] 
2024-01-12 12:43:42:856 1460 sec: 4740063 operations; 3532.3 current ops/sec; est completion in 2 minutes [INSERT: Count=35322, Max=2509, Min=18, Avg=281.07, 90=541, 99=552, 99.9=566, 99.99=1464] 
2024-01-12 12:43:52:856 1470 sec: 4776256 operations; 3619.3 current ops/sec; est completion in 2 minutes [INSERT: Count=36194, Max=53759, Min=15, Avg=274.44, 90=532, 99=547, 99.9=560, 99.99=1219] 
2024-01-12 12:44:02:856 1480 sec: 4812906 operations; 3665 current ops/sec; est completion in 2 minutes [INSERT: Count=36648, Max=1518, Min=15, Avg=271.08, 90=527, 99=537, 99.9=547, 99.99=620] 
2024-01-12 12:44:12:856 1490 sec: 4849559 operations; 3665.3 current ops/sec; est completion in 2 minutes [INSERT: Count=36655, Max=2133, Min=16, Avg=271.06, 90=527, 99=536, 99.9=547, 99.99=623] 
2024-01-12 12:44:22:856 1500 sec: 4886082 operations; 3652.3 current ops/sec; est completion in 1 minute [INSERT: Count=36523, Max=1954, Min=17, Avg=272.06, 90=528, 99=538, 99.9=551, 99.99=830] 
2024-01-12 12:44:32:856 1510 sec: 4922611 operations; 3652.9 current ops/sec; est completion in 1 minute [INSERT: Count=36527, Max=1683, Min=16, Avg=271.98, 90=527, 99=539, 99.9=550, 99.99=626] 
2024-01-12 12:44:42:856 1520 sec: 4959160 operations; 3655.27 current ops/sec; est completion in 1 minute [INSERT: Count=36549, Max=1542, Min=17, Avg=271.85, 90=527, 99=537, 99.9=550, 99.99=625] 
2024-01-12 12:44:52:856 1530 sec: 4995691 operations; 3652.73 current ops/sec; est completion in 1 minute [INSERT: Count=36533, Max=662, Min=16, Avg=271.98, 90=527, 99=536, 99.9=550, 99.99=619] 
2024-01-12 12:45:02:856 1540 sec: 5031814 operations; 3612.3 current ops/sec; est completion in 1 minute [INSERT: Count=36122, Max=2093, Min=17, Avg=274.97, 90=530, 99=572, 99.9=594, 99.99=691] 
2024-01-12 12:45:12:856 1550 sec: 5068221 operations; 3640.7 current ops/sec; est completion in 54 seconds [INSERT: Count=36406, Max=1977, Min=17, Avg=272.91, 90=528, 99=541, 99.9=577, 99.99=647] 
2024-01-12 12:45:22:856 1560 sec: 5104455 operations; 3623.4 current ops/sec; est completion in 43 seconds [INSERT: Count=36236, Max=1553, Min=17, Avg=274.23, 90=531, 99=540, 99.9=557, 99.99=621] 
2024-01-12 12:45:32:856 1570 sec: 5140701 operations; 3624.6 current ops/sec; est completion in 32 seconds [INSERT: Count=36244, Max=2259, Min=18, Avg=274.14, 90=530, 99=539, 99.9=555, 99.99=628] 
2024-01-12 12:45:42:856 1580 sec: 5176709 operations; 3600.8 current ops/sec; est completion in 21 seconds [INSERT: Count=36008, Max=1812, Min=17, Avg=275.93, 90=532, 99=570, 99.9=589, 99.99=683] 
2024-01-12 12:45:52:856 1590 sec: 5212781 operations; 3607.2 current ops/sec; est completion in 10 seconds [INSERT: Count=36072, Max=3085, Min=17, Avg=275.41, 90=530, 99=575, 99.9=598, 99.99=738] 
2024-01-12 12:46:01:824 1598 sec: 5242880 operations; 3356.27 current ops/sec; [CLEANUP: Count=1, Max=55935, Min=55904, Avg=55920, 90=55935, 99=55935, 99.9=55935, 99.99=55935] [INSERT: Count=30099, Max=7495, Min=16, Avg=293.74, 90=578, 99=590, 99.9=622, 99.99=5959] 
