[WARN]  Running against a source checkout. In order to get our runtime dependencies we'll have to invoke Maven. Depending on the state of your system, this may take ~30-45 seconds
[DEBUG]  Running 'mvn -pl site.ycsb:rocksdb-binding -am package -DskipTests dependency:build-classpath -DincludeScope=compile -Dmdep.outputFilterFile=true'
java -cp /home/user/src/rocksdb-cheops-2024/ycsb/rocksdb/conf:/home/user/src/rocksdb-cheops-2024/ycsb/rocksdb/target/rocksdb-binding-0.18.0-SNAPSHOT.jar:/root/.m2/repository/org/apache/htrace/htrace-core4/4.1.0-incubating/htrace-core4-4.1.0-incubating.jar:/root/.m2/repository/org/slf4j/slf4j-api/1.7.25/slf4j-api-1.7.25.jar:/home/user/src/rocksdb-cheops-2024/rocksdb-ycsb/java/target/rocksdbjni-7.4.3-linux64.jar:/root/.m2/repository/net/jcip/jcip-annotations/1.0/jcip-annotations-1.0.jar:/root/.m2/repository/org/hdrhistogram/HdrHistogram/2.1.4/HdrHistogram-2.1.4.jar:/root/.m2/repository/org/codehaus/jackson/jackson-mapper-asl/1.9.4/jackson-mapper-asl-1.9.4.jar:/lib/libzbd.so.1:/root/.m2/repository/org/codehaus/jackson/jackson-core-asl/1.9.4/jackson-core-asl-1.9.4.jar:/home/user/src/rocksdb-cheops-2024/rocksdb-ycsb/java/target/librocksdbjni-linux64.so:/home/user/src/rocksdb-cheops-2024/ycsb/core/target/core-0.18.0-SNAPSHOT.jar site.ycsb.Client -db site.ycsb.db.rocksdb.RocksDBClient -s -P ./workloads/workloadb -p recordcount=5242880 -p operationcount=1000000 -p fieldlength=386 -p fieldcount=10 -load
Command line: -db site.ycsb.db.rocksdb.RocksDBClient -s -P ./workloads/workloadb -p recordcount=5242880 -p operationcount=1000000 -p fieldlength=386 -p fieldcount=10 -load
YCSB Client 0.18.0-SNAPSHOT

Loading workload...
Starting test.
SLF4J: Failed to load class "org.slf4j.impl.StaticLoggerBinder".
SLF4J: Defaulting to no-operation (NOP) logger implementation
SLF4J: See http://www.slf4j.org/codes.html#StaticLoggerBinder for further details.
2024-01-12 10:39:26:893 0 sec: 0 operations; est completion in 0 second 
Leet YCSB 
DBWrapper: report latency for each error is false and specific error codes to track for latency are: []
2024-01-12 10:39:36:857 10 sec: 22517 operations; 2251.7 current ops/sec; est completion in 38 minutes [INSERT: Count=22524, Max=12887, Min=21, Avg=321.78, 90=608, 99=627, 99.9=694, 99.99=3183] 
2024-01-12 10:39:46:856 20 sec: 53504 operations; 3098.7 current ops/sec; est completion in 32 minutes [INSERT: Count=30982, Max=5579, Min=22, Avg=318, 90=607, 99=624, 99.9=659, 99.99=3131] 
2024-01-12 10:39:56:856 30 sec: 85975 operations; 3247.1 current ops/sec; est completion in 30 minutes [INSERT: Count=32471, Max=4975, Min=19, Avg=305.1, 90=586, 99=603, 99.9=645, 99.99=3037] 
2024-01-12 10:40:06:856 40 sec: 118503 operations; 3252.8 current ops/sec; est completion in 28 minutes [INSERT: Count=32528, Max=2129, Min=21, Avg=304.85, 90=588, 99=606, 99.9=666, 99.99=1416] 
2024-01-12 10:40:16:856 50 sec: 150732 operations; 3222.9 current ops/sec; est completion in 28 minutes [INSERT: Count=32229, Max=5935, Min=22, Avg=307.66, 90=589, 99=612, 99.9=671, 99.99=1831] 
2024-01-12 10:40:26:857 60 sec: 182297 operations; 3156.5 current ops/sec; est completion in 27 minutes [INSERT: Count=31567, Max=5463, Min=22, Avg=313.84, 90=598, 99=625, 99.9=692, 99.99=2919] 
2024-01-12 10:40:36:856 70 sec: 213901 operations; 3160.4 current ops/sec; est completion in 27 minutes [INSERT: Count=31602, Max=5651, Min=21, Avg=313.49, 90=597, 99=624, 99.9=649, 99.99=2261] 
2024-01-12 10:40:46:856 80 sec: 245869 operations; 3196.8 current ops/sec; est completion in 27 minutes [INSERT: Count=31968, Max=5423, Min=20, Avg=310.07, 90=592, 99=616, 99.9=637, 99.99=752] 
2024-01-12 10:40:56:856 90 sec: 277208 operations; 3133.9 current ops/sec; est completion in 26 minutes [INSERT: Count=31339, Max=3781, Min=22, Avg=316.07, 90=600, 99=630, 99.9=658, 99.99=3397] 
2024-01-12 10:41:06:856 100 sec: 307598 operations; 3039 current ops/sec; est completion in 26 minutes [INSERT: Count=30390, Max=5955, Min=23, Avg=325.71, 90=615, 99=643, 99.9=719, 99.99=2373] 
2024-01-12 10:41:16:856 110 sec: 339518 operations; 3192 current ops/sec; est completion in 26 minutes [INSERT: Count=31920, Max=5739, Min=20, Avg=310.73, 90=601, 99=631, 99.9=664, 99.99=1239] 
2024-01-12 10:41:26:856 120 sec: 373709 operations; 3419.1 current ops/sec; est completion in 26 minutes [INSERT: Count=34191, Max=5411, Min=18, Avg=290.44, 90=572, 99=612, 99.9=638, 99.99=816] 
2024-01-12 10:41:36:856 130 sec: 408028 operations; 3431.9 current ops/sec; est completion in 25 minutes [INSERT: Count=34320, Max=5371, Min=20, Avg=289.38, 90=564, 99=606, 99.9=636, 99.99=776] 
2024-01-12 10:41:46:856 140 sec: 440940 operations; 3291.2 current ops/sec; est completion in 25 minutes [INSERT: Count=32911, Max=1036, Min=23, Avg=301.55, 90=590, 99=613, 99.9=636, 99.99=850] 
2024-01-12 10:41:56:856 150 sec: 472738 operations; 3179.8 current ops/sec; est completion in 25 minutes [INSERT: Count=31798, Max=4771, Min=22, Avg=311.91, 90=595, 99=615, 99.9=634, 99.99=692] 
2024-01-12 10:42:06:856 160 sec: 504525 operations; 3178.7 current ops/sec; est completion in 25 minutes [INSERT: Count=31786, Max=5111, Min=22, Avg=311.99, 90=597, 99=616, 99.9=637, 99.99=727] 
2024-01-12 10:42:16:856 170 sec: 536589 operations; 3206.4 current ops/sec; est completion in 24 minutes [INSERT: Count=32066, Max=5379, Min=18, Avg=309.27, 90=594, 99=616, 99.9=639, 99.99=1139] 
2024-01-12 10:42:26:856 180 sec: 569301 operations; 3271.2 current ops/sec; est completion in 24 minutes [INSERT: Count=32711, Max=4955, Min=17, Avg=303.1, 90=586, 99=607, 99.9=624, 99.99=742] 
2024-01-12 10:42:36:856 190 sec: 602022 operations; 3272.1 current ops/sec; est completion in 24 minutes [INSERT: Count=32720, Max=1144, Min=20, Avg=303.11, 90=586, 99=604, 99.9=624, 99.99=744] 
2024-01-12 10:42:46:856 200 sec: 636617 operations; 3459.5 current ops/sec; est completion in 24 minutes [INSERT: Count=34596, Max=5463, Min=17, Avg=286.97, 90=580, 99=593, 99.9=617, 99.99=700] 
2024-01-12 10:42:56:856 210 sec: 673015 operations; 3639.8 current ops/sec; est completion in 23 minutes [INSERT: Count=36398, Max=2020, Min=17, Avg=273.08, 90=529, 99=539, 99.9=550, 99.99=590] 
2024-01-12 10:43:06:856 220 sec: 709223 operations; 3620.8 current ops/sec; est completion in 23 minutes [INSERT: Count=36208, Max=2237, Min=16, Avg=274.46, 90=530, 99=577, 99.9=596, 99.99=703] 
2024-01-12 10:43:16:856 230 sec: 744520 operations; 3529.7 current ops/sec; est completion in 23 minutes [INSERT: Count=35297, Max=2181, Min=19, Avg=281.46, 90=538, 99=587, 99.9=605, 99.99=622] 
2024-01-12 10:43:26:856 240 sec: 780273 operations; 3575.3 current ops/sec; est completion in 22 minutes [INSERT: Count=35753, Max=1778, Min=18, Avg=277.99, 90=535, 99=546, 99.9=557, 99.99=706] 
2024-01-12 10:43:36:856 250 sec: 815937 operations; 3566.4 current ops/sec; est completion in 22 minutes [INSERT: Count=35664, Max=1834, Min=20, Avg=278.69, 90=536, 99=546, 99.9=556, 99.99=636] 
2024-01-12 10:43:46:856 260 sec: 851566 operations; 3562.9 current ops/sec; est completion in 22 minutes [INSERT: Count=35629, Max=832, Min=20, Avg=278.97, 90=536, 99=547, 99.9=557, 99.99=588] 
2024-01-12 10:43:56:856 270 sec: 887153 operations; 3558.7 current ops/sec; est completion in 22 minutes [INSERT: Count=35587, Max=1870, Min=20, Avg=279.28, 90=537, 99=548, 99.9=559, 99.99=643] 
2024-01-12 10:44:06:856 280 sec: 922756 operations; 3560.3 current ops/sec; est completion in 21 minutes [INSERT: Count=35603, Max=1808, Min=20, Avg=279.14, 90=536, 99=548, 99.9=561, 99.99=674] 
2024-01-12 10:44:16:856 290 sec: 958345 operations; 3558.9 current ops/sec; est completion in 21 minutes [INSERT: Count=35587, Max=2553, Min=20, Avg=279.28, 90=537, 99=547, 99.9=556, 99.99=582] 
2024-01-12 10:44:26:856 300 sec: 993153 operations; 3480.8 current ops/sec; est completion in 21 minutes [INSERT: Count=34810, Max=2459, Min=21, Avg=285.4, 90=546, 99=596, 99.9=619, 99.99=646] 
2024-01-12 10:44:36:856 310 sec: 1025409 operations; 3225.6 current ops/sec; est completion in 21 minutes [INSERT: Count=32255, Max=3119, Min=21, Avg=307.49, 90=590, 99=609, 99.9=631, 99.99=1540] 
2024-01-12 10:44:46:856 320 sec: 1056558 operations; 3114.9 current ops/sec; est completion in 21 minutes [INSERT: Count=31148, Max=9055, Min=17, Avg=318.44, 90=592, 99=675, 99.9=2409, 99.99=7295] 
2024-01-12 10:44:56:856 330 sec: 1071708 operations; 1515 current ops/sec; est completion in 21 minutes [INSERT: Count=15150, Max=7615, Min=18, Avg=656.93, 90=1798, 99=2429, 99.9=2509, 99.99=7339] 
2024-01-12 10:45:06:856 340 sec: 1101308 operations; 2960 current ops/sec; est completion in 21 minutes [INSERT: Count=29600, Max=4895, Min=14, Avg=335.44, 90=578, 99=1832, 99.9=2447, 99.99=3211] 
2024-01-12 10:45:16:856 350 sec: 1136931 operations; 3562.3 current ops/sec; est completion in 21 minutes [INSERT: Count=35625, Max=3161, Min=15, Avg=278.81, 90=560, 99=582, 99.9=607, 99.99=3079] 
2024-01-12 10:45:26:856 360 sec: 1173395 operations; 3646.4 current ops/sec; est completion in 20 minutes [INSERT: Count=36462, Max=3619, Min=15, Avg=272.52, 90=526, 99=579, 99.9=600, 99.99=2665] 
2024-01-12 10:45:36:856 370 sec: 1208962 operations; 3556.7 current ops/sec; est completion in 20 minutes [INSERT: Count=35569, Max=2229, Min=16, Avg=279.23, 90=560, 99=584, 99.9=622, 99.99=1155] 
2024-01-12 10:45:46:856 380 sec: 1245629 operations; 3666.7 current ops/sec; est completion in 20 minutes [INSERT: Count=36667, Max=3901, Min=15, Avg=271.06, 90=525, 99=560, 99.9=588, 99.99=2949] 
2024-01-12 10:45:56:856 390 sec: 1282465 operations; 3683.6 current ops/sec; est completion in 20 minutes [INSERT: Count=36835, Max=2997, Min=15, Avg=269.84, 90=525, 99=532, 99.9=549, 99.99=1004] 
2024-01-12 10:46:06:856 400 sec: 1319227 operations; 3676.2 current ops/sec; est completion in 19 minutes [INSERT: Count=36763, Max=3099, Min=15, Avg=270.38, 90=525, 99=533, 99.9=550, 99.99=2881] 
2024-01-12 10:46:16:856 410 sec: 1355958 operations; 3673.1 current ops/sec; est completion in 19 minutes [INSERT: Count=36731, Max=2997, Min=15, Avg=270.61, 90=526, 99=534, 99.9=548, 99.99=2081] 
2024-01-12 10:46:26:857 420 sec: 1392533 operations; 3657.5 current ops/sec; est completion in 19 minutes [INSERT: Count=36577, Max=2347, Min=15, Avg=271.75, 90=527, 99=540, 99.9=554, 99.99=1650] 
2024-01-12 10:46:36:857 430 sec: 1428676 operations; 3614.3 current ops/sec; est completion in 19 minutes [INSERT: Count=36141, Max=2569, Min=15, Avg=274.79, 90=534, 99=545, 99.9=559, 99.99=1638] 
2024-01-12 10:46:46:857 440 sec: 1465147 operations; 3647.1 current ops/sec; est completion in 18 minutes [INSERT: Count=36469, Max=2081, Min=15, Avg=272.46, 90=529, 99=541, 99.9=553, 99.99=671] 
2024-01-12 10:46:56:857 450 sec: 1500881 operations; 3573.4 current ops/sec; est completion in 18 minutes [INSERT: Count=35736, Max=3095, Min=16, Avg=277.87, 90=538, 99=549, 99.9=562, 99.99=2413] 
2024-01-12 10:47:06:856 460 sec: 1536507 operations; 3562.6 current ops/sec; est completion in 18 minutes [INSERT: Count=35626, Max=2583, Min=16, Avg=278.77, 90=539, 99=550, 99.9=563, 99.99=1306] 
2024-01-12 10:47:16:856 470 sec: 1572613 operations; 3610.6 current ops/sec; est completion in 18 minutes [INSERT: Count=36106, Max=1723, Min=16, Avg=275.26, 90=533, 99=544, 99.9=556, 99.99=848] 
2024-01-12 10:47:26:856 480 sec: 1609489 operations; 3687.6 current ops/sec; est completion in 18 minutes [INSERT: Count=36876, Max=2129, Min=14, Avg=269.52, 90=527, 99=538, 99.9=549, 99.99=646] 
2024-01-12 10:47:36:856 490 sec: 1646355 operations; 3686.6 current ops/sec; est completion in 17 minutes [INSERT: Count=36866, Max=2175, Min=14, Avg=269.61, 90=526, 99=534, 99.9=546, 99.99=624] 
2024-01-12 10:47:46:856 500 sec: 1683301 operations; 3694.6 current ops/sec; est completion in 17 minutes [INSERT: Count=36944, Max=1537, Min=15, Avg=269.03, 90=524, 99=533, 99.9=543, 99.99=762] 
2024-01-12 10:47:56:856 510 sec: 1719941 operations; 3664 current ops/sec; est completion in 17 minutes [INSERT: Count=36642, Max=2243, Min=15, Avg=271.26, 90=528, 99=537, 99.9=547, 99.99=581] 
2024-01-12 10:48:06:856 520 sec: 1756543 operations; 3660.2 current ops/sec; est completion in 17 minutes [INSERT: Count=36602, Max=1356, Min=15, Avg=271.56, 90=528, 99=535, 99.9=546, 99.99=630] 
2024-01-12 10:48:16:856 530 sec: 1793244 operations; 3670.1 current ops/sec; est completion in 17 minutes [INSERT: Count=36701, Max=1491, Min=15, Avg=270.82, 90=527, 99=535, 99.9=546, 99.99=570] 
2024-01-12 10:48:26:856 540 sec: 1830082 operations; 3683.8 current ops/sec; est completion in 16 minutes [INSERT: Count=36838, Max=1602, Min=15, Avg=269.81, 90=525, 99=533, 99.9=546, 99.99=623] 
2024-01-12 10:48:36:856 550 sec: 1866937 operations; 3685.5 current ops/sec; est completion in 16 minutes [INSERT: Count=36855, Max=2055, Min=15, Avg=269.69, 90=525, 99=533, 99.9=546, 99.99=627] 
2024-01-12 10:48:46:856 560 sec: 1903777 operations; 3684 current ops/sec; est completion in 16 minutes [INSERT: Count=36838, Max=699, Min=15, Avg=269.83, 90=525, 99=533, 99.9=545, 99.99=561] 
2024-01-12 10:48:56:856 570 sec: 1940592 operations; 3681.5 current ops/sec; est completion in 16 minutes [INSERT: Count=36815, Max=2037, Min=15, Avg=270, 90=525, 99=533, 99.9=544, 99.99=639] 
2024-01-12 10:49:06:856 580 sec: 1977375 operations; 3678.3 current ops/sec; est completion in 15 minutes [INSERT: Count=36783, Max=1581, Min=16, Avg=270.24, 90=525, 99=533, 99.9=544, 99.99=647] 
2024-01-12 10:49:16:856 590 sec: 2014145 operations; 3677 current ops/sec; est completion in 15 minutes [INSERT: Count=36772, Max=3065, Min=16, Avg=270.3, 90=525, 99=533, 99.9=546, 99.99=635] 
2024-01-12 10:49:26:856 600 sec: 2047366 operations; 3322.1 current ops/sec; est completion in 15 minutes [INSERT: Count=33221, Max=3245, Min=16, Avg=298.58, 90=582, 99=595, 99.9=619, 99.99=2873] 
2024-01-12 10:49:36:856 610 sec: 2080414 operations; 3304.8 current ops/sec; est completion in 15 minutes [INSERT: Count=33046, Max=4703, Min=16, Avg=300.06, 90=579, 99=592, 99.9=617, 99.99=3699] 
2024-01-12 10:49:46:856 620 sec: 2112661 operations; 3224.7 current ops/sec; est completion in 15 minutes [INSERT: Count=32249, Max=4875, Min=15, Avg=307.55, 90=577, 99=727, 99.9=2397, 99.99=3397] 
2024-01-12 10:49:56:856 630 sec: 2132318 operations; 1965.7 current ops/sec; est completion in 15 minutes [INSERT: Count=19657, Max=3557, Min=15, Avg=506.24, 90=1690, 99=2447, 99.9=2529, 99.99=3111] 
2024-01-12 10:50:06:856 640 sec: 2154261 operations; 2194.3 current ops/sec; est completion in 15 minutes [INSERT: Count=21943, Max=3261, Min=16, Avg=453.49, 90=1230, 99=2097, 99.9=2485, 99.99=3061] 
2024-01-12 10:50:16:856 650 sec: 2179077 operations; 2481.6 current ops/sec; est completion in 15 minutes [INSERT: Count=24816, Max=3935, Min=16, Avg=400.85, 90=1055, 99=1575, 99.9=1921, 99.99=3369] 
2024-01-12 10:50:26:856 660 sec: 2205208 operations; 2613.1 current ops/sec; est completion in 15 minutes [INSERT: Count=26131, Max=3947, Min=16, Avg=380.64, 90=988, 99=1475, 99.9=1631, 99.99=3105] 
2024-01-12 10:50:36:856 670 sec: 2232013 operations; 2680.5 current ops/sec; est completion in 15 minutes [INSERT: Count=26804, Max=3971, Min=16, Avg=371.1, 90=951, 99=1454, 99.9=1623, 99.99=3277] 
2024-01-12 10:50:46:856 680 sec: 2258332 operations; 2631.9 current ops/sec; est completion in 14 minutes [INSERT: Count=26319, Max=3447, Min=17, Avg=377.93, 90=1020, 99=1464, 99.9=1636, 99.99=3171] 
2024-01-12 10:50:56:856 690 sec: 2289376 operations; 3104.4 current ops/sec; est completion in 14 minutes [INSERT: Count=31045, Max=3197, Min=16, Avg=319.87, 90=578, 99=1350, 99.9=1555, 99.99=2909] 
2024-01-12 10:51:06:856 700 sec: 2322860 operations; 3348.4 current ops/sec; est completion in 14 minutes [INSERT: Count=33485, Max=3101, Min=16, Avg=296.13, 90=574, 99=587, 99.9=608, 99.99=1708] 
2024-01-12 10:51:16:856 710 sec: 2356280 operations; 3342 current ops/sec; est completion in 14 minutes [INSERT: Count=33418, Max=2495, Min=16, Avg=296.73, 90=575, 99=595, 99.9=621, 99.99=1200] 
2024-01-12 10:51:26:856 720 sec: 2389423 operations; 3314.3 current ops/sec; est completion in 14 minutes [INSERT: Count=33143, Max=2119, Min=16, Avg=299.07, 90=577, 99=603, 99.9=628, 99.99=1584] 
2024-01-12 10:51:36:856 730 sec: 2421491 operations; 3206.8 current ops/sec; est completion in 14 minutes [INSERT: Count=32067, Max=2257, Min=16, Avg=308.75, 90=596, 99=624, 99.9=649, 99.99=1666] 
2024-01-12 10:51:46:856 740 sec: 2453643 operations; 3215.2 current ops/sec; est completion in 14 minutes [INSERT: Count=32154, Max=2135, Min=16, Avg=308.01, 90=595, 99=623, 99.9=642, 99.99=820] 
2024-01-12 10:51:56:856 750 sec: 2486167 operations; 3252.4 current ops/sec; est completion in 13 minutes [INSERT: Count=32522, Max=1717, Min=18, Avg=304.72, 90=592, 99=608, 99.9=630, 99.99=675] 
2024-01-12 10:52:06:856 760 sec: 2518646 operations; 3247.9 current ops/sec; est completion in 13 minutes [INSERT: Count=32481, Max=2757, Min=18, Avg=305.1, 90=595, 99=622, 99.9=650, 99.99=2115] 
2024-01-12 10:52:16:856 770 sec: 2550171 operations; 3152.5 current ops/sec; est completion in 13 minutes [INSERT: Count=31525, Max=2639, Min=17, Avg=313.92, 90=606, 99=634, 99.9=660, 99.99=2525] 
2024-01-12 10:52:26:856 780 sec: 2582201 operations; 3203 current ops/sec; est completion in 13 minutes [INSERT: Count=32030, Max=2441, Min=17, Avg=309.25, 90=599, 99=623, 99.9=648, 99.99=1328] 
2024-01-12 10:52:36:857 790 sec: 2614403 operations; 3220.2 current ops/sec; est completion in 13 minutes [INSERT: Count=32202, Max=2179, Min=17, Avg=307.85, 90=597, 99=621, 99.9=647, 99.99=1036] 
2024-01-12 10:52:46:856 800 sec: 2647043 operations; 3264 current ops/sec; est completion in 13 minutes [INSERT: Count=32638, Max=2467, Min=14, Avg=303.71, 90=595, 99=618, 99.9=646, 99.99=1134] 
2024-01-12 10:52:56:856 810 sec: 2680998 operations; 3395.5 current ops/sec; est completion in 12 minutes [INSERT: Count=33955, Max=1892, Min=15, Avg=292.11, 90=572, 99=587, 99.9=608, 99.99=703] 
2024-01-12 10:53:06:856 820 sec: 2714935 operations; 3393.7 current ops/sec; est completion in 12 minutes [INSERT: Count=33940, Max=823, Min=15, Avg=292.25, 90=572, 99=586, 99.9=611, 99.99=709] 
2024-01-12 10:53:16:856 830 sec: 2749214 operations; 3427.9 current ops/sec; est completion in 12 minutes [INSERT: Count=34278, Max=2023, Min=16, Avg=289.4, 90=573, 99=594, 99.9=619, 99.99=720] 
2024-01-12 10:53:26:856 840 sec: 2783329 operations; 3411.5 current ops/sec; est completion in 12 minutes [INSERT: Count=34115, Max=13647, Min=16, Avg=290.79, 90=573, 99=592, 99.9=621, 99.99=741] 
2024-01-12 10:53:36:856 850 sec: 2818342 operations; 3501.3 current ops/sec; est completion in 12 minutes [INSERT: Count=35011, Max=2038, Min=15, Avg=283.52, 90=570, 99=583, 99.9=605, 99.99=700] 
2024-01-12 10:53:46:856 860 sec: 2853298 operations; 3495.6 current ops/sec; est completion in 12 minutes [INSERT: Count=34957, Max=1605, Min=16, Avg=283.99, 90=572, 99=598, 99.9=625, 99.99=884] 
2024-01-12 10:53:56:856 870 sec: 2887073 operations; 3377.5 current ops/sec; est completion in 11 minutes [INSERT: Count=33774, Max=1474, Min=17, Avg=293.66, 90=589, 99=602, 99.9=627, 99.99=670] 
2024-01-12 10:54:06:856 880 sec: 2921188 operations; 3411.5 current ops/sec; est completion in 11 minutes [INSERT: Count=34115, Max=1523, Min=17, Avg=290.87, 90=584, 99=604, 99.9=627, 99.99=671] 
2024-01-12 10:54:16:856 890 sec: 2954512 operations; 3332.4 current ops/sec; est completion in 11 minutes [INSERT: Count=33325, Max=1308, Min=17, Avg=297.57, 90=588, 99=602, 99.9=631, 99.99=727] 
2024-01-12 10:54:26:856 900 sec: 2987477 operations; 3296.5 current ops/sec; est completion in 11 minutes [INSERT: Count=32964, Max=2161, Min=16, Avg=300.86, 90=583, 99=596, 99.9=617, 99.99=756] 
2024-01-12 10:54:36:856 910 sec: 3020500 operations; 3302.3 current ops/sec; est completion in 11 minutes [INSERT: Count=33025, Max=2045, Min=17, Avg=300.31, 90=582, 99=594, 99.9=615, 99.99=733] 
2024-01-12 10:54:46:856 920 sec: 3053643 operations; 3314.3 current ops/sec; est completion in 11 minutes [INSERT: Count=33143, Max=2042, Min=16, Avg=299.21, 90=580, 99=597, 99.9=616, 99.99=725] 
2024-01-12 10:54:56:856 930 sec: 3085989 operations; 3234.6 current ops/sec; est completion in 10 minutes [INSERT: Count=32346, Max=2165, Min=17, Avg=306.39, 90=595, 99=611, 99.9=637, 99.99=728] 
2024-01-12 10:55:06:856 940 sec: 3119008 operations; 3301.9 current ops/sec; est completion in 10 minutes [INSERT: Count=33017, Max=986, Min=17, Avg=300.29, 90=582, 99=604, 99.9=629, 99.99=727] 
2024-01-12 10:55:16:856 950 sec: 3151578 operations; 3257 current ops/sec; est completion in 10 minutes [INSERT: Count=32572, Max=2111, Min=17, Avg=304.34, 90=592, 99=609, 99.9=634, 99.99=742] 
2024-01-12 10:55:26:856 960 sec: 3174173 operations; 2259.5 current ops/sec; est completion in 10 minutes [INSERT: Count=22593, Max=2559, Min=14, Avg=439.57, 90=1111, 99=1966, 99.9=2483, 99.99=2543] 
2024-01-12 10:55:36:856 970 sec: 3193134 operations; 1896.1 current ops/sec; est completion in 10 minutes [INSERT: Count=18961, Max=4615, Min=15, Avg=524.95, 90=1930, 99=2385, 99.9=2475, 99.99=2603] 
2024-01-12 10:55:46:856 980 sec: 3219200 operations; 2606.6 current ops/sec; est completion in 10 minutes [INSERT: Count=26068, Max=1738, Min=15, Avg=381.56, 90=990, 99=1518, 99.9=1641, 99.99=1683] 
2024-01-12 10:55:56:856 990 sec: 3244837 operations; 2563.7 current ops/sec; est completion in 10 minutes [INSERT: Count=25635, Max=1740, Min=16, Avg=388.03, 90=1022, 99=1516, 99.9=1633, 99.99=1711] 
2024-01-12 10:56:06:856 1000 sec: 3271336 operations; 2649.9 current ops/sec; est completion in 10 minutes [INSERT: Count=26501, Max=1731, Min=16, Avg=375.37, 90=976, 99=1445, 99.9=1600, 99.99=1684] 
2024-01-12 10:56:16:856 1010 sec: 3296379 operations; 2504.3 current ops/sec; est completion in 9 minutes [INSERT: Count=25042, Max=2121, Min=16, Avg=397.16, 90=1027, 99=1583, 99.9=1911, 99.99=2014] 
2024-01-12 10:56:26:856 1020 sec: 3325669 operations; 2929 current ops/sec; est completion in 9 minutes [INSERT: Count=29291, Max=3345, Min=16, Avg=339.17, 90=610, 99=1520, 99.9=1917, 99.99=2869] 
2024-01-12 10:56:36:856 1030 sec: 3358974 operations; 3330.5 current ops/sec; est completion in 9 minutes [INSERT: Count=33305, Max=9055, Min=15, Avg=297.79, 90=575, 99=588, 99.9=609, 99.99=6587] 
2024-01-12 10:56:46:856 1040 sec: 3392340 operations; 3336.6 current ops/sec; est completion in 9 minutes [INSERT: Count=33365, Max=4927, Min=16, Avg=297.23, 90=575, 99=589, 99.9=615, 99.99=4347] 
2024-01-12 10:56:56:856 1050 sec: 3425730 operations; 3339 current ops/sec; est completion in 9 minutes [INSERT: Count=33389, Max=3645, Min=16, Avg=297.03, 90=575, 99=588, 99.9=610, 99.99=3345] 
2024-01-12 10:57:06:856 1060 sec: 3459088 operations; 3335.8 current ops/sec; est completion in 9 minutes [INSERT: Count=33360, Max=3349, Min=16, Avg=297.3, 90=575, 99=588, 99.9=612, 99.99=3273] 
2024-01-12 10:57:16:856 1070 sec: 3492496 operations; 3340.8 current ops/sec; est completion in 8 minutes [INSERT: Count=33406, Max=3357, Min=17, Avg=296.89, 90=575, 99=586, 99.9=610, 99.99=3127] 
2024-01-12 10:57:26:856 1080 sec: 3525841 operations; 3334.5 current ops/sec; est completion in 8 minutes [INSERT: Count=33346, Max=3295, Min=16, Avg=297.43, 90=575, 99=587, 99.9=609, 99.99=3079] 
2024-01-12 10:57:36:856 1090 sec: 3559120 operations; 3327.9 current ops/sec; est completion in 8 minutes [INSERT: Count=33278, Max=3377, Min=17, Avg=298.02, 90=576, 99=588, 99.9=611, 99.99=3251] 
2024-01-12 10:57:46:856 1100 sec: 3592329 operations; 3320.9 current ops/sec; est completion in 8 minutes [INSERT: Count=33211, Max=3317, Min=17, Avg=298.62, 90=577, 99=589, 99.9=616, 99.99=3239] 
2024-01-12 10:57:56:856 1110 sec: 3625573 operations; 3324.4 current ops/sec; est completion in 8 minutes [INSERT: Count=33244, Max=3245, Min=17, Avg=298.31, 90=576, 99=589, 99.9=610, 99.99=3105] 
2024-01-12 10:58:06:856 1120 sec: 3658746 operations; 3317.3 current ops/sec; est completion in 8 minutes [INSERT: Count=33173, Max=3309, Min=16, Avg=298.95, 90=577, 99=590, 99.9=614, 99.99=3277] 
2024-01-12 10:58:16:856 1130 sec: 3691969 operations; 3322.3 current ops/sec; est completion in 7 minutes [INSERT: Count=33221, Max=3209, Min=17, Avg=298.46, 90=576, 99=589, 99.9=611, 99.99=3151] 
2024-01-12 10:58:26:856 1140 sec: 3725519 operations; 3355 current ops/sec; est completion in 7 minutes [INSERT: Count=33550, Max=42911, Min=14, Avg=295.57, 90=571, 99=586, 99.9=609, 99.99=3133] 
2024-01-12 10:58:36:856 1150 sec: 3759116 operations; 3359.7 current ops/sec; est completion in 7 minutes [INSERT: Count=33597, Max=3085, Min=15, Avg=295.16, 90=572, 99=588, 99.9=615, 99.99=2885] 
2024-01-12 10:58:46:856 1160 sec: 3792640 operations; 3352.4 current ops/sec; est completion in 7 minutes [INSERT: Count=33524, Max=3123, Min=15, Avg=295.8, 90=573, 99=587, 99.9=611, 99.99=2931] 
2024-01-12 10:58:56:856 1170 sec: 3826121 operations; 3348.1 current ops/sec; est completion in 7 minutes [INSERT: Count=33483, Max=2401, Min=16, Avg=296.17, 90=574, 99=590, 99.9=616, 99.99=1844] 
2024-01-12 10:59:06:856 1180 sec: 3859374 operations; 3325.3 current ops/sec; est completion in 7 minutes [INSERT: Count=33253, Max=2427, Min=16, Avg=298.1, 90=575, 99=600, 99.9=630, 99.99=1767] 
2024-01-12 10:59:16:856 1190 sec: 3893113 operations; 3373.9 current ops/sec; est completion in 6 minutes [INSERT: Count=33739, Max=2765, Min=16, Avg=293.84, 90=575, 99=604, 99.9=633, 99.99=1644] 
2024-01-12 10:59:26:856 1200 sec: 3927194 operations; 3408.1 current ops/sec; est completion in 6 minutes [INSERT: Count=34081, Max=1945, Min=16, Avg=291.04, 90=574, 99=597, 99.9=619, 99.99=1486] 
2024-01-12 10:59:36:856 1210 sec: 3959590 operations; 3239.6 current ops/sec; est completion in 6 minutes [INSERT: Count=32396, Max=2533, Min=16, Avg=305.68, 90=588, 99=613, 99.9=637, 99.99=2347] 
2024-01-12 10:59:46:856 1220 sec: 3992009 operations; 3241.9 current ops/sec; est completion in 6 minutes [INSERT: Count=32419, Max=2305, Min=16, Avg=305.57, 90=587, 99=613, 99.9=636, 99.99=1382] 
2024-01-12 10:59:56:856 1230 sec: 4026692 operations; 3468.3 current ops/sec; est completion in 6 minutes [INSERT: Count=34683, Max=2032, Min=17, Avg=286.24, 90=572, 99=595, 99.9=621, 99.99=1073] 
2024-01-12 11:00:06:856 1240 sec: 4062922 operations; 3623 current ops/sec; est completion in 6 minutes [INSERT: Count=36230, Max=2175, Min=18, Avg=274.3, 90=530, 99=541, 99.9=554, 99.99=675] 
2024-01-12 11:00:16:856 1250 sec: 4099156 operations; 3623.4 current ops/sec; est completion in 5 minutes [INSERT: Count=36232, Max=2279, Min=18, Avg=274.3, 90=530, 99=540, 99.9=551, 99.99=599] 
2024-01-12 11:00:26:856 1260 sec: 4135422 operations; 3626.6 current ops/sec; est completion in 5 minutes [INSERT: Count=36268, Max=688, Min=18, Avg=274.04, 90=530, 99=539, 99.9=553, 99.99=638] 
2024-01-12 11:00:36:856 1270 sec: 4171447 operations; 3602.5 current ops/sec; est completion in 5 minutes [INSERT: Count=36025, Max=1156, Min=18, Avg=275.81, 90=533, 99=543, 99.9=555, 99.99=646] 
2024-01-12 11:00:46:856 1280 sec: 4207629 operations; 3618.2 current ops/sec; est completion in 5 minutes [INSERT: Count=36182, Max=1585, Min=18, Avg=274.69, 90=531, 99=540, 99.9=551, 99.99=683] 
2024-01-12 11:00:56:856 1290 sec: 4233062 operations; 2543.3 current ops/sec; est completion in 5 minutes [INSERT: Count=25431, Max=54047, Min=16, Avg=391.22, 90=941, 99=1859, 99.9=2437, 99.99=2495] 
2024-01-12 11:01:06:856 1300 sec: 4252034 operations; 1897.2 current ops/sec; est completion in 5 minutes [INSERT: Count=18972, Max=4375, Min=17, Avg=524.73, 90=1707, 99=2429, 99.9=2495, 99.99=2959] 
2024-01-12 11:01:16:856 1310 sec: 4277218 operations; 2518.4 current ops/sec; est completion in 4 minutes [INSERT: Count=25184, Max=2093, Min=16, Avg=395.01, 90=977, 99=1833, 99.9=2004, 99.99=2063] 
2024-01-12 11:01:26:856 1320 sec: 4303957 operations; 2673.9 current ops/sec; est completion in 4 minutes [INSERT: Count=26741, Max=1798, Min=16, Avg=372.01, 90=1011, 99=1474, 99.9=1622, 99.99=1701] 
2024-01-12 11:01:36:856 1330 sec: 4329942 operations; 2598.5 current ops/sec; est completion in 4 minutes [INSERT: Count=25985, Max=1715, Min=16, Avg=382.76, 90=1062, 99=1456, 99.9=1621, 99.99=1665] 
2024-01-12 11:01:46:856 1340 sec: 4353822 operations; 2388 current ops/sec; est completion in 4 minutes [INSERT: Count=23878, Max=1725, Min=15, Avg=415.95, 90=1140, 99=1551, 99.9=1666, 99.99=1711] 
2024-01-12 11:01:56:856 1350 sec: 4379793 operations; 2597.1 current ops/sec; est completion in 4 minutes [INSERT: Count=25971, Max=2605, Min=16, Avg=382.53, 90=908, 99=2025, 99.9=2487, 99.99=2557] 
2024-01-12 11:02:06:856 1360 sec: 4400499 operations; 2070.6 current ops/sec; est completion in 4 minutes [INSERT: Count=20706, Max=2629, Min=17, Avg=479.96, 90=897, 99=2463, 99.9=2571, 99.99=2609] 
2024-01-12 11:02:16:856 1370 sec: 4424086 operations; 2358.7 current ops/sec; est completion in 4 minutes [INSERT: Count=23587, Max=4025, Min=17, Avg=421.96, 90=712, 99=2347, 99.9=2497, 99.99=3195] 
2024-01-12 11:02:26:856 1380 sec: 4457473 operations; 3338.7 current ops/sec; est completion in 4 minutes [INSERT: Count=33390, Max=8011, Min=16, Avg=297.09, 90=574, 99=588, 99.9=990, 99.99=6471] 
2024-01-12 11:02:36:856 1390 sec: 4490795 operations; 3332.2 current ops/sec; est completion in 3 minutes [INSERT: Count=33320, Max=4375, Min=16, Avg=297.63, 90=575, 99=588, 99.9=610, 99.99=3747] 
2024-01-12 11:02:46:856 1400 sec: 4523587 operations; 3279.2 current ops/sec; est completion in 3 minutes [INSERT: Count=32792, Max=3347, Min=16, Avg=302.28, 90=590, 99=602, 99.9=632, 99.99=3147] 
2024-01-12 11:02:56:856 1410 sec: 4556878 operations; 3329.1 current ops/sec; est completion in 3 minutes [INSERT: Count=33291, Max=3351, Min=16, Avg=297.88, 90=575, 99=589, 99.9=624, 99.99=3323] 
2024-01-12 11:03:06:856 1420 sec: 4590051 operations; 3317.3 current ops/sec; est completion in 3 minutes [INSERT: Count=33172, Max=4895, Min=16, Avg=298.88, 90=577, 99=595, 99.9=626, 99.99=3215] 
2024-01-12 11:03:16:856 1430 sec: 4623392 operations; 3334.1 current ops/sec; est completion in 3 minutes [INSERT: Count=33343, Max=4339, Min=16, Avg=297.42, 90=575, 99=590, 99.9=614, 99.99=3237] 
2024-01-12 11:03:26:856 1440 sec: 4658789 operations; 3539.7 current ops/sec; est completion in 3 minutes [INSERT: Count=35397, Max=9167, Min=18, Avg=280.55, 90=552, 99=581, 99.9=604, 99.99=3135] 
2024-01-12 11:03:36:856 1450 sec: 4692823 operations; 3403.4 current ops/sec; est completion in 2 minutes [INSERT: Count=34032, Max=4551, Min=17, Avg=291.53, 90=575, 99=595, 99.9=621, 99.99=3231] 
2024-01-12 11:03:46:856 1460 sec: 4726228 operations; 3340.5 current ops/sec; est completion in 2 minutes [INSERT: Count=33407, Max=3209, Min=17, Avg=296.88, 90=588, 99=601, 99.9=634, 99.99=3105] 
2024-01-12 11:03:56:856 1470 sec: 4759428 operations; 3320 current ops/sec; est completion in 2 minutes [INSERT: Count=33198, Max=42207, Min=15, Avg=298.7, 90=576, 99=595, 99.9=627, 99.99=3121] 
2024-01-12 11:04:06:856 1480 sec: 4793185 operations; 3375.7 current ops/sec; est completion in 2 minutes [INSERT: Count=33757, Max=2359, Min=14, Avg=293.72, 90=571, 99=587, 99.9=611, 99.99=2018] 
2024-01-12 11:04:16:856 1490 sec: 4826333 operations; 3314.8 current ops/sec; est completion in 2 minutes [INSERT: Count=33150, Max=3063, Min=16, Avg=298.95, 90=585, 99=602, 99.9=633, 99.99=1597] 
2024-01-12 11:04:26:856 1500 sec: 4859257 operations; 3292.4 current ops/sec; est completion in 1 minute [INSERT: Count=32922, Max=1625, Min=16, Avg=300.82, 90=586, 99=615, 99.9=636, 99.99=1438] 
2024-01-12 11:04:36:856 1510 sec: 4892558 operations; 3330.1 current ops/sec; est completion in 1 minute [INSERT: Count=33303, Max=2119, Min=15, Avg=297.58, 90=574, 99=599, 99.9=624, 99.99=1725] 
2024-01-12 11:04:46:856 1520 sec: 4925223 operations; 3266.5 current ops/sec; est completion in 1 minute [INSERT: Count=32665, Max=2685, Min=16, Avg=303.04, 90=585, 99=606, 99.9=632, 99.99=2269] 
2024-01-12 11:04:56:856 1530 sec: 4958090 operations; 3286.7 current ops/sec; est completion in 1 minute [INSERT: Count=32867, Max=2345, Min=16, Avg=301.36, 90=584, 99=612, 99.9=642, 99.99=1284] 
2024-01-12 11:05:06:856 1540 sec: 4991526 operations; 3343.6 current ops/sec; est completion in 1 minute [INSERT: Count=33434, Max=2279, Min=16, Avg=296.49, 90=574, 99=596, 99.9=612, 99.99=742] 
2024-01-12 11:05:16:856 1550 sec: 5025574 operations; 3404.8 current ops/sec; est completion in 1 minute [INSERT: Count=34050, Max=1278, Min=16, Avg=291.38, 90=575, 99=590, 99.9=616, 99.99=713] 
2024-01-12 11:05:26:856 1560 sec: 5059235 operations; 3366.1 current ops/sec; est completion in 57 seconds [INSERT: Count=33660, Max=2127, Min=17, Avg=294.69, 90=578, 99=591, 99.9=615, 99.99=732] 
2024-01-12 11:05:36:856 1570 sec: 5092611 operations; 3337.6 current ops/sec; est completion in 47 seconds [INSERT: Count=33376, Max=2057, Min=17, Avg=297.18, 90=580, 99=596, 99.9=619, 99.99=983] 
2024-01-12 11:05:46:856 1580 sec: 5126089 operations; 3347.8 current ops/sec; est completion in 36 seconds [INSERT: Count=33479, Max=1523, Min=17, Avg=296.3, 90=581, 99=595, 99.9=616, 99.99=754] 
2024-01-12 11:05:56:856 1590 sec: 5160085 operations; 3399.6 current ops/sec; est completion in 26 seconds [INSERT: Count=33994, Max=1502, Min=17, Avg=291.91, 90=576, 99=592, 99.9=613, 99.99=709] 
2024-01-12 11:06:06:856 1600 sec: 5193639 operations; 3355.4 current ops/sec; est completion in 16 seconds [INSERT: Count=33555, Max=2259, Min=16, Avg=295.65, 90=578, 99=591, 99.9=612, 99.99=724] 
2024-01-12 11:06:16:856 1610 sec: 5227621 operations; 3398.2 current ops/sec; est completion in 5 second [INSERT: Count=33983, Max=788, Min=17, Avg=291.94, 90=575, 99=587, 99.9=606, 99.99=685] 
2024-01-12 11:06:21:450 1614 sec: 5242880 operations; 3321.51 current ops/sec; [CLEANUP: Count=1, Max=70783, Min=70720, Avg=70752, 90=70783, 99=70783, 99.9=70783, 99.99=70783] [INSERT: Count=15257, Max=1488, Min=16, Avg=294.05, 90=576, 99=589, 99.9=609, 99.99=655] 
