[WARN]  Running against a source checkout. In order to get our runtime dependencies we'll have to invoke Maven. Depending on the state of your system, this may take ~30-45 seconds
[DEBUG]  Running 'mvn -pl site.ycsb:rocksdb-binding -am package -DskipTests dependency:build-classpath -DincludeScope=compile -Dmdep.outputFilterFile=true'
java -cp /home/user/src/rocksdb-cheops-2024/ycsb/rocksdb/conf:/home/user/src/rocksdb-cheops-2024/ycsb/rocksdb/target/rocksdb-binding-0.18.0-SNAPSHOT.jar:/root/.m2/repository/org/apache/htrace/htrace-core4/4.1.0-incubating/htrace-core4-4.1.0-incubating.jar:/root/.m2/repository/org/slf4j/slf4j-api/1.7.25/slf4j-api-1.7.25.jar:/home/user/src/rocksdb-cheops-2024/rocksdb-ycsb/java/target/rocksdbjni-7.4.3-linux64.jar:/root/.m2/repository/net/jcip/jcip-annotations/1.0/jcip-annotations-1.0.jar:/root/.m2/repository/org/hdrhistogram/HdrHistogram/2.1.4/HdrHistogram-2.1.4.jar:/root/.m2/repository/org/codehaus/jackson/jackson-mapper-asl/1.9.4/jackson-mapper-asl-1.9.4.jar:/lib/libzbd.so.1:/root/.m2/repository/org/codehaus/jackson/jackson-core-asl/1.9.4/jackson-core-asl-1.9.4.jar:/home/user/src/rocksdb-cheops-2024/rocksdb-ycsb/java/target/librocksdbjni-linux64.so:/home/user/src/rocksdb-cheops-2024/ycsb/core/target/core-0.18.0-SNAPSHOT.jar site.ycsb.Client -db site.ycsb.db.rocksdb.RocksDBClient -s -P ./workloads/workloadb -p recordcount=5242880 -p operationcount=1000000 -p fieldlength=386 -p fieldcount=10 -load
Command line: -db site.ycsb.db.rocksdb.RocksDBClient -s -P ./workloads/workloadb -p recordcount=5242880 -p operationcount=1000000 -p fieldlength=386 -p fieldcount=10 -load
YCSB Client 0.18.0-SNAPSHOT

Loading workload...
Starting test.
SLF4J: Failed to load class "org.slf4j.impl.StaticLoggerBinder".
SLF4J: Defaulting to no-operation (NOP) logger implementation
SLF4J: See http://www.slf4j.org/codes.html#StaticLoggerBinder for further details.
2024-01-13 00:20:00:580 0 sec: 0 operations; est completion in 0 second 
Leet YCSB 
DBWrapper: report latency for each error is false and specific error codes to track for latency are: []
2024-01-13 00:20:10:543 10 sec: 12454 operations; 1245.03 current ops/sec; est completion in 1 hour 10 minutes [INSERT: Count=12457, Max=12871, Min=24, Avg=589.41, 90=618, 99=655, 99.9=1254, 99.99=3889] 
2024-01-13 00:20:20:541 20 sec: 29122 operations; 1667.3 current ops/sec; est completion in 59 minutes [INSERT: Count=16666, Max=4571, Min=33, Avg=593.47, 90=624, 99=651, 99.9=731, 99.99=3909] 
2024-01-13 00:20:30:541 30 sec: 46479 operations; 1735.7 current ops/sec; est completion in 55 minutes [INSERT: Count=17357, Max=6275, Min=20, Avg=571.25, 90=618, 99=643, 99.9=804, 99.99=2121] 
2024-01-13 00:20:40:541 40 sec: 65041 operations; 1856.2 current ops/sec; est completion in 53 minutes [INSERT: Count=18562, Max=3157, Min=21, Avg=535.99, 90=568, 99=604, 99.9=707, 99.99=3109] 
2024-01-13 00:20:50:541 50 sec: 83245 operations; 1820.4 current ops/sec; est completion in 51 minutes [INSERT: Count=18204, Max=3023, Min=22, Avg=546.89, 90=593, 99=613, 99.9=714, 99.99=2701] 
2024-01-13 00:21:00:541 60 sec: 101463 operations; 1821.8 current ops/sec; est completion in 50 minutes [INSERT: Count=18218, Max=4871, Min=20, Avg=546.52, 90=592, 99=616, 99.9=704, 99.99=2909] 
2024-01-13 00:21:10:541 70 sec: 118708 operations; 1724.5 current ops/sec; est completion in 50 minutes [INSERT: Count=17245, Max=3289, Min=22, Avg=576.86, 90=600, 99=622, 99.9=726, 99.99=2847] 
2024-01-13 00:21:20:541 80 sec: 135985 operations; 1727.7 current ops/sec; est completion in 50 minutes [INSERT: Count=17277, Max=5411, Min=25, Avg=575.8, 90=600, 99=625, 99.9=757, 99.99=2137] 
2024-01-13 00:21:30:541 90 sec: 153190 operations; 1720.5 current ops/sec; est completion in 49 minutes [INSERT: Count=17205, Max=3199, Min=24, Avg=578.15, 90=602, 99=624, 99.9=736, 99.99=2929] 
2024-01-13 00:21:40:541 100 sec: 170422 operations; 1723.2 current ops/sec; est completion in 49 minutes [INSERT: Count=17232, Max=5807, Min=25, Avg=577.23, 90=601, 99=623, 99.9=659, 99.99=3275] 
2024-01-13 00:21:50:541 110 sec: 187204 operations; 1678.2 current ops/sec; est completion in 49 minutes [INSERT: Count=16782, Max=33695, Min=25, Avg=592.75, 90=600, 99=1275, 99.9=3083, 99.99=10119] 
2024-01-13 00:22:00:541 120 sec: 200967 operations; 1376.16 current ops/sec; est completion in 50 minutes [INSERT: Count=13764, Max=15503, Min=25, Avg=719.68, 90=642, 99=2951, 99.9=5487, 99.99=13807] 
2024-01-13 00:22:10:541 130 sec: 218451 operations; 1748.57 current ops/sec; est completion in 49 minutes [INSERT: Count=17483, Max=83711, Min=22, Avg=567.85, 90=595, 99=695, 99.9=3109, 99.99=8775] 
2024-01-13 00:22:20:541 140 sec: 236749 operations; 1829.8 current ops/sec; est completion in 49 minutes [INSERT: Count=18298, Max=5495, Min=22, Avg=544.05, 90=557, 99=621, 99.9=1946, 99.99=3071] 
2024-01-13 00:22:30:541 150 sec: 254638 operations; 1788.9 current ops/sec; est completion in 48 minutes [INSERT: Count=17889, Max=17983, Min=22, Avg=556.44, 90=596, 99=647, 99.9=1964, 99.99=2943] 
2024-01-13 00:22:40:542 160 sec: 270896 operations; 1625.47 current ops/sec; est completion in 48 minutes [INSERT: Count=16259, Max=6523, Min=24, Avg=611.8, 90=630, 99=1873, 99.9=2931, 99.99=4327] 
2024-01-13 00:22:50:541 170 sec: 289514 operations; 1862.17 current ops/sec; est completion in 48 minutes [INSERT: Count=18618, Max=9559, Min=22, Avg=534.99, 90=549, 99=563, 99.9=583, 99.99=809] 
2024-01-13 00:23:00:541 180 sec: 308216 operations; 1870.2 current ops/sec; est completion in 48 minutes [INSERT: Count=18701, Max=2137, Min=23, Avg=532.72, 90=546, 99=558, 99.9=579, 99.99=708] 
2024-01-13 00:23:10:541 190 sec: 326919 operations; 1870.3 current ops/sec; est completion in 47 minutes [INSERT: Count=18704, Max=5575, Min=22, Avg=532.73, 90=545, 99=558, 99.9=581, 99.99=1418] 
2024-01-13 00:23:20:542 200 sec: 345651 operations; 1872.83 current ops/sec; est completion in 47 minutes [INSERT: Count=18731, Max=866, Min=23, Avg=531.97, 90=545, 99=557, 99.9=575, 99.99=746] 
2024-01-13 00:23:30:541 210 sec: 364394 operations; 1874.67 current ops/sec; est completion in 46 minutes [INSERT: Count=18743, Max=718, Min=21, Avg=531.52, 90=544, 99=556, 99.9=575, 99.99=682] 
2024-01-13 00:23:40:541 220 sec: 383076 operations; 1868.2 current ops/sec; est completion in 46 minutes [INSERT: Count=18682, Max=5559, Min=23, Avg=533.29, 90=546, 99=594, 99.9=625, 99.99=2233] 
2024-01-13 00:23:50:541 230 sec: 400175 operations; 1709.9 current ops/sec; est completion in 46 minutes [INSERT: Count=17099, Max=2875, Min=26, Avg=581.9, 90=606, 99=629, 99.9=1917, 99.99=2133] 
2024-01-13 00:24:00:541 240 sec: 417530 operations; 1735.5 current ops/sec; est completion in 46 minutes [INSERT: Count=17355, Max=5143, Min=26, Avg=573.44, 90=605, 99=628, 99.9=1899, 99.99=2235] 
2024-01-13 00:24:10:541 250 sec: 434573 operations; 1704.3 current ops/sec; est completion in 46 minutes [INSERT: Count=17044, Max=4523, Min=25, Avg=583.56, 90=608, 99=631, 99.9=1956, 99.99=2203] 
2024-01-13 00:24:20:541 260 sec: 451321 operations; 1674.8 current ops/sec; est completion in 46 minutes [INSERT: Count=16747, Max=5535, Min=27, Avg=594.05, 90=611, 99=658, 99.9=2073, 99.99=3097] 
2024-01-13 00:24:30:541 270 sec: 468323 operations; 1700.2 current ops/sec; est completion in 45 minutes [INSERT: Count=17003, Max=14111, Min=26, Avg=585.2, 90=613, 99=640, 99.9=1986, 99.99=3473] 
2024-01-13 00:24:40:541 280 sec: 485487 operations; 1716.4 current ops/sec; est completion in 45 minutes [INSERT: Count=17163, Max=2127, Min=25, Avg=579.74, 90=611, 99=634, 99.9=653, 99.99=794] 
2024-01-13 00:24:50:541 290 sec: 502511 operations; 1702.4 current ops/sec; est completion in 45 minutes [INSERT: Count=17024, Max=5647, Min=26, Avg=584.45, 90=610, 99=633, 99.9=663, 99.99=3031] 
2024-01-13 00:25:00:541 300 sec: 519516 operations; 1700.5 current ops/sec; est completion in 45 minutes [INSERT: Count=17005, Max=9023, Min=28, Avg=585.07, 90=608, 99=631, 99.9=787, 99.99=7347] 
2024-01-13 00:25:10:541 310 sec: 537096 operations; 1758 current ops/sec; est completion in 45 minutes [INSERT: Count=17581, Max=7303, Min=20, Avg=566.16, 90=599, 99=622, 99.9=723, 99.99=3123] 
2024-01-13 00:25:20:541 320 sec: 555898 operations; 1880.2 current ops/sec; est completion in 44 minutes [INSERT: Count=18801, Max=3143, Min=18, Avg=529.88, 90=557, 99=593, 99.9=633, 99.99=3127] 
2024-01-13 00:25:30:541 330 sec: 573613 operations; 1771.5 current ops/sec; est completion in 44 minutes [INSERT: Count=17715, Max=5395, Min=21, Avg=561.88, 90=597, 99=618, 99.9=730, 99.99=3149] 
2024-01-13 00:25:40:541 340 sec: 592152 operations; 1853.9 current ops/sec; est completion in 44 minutes [INSERT: Count=18539, Max=3155, Min=20, Avg=537.32, 90=587, 99=606, 99.9=645, 99.99=3071] 
2024-01-13 00:25:50:541 350 sec: 611132 operations; 1898 current ops/sec; est completion in 44 minutes [INSERT: Count=18980, Max=5483, Min=19, Avg=524.99, 90=534, 99=546, 99.9=579, 99.99=2687] 
2024-01-13 00:26:00:592 360 sec: 630113 operations; 1895.07 current ops/sec; est completion in 43 minutes [INSERT: Count=19027, Max=2157, Min=21, Avg=527.3, 90=538, 99=551, 99.9=567, 99.99=1999] 
2024-01-13 00:26:10:613 370 sec: 648870 operations; 1874.58 current ops/sec; est completion in 43 minutes [INSERT: Count=18776, Max=3343, Min=20, Avg=531.81, 90=546, 99=557, 99.9=630, 99.99=2387] 
2024-01-13 00:26:20:552 380 sec: 667402 operations; 1856.91 current ops/sec; est completion in 43 minutes [INSERT: Count=18475, Max=43807, Min=21, Avg=534.3, 90=546, 99=557, 99.9=570, 99.99=1964] 
2024-01-13 00:26:30:591 390 sec: 685872 operations; 1843.5 current ops/sec; est completion in 43 minutes [INSERT: Count=18500, Max=4319, Min=22, Avg=539.08, 90=549, 99=624, 99.9=1950, 99.99=3209] 
2024-01-13 00:26:40:551 400 sec: 704318 operations; 1847.19 current ops/sec; est completion in 42 minutes [INSERT: Count=18407, Max=96703, Min=21, Avg=537.9, 90=547, 99=558, 99.9=599, 99.99=1495] 
2024-01-13 00:26:50:547 410 sec: 721017 operations; 1670.57 current ops/sec; est completion in 42 minutes [INSERT: Count=16702, Max=4791, Min=23, Avg=594.3, 90=617, 99=1879, 99.9=2087, 99.99=3743] 
2024-01-13 00:27:00:546 420 sec: 737706 operations; 1669.4 current ops/sec; est completion in 42 minutes [INSERT: Count=16698, Max=3045, Min=26, Avg=594.62, 90=610, 99=1793, 99.9=2002, 99.99=2219] 
2024-01-13 00:27:10:541 430 sec: 756569 operations; 1886.3 current ops/sec; est completion in 42 minutes [INSERT: Count=18852, Max=2007, Min=22, Avg=528.21, 90=539, 99=591, 99.9=619, 99.99=700] 
2024-01-13 00:27:20:541 440 sec: 775253 operations; 1868.21 current ops/sec; est completion in 42 minutes [INSERT: Count=18684, Max=3825, Min=21, Avg=533.07, 90=568, 99=601, 99.9=636, 99.99=2157] 
2024-01-13 00:27:30:542 450 sec: 794162 operations; 1891.09 current ops/sec; est completion in 42 minutes [INSERT: Count=18909, Max=2425, Min=20, Avg=526.97, 90=537, 99=548, 99.9=562, 99.99=950] 
2024-01-13 00:27:40:542 460 sec: 813071 operations; 1890.52 current ops/sec; est completion in 41 minutes [INSERT: Count=18909, Max=3795, Min=19, Avg=526.95, 90=537, 99=547, 99.9=558, 99.99=664] 
2024-01-13 00:27:50:541 470 sec: 830303 operations; 1723.54 current ops/sec; est completion in 41 minutes [INSERT: Count=17232, Max=2241, Min=23, Avg=577.16, 90=598, 99=624, 99.9=1914, 99.99=1983] 
2024-01-13 00:28:00:541 480 sec: 848393 operations; 1809 current ops/sec; est completion in 41 minutes [INSERT: Count=18089, Max=2159, Min=21, Avg=550.43, 90=594, 99=615, 99.9=1838, 99.99=1972] 
2024-01-13 00:28:10:542 490 sec: 866582 operations; 1818.9 current ops/sec; est completion in 41 minutes [INSERT: Count=18189, Max=2471, Min=22, Avg=547.51, 90=591, 99=611, 99.9=1816, 99.99=2133] 
2024-01-13 00:28:20:541 500 sec: 885509 operations; 1892.7 current ops/sec; est completion in 41 minutes [INSERT: Count=18928, Max=657, Min=21, Avg=526.36, 90=535, 99=546, 99.9=560, 99.99=609] 
2024-01-13 00:28:30:541 510 sec: 904440 operations; 1893.1 current ops/sec; est completion in 40 minutes [INSERT: Count=18931, Max=3407, Min=20, Avg=526.35, 90=535, 99=546, 99.9=560, 99.99=581] 
2024-01-13 00:28:40:541 520 sec: 923215 operations; 1877.5 current ops/sec; est completion in 40 minutes [INSERT: Count=18778, Max=2887, Min=22, Avg=530.7, 90=540, 99=589, 99.9=612, 99.99=1582] 
2024-01-13 00:28:50:541 530 sec: 940720 operations; 1750.5 current ops/sec; est completion in 40 minutes [INSERT: Count=17502, Max=6667, Min=22, Avg=568.6, 90=605, 99=640, 99.9=2025, 99.99=3187] 
2024-01-13 00:29:00:541 540 sec: 957921 operations; 1720.1 current ops/sec; est completion in 40 minutes [INSERT: Count=17201, Max=23807, Min=23, Avg=578.46, 90=609, 99=634, 99.9=2016, 99.99=2131] 
2024-01-13 00:29:10:541 550 sec: 976718 operations; 1879.7 current ops/sec; est completion in 40 minutes [INSERT: Count=18797, Max=3751, Min=21, Avg=530.08, 90=541, 99=553, 99.9=564, 99.99=662] 
2024-01-13 00:29:20:541 560 sec: 995520 operations; 1880.2 current ops/sec; est completion in 39 minutes [INSERT: Count=18802, Max=3307, Min=20, Avg=529.94, 90=540, 99=552, 99.9=565, 99.99=2929] 
2024-01-13 00:29:30:541 570 sec: 1014111 operations; 1859.1 current ops/sec; est completion in 39 minutes [INSERT: Count=18591, Max=8087, Min=23, Avg=535.89, 90=543, 99=603, 99.9=630, 99.99=6531] 
2024-01-13 00:29:40:541 580 sec: 1032906 operations; 1879.5 current ops/sec; est completion in 39 minutes [INSERT: Count=18794, Max=5915, Min=20, Avg=530.12, 90=539, 99=550, 99.9=563, 99.99=3109] 
2024-01-13 00:29:50:541 590 sec: 1050237 operations; 1733.1 current ops/sec; est completion in 39 minutes [INSERT: Count=17331, Max=4579, Min=24, Avg=574.18, 90=599, 99=623, 99.9=2034, 99.99=3259] 
2024-01-13 00:30:00:541 600 sec: 1062122 operations; 1188.5 current ops/sec; est completion in 39 minutes [INSERT: Count=11885, Max=4819, Min=22, Avg=838.32, 90=1683, 99=2411, 99.9=2523, 99.99=3911] 
2024-01-13 00:30:10:541 610 sec: 1073402 operations; 1128 current ops/sec; est completion in 39 minutes [INSERT: Count=11281, Max=3751, Min=17, Avg=883.71, 90=1857, 99=2489, 99.9=2713, 99.99=3747] 
2024-01-13 00:30:20:541 620 sec: 1092565 operations; 1916.3 current ops/sec; est completion in 39 minutes [INSERT: Count=19162, Max=3121, Min=17, Avg=520.01, 90=530, 99=538, 99.9=582, 99.99=3011] 
2024-01-13 00:30:30:560 630 sec: 1111789 operations; 1922.21 current ops/sec; est completion in 39 minutes [INSERT: Count=19234, Max=2295, Min=17, Avg=519.26, 90=526, 99=539, 99.9=563, 99.99=1581] 
2024-01-13 00:30:40:596 640 sec: 1130996 operations; 1917.63 current ops/sec; est completion in 38 minutes [INSERT: Count=19254, Max=3867, Min=18, Avg=520.51, 90=530, 99=542, 99.9=677, 99.99=3147] 
2024-01-13 00:30:50:550 650 sec: 1149718 operations; 1874.82 current ops/sec; est completion in 38 minutes [INSERT: Count=18675, Max=72447, Min=18, Avg=529.62, 90=539, 99=549, 99.9=583, 99.99=3241] 
2024-01-13 00:31:00:541 660 sec: 1168661 operations; 1894.87 current ops/sec; est completion in 38 minutes [INSERT: Count=18934, Max=2261, Min=18, Avg=525.32, 90=540, 99=548, 99.9=568, 99.99=676] 
2024-01-13 00:31:10:555 670 sec: 1184370 operations; 1569.8 current ops/sec; est completion in 38 minutes [INSERT: Count=15728, Max=27359, Min=19, Avg=630.25, 90=611, 99=1963, 99.9=3261, 99.99=7667] 
2024-01-13 00:31:20:542 680 sec: 1200168 operations; 1580.75 current ops/sec; est completion in 38 minutes [INSERT: Count=15783, Max=6315, Min=21, Avg=626.85, 90=614, 99=1917, 99.9=3085, 99.99=5383] 
2024-01-13 00:31:30:545 690 sec: 1216921 operations; 1675.13 current ops/sec; est completion in 38 minutes [INSERT: Count=16749, Max=5971, Min=18, Avg=593.1, 90=611, 99=1871, 99.9=2017, 99.99=3179] 
2024-01-13 00:31:40:542 700 sec: 1233816 operations; 1689.5 current ops/sec; est completion in 37 minutes [INSERT: Count=16895, Max=13263, Min=19, Avg=587.92, 90=604, 99=1787, 99.9=1987, 99.99=4819] 
2024-01-13 00:31:50:541 710 sec: 1251202 operations; 1738.95 current ops/sec; est completion in 37 minutes [INSERT: Count=17389, Max=4379, Min=20, Avg=572.01, 90=595, 99=621, 99.9=1914, 99.99=2125] 
2024-01-13 00:32:00:541 720 sec: 1268402 operations; 1720 current ops/sec; est completion in 37 minutes [INSERT: Count=17197, Max=2973, Min=22, Avg=578.31, 90=596, 99=620, 99.9=1930, 99.99=2205] 
2024-01-13 00:32:10:541 730 sec: 1285986 operations; 1758.4 current ops/sec; est completion in 37 minutes [INSERT: Count=17584, Max=2227, Min=19, Avg=565.85, 90=594, 99=612, 99.9=1905, 99.99=2143] 
2024-01-13 00:32:20:541 740 sec: 1305042 operations; 1905.6 current ops/sec; est completion in 37 minutes [INSERT: Count=19056, Max=5435, Min=19, Avg=522.97, 90=533, 99=543, 99.9=552, 99.99=940] 
2024-01-13 00:32:30:541 750 sec: 1322936 operations; 1789.4 current ops/sec; est completion in 37 minutes [INSERT: Count=17894, Max=2655, Min=19, Avg=556.16, 90=589, 99=610, 99.9=1846, 99.99=2165] 
2024-01-13 00:32:40:541 760 sec: 1340348 operations; 1741.2 current ops/sec; est completion in 36 minutes [INSERT: Count=17411, Max=2979, Min=21, Avg=571.46, 90=591, 99=613, 99.9=1932, 99.99=2185] 
2024-01-13 00:32:50:541 770 sec: 1358323 operations; 1797.5 current ops/sec; est completion in 36 minutes [INSERT: Count=17977, Max=2139, Min=20, Avg=553.74, 90=587, 99=605, 99.9=725, 99.99=1999] 
2024-01-13 00:33:00:541 780 sec: 1375638 operations; 1731.5 current ops/sec; est completion in 36 minutes [INSERT: Count=17314, Max=3087, Min=21, Avg=574.63, 90=595, 99=616, 99.9=1860, 99.99=2149] 
2024-01-13 00:33:10:541 790 sec: 1394371 operations; 1873.3 current ops/sec; est completion in 36 minutes [INSERT: Count=18733, Max=5299, Min=19, Avg=531.76, 90=581, 99=595, 99.9=618, 99.99=1995] 
2024-01-13 00:33:20:541 800 sec: 1413337 operations; 1896.6 current ops/sec; est completion in 36 minutes [INSERT: Count=18966, Max=726, Min=19, Avg=525.43, 90=534, 99=594, 99.9=612, 99.99=653] 
2024-01-13 00:33:30:542 810 sec: 1432370 operations; 1902.92 current ops/sec; est completion in 35 minutes [INSERT: Count=19033, Max=3907, Min=19, Avg=523.67, 90=533, 99=544, 99.9=553, 99.99=704] 
2024-01-13 00:33:40:542 820 sec: 1451414 operations; 1904.4 current ops/sec; est completion in 35 minutes [INSERT: Count=19043, Max=2355, Min=19, Avg=523.32, 90=533, 99=544, 99.9=553, 99.99=1071] 
2024-01-13 00:33:50:541 830 sec: 1469305 operations; 1789.28 current ops/sec; est completion in 35 minutes [INSERT: Count=17892, Max=3025, Min=20, Avg=556.44, 90=594, 99=619, 99.9=1939, 99.99=2861] 
2024-01-13 00:34:00:541 840 sec: 1487947 operations; 1864.39 current ops/sec; est completion in 35 minutes [INSERT: Count=18642, Max=23007, Min=19, Avg=534.4, 90=579, 99=601, 99.9=632, 99.99=1859] 
2024-01-13 00:34:10:541 850 sec: 1506387 operations; 1844 current ops/sec; est completion in 35 minutes [INSERT: Count=18440, Max=2469, Min=20, Avg=540.14, 90=589, 99=606, 99.9=631, 99.99=2061] 
2024-01-13 00:34:20:541 860 sec: 1525368 operations; 1898.1 current ops/sec; est completion in 34 minutes [INSERT: Count=18980, Max=685, Min=19, Avg=525.03, 90=534, 99=587, 99.9=605, 99.99=656] 
2024-01-13 00:34:30:541 870 sec: 1544345 operations; 1897.7 current ops/sec; est completion in 34 minutes [INSERT: Count=18977, Max=3045, Min=20, Avg=525.14, 90=534, 99=543, 99.9=552, 99.99=2735] 
2024-01-13 00:34:40:541 880 sec: 1562606 operations; 1826.1 current ops/sec; est completion in 34 minutes [INSERT: Count=18261, Max=4579, Min=20, Avg=545.37, 90=588, 99=605, 99.9=636, 99.99=4069] 
2024-01-13 00:34:50:541 890 sec: 1581466 operations; 1886 current ops/sec; est completion in 34 minutes [INSERT: Count=18861, Max=3441, Min=19, Avg=528.33, 90=537, 99=595, 99.9=629, 99.99=3357] 
2024-01-13 00:35:00:541 900 sec: 1600345 operations; 1887.9 current ops/sec; est completion in 34 minutes [INSERT: Count=18878, Max=3215, Min=17, Avg=527.77, 90=573, 99=593, 99.9=636, 99.99=3157] 
2024-01-13 00:35:10:541 910 sec: 1619473 operations; 1912.8 current ops/sec; est completion in 33 minutes [INSERT: Count=19129, Max=3083, Min=17, Avg=521, 90=528, 99=540, 99.9=561, 99.99=2999] 
2024-01-13 00:35:20:541 920 sec: 1638560 operations; 1908.7 current ops/sec; est completion in 33 minutes [INSERT: Count=19087, Max=3139, Min=18, Avg=522.14, 90=530, 99=541, 99.9=558, 99.99=2947] 
2024-01-13 00:35:30:541 930 sec: 1657352 operations; 1879.2 current ops/sec; est completion in 33 minutes [INSERT: Count=18792, Max=3113, Min=17, Avg=530.19, 90=574, 99=590, 99.9=620, 99.99=3027] 
2024-01-13 00:35:40:541 940 sec: 1676433 operations; 1908.1 current ops/sec; est completion in 33 minutes [INSERT: Count=19081, Max=3069, Min=18, Avg=522.28, 90=530, 99=541, 99.9=554, 99.99=2943] 
2024-01-13 00:35:50:541 950 sec: 1695334 operations; 1890.1 current ops/sec; est completion in 33 minutes [INSERT: Count=18901, Max=3075, Min=18, Avg=527.19, 90=539, 99=591, 99.9=620, 99.99=2787] 
2024-01-13 00:36:00:562 960 sec: 1712805 operations; 1746.05 current ops/sec; est completion in 32 minutes [INSERT: Count=17487, Max=7383, Min=20, Avg=570.44, 90=590, 99=613, 99.9=640, 99.99=2055] 
2024-01-13 00:36:10:572 970 sec: 1730447 operations; 1764.55 current ops/sec; est completion in 32 minutes [INSERT: Count=17652, Max=3909, Min=19, Avg=564.36, 90=597, 99=622, 99.9=675, 99.99=2167] 
2024-01-13 00:36:20:544 980 sec: 1748344 operations; 1790.42 current ops/sec; est completion in 32 minutes [INSERT: Count=17871, Max=17167, Min=18, Avg=554.56, 90=603, 99=625, 99.9=657, 99.99=2183] 
2024-01-13 00:36:30:546 990 sec: 1766028 operations; 1768.4 current ops/sec; est completion in 32 minutes [INSERT: Count=17684, Max=2197, Min=20, Avg=562.55, 90=605, 99=625, 99.9=654, 99.99=2107] 
2024-01-13 00:36:40:551 1000 sec: 1783281 operations; 1724.09 current ops/sec; est completion in 32 minutes [INSERT: Count=17267, Max=2787, Min=23, Avg=576.49, 90=608, 99=626, 99.9=1778, 99.99=2251] 
2024-01-13 00:36:50:542 1010 sec: 1800390 operations; 1712.1 current ops/sec; est completion in 32 minutes [INSERT: Count=17094, Max=5715, Min=23, Avg=580.6, 90=612, 99=632, 99.9=674, 99.99=2103] 
2024-01-13 00:37:00:542 1020 sec: 1817516 operations; 1712.6 current ops/sec; est completion in 32 minutes [INSERT: Count=17129, Max=2663, Min=22, Avg=580.51, 90=613, 99=633, 99.9=1342, 99.99=2171] 
2024-01-13 00:37:10:542 1030 sec: 1835072 operations; 1755.25 current ops/sec; est completion in 31 minutes [INSERT: Count=17553, Max=2401, Min=20, Avg=566.79, 90=600, 99=623, 99.9=650, 99.99=2209] 
2024-01-13 00:37:20:541 1040 sec: 1852405 operations; 1733.65 current ops/sec; est completion in 31 minutes [INSERT: Count=17334, Max=2139, Min=23, Avg=573.96, 90=599, 99=620, 99.9=638, 99.99=745] 
2024-01-13 00:37:30:541 1050 sec: 1869742 operations; 1733.7 current ops/sec; est completion in 31 minutes [INSERT: Count=17337, Max=2231, Min=23, Avg=573.91, 90=596, 99=618, 99.9=654, 99.99=2037] 
2024-01-13 00:37:40:541 1060 sec: 1887133 operations; 1739.1 current ops/sec; est completion in 31 minutes [INSERT: Count=17391, Max=2163, Min=23, Avg=572.07, 90=594, 99=612, 99.9=644, 99.99=2071] 
2024-01-13 00:37:50:541 1070 sec: 1904928 operations; 1779.5 current ops/sec; est completion in 31 minutes [INSERT: Count=17795, Max=3577, Min=20, Avg=559.32, 90=589, 99=611, 99.9=1891, 99.99=3543] 
2024-01-13 00:38:00:541 1080 sec: 1922227 operations; 1729.9 current ops/sec; est completion in 31 minutes [INSERT: Count=17299, Max=3227, Min=23, Avg=574.79, 90=593, 99=615, 99.9=1910, 99.99=2923] 
2024-01-13 00:38:10:541 1090 sec: 1939709 operations; 1748.2 current ops/sec; est completion in 30 minutes [INSERT: Count=17482, Max=2223, Min=22, Avg=568.95, 90=590, 99=610, 99.9=638, 99.99=2087] 
2024-01-13 00:38:20:541 1100 sec: 1957824 operations; 1811.5 current ops/sec; est completion in 30 minutes [INSERT: Count=18115, Max=2207, Min=20, Avg=549.63, 90=586, 99=607, 99.9=626, 99.99=2173] 
2024-01-13 00:38:30:541 1110 sec: 1976931 operations; 1910.7 current ops/sec; est completion in 30 minutes [INSERT: Count=19107, Max=626, Min=19, Avg=521.58, 90=531, 99=542, 99.9=554, 99.99=617] 
2024-01-13 00:38:40:541 1120 sec: 1995988 operations; 1905.7 current ops/sec; est completion in 30 minutes [INSERT: Count=19056, Max=2329, Min=19, Avg=522.91, 90=531, 99=583, 99.9=598, 99.99=742] 
2024-01-13 00:38:50:541 1130 sec: 2015103 operations; 1911.5 current ops/sec; est completion in 30 minutes [INSERT: Count=19116, Max=704, Min=19, Avg=521.36, 90=530, 99=541, 99.9=552, 99.99=571] 
2024-01-13 00:39:00:541 1140 sec: 2034187 operations; 1908.4 current ops/sec; est completion in 29 minutes [INSERT: Count=19084, Max=2269, Min=19, Avg=522.19, 90=531, 99=542, 99.9=554, 99.99=610] 
2024-01-13 00:39:10:541 1150 sec: 2053239 operations; 1905.2 current ops/sec; est completion in 29 minutes [INSERT: Count=19051, Max=650, Min=18, Avg=523.11, 90=533, 99=543, 99.9=554, 99.99=572] 
2024-01-13 00:39:20:541 1160 sec: 2071936 operations; 1869.7 current ops/sec; est completion in 29 minutes [INSERT: Count=18697, Max=2203, Min=20, Avg=532.86, 90=581, 99=597, 99.9=630, 99.99=2137] 
2024-01-13 00:39:30:542 1170 sec: 2089161 operations; 1722.5 current ops/sec; est completion in 29 minutes [INSERT: Count=17226, Max=3143, Min=23, Avg=577.67, 90=597, 99=623, 99.9=1915, 99.99=2139] 
2024-01-13 00:39:40:541 1180 sec: 2107138 operations; 1797.7 current ops/sec; est completion in 29 minutes [INSERT: Count=17976, Max=2347, Min=20, Avg=553.72, 90=594, 99=617, 99.9=644, 99.99=1853] 
2024-01-13 00:39:50:541 1190 sec: 2118283 operations; 1114.5 current ops/sec; est completion in 29 minutes [INSERT: Count=11146, Max=2489, Min=18, Avg=893.99, 90=1499, 99=2383, 99.9=2463, 99.99=2485] 
2024-01-13 00:40:00:541 1200 sec: 2128154 operations; 987.1 current ops/sec; est completion in 29 minutes [INSERT: Count=9871, Max=3195, Min=20, Avg=1009.26, 90=1760, 99=2417, 99.9=2531, 99.99=3179] 
2024-01-13 00:40:10:541 1210 sec: 2139696 operations; 1154.2 current ops/sec; est completion in 29 minutes [INSERT: Count=11541, Max=2651, Min=20, Avg=862.83, 90=1579, 99=2213, 99.9=2567, 99.99=2637] 
2024-01-13 00:40:20:541 1220 sec: 2151482 operations; 1178.6 current ops/sec; est completion in 29 minutes [INSERT: Count=11787, Max=3693, Min=21, Avg=844.79, 90=1485, 99=2121, 99.9=2559, 99.99=3517] 
2024-01-13 00:40:30:541 1230 sec: 2164205 operations; 1272.3 current ops/sec; est completion in 29 minutes [INSERT: Count=12723, Max=8039, Min=20, Avg=782.76, 90=1324, 99=1595, 99.9=1730, 99.99=7235] 
2024-01-13 00:40:40:541 1240 sec: 2177074 operations; 1286.9 current ops/sec; est completion in 29 minutes [INSERT: Count=12869, Max=6343, Min=22, Avg=773.58, 90=1201, 99=1631, 99.9=1748, 99.99=5675] 
2024-01-13 00:40:50:541 1250 sec: 2193314 operations; 1624 current ops/sec; est completion in 28 minutes [INSERT: Count=16240, Max=4355, Min=18, Avg=613.02, 90=706, 99=1514, 99.9=1739, 99.99=3313] 
2024-01-13 00:41:00:541 1260 sec: 2212469 operations; 1915.5 current ops/sec; est completion in 28 minutes [INSERT: Count=19155, Max=3193, Min=18, Avg=520.28, 90=526, 99=538, 99.9=544, 99.99=3067] 
2024-01-13 00:41:10:541 1270 sec: 2230036 operations; 1756.7 current ops/sec; est completion in 28 minutes [INSERT: Count=17566, Max=3391, Min=20, Avg=566.44, 90=584, 99=608, 99.9=648, 99.99=3241] 
2024-01-13 00:41:20:541 1280 sec: 2247524 operations; 1748.8 current ops/sec; est completion in 28 minutes [INSERT: Count=17488, Max=4363, Min=21, Avg=568.88, 90=584, 99=607, 99.9=691, 99.99=3267] 
2024-01-13 00:41:30:541 1290 sec: 2265036 operations; 1751.2 current ops/sec; est completion in 28 minutes [INSERT: Count=17513, Max=3233, Min=20, Avg=568.13, 90=584, 99=605, 99.9=651, 99.99=3221] 
2024-01-13 00:41:40:541 1300 sec: 2282545 operations; 1750.9 current ops/sec; est completion in 28 minutes [INSERT: Count=17508, Max=4287, Min=22, Avg=568.3, 90=585, 99=604, 99.9=634, 99.99=3301] 
2024-01-13 00:41:50:541 1310 sec: 2301225 operations; 1868 current ops/sec; est completion in 27 minutes [INSERT: Count=18681, Max=4327, Min=19, Avg=533.24, 90=580, 99=590, 99.9=631, 99.99=3129] 
2024-01-13 00:42:00:541 1320 sec: 2319381 operations; 1815.6 current ops/sec; est completion in 27 minutes [INSERT: Count=18155, Max=15031, Min=19, Avg=548.38, 90=582, 99=597, 99.9=650, 99.99=3139] 
2024-01-13 00:42:10:541 1330 sec: 2337326 operations; 1794.5 current ops/sec; est completion in 27 minutes [INSERT: Count=17946, Max=3173, Min=19, Avg=554.69, 90=583, 99=602, 99.9=673, 99.99=3033] 
2024-01-13 00:42:20:541 1340 sec: 2356420 operations; 1909.4 current ops/sec; est completion in 27 minutes [INSERT: Count=19094, Max=3091, Min=19, Avg=521.94, 90=529, 99=540, 99.9=549, 99.99=2997] 
2024-01-13 00:42:30:541 1350 sec: 2375542 operations; 1912.2 current ops/sec; est completion in 27 minutes [INSERT: Count=19122, Max=3323, Min=19, Avg=521.15, 90=529, 99=540, 99.9=550, 99.99=1675] 
2024-01-13 00:42:40:541 1360 sec: 2394593 operations; 1905.1 current ops/sec; est completion in 26 minutes [INSERT: Count=19050, Max=16639, Min=18, Avg=523.1, 90=530, 99=548, 99.9=638, 99.99=1855] 
2024-01-13 00:42:50:541 1370 sec: 2412470 operations; 1787.52 current ops/sec; est completion in 26 minutes [INSERT: Count=17878, Max=3607, Min=20, Avg=556.62, 90=602, 99=626, 99.9=662, 99.99=2283] 
2024-01-13 00:43:00:541 1380 sec: 2430944 operations; 1847.58 current ops/sec; est completion in 26 minutes [INSERT: Count=18474, Max=2499, Min=19, Avg=538.8, 90=585, 99=620, 99.9=645, 99.99=2203] 
2024-01-13 00:43:10:541 1390 sec: 2449744 operations; 1879.81 current ops/sec; est completion in 26 minutes [INSERT: Count=18800, Max=4731, Min=19, Avg=529.73, 90=543, 99=601, 99.9=630, 99.99=1870] 
2024-01-13 00:43:20:541 1400 sec: 2467482 operations; 1773.8 current ops/sec; est completion in 26 minutes [INSERT: Count=17738, Max=2155, Min=19, Avg=560.87, 90=605, 99=628, 99.9=672, 99.99=2011] 
2024-01-13 00:43:30:541 1410 sec: 2485049 operations; 1756.88 current ops/sec; est completion in 26 minutes [INSERT: Count=17567, Max=5855, Min=21, Avg=566.21, 90=611, 99=632, 99.9=669, 99.99=1529] 
2024-01-13 00:43:40:541 1420 sec: 2503705 operations; 1865.6 current ops/sec; est completion in 25 minutes [INSERT: Count=18656, Max=1849, Min=20, Avg=533.82, 90=575, 99=609, 99.9=638, 99.99=1416] 
2024-01-13 00:43:50:541 1430 sec: 2521133 operations; 1742.8 current ops/sec; est completion in 25 minutes [INSERT: Count=17428, Max=3725, Min=21, Avg=570.85, 90=599, 99=622, 99.9=648, 99.99=986] 
2024-01-13 00:44:00:541 1440 sec: 2538452 operations; 1731.9 current ops/sec; est completion in 25 minutes [INSERT: Count=17319, Max=2157, Min=23, Avg=574.42, 90=597, 99=618, 99.9=640, 99.99=839] 
2024-01-13 00:44:10:541 1450 sec: 2556204 operations; 1775.2 current ops/sec; est completion in 25 minutes [INSERT: Count=17752, Max=2145, Min=20, Avg=560.71, 90=595, 99=617, 99.9=644, 99.99=2097] 
2024-01-13 00:44:20:541 1460 sec: 2574603 operations; 1839.9 current ops/sec; est completion in 25 minutes [INSERT: Count=18398, Max=2071, Min=20, Avg=541.27, 90=589, 99=607, 99.9=632, 99.99=752] 
2024-01-13 00:44:30:541 1470 sec: 2593642 operations; 1903.9 current ops/sec; est completion in 25 minutes [INSERT: Count=19039, Max=997, Min=20, Avg=523.43, 90=534, 99=544, 99.9=553, 99.99=804] 
2024-01-13 00:44:40:541 1480 sec: 2612220 operations; 1857.8 current ops/sec; est completion in 24 minutes [INSERT: Count=18579, Max=2205, Min=20, Avg=536.19, 90=583, 99=602, 99.9=626, 99.99=728] 
2024-01-13 00:44:50:541 1490 sec: 2629910 operations; 1769 current ops/sec; est completion in 24 minutes [INSERT: Count=17690, Max=2133, Min=21, Avg=562.63, 90=595, 99=615, 99.9=633, 99.99=881] 
2024-01-13 00:45:00:541 1500 sec: 2647366 operations; 1745.6 current ops/sec; est completion in 24 minutes [INSERT: Count=17455, Max=2975, Min=19, Avg=569.98, 90=593, 99=612, 99.9=637, 99.99=1321] 
2024-01-13 00:45:10:541 1510 sec: 2666103 operations; 1873.7 current ops/sec; est completion in 24 minutes [INSERT: Count=18737, Max=2213, Min=17, Avg=531.63, 90=579, 99=590, 99.9=616, 99.99=705] 
2024-01-13 00:45:20:541 1520 sec: 2684899 operations; 1879.6 current ops/sec; est completion in 24 minutes [INSERT: Count=18797, Max=2129, Min=18, Avg=530, 90=576, 99=591, 99.9=613, 99.99=741] 
2024-01-13 00:45:30:541 1530 sec: 2703383 operations; 1848.4 current ops/sec; est completion in 23 minutes [INSERT: Count=18483, Max=739, Min=18, Avg=538.8, 90=581, 99=596, 99.9=621, 99.99=721] 
2024-01-13 00:45:40:541 1540 sec: 2722226 operations; 1884.3 current ops/sec; est completion in 23 minutes [INSERT: Count=18844, Max=2235, Min=18, Avg=528.68, 90=578, 99=592, 99.9=616, 99.99=730] 
2024-01-13 00:45:50:541 1550 sec: 2740199 operations; 1797.3 current ops/sec; est completion in 23 minutes [INSERT: Count=17973, Max=1599, Min=19, Avg=553.83, 90=585, 99=602, 99.9=625, 99.99=750] 
2024-01-13 00:46:00:541 1560 sec: 2757767 operations; 1756.8 current ops/sec; est completion in 23 minutes [INSERT: Count=17567, Max=5867, Min=19, Avg=566.4, 90=590, 99=612, 99.9=650, 99.99=950] 
2024-01-13 00:46:10:541 1570 sec: 2775232 operations; 1746.5 current ops/sec; est completion in 23 minutes [INSERT: Count=17465, Max=1277, Min=22, Avg=569.69, 90=593, 99=614, 99.9=644, 99.99=1060] 
2024-01-13 00:46:20:541 1580 sec: 2793646 operations; 1841.4 current ops/sec; est completion in 23 minutes [INSERT: Count=18414, Max=850, Min=18, Avg=540.83, 90=585, 99=609, 99.9=633, 99.99=765] 
2024-01-13 00:46:30:541 1590 sec: 2811551 operations; 1790.5 current ops/sec; est completion in 22 minutes [INSERT: Count=17906, Max=2173, Min=20, Avg=555.85, 90=585, 99=607, 99.9=628, 99.99=815] 
2024-01-13 00:46:40:541 1600 sec: 2830044 operations; 1849.3 current ops/sec; est completion in 22 minutes [INSERT: Count=18493, Max=804, Min=18, Avg=538.57, 90=581, 99=596, 99.9=631, 99.99=737] 
2024-01-13 00:46:50:541 1610 sec: 2848611 operations; 1856.7 current ops/sec; est completion in 22 minutes [INSERT: Count=18566, Max=3475, Min=19, Avg=536.48, 90=581, 99=595, 99.9=620, 99.99=2889] 
2024-01-13 00:47:00:541 1620 sec: 2867531 operations; 1892 current ops/sec; est completion in 22 minutes [INSERT: Count=18921, Max=8895, Min=18, Avg=526.61, 90=558, 99=587, 99.9=612, 99.99=7947] 
2024-01-13 00:47:10:541 1630 sec: 2886632 operations; 1910.1 current ops/sec; est completion in 22 minutes [INSERT: Count=19100, Max=7747, Min=18, Avg=521.76, 90=528, 99=539, 99.9=553, 99.99=3193] 
2024-01-13 00:47:20:541 1640 sec: 2905750 operations; 1911.8 current ops/sec; est completion in 22 minutes [INSERT: Count=19119, Max=4223, Min=18, Avg=521.24, 90=528, 99=539, 99.9=558, 99.99=2913] 
2024-01-13 00:47:30:541 1650 sec: 2924819 operations; 1906.9 current ops/sec; est completion in 21 minutes [INSERT: Count=19069, Max=3109, Min=19, Avg=522.58, 90=531, 99=542, 99.9=592, 99.99=3073] 
2024-01-13 00:47:40:541 1660 sec: 2943595 operations; 1877.6 current ops/sec; est completion in 21 minutes [INSERT: Count=18775, Max=3099, Min=19, Avg=530.67, 90=569, 99=599, 99.9=636, 99.99=2955] 
2024-01-13 00:47:50:541 1670 sec: 2962614 operations; 1901.9 current ops/sec; est completion in 21 minutes [INSERT: Count=19019, Max=3065, Min=19, Avg=523.98, 90=532, 99=544, 99.9=576, 99.99=2843] 
2024-01-13 00:48:00:541 1680 sec: 2981653 operations; 1903.9 current ops/sec; est completion in 21 minutes [INSERT: Count=19040, Max=2899, Min=19, Avg=523.42, 90=532, 99=544, 99.9=553, 99.99=1391] 
2024-01-13 00:48:10:552 1690 sec: 3000557 operations; 1890.02 current ops/sec; est completion in 21 minutes [INSERT: Count=18918, Max=2181, Min=20, Avg=527.61, 90=538, 99=550, 99.9=614, 99.99=1955] 
2024-01-13 00:48:20:544 1700 sec: 3019389 operations; 1883.39 current ops/sec; est completion in 20 minutes [INSERT: Count=18829, Max=30975, Min=19, Avg=528.41, 90=540, 99=550, 99.9=612, 99.99=3275] 
2024-01-13 00:48:30:541 1710 sec: 3038277 operations; 1888.99 current ops/sec; est completion in 20 minutes [INSERT: Count=18876, Max=1938, Min=18, Avg=527.01, 90=543, 99=553, 99.9=574, 99.99=1356] 
2024-01-13 00:48:40:541 1720 sec: 3056923 operations; 1864.41 current ops/sec; est completion in 20 minutes [INSERT: Count=18650, Max=7927, Min=21, Avg=533.76, 90=548, 99=559, 99.9=579, 99.99=1768] 
2024-01-13 00:48:50:545 1730 sec: 3075712 operations; 1878.71 current ops/sec; est completion in 20 minutes [INSERT: Count=18788, Max=2327, Min=19, Avg=530.17, 90=545, 99=557, 99.9=619, 99.99=1602] 
2024-01-13 00:49:00:541 1740 sec: 3094529 operations; 1882.08 current ops/sec; est completion in 20 minutes [INSERT: Count=18815, Max=10975, Min=20, Avg=529.15, 90=542, 99=552, 99.9=567, 99.99=1333] 
2024-01-13 00:49:10:541 1750 sec: 3113472 operations; 1894.3 current ops/sec; est completion in 19 minutes [INSERT: Count=18943, Max=1253, Min=19, Avg=526.01, 90=538, 99=549, 99.9=564, 99.99=1061] 
2024-01-13 00:49:20:541 1760 sec: 3131837 operations; 1836.5 current ops/sec; est completion in 19 minutes [INSERT: Count=18365, Max=5267, Min=20, Avg=542.26, 90=590, 99=609, 99.9=632, 99.99=720] 
2024-01-13 00:49:30:541 1770 sec: 3149520 operations; 1768.3 current ops/sec; est completion in 19 minutes [INSERT: Count=17682, Max=2155, Min=20, Avg=562.89, 90=596, 99=618, 99.9=648, 99.99=776] 
2024-01-13 00:49:40:541 1780 sec: 3166830 operations; 1731 current ops/sec; est completion in 19 minutes [INSERT: Count=17310, Max=2139, Min=22, Avg=574.78, 90=598, 99=619, 99.9=638, 99.99=812] 
2024-01-13 00:49:50:541 1790 sec: 3175909 operations; 907.9 current ops/sec; est completion in 19 minutes [INSERT: Count=9080, Max=2591, Min=19, Avg=1097.92, 90=1733, 99=2453, 99.9=2551, 99.99=2577] 
2024-01-13 00:50:00:541 1800 sec: 3187214 operations; 1130.5 current ops/sec; est completion in 19 minutes [INSERT: Count=11305, Max=3151, Min=17, Avg=881.61, 90=1551, 99=2385, 99.9=2529, 99.99=3105] 
2024-01-13 00:50:10:541 1810 sec: 3199983 operations; 1276.9 current ops/sec; est completion in 19 minutes [INSERT: Count=12768, Max=2139, Min=19, Avg=780.35, 90=1358, 99=1828, 99.9=2065, 99.99=2123] 
2024-01-13 00:50:20:541 1820 sec: 3212768 operations; 1278.5 current ops/sec; est completion in 19 minutes [INSERT: Count=12785, Max=3495, Min=19, Avg=779.56, 90=1394, 99=1911, 99.9=2109, 99.99=2181] 
2024-01-13 00:50:30:541 1830 sec: 3225734 operations; 1296.6 current ops/sec; est completion in 19 minutes [INSERT: Count=12966, Max=2131, Min=19, Avg=768.76, 90=1349, 99=1917, 99.9=2065, 99.99=2105] 
2024-01-13 00:50:40:541 1840 sec: 3238372 operations; 1263.8 current ops/sec; est completion in 18 minutes [INSERT: Count=12638, Max=2239, Min=19, Avg=788.31, 90=1423, 99=1958, 99.9=2085, 99.99=2145] 
2024-01-13 00:50:50:541 1850 sec: 3254325 operations; 1595.3 current ops/sec; est completion in 18 minutes [INSERT: Count=15953, Max=2167, Min=20, Avg=624.22, 90=722, 99=1601, 99.9=2026, 99.99=2139] 
2024-01-13 00:51:00:542 1860 sec: 3271961 operations; 1763.25 current ops/sec; est completion in 18 minutes [INSERT: Count=17636, Max=2123, Min=21, Avg=564.25, 90=582, 99=604, 99.9=622, 99.99=722] 
2024-01-13 00:51:10:541 1870 sec: 3289542 operations; 1758.45 current ops/sec; est completion in 18 minutes [INSERT: Count=17582, Max=2115, Min=21, Avg=565.84, 90=584, 99=606, 99.9=629, 99.99=2063] 
2024-01-13 00:51:20:541 1880 sec: 3307066 operations; 1752.4 current ops/sec; est completion in 18 minutes [INSERT: Count=17524, Max=2143, Min=21, Avg=567.79, 90=587, 99=609, 99.9=662, 99.99=997] 
2024-01-13 00:51:30:541 1890 sec: 3324565 operations; 1749.9 current ops/sec; est completion in 18 minutes [INSERT: Count=17499, Max=2149, Min=21, Avg=568.56, 90=587, 99=610, 99.9=638, 99.99=832] 
2024-01-13 00:51:40:541 1900 sec: 3342068 operations; 1750.3 current ops/sec; est completion in 18 minutes [INSERT: Count=17502, Max=1385, Min=21, Avg=568.37, 90=586, 99=608, 99.9=631, 99.99=750] 
2024-01-13 00:51:50:541 1910 sec: 3359567 operations; 1749.9 current ops/sec; est completion in 17 minutes [INSERT: Count=17500, Max=944, Min=23, Avg=568.58, 90=586, 99=608, 99.9=627, 99.99=753] 
2024-01-13 00:52:00:541 1920 sec: 3376975 operations; 1740.8 current ops/sec; est completion in 17 minutes [INSERT: Count=17407, Max=7127, Min=22, Avg=571.54, 90=586, 99=609, 99.9=646, 99.99=5611] 
2024-01-13 00:52:10:541 1930 sec: 3395980 operations; 1900.5 current ops/sec; est completion in 17 minutes [INSERT: Count=19006, Max=6851, Min=19, Avg=524.32, 90=532, 99=558, 99.9=599, 99.99=6203] 
2024-01-13 00:52:20:541 1940 sec: 3414664 operations; 1868.4 current ops/sec; est completion in 17 minutes [INSERT: Count=18684, Max=3975, Min=19, Avg=533.17, 90=578, 99=593, 99.9=644, 99.99=3765] 
2024-01-13 00:52:30:541 1950 sec: 3432442 operations; 1777.8 current ops/sec; est completion in 17 minutes [INSERT: Count=17777, Max=3277, Min=20, Avg=559.81, 90=585, 99=606, 99.9=658, 99.99=3253] 
2024-01-13 00:52:40:541 1960 sec: 3450233 operations; 1779.1 current ops/sec; est completion in 16 minutes [INSERT: Count=17791, Max=4025, Min=19, Avg=559.43, 90=586, 99=607, 99.9=648, 99.99=3285] 
2024-01-13 00:52:50:541 1970 sec: 3468950 operations; 1871.7 current ops/sec; est completion in 16 minutes [INSERT: Count=18718, Max=3557, Min=18, Avg=532.27, 90=580, 99=594, 99.9=622, 99.99=3285] 
2024-01-13 00:53:00:541 1980 sec: 3486391 operations; 1744.1 current ops/sec; est completion in 16 minutes [INSERT: Count=17440, Max=3821, Min=22, Avg=570.47, 90=588, 99=609, 99.9=638, 99.99=3201] 
2024-01-13 00:53:10:541 1990 sec: 3503804 operations; 1741.3 current ops/sec; est completion in 16 minutes [INSERT: Count=17413, Max=3947, Min=22, Avg=571.38, 90=590, 99=610, 99.9=694, 99.99=3273] 
2024-01-13 00:53:20:541 2000 sec: 3522505 operations; 1870.1 current ops/sec; est completion in 16 minutes [INSERT: Count=18701, Max=3293, Min=20, Avg=532.7, 90=582, 99=597, 99.9=631, 99.99=2993] 
2024-01-13 00:53:30:541 2010 sec: 3539932 operations; 1742.7 current ops/sec; est completion in 16 minutes [INSERT: Count=17427, Max=3193, Min=21, Avg=570.92, 90=588, 99=610, 99.9=639, 99.99=3137] 
2024-01-13 00:53:40:541 2020 sec: 3557819 operations; 1788.7 current ops/sec; est completion in 15 minutes [INSERT: Count=17887, Max=3075, Min=19, Avg=556.48, 90=587, 99=608, 99.9=675, 99.99=2985] 
2024-01-13 00:53:50:541 2030 sec: 3576138 operations; 1831.9 current ops/sec; est completion in 15 minutes [INSERT: Count=18319, Max=3249, Min=19, Avg=543.62, 90=585, 99=601, 99.9=637, 99.99=2789] 
2024-01-13 00:54:00:563 2040 sec: 3593577 operations; 1742.85 current ops/sec; est completion in 15 minutes [INSERT: Count=17466, Max=2455, Min=23, Avg=571.54, 90=593, 99=618, 99.9=725, 99.99=2073] 
2024-01-13 00:54:10:546 2050 sec: 3611048 operations; 1747.8 current ops/sec; est completion in 15 minutes [INSERT: Count=17445, Max=16575, Min=22, Avg=568.56, 90=606, 99=630, 99.9=721, 99.99=2311] 
2024-01-13 00:54:20:541 2060 sec: 3629882 operations; 1883.78 current ops/sec; est completion in 15 minutes [INSERT: Count=18833, Max=1951, Min=20, Avg=528.53, 90=543, 99=552, 99.9=568, 99.99=1721] 
2024-01-13 00:54:30:545 2070 sec: 3648257 operations; 1836.95 current ops/sec; est completion in 15 minutes [INSERT: Count=18378, Max=2183, Min=19, Avg=542.1, 90=591, 99=623, 99.9=679, 99.99=1963] 
2024-01-13 00:54:40:541 2080 sec: 3666872 operations; 1861.87 current ops/sec; est completion in 14 minutes [INSERT: Count=18612, Max=14951, Min=20, Avg=534.73, 90=551, 99=615, 99.9=652, 99.99=1389] 
2024-01-13 00:54:50:542 2090 sec: 3684822 operations; 1794.82 current ops/sec; est completion in 14 minutes [INSERT: Count=17950, Max=1192, Min=20, Avg=554.57, 90=601, 99=627, 99.9=656, 99.99=1008] 
2024-01-13 00:55:00:541 2100 sec: 3702333 operations; 1751.45 current ops/sec; est completion in 14 minutes [INSERT: Count=17511, Max=92095, Min=19, Avg=568.07, 90=596, 99=619, 99.9=648, 99.99=1980] 
2024-01-13 00:55:10:541 2110 sec: 3719955 operations; 1762.2 current ops/sec; est completion in 14 minutes [INSERT: Count=17623, Max=1883, Min=20, Avg=564.58, 90=582, 99=606, 99.9=623, 99.99=851] 
2024-01-13 00:55:20:541 2120 sec: 3737910 operations; 1795.5 current ops/sec; est completion in 14 minutes [INSERT: Count=17954, Max=2213, Min=18, Avg=554.3, 90=581, 99=601, 99.9=618, 99.99=751] 
2024-01-13 00:55:30:546 2130 sec: 3757108 operations; 1919.22 current ops/sec; est completion in 14 minutes [INSERT: Count=19201, Max=999, Min=18, Avg=519.39, 90=528, 99=539, 99.9=548, 99.99=790] 
2024-01-13 00:55:40:541 2140 sec: 3776254 operations; 1915.17 current ops/sec; est completion in 13 minutes [INSERT: Count=19144, Max=2301, Min=18, Avg=520.2, 90=529, 99=540, 99.9=548, 99.99=662] 
2024-01-13 00:55:50:541 2150 sec: 3794480 operations; 1822.6 current ops/sec; est completion in 13 minutes [INSERT: Count=18226, Max=729, Min=19, Avg=546.28, 90=588, 99=606, 99.9=624, 99.99=664] 
2024-01-13 00:56:00:541 2160 sec: 3812206 operations; 1772.6 current ops/sec; est completion in 13 minutes [INSERT: Count=17725, Max=2209, Min=19, Avg=561.4, 90=590, 99=611, 99.9=627, 99.99=747] 
2024-01-13 00:56:10:541 2170 sec: 3830366 operations; 1816 current ops/sec; est completion in 13 minutes [INSERT: Count=18161, Max=1738, Min=19, Avg=548.23, 90=589, 99=605, 99.9=627, 99.99=760] 
2024-01-13 00:56:20:541 2180 sec: 3848291 operations; 1792.5 current ops/sec; est completion in 13 minutes [INSERT: Count=17924, Max=2069, Min=19, Avg=555.23, 90=590, 99=609, 99.9=623, 99.99=709] 
2024-01-13 00:56:30:541 2190 sec: 3867368 operations; 1907.7 current ops/sec; est completion in 12 minutes [INSERT: Count=19080, Max=2265, Min=19, Avg=522.39, 90=531, 99=543, 99.9=565, 99.99=700] 
2024-01-13 00:56:40:541 2200 sec: 3886520 operations; 1915.2 current ops/sec; est completion in 12 minutes [INSERT: Count=19150, Max=770, Min=19, Avg=520.35, 90=528, 99=540, 99.9=547, 99.99=622] 
2024-01-13 00:56:50:541 2210 sec: 3904635 operations; 1811.5 current ops/sec; est completion in 12 minutes [INSERT: Count=18115, Max=2229, Min=19, Avg=549.56, 90=584, 99=604, 99.9=628, 99.99=2191] 
2024-01-13 00:57:00:541 2220 sec: 3922041 operations; 1740.6 current ops/sec; est completion in 12 minutes [INSERT: Count=17406, Max=3319, Min=21, Avg=571.59, 90=591, 99=613, 99.9=1890, 99.99=2215] 
2024-01-13 00:57:10:541 2230 sec: 3940612 operations; 1857.1 current ops/sec; est completion in 12 minutes [INSERT: Count=18570, Max=2111, Min=19, Avg=536.34, 90=584, 99=600, 99.9=627, 99.99=1594] 
2024-01-13 00:57:20:541 2240 sec: 3958461 operations; 1784.9 current ops/sec; est completion in 12 minutes [INSERT: Count=17849, Max=854, Min=19, Avg=557.69, 90=592, 99=611, 99.9=630, 99.99=782] 
2024-01-13 00:57:30:541 2250 sec: 3975893 operations; 1743.2 current ops/sec; est completion in 11 minutes [INSERT: Count=17432, Max=2151, Min=22, Avg=570.69, 90=591, 99=611, 99.9=635, 99.99=696] 
2024-01-13 00:57:40:541 2260 sec: 3993801 operations; 1790.8 current ops/sec; est completion in 11 minutes [INSERT: Count=17908, Max=3215, Min=20, Avg=555.81, 90=585, 99=607, 99.9=672, 99.99=3041] 
2024-01-13 00:57:50:541 2270 sec: 4012017 operations; 1821.6 current ops/sec; est completion in 11 minutes [INSERT: Count=18216, Max=3205, Min=19, Avg=546.53, 90=584, 99=602, 99.9=644, 99.99=2907] 
2024-01-13 00:58:00:541 2280 sec: 4029494 operations; 1747.7 current ops/sec; est completion in 11 minutes [INSERT: Count=17477, Max=4935, Min=22, Avg=569.29, 90=585, 99=607, 99.9=718, 99.99=3343] 
2024-01-13 00:58:10:541 2290 sec: 4048019 operations; 1852.5 current ops/sec; est completion in 11 minutes [INSERT: Count=18525, Max=3405, Min=20, Avg=537.65, 90=582, 99=597, 99.9=645, 99.99=3045] 
2024-01-13 00:58:20:541 2300 sec: 4067093 operations; 1907.4 current ops/sec; est completion in 11 minutes [INSERT: Count=19074, Max=3149, Min=19, Avg=522.48, 90=529, 99=540, 99.9=552, 99.99=3099] 
2024-01-13 00:58:30:541 2310 sec: 4085055 operations; 1796.2 current ops/sec; est completion in 10 minutes [INSERT: Count=17963, Max=3117, Min=19, Avg=554.19, 90=585, 99=604, 99.9=660, 99.99=3071] 
2024-01-13 00:58:40:541 2320 sec: 4103681 operations; 1862.6 current ops/sec; est completion in 10 minutes [INSERT: Count=18626, Max=3183, Min=19, Avg=534.78, 90=580, 99=594, 99.9=653, 99.99=2643] 
2024-01-13 00:58:50:541 2330 sec: 4122469 operations; 1878.61 current ops/sec; est completion in 10 minutes [INSERT: Count=18788, Max=1893, Min=19, Avg=530.29, 90=575, 99=596, 99.9=745, 99.99=1555] 
2024-01-13 00:59:00:543 2340 sec: 4141349 operations; 1888 current ops/sec; est completion in 10 minutes [INSERT: Count=18880, Max=38591, Min=19, Avg=527.66, 90=539, 99=549, 99.9=620, 99.99=1858] 
2024-01-13 00:59:10:541 2350 sec: 4160220 operations; 1887.29 current ops/sec; est completion in 10 minutes [INSERT: Count=18871, Max=2367, Min=19, Avg=527.7, 90=542, 99=551, 99.9=563, 99.99=883] 
2024-01-13 00:59:20:541 2360 sec: 4179046 operations; 1882.6 current ops/sec; est completion in 10 minutes [INSERT: Count=18828, Max=15559, Min=19, Avg=528.98, 90=544, 99=554, 99.9=569, 99.99=1650] 
2024-01-13 00:59:30:542 2370 sec: 4197734 operations; 1868.61 current ops/sec; est completion in 9 minutes [INSERT: Count=18685, Max=1383, Min=20, Avg=532.77, 90=548, 99=559, 99.9=578, 99.99=1120] 
2024-01-13 00:59:40:541 2380 sec: 4215376 operations; 1764.2 current ops/sec; est completion in 9 minutes [INSERT: Count=17642, Max=2093, Min=20, Avg=563.64, 90=601, 99=624, 99.9=725, 99.99=1906] 
2024-01-13 00:59:50:541 2390 sec: 4227572 operations; 1219.72 current ops/sec; est completion in 9 minutes [INSERT: Count=12196, Max=88447, Min=18, Avg=816.56, 90=1559, 99=2453, 99.9=2493, 99.99=2713] 
2024-01-13 01:00:00:541 2400 sec: 4236471 operations; 889.9 current ops/sec; est completion in 9 minutes [INSERT: Count=8899, Max=4639, Min=19, Avg=1120, 90=1654, 99=2451, 99.9=2485, 99.99=3319] 
2024-01-13 01:00:10:541 2410 sec: 4249272 operations; 1280.1 current ops/sec; est completion in 9 minutes [INSERT: Count=12801, Max=2653, Min=19, Avg=778.6, 90=1357, 99=1677, 99.9=1906, 99.99=2031] 
2024-01-13 01:00:20:541 2420 sec: 4261857 operations; 1258.5 current ops/sec; est completion in 9 minutes [INSERT: Count=12586, Max=2845, Min=20, Avg=791.89, 90=1434, 99=1906, 99.9=2109, 99.99=2541] 
2024-01-13 01:00:30:541 2430 sec: 4272830 operations; 1097.3 current ops/sec; est completion in 9 minutes [INSERT: Count=10972, Max=2705, Min=19, Avg=907.89, 90=1646, 99=2531, 99.9=2619, 99.99=2677] 
2024-01-13 01:00:40:541 2440 sec: 4285012 operations; 1218.2 current ops/sec; est completion in 9 minutes [INSERT: Count=12183, Max=2709, Min=19, Avg=818.06, 90=1542, 99=2439, 99.9=2573, 99.99=2615] 
2024-01-13 01:00:50:541 2450 sec: 4297776 operations; 1276.4 current ops/sec; est completion in 8 minutes [INSERT: Count=12764, Max=4731, Min=18, Avg=781.25, 90=1710, 99=2437, 99.9=2561, 99.99=2591] 
2024-01-13 01:01:00:541 2460 sec: 4308368 operations; 1059.2 current ops/sec; est completion in 8 minutes [INSERT: Count=10591, Max=2739, Min=20, Avg=940.7, 90=2109, 99=2547, 99.9=2625, 99.99=2717] 
2024-01-13 01:01:10:541 2470 sec: 4322855 operations; 1448.7 current ops/sec; est completion in 8 minutes [INSERT: Count=14487, Max=2993, Min=18, Avg=687.88, 90=977, 99=2309, 99.9=2591, 99.99=2655] 
2024-01-13 01:01:20:541 2480 sec: 4342019 operations; 1916.4 current ops/sec; est completion in 8 minutes [INSERT: Count=19164, Max=2383, Min=17, Avg=520.02, 90=527, 99=581, 99.9=598, 99.99=764] 
2024-01-13 01:01:30:541 2490 sec: 4361137 operations; 1911.8 current ops/sec; est completion in 8 minutes [INSERT: Count=19118, Max=798, Min=18, Avg=521.25, 90=530, 99=582, 99.9=609, 99.99=727] 
2024-01-13 01:01:40:541 2500 sec: 4379602 operations; 1846.5 current ops/sec; est completion in 8 minutes [INSERT: Count=18465, Max=2091, Min=18, Avg=539.35, 90=581, 99=596, 99.9=619, 99.99=751] 
2024-01-13 01:01:50:541 2510 sec: 4397545 operations; 1794.3 current ops/sec; est completion in 8 minutes [INSERT: Count=17944, Max=2099, Min=19, Avg=554.76, 90=586, 99=608, 99.9=655, 99.99=792] 
2024-01-13 01:02:00:541 2520 sec: 4415642 operations; 1809.7 current ops/sec; est completion in 7 minutes [INSERT: Count=18096, Max=1227, Min=19, Avg=550.17, 90=588, 99=605, 99.9=624, 99.99=793] 
2024-01-13 01:02:10:541 2530 sec: 4433224 operations; 1758.2 current ops/sec; est completion in 7 minutes [INSERT: Count=17583, Max=1768, Min=21, Avg=565.95, 90=585, 99=607, 99.9=622, 99.99=710] 
2024-01-13 01:02:20:541 2540 sec: 4451711 operations; 1848.7 current ops/sec; est completion in 7 minutes [INSERT: Count=18487, Max=4059, Min=18, Avg=538.75, 90=582, 99=597, 99.9=619, 99.99=751] 
2024-01-13 01:02:30:541 2550 sec: 4470153 operations; 1844.2 current ops/sec; est completion in 7 minutes [INSERT: Count=18442, Max=8271, Min=19, Avg=539.96, 90=582, 99=595, 99.9=621, 99.99=6579] 
2024-01-13 01:02:40:541 2560 sec: 4487571 operations; 1741.8 current ops/sec; est completion in 7 minutes [INSERT: Count=17418, Max=7303, Min=22, Avg=571.25, 90=587, 99=609, 99.9=636, 99.99=6803] 
2024-01-13 01:02:50:540 2570 sec: 4505048 operations; 1747.7 current ops/sec; est completion in 7 minutes [INSERT: Count=17476, Max=3579, Min=22, Avg=569.35, 90=586, 99=607, 99.9=627, 99.99=3337] 
2024-01-13 01:03:00:541 2580 sec: 4524185 operations; 1913.7 current ops/sec; est completion in 6 minutes [INSERT: Count=19138, Max=3361, Min=18, Avg=520.78, 90=527, 99=540, 99.9=585, 99.99=3249] 
2024-01-13 01:03:10:541 2590 sec: 4543111 operations; 1892.6 current ops/sec; est completion in 6 minutes [INSERT: Count=18925, Max=3289, Min=18, Avg=526.5, 90=551, 99=587, 99.9=621, 99.99=3139] 
2024-01-13 01:03:20:541 2600 sec: 4562092 operations; 1898.1 current ops/sec; est completion in 6 minutes [INSERT: Count=18982, Max=3509, Min=18, Avg=524.87, 90=534, 99=543, 99.9=566, 99.99=3189] 
2024-01-13 01:03:30:541 2610 sec: 4581023 operations; 1893.1 current ops/sec; est completion in 6 minutes [INSERT: Count=18930, Max=3967, Min=18, Avg=526.39, 90=535, 99=591, 99.9=623, 99.99=3441] 
2024-01-13 01:03:40:541 2620 sec: 4600122 operations; 1909.9 current ops/sec; est completion in 6 minutes [INSERT: Count=19099, Max=4835, Min=19, Avg=521.81, 90=529, 99=540, 99.9=557, 99.99=3191] 
2024-01-13 01:03:50:541 2630 sec: 4618880 operations; 1875.8 current ops/sec; est completion in 5 minutes [INSERT: Count=18758, Max=3457, Min=18, Avg=531.05, 90=578, 99=591, 99.9=629, 99.99=3341] 
2024-01-13 01:04:00:541 2640 sec: 4637378 operations; 1849.8 current ops/sec; est completion in 5 minutes [INSERT: Count=18499, Max=3669, Min=18, Avg=538.44, 90=582, 99=596, 99.9=664, 99.99=3217] 
2024-01-13 01:04:10:541 2650 sec: 4656473 operations; 1909.5 current ops/sec; est completion in 5 minutes [INSERT: Count=19094, Max=3281, Min=19, Avg=521.92, 90=529, 99=540, 99.9=554, 99.99=3011] 
2024-01-13 01:04:20:541 2660 sec: 4674271 operations; 1779.8 current ops/sec; est completion in 5 minutes [INSERT: Count=17798, Max=3177, Min=20, Avg=559.25, 90=586, 99=606, 99.9=634, 99.99=2863] 
2024-01-13 01:04:30:541 2670 sec: 4693358 operations; 1908.7 current ops/sec; est completion in 5 minutes [INSERT: Count=19087, Max=3095, Min=19, Avg=522.15, 90=530, 99=541, 99.9=551, 99.99=3025] 
2024-01-13 01:04:40:541 2680 sec: 4712288 operations; 1893 current ops/sec; est completion in 5 minutes [INSERT: Count=18930, Max=1935, Min=19, Avg=526.38, 90=541, 99=587, 99.9=616, 99.99=1245] 
2024-01-13 01:04:50:541 2690 sec: 4730370 operations; 1808.2 current ops/sec; est completion in 4 minutes [INSERT: Count=18083, Max=2117, Min=20, Avg=550.46, 90=588, 99=613, 99.9=653, 99.99=2081] 
2024-01-13 01:05:00:541 2700 sec: 4748157 operations; 1778.7 current ops/sec; est completion in 4 minutes [INSERT: Count=17786, Max=4731, Min=21, Avg=559.37, 90=595, 99=623, 99.9=1793, 99.99=2151] 
2024-01-13 01:05:10:541 2710 sec: 4766732 operations; 1857.5 current ops/sec; est completion in 4 minutes [INSERT: Count=18575, Max=92799, Min=17, Avg=535.77, 90=552, 99=614, 99.9=1813, 99.99=2423] 
2024-01-13 01:05:20:541 2720 sec: 4785574 operations; 1884.2 current ops/sec; est completion in 4 minutes [INSERT: Count=18843, Max=28351, Min=18, Avg=528.39, 90=543, 99=576, 99.9=613, 99.99=2269] 
2024-01-13 01:05:30:541 2730 sec: 4804493 operations; 1891.9 current ops/sec; est completion in 4 minutes [INSERT: Count=18919, Max=2089, Min=18, Avg=526.3, 90=542, 99=551, 99.9=572, 99.99=1248] 
2024-01-13 01:05:40:541 2740 sec: 4822096 operations; 1760.3 current ops/sec; est completion in 4 minutes [INSERT: Count=17602, Max=3491, Min=18, Avg=564.92, 90=599, 99=624, 99.9=1906, 99.99=2141] 
2024-01-13 01:05:50:542 2750 sec: 4839960 operations; 1786.22 current ops/sec; est completion in 3 minutes [INSERT: Count=17864, Max=2621, Min=18, Avg=556.52, 90=590, 99=615, 99.9=1875, 99.99=2007] 
2024-01-13 01:06:00:543 2760 sec: 4858067 operations; 1810.52 current ops/sec; est completion in 3 minutes [INSERT: Count=18107, Max=1905, Min=18, Avg=549.8, 90=584, 99=605, 99.9=623, 99.99=725] 
2024-01-13 01:06:10:541 2770 sec: 4876562 operations; 1849.87 current ops/sec; est completion in 3 minutes [INSERT: Count=18496, Max=3711, Min=18, Avg=538.32, 90=584, 99=606, 99.9=627, 99.99=1868] 
2024-01-13 01:06:20:541 2780 sec: 4895609 operations; 1904.7 current ops/sec; est completion in 3 minutes [INSERT: Count=19046, Max=788, Min=18, Avg=523.16, 90=531, 99=583, 99.9=614, 99.99=737] 
2024-01-13 01:06:30:541 2790 sec: 4913748 operations; 1813.9 current ops/sec; est completion in 3 minutes [INSERT: Count=18139, Max=2201, Min=19, Avg=548.82, 90=581, 99=600, 99.9=624, 99.99=2143] 
2024-01-13 01:06:40:541 2800 sec: 4931224 operations; 1747.6 current ops/sec; est completion in 2 minutes [INSERT: Count=17476, Max=2055, Min=20, Avg=569.32, 90=590, 99=609, 99.9=632, 99.99=1915] 
2024-01-13 01:06:50:541 2810 sec: 4948734 operations; 1751 current ops/sec; est completion in 2 minutes [INSERT: Count=17510, Max=3655, Min=21, Avg=568.23, 90=589, 99=611, 99.9=647, 99.99=737] 
2024-01-13 01:07:00:541 2820 sec: 4966284 operations; 1755 current ops/sec; est completion in 2 minutes [INSERT: Count=17551, Max=2199, Min=18, Avg=566.94, 90=587, 99=608, 99.9=671, 99.99=2115] 
2024-01-13 01:07:10:541 2830 sec: 4983908 operations; 1762.4 current ops/sec; est completion in 2 minutes [INSERT: Count=17623, Max=2135, Min=20, Avg=564.63, 90=584, 99=605, 99.9=626, 99.99=1995] 
2024-01-13 01:07:20:541 2840 sec: 5001480 operations; 1757.2 current ops/sec; est completion in 2 minutes [INSERT: Count=17573, Max=2207, Min=21, Avg=566.24, 90=585, 99=606, 99.9=631, 99.99=2035] 
2024-01-13 01:07:30:541 2850 sec: 5019074 operations; 1759.4 current ops/sec; est completion in 2 minutes [INSERT: Count=17593, Max=1046, Min=21, Avg=565.6, 90=586, 99=606, 99.9=624, 99.99=754] 
2024-01-13 01:07:40:541 2860 sec: 5036630 operations; 1755.6 current ops/sec; est completion in 1 minute [INSERT: Count=17556, Max=2193, Min=21, Avg=566.8, 90=586, 99=606, 99.9=622, 99.99=2055] 
2024-01-13 01:07:50:541 2870 sec: 5054210 operations; 1758 current ops/sec; est completion in 1 minute [INSERT: Count=17580, Max=2121, Min=21, Avg=565.98, 90=585, 99=605, 99.9=629, 99.99=1839] 
2024-01-13 01:08:00:541 2880 sec: 5071733 operations; 1752.3 current ops/sec; est completion in 1 minute [INSERT: Count=17523, Max=3157, Min=21, Avg=567.88, 90=589, 99=608, 99.9=635, 99.99=2107] 
2024-01-13 01:08:10:544 2890 sec: 5089205 operations; 1747.2 current ops/sec; est completion in 1 minute [INSERT: Count=17473, Max=2133, Min=21, Avg=569.65, 90=589, 99=609, 99.9=809, 99.99=2053] 
2024-01-13 01:08:20:541 2900 sec: 5106677 operations; 1747.2 current ops/sec; est completion in 1 minute [INSERT: Count=17471, Max=2123, Min=21, Avg=569.26, 90=588, 99=610, 99.9=1767, 99.99=2011] 
2024-01-13 01:08:30:541 2910 sec: 5124149 operations; 1747.2 current ops/sec; est completion in 1 minute [INSERT: Count=17472, Max=2309, Min=22, Avg=569.47, 90=588, 99=608, 99.9=626, 99.99=1828] 
2024-01-13 01:08:40:541 2920 sec: 5141583 operations; 1743.4 current ops/sec; est completion in 58 seconds [INSERT: Count=17435, Max=811, Min=23, Avg=570.72, 90=592, 99=611, 99.9=632, 99.99=729] 
2024-01-13 01:08:50:541 2930 sec: 5158950 operations; 1736.7 current ops/sec; est completion in 48 seconds [INSERT: Count=17366, Max=3945, Min=23, Avg=572.94, 90=593, 99=614, 99.9=645, 99.99=2295] 
2024-01-13 01:09:00:541 2940 sec: 5176285 operations; 1733.5 current ops/sec; est completion in 38 seconds [INSERT: Count=17335, Max=8831, Min=22, Avg=573.98, 90=593, 99=614, 99.9=645, 99.99=7331] 
2024-01-13 01:09:10:541 2950 sec: 5193656 operations; 1737.1 current ops/sec; est completion in 28 seconds [INSERT: Count=17372, Max=3279, Min=23, Avg=572.77, 90=592, 99=613, 99.9=719, 99.99=3213] 
2024-01-13 01:09:20:541 2960 sec: 5211050 operations; 1739.4 current ops/sec; est completion in 19 seconds [INSERT: Count=17394, Max=4483, Min=23, Avg=572.01, 90=591, 99=612, 99.9=678, 99.99=3151] 
2024-01-13 01:09:30:541 2970 sec: 5228496 operations; 1744.6 current ops/sec; est completion in 9 second [INSERT: Count=17446, Max=3109, Min=22, Avg=570.3, 90=587, 99=608, 99.9=780, 99.99=3097] 
2024-01-13 01:09:38:884 2978 sec: 5242880 operations; 1723.87 current ops/sec; [CLEANUP: Count=1, Max=106879, Min=106816, Avg=106848, 90=106879, 99=106879, 99.9=106879, 99.99=106879] [INSERT: Count=14383, Max=3093, Min=22, Avg=569.7, 90=586, 99=607, 99.9=696, 99.99=3061] 
