[OVERALL], RunTime(ms), 287859
[OVERALL], Throughput(ops/sec), 18213.361402631148
[TOTAL_GCS_G1_Young_Generation], Count, 130
[TOTAL_GC_TIME_G1_Young_Generation], Time(ms), 213
[TOTAL_GC_TIME_%_G1_Young_Generation], Time(%), 0.07399455983658666
[TOTAL_GCS_G1_Old_Generation], Count, 0
[TOTAL_GC_TIME_G1_Old_Generation], Time(ms), 0
[TOTAL_GC_TIME_%_G1_Old_Generation], Time(%), 0.0
[TOTAL_GCs], Count, 130
[TOTAL_GC_TIME], Time(ms), 213
[TOTAL_GC_TIME_%], Time(%), 0.07399455983658666
[CLEANUP], Operations, 1
[CLEANUP], AverageLatency(us), 181312.0
[CLEANUP], MinLatency(us), 181248
[CLEANUP], MaxLatency(us), 181375
[CLEANUP], 95thPercentileLatency(us), 181375
[CLEANUP], 99thPercentileLatency(us), 181375
[INSERT], Operations, 5242880
[INSERT], AverageLatency(us), 52.56860122680664
[INSERT], MinLatency(us), 15
[INSERT], MaxLatency(us), 11815
[INSERT], 95thPercentileLatency(us), 94
[INSERT], 99thPercentileLatency(us), 284
[INSERT], Return=OK, 5242880
