[OVERALL], RunTime(ms), 778653
[OVERALL], Throughput(ops/sec), 1284.2691160247248
[TOTAL_GCS_G1_Young_Generation], Count, 283
[TOTAL_GC_TIME_G1_Young_Generation], Time(ms), 444
[TOTAL_GC_TIME_%_G1_Young_Generation], Time(%), 0.057021548751497786
[TOTAL_GCS_G1_Old_Generation], Count, 0
[TOTAL_GC_TIME_G1_Old_Generation], Time(ms), 0
[TOTAL_GC_TIME_%_G1_Old_Generation], Time(%), 0.0
[TOTAL_GCs], Count, 283
[TOTAL_GC_TIME], Time(ms), 444
[TOTAL_GC_TIME_%], Time(%), 0.057021548751497786
[CLEANUP], Operations, 1
[CLEANUP], AverageLatency(us), 13884.0
[CLEANUP], MinLatency(us), 13880
[CLEANUP], MaxLatency(us), 13887
[CLEANUP], 95thPercentileLatency(us), 13887
[CLEANUP], 99thPercentileLatency(us), 13887
[INSERT], Operations, 50142
[INSERT], AverageLatency(us), 339.92126361134376
[INSERT], MinLatency(us), 21
[INSERT], MaxLatency(us), 5043
[INSERT], 95thPercentileLatency(us), 640
[INSERT], 99thPercentileLatency(us), 1239
[INSERT], Return=OK, 50142
[SCAN], Operations, 949858
[SCAN], AverageLatency(us), 590.6318797125465
[SCAN], MinLatency(us), 12
[SCAN], MaxLatency(us), 813055
[SCAN], 95thPercentileLatency(us), 1294
[SCAN], 99thPercentileLatency(us), 3259
[SCAN], Return=OK, 949858
