[OVERALL], RunTime(ms), 1025785
[OVERALL], Throughput(ops/sec), 974.8631535848156
[TOTAL_GCS_G1_Young_Generation], Count, 7
[TOTAL_GC_TIME_G1_Young_Generation], Time(ms), 151
[TOTAL_GC_TIME_%_G1_Young_Generation], Time(%), 0.014720433619130713
[TOTAL_GCS_G1_Old_Generation], Count, 0
[TOTAL_GC_TIME_G1_Old_Generation], Time(ms), 0
[TOTAL_GC_TIME_%_G1_Old_Generation], Time(%), 0.0
[TOTAL_GCs], Count, 7
[TOTAL_GC_TIME], Time(ms), 151
[TOTAL_GC_TIME_%], Time(%), 0.014720433619130713
[READ], Operations, 949980
[READ], AverageLatency(us), 109.57870797279942
[READ], MinLatency(us), 3
[READ], MaxLatency(us), 280319
[READ], 95thPercentileLatency(us), 476
[READ], 99thPercentileLatency(us), 1559
[READ], Return=OK, 949980
[CLEANUP], Operations, 1
[CLEANUP], AverageLatency(us), 764672.0
[CLEANUP], MinLatency(us), 764416
[CLEANUP], MaxLatency(us), 764927
[CLEANUP], 95thPercentileLatency(us), 764927
[CLEANUP], 99thPercentileLatency(us), 764927
[INSERT], Operations, 50020
[INSERT], AverageLatency(us), 715.8058376649341
[INSERT], MinLatency(us), 23
[INSERT], MaxLatency(us), 51743
[INSERT], 95thPercentileLatency(us), 1469
[INSERT], 99thPercentileLatency(us), 2323
[INSERT], Return=OK, 50020
