[OVERALL], RunTime(ms), 635879
[OVERALL], Throughput(ops/sec), 1572.6262386397411
[TOTAL_GCS_G1_Young_Generation], Count, 283
[TOTAL_GC_TIME_G1_Young_Generation], Time(ms), 416
[TOTAL_GC_TIME_%_G1_Young_Generation], Time(%), 0.06542125152741324
[TOTAL_GCS_G1_Old_Generation], Count, 0
[TOTAL_GC_TIME_G1_Old_Generation], Time(ms), 0
[TOTAL_GC_TIME_%_G1_Old_Generation], Time(%), 0.0
[TOTAL_GCs], Count, 283
[TOTAL_GC_TIME], Time(ms), 416
[TOTAL_GC_TIME_%], Time(%), 0.06542125152741324
[CLEANUP], Operations, 1
[CLEANUP], AverageLatency(us), 22584.0
[CLEANUP], MinLatency(us), 22576
[CLEANUP], MaxLatency(us), 22591
[CLEANUP], 95thPercentileLatency(us), 22591
[CLEANUP], 99thPercentileLatency(us), 22591
[INSERT], Operations, 49906
[INSERT], AverageLatency(us), 81.67917685248267
[INSERT], MinLatency(us), 19
[INSERT], MaxLatency(us), 1753
[INSERT], 95thPercentileLatency(us), 116
[INSERT], 99thPercentileLatency(us), 134
[INSERT], Return=OK, 49906
[SCAN], Operations, 950094
[SCAN], AverageLatency(us), 620.9656518197147
[SCAN], MinLatency(us), 12
[SCAN], MaxLatency(us), 1153023
[SCAN], 95thPercentileLatency(us), 1356
[SCAN], 99thPercentileLatency(us), 3551
[SCAN], Return=OK, 950094
