[OVERALL], RunTime(ms), 628715
[OVERALL], Throughput(ops/sec), 41695.2037091528
[TOTAL_GCS_G1_Young_Generation], Count, 219
[TOTAL_GC_TIME_G1_Young_Generation], Time(ms), 469
[TOTAL_GC_TIME_%_G1_Young_Generation], Time(%), 0.07459659782254281
[TOTAL_GCS_G1_Old_Generation], Count, 0
[TOTAL_GC_TIME_G1_Old_Generation], Time(ms), 0
[TOTAL_GC_TIME_%_G1_Old_Generation], Time(%), 0.0
[TOTAL_GCs], Count, 219
[TOTAL_GC_TIME], Time(ms), 469
[TOTAL_GC_TIME_%], Time(%), 0.07459659782254281
[CLEANUP], Operations, 1
[CLEANUP], AverageLatency(us), 64624.0
[CLEANUP], MinLatency(us), 64608
[CLEANUP], MaxLatency(us), 64639
[CLEANUP], 95thPercentileLatency(us), 64639
[CLEANUP], 99thPercentileLatency(us), 64639
[INSERT], Operations, 26214400
[INSERT], AverageLatency(us), 22.297520408630373
[INSERT], MinLatency(us), 5
[INSERT], MaxLatency(us), 68351
[INSERT], 95thPercentileLatency(us), 48
[INSERT], 99thPercentileLatency(us), 60
[INSERT], Return=OK, 26214400
