[WARN]  Running against a source checkout. In order to get our runtime dependencies we'll have to invoke Maven. Depending on the state of your system, this may take ~30-45 seconds
[DEBUG]  Running 'mvn -pl site.ycsb:rocksdb-binding -am package -DskipTests dependency:build-classpath -DincludeScope=compile -Dmdep.outputFilterFile=true'
java -cp /home/user/src/rocksdb-cheops-2024/ycsb/rocksdb/conf:/home/user/src/rocksdb-cheops-2024/ycsb/rocksdb/target/rocksdb-binding-0.18.0-SNAPSHOT.jar:/root/.m2/repository/org/apache/htrace/htrace-core4/4.1.0-incubating/htrace-core4-4.1.0-incubating.jar:/root/.m2/repository/org/slf4j/slf4j-api/1.7.25/slf4j-api-1.7.25.jar:/home/user/src/rocksdb-cheops-2024/rocksdb-ycsb/java/target/rocksdbjni-7.4.3-linux64.jar:/root/.m2/repository/net/jcip/jcip-annotations/1.0/jcip-annotations-1.0.jar:/root/.m2/repository/org/hdrhistogram/HdrHistogram/2.1.4/HdrHistogram-2.1.4.jar:/root/.m2/repository/org/codehaus/jackson/jackson-mapper-asl/1.9.4/jackson-mapper-asl-1.9.4.jar:/lib/libzbd.so.1:/root/.m2/repository/org/codehaus/jackson/jackson-core-asl/1.9.4/jackson-core-asl-1.9.4.jar:/home/user/src/rocksdb-cheops-2024/rocksdb-ycsb/java/target/librocksdbjni-linux64.so:/home/user/src/rocksdb-cheops-2024/ycsb/core/target/core-0.18.0-SNAPSHOT.jar site.ycsb.Client -db site.ycsb.db.rocksdb.RocksDBClient -s -P ./workloads/workloade -p recordcount=26214400 -p operationcount=1000000 -p fieldlength=100 -p fieldcount=10 -t
Command line: -db site.ycsb.db.rocksdb.RocksDBClient -s -P ./workloads/workloade -p recordcount=26214400 -p operationcount=1000000 -p fieldlength=100 -p fieldcount=10 -t
YCSB Client 0.18.0-SNAPSHOT

Loading workload...
Starting test.
SLF4J: Failed to load class "org.slf4j.impl.StaticLoggerBinder".
SLF4J: Defaulting to no-operation (NOP) logger implementation
SLF4J: See http://www.slf4j.org/codes.html#StaticLoggerBinder for further details.
2024-01-13 14:11:08:248 0 sec: 0 operations; est completion in 0 second 
Leet YCSB 
2024-01-13 14:11:18:211 10 sec: 0 operations; est completion in 106751991167300 days 15 hours 
2024-01-13 14:11:28:211 20 sec: 0 operations; est completion in 106751991167300 days 15 hours 
2024-01-13 14:11:38:211 30 sec: 0 operations; est completion in 106751991167300 days 15 hours 
2024-01-13 14:11:48:214 40 sec: 0 operations; est completion in 106751991167300 days 15 hours 
2024-01-13 14:11:58:224 50 sec: 0 operations; est completion in 106751991167300 days 15 hours 
2024-01-13 14:12:08:212 60 sec: 0 operations; est completion in 106751991167300 days 15 hours 
2024-01-13 14:12:18:216 70 sec: 0 operations; est completion in 106751991167300 days 15 hours 
2024-01-13 14:12:28:213 80 sec: 0 operations; est completion in 106751991167300 days 15 hours 
2024-01-13 14:12:38:211 90 sec: 0 operations; est completion in 106751991167300 days 15 hours 
2024-01-13 14:12:48:213 100 sec: 0 operations; est completion in 106751991167300 days 15 hours 
2024-01-13 14:12:58:213 110 sec: 0 operations; est completion in 106751991167300 days 15 hours 
DBWrapper: report latency for each error is false and specific error codes to track for latency are: []
2024-01-13 14:13:08:211 120 sec: 7199 operations; 719.97 current ops/sec; est completion in 4 hours 35 minutes [INSERT: Count=342, Max=2525, Min=23, Avg=121.13, 90=176, 99=374, 99.9=2525, 99.99=2525] [SCAN: Count=6865, Max=23583, Min=36, Avg=1425.23, 90=2397, 99=3297, 99.9=5623, 99.99=14063] 
2024-01-13 14:13:18:211 130 sec: 17037 operations; 983.8 current ops/sec; est completion in 2 hours 5 minutes [INSERT: Count=497, Max=3793, Min=14, Avg=88.75, 90=119, 99=279, 99.9=3793, 99.99=3793] [SCAN: Count=9335, Max=18367, Min=17, Avg=1057.42, 90=1972, 99=3097, 99.9=5231, 99.99=16039] 
2024-01-13 14:13:28:211 140 sec: 29620 operations; 1258.3 current ops/sec; est completion in 1 hour 16 minutes [INSERT: Count=619, Max=192, Min=11, Avg=63.12, 90=113, 99=162, 99.9=186, 99.99=192] [SCAN: Count=11963, Max=9847, Min=23, Avg=827.22, 90=1567, 99=2233, 99.9=3027, 99.99=3745] 
2024-01-13 14:13:38:211 150 sec: 39493 operations; 987.3 current ops/sec; est completion in 1 hour [INSERT: Count=488, Max=223, Min=13, Avg=63.42, 90=112, 99=151, 99.9=223, 99.99=223] [SCAN: Count=9386, Max=1183743, Min=32, Avg=1056.68, 90=1833, 99=2627, 99.9=3347, 99.99=9351] 
2024-01-13 14:13:48:214 160 sec: 50858 operations; 1136.39 current ops/sec; est completion in 49 minutes [INSERT: Count=561, Max=156, Min=9, Avg=55.6, 90=95, 99=134, 99.9=150, 99.99=156] [SCAN: Count=10804, Max=7003, Min=27, Avg=918.41, 90=1886, 99=2679, 99.9=3339, 99.99=4339] 
2024-01-13 14:13:58:211 170 sec: 65246 operations; 1438.94 current ops/sec; est completion in 40 minutes [INSERT: Count=690, Max=169, Min=9, Avg=54.99, 90=99, 99=150, 99.9=161, 99.99=169] [SCAN: Count=13697, Max=9687, Min=21, Avg=722.79, 90=1643, 99=2451, 99.9=3307, 99.99=6039] 
2024-01-13 14:14:08:211 180 sec: 81256 operations; 1601 current ops/sec; est completion in 33 minutes [INSERT: Count=822, Max=201, Min=10, Avg=48.93, 90=87, 99=151, 99.9=195, 99.99=201] [SCAN: Count=15187, Max=5263, Min=21, Avg=580.81, 90=1218, 99=1797, 99.9=2317, 99.99=3205] 
2024-01-13 14:14:18:213 190 sec: 95221 operations; 1396.5 current ops/sec; est completion in 30 minutes [INSERT: Count=691, Max=216, Min=11, Avg=50.5, 90=87, 99=157, 99.9=188, 99.99=216] [SCAN: Count=13276, Max=2199551, Min=19, Avg=830.38, 90=1302, 99=1866, 99.9=2921, 99.99=6003] 
2024-01-13 14:14:28:211 200 sec: 114046 operations; 1882.5 current ops/sec; est completion in 25 minutes [INSERT: Count=926, Max=217, Min=10, Avg=49.94, 90=84, 99=178, 99.9=208, 99.99=217] [SCAN: Count=17900, Max=5783, Min=16, Avg=553.21, 90=1090, 99=1679, 99.9=2253, 99.99=3069] 
2024-01-13 14:14:38:211 210 sec: 132018 operations; 1797.2 current ops/sec; est completion in 23 minutes [INSERT: Count=855, Max=518, Min=8, Avg=46.55, 90=85, 99=125, 99.9=196, 99.99=518] [SCAN: Count=17115, Max=500479, Min=17, Avg=579.4, 90=1031, 99=1337, 99.9=2107, 99.99=3555] 
2024-01-13 14:14:48:214 220 sec: 151824 operations; 1980.6 current ops/sec; est completion in 20 minutes [INSERT: Count=968, Max=116, Min=9, Avg=43.24, 90=82, 99=95, 99.9=115, 99.99=116] [SCAN: Count=18841, Max=4075, Min=11, Avg=526.36, 90=1009, 99=1210, 99.9=1871, 99.99=2583] 
2024-01-13 14:14:58:211 230 sec: 173450 operations; 2162.6 current ops/sec; est completion in 18 minutes [INSERT: Count=1142, Max=109, Min=10, Avg=42.11, 90=81, 99=93, 99.9=108, 99.99=109] [SCAN: Count=20482, Max=7599, Min=15, Avg=483.5, 90=965, 99=1187, 99.9=1956, 99.99=2541] 
2024-01-13 14:15:08:211 240 sec: 197360 operations; 2391 current ops/sec; est completion in 16 minutes [INSERT: Count=1163, Max=108, Min=9, Avg=42.44, 90=80, 99=94, 99.9=101, 99.99=108] [SCAN: Count=22747, Max=2441, Min=11, Avg=435.26, 90=893, 99=1134, 99.9=1299, 99.99=1626] 
2024-01-13 14:15:18:211 250 sec: 221918 operations; 2455.8 current ops/sec; est completion in 14 minutes [INSERT: Count=1160, Max=115, Min=9, Avg=41.21, 90=79, 99=94, 99.9=110, 99.99=115] [SCAN: Count=23398, Max=6179, Min=14, Avg=423.18, 90=874, 99=1191, 99.9=2177, 99.99=3603] 
2024-01-13 14:15:28:211 260 sec: 247584 operations; 2566.6 current ops/sec; est completion in 13 minutes [INSERT: Count=1361, Max=197, Min=9, Avg=41.73, 90=83, 99=97, 99.9=112, 99.99=197] [SCAN: Count=24304, Max=4315, Min=10, Avg=406.97, 90=845, 99=1453, 99.9=2227, 99.99=3139] 
2024-01-13 14:15:38:211 270 sec: 275770 operations; 2818.6 current ops/sec; est completion in 11 minutes [INSERT: Count=1377, Max=115, Min=10, Avg=42.22, 90=83, 99=97, 99.9=102, 99.99=115] [SCAN: Count=26814, Max=2889, Min=15, Avg=368.75, 90=789, 99=1146, 99.9=1977, 99.99=2343] 
2024-01-13 14:15:48:211 280 sec: 302226 operations; 2645.6 current ops/sec; est completion in 10 minutes [INSERT: Count=1258, Max=120, Min=10, Avg=42.68, 90=83, 99=101, 99.9=113, 99.99=120] [SCAN: Count=25195, Max=3917, Min=13, Avg=392.63, 90=810, 99=1935, 99.9=2497, 99.99=3321] 
2024-01-13 14:15:58:211 290 sec: 328702 operations; 2647.6 current ops/sec; est completion in 9 minutes [INSERT: Count=1309, Max=109, Min=10, Avg=41.57, 90=81, 99=95, 99.9=102, 99.99=109] [SCAN: Count=25164, Max=3317, Min=10, Avg=393.15, 90=810, 99=1987, 99.9=2579, 99.99=2973] 
2024-01-13 14:16:08:211 300 sec: 356451 operations; 2774.9 current ops/sec; est completion in 9 minutes [INSERT: Count=1426, Max=1257, Min=9, Avg=43.3, 90=83, 99=95, 99.9=105, 99.99=1257] [SCAN: Count=26325, Max=3905, Min=11, Avg=375.54, 90=779, 99=1915, 99.9=2449, 99.99=2983] 
2024-01-13 14:16:18:211 310 sec: 385418 operations; 2896.7 current ops/sec; est completion in 8 minutes [INSERT: Count=1414, Max=1172, Min=9, Avg=43.37, 90=82, 99=95, 99.9=123, 99.99=1172] [SCAN: Count=27554, Max=3773, Min=11, Avg=358.74, 90=743, 99=1860, 99.9=2295, 99.99=2821] 
2024-01-13 14:16:28:211 320 sec: 415300 operations; 2988.2 current ops/sec; est completion in 7 minutes [INSERT: Count=1524, Max=118, Min=10, Avg=42.31, 90=84, 99=98, 99.9=109, 99.99=118] [SCAN: Count=28358, Max=3273, Min=11, Avg=348.39, 90=710, 99=1844, 99.9=2399, 99.99=2931] 
2024-01-13 14:16:38:211 330 sec: 449627 operations; 3432.7 current ops/sec; est completion in 6 minutes [INSERT: Count=1676, Max=125, Min=10, Avg=43.11, 90=86, 99=105, 99.9=117, 99.99=125] [SCAN: Count=32653, Max=2801, Min=12, Avg=302, 90=604, 99=1026, 99.9=1951, 99.99=2385] 
2024-01-13 14:16:48:211 340 sec: 489415 operations; 3978.8 current ops/sec; est completion in 5 minutes [INSERT: Count=2008, Max=122, Min=8, Avg=40.71, 90=81, 99=91, 99.9=97, 99.99=122] [SCAN: Count=37778, Max=1943, Min=12, Avg=260.7, 90=530, 99=857, 99.9=1048, 99.99=1579] 
2024-01-13 14:16:58:211 350 sec: 529392 operations; 3997.7 current ops/sec; est completion in 5 minutes [INSERT: Count=1979, Max=117, Min=9, Avg=41.52, 90=82, 99=96, 99.9=111, 99.99=117] [SCAN: Count=38000, Max=6747, Min=9, Avg=259.11, 90=502, 99=853, 99.9=1071, 99.99=1922] 
2024-01-13 14:17:08:211 360 sec: 565031 operations; 3563.9 current ops/sec; est completion in 4 minutes [INSERT: Count=1812, Max=145, Min=10, Avg=43.92, 90=91, 99=105, 99.9=121, 99.99=145] [SCAN: Count=33832, Max=3627, Min=17, Avg=291.2, 90=522, 99=1070, 99.9=2069, 99.99=2841] 
2024-01-13 14:17:18:211 370 sec: 605496 operations; 4046.5 current ops/sec; est completion in 4 minutes [INSERT: Count=2026, Max=123, Min=10, Avg=41.18, 90=83, 99=94, 99.9=110, 99.99=123] [SCAN: Count=38433, Max=5371, Min=11, Avg=256.16, 90=454, 99=930, 99.9=2061, 99.99=3143] 
2024-01-13 14:17:28:211 380 sec: 650400 operations; 4490.4 current ops/sec; est completion in 3 minutes [INSERT: Count=2254, Max=143, Min=9, Avg=40.71, 90=81, 99=91, 99.9=107, 99.99=143] [SCAN: Count=42651, Max=1964, Min=11, Avg=230.56, 90=385, 99=766, 99.9=1006, 99.99=1749] 
2024-01-13 14:17:38:211 390 sec: 696557 operations; 4615.7 current ops/sec; est completion in 2 minutes [INSERT: Count=2312, Max=105, Min=9, Avg=39.89, 90=82, 99=91, 99.9=99, 99.99=105] [SCAN: Count=43843, Max=2091, Min=12, Avg=224.25, 90=366, 99=751, 99.9=950, 99.99=1755] 
2024-01-13 14:17:48:211 400 sec: 743710 operations; 4715.3 current ops/sec; est completion in 2 minutes [INSERT: Count=2328, Max=112, Min=9, Avg=41.06, 90=83, 99=97, 99.9=107, 99.99=112] [SCAN: Count=44826, Max=2026, Min=15, Avg=219.24, 90=356, 99=727, 99.9=917, 99.99=1713] 
2024-01-13 14:17:58:211 410 sec: 787132 operations; 4342.2 current ops/sec; est completion in 1 minute [INSERT: Count=2202, Max=126, Min=10, Avg=42.67, 90=87, 99=104, 99.9=116, 99.99=126] [SCAN: Count=41218, Max=5895, Min=14, Avg=238.48, 90=397, 99=764, 99.9=1946, 99.99=2393] 
2024-01-13 14:18:08:211 420 sec: 836090 operations; 4895.8 current ops/sec; est completion in 1 minute [INSERT: Count=2408, Max=228, Min=9, Avg=40.74, 90=81, 99=91, 99.9=98, 99.99=228] [SCAN: Count=46549, Max=2011, Min=10, Avg=211.03, 90=344, 99=668, 99.9=868, 99.99=1686] 
2024-01-13 14:18:18:211 430 sec: 885720 operations; 4963 current ops/sec; est completion in 56 seconds [INSERT: Count=2437, Max=106, Min=9, Avg=41.3, 90=82, 99=91, 99.9=104, 99.99=106] [SCAN: Count=47195, Max=2032, Min=10, Avg=208.09, 90=339, 99=664, 99.9=891, 99.99=1695] 
2024-01-13 14:18:28:211 440 sec: 936082 operations; 5036.2 current ops/sec; est completion in 31 seconds [INSERT: Count=2559, Max=114, Min=8, Avg=40.27, 90=83, 99=95, 99.9=103, 99.99=114] [SCAN: Count=47802, Max=3347, Min=12, Avg=205.37, 90=336, 99=642, 99.9=857, 99.99=2819] 
2024-01-13 14:18:38:211 450 sec: 985573 operations; 4949.1 current ops/sec; est completion in 7 second [INSERT: Count=2523, Max=2579, Min=9, Avg=42.16, 90=83, 99=92, 99.9=104, 99.99=2579] [SCAN: Count=46969, Max=3123, Min=10, Avg=208.96, 90=342, 99=627, 99.9=923, 99.99=2331] 
2024-01-13 14:18:41:047 452 sec: 1000000 operations; 5087.09 current ops/sec; [CLEANUP: Count=1, Max=7579, Min=7576, Avg=7578, 90=7579, 99=7579, 99.9=7579, 99.99=7579] [INSERT: Count=727, Max=104, Min=9, Avg=39.58, 90=83, 99=94, 99.9=101, 99.99=104] [SCAN: Count=13697, Max=3153, Min=12, Avg=202.6, 90=331, 99=592, 99.9=813, 99.99=2913] 
