[OVERALL], RunTime(ms), 501192
[OVERALL], Throughput(ops/sec), 52304.1070088908
[TOTAL_GCS_G1_Young_Generation], Count, 219
[TOTAL_GC_TIME_G1_Young_Generation], Time(ms), 424
[TOTAL_GC_TIME_%_G1_Young_Generation], Time(%), 0.0845983176108158
[TOTAL_GCS_G1_Old_Generation], Count, 0
[TOTAL_GC_TIME_G1_Old_Generation], Time(ms), 0
[TOTAL_GC_TIME_%_G1_Old_Generation], Time(%), 0.0
[TOTAL_GCs], Count, 219
[TOTAL_GC_TIME], Time(ms), 424
[TOTAL_GC_TIME_%], Time(%), 0.0845983176108158
[CLEANUP], Operations, 1
[CLEANUP], AverageLatency(us), 140992.0
[CLEANUP], MinLatency(us), 140928
[CLEANUP], MaxLatency(us), 141055
[CLEANUP], 95thPercentileLatency(us), 141055
[CLEANUP], 99thPercentileLatency(us), 141055
[INSERT], Operations, 26214400
[INSERT], AverageLatency(us), 17.455959815979003
[INSERT], MinLatency(us), 6
[INSERT], MaxLatency(us), 33759
[INSERT], 95thPercentileLatency(us), 46
[INSERT], 99thPercentileLatency(us), 57
[INSERT], Return=OK, 26214400
