[OVERALL], RunTime(ms), 518516
[OVERALL], Throughput(ops/sec), 50556.588417715175
[TOTAL_GCS_G1_Young_Generation], Count, 219
[TOTAL_GC_TIME_G1_Young_Generation], Time(ms), 550
[TOTAL_GC_TIME_%_G1_Young_Generation], Time(%), 0.10607194377801263
[TOTAL_GCS_G1_Old_Generation], Count, 0
[TOTAL_GC_TIME_G1_Old_Generation], Time(ms), 0
[TOTAL_GC_TIME_%_G1_Old_Generation], Time(%), 0.0
[TOTAL_GCs], Count, 219
[TOTAL_GC_TIME], Time(ms), 550
[TOTAL_GC_TIME_%], Time(%), 0.10607194377801263
[CLEANUP], Operations, 1
[CLEANUP], AverageLatency(us), 123104.0
[CLEANUP], MinLatency(us), 123072
[CLEANUP], MaxLatency(us), 123135
[CLEANUP], 95thPercentileLatency(us), 123135
[CLEANUP], 99thPercentileLatency(us), 123135
[INSERT], Operations, 26214400
[INSERT], AverageLatency(us), 18.119037284851075
[INSERT], MinLatency(us), 5
[INSERT], MaxLatency(us), 33407
[INSERT], 95thPercentileLatency(us), 47
[INSERT], 99thPercentileLatency(us), 59
[INSERT], Return=OK, 26214400
