[WARN]  Running against a source checkout. In order to get our runtime dependencies we'll have to invoke Maven. Depending on the state of your system, this may take ~30-45 seconds
[DEBUG]  Running 'mvn -pl site.ycsb:rocksdb-binding -am package -DskipTests dependency:build-classpath -DincludeScope=compile -Dmdep.outputFilterFile=true'
java -cp /home/user/src/rocksdb-cheops-2024/ycsb/rocksdb/conf:/home/user/src/rocksdb-cheops-2024/ycsb/rocksdb/target/rocksdb-binding-0.18.0-SNAPSHOT.jar:/root/.m2/repository/org/apache/htrace/htrace-core4/4.1.0-incubating/htrace-core4-4.1.0-incubating.jar:/root/.m2/repository/org/slf4j/slf4j-api/1.7.25/slf4j-api-1.7.25.jar:/home/user/src/rocksdb-cheops-2024/rocksdb-ycsb/java/target/rocksdbjni-7.4.3-linux64.jar:/root/.m2/repository/net/jcip/jcip-annotations/1.0/jcip-annotations-1.0.jar:/root/.m2/repository/org/hdrhistogram/HdrHistogram/2.1.4/HdrHistogram-2.1.4.jar:/root/.m2/repository/org/codehaus/jackson/jackson-mapper-asl/1.9.4/jackson-mapper-asl-1.9.4.jar:/lib/libzbd.so.1:/root/.m2/repository/org/codehaus/jackson/jackson-core-asl/1.9.4/jackson-core-asl-1.9.4.jar:/home/user/src/rocksdb-cheops-2024/rocksdb-ycsb/java/target/librocksdbjni-linux64.so:/home/user/src/rocksdb-cheops-2024/ycsb/core/target/core-0.18.0-SNAPSHOT.jar site.ycsb.Client -db site.ycsb.db.rocksdb.RocksDBClient -s -P ./workloads/workloade -p recordcount=26214400 -p operationcount=1000000 -p fieldlength=100 -p fieldcount=10 -t
Command line: -db site.ycsb.db.rocksdb.RocksDBClient -s -P ./workloads/workloade -p recordcount=26214400 -p operationcount=1000000 -p fieldlength=100 -p fieldcount=10 -t
YCSB Client 0.18.0-SNAPSHOT

Loading workload...
Starting test.
SLF4J: Failed to load class "org.slf4j.impl.StaticLoggerBinder".
SLF4J: Defaulting to no-operation (NOP) logger implementation
SLF4J: See http://www.slf4j.org/codes.html#StaticLoggerBinder for further details.
2024-01-13 12:33:52:470 0 sec: 0 operations; est completion in 0 second 
Leet YCSB 
2024-01-13 12:34:02:431 10 sec: 0 operations; est completion in 106751991167300 days 15 hours 
2024-01-13 12:34:12:430 20 sec: 0 operations; est completion in 106751991167300 days 15 hours 
2024-01-13 12:34:22:430 30 sec: 0 operations; est completion in 106751991167300 days 15 hours 
2024-01-13 12:34:32:430 40 sec: 0 operations; est completion in 106751991167300 days 15 hours 
DBWrapper: report latency for each error is false and specific error codes to track for latency are: []
2024-01-13 12:34:42:430 50 sec: 6822 operations; 682.2 current ops/sec; est completion in 2 hours 1 minute [INSERT: Count=340, Max=543, Min=16, Avg=90.46, 90=145, 99=314, 99.9=543, 99.99=543] [SCAN: Count=6486, Max=14663, Min=34, Avg=1354.84, 90=2275, 99=2983, 99.9=3887, 99.99=10863] 
2024-01-13 12:34:52:432 60 sec: 16833 operations; 1001 current ops/sec; est completion in 58 minutes [INSERT: Count=500, Max=2541, Min=10, Avg=57.11, 90=92, 99=134, 99.9=2541, 99.99=2541] [SCAN: Count=9508, Max=10287, Min=28, Avg=1041.14, 90=1975, 99=2777, 99.9=3951, 99.99=7871] 
2024-01-13 12:35:02:433 70 sec: 28601 operations; 1176.8 current ops/sec; est completion in 39 minutes [INSERT: Count=626, Max=163, Min=12, Avg=50.15, 90=86, 99=130, 99.9=143, 99.99=163] [SCAN: Count=11145, Max=9519, Min=30, Avg=889.71, 90=1786, 99=2875, 99.9=3699, 99.99=8479] 
2024-01-13 12:35:12:430 80 sec: 42455 operations; 1385.54 current ops/sec; est completion in 30 minutes [INSERT: Count=711, Max=2907, Min=12, Avg=55.39, 90=95, 99=127, 99.9=155, 99.99=2907] [SCAN: Count=13139, Max=153215, Min=31, Avg=749.55, 90=1386, 99=2167, 99.9=3037, 99.99=150783] 
2024-01-13 12:35:22:430 90 sec: 50879 operations; 842.4 current ops/sec; est completion in 27 minutes [INSERT: Count=446, Max=149, Min=12, Avg=53.7, 90=92, 99=128, 99.9=149, 99.99=149] [SCAN: Count=7981, Max=294399, Min=32, Avg=1249.94, 90=2203, 99=3115, 99.9=4515, 99.99=243967] 
2024-01-13 12:35:32:442 100 sec: 61806 operations; 1092.7 current ops/sec; est completion in 25 minutes [INSERT: Count=535, Max=1295, Min=13, Avg=57.04, 90=96, 99=140, 99.9=182, 99.99=1295] [SCAN: Count=10392, Max=11631, Min=20, Avg=955.24, 90=2111, 99=3393, 99.9=4807, 99.99=11095] 
2024-01-13 12:35:42:430 110 sec: 76370 operations; 1456.4 current ops/sec; est completion in 22 minutes [INSERT: Count=700, Max=233, Min=11, Avg=54.24, 90=93, 99=158, 99.9=224, 99.99=233] [SCAN: Count=13863, Max=15415, Min=19, Avg=714.01, 90=1696, 99=3027, 99.9=4231, 99.99=11311] 
2024-01-13 12:35:52:430 120 sec: 91578 operations; 1520.8 current ops/sec; est completion in 19 minutes [INSERT: Count=777, Max=146, Min=11, Avg=46.58, 90=85, 99=119, 99.9=146, 99.99=146] [SCAN: Count=14429, Max=17647, Min=18, Avg=634.58, 90=1368, 99=2615, 99.9=3521, 99.99=15311] 
2024-01-13 12:36:02:430 130 sec: 101229 operations; 965.1 current ops/sec; est completion in 19 minutes [INSERT: Count=501, Max=203, Min=11, Avg=42.7, 90=81, 99=101, 99.9=136, 99.99=203] [SCAN: Count=9151, Max=2828287, Min=18, Avg=1170.53, 90=1373, 99=2319, 99.9=4675, 99.99=297983] 
2024-01-13 12:36:12:430 140 sec: 117343 operations; 1611.4 current ops/sec; est completion in 17 minutes [INSERT: Count=797, Max=420, Min=11, Avg=42.53, 90=82, 99=116, 99.9=153, 99.99=420] [SCAN: Count=15318, Max=6487, Min=17, Avg=647.69, 90=1212, 99=1940, 99.9=2977, 99.99=5015] 
2024-01-13 12:36:22:430 150 sec: 131626 operations; 1428.3 current ops/sec; est completion in 16 minutes [INSERT: Count=744, Max=132, Min=11, Avg=42.7, 90=85, 99=118, 99.9=128, 99.99=132] [SCAN: Count=13539, Max=495103, Min=23, Avg=733.38, 90=1311, 99=2029, 99.9=2971, 99.99=3989] 
2024-01-13 12:36:32:430 160 sec: 147365 operations; 1573.9 current ops/sec; est completion in 15 minutes [INSERT: Count=788, Max=142, Min=11, Avg=42.46, 90=79, 99=115, 99.9=140, 99.99=142] [SCAN: Count=14951, Max=15527, Min=15, Avg=663.86, 90=1304, 99=1911, 99.9=2739, 99.99=3563] 
2024-01-13 12:36:42:430 170 sec: 165999 operations; 1863.4 current ops/sec; est completion in 14 minutes [INSERT: Count=968, Max=147, Min=9, Avg=41.89, 90=80, 99=107, 99.9=141, 99.99=147] [SCAN: Count=17667, Max=17247, Min=17, Avg=561.17, 90=1208, 99=1769, 99.9=2377, 99.99=3247] 
2024-01-13 12:36:52:430 180 sec: 186544 operations; 2054.5 current ops/sec; est completion in 13 minutes [INSERT: Count=996, Max=152, Min=10, Avg=41.61, 90=83, 99=117, 99.9=152, 99.99=152] [SCAN: Count=19551, Max=3827, Min=19, Avg=506.9, 90=1158, 99=1781, 99.9=2659, 99.99=3257] 
2024-01-13 12:37:02:430 190 sec: 205526 operations; 1898.2 current ops/sec; est completion in 12 minutes [INSERT: Count=942, Max=223, Min=9, Avg=39.2, 90=82, 99=111, 99.9=122, 99.99=223] [SCAN: Count=18036, Max=1192959, Min=11, Avg=549.94, 90=978, 99=1737, 99.9=2509, 99.99=3385] 
2024-01-13 12:37:12:430 200 sec: 228591 operations; 2306.5 current ops/sec; est completion in 11 minutes [INSERT: Count=1137, Max=123, Min=9, Avg=37.17, 90=79, 99=98, 99.9=110, 99.99=123] [SCAN: Count=21931, Max=2387, Min=17, Avg=451.69, 90=876, 99=1141, 99.9=1430, 99.99=2103] 
2024-01-13 12:37:22:430 210 sec: 254025 operations; 2543.4 current ops/sec; est completion in 10 minutes [INSERT: Count=1264, Max=109, Min=9, Avg=35.64, 90=74, 99=92, 99.9=105, 99.99=109] [SCAN: Count=24169, Max=2533, Min=13, Avg=409.62, 90=829, 99=1081, 99.9=1308, 99.99=1670] 
2024-01-13 12:37:32:430 220 sec: 281134 operations; 2710.9 current ops/sec; est completion in 9 minutes [INSERT: Count=1391, Max=125, Min=9, Avg=35.32, 90=74, 99=91, 99.9=103, 99.99=125] [SCAN: Count=25717, Max=3855, Min=13, Avg=384.69, 90=799, 99=1056, 99.9=1284, 99.99=1749] 
2024-01-13 12:37:42:430 230 sec: 309882 operations; 2874.8 current ops/sec; est completion in 8 minutes [INSERT: Count=1381, Max=118, Min=10, Avg=37.07, 90=80, 99=99, 99.9=110, 99.99=118] [SCAN: Count=27366, Max=5827, Min=10, Avg=361.33, 90=768, 99=1013, 99.9=1196, 99.99=2034] 
2024-01-13 12:37:52:430 240 sec: 339963 operations; 3008.1 current ops/sec; est completion in 7 minutes [INSERT: Count=1485, Max=110, Min=9, Avg=35.86, 90=74, 99=93, 99.9=103, 99.99=110] [SCAN: Count=28600, Max=2037, Min=11, Avg=345.63, 90=745, 99=982, 99.9=1204, 99.99=1568] 
2024-01-13 12:38:02:430 250 sec: 371974 operations; 3201.1 current ops/sec; est completion in 7 minutes [INSERT: Count=1585, Max=108, Min=10, Avg=35.01, 90=73, 99=90, 99.9=103, 99.99=108] [SCAN: Count=30422, Max=2599, Min=13, Avg=324.77, 90=704, 99=942, 99.9=1138, 99.99=1674] 
2024-01-13 12:38:12:430 260 sec: 405529 operations; 3355.5 current ops/sec; est completion in 6 minutes [INSERT: Count=1711, Max=121, Min=10, Avg=34.27, 90=73, 99=89, 99.9=104, 99.99=121] [SCAN: Count=31852, Max=2053, Min=14, Avg=310.11, 90=675, 99=907, 99.9=1115, 99.99=1626] 
2024-01-13 12:38:22:430 270 sec: 440656 operations; 3512.7 current ops/sec; est completion in 5 minutes [INSERT: Count=1774, Max=112, Min=10, Avg=33.68, 90=74, 99=91, 99.9=101, 99.99=112] [SCAN: Count=33345, Max=1899, Min=11, Avg=296.05, 90=637, 99=895, 99.9=1121, 99.99=1737] 
2024-01-13 12:38:32:430 280 sec: 477443 operations; 3678.7 current ops/sec; est completion in 5 minutes [INSERT: Count=1856, Max=107, Min=10, Avg=34.01, 90=74, 99=91, 99.9=100, 99.99=107] [SCAN: Count=34934, Max=1961, Min=10, Avg=282.48, 90=599, 99=870, 99.9=1096, 99.99=1648] 
2024-01-13 12:38:42:430 290 sec: 515618 operations; 3817.5 current ops/sec; est completion in 4 minutes [INSERT: Count=1901, Max=102, Min=9, Avg=34.89, 90=74, 99=91, 99.9=101, 99.99=102] [SCAN: Count=36273, Max=1950, Min=11, Avg=271.9, 90=565, 99=854, 99.9=1055, 99.99=1679] 
2024-01-13 12:38:52:430 300 sec: 554594 operations; 3897.6 current ops/sec; est completion in 4 minutes [INSERT: Count=1920, Max=102, Min=8, Avg=34.83, 90=76, 99=94, 99.9=102, 99.99=102] [SCAN: Count=37055, Max=2042, Min=12, Avg=266.11, 90=544, 99=842, 99.9=1036, 99.99=1737] 
2024-01-13 12:39:02:432 310 sec: 595571 operations; 4097.7 current ops/sec; est completion in 3 minutes [INSERT: Count=2098, Max=113, Min=10, Avg=33.63, 90=74, 99=91, 99.9=101, 99.99=113] [SCAN: Count=38881, Max=1986, Min=13, Avg=253.53, 90=510, 99=819, 99.9=1003, 99.99=1631] 
2024-01-13 12:39:12:430 320 sec: 637579 operations; 4200.8 current ops/sec; est completion in 3 minutes [INSERT: Count=2150, Max=117, Min=10, Avg=34.2, 90=75, 99=91, 99.9=100, 99.99=117] [SCAN: Count=39855, Max=3397, Min=15, Avg=247.11, 90=477, 99=809, 99.9=997, 99.99=1734] 
2024-01-13 12:39:22:430 330 sec: 680939 operations; 4336 current ops/sec; est completion in 2 minutes [INSERT: Count=2157, Max=107, Min=10, Avg=34.44, 90=77, 99=95, 99.9=101, 99.99=107] [SCAN: Count=41204, Max=14679, Min=13, Avg=239, 90=427, 99=781, 99.9=937, 99.99=1988] 
2024-01-13 12:39:32:430 340 sec: 725509 operations; 4457 current ops/sec; est completion in 2 minutes [INSERT: Count=2188, Max=103, Min=10, Avg=33.71, 90=74, 99=90, 99.9=96, 99.99=103] [SCAN: Count=42381, Max=1920, Min=11, Avg=232.38, 90=392, 99=772, 99.9=907, 99.99=1699] 
2024-01-13 12:39:42:430 350 sec: 770585 operations; 4507.6 current ops/sec; est completion in 1 minute [INSERT: Count=2262, Max=106, Min=9, Avg=34.04, 90=76, 99=92, 99.9=100, 99.99=106] [SCAN: Count=42815, Max=3255, Min=13, Avg=229.92, 90=381, 99=759, 99.9=930, 99.99=1668] 
2024-01-13 12:39:52:430 360 sec: 817230 operations; 4664.5 current ops/sec; est completion in 1 minute [INSERT: Count=2316, Max=103, Min=10, Avg=33.64, 90=77, 99=95, 99.9=100, 99.99=103] [SCAN: Count=44331, Max=2002, Min=13, Avg=222.03, 90=364, 99=742, 99.9=920, 99.99=1629] 
2024-01-13 12:40:02:430 370 sec: 864543 operations; 4731.3 current ops/sec; est completion in 58 seconds [INSERT: Count=2332, Max=97, Min=10, Avg=33.76, 90=76, 99=91, 99.9=95, 99.99=97] [SCAN: Count=44981, Max=2965, Min=10, Avg=218.77, 90=357, 99=715, 99.9=882, 99.99=1596] 
2024-01-13 12:40:12:430 380 sec: 912688 operations; 4814.5 current ops/sec; est completion in 37 seconds [INSERT: Count=2439, Max=106, Min=10, Avg=34.56, 90=75, 99=91, 99.9=99, 99.99=106] [SCAN: Count=45704, Max=1985, Min=12, Avg=215.16, 90=352, 99=691, 99.9=856, 99.99=1544] 
2024-01-13 12:40:22:430 390 sec: 961416 operations; 4872.8 current ops/sec; est completion in 16 seconds [INSERT: Count=2309, Max=108, Min=9, Avg=34.11, 90=78, 99=95, 99.9=103, 99.99=108] [SCAN: Count=46419, Max=2411, Min=13, Avg=211.96, 90=347, 99=674, 99.9=867, 99.99=1618] 
2024-01-13 12:40:30:294 397 sec: 1000000 operations; 4906.41 current ops/sec; [CLEANUP: Count=1, Max=8187, Min=8184, Avg=8186, 90=8187, 99=8187, 99.9=8187, 99.99=8187] [INSERT: Count=1948, Max=98, Min=10, Avg=34.14, 90=76, 99=92, 99.9=96, 99.99=98] [SCAN: Count=36634, Max=2129, Min=11, Avg=210.81, 90=347, 99=660, 99.9=842, 99.99=1430] 
