[OVERALL], RunTime(ms), 286776
[OVERALL], Throughput(ops/sec), 3487.0421513655256
[TOTAL_GCS_G1_Young_Generation], Count, 3
[TOTAL_GC_TIME_G1_Young_Generation], Time(ms), 22
[TOTAL_GC_TIME_%_G1_Young_Generation], Time(%), 0.007671492733004157
[TOTAL_GCS_G1_Old_Generation], Count, 0
[TOTAL_GC_TIME_G1_Old_Generation], Time(ms), 0
[TOTAL_GC_TIME_%_G1_Old_Generation], Time(%), 0.0
[TOTAL_GCs], Count, 3
[TOTAL_GC_TIME], Time(ms), 22
[TOTAL_GC_TIME_%], Time(%), 0.007671492733004157
[READ], Operations, 1000000
[READ], AverageLatency(us), 163.655348
[READ], MinLatency(us), 4
[READ], MaxLatency(us), 174335
[READ], 95thPercentileLatency(us), 494
[READ], 99thPercentileLatency(us), 886
[READ], Return=OK, 1000000
[CLEANUP], Operations, 1
[CLEANUP], AverageLatency(us), 850176.0
[CLEANUP], MinLatency(us), 849920
[CLEANUP], MaxLatency(us), 850431
[CLEANUP], 95thPercentileLatency(us), 850431
[CLEANUP], 99thPercentileLatency(us), 850431
