[WARN]  Running against a source checkout. In order to get our runtime dependencies we'll have to invoke Maven. Depending on the state of your system, this may take ~30-45 seconds
[DEBUG]  Running 'mvn -pl site.ycsb:rocksdb-binding -am package -DskipTests dependency:build-classpath -DincludeScope=compile -Dmdep.outputFilterFile=true'
java -cp /home/user/src/rocksdb-cheops-2024/ycsb/rocksdb/conf:/home/user/src/rocksdb-cheops-2024/ycsb/rocksdb/target/rocksdb-binding-0.18.0-SNAPSHOT.jar:/root/.m2/repository/org/apache/htrace/htrace-core4/4.1.0-incubating/htrace-core4-4.1.0-incubating.jar:/root/.m2/repository/org/slf4j/slf4j-api/1.7.25/slf4j-api-1.7.25.jar:/home/user/src/rocksdb-cheops-2024/rocksdb-ycsb/java/target/rocksdbjni-7.4.3-linux64.jar:/root/.m2/repository/net/jcip/jcip-annotations/1.0/jcip-annotations-1.0.jar:/root/.m2/repository/org/hdrhistogram/HdrHistogram/2.1.4/HdrHistogram-2.1.4.jar:/root/.m2/repository/org/codehaus/jackson/jackson-mapper-asl/1.9.4/jackson-mapper-asl-1.9.4.jar:/lib/libzbd.so.1:/root/.m2/repository/org/codehaus/jackson/jackson-core-asl/1.9.4/jackson-core-asl-1.9.4.jar:/home/user/src/rocksdb-cheops-2024/rocksdb-ycsb/java/target/librocksdbjni-linux64.so:/home/user/src/rocksdb-cheops-2024/ycsb/core/target/core-0.18.0-SNAPSHOT.jar site.ycsb.Client -db site.ycsb.db.rocksdb.RocksDBClient -s -P ./workloads/workloadb -p recordcount=26214400 -p operationcount=1000000 -p fieldlength=100 -p fieldcount=10 -t
Command line: -db site.ycsb.db.rocksdb.RocksDBClient -s -P ./workloads/workloadb -p recordcount=26214400 -p operationcount=1000000 -p fieldlength=100 -p fieldcount=10 -t
YCSB Client 0.18.0-SNAPSHOT

Loading workload...
Starting test.
SLF4J: Failed to load class "org.slf4j.impl.StaticLoggerBinder".
SLF4J: Defaulting to no-operation (NOP) logger implementation
SLF4J: See http://www.slf4j.org/codes.html#StaticLoggerBinder for further details.
2024-01-13 09:28:54:358 0 sec: 0 operations; est completion in 0 second 
Leet YCSB 
2024-01-13 09:29:04:320 10 sec: 0 operations; est completion in 106751991167300 days 15 hours 
DBWrapper: report latency for each error is false and specific error codes to track for latency are: []
2024-01-13 09:29:14:319 20 sec: 2131 operations; 213.1 current ops/sec; est completion in 2 hours 36 minutes [READ: Count=2040, Max=2483, Min=3, Avg=551.03, 90=986, 99=1423, 99.9=2016, 99.99=2483] [UPDATE: Count=99, Max=4065, Min=72, Avg=754.04, 90=1250, 99=2201, 99.9=4065, 99.99=4065] 
2024-01-13 09:29:24:319 30 sec: 26585 operations; 2445.4 current ops/sec; est completion in 18 minutes [READ: Count=23229, Max=17439, Min=2, Avg=402.6, 90=836, 99=1273, 99.9=1683, 99.99=2129] [UPDATE: Count=1219, Max=1760, Min=16, Avg=452.66, 90=894, 99=1400, 99.9=1624, 99.99=1760] 
2024-01-13 09:29:34:319 40 sec: 56689 operations; 3010.4 current ops/sec; est completion in 11 minutes [READ: Count=28551, Max=2109, Min=2, Avg=327.38, 90=755, 99=1201, 99.9=1571, 99.99=1952] [UPDATE: Count=1554, Max=2001, Min=13, Avg=365.78, 90=772, 99=1283, 99.9=1774, 99.99=2001] 
2024-01-13 09:29:44:319 50 sec: 93573 operations; 3688.4 current ops/sec; est completion in 8 minutes [READ: Count=35151, Max=2633, Min=3, Avg=266.74, 90=658, 99=1081, 99.9=1521, 99.99=1929] [UPDATE: Count=1734, Max=1534, Min=21, Avg=307.32, 90=714, 99=1107, 99.9=1328, 99.99=1534] 
2024-01-13 09:29:54:319 60 sec: 140332 operations; 4675.9 current ops/sec; est completion in 6 minutes [READ: Count=44389, Max=2317, Min=3, Avg=210.11, 90=552, 99=978, 99.9=1395, 99.99=1798] [UPDATE: Count=2366, Max=1484, Min=18, Avg=241.22, 90=578, 99=1056, 99.9=1467, 99.99=1484] 
2024-01-13 09:30:04:319 70 sec: 203402 operations; 6307 current ops/sec; est completion in 4 minutes [READ: Count=60051, Max=6371, Min=3, Avg=155.13, 90=390, 99=807, 99.9=1210, 99.99=1635] [UPDATE: Count=3024, Max=1476, Min=17, Avg=184.18, 90=408, 99=787, 99.9=1178, 99.99=1476] 
2024-01-13 09:30:14:319 80 sec: 235767 operations; 3236.5 current ops/sec; est completion in 4 minutes [READ: Count=30814, Max=172031, Min=3, Avg=307.36, 90=649, 99=1235, 99.9=1849, 99.99=146303] [UPDATE: Count=1548, Max=2397, Min=19, Avg=297.02, 90=709, 99=1249, 99.9=1586, 99.99=2397] 
2024-01-13 09:30:24:320 90 sec: 278764 operations; 4299.7 current ops/sec; est completion in 3 minutes [READ: Count=40802, Max=18287, Min=3, Avg=229.06, 90=624, 99=1178, 99.9=1718, 99.99=2833] [UPDATE: Count=2199, Max=4971, Min=19, Avg=258.99, 90=641, 99=1226, 99.9=1586, 99.99=4971] 
2024-01-13 09:30:34:319 100 sec: 332966 operations; 5420.2 current ops/sec; est completion in 3 minutes [READ: Count=51454, Max=7611, Min=2, Avg=181.06, 90=480, 99=913, 99.9=1364, 99.99=4247] [UPDATE: Count=2754, Max=1739, Min=14, Avg=213.36, 90=532, 99=976, 99.9=1528, 99.99=1739] 
2024-01-13 09:30:44:319 110 sec: 396717 operations; 6375.1 current ops/sec; est completion in 2 minutes [READ: Count=60618, Max=159103, Min=2, Avg=152.38, 90=351, 99=668, 99.9=1036, 99.99=2455] [UPDATE: Count=3138, Max=143999, Min=13, Avg=213.35, 90=371, 99=707, 99.9=1117, 99.99=143999] 
2024-01-13 09:30:54:319 120 sec: 476492 operations; 7977.5 current ops/sec; est completion in 2 minutes [READ: Count=75735, Max=1682, Min=2, Avg=122.88, 90=309, 99=608, 99.9=912, 99.99=1329] [UPDATE: Count=4028, Max=1230, Min=12, Avg=144.55, 90=335, 99=646, 99.9=862, 99.99=1230] 
2024-01-13 09:31:04:319 130 sec: 545168 operations; 6867.6 current ops/sec; est completion in 1 minute [READ: Count=65218, Max=167295, Min=2, Avg=144.27, 90=295, 99=586, 99.9=930, 99.99=134911] [UPDATE: Count=3458, Max=1019, Min=10, Avg=142.67, 90=318, 99=593, 99.9=900, 99.99=1019] 
2024-01-13 09:31:14:319 140 sec: 628238 operations; 8307 current ops/sec; est completion in 1 minute [READ: Count=78925, Max=8695, Min=2, Avg=117.73, 90=273, 99=532, 99.9=851, 99.99=1661] [UPDATE: Count=4144, Max=1669, Min=11, Avg=141.83, 90=305, 99=566, 99.9=743, 99.99=1669] 
2024-01-13 09:31:24:319 150 sec: 700265 operations; 7202.7 current ops/sec; est completion in 1 minute [READ: Count=68406, Max=169727, Min=2, Avg=137.08, 90=292, 99=559, 99.9=866, 99.99=5755] [UPDATE: Count=3625, Max=1095, Min=13, Avg=143.39, 90=318, 99=586, 99.9=813, 99.99=1095] 
2024-01-13 09:31:34:319 160 sec: 753961 operations; 5369.6 current ops/sec; est completion in 53 seconds [READ: Count=51004, Max=3691, Min=2, Avg=183.62, 90=420, 99=718, 99.9=1074, 99.99=2589] [UPDATE: Count=2689, Max=1210, Min=12, Avg=205.91, 90=445, 99=749, 99.9=1093, 99.99=1210] 
2024-01-13 09:31:44:319 170 sec: 821718 operations; 6775.7 current ops/sec; est completion in 37 seconds [READ: Count=64337, Max=3071, Min=2, Avg=144.72, 90=355, 99=655, 99.9=1012, 99.99=1420] [UPDATE: Count=3418, Max=1083, Min=12, Avg=172.37, 90=388, 99=688, 99.9=964, 99.99=1083] 
2024-01-13 09:31:54:319 180 sec: 904986 operations; 8326.8 current ops/sec; est completion in 19 seconds [READ: Count=79034, Max=179839, Min=2, Avg=117.91, 90=253, 99=417, 99.9=722, 99.99=1336] [UPDATE: Count=4236, Max=2621, Min=12, Avg=133.42, 90=280, 99=444, 99.9=717, 99.99=2621] 
2024-01-13 09:32:04:319 190 sec: 1000000 operations; 9501.4 current ops/sec; [READ: Count=90254, Max=551, Min=2, Avg=96.18, 90=200, 99=319, 99.9=431, 99.99=517] [UPDATE: Count=4755, Max=5727, Min=11, Avg=117.53, 90=220, 99=329, 99.9=456, 99.99=5727] 
2024-01-13 09:32:04:625 190 sec: 1000000 operations; 0 current ops/sec; [READ: Count=0, Max=0, Min=9223372036854775807, Avg=NaN, 90=0, 99=0, 99.9=0, 99.99=0] [CLEANUP: Count=1, Max=931327, Min=930816, Avg=931072, 90=931327, 99=931327, 99.9=931327, 99.99=931327] [UPDATE: Count=0, Max=0, Min=9223372036854775807, Avg=NaN, 90=0, 99=0, 99.9=0, 99.99=0] 
