Nameless WALs: Opening character device: /dev/ng0n2
MDTS 524288 
Register channel 0
Register channel 1
Register channel 2
Register channel 3
Register channel 4
Register channel 5
Register channel 6
Register channel 7
Nameless WALs: Opened character device
Booting from modified ZenFS
Last write (recover) 3735928559: 0 0 
Last write (recover) 3735928559: 0 0 
WAL allocated for zones 4 to 7 
Register channel 8
WAL size 0 
Last write (recover) 4: 0 4411392 
Last write (close) 4: 0 0 
Delete once log 
Unegister channel 9
Last write (recover) 3735928559: 0 0 
Last write (recover) 3735928559: 0 0 
WAL allocated for zones 7 to 10 
Register channel 8
WAL size 0 
Last write (recover) 7: 0 4411392 
Last write (close) 7: 0 0 
Delete once log 
Unegister channel 9
Last write (recover) 3735928559: 0 0 
Last write (recover) 3735928559: 0 0 
Last write (recover) 5: 1016655872 3992605 
Last write (recover) 8: 1016672256 3989977 
Last write (recover) 3735928559: 1012682279 0 
Last write (recover) 3735928559: 1012663267 0 
WAL allocated for zones 10 to 13 
Register channel 8
WAL size 1136607232 
Last write (recover) 10: 0 4411392 
Last write (close) 10: 0 0 
Delete once log 
Unegister channel 9
Last write (recover) 3735928559: 0 0 
Last write (recover) 3735928559: 0 0 
WAL allocated for zones 4 to 7 
Register channel 8
WAL size 0 
Last write (recover) 4: 0 4411392 
Last write (close) 4: 0 0 
Delete once log 
Unegister channel 9
Last write (recover) 3735928559: 0 0 
Last write (recover) 3735928559: 0 0 
Last write (recover) 11: 1016664064 3991182 
Last write (recover) 5: 1016659968 3989733 
Last write (recover) 3735928559: 1012670235 0 
Last write (recover) 3735928559: 1012672882 0 
WAL allocated for zones 7 to 10 
Register channel 8
WAL size 0 
Last write (recover) 7: 0 4411392 
Last write (close) 7: 0 0 
Delete once log 
Unegister channel 9
Last write (recover) 3735928559: 0 0 
Last write (recover) 3735928559: 0 0 
WAL allocated for zones 4 to 7 
Register channel 8
WAL size 0 
Last write (recover) 4: 0 4411392 
Last write (close) 4: 0 0 
Delete once log 
Unegister channel 9
Last write (recover) 3735928559: 0 0 
Last write (recover) 3735928559: 0 0 
Last write (recover) 8: 1016659968 3991005 
Last write (recover) 5: 1016647680 3990427 
Last write (recover) 3735928559: 1012657253 0 
Last write (recover) 3735928559: 1012668963 0 
WAL allocated for zones 10 to 13 
Register channel 8
WAL size 1136607232 
Last write (recover) 10: 0 4411392 
Last write (close) 10: 0 0 
Delete once log 
Unegister channel 9
Last write (recover) 3735928559: 0 0 
Last write (recover) 3735928559: 0 0 
WAL allocated for zones 4 to 7 
Register channel 8
WAL size 0 
Last write (recover) 4: 0 4411392 
Last write (close) 4: 0 0 
Delete once log 
Unegister channel 9
Last write (recover) 3735928559: 0 0 
Last write (recover) 3735928559: 0 0 
Last write (recover) 11: 1016672256 3991427 
Last write (recover) 5: 1016659968 3992048 
Last write (recover) 3735928559: 1012667920 0 
Last write (recover) 3735928559: 1012680829 0 
WAL allocated for zones 7 to 10 
Register channel 8
WAL size 0 
Last write (recover) 7: 0 4411392 
Last write (close) 7: 0 0 
Delete once log 
Unegister channel 9
Last write (recover) 3735928559: 0 0 
Last write (recover) 3735928559: 0 0 
WAL allocated for zones 4 to 7 
Register channel 8
WAL size 0 
Last write (recover) 4: 0 4411392 
Last write (close) 4: 0 0 
Delete once log 
Unegister channel 9
Last write (recover) 3735928559: 0 0 
Last write (recover) 3735928559: 0 0 
Last write (recover) 8: 1016659968 3991889 
Last write (recover) 5: 1016659968 3990597 
Last write (recover) 3735928559: 1012669371 0 
Last write (recover) 3735928559: 1012668079 0 
WAL allocated for zones 10 to 13 
Register channel 8
WAL size 1136607232 
Last write (recover) 10: 0 4411392 
Last write (close) 10: 0 0 
Delete once log 
Unegister channel 9
Last write (recover) 3735928559: 0 0 
Last write (recover) 3735928559: 0 0 
WAL allocated for zones 4 to 7 
Register channel 8
WAL size 0 
Last write (recover) 4: 0 4411392 
Last write (close) 4: 0 0 
Delete once log 
Unegister channel 9
La[OVERALL], RunTime(ms), 199881
[OVERALL], Throughput(ops/sec), 5002.976771178852
[TOTAL_GCS_G1_Young_Generation], Count, 7
[TOTAL_GC_TIME_G1_Young_Generation], Time(ms), 47
[TOTAL_GC_TIME_%_G1_Young_Generation], Time(%), 0.0235139908245406
[TOTAL_GCS_G1_Old_Generation], Count, 0
[TOTAL_GC_TIME_G1_Old_Generation], Time(ms), 0
[TOTAL_GC_TIME_%_G1_Old_Generation], Time(%), 0.0
[TOTAL_GCs], Count, 7
[TOTAL_GC_TIME], Time(ms), 47
[TOTAL_GC_TIME_%], Time(%), 0.0235139908245406
[READ], Operations, 501037
[READ], AverageLatency(us), 160.80182301905847
[READ], MinLatency(us), 2
[READ], MaxLatency(us), 168831
[READ], 95thPercentileLatency(us), 542
[READ], 99thPercentileLatency(us), 886
[READ], Return=OK, 501037
[CLEANUP], Operations, 1
[CLEANUP], AverageLatency(us), 38928.0
[CLEANUP], MinLatency(us), 38912
[CLEANUP], MaxLatency(us), 38943
[CLEANUP], 95thPercentileLatency(us), 38943
[CLEANUP], 99thPercentileLatency(us), 38943
[UPDATE], Operations, 498963
[UPDATE], AverageLatency(us), 182.36059788000313
[UPDATE], MinLatency(us), 10
[UPDATE], MaxLatency(us), 182783
[UPDATE], 95thPercentileLatency(us), 566
[UPDATE], 99thPercentileLatency(us), 917
[UPDATE], Return=OK, 498963
