[OVERALL], RunTime(ms), 388441
[OVERALL], Throughput(ops/sec), 67486.18194268885
[TOTAL_GCS_G1_Young_Generation], Count, 219
[TOTAL_GC_TIME_G1_Young_Generation], Time(ms), 445
[TOTAL_GC_TIME_%_G1_Young_Generation], Time(%), 0.11456051240728965
[TOTAL_GCS_G1_Old_Generation], Count, 0
[TOTAL_GC_TIME_G1_Old_Generation], Time(ms), 0
[TOTAL_GC_TIME_%_G1_Old_Generation], Time(%), 0.0
[TOTAL_GCs], Count, 219
[TOTAL_GC_TIME], Time(ms), 445
[TOTAL_GC_TIME_%], Time(%), 0.11456051240728965
[CLEANUP], Operations, 1
[CLEANUP], AverageLatency(us), 105824.0
[CLEANUP], MinLatency(us), 105792
[CLEANUP], MaxLatency(us), 105855
[CLEANUP], 95thPercentileLatency(us), 105855
[CLEANUP], 99thPercentileLatency(us), 105855
[INSERT], Operations, 26214400
[INSERT], AverageLatency(us), 13.19730052947998
[INSERT], MinLatency(us), 6
[INSERT], MaxLatency(us), 33311
[INSERT], 95thPercentileLatency(us), 19
[INSERT], 99thPercentileLatency(us), 24
[INSERT], Return=OK, 26214400
