[OVERALL], RunTime(ms), 631363
[OVERALL], Throughput(ops/sec), 41520.329826106376
[TOTAL_GCS_G1_Young_Generation], Count, 219
[TOTAL_GC_TIME_G1_Young_Generation], Time(ms), 603
[TOTAL_GC_TIME_%_G1_Young_Generation], Time(%), 0.09550765565926417
[TOTAL_GCS_G1_Old_Generation], Count, 0
[TOTAL_GC_TIME_G1_Old_Generation], Time(ms), 0
[TOTAL_GC_TIME_%_G1_Old_Generation], Time(%), 0.0
[TOTAL_GCs], Count, 219
[TOTAL_GC_TIME], Time(ms), 603
[TOTAL_GC_TIME_%], Time(%), 0.09550765565926417
[CLEANUP], Operations, 1
[CLEANUP], AverageLatency(us), 124896.0
[CLEANUP], MinLatency(us), 124864
[CLEANUP], MaxLatency(us), 124927
[CLEANUP], 95thPercentileLatency(us), 124927
[CLEANUP], 99thPercentileLatency(us), 124927
[INSERT], Operations, 26214400
[INSERT], AverageLatency(us), 22.388257942199708
[INSERT], MinLatency(us), 6
[INSERT], MaxLatency(us), 58239
[INSERT], 95thPercentileLatency(us), 47
[INSERT], 99thPercentileLatency(us), 62
[INSERT], Return=OK, 26214400
