[OVERALL], RunTime(ms), 430878
[OVERALL], Throughput(ops/sec), 60839.495170326634
[TOTAL_GCS_G1_Young_Generation], Count, 219
[TOTAL_GC_TIME_G1_Young_Generation], Time(ms), 327
[TOTAL_GC_TIME_%_G1_Young_Generation], Time(%), 0.07589155166891788
[TOTAL_GCS_G1_Old_Generation], Count, 0
[TOTAL_GC_TIME_G1_Old_Generation], Time(ms), 0
[TOTAL_GC_TIME_%_G1_Old_Generation], Time(%), 0.0
[TOTAL_GCs], Count, 219
[TOTAL_GC_TIME], Time(ms), 327
[TOTAL_GC_TIME_%], Time(%), 0.07589155166891788
[CLEANUP], Operations, 1
[CLEANUP], AverageLatency(us), 111968.0
[CLEANUP], MinLatency(us), 111936
[CLEANUP], MaxLatency(us), 111999
[CLEANUP], 95thPercentileLatency(us), 111999
[CLEANUP], 99thPercentileLatency(us), 111999
[INSERT], Operations, 26214400
[INSERT], AverageLatency(us), 14.752500839233399
[INSERT], MinLatency(us), 6
[INSERT], MaxLatency(us), 78015
[INSERT], 95thPercentileLatency(us), 21
[INSERT], 99thPercentileLatency(us), 27
[INSERT], Return=OK, 26214400
