[OVERALL], RunTime(ms), 452838
[OVERALL], Throughput(ops/sec), 2208.2952402404394
[TOTAL_GCS_G1_Young_Generation], Count, 131
[TOTAL_GC_TIME_G1_Young_Generation], Time(ms), 256
[TOTAL_GC_TIME_%_G1_Young_Generation], Time(%), 0.05653235815015525
[TOTAL_GCS_G1_Old_Generation], Count, 0
[TOTAL_GC_TIME_G1_Old_Generation], Time(ms), 0
[TOTAL_GC_TIME_%_G1_Old_Generation], Time(%), 0.0
[TOTAL_GCs], Count, 131
[TOTAL_GC_TIME], Time(ms), 256
[TOTAL_GC_TIME_%], Time(%), 0.05653235815015525
[CLEANUP], Operations, 1
[CLEANUP], AverageLatency(us), 7578.0
[CLEANUP], MinLatency(us), 7576
[CLEANUP], MaxLatency(us), 7579
[CLEANUP], 95thPercentileLatency(us), 7579
[CLEANUP], 99thPercentileLatency(us), 7579
[INSERT], Operations, 49844
[INSERT], AverageLatency(us), 44.00052162747773
[INSERT], MinLatency(us), 8
[INSERT], MaxLatency(us), 3793
[INSERT], 95thPercentileLatency(us), 90
[INSERT], 99thPercentileLatency(us), 110
[INSERT], Return=OK, 49844
[SCAN], Operations, 950156
[SCAN], AverageLatency(us), 356.1725590324115
[SCAN], MinLatency(us), 9
[SCAN], MaxLatency(us), 2199551
[SCAN], 95thPercentileLatency(us), 1040
[SCAN], 99thPercentileLatency(us), 1835
[SCAN], Return=OK, 950156
