[WARN]  Running against a source checkout. In order to get our runtime dependencies we'll have to invoke Maven. Depending on the state of your system, this may take ~30-45 seconds
[DEBUG]  Running 'mvn -pl site.ycsb:rocksdb-binding -am package -DskipTests dependency:build-classpath -DincludeScope=compile -Dmdep.outputFilterFile=true'
java -cp /home/user/src/rocksdb-cheops-2024/ycsb/rocksdb/conf:/home/user/src/rocksdb-cheops-2024/ycsb/rocksdb/target/rocksdb-binding-0.18.0-SNAPSHOT.jar:/root/.m2/repository/org/apache/htrace/htrace-core4/4.1.0-incubating/htrace-core4-4.1.0-incubating.jar:/root/.m2/repository/org/slf4j/slf4j-api/1.7.25/slf4j-api-1.7.25.jar:/home/user/src/rocksdb-cheops-2024/rocksdb-ycsb/java/target/rocksdbjni-7.4.3-linux64.jar:/root/.m2/repository/net/jcip/jcip-annotations/1.0/jcip-annotations-1.0.jar:/root/.m2/repository/org/hdrhistogram/HdrHistogram/2.1.4/HdrHistogram-2.1.4.jar:/root/.m2/repository/org/codehaus/jackson/jackson-mapper-asl/1.9.4/jackson-mapper-asl-1.9.4.jar:/lib/libzbd.so.1:/root/.m2/repository/org/codehaus/jackson/jackson-core-asl/1.9.4/jackson-core-asl-1.9.4.jar:/home/user/src/rocksdb-cheops-2024/rocksdb-ycsb/java/target/librocksdbjni-linux64.so:/home/user/src/rocksdb-cheops-2024/ycsb/core/target/core-0.18.0-SNAPSHOT.jar site.ycsb.Client -db site.ycsb.db.rocksdb.RocksDBClient -s -P ./workloads/workloada -p recordcount=26214400 -p operationcount=1000000 -p fieldlength=100 -p fieldcount=10 -t
Command line: -db site.ycsb.db.rocksdb.RocksDBClient -s -P ./workloads/workloada -p recordcount=26214400 -p operationcount=1000000 -p fieldlength=100 -p fieldcount=10 -t
YCSB Client 0.18.0-SNAPSHOT

Loading workload...
Starting test.
SLF4J: Failed to load class "org.slf4j.impl.StaticLoggerBinder".
SLF4J: Defaulting to no-operation (NOP) logger implementation
SLF4J: See http://www.slf4j.org/codes.html#StaticLoggerBinder for further details.
2024-01-12 00:52:29:141 0 sec: 0 operations; est completion in 0 second 
Leet YCSB 
2024-01-12 00:52:39:105 10 sec: 0 operations; est completion in 106751991167300 days 15 hours 
2024-01-12 00:52:49:104 20 sec: 0 operations; est completion in 106751991167300 days 15 hours 
2024-01-12 00:52:59:104 30 sec: 0 operations; est completion in 106751991167300 days 15 hours 
2024-01-12 00:53:09:104 40 sec: 0 operations; est completion in 106751991167300 days 15 hours 
2024-01-12 00:53:19:104 50 sec: 0 operations; est completion in 106751991167300 days 15 hours 
2024-01-12 00:53:29:104 60 sec: 0 operations; est completion in 106751991167300 days 15 hours 
DBWrapper: report latency for each error is false and specific error codes to track for latency are: []
2024-01-12 00:53:39:104 70 sec: 7312 operations; 731.2 current ops/sec; est completion in 2 hours 38 minutes [READ: Count=3699, Max=4375, Min=3, Avg=948.41, 90=2591, 99=3397, 99.9=3701, 99.99=4375] [UPDATE: Count=3623, Max=5315, Min=18, Avg=947.81, 90=2569, 99=3347, 99.9=3689, 99.99=5315] 
2024-01-12 00:53:49:105 80 sec: 20316 operations; 1300.4 current ops/sec; est completion in 1 hour 4 minutes [READ: Count=6498, Max=3823, Min=3, Avg=743.66, 90=2157, 99=3307, 99.9=3597, 99.99=3707] [UPDATE: Count=6498, Max=12615, Min=11, Avg=785.08, 90=2193, 99=3361, 99.9=3835, 99.99=4045] 
2024-01-12 00:53:59:105 90 sec: 36216 operations; 1590 current ops/sec; est completion in 39 minutes [READ: Count=8047, Max=4359, Min=3, Avg=603.89, 90=1464, 99=3241, 99.9=3531, 99.99=3967] [UPDATE: Count=7854, Max=4359, Min=11, Avg=646.43, 90=1594, 99=3275, 99.9=3701, 99.99=3841] 
2024-01-12 00:54:09:104 100 sec: 55263 operations; 1904.7 current ops/sec; est completion in 28 minutes [READ: Count=9543, Max=3665, Min=3, Avg=506.14, 90=1331, 99=3121, 99.9=3479, 99.99=3593] [UPDATE: Count=9503, Max=3793, Min=16, Avg=536.74, 90=1371, 99=3115, 99.9=3511, 99.99=3783] 
2024-01-12 00:54:19:104 110 sec: 77748 operations; 2248.5 current ops/sec; est completion in 21 minutes [READ: Count=11198, Max=4351, Min=3, Avg=429.56, 90=1132, 99=2939, 99.9=3373, 99.99=3611] [UPDATE: Count=11290, Max=4407, Min=16, Avg=454.22, 90=1182, 99=2949, 99.9=3433, 99.99=3667] 
2024-01-12 00:54:29:105 120 sec: 108216 operations; 3046.8 current ops/sec; est completion in 16 minutes [READ: Count=15222, Max=9023, Min=3, Avg=315.23, 90=858, 99=2459, 99.9=3355, 99.99=4591] [UPDATE: Count=15255, Max=5003, Min=15, Avg=335.92, 90=889, 99=2277, 99.9=3301, 99.99=4183] 
2024-01-12 00:54:39:105 130 sec: 139564 operations; 3134.8 current ops/sec; est completion in 13 minutes [READ: Count=15765, Max=3519, Min=3, Avg=305.09, 90=791, 99=2747, 99.9=3331, 99.99=3491] [UPDATE: Count=15569, Max=6783, Min=15, Avg=328.49, 90=809, 99=2775, 99.9=3333, 99.99=4663] 
2024-01-12 00:54:49:104 140 sec: 168204 operations; 2864 current ops/sec; est completion in 11 minutes [READ: Count=14316, Max=3589, Min=2, Avg=337.11, 90=827, 99=2849, 99.9=3349, 99.99=3579] [UPDATE: Count=14327, Max=8039, Min=11, Avg=356.7, 90=852, 99=2899, 99.9=3319, 99.99=3663] 
2024-01-12 00:54:59:104 150 sec: 199085 operations; 3088.1 current ops/sec; est completion in 10 minutes [READ: Count=15414, Max=3899, Min=2, Avg=311.78, 90=815, 99=2751, 99.9=3253, 99.99=3485] [UPDATE: Count=15467, Max=3679, Min=10, Avg=331.64, 90=843, 99=2767, 99.9=3311, 99.99=3623] 
2024-01-12 00:55:09:104 160 sec: 232087 operations; 3300.2 current ops/sec; est completion in 8 minutes [READ: Count=16505, Max=3417, Min=3, Avg=291.64, 90=766, 99=2673, 99.9=3125, 99.99=3359] [UPDATE: Count=16498, Max=3493, Min=10, Avg=310.39, 90=791, 99=2607, 99.9=3083, 99.99=3411] 
2024-01-12 00:55:19:104 170 sec: 268391 operations; 3630.4 current ops/sec; est completion in 7 minutes [READ: Count=18217, Max=3147, Min=2, Avg=260.47, 90=623, 99=2539, 99.9=2927, 99.99=3055] [UPDATE: Count=18091, Max=5151, Min=10, Avg=286.22, 90=643, 99=2613, 99.9=2991, 99.99=3279] 
2024-01-12 00:55:29:104 180 sec: 309395 operations; 4100.4 current ops/sec; est completion in 6 minutes [READ: Count=20647, Max=3503, Min=2, Avg=233.13, 90=583, 99=2405, 99.9=3077, 99.99=3401] [UPDATE: Count=20358, Max=3677, Min=10, Avg=250.81, 90=602, 99=2381, 99.9=3117, 99.99=3391] 
2024-01-12 00:55:39:104 190 sec: 345382 operations; 3598.7 current ops/sec; est completion in 6 minutes [READ: Count=17773, Max=3491, Min=3, Avg=262.72, 90=626, 99=2547, 99.9=3163, 99.99=3423] [UPDATE: Count=18208, Max=4679, Min=10, Avg=288.83, 90=661, 99=2637, 99.9=3159, 99.99=3509] 
2024-01-12 00:55:49:104 200 sec: 382417 operations; 3703.5 current ops/sec; est completion in 5 minutes [READ: Count=18472, Max=3497, Min=3, Avg=253.6, 90=586, 99=2461, 99.9=2987, 99.99=3191] [UPDATE: Count=18566, Max=4415, Min=10, Avg=282.35, 90=623, 99=2565, 99.9=3083, 99.99=3359] 
2024-01-12 00:55:59:104 210 sec: 420475 operations; 3805.8 current ops/sec; est completion in 4 minutes [READ: Count=18984, Max=4627, Min=3, Avg=254.7, 90=557, 99=2441, 99.9=2775, 99.99=3073] [UPDATE: Count=19079, Max=6727, Min=10, Avg=266.73, 90=555, 99=2473, 99.9=2857, 99.99=3525] 
2024-01-12 00:56:09:104 220 sec: 468309 operations; 4783.4 current ops/sec; est completion in 4 minutes [READ: Count=24204, Max=3043, Min=2, Avg=194.35, 90=454, 99=2275, 99.9=2655, 99.99=2869] [UPDATE: Count=23626, Max=5435, Min=10, Avg=220.33, 90=480, 99=2329, 99.9=2743, 99.99=3329] 
2024-01-12 00:56:19:104 230 sec: 516568 operations; 4825.9 current ops/sec; est completion in 3 minutes [READ: Count=24135, Max=3219, Min=2, Avg=193.23, 90=456, 99=2237, 99.9=2903, 99.99=3193] [UPDATE: Count=24121, Max=3381, Min=9, Avg=217.47, 90=489, 99=2273, 99.9=2945, 99.99=3227] 
2024-01-12 00:56:29:104 240 sec: 559761 operations; 4319.3 current ops/sec; est completion in 3 minutes [READ: Count=21530, Max=3305, Min=2, Avg=219.95, 90=492, 99=2349, 99.9=2889, 99.99=3207] [UPDATE: Count=21660, Max=3471, Min=9, Avg=239.14, 90=522, 99=2381, 99.9=2963, 99.99=3325] 
2024-01-12 00:56:39:104 250 sec: 605262 operations; 4550.1 current ops/sec; est completion in 2 minutes [READ: Count=22653, Max=3169, Min=2, Avg=206.33, 90=481, 99=2261, 99.9=2893, 99.99=3081] [UPDATE: Count=22847, Max=3267, Min=10, Avg=229.15, 90=512, 99=2267, 99.9=2941, 99.99=3151] 
2024-01-12 00:56:49:104 260 sec: 653405 operations; 4814.3 current ops/sec; est completion in 2 minutes [READ: Count=24197, Max=3223, Min=2, Avg=194.64, 90=478, 99=1885, 99.9=2781, 99.99=3083] [UPDATE: Count=23953, Max=5127, Min=10, Avg=217.16, 90=502, 99=1896, 99.9=2757, 99.99=3135] 
2024-01-12 00:56:59:104 270 sec: 703562 operations; 5015.7 current ops/sec; est completion in 1 minute [READ: Count=25119, Max=3113, Min=2, Avg=190.22, 90=469, 99=1610, 99.9=2775, 99.99=2995] [UPDATE: Count=25039, Max=3041, Min=10, Avg=204.78, 90=465, 99=1596, 99.9=2723, 99.99=2979] 
2024-01-12 00:57:09:104 280 sec: 764133 operations; 6057.1 current ops/sec; est completion in 1 minute [READ: Count=30172, Max=3237, Min=2, Avg=155.07, 90=374, 99=1911, 99.9=2721, 99.99=3005] [UPDATE: Count=30396, Max=3109, Min=9, Avg=171.46, 90=401, 99=1861, 99.9=2699, 99.99=2909] 
2024-01-12 00:57:19:104 290 sec: 815008 operations; 5087.5 current ops/sec; est completion in 1 minute [READ: Count=25405, Max=3483, Min=2, Avg=184.74, 90=408, 99=2109, 99.9=2751, 99.99=3107] [UPDATE: Count=25466, Max=5379, Min=10, Avg=204.69, 90=439, 99=2117, 99.9=2769, 99.99=3017] 
2024-01-12 00:57:29:104 300 sec: 866801 operations; 5179.3 current ops/sec; est completion in 47 seconds [READ: Count=26143, Max=8927, Min=2, Avg=179.48, 90=414, 99=1580, 99.9=2751, 99.99=3133] [UPDATE: Count=25657, Max=11639, Min=10, Avg=202.98, 90=441, 99=1662, 99.9=2825, 99.99=5411] 
2024-01-12 00:57:39:104 310 sec: 921710 operations; 5490.9 current ops/sec; est completion in 27 seconds [READ: Count=27497, Max=6579, Min=2, Avg=167.17, 90=388, 99=1684, 99.9=2693, 99.99=4799] [UPDATE: Count=27414, Max=16543, Min=10, Avg=193.37, 90=421, 99=1746, 99.9=2745, 99.99=5463] 
2024-01-12 00:57:49:104 320 sec: 977113 operations; 5540.3 current ops/sec; est completion in 8 second [READ: Count=27665, Max=5335, Min=2, Avg=166.56, 90=371, 99=2163, 99.9=2435, 99.99=2883] [UPDATE: Count=27736, Max=6047, Min=10, Avg=190.92, 90=398, 99=2205, 99.9=2491, 99.99=4227] 
2024-01-12 00:57:52:573 323 sec: 1000000 operations; 6597.58 current ops/sec; [READ: Count=11519, Max=2895, Min=2, Avg=106.51, 90=328, 99=547, 99.9=2225, 99.99=2555] [CLEANUP: Count=1, Max=782847, Min=782336, Avg=782592, 90=782847, 99=782847, 99.9=782847, 99.99=782847] [UPDATE: Count=11360, Max=4195, Min=10, Avg=124.86, 90=351, 99=576, 99.9=2213, 99.99=2913] 
