[OVERALL], RunTime(ms), 439381
[OVERALL], Throughput(ops/sec), 59662.11556712739
[TOTAL_GCS_G1_Young_Generation], Count, 219
[TOTAL_GC_TIME_G1_Young_Generation], Time(ms), 385
[TOTAL_GC_TIME_%_G1_Young_Generation], Time(%), 0.0876232700093996
[TOTAL_GCS_G1_Old_Generation], Count, 0
[TOTAL_GC_TIME_G1_Old_Generation], Time(ms), 0
[TOTAL_GC_TIME_%_G1_Old_Generation], Time(%), 0.0
[TOTAL_GCs], Count, 219
[TOTAL_GC_TIME], Time(ms), 385
[TOTAL_GC_TIME_%], Time(%), 0.0876232700093996
[CLEANUP], Operations, 1
[CLEANUP], AverageLatency(us), 4233216.0
[CLEANUP], MinLatency(us), 4231168
[CLEANUP], MaxLatency(us), 4235263
[CLEANUP], 95thPercentileLatency(us), 4235263
[CLEANUP], 99thPercentileLatency(us), 4235263
[INSERT], Operations, 26214400
[INSERT], AverageLatency(us), 14.961497764587403
[INSERT], MinLatency(us), 6
[INSERT], MaxLatency(us), 16167
[INSERT], 95thPercentileLatency(us), 31
[INSERT], 99thPercentileLatency(us), 38
[INSERT], Return=OK, 26214400
