[WARN]  Running against a source checkout. In order to get our runtime dependencies we'll have to invoke Maven. Depending on the state of your system, this may take ~30-45 seconds
[DEBUG]  Running 'mvn -pl site.ycsb:rocksdb-binding -am package -DskipTests dependency:build-classpath -DincludeScope=compile -Dmdep.outputFilterFile=true'
java -cp /home/user/src/rocksdb-cheops-2024/ycsb/rocksdb/conf:/home/user/src/rocksdb-cheops-2024/ycsb/rocksdb/target/rocksdb-binding-0.18.0-SNAPSHOT.jar:/root/.m2/repository/org/apache/htrace/htrace-core4/4.1.0-incubating/htrace-core4-4.1.0-incubating.jar:/root/.m2/repository/org/slf4j/slf4j-api/1.7.25/slf4j-api-1.7.25.jar:/home/user/src/rocksdb-cheops-2024/rocksdb-ycsb/java/target/rocksdbjni-7.4.3-linux64.jar:/root/.m2/repository/net/jcip/jcip-annotations/1.0/jcip-annotations-1.0.jar:/root/.m2/repository/org/hdrhistogram/HdrHistogram/2.1.4/HdrHistogram-2.1.4.jar:/root/.m2/repository/org/codehaus/jackson/jackson-mapper-asl/1.9.4/jackson-mapper-asl-1.9.4.jar:/lib/libzbd.so.1:/root/.m2/repository/org/codehaus/jackson/jackson-core-asl/1.9.4/jackson-core-asl-1.9.4.jar:/home/user/src/rocksdb-cheops-2024/rocksdb-ycsb/java/target/librocksdbjni-linux64.so:/home/user/src/rocksdb-cheops-2024/ycsb/core/target/core-0.18.0-SNAPSHOT.jar site.ycsb.Client -db site.ycsb.db.rocksdb.RocksDBClient -s -P ./workloads/workloadb -p recordcount=26214400 -p operationcount=1000000 -p fieldlength=100 -p fieldcount=10 -t
Command line: -db site.ycsb.db.rocksdb.RocksDBClient -s -P ./workloads/workloadb -p recordcount=26214400 -p operationcount=1000000 -p fieldlength=100 -p fieldcount=10 -t
YCSB Client 0.18.0-SNAPSHOT

Loading workload...
Starting test.
SLF4J: Failed to load class "org.slf4j.impl.StaticLoggerBinder".
SLF4J: Defaulting to no-operation (NOP) logger implementation
SLF4J: See http://www.slf4j.org/codes.html#StaticLoggerBinder for further details.
2024-01-12 01:05:32:148 0 sec: 0 operations; est completion in 0 second 
Leet YCSB 
2024-01-12 01:05:42:115 10 sec: 0 operations; est completion in 106751991167300 days 15 hours 
2024-01-12 01:05:52:113 20 sec: 0 operations; est completion in 106751991167300 days 15 hours 
2024-01-12 01:06:02:110 30 sec: 0 operations; est completion in 106751991167300 days 15 hours 
2024-01-12 01:06:12:115 40 sec: 0 operations; est completion in 106751991167300 days 15 hours 
2024-01-12 01:06:22:110 50 sec: 0 operations; est completion in 106751991167300 days 15 hours 
2024-01-12 01:06:32:110 60 sec: 0 operations; est completion in 106751991167300 days 15 hours 
DBWrapper: report latency for each error is false and specific error codes to track for latency are: []
2024-01-12 01:06:42:110 70 sec: 3877 operations; 387.7 current ops/sec; est completion in 4 hours 59 minutes [READ: Count=3695, Max=4431, Min=3, Avg=979.58, 90=2607, 99=3257, 99.9=3585, 99.99=4431] [UPDATE: Count=184, Max=3413, Min=40, Avg=1130.35, 90=2817, 99=3375, 99.9=3413, 99.99=3413] 
2024-01-12 01:06:52:110 80 sec: 16668 operations; 1279.1 current ops/sec; est completion in 1 hour 18 minutes [READ: Count=12141, Max=4063, Min=3, Avg=772.73, 90=2199, 99=3189, 99.9=3577, 99.99=3957] [UPDATE: Count=651, Max=4215, Min=22, Avg=842.55, 90=2131, 99=3117, 99.9=3433, 99.99=4215] 
2024-01-12 01:07:02:110 90 sec: 32508 operations; 1584 current ops/sec; est completion in 44 minutes [READ: Count=15070, Max=3979, Min=2, Avg=624.7, 90=1553, 99=3067, 99.9=3489, 99.99=3715] [UPDATE: Count=769, Max=4383, Min=18, Avg=674.37, 90=1846, 99=3187, 99.9=3447, 99.99=4383] 
2024-01-12 01:07:12:110 100 sec: 51127 operations; 1861.9 current ops/sec; est completion in 30 minutes [READ: Count=17639, Max=4759, Min=2, Avg=533.09, 90=1222, 99=2981, 99.9=3463, 99.99=4069] [UPDATE: Count=978, Max=3371, Min=15, Avg=542.91, 90=1195, 99=2973, 99.9=3237, 99.99=3371] 
2024-01-12 01:07:22:110 110 sec: 73524 operations; 2239.7 current ops/sec; est completion in 23 minutes [READ: Count=21275, Max=4131, Min=2, Avg=442.68, 90=1050, 99=2877, 99.9=3335, 99.99=3813] [UPDATE: Count=1124, Max=3429, Min=19, Avg=461.25, 90=1053, 99=2845, 99.9=3197, 99.99=3429] 
2024-01-12 01:07:32:110 120 sec: 100422 operations; 2689.8 current ops/sec; est completion in 17 minutes [READ: Count=25509, Max=4239, Min=3, Avg=366.66, 90=919, 99=2809, 99.9=3331, 99.99=3773] [UPDATE: Count=1390, Max=3193, Min=20, Avg=418.69, 90=960, 99=2837, 99.9=3189, 99.99=3193] 
2024-01-12 01:07:42:110 130 sec: 137436 operations; 3701.4 current ops/sec; est completion in 13 minutes [READ: Count=35174, Max=9055, Min=3, Avg=266.44, 90=698, 99=2399, 99.9=3163, 99.99=7255] [UPDATE: Count=1840, Max=5183, Min=17, Avg=297.73, 90=732, 99=2331, 99.9=3459, 99.99=5183] 
2024-01-12 01:07:52:110 140 sec: 166820 operations; 2938.4 current ops/sec; est completion in 11 minutes [READ: Count=27917, Max=6863, Min=3, Avg=337.07, 90=822, 99=2753, 99.9=3591, 99.99=5331] [UPDATE: Count=1464, Max=3715, Min=19, Avg=359.2, 90=835, 99=2853, 99.9=3313, 99.99=3715] 
2024-01-12 01:08:02:110 150 sec: 198303 operations; 3148.3 current ops/sec; est completion in 10 minutes [READ: Count=29928, Max=5363, Min=3, Avg=313.43, 90=769, 99=2653, 99.9=3197, 99.99=5163] [UPDATE: Count=1561, Max=3205, Min=19, Avg=355.31, 90=777, 99=2759, 99.9=3117, 99.99=3205] 
2024-01-12 01:08:12:110 160 sec: 232197 operations; 3389.4 current ops/sec; est completion in 8 minutes [READ: Count=32255, Max=5027, Min=3, Avg=290.69, 90=703, 99=2567, 99.9=3089, 99.99=4607] [UPDATE: Count=1634, Max=3777, Min=20, Avg=338.77, 90=755, 99=2697, 99.9=3057, 99.99=3777] 
2024-01-12 01:08:22:110 170 sec: 267660 operations; 3546.3 current ops/sec; est completion in 7 minutes [READ: Count=33687, Max=4943, Min=3, Avg=277.61, 90=671, 99=2533, 99.9=3019, 99.99=4111] [UPDATE: Count=1776, Max=3913, Min=19, Avg=323.85, 90=726, 99=2569, 99.9=2901, 99.99=3913] 
2024-01-12 01:08:32:110 180 sec: 314818 operations; 4715.8 current ops/sec; est completion in 6 minutes [READ: Count=44748, Max=4971, Min=3, Avg=208.66, 90=511, 99=1984, 99.9=2783, 99.99=3415] [UPDATE: Count=2410, Max=4791, Min=18, Avg=237.77, 90=529, 99=1984, 99.9=2807, 99.99=4791] 
2024-01-12 01:08:42:110 190 sec: 354194 operations; 3937.6 current ops/sec; est completion in 5 minutes [READ: Count=37467, Max=6603, Min=2, Avg=250.75, 90=586, 99=2395, 99.9=2921, 99.99=4359] [UPDATE: Count=1910, Max=4275, Min=12, Avg=280.75, 90=593, 99=2385, 99.9=3015, 99.99=4275] 
2024-01-12 01:08:52:110 200 sec: 395302 operations; 4110.8 current ops/sec; est completion in 5 minutes [READ: Count=39093, Max=5239, Min=2, Avg=239.41, 90=552, 99=2335, 99.9=2901, 99.99=4619] [UPDATE: Count=2021, Max=4943, Min=11, Avg=282.5, 90=617, 99=2381, 99.9=4355, 99.99=4943] 
2024-01-12 01:09:02:110 210 sec: 437996 operations; 4269.4 current ops/sec; est completion in 4 minutes [READ: Count=40486, Max=5471, Min=2, Avg=230.87, 90=517, 99=2299, 99.9=2891, 99.99=3771] [UPDATE: Count=2200, Max=3093, Min=13, Avg=263.21, 90=550, 99=2387, 99.9=2861, 99.99=3093] 
2024-01-12 01:09:12:110 220 sec: 483235 operations; 4523.9 current ops/sec; est completion in 3 minutes [READ: Count=42998, Max=4347, Min=2, Avg=217.73, 90=486, 99=2259, 99.9=2863, 99.99=3527] [UPDATE: Count=2241, Max=2907, Min=13, Avg=250.51, 90=541, 99=2217, 99.9=2785, 99.99=2907] 
2024-01-12 01:09:22:110 230 sec: 544940 operations; 6170.5 current ops/sec; est completion in 3 minutes [READ: Count=58595, Max=4959, Min=2, Avg=159.06, 90=371, 99=1708, 99.9=2595, 99.99=4131] [UPDATE: Count=3110, Max=2633, Min=12, Avg=186.57, 90=398, 99=1768, 99.9=2489, 99.99=2633] 
2024-01-12 01:09:32:110 240 sec: 591522 operations; 4658.2 current ops/sec; est completion in 2 minutes [READ: Count=44239, Max=5055, Min=2, Avg=211.33, 90=473, 99=2195, 99.9=2799, 99.99=3913] [UPDATE: Count=2349, Max=3971, Min=13, Avg=243.19, 90=501, 99=2263, 99.9=3003, 99.99=3971] 
2024-01-12 01:09:42:110 250 sec: 641789 operations; 5026.7 current ops/sec; est completion in 2 minutes [READ: Count=47673, Max=5839, Min=2, Avg=195.3, 90=448, 99=2141, 99.9=2717, 99.99=3485] [UPDATE: Count=2588, Max=4045, Min=14, Avg=234.15, 90=490, 99=2103, 99.9=2587, 99.99=4045] 
2024-01-12 01:09:52:110 260 sec: 692726 operations; 5093.7 current ops/sec; est completion in 1 minute [READ: Count=48422, Max=6027, Min=2, Avg=193.56, 90=421, 99=2115, 99.9=2699, 99.99=3721] [UPDATE: Count=2515, Max=5159, Min=12, Avg=215.73, 90=433, 99=2207, 99.9=2619, 99.99=5159] 
2024-01-12 01:10:02:110 270 sec: 747262 operations; 5453.6 current ops/sec; est completion in 1 minute [READ: Count=51906, Max=4891, Min=2, Avg=180.45, 90=384, 99=1955, 99.9=2559, 99.99=3535] [UPDATE: Count=2632, Max=4659, Min=13, Avg=206.96, 90=428, 99=1891, 99.9=2751, 99.99=4659] 
2024-01-12 01:10:12:131 280 sec: 819005 operations; 7170 current ops/sec; est completion in 1 minute [READ: Count=68201, Max=4743, Min=2, Avg=136.63, 90=348, 99=1308, 99.9=2327, 99.99=2815] [UPDATE: Count=3626, Max=2975, Min=11, Avg=167.24, 90=379, 99=1399, 99.9=2389, 99.99=2975] 
2024-01-12 01:10:22:117 290 sec: 873270 operations; 5429.21 current ops/sec; est completion in 43 seconds [READ: Count=51522, Max=4147, Min=2, Avg=181.68, 90=388, 99=1980, 99.9=2613, 99.99=3361] [UPDATE: Count=2662, Max=2425, Min=12, Avg=197.29, 90=412, 99=1817, 99.9=2347, 99.99=2425] 
2024-01-12 01:10:32:113 300 sec: 930839 operations; 5756.9 current ops/sec; est completion in 23 seconds [READ: Count=54683, Max=12719, Min=2, Avg=170.3, 90=379, 99=1861, 99.9=2469, 99.99=3003] [UPDATE: Count=2886, Max=3029, Min=13, Avg=205.35, 90=410, 99=1970, 99.9=2443, 99.99=3029] 
2024-01-12 01:10:42:110 310 sec: 991119 operations; 6028.6 current ops/sec; est completion in 3 second [READ: Count=57257, Max=3199, Min=2, Avg=162.52, 90=368, 99=1811, 99.9=2401, 99.99=2869] [UPDATE: Count=3021, Max=2775, Min=13, Avg=194.38, 90=400, 99=1840, 99.9=2459, 99.99=2775] 
2024-01-12 01:10:43:590 311 sec: 1000000 operations; 6000.68 current ops/sec; [READ: Count=8450, Max=2905, Min=2, Avg=159.38, 90=365, 99=1748, 99.9=2503, 99.99=2841] [CLEANUP: Count=1, Max=31455, Min=31440, Avg=31448, 90=31455, 99=31455, 99.9=31455, 99.99=31455] [UPDATE: Count=428, Max=2937, Min=15, Avg=198.64, 90=393, 99=2153, 99.9=2937, 99.99=2937] 
