[WARN]  Running against a source checkout. In order to get our runtime dependencies we'll have to invoke Maven. Depending on the state of your system, this may take ~30-45 seconds
[DEBUG]  Running 'mvn -pl site.ycsb:rocksdb-binding -am package -DskipTests dependency:build-classpath -DincludeScope=compile -Dmdep.outputFilterFile=true'
java -cp /home/user/src/rocksdb-cheops-2024/ycsb/rocksdb/conf:/home/user/src/rocksdb-cheops-2024/ycsb/rocksdb/target/rocksdb-binding-0.18.0-SNAPSHOT.jar:/root/.m2/repository/org/apache/htrace/htrace-core4/4.1.0-incubating/htrace-core4-4.1.0-incubating.jar:/root/.m2/repository/org/slf4j/slf4j-api/1.7.25/slf4j-api-1.7.25.jar:/home/user/src/rocksdb-cheops-2024/rocksdb-ycsb/java/target/rocksdbjni-7.4.3-linux64.jar:/root/.m2/repository/net/jcip/jcip-annotations/1.0/jcip-annotations-1.0.jar:/root/.m2/repository/org/hdrhistogram/HdrHistogram/2.1.4/HdrHistogram-2.1.4.jar:/root/.m2/repository/org/codehaus/jackson/jackson-mapper-asl/1.9.4/jackson-mapper-asl-1.9.4.jar:/lib/libzbd.so.1:/root/.m2/repository/org/codehaus/jackson/jackson-core-asl/1.9.4/jackson-core-asl-1.9.4.jar:/home/user/src/rocksdb-cheops-2024/rocksdb-ycsb/java/target/librocksdbjni-linux64.so:/home/user/src/rocksdb-cheops-2024/ycsb/core/target/core-0.18.0-SNAPSHOT.jar site.ycsb.Client -db site.ycsb.db.rocksdb.RocksDBClient -s -P ./workloads/workloadc -p recordcount=26214400 -p operationcount=1000000 -p fieldlength=100 -p fieldcount=10 -load
Command line: -db site.ycsb.db.rocksdb.RocksDBClient -s -P ./workloads/workloadc -p recordcount=26214400 -p operationcount=1000000 -p fieldlength=100 -p fieldcount=10 -load
YCSB Client 0.18.0-SNAPSHOT

Loading workload...
Starting test.
SLF4J: Failed to load class "org.slf4j.impl.StaticLoggerBinder".
SLF4J: Defaulting to no-operation (NOP) logger implementation
SLF4J: See http://www.slf4j.org/codes.html#StaticLoggerBinder for further details.
2024-01-12 01:10:54:312 0 sec: 0 operations; est completion in 0 second 
Leet YCSB 
DBWrapper: report latency for each error is false and specific error codes to track for latency are: []
2024-01-12 01:11:04:275 10 sec: 349533 operations; 34949.81 current ops/sec; est completion in 12 minutes [INSERT: Count=349660, Max=12135, Min=7, Avg=18.63, 90=32, 99=45, 99.9=57, 99.99=336] 
2024-01-12 01:11:14:274 20 sec: 888598 operations; 53911.89 current ops/sec; est completion in 9 minutes [INSERT: Count=538958, Max=4855, Min=7, Avg=17, 90=31, 99=40, 99.9=50, 99.99=215] 
2024-01-12 01:11:24:274 30 sec: 1404773 operations; 51617.5 current ops/sec; est completion in 8 minutes [INSERT: Count=516187, Max=4831, Min=7, Avg=17.83, 90=31, 99=41, 99.9=51, 99.99=327] 
2024-01-12 01:11:34:274 40 sec: 1942206 operations; 53743.3 current ops/sec; est completion in 8 minutes [INSERT: Count=537434, Max=5339, Min=6, Avg=17.06, 90=31, 99=41, 99.9=52, 99.99=327] 
2024-01-12 01:11:44:274 50 sec: 2537799 operations; 59559.3 current ops/sec; est completion in 7 minutes [INSERT: Count=595571, Max=1573, Min=7, Avg=15.26, 90=29, 99=40, 99.9=50, 99.99=217] 
2024-01-12 01:11:54:274 60 sec: 3095568 operations; 55776.9 current ops/sec; est completion in 7 minutes [INSERT: Count=557788, Max=1823, Min=7, Avg=16.4, 90=30, 99=40, 99.9=49, 99.99=192] 
2024-01-12 01:12:04:274 70 sec: 3640537 operations; 54496.9 current ops/sec; est completion in 7 minutes [INSERT: Count=544983, Max=8735, Min=6, Avg=16.8, 90=30, 99=39, 99.9=48, 99.99=355] 
2024-01-12 01:12:14:274 80 sec: 4293736 operations; 65319.9 current ops/sec; est completion in 6 minutes [INSERT: Count=653186, Max=4279, Min=6, Avg=13.81, 90=25, 99=36, 99.9=47, 99.99=281] 
2024-01-12 01:12:24:274 90 sec: 4892658 operations; 59892.2 current ops/sec; est completion in 6 minutes [INSERT: Count=598924, Max=3825, Min=7, Avg=15.17, 90=28, 99=38, 99.9=50, 99.99=522] 
2024-01-12 01:12:34:274 100 sec: 5516138 operations; 62348 current ops/sec; est completion in 6 minutes [INSERT: Count=623484, Max=2841, Min=6, Avg=14.52, 90=28, 99=37, 99.9=44, 99.99=242] 
2024-01-12 01:12:44:274 110 sec: 6168737 operations; 65259.9 current ops/sec; est completion in 5 minutes [INSERT: Count=652595, Max=2553, Min=7, Avg=13.81, 90=27, 99=32, 99.9=41, 99.99=115] 
2024-01-12 01:12:54:274 120 sec: 6784050 operations; 61531.3 current ops/sec; est completion in 5 minutes [INSERT: Count=615313, Max=1563, Min=7, Avg=14.74, 90=28, 99=35, 99.9=43, 99.99=67] 
2024-01-12 01:13:04:274 130 sec: 7412482 operations; 62843.2 current ops/sec; est completion in 5 minutes [INSERT: Count=628438, Max=2509, Min=6, Avg=14.4, 90=28, 99=38, 99.9=46, 99.99=122] 
2024-01-12 01:13:14:274 140 sec: 8079822 operations; 66734 current ops/sec; est completion in 5 minutes [INSERT: Count=667337, Max=2519, Min=7, Avg=13.47, 90=26, 99=34, 99.9=45, 99.99=465] 
2024-01-12 01:13:24:274 150 sec: 8674996 operations; 59517.4 current ops/sec; est completion in 5 minutes [INSERT: Count=595176, Max=2695, Min=7, Avg=15.29, 90=28, 99=38, 99.9=49, 99.99=217] 
2024-01-12 01:13:34:274 160 sec: 9292788 operations; 61779.2 current ops/sec; est completion in 4 minutes [INSERT: Count=617793, Max=4191, Min=6, Avg=14.67, 90=27, 99=36, 99.9=46, 99.99=448] 
2024-01-12 01:13:44:274 170 sec: 9920820 operations; 62803.2 current ops/sec; est completion in 4 minutes [INSERT: Count=628027, Max=3033, Min=7, Avg=14.41, 90=27, 99=36, 99.9=45, 99.99=260] 
2024-01-12 01:13:54:274 180 sec: 10501580 operations; 58076 current ops/sec; est completion in 4 minutes [INSERT: Count=580764, Max=3539, Min=7, Avg=15.7, 90=28, 99=37, 99.9=47, 99.99=201] 
2024-01-12 01:14:04:275 190 sec: 11092059 operations; 59047.9 current ops/sec; est completion in 4 minutes [INSERT: Count=590493, Max=4027, Min=6, Avg=15.39, 90=26, 99=38, 99.9=61, 99.99=1519] 
2024-01-12 01:14:14:274 200 sec: 11694369 operations; 60231 current ops/sec; est completion in 4 minutes [INSERT: Count=602291, Max=4515, Min=7, Avg=15.07, 90=26, 99=36, 99.9=567, 99.99=1177] 
2024-01-12 01:14:24:274 210 sec: 12225560 operations; 53119.1 current ops/sec; est completion in 4 minutes [INSERT: Count=531205, Max=9183, Min=7, Avg=17.17, 90=28, 99=41, 99.9=66, 99.99=1880] 
2024-01-12 01:14:34:274 220 sec: 12785138 operations; 55957.8 current ops/sec; est completion in 3 minutes [INSERT: Count=559566, Max=8099, Min=6, Avg=16.35, 90=28, 99=38, 99.9=54, 99.99=2317] 
2024-01-12 01:14:44:274 230 sec: 13464757 operations; 67961.9 current ops/sec; est completion in 3 minutes [INSERT: Count=679619, Max=3535, Min=6, Avg=13.25, 90=24, 99=32, 99.9=42, 99.99=1197] 
2024-01-12 01:14:54:274 240 sec: 14132803 operations; 66804.6 current ops/sec; est completion in 3 minutes [INSERT: Count=668047, Max=3175, Min=6, Avg=13.52, 90=25, 99=32, 99.9=42, 99.99=72] 
2024-01-12 01:15:04:274 250 sec: 14768781 operations; 63597.8 current ops/sec; est completion in 3 minutes [INSERT: Count=635976, Max=3375, Min=6, Avg=14.25, 90=25, 99=34, 99.9=123, 99.99=1489] 
2024-01-12 01:15:14:274 260 sec: 15337771 operations; 56899 current ops/sec; est completion in 3 minutes [INSERT: Count=568984, Max=4779, Min=7, Avg=16.06, 90=27, 99=38, 99.9=537, 99.99=1531] 
2024-01-12 01:15:24:274 270 sec: 15886975 operations; 54920.4 current ops/sec; est completion in 2 minutes [INSERT: Count=549207, Max=6483, Min=7, Avg=16.69, 90=29, 99=39, 99.9=55, 99.99=1508] 
2024-01-12 01:15:34:274 280 sec: 16486616 operations; 59964.1 current ops/sec; est completion in 2 minutes [INSERT: Count=599644, Max=2471, Min=6, Avg=15.17, 90=27, 99=37, 99.9=47, 99.99=730] 
2024-01-12 01:15:44:274 290 sec: 17118402 operations; 63178.6 current ops/sec; est completion in 2 minutes [INSERT: Count=631786, Max=3085, Min=7, Avg=14.31, 90=27, 99=35, 99.9=45, 99.99=71] 
2024-01-12 01:15:54:274 300 sec: 17726876 operations; 60847.4 current ops/sec; est completion in 2 minutes [INSERT: Count=608476, Max=9359, Min=7, Avg=14.92, 90=28, 99=37, 99.9=46, 99.99=199] 
2024-01-12 01:16:04:274 310 sec: 18344531 operations; 61765.5 current ops/sec; est completion in 2 minutes [INSERT: Count=617651, Max=3517, Min=6, Avg=14.68, 90=26, 99=36, 99.9=55, 99.99=1449] 
2024-01-12 01:16:14:274 320 sec: 18962165 operations; 61763.4 current ops/sec; est completion in 2 minutes [INSERT: Count=617635, Max=4319, Min=7, Avg=14.67, 90=26, 99=36, 99.9=55, 99.99=1153] 
2024-01-12 01:16:24:274 330 sec: 19523401 operations; 56123.6 current ops/sec; est completion in 1 minute [INSERT: Count=561230, Max=4147, Min=7, Avg=16.29, 90=28, 99=39, 99.9=53, 99.99=703] 
2024-01-12 01:16:34:274 340 sec: 20156571 operations; 63317 current ops/sec; est completion in 1 minute [INSERT: Count=633166, Max=2927, Min=6, Avg=14.28, 90=27, 99=36, 99.9=46, 99.99=193] 
2024-01-12 01:16:44:274 350 sec: 20768810 operations; 61223.9 current ops/sec; est completion in 1 minute [INSERT: Count=612240, Max=21023, Min=7, Avg=14.82, 90=27, 99=36, 99.9=45, 99.99=211] 
2024-01-12 01:16:54:274 360 sec: 21365213 operations; 59640.3 current ops/sec; est completion in 1 minute [INSERT: Count=596402, Max=3013, Min=7, Avg=15.25, 90=28, 99=37, 99.9=47, 99.99=187] 
2024-01-12 01:17:04:274 370 sec: 21979523 operations; 61431 current ops/sec; est completion in 1 minute [INSERT: Count=614325, Max=4395, Min=6, Avg=14.76, 90=26, 99=36, 99.9=92, 99.99=1443] 
2024-01-12 01:17:14:274 380 sec: 22594759 operations; 61523.6 current ops/sec; est completion in 1 minute [INSERT: Count=615227, Max=5267, Min=7, Avg=14.74, 90=26, 99=36, 99.9=51, 99.99=1524] 
2024-01-12 01:17:24:274 390 sec: 23177944 operations; 58318.5 current ops/sec; est completion in 52 seconds [INSERT: Count=583178, Max=25791, Min=7, Avg=15.63, 90=28, 99=39, 99.9=54, 99.99=1401] 
2024-01-12 01:17:34:274 400 sec: 23809668 operations; 63172.4 current ops/sec; est completion in 41 seconds [INSERT: Count=631726, Max=2307, Min=6, Avg=14.31, 90=27, 99=39, 99.9=54, 99.99=333] 
2024-01-12 01:17:44:274 410 sec: 24411441 operations; 60177.3 current ops/sec; est completion in 31 seconds [INSERT: Count=601771, Max=1996, Min=7, Avg=15.09, 90=28, 99=40, 99.9=55, 99.99=346] 
2024-01-12 01:17:54:274 420 sec: 24976854 operations; 56541.3 current ops/sec; est completion in 21 seconds [INSERT: Count=565425, Max=14839, Min=7, Avg=16.16, 90=29, 99=40, 99.9=54, 99.99=187] 
2024-01-12 01:18:04:274 430 sec: 25587396 operations; 61054.2 current ops/sec; est completion in 11 seconds [INSERT: Count=610536, Max=4339, Min=6, Avg=14.87, 90=26, 99=37, 99.9=105, 99.99=1315] 
2024-01-12 01:18:14:274 440 sec: 26196371 operations; 60897.5 current ops/sec; est completion in 1 second [INSERT: Count=608969, Max=5011, Min=7, Avg=14.9, 90=26, 99=36, 99.9=63, 99.99=1066] 
2024-01-12 01:18:19:034 444 sec: 26214400 operations; 3788.4 current ops/sec; [CLEANUP: Count=1, Max=4431871, Min=4427776, Avg=4429824, 90=4431871, 99=4431871, 99.9=4431871, 99.99=4431871] [INSERT: Count=18007, Max=1600, Min=7, Avg=16.57, 90=29, 99=40, 99.9=65, 99.99=381] 
