Nameless WALs: Opening character device: /dev/ng1n1
MDTS 524288 
Zasl is 4194304 4096 
Register channel 0
Register channel 1
Register channel 2
Register channel 3
Register channel 4
Register channel 5
Register channel 6
Register channel 7
Nameless WALs: Opened character device
Booting from modified ZenFS
Last write (recover) 3735928559: 0 0 
Last write (recover) 3735928559: 0 0 
Last write (recover) 3735928559: 0 0 
Last write (recover) 3735928559: 0 0 
Last write (recover) 3735928559: 0 0 
Last write (recover) 3735928559: 0 0 
WAL allocated for zones 4 to 7 
Register channel 8
WAL size 17169416192 
Last write (recover) 4: 15470592 4192659 
Last write (close) 4: 15470592 0 
Delete once log 
Unegister channel 9
WAL allocated for zones 7 to 10 
Register channel 8
WAL size 17169383424 
Last write (recover) 7: 15470592 4192539 
Last write (close) 7: 15470592 0 
Delete once log 
Unegister channel 9
Last write (recover) 3735928559: 11278053 0 
Last write (recover) 3735928559: 11277933 0 
Last write (recover) 3735928559: 0 0 
Last write (recover) 3735928559: 0 0 
Last write (recover) 3735928559: 0 0 
Last write (recover) 3735928559: 0 0 
WAL allocated for zones 10 to 13 
Register channel 8
WAL size 9075163136 
Last write (recover) 10: 15470592 4192538 
Last write (close) 10: 15470592 0 
Delete once log 
Unegister channel 9
WAL allocated for zones 4 to 7 
Register channel 8
WAL size 17169416192 
Last write (recover) 4: 15466496 4194595 
Last write (close) 4: 15466496 0 
Delete once log 
Unegister channel 9
Last write (recover) 3735928559: 11271901 0 
Last write (recover) 3735928559: 11278054 0 
Last write (recover) 3735928559: 0 0 
Last write (recover) 3735928559: 0 0 
Last write (recover) 3735928559: 0 0 
Last write (recover) 3735928559: 0 0 
WAL allocated for zones 7 to 10 
Register channel 8
WAL size 17169383424 
Last write (recover) 7: 15478784 4195143 
Last write (close) 7: 15478784 0 
Delete once log 
Unegister channel 9
WAL allocated for zones 4 to 7 
Register channel 8
WAL size 17169416192 
Last write (recover) 4: 15474688 4194471 
Last write (close) 4: 15474688 0 
Delete once log 
Unegister channel 9
Last write (recover) 3735928559: 11280217 0 
Last write (recover) 3735928559: 11283641 0 
Last write (recover) 3735928559: 0 0 
Last write (recover) 3735928559: 0 0 
Last write (recover) 3735928559: 0 0 
Last write (recover) 3735928559: 0 0 
WAL allocated for zones 10 to 13 
Register channel 8
WAL size 9075163136 
Last write (recover) 10: 15474688 4194677 
Last write (close) 10: 15474688 0 
Delete once log 
Unegister channel 9
WAL allocated for zones 4 to 7 
Register channel 8
WAL size 17169416192 
Last write (recover) 4: 15474688 4195659 
Last write (close) 4: 15474688 0 
Delete once log 
Unegister channel 9
Last write (recover) 3735928559: 11279029 0 
Last write (recover) 3735928559: 11280011 0 
Last write (recover) 3735928559: 0 0 
Last write (recover) 3735928559: 0 0 
Last write (recover) 3735928559: 0 0 
Last write (recover) 3735928559: 0 0 
WAL allocated for zones 7 to 10 
Register channel 8
WAL size 17169383424 
Last write (recover) 7: 15466496 4192206 
Last write (close) 7: 15466496 0 
Delete once log 
Unegister channel 9
WAL allocated for zones 4 to 7 
Register channel 8
WAL size 17169416192 
Last write (recover) 4: 15474688 4191861 
Last write (close) 4: 15474688 0 
Delete once log 
Unegister channel 9
Last write (recover) 3735928559: 11282827 0 
Last write (recover) 3735928559: 11274290 0 
Last write (recover) 3735928559: 0 0 
Last write (recover) 3735928559: 0 0 
Last write (recover) 3735928559: 0 0 
Last write (recover) 3735928559: 0 0 
WAL allocated for zones 10 to 13 
Register channel 8
WAL size 9075163136 
Last write (recover) 10: 15474688 4193313 
Last write (close) 10: 15474688 0 
Delete once log 
Unegister channel 9
WAL allocated for zones 4 to 7 
Register channel 8
WAL size 17169416192 
Last write (recover) 4: 15466496 4193446 
Last write (close) 4: 15466496 0 
Delete once log 
Unegister channel 9
Last write (recover) 3735928559: 11273050 0 
Last write (recover) 3735928559: 11281375 0 
Last write (recover) 3735928559: 0 0 
Last write (recover) 3735928559: 0 0 
Last write (recover) 3735928559: 0 0 
Last write (recover) 3735928559: 0 0 
WAL allocated for zones 7 to 10 
Register channel 8
WAL size 17169383424 
Last write (recover) 7: 15466496 4193529 
Last write (close) 7: 15466496 0 
Delete once log 
Unegister channel 9
WAL allocated for zones 4 to 7 
Register channel 8
WAL size 17169416192 
Last write (recover) 4: 15470592 4192787 
Last write (close) 4: 15470592 0 
Delete once log 
Unegister channel 9
WAL allocated for zones 10 to 13 
Register channel 8
WAL size 9075163136 
Last write (recover) 10: 10321920 2216467 
Last write (close) 10: 10321920 0 
Delete once log 
Unegister channel 9
WAL allocated for zones 7 to 10 
Register channel 8
Extent could not be found?
WAL allocated for zones 4 to 7 
Register channel 9
Extent could not be found?
WAL allocated for zones 10 to 13 
Register channel 10
[OVERALL], RunTime(ms), 145431
[OVERALL], Throughput(ops/sec), 6876.113070803336
[TOTAL_GCS_G1_Young_Generation], Count, 4
[TOTAL_GC_TIME_G1_Young_Generation], Time(ms), 22
[TOTAL_GC_TIME_%_G1_Young_Generation], Time(%), 0.01512744875576734
[TOTAL_GCS_G1_Old_Generation], Count, 0
[TOTAL_GC_TIME_G1_Old_Generation], Time(ms), 0
[TOTAL_GC_TIME_%_G1_Old_Generation], Time(%), 0.0
[TOTAL_GCs], Count, 4
[TOTAL_GC_TIME], Time(ms), 22
[TOTAL_GC_TIME_%], Time(%), 0.01512744875576734
[READ], Operations, 950196
[READ], AverageLatency(us), 81.350317197715
[READ], MinLatency(us), 2
[READ], MaxLatency(us), 11975
[READ], 95thPercentileLatency(us), 404
[READ], 99thPercentileLatency(us), 1498
[READ], Return=OK, 950196
[CLEANUP], Operations, 1
[CLEANUP], AverageLatency(us), 18056.0
[CLEANUP], MinLatency(us), 18048
[CLEANUP], MaxLatency(us), 18063
[CLEANUP], 95thPercentileLatency(us), 18063
[CLEANUP], 99thPercentileLatency(us), 18063
[INSERT], Operations, 49804
[INSERT], AverageLatency(us), 26.721588627419486
[INSERT], MinLatency(us), 8
[INSERT], MaxLatency(us), 5427
[INSERT], 95thPercentileLatency(us), 55
[INSERT], 99thPercentileLatency(us), 68
[INSERT], Return=OK, 49804
