[OVERALL], RunTime(ms), 3010629
[OVERALL], Throughput(ops/sec), 1741.4566856294814
[TOTAL_GCS_G1_Young_Generation], Count, 130
[TOTAL_GC_TIME_G1_Young_Generation], Time(ms), 286
[TOTAL_GC_TIME_%_G1_Young_Generation], Time(%), 0.009499675981331475
[TOTAL_GCS_G1_Old_Generation], Count, 0
[TOTAL_GC_TIME_G1_Old_Generation], Time(ms), 0
[TOTAL_GC_TIME_%_G1_Old_Generation], Time(%), 0.0
[TOTAL_GCs], Count, 130
[TOTAL_GC_TIME], Time(ms), 286
[TOTAL_GC_TIME_%], Time(%), 0.009499675981331475
[CLEANUP], Operations, 1
[CLEANUP], AverageLatency(us), 91552.0
[CLEANUP], MinLatency(us), 91520
[CLEANUP], MaxLatency(us), 91583
[CLEANUP], 95thPercentileLatency(us), 91583
[CLEANUP], 99thPercentileLatency(us), 91583
[INSERT], Operations, 5242880
[INSERT], AverageLatency(us), 570.9173286437988
[INSERT], MinLatency(us), 17
[INSERT], MaxLatency(us), 96191
[INSERT], 95thPercentileLatency(us), 610
[INSERT], 99thPercentileLatency(us), 1339
[INSERT], Return=OK, 5242880
