[WARN]  Running against a source checkout. In order to get our runtime dependencies we'll have to invoke Maven. Depending on the state of your system, this may take ~30-45 seconds
[DEBUG]  Running 'mvn -pl site.ycsb:rocksdb-binding -am package -DskipTests dependency:build-classpath -DincludeScope=compile -Dmdep.outputFilterFile=true'
java -cp /home/user/src/rocksdb-cheops-2024/ycsb/rocksdb/conf:/home/user/src/rocksdb-cheops-2024/ycsb/rocksdb/target/rocksdb-binding-0.18.0-SNAPSHOT.jar:/root/.m2/repository/org/apache/htrace/htrace-core4/4.1.0-incubating/htrace-core4-4.1.0-incubating.jar:/root/.m2/repository/org/slf4j/slf4j-api/1.7.25/slf4j-api-1.7.25.jar:/home/user/src/rocksdb-cheops-2024/rocksdb-ycsb/java/target/rocksdbjni-7.4.3-linux64.jar:/root/.m2/repository/net/jcip/jcip-annotations/1.0/jcip-annotations-1.0.jar:/root/.m2/repository/org/hdrhistogram/HdrHistogram/2.1.4/HdrHistogram-2.1.4.jar:/root/.m2/repository/org/codehaus/jackson/jackson-mapper-asl/1.9.4/jackson-mapper-asl-1.9.4.jar:/lib/libzbd.so.1:/root/.m2/repository/org/codehaus/jackson/jackson-core-asl/1.9.4/jackson-core-asl-1.9.4.jar:/home/user/src/rocksdb-cheops-2024/rocksdb-ycsb/java/target/librocksdbjni-linux64.so:/home/user/src/rocksdb-cheops-2024/ycsb/core/target/core-0.18.0-SNAPSHOT.jar site.ycsb.Client -db site.ycsb.db.rocksdb.RocksDBClient -s -P ./workloads/workloada -p recordcount=5242880 -p operationcount=1000000 -p fieldlength=386 -p fieldcount=10 -load
Command line: -db site.ycsb.db.rocksdb.RocksDBClient -s -P ./workloads/workloada -p recordcount=5242880 -p operationcount=1000000 -p fieldlength=386 -p fieldcount=10 -load
YCSB Client 0.18.0-SNAPSHOT

Loading workload...
Starting test.
SLF4J: Failed to load class "org.slf4j.impl.StaticLoggerBinder".
SLF4J: Defaulting to no-operation (NOP) logger implementation
SLF4J: See http://www.slf4j.org/codes.html#StaticLoggerBinder for further details.
2023-12-20 23:41:07:228 0 sec: 0 operations; est completion in 0 second 
Leet YCSB 
DBWrapper: report latency for each error is false and specific error codes to track for latency are: []
2023-12-20 23:41:17:190 10 sec: 151499 operations; 15145.36 current ops/sec; est completion in 5 minutes [INSERT: Count=151557, Max=78015, Min=27, Avg=46.52, 90=67, 99=77, 99.9=101, 99.99=223] 
2023-12-20 23:41:27:188 20 sec: 397267 operations; 24584.18 current ops/sec; est completion in 4 minutes [INSERT: Count=245727, Max=5359, Min=26, Avg=39.03, 90=44, 99=54, 99.9=73, 99.99=203] 
2023-12-20 23:41:37:188 30 sec: 633299 operations; 23603.2 current ops/sec; est completion in 3 minutes [INSERT: Count=236031, Max=135167, Min=25, Avg=40.7, 90=46, 99=56, 99.9=75, 99.99=184] 
2023-12-20 23:41:47:187 40 sec: 892717 operations; 25941.8 current ops/sec; est completion in 3 minutes [INSERT: Count=259416, Max=1587, Min=25, Avg=36.97, 90=40, 99=50, 99.9=61, 99.99=105] 
2023-12-20 23:41:57:188 50 sec: 1146331 operations; 25361.4 current ops/sec; est completion in 2 minutes [INSERT: Count=253615, Max=270591, Min=25, Avg=37.84, 90=41, 99=51, 99.9=66, 99.99=122] 
2023-12-20 23:42:07:188 60 sec: 1341975 operations; 19564.4 current ops/sec; est completion in 2 minutes [INSERT: Count=195629, Max=2599, Min=26, Avg=36.46, 90=40, 99=50, 99.9=67, 99.99=117] 
2023-12-20 23:42:17:188 70 sec: 1341975 operations; 0 current ops/sec; est completion in 3 minutes [INSERT: Count=0, Max=0, Min=9223372036854775807, Avg=NaN, 90=0, 99=0, 99.9=0, 99.99=0] 
2023-12-20 23:42:27:188 80 sec: 1395401 operations; 5342.6 current ops/sec; est completion in 3 minutes [INSERT: Count=53426, Max=12984319, Min=24, Avg=380.95, 90=41, 99=50, 99.9=63, 99.99=166] 
2023-12-20 23:42:37:188 90 sec: 1410456 operations; 1505.5 current ops/sec; est completion in 4 minutes [INSERT: Count=15055, Max=3938303, Min=26, Avg=697.8, 90=41, 99=53, 99.9=75, 99.99=2928639] 
Error inserting, not retrying any more. number of attempts: 1Insertion Retry Limit: 0
2023-12-20 23:42:43:029 95 sec: 1431142 operations; 3540.91 current ops/sec; est completion in 4 minutes [CLEANUP: Count=1, Max=1314815, Min=1313792, Avg=1314304, 90=1314815, 99=1314815, 99.9=1314815, 99.99=1314815] [INSERT: Count=20686, Max=3186687, Min=27, Avg=294.02, 90=40, 99=49, 99.9=72, 99.99=1776] [INSERT-FAILED: Count=1, Max=2307, Min=2306, Avg=2307, 90=2307, 99=2307, 99.9=2307, 99.99=2307] 
