[OVERALL], RunTime(ms), 95842
[OVERALL], Throughput(ops/sec), 14932.305252394566
[TOTAL_GCS_G1_Young_Generation], Count, 36
[TOTAL_GC_TIME_G1_Young_Generation], Time(ms), 133
[TOTAL_GC_TIME_%_G1_Young_Generation], Time(%), 0.1387700590555289
[TOTAL_GCS_G1_Old_Generation], Count, 0
[TOTAL_GC_TIME_G1_Old_Generation], Time(ms), 0
[TOTAL_GC_TIME_%_G1_Old_Generation], Time(%), 0.0
[TOTAL_GCs], Count, 36
[TOTAL_GC_TIME], Time(ms), 133
[TOTAL_GC_TIME_%], Time(%), 0.1387700590555289
[CLEANUP], Operations, 1
[CLEANUP], AverageLatency(us), 1314304.0
[CLEANUP], MinLatency(us), 1313792
[CLEANUP], MaxLatency(us), 1314815
[CLEANUP], 95thPercentileLatency(us), 1314815
[CLEANUP], 99thPercentileLatency(us), 1314815
[INSERT], Operations, 1431142
[INSERT], AverageLatency(us), 62.542807072952925
[INSERT], MinLatency(us), 24
[INSERT], MaxLatency(us), 12984319
[INSERT], 95thPercentileLatency(us), 48
[INSERT], 99thPercentileLatency(us), 68
[INSERT], Return=OK, 1431142
[INSERT], Return=ERROR, 1
[INSERT-FAILED], Operations, 1
[INSERT-FAILED], AverageLatency(us), 2307.0
[INSERT-FAILED], MinLatency(us), 2306
[INSERT-FAILED], MaxLatency(us), 2307
[INSERT-FAILED], 95thPercentileLatency(us), 2307
[INSERT-FAILED], 99thPercentileLatency(us), 2307
