[OVERALL], RunTime(ms), 286178
[OVERALL], Throughput(ops/sec), 18320.346078314895
[TOTAL_GCS_G1_Young_Generation], Count, 130
[TOTAL_GC_TIME_G1_Young_Generation], Time(ms), 228
[TOTAL_GC_TIME_%_G1_Young_Generation], Time(%), 0.07967069446288673
[TOTAL_GCS_G1_Old_Generation], Count, 0
[TOTAL_GC_TIME_G1_Old_Generation], Time(ms), 0
[TOTAL_GC_TIME_%_G1_Old_Generation], Time(%), 0.0
[TOTAL_GCs], Count, 130
[TOTAL_GC_TIME], Time(ms), 228
[TOTAL_GC_TIME_%], Time(%), 0.07967069446288673
[CLEANUP], Operations, 1
[CLEANUP], AverageLatency(us), 181824.0
[CLEANUP], MinLatency(us), 181760
[CLEANUP], MaxLatency(us), 181887
[CLEANUP], 95thPercentileLatency(us), 181887
[CLEANUP], 99thPercentileLatency(us), 181887
[INSERT], Operations, 5242880
[INSERT], AverageLatency(us), 52.32063808441162
[INSERT], MinLatency(us), 14
[INSERT], MaxLatency(us), 16911
[INSERT], 95thPercentileLatency(us), 100
[INSERT], 99thPercentileLatency(us), 332
[INSERT], Return=OK, 5242880
