[WARN]  Running against a source checkout. In order to get our runtime dependencies we'll have to invoke Maven. Depending on the state of your system, this may take ~30-45 seconds
[DEBUG]  Running 'mvn -pl site.ycsb:rocksdb-binding -am package -DskipTests dependency:build-classpath -DincludeScope=compile -Dmdep.outputFilterFile=true'
java -cp /home/user/src/rocksdb-cheops-2024/ycsb/rocksdb/conf:/home/user/src/rocksdb-cheops-2024/ycsb/rocksdb/target/rocksdb-binding-0.18.0-SNAPSHOT.jar:/root/.m2/repository/org/apache/htrace/htrace-core4/4.1.0-incubating/htrace-core4-4.1.0-incubating.jar:/root/.m2/repository/org/slf4j/slf4j-api/1.7.25/slf4j-api-1.7.25.jar:/home/user/src/rocksdb-cheops-2024/rocksdb-ycsb/java/target/rocksdbjni-7.4.3-linux64.jar:/root/.m2/repository/net/jcip/jcip-annotations/1.0/jcip-annotations-1.0.jar:/root/.m2/repository/org/hdrhistogram/HdrHistogram/2.1.4/HdrHistogram-2.1.4.jar:/root/.m2/repository/org/codehaus/jackson/jackson-mapper-asl/1.9.4/jackson-mapper-asl-1.9.4.jar:/lib/libzbd.so.1:/root/.m2/repository/org/codehaus/jackson/jackson-core-asl/1.9.4/jackson-core-asl-1.9.4.jar:/home/user/src/rocksdb-cheops-2024/rocksdb-ycsb/java/target/librocksdbjni-linux64.so:/home/user/src/rocksdb-cheops-2024/ycsb/core/target/core-0.18.0-SNAPSHOT.jar site.ycsb.Client -db site.ycsb.db.rocksdb.RocksDBClient -s -P ./workloads/workloada -p recordcount=5242880 -p operationcount=1000000 -p fieldlength=386 -p fieldcount=10 -load
Command line: -db site.ycsb.db.rocksdb.RocksDBClient -s -P ./workloads/workloada -p recordcount=5242880 -p operationcount=1000000 -p fieldlength=386 -p fieldcount=10 -load
YCSB Client 0.18.0-SNAPSHOT

Loading workload...
Starting test.
SLF4J: Failed to load class "org.slf4j.impl.StaticLoggerBinder".
SLF4J: Defaulting to no-operation (NOP) logger implementation
SLF4J: See http://www.slf4j.org/codes.html#StaticLoggerBinder for further details.
2023-12-21 12:28:45:853 0 sec: 0 operations; est completion in 0 second 
Leet YCSB 
DBWrapper: report latency for each error is false and specific error codes to track for latency are: []
2023-12-21 12:28:55:814 10 sec: 144075 operations; 14406.06 current ops/sec; est completion in 5 minutes [INSERT: Count=144122, Max=12071, Min=18, Avg=49.04, 90=67, 99=81, 99.9=103, 99.99=221] 
2023-12-21 12:29:05:813 20 sec: 359497 operations; 21544.35 current ops/sec; est completion in 4 minutes [INSERT: Count=215390, Max=14631, Min=18, Avg=44.76, 90=51, 99=62, 99.9=74, 99.99=104] 
2023-12-21 12:29:15:813 30 sec: 583822 operations; 22432.5 current ops/sec; est completion in 4 minutes [INSERT: Count=224326, Max=5387, Min=15, Avg=42.94, 90=49, 99=60, 99.9=70, 99.99=106] 
2023-12-21 12:29:25:813 40 sec: 810699 operations; 22687.7 current ops/sec; est completion in 3 minutes [INSERT: Count=226875, Max=4715, Min=16, Avg=42.44, 90=48, 99=59, 99.9=69, 99.99=98] 
2023-12-21 12:29:35:814 50 sec: 1025979 operations; 21528 current ops/sec; est completion in 3 minutes [INSERT: Count=215279, Max=3601, Min=16, Avg=44.81, 90=51, 99=62, 99.9=72, 99.99=101] 
2023-12-21 12:29:45:814 60 sec: 1214409 operations; 18843 current ops/sec; est completion in 3 minutes [INSERT: Count=188434, Max=1706, Min=16, Avg=51.41, 90=49, 99=643, 99.9=830, 99.99=860] 
2023-12-21 12:29:55:813 70 sec: 1394569 operations; 18016 current ops/sec; est completion in 3 minutes [INSERT: Count=180153, Max=2597, Min=16, Avg=53.88, 90=50, 99=590, 99.9=791, 99.99=843] 
2023-12-21 12:30:05:814 80 sec: 1644418 operations; 24984.9 current ops/sec; est completion in 2 minutes [INSERT: Count=249855, Max=1712, Min=14, Avg=38.4, 90=44, 99=55, 99.9=115, 99.99=789] 
2023-12-21 12:30:15:813 90 sec: 1910517 operations; 26609.9 current ops/sec; est completion in 2 minutes [INSERT: Count=266098, Max=1546, Min=15, Avg=35.96, 90=44, 99=52, 99.9=61, 99.99=82] 
2023-12-21 12:30:25:814 100 sec: 2158049 operations; 24753.2 current ops/sec; est completion in 2 minutes [INSERT: Count=247531, Max=1699, Min=14, Avg=38.77, 90=44, 99=60, 99.9=392, 99.99=430] 
2023-12-21 12:30:35:813 110 sec: 2380654 operations; 22260.5 current ops/sec; est completion in 2 minutes [INSERT: Count=222606, Max=2131, Min=15, Avg=43.26, 90=50, 99=335, 99.9=395, 99.99=426] 
2023-12-21 12:30:45:814 120 sec: 2593667 operations; 21301.3 current ops/sec; est completion in 2 minutes [INSERT: Count=213011, Max=1645, Min=16, Avg=45.29, 90=55, 99=213, 99.9=352, 99.99=380] 
2023-12-21 12:30:55:813 130 sec: 2781299 operations; 18763.2 current ops/sec; est completion in 1 minute [INSERT: Count=187630, Max=2231, Min=14, Avg=51.64, 90=71, 99=272, 99.9=952, 99.99=1120] 
2023-12-21 12:31:05:813 140 sec: 2957781 operations; 17648.2 current ops/sec; est completion in 1 minute [INSERT: Count=176479, Max=3105, Min=15, Avg=55, 90=88, 99=325, 99.9=784, 99.99=1009] 
2023-12-21 12:31:15:814 150 sec: 3132841 operations; 17506 current ops/sec; est completion in 1 minute [INSERT: Count=175054, Max=8815, Min=16, Avg=55.47, 90=86, 99=329, 99.9=749, 99.99=1007] 
2023-12-21 12:31:25:813 160 sec: 3280008 operations; 14716.7 current ops/sec; est completion in 1 minute [INSERT: Count=147166, Max=10047, Min=14, Avg=66.3, 90=115, 99=424, 99.9=941, 99.99=2837] 
2023-12-21 12:31:35:814 170 sec: 3420557 operations; 14054.9 current ops/sec; est completion in 1 minute [INSERT: Count=140556, Max=7271, Min=15, Avg=69.48, 90=129, 99=443, 99.9=955, 99.99=1621] 
2023-12-21 12:31:45:813 180 sec: 3562985 operations; 14242.8 current ops/sec; est completion in 1 minute [INSERT: Count=142429, Max=7095, Min=16, Avg=68.53, 90=124, 99=426, 99.9=934, 99.99=1521] 
2023-12-21 12:31:55:813 190 sec: 3706745 operations; 14376 current ops/sec; est completion in 1 minute [INSERT: Count=143761, Max=4087, Min=14, Avg=67.94, 90=126, 99=417, 99.9=958, 99.99=1493] 
2023-12-21 12:32:05:813 200 sec: 3887490 operations; 18074.5 current ops/sec; est completion in 1 minute [INSERT: Count=180743, Max=3985, Min=15, Avg=53.71, 90=95, 99=325, 99.9=771, 99.99=1288] 
2023-12-21 12:32:15:813 210 sec: 4068982 operations; 18149.2 current ops/sec; est completion in 1 minute [INSERT: Count=181494, Max=4955, Min=16, Avg=53.48, 90=92, 99=314, 99.9=767, 99.99=1409] 
2023-12-21 12:32:25:813 220 sec: 4242497 operations; 17351.5 current ops/sec; est completion in 52 seconds [INSERT: Count=173514, Max=15695, Min=14, Avg=56, 90=90, 99=335, 99.9=767, 99.99=1229] 
2023-12-21 12:32:35:813 230 sec: 4386252 operations; 14375.5 current ops/sec; est completion in 45 seconds [INSERT: Count=143755, Max=14311, Min=15, Avg=67.88, 90=115, 99=436, 99.9=957, 99.99=1444] 
2023-12-21 12:32:45:813 240 sec: 4530460 operations; 14420.8 current ops/sec; est completion in 38 seconds [INSERT: Count=144204, Max=4767, Min=17, Avg=67.66, 90=112, 99=444, 99.9=871, 99.99=1521] 
2023-12-21 12:32:55:813 250 sec: 4674345 operations; 14388.5 current ops/sec; est completion in 31 seconds [INSERT: Count=143889, Max=6343, Min=16, Avg=67.8, 90=112, 99=425, 99.9=829, 99.99=1685] 
2023-12-21 12:33:05:813 260 sec: 4840800 operations; 16645.5 current ops/sec; est completion in 22 seconds [INSERT: Count=166457, Max=7311, Min=15, Avg=58.41, 90=95, 99=370, 99.9=748, 99.99=1417] 
2023-12-21 12:33:15:813 270 sec: 5018932 operations; 17813.2 current ops/sec; est completion in 13 seconds [INSERT: Count=178131, Max=7191, Min=15, Avg=54.48, 90=86, 99=324, 99.9=682, 99.99=1224] 
2023-12-21 12:33:25:813 280 sec: 5197496 operations; 17856.4 current ops/sec; est completion in 3 second [INSERT: Count=178566, Max=6939, Min=16, Avg=54.35, 90=86, 99=321, 99.9=667, 99.99=931] 
2023-12-21 12:33:28:532 282 sec: 5242880 operations; 16691.43 current ops/sec; [CLEANUP: Count=1, Max=182015, Min=181888, Avg=181952, 90=182015, 99=182015, 99.9=182015, 99.99=182015] [INSERT: Count=45372, Max=4503, Min=16, Avg=54.21, 90=88, 99=333, 99.9=669, 99.99=1199] 
