[WARN]  Running against a source checkout. In order to get our runtime dependencies we'll have to invoke Maven. Depending on the state of your system, this may take ~30-45 seconds
[DEBUG]  Running 'mvn -pl site.ycsb:rocksdb-binding -am package -DskipTests dependency:build-classpath -DincludeScope=compile -Dmdep.outputFilterFile=true'
java -cp /home/user/src/rocksdb-cheops-2024/ycsb/rocksdb/conf:/home/user/src/rocksdb-cheops-2024/ycsb/rocksdb/target/rocksdb-binding-0.18.0-SNAPSHOT.jar:/root/.m2/repository/org/apache/htrace/htrace-core4/4.1.0-incubating/htrace-core4-4.1.0-incubating.jar:/root/.m2/repository/org/slf4j/slf4j-api/1.7.25/slf4j-api-1.7.25.jar:/home/user/src/rocksdb-cheops-2024/rocksdb-ycsb/java/target/rocksdbjni-7.4.3-linux64.jar:/root/.m2/repository/net/jcip/jcip-annotations/1.0/jcip-annotations-1.0.jar:/root/.m2/repository/org/hdrhistogram/HdrHistogram/2.1.4/HdrHistogram-2.1.4.jar:/root/.m2/repository/org/codehaus/jackson/jackson-mapper-asl/1.9.4/jackson-mapper-asl-1.9.4.jar:/lib/libzbd.so.1:/root/.m2/repository/org/codehaus/jackson/jackson-core-asl/1.9.4/jackson-core-asl-1.9.4.jar:/home/user/src/rocksdb-cheops-2024/rocksdb-ycsb/java/target/librocksdbjni-linux64.so:/home/user/src/rocksdb-cheops-2024/ycsb/core/target/core-0.18.0-SNAPSHOT.jar site.ycsb.Client -db site.ycsb.db.rocksdb.RocksDBClient -s -P ./workloads/workloada -p recordcount=5242880 -p operationcount=1000000 -p fieldlength=386 -p fieldcount=10 -load
Command line: -db site.ycsb.db.rocksdb.RocksDBClient -s -P ./workloads/workloada -p recordcount=5242880 -p operationcount=1000000 -p fieldlength=386 -p fieldcount=10 -load
YCSB Client 0.18.0-SNAPSHOT

Loading workload...
Starting test.
SLF4J: Failed to load class "org.slf4j.impl.StaticLoggerBinder".
SLF4J: Defaulting to no-operation (NOP) logger implementation
SLF4J: See http://www.slf4j.org/codes.html#StaticLoggerBinder for further details.
2023-12-21 09:56:21:640 0 sec: 0 operations; est completion in 0 second 
Leet YCSB 
DBWrapper: report latency for each error is false and specific error codes to track for latency are: []
2023-12-21 09:56:31:603 10 sec: 139478 operations; 13946.41 current ops/sec; est completion in 6 minutes [INSERT: Count=139533, Max=12127, Min=16, Avg=44.75, 90=67, 99=79, 99.9=106, 99.99=310] 
2023-12-21 09:56:41:602 20 sec: 364960 operations; 22550.46 current ops/sec; est completion in 4 minutes [INSERT: Count=225445, Max=26543, Min=17, Avg=42.71, 90=60, 99=72, 99.9=81, 99.99=203] 
2023-12-21 09:56:51:602 30 sec: 593936 operations; 22897.6 current ops/sec; est completion in 3 minutes [INSERT: Count=228977, Max=5439, Min=15, Avg=42.02, 90=60, 99=72, 99.9=82, 99.99=192] 
2023-12-21 09:57:01:602 40 sec: 833918 operations; 23998.2 current ops/sec; est completion in 3 minutes [INSERT: Count=239978, Max=23823, Min=16, Avg=40.01, 90=57, 99=69, 99.9=78, 99.99=179] 
2023-12-21 09:57:11:602 50 sec: 1067324 operations; 23340.6 current ops/sec; est completion in 3 minutes [INSERT: Count=233400, Max=15791, Min=16, Avg=41.23, 90=59, 99=70, 99.9=148, 99.99=190] 
2023-12-21 09:57:21:602 60 sec: 1302619 operations; 23529.5 current ops/sec; est completion in 3 minutes [INSERT: Count=235301, Max=5423, Min=15, Avg=40.88, 90=57, 99=145, 99.9=182, 99.99=672] 
2023-12-21 09:57:31:602 70 sec: 1563029 operations; 26041 current ops/sec; est completion in 2 minutes [INSERT: Count=260410, Max=17183, Min=15, Avg=36.8, 90=53, 99=60, 99.9=70, 99.99=92] 
2023-12-21 09:57:41:602 80 sec: 1835202 operations; 27217.3 current ops/sec; est completion in 2 minutes [INSERT: Count=272172, Max=1607, Min=14, Avg=35.19, 90=51, 99=58, 99.9=68, 99.99=124] 
2023-12-21 09:57:51:602 90 sec: 2097226 operations; 26202.4 current ops/sec; est completion in 2 minutes [INSERT: Count=262024, Max=17023, Min=15, Avg=36.59, 90=53, 99=60, 99.9=69, 99.99=81] 
2023-12-21 09:58:01:602 100 sec: 2350832 operations; 25360.6 current ops/sec; est completion in 2 minutes [INSERT: Count=253607, Max=16463, Min=13, Avg=37.89, 90=56, 99=104, 99.9=165, 99.99=608] 
2023-12-21 09:58:11:602 110 sec: 2589710 operations; 23887.8 current ops/sec; est completion in 1 minute [INSERT: Count=238876, Max=18111, Min=15, Avg=40.31, 90=59, 99=143, 99.9=175, 99.99=246] 
2023-12-21 09:58:21:602 120 sec: 2846581 operations; 25687.1 current ops/sec; est completion in 1 minute [INSERT: Count=256872, Max=1777, Min=14, Avg=37.39, 90=53, 99=137, 99.9=164, 99.99=194] 
2023-12-21 09:58:31:602 130 sec: 3100293 operations; 25371.2 current ops/sec; est completion in 1 minute [INSERT: Count=253714, Max=18287, Min=15, Avg=37.87, 90=56, 99=81, 99.9=102, 99.99=162] 
2023-12-21 09:58:41:602 140 sec: 3350559 operations; 25026.6 current ops/sec; est completion in 1 minute [INSERT: Count=250264, Max=2207, Min=13, Avg=38.35, 90=57, 99=92, 99.9=113, 99.99=861] 
2023-12-21 09:58:51:602 150 sec: 3600006 operations; 24944.7 current ops/sec; est completion in 1 minute [INSERT: Count=249448, Max=17311, Min=15, Avg=38.54, 90=55, 99=92, 99.9=105, 99.99=164] 
2023-12-21 09:59:01:602 160 sec: 3848371 operations; 24836.5 current ops/sec; est completion in 58 seconds [INSERT: Count=248366, Max=3579, Min=13, Avg=38.72, 90=57, 99=95, 99.9=107, 99.99=220] 
2023-12-21 09:59:11:602 170 sec: 4097002 operations; 24863.1 current ops/sec; est completion in 48 seconds [INSERT: Count=248630, Max=18287, Min=15, Avg=38.62, 90=57, 99=91, 99.9=107, 99.99=336] 
2023-12-21 09:59:21:602 180 sec: 4344059 operations; 24705.7 current ops/sec; est completion in 38 seconds [INSERT: Count=247058, Max=2743, Min=14, Avg=38.88, 90=54, 99=148, 99.9=162, 99.99=541] 
2023-12-21 09:59:31:602 190 sec: 4595046 operations; 25098.7 current ops/sec; est completion in 27 seconds [INSERT: Count=250985, Max=17551, Min=15, Avg=38.29, 90=58, 99=97, 99.9=146, 99.99=319] 
2023-12-21 09:59:41:602 200 sec: 4848701 operations; 25365.5 current ops/sec; est completion in 17 seconds [INSERT: Count=253660, Max=16911, Min=14, Avg=37.86, 90=55, 99=95, 99.9=107, 99.99=150] 
2023-12-21 09:59:51:602 210 sec: 5103539 operations; 25483.8 current ops/sec; est completion in 6 second [INSERT: Count=254834, Max=17887, Min=15, Avg=37.69, 90=54, 99=87, 99.9=105, 99.99=167] 
2023-12-21 09:59:57:307 215 sec: 5242880 operations; 24424.36 current ops/sec; [CLEANUP: Count=1, Max=61823, Min=61792, Avg=61808, 90=61823, 99=61823, 99.9=61823, 99.99=61823] [INSERT: Count=139326, Max=16783, Min=15, Avg=38.95, 90=55, 99=96, 99.9=105, 99.99=123] 
