[WARN]  Running against a source checkout. In order to get our runtime dependencies we'll have to invoke Maven. Depending on the state of your system, this may take ~30-45 seconds
[DEBUG]  Running 'mvn -pl site.ycsb:rocksdb-binding -am package -DskipTests dependency:build-classpath -DincludeScope=compile -Dmdep.outputFilterFile=true'
java -cp /home/user/src/rocksdb-cheops-2024/ycsb/rocksdb/conf:/home/user/src/rocksdb-cheops-2024/ycsb/rocksdb/target/rocksdb-binding-0.18.0-SNAPSHOT.jar:/root/.m2/repository/org/apache/htrace/htrace-core4/4.1.0-incubating/htrace-core4-4.1.0-incubating.jar:/root/.m2/repository/org/slf4j/slf4j-api/1.7.25/slf4j-api-1.7.25.jar:/home/user/src/rocksdb-cheops-2024/rocksdb-ycsb/java/target/rocksdbjni-7.4.3-linux64.jar:/root/.m2/repository/net/jcip/jcip-annotations/1.0/jcip-annotations-1.0.jar:/root/.m2/repository/org/hdrhistogram/HdrHistogram/2.1.4/HdrHistogram-2.1.4.jar:/root/.m2/repository/org/codehaus/jackson/jackson-mapper-asl/1.9.4/jackson-mapper-asl-1.9.4.jar:/lib/libzbd.so.1:/root/.m2/repository/org/codehaus/jackson/jackson-core-asl/1.9.4/jackson-core-asl-1.9.4.jar:/home/user/src/rocksdb-cheops-2024/rocksdb-ycsb/java/target/librocksdbjni-linux64.so:/home/user/src/rocksdb-cheops-2024/ycsb/core/target/core-0.18.0-SNAPSHOT.jar site.ycsb.Client -db site.ycsb.db.rocksdb.RocksDBClient -s -P ./workloads/workloada -p recordcount=5242880 -p operationcount=1000000 -p fieldlength=386 -p fieldcount=10 -t
Command line: -db site.ycsb.db.rocksdb.RocksDBClient -s -P ./workloads/workloada -p recordcount=5242880 -p operationcount=1000000 -p fieldlength=386 -p fieldcount=10 -t
YCSB Client 0.18.0-SNAPSHOT

Loading workload...
Starting test.
SLF4J: Failed to load class "org.slf4j.impl.StaticLoggerBinder".
SLF4J: Defaulting to no-operation (NOP) logger implementation
SLF4J: See http://www.slf4j.org/codes.html#StaticLoggerBinder for further details.
2023-12-21 10:00:05:854 0 sec: 0 operations; est completion in 0 second 
Leet YCSB 
2023-12-21 10:00:15:816 10 sec: 0 operations; est completion in 106751991167300 days 15 hours 
2023-12-21 10:00:25:816 20 sec: 0 operations; est completion in 106751991167300 days 15 hours 
2023-12-21 10:00:35:816 30 sec: 0 operations; est completion in 106751991167300 days 15 hours 
2023-12-21 10:00:45:816 40 sec: 0 operations; est completion in 106751991167300 days 15 hours 
2023-12-21 10:00:55:816 50 sec: 0 operations; est completion in 106751991167300 days 15 hours 
2023-12-21 10:01:05:816 60 sec: 0 operations; est completion in 106751991167300 days 15 hours 
2023-12-21 10:01:15:816 70 sec: 0 operations; est completion in 106751991167300 days 15 hours 
2023-12-21 10:01:25:816 80 sec: 0 operations; est completion in 106751991167300 days 15 hours 
2023-12-21 10:01:35:816 90 sec: 0 operations; est completion in 106751991167300 days 15 hours 
2023-12-21 10:01:45:816 100 sec: 0 operations; est completion in 106751991167300 days 15 hours 
2023-12-21 10:01:55:816 110 sec: 0 operations; est completion in 106751991167300 days 15 hours 
2023-12-21 10:02:05:816 120 sec: 0 operations; est completion in 106751991167300 days 15 hours 
2023-12-21 10:02:15:816 130 sec: 0 operations; est completion in 106751991167300 days 15 hours 
2023-12-21 10:02:25:816 140 sec: 0 operations; est completion in 106751991167300 days 15 hours 
2023-12-21 10:02:35:816 150 sec: 0 operations; est completion in 106751991167300 days 15 hours 
2023-12-21 10:02:45:816 160 sec: 0 operations; est completion in 106751991167300 days 15 hours 
2023-12-21 10:02:55:816 170 sec: 0 operations; est completion in 106751991167300 days 15 hours 
2023-12-21 10:03:05:816 180 sec: 0 operations; est completion in 106751991167300 days 15 hours 
2023-12-21 10:03:15:816 190 sec: 0 operations; est completion in 106751991167300 days 15 hours 
2023-12-21 10:03:25:816 200 sec: 0 operations; est completion in 106751991167300 days 15 hours 
DBWrapper: report latency for each error is false and specific error codes to track for latency are: []
2023-12-21 10:03:35:816 210 sec: 15440 operations; 1544 current ops/sec; est completion in 3 hours 43 minutes [READ: Count=7728, Max=3057, Min=3, Avg=529.84, 90=1248, 99=1992, 99.9=2557, 99.99=2949] [UPDATE: Count=7725, Max=14911, Min=22, Avg=590.22, 90=1296, 99=2077, 99.9=3021, 99.99=12879] 
2023-12-21 10:03:45:816 220 sec: 46107 operations; 3066.7 current ops/sec; est completion in 1 hour 15 minutes [READ: Count=15264, Max=152575, Min=6, Avg=312.92, 90=742, 99=1491, 99.9=2046, 99.99=150527] [UPDATE: Count=15403, Max=2923, Min=33, Avg=331.76, 90=795, 99=1518, 99.9=2113, 99.99=2531] 
2023-12-21 10:03:55:816 230 sec: 82434 operations; 3632.7 current ops/sec; est completion in 42 minutes [READ: Count=17993, Max=3961, Min=3, Avg=247.68, 90=644, 99=1136, 99.9=1620, 99.99=2041] [UPDATE: Count=18321, Max=6335, Min=19, Avg=296.93, 90=692, 99=1190, 99.9=1648, 99.99=3573] 
2023-12-21 10:04:05:816 240 sec: 122419 operations; 3998.5 current ops/sec; est completion in 28 minutes [READ: Count=19876, Max=151423, Min=3, Avg=229.98, 90=557, 99=989, 99.9=1433, 99.99=2315] [UPDATE: Count=20118, Max=139263, Min=18, Avg=265.72, 90=598, 99=1030, 99.9=1517, 99.99=2623] 
2023-12-21 10:04:15:816 250 sec: 168907 operations; 4648.8 current ops/sec; est completion in 20 minutes [READ: Count=23168, Max=147071, Min=3, Avg=191.64, 90=458, 99=888, 99.9=1346, 99.99=2371] [UPDATE: Count=23316, Max=155391, Min=19, Avg=234.6, 90=506, 99=912, 99.9=1423, 99.99=7207] 
2023-12-21 10:04:25:816 260 sec: 215465 operations; 4655.8 current ops/sec; est completion in 15 minutes [READ: Count=23101, Max=4823, Min=3, Avg=191.12, 90=474, 99=858, 99.9=1215, 99.99=2099] [UPDATE: Count=23458, Max=2445, Min=17, Avg=234.32, 90=519, 99=881, 99.9=1260, 99.99=1629] 
2023-12-21 10:04:35:816 270 sec: 268925 operations; 5346 current ops/sec; est completion in 12 minutes [READ: Count=26729, Max=2297, Min=3, Avg=161.66, 90=436, 99=794, 99.9=1150, 99.99=1793] [UPDATE: Count=26730, Max=4939, Min=18, Avg=208.72, 90=489, 99=832, 99.9=1186, 99.99=1627] 
2023-12-21 10:04:45:816 280 sec: 315968 operations; 4704.3 current ops/sec; est completion in 10 minutes [READ: Count=23576, Max=179455, Min=3, Avg=200.45, 90=419, 99=760, 99.9=1198, 99.99=163583] [UPDATE: Count=23469, Max=161023, Min=17, Avg=221.02, 90=469, 99=801, 99.9=1194, 99.99=9695] 
2023-12-21 10:04:55:816 290 sec: 375797 operations; 5982.9 current ops/sec; est completion in 8 minutes [READ: Count=29601, Max=1668, Min=4, Avg=142.61, 90=398, 99=702, 99.9=1009, 99.99=1380] [UPDATE: Count=30226, Max=5087, Min=18, Avg=187.61, 90=441, 99=770, 99.9=1141, 99.99=1690] 
2023-12-21 10:05:05:816 300 sec: 447426 operations; 7162.9 current ops/sec; est completion in 6 minutes [READ: Count=35718, Max=1646, Min=3, Avg=115.1, 90=301, 99=606, 99.9=901, 99.99=1352] [UPDATE: Count=35922, Max=6943, Min=19, Avg=160.56, 90=353, 99=656, 99.9=968, 99.99=1643] 
2023-12-21 10:05:15:816 310 sec: 527561 operations; 8013.5 current ops/sec; est completion in 4 minutes [READ: Count=40174, Max=1508, Min=3, Avg=102.61, 90=251, 99=405, 99.9=515, 99.99=650] [UPDATE: Count=39954, Max=5415, Min=19, Avg=143.81, 90=291, 99=454, 99.9=565, 99.99=1076] 
2023-12-21 10:05:25:816 320 sec: 610303 operations; 8274.2 current ops/sec; est completion in 3 minutes [READ: Count=41099, Max=1526, Min=3, Avg=98.21, 90=244, 99=401, 99.9=518, 99.99=805] [UPDATE: Count=41642, Max=13871, Min=18, Avg=139.95, 90=281, 99=445, 99.9=576, 99.99=888] 
2023-12-21 10:05:35:816 330 sec: 696048 operations; 8574.5 current ops/sec; est completion in 2 minutes [READ: Count=42763, Max=1446, Min=3, Avg=93.5, 90=223, 99=390, 99.9=472, 99.99=748] [UPDATE: Count=42984, Max=5379, Min=18, Avg=136.32, 90=267, 99=440, 99.9=552, 99.99=1522] 
2023-12-21 10:05:45:816 340 sec: 783849 operations; 8780.1 current ops/sec; est completion in 1 minute [READ: Count=44092, Max=904, Min=4, Avg=90.6, 90=205, 99=385, 99.9=474, 99.99=748] [UPDATE: Count=43706, Max=4843, Min=18, Avg=134.11, 90=255, 99=440, 99.9=553, 99.99=979] 
2023-12-21 10:05:55:816 350 sec: 873809 operations; 8996 current ops/sec; est completion in 51 seconds [READ: Count=45003, Max=1617, Min=3, Avg=87.73, 90=193, 99=382, 99.9=484, 99.99=762] [UPDATE: Count=44957, Max=5267, Min=18, Avg=131.34, 90=246, 99=428, 99.9=542, 99.99=1343] 
2023-12-21 10:06:05:816 360 sec: 969258 operations; 9544.9 current ops/sec; est completion in 12 seconds [READ: Count=47919, Max=1103, Min=4, Avg=84.2, 90=187, 99=368, 99.9=476, 99.99=719] [UPDATE: Count=47536, Max=1874, Min=17, Avg=122.16, 90=229, 99=415, 99.9=530, 99.99=742] 
2023-12-21 10:06:09:614 363 sec: 1000000 operations; 8096.39 current ops/sec; [READ: Count=15305, Max=652, Min=3, Avg=83.25, 90=185, 99=365, 99.9=476, 99.99=588] [CLEANUP: Count=1, Max=626687, Min=626176, Avg=626432, 90=626687, 99=626687, 99.9=626687, 99.99=626687] [UPDATE: Count=15424, Max=980, Min=19, Avg=119.61, 90=224, 99=410, 99.9=556, 99.99=701] 
