[WARN]  Running against a source checkout. In order to get our runtime dependencies we'll have to invoke Maven. Depending on the state of your system, this may take ~30-45 seconds
[DEBUG]  Running 'mvn -pl site.ycsb:rocksdb-binding -am package -DskipTests dependency:build-classpath -DincludeScope=compile -Dmdep.outputFilterFile=true'
java -cp /home/user/src/rocksdb-cheops-2024/ycsb/rocksdb/conf:/home/user/src/rocksdb-cheops-2024/ycsb/rocksdb/target/rocksdb-binding-0.18.0-SNAPSHOT.jar:/root/.m2/repository/org/apache/htrace/htrace-core4/4.1.0-incubating/htrace-core4-4.1.0-incubating.jar:/root/.m2/repository/org/slf4j/slf4j-api/1.7.25/slf4j-api-1.7.25.jar:/home/user/src/rocksdb-cheops-2024/rocksdb-ycsb/java/target/rocksdbjni-7.4.3-linux64.jar:/root/.m2/repository/net/jcip/jcip-annotations/1.0/jcip-annotations-1.0.jar:/root/.m2/repository/org/hdrhistogram/HdrHistogram/2.1.4/HdrHistogram-2.1.4.jar:/root/.m2/repository/org/codehaus/jackson/jackson-mapper-asl/1.9.4/jackson-mapper-asl-1.9.4.jar:/lib/libzbd.so.1:/root/.m2/repository/org/codehaus/jackson/jackson-core-asl/1.9.4/jackson-core-asl-1.9.4.jar:/home/user/src/rocksdb-cheops-2024/rocksdb-ycsb/java/target/librocksdbjni-linux64.so:/home/user/src/rocksdb-cheops-2024/ycsb/core/target/core-0.18.0-SNAPSHOT.jar site.ycsb.Client -db site.ycsb.db.rocksdb.RocksDBClient -s -P ./workloads/workloada -p recordcount=5242880 -p operationcount=1000000 -p fieldlength=386 -p fieldcount=10 -t
Command line: -db site.ycsb.db.rocksdb.RocksDBClient -s -P ./workloads/workloada -p recordcount=5242880 -p operationcount=1000000 -p fieldlength=386 -p fieldcount=10 -t
YCSB Client 0.18.0-SNAPSHOT

Loading workload...
Starting test.
SLF4J: Failed to load class "org.slf4j.impl.StaticLoggerBinder".
SLF4J: Defaulting to no-operation (NOP) logger implementation
SLF4J: See http://www.slf4j.org/codes.html#StaticLoggerBinder for further details.
2023-12-21 13:02:40:994 0 sec: 0 operations; est completion in 0 second 
Leet YCSB 
2023-12-21 13:02:50:954 10 sec: 0 operations; est completion in 106751991167300 days 15 hours 
2023-12-21 13:03:00:954 20 sec: 0 operations; est completion in 106751991167300 days 15 hours 
2023-12-21 13:03:10:954 30 sec: 0 operations; est completion in 106751991167300 days 15 hours 
DBWrapper: report latency for each error is false and specific error codes to track for latency are: []
2023-12-21 13:03:20:954 40 sec: 1034 operations; 103.4 current ops/sec; est completion in 10 hours 44 minutes [READ: Count=523, Max=3295, Min=8, Avg=892.54, 90=2427, 99=3001, 99.9=3177, 99.99=3295] [UPDATE: Count=517, Max=3389, Min=49, Avg=984.91, 90=2533, 99=3199, 99.9=3315, 99.99=3389] 
2023-12-21 13:03:30:954 50 sec: 15063 operations; 1402.9 current ops/sec; est completion in 54 minutes [READ: Count=6987, Max=3935, Min=5, Avg=686.93, 90=1860, 99=3011, 99.9=3343, 99.99=3609] [UPDATE: Count=7041, Max=12943, Min=18, Avg=725.03, 90=1883, 99=3083, 99.9=3421, 99.99=4081] 
2023-12-21 13:03:40:954 60 sec: 31078 operations; 1601.5 current ops/sec; est completion in 31 minutes [READ: Count=7926, Max=4599, Min=6, Avg=590.83, 90=1689, 99=3239, 99.9=3669, 99.99=4507] [UPDATE: Count=8086, Max=4009, Min=31, Avg=648.79, 90=1751, 99=3313, 99.9=3719, 99.99=3977] 
2023-12-21 13:03:50:954 70 sec: 50214 operations; 1913.79 current ops/sec; est completion in 22 minutes [READ: Count=9611, Max=4675, Min=6, Avg=497.96, 90=1406, 99=3151, 99.9=3651, 99.99=4439] [UPDATE: Count=9525, Max=6651, Min=32, Avg=539.33, 90=1385, 99=3207, 99.9=3629, 99.99=4267] 
2023-12-21 13:04:00:954 80 sec: 75101 operations; 2488.45 current ops/sec; est completion in 16 minutes [READ: Count=12500, Max=9175, Min=3, Avg=375.13, 90=1028, 99=2991, 99.9=3497, 99.99=4403] [UPDATE: Count=12391, Max=5975, Min=17, Avg=422.76, 90=1074, 99=3029, 99.9=3567, 99.99=5527] 
2023-12-21 13:04:10:954 90 sec: 108380 operations; 3327.9 current ops/sec; est completion in 12 minutes [READ: Count=16553, Max=7267, Min=4, Avg=275.33, 90=794, 99=2789, 99.9=3515, 99.99=5651] [UPDATE: Count=16726, Max=11103, Min=17, Avg=320.89, 90=857, 99=2855, 99.9=3445, 99.99=5599] 
2023-12-21 13:04:20:954 100 sec: 152940 operations; 4456.45 current ops/sec; est completion in 9 minutes [READ: Count=22328, Max=5571, Min=4, Avg=206.98, 90=565, 99=2421, 99.9=3329, 99.99=4883] [UPDATE: Count=22237, Max=6803, Min=17, Avg=237.73, 90=596, 99=2415, 99.9=3355, 99.99=5407] 
2023-12-21 13:04:30:954 110 sec: 208588 operations; 5564.24 current ops/sec; est completion in 6 minutes [READ: Count=27838, Max=5387, Min=3, Avg=161.25, 90=273, 99=2121, 99.9=2993, 99.99=3765] [UPDATE: Count=27807, Max=6991, Min=17, Avg=194.09, 90=313, 99=2161, 99.9=3043, 99.99=3679] 
2023-12-21 13:04:40:954 120 sec: 245882 operations; 3729.4 current ops/sec; est completion in 6 minutes [READ: Count=18662, Max=327935, Min=3, Avg=259.3, 90=458, 99=2465, 99.9=4083, 99.99=5159] [UPDATE: Count=18632, Max=311295, Min=17, Avg=272.81, 90=491, 99=2509, 99.9=4339, 99.99=4707] 
2023-12-21 13:04:50:954 130 sec: 272293 operations; 2641.1 current ops/sec; est completion in 5 minutes [READ: Count=13389, Max=5223, Min=4, Avg=349.35, 90=812, 99=3817, 99.9=4583, 99.99=5083] [UPDATE: Count=13016, Max=6235, Min=17, Avg=404.05, 90=939, 99=3989, 99.9=4551, 99.99=6091] 
2023-12-21 13:05:00:954 140 sec: 300852 operations; 2856.19 current ops/sec; est completion in 5 minutes [READ: Count=14106, Max=7183, Min=4, Avg=323.49, 90=1081, 99=2935, 99.9=4207, 99.99=5379] [UPDATE: Count=14454, Max=6683, Min=17, Avg=371.77, 90=1147, 99=3071, 99.9=4811, 99.99=5879] 
2023-12-21 13:05:10:954 150 sec: 352431 operations; 5157.9 current ops/sec; est completion in 4 minutes [READ: Count=25835, Max=4795, Min=4, Avg=174.38, 90=422, 99=1985, 99.9=3503, 99.99=4215] [UPDATE: Count=25754, Max=14423, Min=18, Avg=209.53, 90=466, 99=2013, 99.9=3669, 99.99=5191] 
2023-12-21 13:05:20:954 160 sec: 407355 operations; 5492.4 current ops/sec; est completion in 3 minutes [READ: Count=27376, Max=275967, Min=4, Avg=171.94, 90=323, 99=1994, 99.9=2621, 99.99=5355] [UPDATE: Count=27546, Max=5155, Min=19, Avg=188.51, 90=372, 99=2057, 99.9=2639, 99.99=4291] 
2023-12-21 13:05:30:954 170 sec: 468681 operations; 6132.6 current ops/sec; est completion in 3 minutes [READ: Count=30779, Max=6163, Min=4, Avg=145.58, 90=330, 99=1825, 99.9=2639, 99.99=3793] [UPDATE: Count=30551, Max=7711, Min=16, Avg=177.04, 90=366, 99=1804, 99.9=2631, 99.99=4927] 
2023-12-21 13:05:40:954 180 sec: 531601 operations; 6292 current ops/sec; est completion in 2 minutes [READ: Count=31415, Max=262911, Min=4, Avg=136.12, 90=306, 99=1483, 99.9=2273, 99.99=5839] [UPDATE: Count=31504, Max=294143, Min=15, Avg=177.82, 90=338, 99=1538, 99.9=2375, 99.99=6167] 
2023-12-21 13:05:50:954 190 sec: 590838 operations; 5923.7 current ops/sec; est completion in 2 minutes [READ: Count=29610, Max=5951, Min=4, Avg=151.36, 90=361, 99=1540, 99.9=2351, 99.99=3917] [UPDATE: Count=29618, Max=6483, Min=17, Avg=182.55, 90=381, 99=1560, 99.9=2369, 99.99=4643] 
2023-12-21 13:06:00:954 200 sec: 651234 operations; 6039 current ops/sec; est completion in 1 minute [READ: Count=30129, Max=6683, Min=4, Avg=145.31, 90=357, 99=1519, 99.9=2223, 99.99=4055] [UPDATE: Count=30265, Max=6003, Min=17, Avg=181.97, 90=417, 99=1568, 99.9=2297, 99.99=3315] 
2023-12-21 13:06:10:954 210 sec: 708461 operations; 5722.7 current ops/sec; est completion in 1 minute [READ: Count=28556, Max=6843, Min=4, Avg=155.87, 90=394, 99=1517, 99.9=2139, 99.99=2927] [UPDATE: Count=28676, Max=7103, Min=17, Avg=189.85, 90=432, 99=1533, 99.9=2301, 99.99=5295] 
2023-12-21 13:06:20:954 220 sec: 774913 operations; 6645.2 current ops/sec; est completion in 1 minute [READ: Count=33180, Max=5431, Min=4, Avg=133.39, 90=309, 99=1246, 99.9=2093, 99.99=4343] [UPDATE: Count=33266, Max=6627, Min=17, Avg=164.02, 90=342, 99=1267, 99.9=2009, 99.99=5515] 
2023-12-21 13:06:30:954 230 sec: 858401 operations; 8348.8 current ops/sec; est completion in 38 seconds [READ: Count=41577, Max=257535, Min=3, Avg=99.54, 90=195, 99=825, 99.9=1329, 99.99=4159] [UPDATE: Count=41909, Max=252671, Min=17, Avg=132.87, 90=235, 99=892, 99.9=1451, 99.99=5011] 
2023-12-21 13:06:40:954 240 sec: 928071 operations; 6967 current ops/sec; est completion in 19 seconds [READ: Count=35199, Max=8583, Min=4, Avg=123.24, 90=266, 99=1450, 99.9=2113, 99.99=3277] [UPDATE: Count=34479, Max=265983, Min=16, Avg=164.65, 90=312, 99=1509, 99.9=2095, 99.99=6003] 
2023-12-21 13:06:50:954 250 sec: 1000000 operations; 7192.9 current ops/sec; [READ: Count=35863, Max=5779, Min=4, Avg=118.58, 90=230, 99=1445, 99.9=2065, 99.99=2603] [UPDATE: Count=36058, Max=10375, Min=16, Avg=154.12, 90=281, 99=1497, 99.9=2117, 99.99=5659] 
2023-12-21 13:06:50:991 250 sec: 1000000 operations; 0 current ops/sec; [READ: Count=0, Max=0, Min=9223372036854775807, Avg=NaN, 90=0, 99=0, 99.9=0, 99.99=0] [CLEANUP: Count=1, Max=87487, Min=87424, Avg=87456, 90=87487, 99=87487, 99.9=87487, 99.99=87487] [UPDATE: Count=0, Max=0, Min=9223372036854775807, Avg=NaN, 90=0, 99=0, 99.9=0, 99.99=0] 
