[OVERALL], RunTime(ms), 356252
[OVERALL], Throughput(ops/sec), 2807.0017852531355
[TOTAL_GCS_G1_Young_Generation], Count, 18
[TOTAL_GC_TIME_G1_Young_Generation], Time(ms), 89
[TOTAL_GC_TIME_%_G1_Young_Generation], Time(%), 0.024982315888752903
[TOTAL_GCS_G1_Old_Generation], Count, 0
[TOTAL_GC_TIME_G1_Old_Generation], Time(ms), 0
[TOTAL_GC_TIME_%_G1_Old_Generation], Time(%), 0.0
[TOTAL_GCs], Count, 18
[TOTAL_GC_TIME], Time(ms), 89
[TOTAL_GC_TIME_%], Time(%), 0.024982315888752903
[READ], Operations, 499552
[READ], AverageLatency(us), 138.94765309717508
[READ], MinLatency(us), 3
[READ], MaxLatency(us), 157567
[READ], 95thPercentileLatency(us), 459
[READ], 99thPercentileLatency(us), 835
[READ], Return=OK, 499552
[CLEANUP], Operations, 1
[CLEANUP], AverageLatency(us), 17880.0
[CLEANUP], MinLatency(us), 17872
[CLEANUP], MaxLatency(us), 17887
[CLEANUP], 95thPercentileLatency(us), 17887
[CLEANUP], 99thPercentileLatency(us), 17887
[UPDATE], Operations, 500448
[UPDATE], AverageLatency(us), 179.32357607583606
[UPDATE], MinLatency(us), 15
[UPDATE], MaxLatency(us), 158847
[UPDATE], 95thPercentileLatency(us), 512
[UPDATE], 99thPercentileLatency(us), 899
[UPDATE], Return=OK, 500448
