[WARN]  Running against a source checkout. In order to get our runtime dependencies we'll have to invoke Maven. Depending on the state of your system, this may take ~30-45 seconds
[DEBUG]  Running 'mvn -pl site.ycsb:rocksdb-binding -am package -DskipTests dependency:build-classpath -DincludeScope=compile -Dmdep.outputFilterFile=true'
java -cp /home/user/src/rocksdb-cheops-2024/ycsb/rocksdb/conf:/home/user/src/rocksdb-cheops-2024/ycsb/rocksdb/target/rocksdb-binding-0.18.0-SNAPSHOT.jar:/root/.m2/repository/org/apache/htrace/htrace-core4/4.1.0-incubating/htrace-core4-4.1.0-incubating.jar:/root/.m2/repository/org/slf4j/slf4j-api/1.7.25/slf4j-api-1.7.25.jar:/home/user/src/rocksdb-cheops-2024/rocksdb-ycsb/java/target/rocksdbjni-7.4.3-linux64.jar:/root/.m2/repository/net/jcip/jcip-annotations/1.0/jcip-annotations-1.0.jar:/root/.m2/repository/org/hdrhistogram/HdrHistogram/2.1.4/HdrHistogram-2.1.4.jar:/root/.m2/repository/org/codehaus/jackson/jackson-mapper-asl/1.9.4/jackson-mapper-asl-1.9.4.jar:/lib/libzbd.so.1:/root/.m2/repository/org/codehaus/jackson/jackson-core-asl/1.9.4/jackson-core-asl-1.9.4.jar:/home/user/src/rocksdb-cheops-2024/rocksdb-ycsb/java/target/librocksdbjni-linux64.so:/home/user/src/rocksdb-cheops-2024/ycsb/core/target/core-0.18.0-SNAPSHOT.jar site.ycsb.Client -db site.ycsb.db.rocksdb.RocksDBClient -s -P ./workloads/workloada -p recordcount=5242880 -p operationcount=1000000 -p fieldlength=386 -p fieldcount=10 -t
Command line: -db site.ycsb.db.rocksdb.RocksDBClient -s -P ./workloads/workloada -p recordcount=5242880 -p operationcount=1000000 -p fieldlength=386 -p fieldcount=10 -t
YCSB Client 0.18.0-SNAPSHOT

Loading workload...
Starting test.
SLF4J: Failed to load class "org.slf4j.impl.StaticLoggerBinder".
SLF4J: Defaulting to no-operation (NOP) logger implementation
SLF4J: See http://www.slf4j.org/codes.html#StaticLoggerBinder for further details.
2023-12-21 12:33:37:339 0 sec: 0 operations; est completion in 0 second 
Leet YCSB 
2023-12-21 12:33:47:293 10 sec: 0 operations; est completion in 106751991167300 days 15 hours 
2023-12-21 12:33:57:293 20 sec: 0 operations; est completion in 106751991167300 days 15 hours 
2023-12-21 12:34:07:293 30 sec: 0 operations; est completion in 106751991167300 days 15 hours 
2023-12-21 12:34:17:292 40 sec: 0 operations; est completion in 106751991167300 days 15 hours 
DBWrapper: report latency for each error is false and specific error codes to track for latency are: []
2023-12-21 12:34:27:293 50 sec: 9398 operations; 939.8 current ops/sec; est completion in 1 hour 27 minutes [READ: Count=4730, Max=12231, Min=4, Avg=840.17, 90=2083, 99=3379, 99.9=3875, 99.99=12231] [UPDATE: Count=4679, Max=11127, Min=22, Avg=905.41, 90=2123, 99=3511, 99.9=3921, 99.99=11127] 
2023-12-21 12:34:37:293 60 sec: 23600 operations; 1420.2 current ops/sec; est completion in 41 minutes [READ: Count=7111, Max=13399, Min=6, Avg=672.37, 90=2020, 99=3279, 99.9=4303, 99.99=10159] [UPDATE: Count=7085, Max=12735, Min=36, Avg=725.62, 90=2036, 99=3335, 99.9=4115, 99.99=10807] 
2023-12-21 12:34:47:293 70 sec: 41420 operations; 1782 current ops/sec; est completion in 27 minutes [READ: Count=8838, Max=9447, Min=6, Avg=528.07, 90=1610, 99=3233, 99.9=4271, 99.99=6547] [UPDATE: Count=8979, Max=11479, Min=37, Avg=585.45, 90=1607, 99=3251, 99.9=4255, 99.99=11311] 
2023-12-21 12:34:57:293 80 sec: 63434 operations; 2201.4 current ops/sec; est completion in 19 minutes [READ: Count=11104, Max=6451, Min=4, Avg=420.24, 90=1296, 99=3031, 99.9=3943, 99.99=5831] [UPDATE: Count=10912, Max=12287, Min=24, Avg=480.9, 90=1348, 99=3203, 99.9=4155, 99.99=12127] 
2023-12-21 12:35:07:293 90 sec: 90502 operations; 2706.8 current ops/sec; est completion in 15 minutes [READ: Count=13567, Max=8519, Min=3, Avg=340.93, 90=1085, 99=2903, 99.9=4023, 99.99=8375] [UPDATE: Count=13497, Max=10879, Min=18, Avg=393.28, 90=1186, 99=2969, 99.9=4077, 99.99=9367] 
2023-12-21 12:35:17:293 100 sec: 123358 operations; 3285.6 current ops/sec; est completion in 11 minutes [READ: Count=16275, Max=10791, Min=3, Avg=280.19, 90=896, 99=2707, 99.9=4143, 99.99=5407] [UPDATE: Count=16588, Max=10031, Min=20, Avg=323.58, 90=957, 99=2735, 99.9=4029, 99.99=5127] 
2023-12-21 12:35:27:293 110 sec: 164234 operations; 4087.6 current ops/sec; est completion in 9 minutes [READ: Count=20342, Max=5219, Min=3, Avg=221.03, 90=649, 99=2313, 99.9=3993, 99.99=4843] [UPDATE: Count=20533, Max=4863, Min=21, Avg=263.86, 90=730, 99=2297, 99.9=3783, 99.99=4627] 
2023-12-21 12:35:37:293 120 sec: 215778 operations; 5154.4 current ops/sec; est completion in 7 minutes [READ: Count=25948, Max=5575, Min=3, Avg=172.92, 90=350, 99=1865, 99.9=3435, 99.99=4867] [UPDATE: Count=25597, Max=4551, Min=19, Avg=211.35, 90=401, 99=1878, 99.9=3217, 99.99=4203] 
2023-12-21 12:35:47:292 130 sec: 255788 operations; 4001 current ops/sec; est completion in 6 minutes [READ: Count=20108, Max=320767, Min=3, Avg=222.48, 90=499, 99=2329, 99.9=4175, 99.99=5343] [UPDATE: Count=19898, Max=304895, Min=16, Avg=273.54, 90=549, 99=2297, 99.9=4183, 99.99=5475] 
2023-12-21 12:35:57:293 140 sec: 278484 operations; 2269.6 current ops/sec; est completion in 6 minutes [READ: Count=11316, Max=6103, Min=3, Avg=421.24, 90=1430, 99=3149, 99.9=4871, 99.99=6007] [UPDATE: Count=11378, Max=6691, Min=20, Avg=455.31, 90=1404, 99=3225, 99.9=4471, 99.99=5411] 
2023-12-21 12:36:07:292 150 sec: 303148 operations; 2466.4 current ops/sec; est completion in 5 minutes [READ: Count=12305, Max=6351, Min=3, Avg=382.79, 90=1296, 99=3065, 99.9=4423, 99.99=5547] [UPDATE: Count=12361, Max=6831, Min=20, Avg=423.31, 90=1338, 99=3033, 99.9=4635, 99.99=5971] 
2023-12-21 12:36:17:292 160 sec: 331068 operations; 2792 current ops/sec; est completion in 5 minutes [READ: Count=14011, Max=6891, Min=3, Avg=334.53, 90=1160, 99=2935, 99.9=4491, 99.99=5935] [UPDATE: Count=13912, Max=6135, Min=18, Avg=377.48, 90=1217, 99=3019, 99.9=4571, 99.99=5791] 
2023-12-21 12:36:27:293 170 sec: 367868 operations; 3680 current ops/sec; est completion in 4 minutes [READ: Count=18458, Max=5911, Min=3, Avg=249.15, 90=776, 99=2483, 99.9=3965, 99.99=4919] [UPDATE: Count=18349, Max=6099, Min=20, Avg=290.51, 90=835, 99=2541, 99.9=3853, 99.99=5095] 
2023-12-21 12:36:37:293 180 sec: 410418 operations; 4255 current ops/sec; est completion in 4 minutes [READ: Count=21320, Max=253055, Min=4, Avg=210.35, 90=446, 99=2147, 99.9=3391, 99.99=4647] [UPDATE: Count=21223, Max=293631, Min=21, Avg=255.95, 90=498, 99=2221, 99.9=3553, 99.99=5155] 
2023-12-21 12:36:47:292 190 sec: 453281 operations; 4286.3 current ops/sec; est completion in 3 minutes [READ: Count=21505, Max=5415, Min=4, Avg=206.77, 90=482, 99=2259, 99.9=3523, 99.99=4815] [UPDATE: Count=21355, Max=5623, Min=22, Avg=256.12, 90=549, 99=2395, 99.9=3749, 99.99=4887] 
2023-12-21 12:36:57:293 200 sec: 502437 operations; 4915.6 current ops/sec; est completion in 3 minutes [READ: Count=24606, Max=4487, Min=3, Avg=181.34, 90=429, 99=2117, 99.9=3383, 99.99=4231] [UPDATE: Count=24556, Max=4723, Min=18, Avg=221.7, 90=472, 99=2143, 99.9=3531, 99.99=4375] 
2023-12-21 12:37:07:293 210 sec: 557928 operations; 5549.1 current ops/sec; est completion in 2 minutes [READ: Count=27738, Max=4439, Min=3, Avg=159.77, 90=356, 99=1907, 99.9=3057, 99.99=4119] [UPDATE: Count=27747, Max=5559, Min=17, Avg=196.98, 90=377, 99=2003, 99.9=3223, 99.99=4215] 
2023-12-21 12:37:17:293 220 sec: 610786 operations; 5285.8 current ops/sec; est completion in 2 minutes [READ: Count=26429, Max=5107, Min=3, Avg=168.04, 90=307, 99=2020, 99.9=2997, 99.99=3787] [UPDATE: Count=26435, Max=5135, Min=17, Avg=206.7, 90=356, 99=2093, 99.9=3127, 99.99=4083] 
2023-12-21 12:37:27:293 230 sec: 662200 operations; 5141.4 current ops/sec; est completion in 1 minute [READ: Count=25797, Max=3859, Min=3, Avg=174.62, 90=305, 99=2065, 99.9=3127, 99.99=3505] [UPDATE: Count=25608, Max=5171, Min=20, Avg=210.87, 90=352, 99=2073, 99.9=3163, 99.99=3809] 
2023-12-21 12:37:37:293 240 sec: 711892 operations; 4969.2 current ops/sec; est completion in 1 minute [READ: Count=24917, Max=3671, Min=3, Avg=168.48, 90=297, 99=2041, 99.9=3109, 99.99=3593] [UPDATE: Count=24786, Max=309247, Min=17, Avg=230.53, 90=331, 99=2051, 99.9=3101, 99.99=260863] 
2023-12-21 12:37:47:293 250 sec: 761947 operations; 5005.5 current ops/sec; est completion in 1 minute [READ: Count=24937, Max=3687, Min=3, Avg=176.13, 90=304, 99=2071, 99.9=3207, 99.99=3605] [UPDATE: Count=25110, Max=4955, Min=20, Avg=219.57, 90=363, 99=2181, 99.9=3181, 99.99=3623] 
2023-12-21 12:37:57:293 260 sec: 811756 operations; 4980.9 current ops/sec; est completion in 1 minute [READ: Count=24918, Max=4291, Min=3, Avg=179.78, 90=326, 99=2103, 99.9=3061, 99.99=3739] [UPDATE: Count=24888, Max=5167, Min=19, Avg=217.94, 90=369, 99=2135, 99.9=3147, 99.99=4069] 
2023-12-21 12:38:07:293 270 sec: 856403 operations; 4464.7 current ops/sec; est completion in 46 seconds [READ: Count=22697, Max=5019, Min=3, Avg=200.34, 90=445, 99=2127, 99.9=3313, 99.99=4271] [UPDATE: Count=21963, Max=6355, Min=18, Avg=244.41, 90=496, 99=2235, 99.9=3301, 99.99=4599] 
2023-12-21 12:38:17:293 280 sec: 903672 operations; 4726.9 current ops/sec; est completion in 30 seconds [READ: Count=23672, Max=4719, Min=3, Avg=188.56, 90=409, 99=2105, 99.9=3373, 99.99=4207] [UPDATE: Count=23595, Max=13095, Min=17, Avg=230.94, 90=468, 99=2197, 99.9=3593, 99.99=5479] 
2023-12-21 12:38:27:293 290 sec: 956669 operations; 5299.7 current ops/sec; est completion in 14 seconds [READ: Count=26481, Max=5195, Min=3, Avg=168.57, 90=302, 99=2065, 99.9=3347, 99.99=4411] [UPDATE: Count=26509, Max=4975, Min=18, Avg=205.19, 90=340, 99=2091, 99.9=3493, 99.99=4583] 
2023-12-21 12:38:35:758 298 sec: 1000000 operations; 5118.84 current ops/sec; [READ: Count=21615, Max=254335, Min=3, Avg=176.72, 90=248, 99=2003, 99.9=3067, 99.99=3549] [CLEANUP: Count=1, Max=141439, Min=141312, Avg=141376, 90=141439, 99=141439, 99.9=141439, 99.99=141439] [UPDATE: Count=21712, Max=257407, Min=21, Avg=203.77, 90=289, 99=2042, 99.9=3011, 99.99=3607] 
