[WARN]  Running against a source checkout. In order to get our runtime dependencies we'll have to invoke Maven. Depending on the state of your system, this may take ~30-45 seconds
[DEBUG]  Running 'mvn -pl site.ycsb:rocksdb-binding -am package -DskipTests dependency:build-classpath -DincludeScope=compile -Dmdep.outputFilterFile=true'
java -cp /home/user/src/rocksdb-cheops-2024/ycsb/rocksdb/conf:/home/user/src/rocksdb-cheops-2024/ycsb/rocksdb/target/rocksdb-binding-0.18.0-SNAPSHOT.jar:/root/.m2/repository/org/apache/htrace/htrace-core4/4.1.0-incubating/htrace-core4-4.1.0-incubating.jar:/root/.m2/repository/org/slf4j/slf4j-api/1.7.25/slf4j-api-1.7.25.jar:/home/user/src/rocksdb-cheops-2024/rocksdb-ycsb/java/target/rocksdbjni-7.4.3-linux64.jar:/root/.m2/repository/net/jcip/jcip-annotations/1.0/jcip-annotations-1.0.jar:/root/.m2/repository/org/hdrhistogram/HdrHistogram/2.1.4/HdrHistogram-2.1.4.jar:/root/.m2/repository/org/codehaus/jackson/jackson-mapper-asl/1.9.4/jackson-mapper-asl-1.9.4.jar:/lib/libzbd.so.1:/root/.m2/repository/org/codehaus/jackson/jackson-core-asl/1.9.4/jackson-core-asl-1.9.4.jar:/home/user/src/rocksdb-cheops-2024/rocksdb-ycsb/java/target/librocksdbjni-linux64.so:/home/user/src/rocksdb-cheops-2024/ycsb/core/target/core-0.18.0-SNAPSHOT.jar site.ycsb.Client -db site.ycsb.db.rocksdb.RocksDBClient -s -P ./workloads/workloada -p recordcount=5242880 -p operationcount=1000000 -p fieldlength=386 -p fieldcount=10 -t
Command line: -db site.ycsb.db.rocksdb.RocksDBClient -s -P ./workloads/workloada -p recordcount=5242880 -p operationcount=1000000 -p fieldlength=386 -p fieldcount=10 -t
YCSB Client 0.18.0-SNAPSHOT

Loading workload...
Starting test.
SLF4J: Failed to load class "org.slf4j.impl.StaticLoggerBinder".
SLF4J: Defaulting to no-operation (NOP) logger implementation
SLF4J: See http://www.slf4j.org/codes.html#StaticLoggerBinder for further details.
2023-12-21 09:43:38:260 0 sec: 0 operations; est completion in 0 second 
Leet YCSB 
2023-12-21 09:43:48:222 10 sec: 0 operations; est completion in 106751991167300 days 15 hours 
2023-12-21 09:43:58:222 20 sec: 0 operations; est completion in 106751991167300 days 15 hours 
2023-12-21 09:44:08:222 30 sec: 0 operations; est completion in 106751991167300 days 15 hours 
2023-12-21 09:44:18:222 40 sec: 0 operations; est completion in 106751991167300 days 15 hours 
2023-12-21 09:44:28:222 50 sec: 0 operations; est completion in 106751991167300 days 15 hours 
2023-12-21 09:44:38:222 60 sec: 0 operations; est completion in 106751991167300 days 15 hours 
2023-12-21 09:44:48:222 70 sec: 0 operations; est completion in 106751991167300 days 15 hours 
2023-12-21 09:44:58:222 80 sec: 0 operations; est completion in 106751991167300 days 15 hours 
2023-12-21 09:45:08:222 90 sec: 0 operations; est completion in 106751991167300 days 15 hours 
2023-12-21 09:45:18:222 100 sec: 0 operations; est completion in 106751991167300 days 15 hours 
2023-12-21 09:45:28:222 110 sec: 0 operations; est completion in 106751991167300 days 15 hours 
2023-12-21 09:45:38:222 120 sec: 0 operations; est completion in 106751991167300 days 15 hours 
2023-12-21 09:45:48:222 130 sec: 0 operations; est completion in 106751991167300 days 15 hours 
2023-12-21 09:45:58:222 140 sec: 0 operations; est completion in 106751991167300 days 15 hours 
2023-12-21 09:46:08:222 150 sec: 0 operations; est completion in 106751991167300 days 15 hours 
2023-12-21 09:46:18:222 160 sec: 0 operations; est completion in 106751991167300 days 15 hours 
2023-12-21 09:46:28:222 170 sec: 0 operations; est completion in 106751991167300 days 15 hours 
2023-12-21 09:46:38:222 180 sec: 0 operations; est completion in 106751991167300 days 15 hours 
2023-12-21 09:46:48:222 190 sec: 0 operations; est completion in 106751991167300 days 15 hours 
DBWrapper: report latency for each error is false and specific error codes to track for latency are: []
2023-12-21 09:46:58:222 200 sec: 7287 operations; 728.7 current ops/sec; est completion in 7 hours 34 minutes [READ: Count=3655, Max=3341, Min=3, Avg=608.33, 90=1311, 99=2012, 99.9=2893, 99.99=3341] [UPDATE: Count=3647, Max=12703, Min=21, Avg=689.65, 90=1415, 99=2169, 99.9=3263, 99.99=12703] 
2023-12-21 09:47:08:222 210 sec: 35673 operations; 2838.6 current ops/sec; est completion in 1 hour 34 minutes [READ: Count=14180, Max=3089, Min=4, Avg=317.8, 90=913, 99=1671, 99.9=2271, 99.99=2991] [UPDATE: Count=14201, Max=3741, Min=22, Avg=379.07, 90=966, 99=1710, 99.9=2343, 99.99=3207] 
2023-12-21 09:47:18:222 220 sec: 67437 operations; 3176.4 current ops/sec; est completion in 50 minutes [READ: Count=15931, Max=154623, Min=3, Avg=278.55, 90=659, 99=1120, 99.9=1700, 99.99=2245] [UPDATE: Count=15828, Max=156543, Min=19, Avg=344.9, 90=728, 99=1193, 99.9=1644, 99.99=5611] 
2023-12-21 09:47:28:222 230 sec: 108149 operations; 4071.2 current ops/sec; est completion in 31 minutes [READ: Count=20147, Max=143999, Min=3, Avg=225.38, 90=525, 99=947, 99.9=1352, 99.99=133503] [UPDATE: Count=20567, Max=145407, Min=18, Avg=261.62, 90=583, 99=998, 99.9=1413, 99.99=1767] 
2023-12-21 09:47:38:222 240 sec: 159254 operations; 5110.5 current ops/sec; est completion in 21 minutes [READ: Count=25684, Max=2383, Min=3, Avg=172.53, 90=445, 99=841, 99.9=1312, 99.99=1738] [UPDATE: Count=25424, Max=6235, Min=15, Avg=215.43, 90=495, 99=897, 99.9=1364, 99.99=2049] 
2023-12-21 09:47:48:222 250 sec: 206791 operations; 4753.7 current ops/sec; est completion in 15 minutes [READ: Count=23832, Max=157567, Min=3, Avg=193.54, 90=450, 99=809, 99.9=1121, 99.99=1856] [UPDATE: Count=23701, Max=4903, Min=16, Avg=223.73, 90=497, 99=863, 99.9=1290, 99.99=1971] 
2023-12-21 09:47:58:222 260 sec: 260202 operations; 5341.1 current ops/sec; est completion in 12 minutes [READ: Count=26483, Max=5171, Min=3, Avg=163.89, 90=432, 99=767, 99.9=1144, 99.99=1629] [UPDATE: Count=26925, Max=2161, Min=18, Avg=206.72, 90=481, 99=828, 99.9=1192, 99.99=1741] 
2023-12-21 09:48:08:222 270 sec: 313468 operations; 5326.6 current ops/sec; est completion in 9 minutes [READ: Count=26391, Max=150399, Min=3, Avg=169.24, 90=417, 99=735, 99.9=1098, 99.99=1697] [UPDATE: Count=26885, Max=155775, Min=18, Avg=202.41, 90=460, 99=790, 99.9=1150, 99.99=1713] 
2023-12-21 09:48:18:222 280 sec: 372018 operations; 5855 current ops/sec; est completion in 7 minutes [READ: Count=29135, Max=1858, Min=3, Avg=147.44, 90=402, 99=730, 99.9=1082, 99.99=1616] [UPDATE: Count=29407, Max=5183, Min=18, Avg=190.49, 90=450, 99=774, 99.9=1149, 99.99=1776] 
2023-12-21 09:48:28:222 290 sec: 437821 operations; 6580.3 current ops/sec; est completion in 6 minutes [READ: Count=32785, Max=157183, Min=3, Avg=132.8, 90=357, 99=677, 99.9=964, 99.99=1849] [UPDATE: Count=33013, Max=122687, Min=16, Avg=166.93, 90=398, 99=719, 99.9=1044, 99.99=1526] 
2023-12-21 09:48:38:222 300 sec: 508314 operations; 7049.3 current ops/sec; est completion in 4 minutes [READ: Count=35380, Max=149503, Min=3, Avg=125.47, 90=257, 99=424, 99.9=578, 99.99=131199] [UPDATE: Count=35123, Max=158847, Min=16, Avg=155.86, 90=299, 99=471, 99.9=655, 99.99=6299] 
2023-12-21 09:48:48:222 310 sec: 590001 operations; 8168.7 current ops/sec; est completion in 3 minutes [READ: Count=40966, Max=1612, Min=3, Avg=100.07, 90=249, 99=412, 99.9=525, 99.99=681] [UPDATE: Count=40721, Max=4819, Min=17, Avg=141.77, 90=290, 99=463, 99.9=595, 99.99=1700] 
2023-12-21 09:48:58:222 320 sec: 671433 operations; 8143.2 current ops/sec; est completion in 2 minutes [READ: Count=40760, Max=1611, Min=3, Avg=100.24, 90=248, 99=414, 99.9=507, 99.99=732] [UPDATE: Count=40667, Max=5483, Min=17, Avg=141.84, 90=281, 99=463, 99.9=600, 99.99=990] 
2023-12-21 09:49:08:222 330 sec: 756275 operations; 8484.2 current ops/sec; est completion in 1 minute [READ: Count=42501, Max=1617, Min=3, Avg=96.16, 90=226, 99=410, 99.9=548, 99.99=987] [UPDATE: Count=42348, Max=5567, Min=16, Avg=136.04, 90=265, 99=448, 99.9=572, 99.99=1693] 
2023-12-21 09:49:18:222 340 sec: 844929 operations; 8865.4 current ops/sec; est completion in 1 minute [READ: Count=44277, Max=995, Min=3, Avg=90.59, 90=202, 99=395, 99.9=496, 99.99=726] [UPDATE: Count=44373, Max=5283, Min=19, Avg=131.43, 90=251, 99=437, 99.9=546, 99.99=818] 
2023-12-21 09:49:28:222 350 sec: 939468 operations; 9453.9 current ops/sec; est completion in 23 seconds [READ: Count=47237, Max=655, Min=3, Avg=84.83, 90=190, 99=379, 99.9=478, 99.99=613] [UPDATE: Count=47303, Max=2157, Min=18, Avg=123.41, 90=232, 99=417, 99.9=537, 99.99=711] 
2023-12-21 09:49:34:473 356 sec: 1000000 operations; 9683.57 current ops/sec; [READ: Count=30208, Max=976, Min=3, Avg=81.91, 90=182, 99=359, 99.9=458, 99.99=674] [CLEANUP: Count=1, Max=17887, Min=17872, Avg=17880, 90=17887, 99=17887, 99.9=17887, 99.99=17887] [UPDATE: Count=30315, Max=1835, Min=17, Avg=120.66, 90=226, 99=408, 99.9=518, 99.99=673] 
