[OVERALL], RunTime(ms), 5104
[OVERALL], Throughput(ops/sec), 195924.76489028212
[TOTAL_GCS_G1_Young_Generation], Count, 1
[TOTAL_GC_TIME_G1_Young_Generation], Time(ms), 8
[TOTAL_GC_TIME_%_G1_Young_Generation], Time(%), 0.1567398119122257
[TOTAL_GCS_G1_Old_Generation], Count, 0
[TOTAL_GC_TIME_G1_Old_Generation], Time(ms), 0
[TOTAL_GC_TIME_%_G1_Old_Generation], Time(%), 0.0
[TOTAL_GCs], Count, 1
[TOTAL_GC_TIME], Time(ms), 8
[TOTAL_GC_TIME_%], Time(%), 0.1567398119122257
[UPDATE-FAILED], Operations, 499898
[UPDATE-FAILED], AverageLatency(us), 0.058491932354200256
[UPDATE-FAILED], MinLatency(us), 0
[UPDATE-FAILED], MaxLatency(us), 615
[UPDATE-FAILED], 95thPercentileLatency(us), 0
[UPDATE-FAILED], 99thPercentileLatency(us), 1
[READ], Operations, 0
[READ], AverageLatency(us), NaN
[READ], MinLatency(us), 9223372036854775807
[READ], MaxLatency(us), 0
[READ], 95thPercentileLatency(us), 0
[READ], 99thPercentileLatency(us), 0
[READ], Return=NOT_FOUND, 500102
[CLEANUP], Operations, 1
[CLEANUP], AverageLatency(us), 3213.0
[CLEANUP], MinLatency(us), 3212
[CLEANUP], MaxLatency(us), 3213
[CLEANUP], 95thPercentileLatency(us), 3213
[CLEANUP], 99thPercentileLatency(us), 3213
[UPDATE], Operations, 0
[UPDATE], AverageLatency(us), NaN
[UPDATE], MinLatency(us), 9223372036854775807
[UPDATE], MaxLatency(us), 0
[UPDATE], 95thPercentileLatency(us), 0
[UPDATE], 99thPercentileLatency(us), 0
[UPDATE], Return=NOT_FOUND, 499898
[READ-FAILED], Operations, 500102
[READ-FAILED], AverageLatency(us), 0.04894801460502057
[READ-FAILED], MinLatency(us), 0
[READ-FAILED], MaxLatency(us), 127
[READ-FAILED], 95thPercentileLatency(us), 0
[READ-FAILED], 99thPercentileLatency(us), 1
