[OVERALL], RunTime(ms), 3534
[OVERALL], Throughput(ops/sec), 0.5659309564233164
[TOTAL_GCS_G1_Young_Generation], Count, 0
[TOTAL_GC_TIME_G1_Young_Generation], Time(ms), 0
[TOTAL_GC_TIME_%_G1_Young_Generation], Time(%), 0.0
[TOTAL_GCS_G1_Old_Generation], Count, 0
[TOTAL_GC_TIME_G1_Old_Generation], Time(ms), 0
[TOTAL_GC_TIME_%_G1_Old_Generation], Time(%), 0.0
[TOTAL_GCs], Count, 0
[TOTAL_GC_TIME], Time(ms), 0
[TOTAL_GC_TIME_%], Time(%), 0.0
[CLEANUP], Operations, 1
[CLEANUP], AverageLatency(us), 2123.0
[CLEANUP], MinLatency(us), 2122
[CLEANUP], MaxLatency(us), 2123
[CLEANUP], 95thPercentileLatency(us), 2123
[CLEANUP], 99thPercentileLatency(us), 2123
[INSERT], Operations, 2
[INSERT], AverageLatency(us), 875.0
[INSERT], MinLatency(us), 213
[INSERT], MaxLatency(us), 1537
[INSERT], 95thPercentileLatency(us), 1537
[INSERT], 99thPercentileLatency(us), 1537
[INSERT], Return=OK, 2
[INSERT], Return=ERROR, 1
[INSERT-FAILED], Operations, 1
[INSERT-FAILED], AverageLatency(us), 5330.0
[INSERT-FAILED], MinLatency(us), 5328
[INSERT-FAILED], MaxLatency(us), 5331
[INSERT-FAILED], 95thPercentileLatency(us), 5331
[INSERT-FAILED], 99thPercentileLatency(us), 5331
