[OVERALL], RunTime(ms), 286594
[OVERALL], Throughput(ops/sec), 18293.753532872288
[TOTAL_GCS_G1_Young_Generation], Count, 130
[TOTAL_GC_TIME_G1_Young_Generation], Time(ms), 255
[TOTAL_GC_TIME_%_G1_Young_Generation], Time(%), 0.08897604276432863
[TOTAL_GCS_G1_Old_Generation], Count, 0
[TOTAL_GC_TIME_G1_Old_Generation], Time(ms), 0
[TOTAL_GC_TIME_%_G1_Old_Generation], Time(%), 0.0
[TOTAL_GCs], Count, 130
[TOTAL_GC_TIME], Time(ms), 255
[TOTAL_GC_TIME_%], Time(%), 0.08897604276432863
[CLEANUP], Operations, 1
[CLEANUP], AverageLatency(us), 198848.0
[CLEANUP], MinLatency(us), 198784
[CLEANUP], MaxLatency(us), 198911
[CLEANUP], 95thPercentileLatency(us), 198911
[CLEANUP], 99thPercentileLatency(us), 198911
[INSERT], Operations, 5242880
[INSERT], AverageLatency(us), 52.31429233551025
[INSERT], MinLatency(us), 14
[INSERT], MaxLatency(us), 15199
[INSERT], 95thPercentileLatency(us), 104
[INSERT], 99thPercentileLatency(us), 273
[INSERT], Return=OK, 5242880
