[WARN]  Running against a source checkout. In order to get our runtime dependencies we'll have to invoke Maven. Depending on the state of your system, this may take ~30-45 seconds
[DEBUG]  Running 'mvn -pl site.ycsb:rocksdb-binding -am package -DskipTests dependency:build-classpath -DincludeScope=compile -Dmdep.outputFilterFile=true'
java -cp /home/user/src/rocksdb-cheops-2024/ycsb/rocksdb/conf:/home/user/src/rocksdb-cheops-2024/ycsb/rocksdb/target/rocksdb-binding-0.18.0-SNAPSHOT.jar:/root/.m2/repository/org/apache/htrace/htrace-core4/4.1.0-incubating/htrace-core4-4.1.0-incubating.jar:/root/.m2/repository/org/slf4j/slf4j-api/1.7.25/slf4j-api-1.7.25.jar:/home/user/src/rocksdb-cheops-2024/rocksdb-ycsb/java/target/rocksdbjni-7.4.3-linux64.jar:/root/.m2/repository/net/jcip/jcip-annotations/1.0/jcip-annotations-1.0.jar:/root/.m2/repository/org/hdrhistogram/HdrHistogram/2.1.4/HdrHistogram-2.1.4.jar:/root/.m2/repository/org/codehaus/jackson/jackson-mapper-asl/1.9.4/jackson-mapper-asl-1.9.4.jar:/lib/libzbd.so.1:/root/.m2/repository/org/codehaus/jackson/jackson-core-asl/1.9.4/jackson-core-asl-1.9.4.jar:/home/user/src/rocksdb-cheops-2024/rocksdb-ycsb/java/target/librocksdbjni-linux64.so:/home/user/src/rocksdb-cheops-2024/ycsb/core/target/core-0.18.0-SNAPSHOT.jar site.ycsb.Client -db site.ycsb.db.rocksdb.RocksDBClient -s -P ./workloads/workloadb -p recordcount=5242880 -p operationcount=1000000 -p fieldlength=386 -p fieldcount=10 -load
Command line: -db site.ycsb.db.rocksdb.RocksDBClient -s -P ./workloads/workloadb -p recordcount=5242880 -p operationcount=1000000 -p fieldlength=386 -p fieldcount=10 -load
YCSB Client 0.18.0-SNAPSHOT

Loading workload...
Starting test.
SLF4J: Failed to load class "org.slf4j.impl.StaticLoggerBinder".
SLF4J: Defaulting to no-operation (NOP) logger implementation
SLF4J: See http://www.slf4j.org/codes.html#StaticLoggerBinder for further details.
2023-12-21 10:52:02:788 0 sec: 0 operations; est completion in 0 second 
Leet YCSB 
DBWrapper: report latency for each error is false and specific error codes to track for latency are: []
2023-12-21 10:52:12:749 10 sec: 133639 operations; 13362.56 current ops/sec; est completion in 6 minutes [INSERT: Count=133685, Max=12175, Min=19, Avg=52.55, 90=72, 99=85, 99.9=103, 99.99=247] 
2023-12-21 10:52:22:748 20 sec: 336662 operations; 20304.33 current ops/sec; est completion in 4 minutes [INSERT: Count=202990, Max=5311, Min=20, Avg=47.42, 90=54, 99=65, 99.9=77, 99.99=105] 
2023-12-21 10:52:32:748 30 sec: 544500 operations; 20783.8 current ops/sec; est completion in 4 minutes [INSERT: Count=207840, Max=5371, Min=17, Avg=46.35, 90=53, 99=64, 99.9=74, 99.99=106] 
2023-12-21 10:52:42:748 40 sec: 772465 operations; 22796.5 current ops/sec; est completion in 3 minutes [INSERT: Count=227963, Max=5267, Min=16, Avg=42.04, 90=47, 99=58, 99.9=67, 99.99=113] 
2023-12-21 10:52:52:748 50 sec: 988552 operations; 21608.7 current ops/sec; est completion in 3 minutes [INSERT: Count=216085, Max=1984, Min=18, Avg=44.44, 90=51, 99=61, 99.9=71, 99.99=101] 
2023-12-21 10:53:02:748 60 sec: 1179351 operations; 19079.9 current ops/sec; est completion in 3 minutes [INSERT: Count=190801, Max=2507, Min=16, Avg=50.56, 90=53, 99=180, 99.9=736, 99.99=774] 
2023-12-21 10:53:12:748 70 sec: 1357991 operations; 17864 current ops/sec; est completion in 3 minutes [INSERT: Count=178640, Max=1872, Min=18, Avg=54.16, 90=54, 99=648, 99.9=742, 99.99=793] 
2023-12-21 10:53:22:748 80 sec: 1583291 operations; 22530 current ops/sec; est completion in 3 minutes [INSERT: Count=225300, Max=2673, Min=17, Avg=42.6, 90=47, 99=89, 99.9=655, 99.99=816] 
2023-12-21 10:53:32:748 90 sec: 1833458 operations; 25016.7 current ops/sec; est completion in 2 minutes [INSERT: Count=250167, Max=1668, Min=15, Avg=38.22, 90=44, 99=53, 99.9=62, 99.99=102] 
2023-12-21 10:53:42:748 100 sec: 2073112 operations; 23965.4 current ops/sec; est completion in 2 minutes [INSERT: Count=239654, Max=1589, Min=17, Avg=39.98, 90=45, 99=54, 99.9=62, 99.99=89] 
2023-12-21 10:53:52:748 110 sec: 2298196 operations; 22508.4 current ops/sec; est completion in 2 minutes [INSERT: Count=225083, Max=1630, Min=15, Avg=42.63, 90=53, 99=117, 99.9=181, 99.99=217] 
2023-12-21 10:54:02:748 120 sec: 2513461 operations; 21526.5 current ops/sec; est completion in 2 minutes [INSERT: Count=215263, Max=1641, Min=17, Avg=44.6, 90=56, 99=98, 99.9=179, 99.99=216] 
2023-12-21 10:54:12:748 130 sec: 2711345 operations; 19788.4 current ops/sec; est completion in 2 minutes [INSERT: Count=197886, Max=6299, Min=14, Avg=48.72, 90=61, 99=160, 99.9=401, 99.99=722] 
2023-12-21 10:54:22:748 140 sec: 2886160 operations; 17481.5 current ops/sec; est completion in 1 minute [INSERT: Count=174808, Max=8695, Min=16, Avg=55.4, 90=93, 99=323, 99.9=561, 99.99=1062] 
2023-12-21 10:54:32:748 150 sec: 3061024 operations; 17486.4 current ops/sec; est completion in 1 minute [INSERT: Count=174865, Max=9423, Min=17, Avg=55.41, 90=88, 99=318, 99.9=563, 99.99=1185] 
2023-12-21 10:54:42:748 160 sec: 3222860 operations; 16183.6 current ops/sec; est completion in 1 minute [INSERT: Count=161836, Max=6791, Min=15, Avg=60.02, 90=100, 99=341, 99.9=615, 99.99=1502] 
2023-12-21 10:54:52:748 170 sec: 3364280 operations; 14142 current ops/sec; est completion in 1 minute [INSERT: Count=141419, Max=8143, Min=15, Avg=68.87, 90=135, 99=368, 99.9=646, 99.99=1471] 
2023-12-21 10:55:02:748 180 sec: 3506477 operations; 14219.7 current ops/sec; est completion in 1 minute [INSERT: Count=142202, Max=7003, Min=17, Avg=68.51, 90=133, 99=363, 99.9=634, 99.99=1496] 
2023-12-21 10:55:12:748 190 sec: 3648458 operations; 14198.1 current ops/sec; est completion in 1 minute [INSERT: Count=141979, Max=4295, Min=18, Avg=68.63, 90=128, 99=365, 99.9=624, 99.99=1469] 
2023-12-21 10:55:22:748 200 sec: 3812488 operations; 16403 current ops/sec; est completion in 1 minute [INSERT: Count=164037, Max=15127, Min=15, Avg=59.22, 90=102, 99=344, 99.9=595, 99.99=1621] 
2023-12-21 10:55:32:748 210 sec: 3994141 operations; 18165.3 current ops/sec; est completion in 1 minute [INSERT: Count=181647, Max=5891, Min=15, Avg=53.36, 90=96, 99=309, 99.9=583, 99.99=1416] 
2023-12-21 10:55:42:748 220 sec: 4175747 operations; 18160.6 current ops/sec; est completion in 57 seconds [INSERT: Count=181607, Max=4907, Min=16, Avg=53.33, 90=95, 99=307, 99.9=568, 99.99=1266] 
2023-12-21 10:55:52:748 230 sec: 4329356 operations; 15360.9 current ops/sec; est completion in 49 seconds [INSERT: Count=153605, Max=6019, Min=14, Avg=63.36, 90=118, 99=358, 99.9=673, 99.99=1573] 
2023-12-21 10:56:02:748 240 sec: 4475806 operations; 14645 current ops/sec; est completion in 42 seconds [INSERT: Count=146453, Max=15199, Min=16, Avg=66.49, 90=123, 99=396, 99.9=826, 99.99=1649] 
2023-12-21 10:56:12:748 250 sec: 4620089 operations; 14428.3 current ops/sec; est completion in 34 seconds [INSERT: Count=144277, Max=6347, Min=18, Avg=67.51, 90=115, 99=401, 99.9=872, 99.99=1572] 
2023-12-21 10:56:22:748 260 sec: 4768328 operations; 14823.9 current ops/sec; est completion in 26 seconds [INSERT: Count=148251, Max=15079, Min=14, Avg=65.65, 90=108, 99=392, 99.9=952, 99.99=1784] 
2023-12-21 10:56:32:748 270 sec: 4950089 operations; 18176.1 current ops/sec; est completion in 16 seconds [INSERT: Count=181755, Max=5555, Min=16, Avg=53.26, 90=82, 99=302, 99.9=691, 99.99=1015] 
2023-12-21 10:56:42:748 280 sec: 5129038 operations; 17894.9 current ops/sec; est completion in 7 second [INSERT: Count=178943, Max=6315, Min=17, Avg=54.14, 90=84, 99=316, 99.9=642, 99.99=1265] 
2023-12-21 10:56:49:342 286 sec: 5242880 operations; 17264.48 current ops/sec; [CLEANUP: Count=1, Max=198911, Min=198784, Avg=198848, 90=198911, 99=198911, 99.9=198911, 99.99=198911] [INSERT: Count=113839, Max=8631, Min=17, Avg=54.42, 90=86, 99=303, 99.9=562, 99.99=1044] 
