[OVERALL], RunTime(ms), 4816
[OVERALL], Throughput(ops/sec), 207641.19601328904
[TOTAL_GCS_G1_Young_Generation], Count, 1
[TOTAL_GC_TIME_G1_Young_Generation], Time(ms), 8
[TOTAL_GC_TIME_%_G1_Young_Generation], Time(%), 0.16611295681063123
[TOTAL_GCS_G1_Old_Generation], Count, 0
[TOTAL_GC_TIME_G1_Old_Generation], Time(ms), 0
[TOTAL_GC_TIME_%_G1_Old_Generation], Time(%), 0.0
[TOTAL_GCs], Count, 1
[TOTAL_GC_TIME], Time(ms), 8
[TOTAL_GC_TIME_%], Time(%), 0.16611295681063123
[READ], Operations, 0
[READ], AverageLatency(us), NaN
[READ], MinLatency(us), 9223372036854775807
[READ], MaxLatency(us), 0
[READ], 95thPercentileLatency(us), 0
[READ], 99thPercentileLatency(us), 0
[READ], Return=NOT_FOUND, 950080
[UPDATE-FAILED], Operations, 49920
[UPDATE-FAILED], AverageLatency(us), 0.09743589743589744
[UPDATE-FAILED], MinLatency(us), 0
[UPDATE-FAILED], MaxLatency(us), 184
[UPDATE-FAILED], 95thPercentileLatency(us), 1
[UPDATE-FAILED], 99thPercentileLatency(us), 2
[CLEANUP], Operations, 1
[CLEANUP], AverageLatency(us), 2721.0
[CLEANUP], MinLatency(us), 2720
[CLEANUP], MaxLatency(us), 2721
[CLEANUP], 95thPercentileLatency(us), 2721
[CLEANUP], 99thPercentileLatency(us), 2721
[READ-FAILED], Operations, 950080
[READ-FAILED], AverageLatency(us), 0.04162912596833951
[READ-FAILED], MinLatency(us), 0
[READ-FAILED], MaxLatency(us), 602
[READ-FAILED], 95thPercentileLatency(us), 0
[READ-FAILED], 99thPercentileLatency(us), 1
[UPDATE], Operations, 0
[UPDATE], AverageLatency(us), NaN
[UPDATE], MinLatency(us), 9223372036854775807
[UPDATE], MaxLatency(us), 0
[UPDATE], 95thPercentileLatency(us), 0
[UPDATE], 99thPercentileLatency(us), 0
[UPDATE], Return=NOT_FOUND, 49920
