[OVERALL], RunTime(ms), 235279
[OVERALL], Throughput(ops/sec), 4250.273080045393
[TOTAL_GCS_G1_Young_Generation], Count, 8
[TOTAL_GC_TIME_G1_Young_Generation], Time(ms), 44
[TOTAL_GC_TIME_%_G1_Young_Generation], Time(%), 0.018701201552199728
[TOTAL_GCS_G1_Old_Generation], Count, 0
[TOTAL_GC_TIME_G1_Old_Generation], Time(ms), 0
[TOTAL_GC_TIME_%_G1_Old_Generation], Time(%), 0.0
[TOTAL_GCs], Count, 8
[TOTAL_GC_TIME], Time(ms), 44
[TOTAL_GC_TIME_%], Time(%), 0.018701201552199728
[READ], Operations, 949824
[READ], AverageLatency(us), 188.18147677885588
[READ], MinLatency(us), 3
[READ], MaxLatency(us), 299007
[READ], 95thPercentileLatency(us), 828
[READ], 99thPercentileLatency(us), 2247
[READ], Return=OK, 949824
[CLEANUP], Operations, 1
[CLEANUP], AverageLatency(us), 816896.0
[CLEANUP], MinLatency(us), 816640
[CLEANUP], MaxLatency(us), 817151
[CLEANUP], 95thPercentileLatency(us), 817151
[CLEANUP], 99thPercentileLatency(us), 817151
[UPDATE], Operations, 50176
[UPDATE], AverageLatency(us), 244.74679129464286
[UPDATE], MinLatency(us), 20
[UPDATE], MaxLatency(us), 11591
[UPDATE], 95thPercentileLatency(us), 913
[UPDATE], 99thPercentileLatency(us), 2331
[UPDATE], Return=OK, 50176
