[WARN]  Running against a source checkout. In order to get our runtime dependencies we'll have to invoke Maven. Depending on the state of your system, this may take ~30-45 seconds
[DEBUG]  Running 'mvn -pl site.ycsb:rocksdb-binding -am package -DskipTests dependency:build-classpath -DincludeScope=compile -Dmdep.outputFilterFile=true'
java -cp /home/user/src/rocksdb-cheops-2024/ycsb/rocksdb/conf:/home/user/src/rocksdb-cheops-2024/ycsb/rocksdb/target/rocksdb-binding-0.18.0-SNAPSHOT.jar:/root/.m2/repository/org/apache/htrace/htrace-core4/4.1.0-incubating/htrace-core4-4.1.0-incubating.jar:/root/.m2/repository/org/slf4j/slf4j-api/1.7.25/slf4j-api-1.7.25.jar:/home/user/src/rocksdb-cheops-2024/rocksdb-ycsb/java/target/rocksdbjni-7.4.3-linux64.jar:/root/.m2/repository/net/jcip/jcip-annotations/1.0/jcip-annotations-1.0.jar:/root/.m2/repository/org/hdrhistogram/HdrHistogram/2.1.4/HdrHistogram-2.1.4.jar:/root/.m2/repository/org/codehaus/jackson/jackson-mapper-asl/1.9.4/jackson-mapper-asl-1.9.4.jar:/lib/libzbd.so.1:/root/.m2/repository/org/codehaus/jackson/jackson-core-asl/1.9.4/jackson-core-asl-1.9.4.jar:/home/user/src/rocksdb-cheops-2024/rocksdb-ycsb/java/target/librocksdbjni-linux64.so:/home/user/src/rocksdb-cheops-2024/ycsb/core/target/core-0.18.0-SNAPSHOT.jar site.ycsb.Client -db site.ycsb.db.rocksdb.RocksDBClient -s -P ./workloads/workloadb -p recordcount=5242880 -p operationcount=1000000 -p fieldlength=386 -p fieldcount=10 -t
Command line: -db site.ycsb.db.rocksdb.RocksDBClient -s -P ./workloads/workloadb -p recordcount=5242880 -p operationcount=1000000 -p fieldlength=386 -p fieldcount=10 -t
YCSB Client 0.18.0-SNAPSHOT

Loading workload...
Starting test.
SLF4J: Failed to load class "org.slf4j.impl.StaticLoggerBinder".
SLF4J: Defaulting to no-operation (NOP) logger implementation
SLF4J: See http://www.slf4j.org/codes.html#StaticLoggerBinder for further details.
2023-12-21 00:40:15:549 0 sec: 0 operations; est completion in 0 second 
Leet YCSB 
[2023-12-21 00:40:23.322776] /home/user/src/TropoDB_uring/implementation/rocksdb/third-party/SimpleZNSDevice/szd/cpp/src/szd_channel.cpp: 400:DirectRead: *ERROR*: SZD: Channel: DirectRead: Could not read 3670016 2097152
[2023-12-21 00:40:23.322865] /home/user/src/TropoDB_uring/implementation/rocksdb/third-party/SimpleZNSDevice/szd/cpp/src/datastructures/szd_once_log.cpp: 239:ReadAll: *ERROR*: SZD: Once log: ReadAll: Failed
[2023-12-21 00:40:23.326307] /home/user/src/TropoDB_uring/implementation/rocksdb/third-party/SimpleZNSDevice/szd/cpp/src/szd_channel.cpp: 400:DirectRead: *ERROR*: SZD: Channel: DirectRead: Could not read 2097152 2097152
[2023-12-21 00:40:23.326364] /home/user/src/TropoDB_uring/implementation/rocksdb/third-party/SimpleZNSDevice/szd/cpp/src/datastructures/szd_once_log.cpp: 239:ReadAll: *ERROR*: SZD: Once log: ReadAll: Failed
DBWrapper: report latency for each error is false and specific error codes to track for latency are: []
2023-12-21 00:40:25:511 10 sec: 7091 operations; 709.03 current ops/sec; est completion in 23 minutes [READ: Count=5163, Max=2002, Min=6, Avg=290, 90=553, 99=886, 99.9=1255, 99.99=1611] [UPDATE-FAILED: Count=81, Max=971, Min=10, Avg=259.46, 90=545, 99=810, 99.9=971, 99.99=971] [READ-FAILED: Count=1572, Max=1664, Min=5, Avg=298.16, 90=617, 99=1103, 99.9=1470, 99.99=1664] [UPDATE: Count=296, Max=4053, Min=58, Avg=393.62, 90=687, 99=1053, 99.9=4053, 99.99=4053] 
2023-12-21 00:40:35:511 20 sec: 57991 operations; 5090 current ops/sec; est completion in 5 minutes [READ: Count=37488, Max=2261, Min=3, Avg=188.31, 90=431, 99=758, 99.9=1095, 99.99=1446] [UPDATE-FAILED: Count=601, Max=1068, Min=6, Avg=196.31, 90=468, 99=808, 99.9=916, 99.99=1068] [READ-FAILED: Count=10921, Max=1994, Min=5, Avg=203.08, 90=504, 99=853, 99.9=1206, 99.99=1548] [UPDATE: Count=1879, Max=3259, Min=24, Avg=241.4, 90=493, 99=775, 99.9=1041, 99.99=3259] 
2023-12-21 00:40:45:511 30 sec: 128617 operations; 7062.6 current ops/sec; est completion in 3 minutes [READ: Count=51617, Max=1603, Min=5, Avg=132.97, 90=317, 99=648, 99.9=992, 99.99=1527] [UPDATE-FAILED: Count=832, Max=1182, Min=5, Avg=160.33, 90=431, 99=767, 99.9=1074, 99.99=1182] [READ-FAILED: Count=15423, Max=2309, Min=5, Avg=151.89, 90=398, 99=749, 99.9=1171, 99.99=1616] [UPDATE: Count=2762, Max=1273, Min=34, Avg=182.96, 90=370, 99=673, 99.9=964, 99.99=1273] 
2023-12-21 00:40:55:511 40 sec: 227781 operations; 9916.4 current ops/sec; est completion in 2 minutes [READ: Count=72449, Max=13679, Min=3, Avg=93.37, 90=227, 99=505, 99.9=816, 99.99=1181] [UPDATE-FAILED: Count=1149, Max=1246, Min=6, Avg=105.23, 90=295, 99=588, 99.9=1231, 99.99=1246] [READ-FAILED: Count=21674, Max=1697, Min=5, Avg=111.29, 90=306, 99=628, 99.9=1001, 99.99=1421] [UPDATE: Count=3885, Max=1006, Min=26, Avg=137.86, 90=269, 99=527, 99.9=949, 99.99=1006] 
2023-12-21 00:41:05:511 50 sec: 290834 operations; 6305.3 current ops/sec; est completion in 2 minutes [READ: Count=46026, Max=164095, Min=3, Avg=158.45, 90=309, 99=440, 99.9=521, 99.99=77823] [UPDATE-FAILED: Count=707, Max=616, Min=4, Avg=158.52, 90=384, 99=545, 99.9=588, 99.99=616] [READ-FAILED: Count=13784, Max=1687, Min=3, Avg=150, 90=380, 99=540, 99.9=616, 99.99=1635] [UPDATE: Count=2543, Max=653, Min=22, Avg=168.54, 90=329, 99=466, 99.9=522, 99.99=653] 
2023-12-21 00:41:15:511 60 sec: 365973 operations; 7513.9 current ops/sec; est completion in 1 minute [READ: Count=54730, Max=4871, Min=3, Avg=128.34, 90=289, 99=422, 99.9=487, 99.99=603] [UPDATE-FAILED: Count=896, Max=611, Min=4, Avg=135.71, 90=359, 99=528, 99.9=577, 99.99=611] [READ-FAILED: Count=16578, Max=860, Min=4, Avg=136.71, 90=366, 99=524, 99.9=586, 99.99=636] [UPDATE: Count=2932, Max=575, Min=22, Avg=161.64, 90=320, 99=452, 99.9=537, 99.99=575] 
2023-12-21 00:41:25:511 70 sec: 449686 operations; 8371.3 current ops/sec; est completion in 1 minute [READ: Count=61209, Max=756, Min=3, Avg=114.99, 90=262, 99=406, 99.9=487, 99.99=599] [UPDATE-FAILED: Count=982, Max=636, Min=4, Avg=123.59, 90=317, 99=509, 99.9=576, 99.99=636] [READ-FAILED: Count=18295, Max=717, Min=3, Avg=122.02, 90=325, 99=503, 99.9=574, 99.99=637] [UPDATE: Count=3223, Max=539, Min=17, Avg=149.13, 90=300, 99=445, 99.9=508, 99.99=539] 
2023-12-21 00:41:35:511 80 sec: 541160 operations; 9147.4 current ops/sec; est completion in 1 minute [READ: Count=66564, Max=4951, Min=3, Avg=105.64, 90=250, 99=393, 99.9=468, 99.99=606] [UPDATE-FAILED: Count=1052, Max=545, Min=4, Avg=106.9, 90=275, 99=467, 99.9=513, 99.99=545] [READ-FAILED: Count=20376, Max=764, Min=3, Avg=109.4, 90=284, 99=487, 99.9=566, 99.99=629] [UPDATE: Count=3483, Max=746, Min=23, Avg=140.33, 90=283, 99=425, 99.9=495, 99.99=746] 
2023-12-21 00:41:45:511 90 sec: 642434 operations; 10127.4 current ops/sec; est completion in 51 seconds [READ: Count=73910, Max=1240, Min=3, Avg=94.81, 90=236, 99=379, 99.9=453, 99.99=576] [UPDATE-FAILED: Count=1145, Max=586, Min=4, Avg=102.85, 90=278, 99=490, 99.9=536, 99.99=586] [READ-FAILED: Count=22393, Max=735, Min=4, Avg=99.56, 90=266, 99=448, 99.9=553, 99.99=655] [UPDATE: Count=3829, Max=540, Min=22, Avg=130.14, 90=271, 99=424, 99.9=502, 99.99=540] 
2023-12-21 00:41:55:511 100 sec: 752083 operations; 10964.9 current ops/sec; est completion in 33 seconds [READ: Count=79928, Max=4539, Min=3, Avg=87.48, 90=208, 99=366, 99.9=448, 99.99=561] [UPDATE-FAILED: Count=1273, Max=521, Min=4, Avg=89.44, 90=251, 99=404, 99.9=510, 99.99=521] [READ-FAILED: Count=24251, Max=666, Min=4, Avg=91.58, 90=257, 99=417, 99.9=532, 99.99=597] [UPDATE: Count=4195, Max=499, Min=23, Avg=122.82, 90=248, 99=406, 99.9=463, 99.99=499] 
2023-12-21 00:42:05:511 110 sec: 872512 operations; 12042.9 current ops/sec; est completion in 17 seconds [READ: Count=87896, Max=796, Min=3, Avg=79.06, 90=176, 99=328, 99.9=431, 99.99=548] [UPDATE-FAILED: Count=1486, Max=521, Min=4, Avg=86.59, 90=249, 99=383, 99.9=518, 99.99=521] [READ-FAILED: Count=26422, Max=720, Min=4, Avg=84.25, 90=244, 99=393, 99.9=504, 99.99=571] [UPDATE: Count=4624, Max=482, Min=21, Avg=113.18, 90=210, 99=373, 99.9=445, 99.99=482] 
2023-12-21 00:42:15:356 119 sec: 1000000 operations; 12949.52 current ops/sec; [READ: Count=93165, Max=4967, Min=3, Avg=73.5, 90=160, 99=301, 99.9=414, 99.99=517] [UPDATE-FAILED: Count=1482, Max=505, Min=4, Avg=75.94, 90=213, 99=353, 99.9=476, 99.99=505] [CLEANUP: Count=1, Max=15135, Min=15128, Avg=15132, 90=15135, 99=15135, 99.9=15135, 99.99=15135] [READ-FAILED: Count=28073, Max=815, Min=4, Avg=77.73, 90=227, 99=371, 99.9=491, 99.99=589] [UPDATE: Count=4756, Max=531, Min=21, Avg=106.29, 90=196, 99=322, 99.9=448, 99.99=531] 
