[WARN]  Running against a source checkout. In order to get our runtime dependencies we'll have to invoke Maven. Depending on the state of your system, this may take ~30-45 seconds
[DEBUG]  Running 'mvn -pl site.ycsb:rocksdb-binding -am package -DskipTests dependency:build-classpath -DincludeScope=compile -Dmdep.outputFilterFile=true'
java -cp /home/user/src/rocksdb-cheops-2024/ycsb/rocksdb/conf:/home/user/src/rocksdb-cheops-2024/ycsb/rocksdb/target/rocksdb-binding-0.18.0-SNAPSHOT.jar:/root/.m2/repository/org/apache/htrace/htrace-core4/4.1.0-incubating/htrace-core4-4.1.0-incubating.jar:/root/.m2/repository/org/slf4j/slf4j-api/1.7.25/slf4j-api-1.7.25.jar:/home/user/src/rocksdb-cheops-2024/rocksdb-ycsb/java/target/rocksdbjni-7.4.3-linux64.jar:/root/.m2/repository/net/jcip/jcip-annotations/1.0/jcip-annotations-1.0.jar:/root/.m2/repository/org/hdrhistogram/HdrHistogram/2.1.4/HdrHistogram-2.1.4.jar:/root/.m2/repository/org/codehaus/jackson/jackson-mapper-asl/1.9.4/jackson-mapper-asl-1.9.4.jar:/lib/libzbd.so.1:/root/.m2/repository/org/codehaus/jackson/jackson-core-asl/1.9.4/jackson-core-asl-1.9.4.jar:/home/user/src/rocksdb-cheops-2024/rocksdb-ycsb/java/target/librocksdbjni-linux64.so:/home/user/src/rocksdb-cheops-2024/ycsb/core/target/core-0.18.0-SNAPSHOT.jar site.ycsb.Client -db site.ycsb.db.rocksdb.RocksDBClient -s -P ./workloads/workloadb -p recordcount=5242880 -p operationcount=1000000 -p fieldlength=386 -p fieldcount=10 -t
Command line: -db site.ycsb.db.rocksdb.RocksDBClient -s -P ./workloads/workloadb -p recordcount=5242880 -p operationcount=1000000 -p fieldlength=386 -p fieldcount=10 -t
YCSB Client 0.18.0-SNAPSHOT

Loading workload...
Starting test.
SLF4J: Failed to load class "org.slf4j.impl.StaticLoggerBinder".
SLF4J: Defaulting to no-operation (NOP) logger implementation
SLF4J: See http://www.slf4j.org/codes.html#StaticLoggerBinder for further details.
2023-12-21 13:10:16:295 0 sec: 0 operations; est completion in 0 second 
Leet YCSB 
2023-12-21 13:10:26:257 10 sec: 0 operations; est completion in 106751991167300 days 15 hours 
2023-12-21 13:10:36:256 20 sec: 0 operations; est completion in 106751991167300 days 15 hours 
2023-12-21 13:10:46:256 30 sec: 0 operations; est completion in 106751991167300 days 15 hours 
DBWrapper: report latency for each error is false and specific error codes to track for latency are: []
2023-12-21 13:10:56:256 40 sec: 905 operations; 90.5 current ops/sec; est completion in 12 hours 16 minutes [READ: Count=856, Max=3281, Min=8, Avg=930.28, 90=2561, 99=3053, 99.9=3233, 99.99=3281] [UPDATE: Count=52, Max=2979, Min=122, Avg=1040.21, 90=2431, 99=2799, 99.9=2979, 99.99=2979] 
2023-12-21 13:11:06:256 50 sec: 15093 operations; 1418.8 current ops/sec; est completion in 54 minutes [READ: Count=13436, Max=12047, Min=3, Avg=691.01, 90=2042, 99=2987, 99.9=3243, 99.99=3565] [UPDATE: Count=749, Max=3257, Min=32, Avg=844.28, 90=2585, 99=3135, 99.9=3227, 99.99=3257] 
2023-12-21 13:11:16:256 60 sec: 33169 operations; 1807.6 current ops/sec; est completion in 29 minutes [READ: Count=17142, Max=3677, Min=3, Avg=546.51, 90=1443, 99=3147, 99.9=3497, 99.99=3647] [UPDATE: Count=936, Max=3561, Min=29, Avg=606.67, 90=1407, 99=3143, 99.9=3535, 99.99=3561] 
2023-12-21 13:11:26:256 70 sec: 56145 operations; 2297.6 current ops/sec; est completion in 19 minutes [READ: Count=21818, Max=4363, Min=6, Avg=426.09, 90=1063, 99=2971, 99.9=3351, 99.99=3599] [UPDATE: Count=1160, Max=3699, Min=38, Avg=542.05, 90=1346, 99=3015, 99.9=3555, 99.99=3699] 
2023-12-21 13:11:36:256 80 sec: 86336 operations; 3019.1 current ops/sec; est completion in 14 minutes [READ: Count=28702, Max=5471, Min=6, Avg=324.46, 90=855, 99=2825, 99.9=3179, 99.99=3563] [UPDATE: Count=1488, Max=3411, Min=36, Avg=410.98, 90=978, 99=2843, 99.9=3339, 99.99=3411] 
2023-12-21 13:11:46:256 90 sec: 125472 operations; 3913.6 current ops/sec; est completion in 10 minutes [READ: Count=37163, Max=5755, Min=5, Avg=250.61, 90=683, 99=2649, 99.9=3041, 99.99=3251] [UPDATE: Count=1970, Max=2991, Min=38, Avg=304.23, 90=706, 99=2599, 99.9=2943, 99.99=2991] 
2023-12-21 13:11:56:256 100 sec: 179851 operations; 5437.9 current ops/sec; est completion in 7 minutes [READ: Count=51781, Max=5991, Min=3, Avg=180.31, 90=331, 99=2287, 99.9=2885, 99.99=3199] [UPDATE: Count=2600, Max=3017, Min=19, Avg=218.65, 90=348, 99=2241, 99.9=2905, 99.99=3017] 
2023-12-21 13:12:06:256 110 sec: 253631 operations; 7378 current ops/sec; est completion in 5 minutes [READ: Count=70177, Max=3153, Min=3, Avg=131.66, 90=239, 99=1985, 99.9=2603, 99.99=2921] [UPDATE: Count=3605, Max=3289, Min=20, Avg=178.44, 90=289, 99=2012, 99.9=2729, 99.99=3289] 
2023-12-21 13:12:16:256 120 sec: 283106 operations; 2947.5 current ops/sec; est completion in 5 minutes [READ: Count=28000, Max=330751, Min=3, Avg=336.18, 90=1043, 99=2371, 99.9=3369, 99.99=4287] [UPDATE: Count=1473, Max=3607, Min=21, Avg=359.91, 90=1128, 99=2523, 99.9=3501, 99.99=3607] 
2023-12-21 13:12:26:256 130 sec: 316273 operations; 3316.7 current ops/sec; est completion in 4 minutes [READ: Count=31513, Max=4279, Min=3, Avg=294.82, 90=975, 99=2453, 99.9=3705, 99.99=4195] [UPDATE: Count=1654, Max=4119, Min=23, Avg=390.87, 90=1203, 99=3011, 99.9=3765, 99.99=4119] 
2023-12-21 13:12:36:256 140 sec: 356714 operations; 4044.1 current ops/sec; est completion in 4 minutes [READ: Count=38368, Max=4723, Min=3, Avg=242.28, 90=642, 99=2299, 99.9=3651, 99.99=4499] [UPDATE: Count=2073, Max=3575, Min=21, Avg=305.47, 90=744, 99=2387, 99.9=3187, 99.99=3575] 
2023-12-21 13:12:46:256 150 sec: 418248 operations; 6153.4 current ops/sec; est completion in 3 minutes [READ: Count=58486, Max=2935, Min=3, Avg=158.11, 90=303, 99=2095, 99.9=2453, 99.99=2713] [UPDATE: Count=3050, Max=2611, Min=20, Avg=215.09, 90=366, 99=2217, 99.9=2463, 99.99=2611] 
2023-12-21 13:12:56:256 160 sec: 489232 operations; 7098.4 current ops/sec; est completion in 2 minutes [READ: Count=67391, Max=296959, Min=3, Avg=137.52, 90=271, 99=2020, 99.9=2369, 99.99=2655] [UPDATE: Count=3589, Max=2615, Min=19, Avg=173.89, 90=310, 99=2109, 99.9=2387, 99.99=2615] 
2023-12-21 13:13:06:256 170 sec: 569825 operations; 8059.3 current ops/sec; est completion in 2 minutes [READ: Count=76534, Max=16911, Min=3, Avg=120.49, 90=265, 99=1798, 99.9=2335, 99.99=2829] [UPDATE: Count=4064, Max=2937, Min=19, Avg=161.24, 90=291, 99=1973, 99.9=2471, 99.99=2937] 
2023-12-21 13:13:16:256 180 sec: 667063 operations; 9723.8 current ops/sec; est completion in 1 minute [READ: Count=92377, Max=6819, Min=3, Avg=99.17, 90=191, 99=1434, 99.9=2081, 99.99=2749] [UPDATE: Count=4863, Max=2733, Min=18, Avg=143.48, 90=245, 99=1481, 99.9=2151, 99.99=2733] 
2023-12-21 13:13:26:256 190 sec: 737732 operations; 7066.9 current ops/sec; est completion in 1 minute [READ: Count=67134, Max=6295, Min=3, Avg=137.84, 90=185, 99=2041, 99.9=2345, 99.99=5043] [UPDATE: Count=3536, Max=2495, Min=19, Avg=181.01, 90=253, 99=2079, 99.9=2319, 99.99=2495] 
2023-12-21 13:13:36:256 200 sec: 817089 operations; 7935.7 current ops/sec; est completion in 45 seconds [READ: Count=75408, Max=6907, Min=3, Avg=119.72, 90=171, 99=2007, 99.9=2307, 99.99=2643] [UPDATE: Count=3941, Max=2555, Min=20, Avg=163.43, 90=225, 99=2051, 99.9=2449, 99.99=2555] 
2023-12-21 13:13:46:256 210 sec: 885122 operations; 6803.3 current ops/sec; est completion in 28 seconds [READ: Count=64620, Max=287231, Min=3, Avg=147.39, 90=185, 99=2040, 99.9=2363, 99.99=4999] [UPDATE: Count=3429, Max=2481, Min=20, Avg=170.43, 90=232, 99=2083, 99.9=2335, 99.99=2481] 
2023-12-21 13:13:56:256 220 sec: 963181 operations; 7805.9 current ops/sec; est completion in 9 second [READ: Count=74132, Max=7287, Min=3, Avg=124.68, 90=176, 99=1998, 99.9=2289, 99.99=5103] [UPDATE: Count=3916, Max=5471, Min=21, Avg=164.49, 90=226, 99=2053, 99.9=2415, 99.99=5471] 
2023-12-21 13:14:02:275 226 sec: 1000000 operations; 6118.15 current ops/sec; [READ: Count=34960, Max=4699, Min=3, Avg=138.42, 90=283, 99=1397, 99.9=2213, 99.99=3075] [CLEANUP: Count=1, Max=796671, Min=796160, Avg=796416, 90=796671, 99=796671, 99.9=796671, 99.99=796671] [UPDATE: Count=1854, Max=2349, Min=21, Avg=172.43, 90=314, 99=1226, 99.9=1829, 99.99=2349] 
