[WARN]  Running against a source checkout. In order to get our runtime dependencies we'll have to invoke Maven. Depending on the state of your system, this may take ~30-45 seconds
[DEBUG]  Running 'mvn -pl site.ycsb:rocksdb-binding -am package -DskipTests dependency:build-classpath -DincludeScope=compile -Dmdep.outputFilterFile=true'
java -cp /home/user/src/rocksdb-cheops-2024/ycsb/rocksdb/conf:/home/user/src/rocksdb-cheops-2024/ycsb/rocksdb/target/rocksdb-binding-0.18.0-SNAPSHOT.jar:/root/.m2/repository/org/apache/htrace/htrace-core4/4.1.0-incubating/htrace-core4-4.1.0-incubating.jar:/root/.m2/repository/org/slf4j/slf4j-api/1.7.25/slf4j-api-1.7.25.jar:/home/user/src/rocksdb-cheops-2024/rocksdb-ycsb/java/target/rocksdbjni-7.4.3-linux64.jar:/root/.m2/repository/net/jcip/jcip-annotations/1.0/jcip-annotations-1.0.jar:/root/.m2/repository/org/hdrhistogram/HdrHistogram/2.1.4/HdrHistogram-2.1.4.jar:/root/.m2/repository/org/codehaus/jackson/jackson-mapper-asl/1.9.4/jackson-mapper-asl-1.9.4.jar:/lib/libzbd.so.1:/root/.m2/repository/org/codehaus/jackson/jackson-core-asl/1.9.4/jackson-core-asl-1.9.4.jar:/home/user/src/rocksdb-cheops-2024/rocksdb-ycsb/java/target/librocksdbjni-linux64.so:/home/user/src/rocksdb-cheops-2024/ycsb/core/target/core-0.18.0-SNAPSHOT.jar site.ycsb.Client -db site.ycsb.db.rocksdb.RocksDBClient -s -P ./workloads/workloadb -p recordcount=5242880 -p operationcount=1000000 -p fieldlength=386 -p fieldcount=10 -t
Command line: -db site.ycsb.db.rocksdb.RocksDBClient -s -P ./workloads/workloadb -p recordcount=5242880 -p operationcount=1000000 -p fieldlength=386 -p fieldcount=10 -t
YCSB Client 0.18.0-SNAPSHOT

Loading workload...
Starting test.
SLF4J: Failed to load class "org.slf4j.impl.StaticLoggerBinder".
SLF4J: Defaulting to no-operation (NOP) logger implementation
SLF4J: See http://www.slf4j.org/codes.html#StaticLoggerBinder for further details.
2023-12-21 10:56:58:079 0 sec: 0 operations; est completion in 0 second 
Leet YCSB 
2023-12-21 10:57:08:041 10 sec: 0 operations; est completion in 106751991167300 days 15 hours 
2023-12-21 10:57:18:041 20 sec: 0 operations; est completion in 106751991167300 days 15 hours 
2023-12-21 10:57:28:041 30 sec: 0 operations; est completion in 106751991167300 days 15 hours 
2023-12-21 10:57:38:041 40 sec: 0 operations; est completion in 106751991167300 days 15 hours 
DBWrapper: report latency for each error is false and specific error codes to track for latency are: []
2023-12-21 10:57:48:041 50 sec: 10723 operations; 1072.3 current ops/sec; est completion in 1 hour 16 minutes [READ: Count=10193, Max=7011, Min=3, Avg=763.21, 90=2349, 99=3035, 99.9=3309, 99.99=6575] [UPDATE: Count=532, Max=11591, Min=65, Avg=908.8, 90=2519, 99=3181, 99.9=3647, 99.99=11591] 
2023-12-21 10:57:58:041 60 sec: 28346 operations; 1762.3 current ops/sec; est completion in 34 minutes [READ: Count=16757, Max=7463, Min=3, Avg=560.6, 90=1475, 99=2991, 99.9=3351, 99.99=5319] [UPDATE: Count=865, Max=3377, Min=38, Avg=622.94, 90=1809, 99=3005, 99.9=3365, 99.99=3377] 
2023-12-21 10:58:08:041 70 sec: 49782 operations; 2143.6 current ops/sec; est completion in 22 minutes [READ: Count=20425, Max=8463, Min=6, Avg=456.91, 90=1106, 99=2903, 99.9=3331, 99.99=6643] [UPDATE: Count=1011, Max=5363, Min=56, Avg=587.88, 90=1399, 99=3009, 99.9=5011, 99.99=5363] 
2023-12-21 10:58:18:041 80 sec: 76792 operations; 2701 current ops/sec; est completion in 16 minutes [READ: Count=25644, Max=7087, Min=6, Avg=363.76, 90=931, 99=2805, 99.9=3193, 99.99=5311] [UPDATE: Count=1368, Max=3105, Min=52, Avg=437.73, 90=1023, 99=2815, 99.9=3091, 99.99=3105] 
2023-12-21 10:58:28:041 90 sec: 112360 operations; 3556.8 current ops/sec; est completion in 11 minutes [READ: Count=33750, Max=10159, Min=6, Avg=274.43, 90=742, 99=2647, 99.9=3055, 99.99=5815] [UPDATE: Count=1818, Max=3287, Min=50, Avg=362.04, 90=837, 99=2811, 99.9=3167, 99.99=3287] 
2023-12-21 10:58:38:041 100 sec: 159615 operations; 4725.5 current ops/sec; est completion in 8 minutes [READ: Count=44948, Max=8439, Min=3, Avg=206.12, 90=479, 99=2413, 99.9=2979, 99.99=5299] [UPDATE: Count=2304, Max=3117, Min=32, Avg=277.27, 90=570, 99=2479, 99.9=3073, 99.99=3117] 
2023-12-21 10:58:48:041 110 sec: 221579 operations; 6196.4 current ops/sec; est completion in 6 minutes [READ: Count=58908, Max=10031, Min=3, Avg=156.45, 90=268, 99=2061, 99.9=2751, 99.99=3223] [UPDATE: Count=3056, Max=2939, Min=25, Avg=222.45, 90=341, 99=2161, 99.9=2689, 99.99=2939] 
2023-12-21 10:58:58:041 120 sec: 263113 operations; 4153.4 current ops/sec; est completion in 5 minutes [READ: Count=39473, Max=299007, Min=3, Avg=237.56, 90=355, 99=2397, 99.9=4251, 99.99=4563] [UPDATE: Count=2062, Max=4631, Min=32, Avg=263.64, 90=396, 99=2431, 99.9=4223, 99.99=4631] 
2023-12-21 10:59:08:041 130 sec: 294459 operations; 3134.6 current ops/sec; est completion in 5 minutes [READ: Count=29800, Max=5303, Min=3, Avg=314.82, 90=613, 99=2471, 99.9=4259, 99.99=4771] [UPDATE: Count=1545, Max=4275, Min=33, Avg=363.34, 90=641, 99=2411, 99.9=4111, 99.99=4275] 
2023-12-21 10:59:18:041 140 sec: 328958 operations; 3449.9 current ops/sec; est completion in 4 minutes [READ: Count=32738, Max=5247, Min=3, Avg=284.15, 90=895, 99=2391, 99.9=3601, 99.99=4503] [UPDATE: Count=1769, Max=3603, Min=32, Avg=358.89, 90=1046, 99=2417, 99.9=3293, 99.99=3603] 
2023-12-21 10:59:28:041 150 sec: 384676 operations; 5571.8 current ops/sec; est completion in 4 minutes [READ: Count=52796, Max=4683, Min=3, Avg=174.88, 90=385, 99=2063, 99.9=2951, 99.99=4275] [UPDATE: Count=2916, Max=4243, Min=23, Avg=232.71, 90=445, 99=2141, 99.9=3011, 99.99=4243] 
2023-12-21 10:59:38:041 160 sec: 454687 operations; 7001.1 current ops/sec; est completion in 3 minutes [READ: Count=66485, Max=295679, Min=3, Avg=138.96, 90=276, 99=1950, 99.9=2355, 99.99=2713] [UPDATE: Count=3529, Max=2491, Min=31, Avg=186.12, 90=333, 99=2023, 99.9=2361, 99.99=2491] 
2023-12-21 10:59:48:041 170 sec: 520776 operations; 6608.9 current ops/sec; est completion in 2 minutes [READ: Count=62803, Max=2861, Min=3, Avg=146.63, 90=292, 99=2101, 99.9=2461, 99.99=2707] [UPDATE: Count=3281, Max=2681, Min=31, Avg=209.14, 90=355, 99=2209, 99.9=2513, 99.99=2681] 
2023-12-21 10:59:58:041 180 sec: 601574 operations; 8078.99 current ops/sec; est completion in 2 minutes [READ: Count=76697, Max=3907, Min=3, Avg=119.47, 90=209, 99=2016, 99.9=2403, 99.99=3045] [UPDATE: Count=4102, Max=5479, Min=28, Avg=175.37, 90=265, 99=2129, 99.9=2625, 99.99=5479] 
2023-12-21 11:00:08:041 190 sec: 673719 operations; 7215.22 current ops/sec; est completion in 1 minute [READ: Count=68463, Max=4495, Min=3, Avg=134.43, 90=188, 99=2031, 99.9=2335, 99.99=3113] [UPDATE: Count=3690, Max=2673, Min=25, Avg=186.39, 90=239, 99=2117, 99.9=2397, 99.99=2673] 
2023-12-21 11:00:18:041 200 sec: 747985 operations; 7426.6 current ops/sec; est completion in 1 minute [READ: Count=70535, Max=6615, Min=3, Avg=130.7, 90=173, 99=2009, 99.9=2297, 99.99=2685] [UPDATE: Count=3732, Max=4061, Min=24, Avg=179.78, 90=227, 99=2046, 99.9=2293, 99.99=4061] 
2023-12-21 11:00:28:041 210 sec: 819844 operations; 7185.9 current ops/sec; est completion in 47 seconds [READ: Count=68261, Max=286463, Min=3, Avg=135.58, 90=171, 99=1996, 99.9=2293, 99.99=2857] [UPDATE: Count=3588, Max=2877, Min=20, Avg=177.54, 90=223, 99=2089, 99.9=2305, 99.99=2877] 
2023-12-21 11:00:38:041 220 sec: 895205 operations; 7536.1 current ops/sec; est completion in 26 seconds [READ: Count=71594, Max=6267, Min=3, Avg=129.09, 90=175, 99=2024, 99.9=2313, 99.99=2655] [UPDATE: Count=3773, Max=3063, Min=28, Avg=171.35, 90=225, 99=2055, 99.9=2363, 99.99=3063] 
2023-12-21 11:00:48:041 230 sec: 965883 operations; 7067.8 current ops/sec; est completion in 9 second [READ: Count=67089, Max=2935, Min=3, Avg=137.4, 90=211, 99=2008, 99.9=2337, 99.99=2659] [UPDATE: Count=3588, Max=2435, Min=23, Avg=188.15, 90=263, 99=2107, 99.9=2355, 99.99=2435] 
2023-12-21 11:00:53:319 235 sec: 1000000 operations; 6462.78 current ops/sec; [READ: Count=32465, Max=5291, Min=3, Avg=126.87, 90=194, 99=1980, 99.9=2299, 99.99=2569] [CLEANUP: Count=1, Max=817151, Min=816640, Avg=816896, 90=817151, 99=817151, 99.9=817151, 99.99=817151] [UPDATE: Count=1647, Max=2577, Min=31, Avg=176.06, 90=245, 99=1983, 99.9=2391, 99.99=2577] 
