[OVERALL], RunTime(ms), 119846
[OVERALL], Throughput(ops/sec), 8344.041519950602
[TOTAL_GCS_G1_Young_Generation], Count, 6
[TOTAL_GC_TIME_G1_Young_Generation], Time(ms), 39
[TOTAL_GC_TIME_%_G1_Young_Generation], Time(%), 0.032541761927807354
[TOTAL_GCS_G1_Old_Generation], Count, 0
[TOTAL_GC_TIME_G1_Old_Generation], Time(ms), 0
[TOTAL_GC_TIME_%_G1_Old_Generation], Time(%), 0.0
[TOTAL_GCs], Count, 6
[TOTAL_GC_TIME], Time(ms), 39
[TOTAL_GC_TIME_%], Time(%), 0.032541761927807354
[READ], Operations, 730145
[READ], AverageLatency(us), 107.33089728752508
[READ], MinLatency(us), 3
[READ], MaxLatency(us), 164095
[READ], 95thPercentileLatency(us), 325
[READ], 99thPercentileLatency(us), 464
[READ], Return=OK, 730145
[READ], Return=NOT_FOUND, 219762
[UPDATE-FAILED], Operations, 11686
[UPDATE-FAILED], AverageLatency(us), 114.12322437104227
[UPDATE-FAILED], MinLatency(us), 4
[UPDATE-FAILED], MaxLatency(us), 1246
[UPDATE-FAILED], 95thPercentileLatency(us), 383
[UPDATE-FAILED], 99thPercentileLatency(us), 540
[CLEANUP], Operations, 1
[CLEANUP], AverageLatency(us), 15132.0
[CLEANUP], MinLatency(us), 15128
[CLEANUP], MaxLatency(us), 15135
[CLEANUP], 95thPercentileLatency(us), 15135
[CLEANUP], 99thPercentileLatency(us), 15135
[READ-FAILED], Operations, 219762
[READ-FAILED], AverageLatency(us), 114.19169374141116
[READ-FAILED], MinLatency(us), 3
[READ-FAILED], MaxLatency(us), 2309
[READ-FAILED], 95thPercentileLatency(us), 385
[READ-FAILED], 99thPercentileLatency(us), 556
[UPDATE], Operations, 38407
[UPDATE], AverageLatency(us), 143.86390501731455
[UPDATE], MinLatency(us), 17
[UPDATE], MaxLatency(us), 4053
[UPDATE], 95thPercentileLatency(us), 371
[UPDATE], 99thPercentileLatency(us), 517
[UPDATE], Return=OK, 38407
[UPDATE], Return=NOT_FOUND, 11686
