[WARN]  Running against a source checkout. In order to get our runtime dependencies we'll have to invoke Maven. Depending on the state of your system, this may take ~30-45 seconds
[DEBUG]  Running 'mvn -pl site.ycsb:rocksdb-binding -am package -DskipTests dependency:build-classpath -DincludeScope=compile -Dmdep.outputFilterFile=true'
java -cp /home/user/src/rocksdb-cheops-2024/ycsb/rocksdb/conf:/home/user/src/rocksdb-cheops-2024/ycsb/rocksdb/target/rocksdb-binding-0.18.0-SNAPSHOT.jar:/root/.m2/repository/org/apache/htrace/htrace-core4/4.1.0-incubating/htrace-core4-4.1.0-incubating.jar:/root/.m2/repository/org/slf4j/slf4j-api/1.7.25/slf4j-api-1.7.25.jar:/home/user/src/rocksdb-cheops-2024/rocksdb-ycsb/java/target/rocksdbjni-7.4.3-linux64.jar:/root/.m2/repository/net/jcip/jcip-annotations/1.0/jcip-annotations-1.0.jar:/root/.m2/repository/org/hdrhistogram/HdrHistogram/2.1.4/HdrHistogram-2.1.4.jar:/root/.m2/repository/org/codehaus/jackson/jackson-mapper-asl/1.9.4/jackson-mapper-asl-1.9.4.jar:/lib/libzbd.so.1:/root/.m2/repository/org/codehaus/jackson/jackson-core-asl/1.9.4/jackson-core-asl-1.9.4.jar:/home/user/src/rocksdb-cheops-2024/rocksdb-ycsb/java/target/librocksdbjni-linux64.so:/home/user/src/rocksdb-cheops-2024/ycsb/core/target/core-0.18.0-SNAPSHOT.jar site.ycsb.Client -db site.ycsb.db.rocksdb.RocksDBClient -s -P ./workloads/workloadc -p recordcount=5242880 -p operationcount=1000000 -p fieldlength=386 -p fieldcount=10 -load
Command line: -db site.ycsb.db.rocksdb.RocksDBClient -s -P ./workloads/workloadc -p recordcount=5242880 -p operationcount=1000000 -p fieldlength=386 -p fieldcount=10 -load
YCSB Client 0.18.0-SNAPSHOT

Loading workload...
Starting test.
SLF4J: Failed to load class "org.slf4j.impl.StaticLoggerBinder".
SLF4J: Defaulting to no-operation (NOP) logger implementation
SLF4J: See http://www.slf4j.org/codes.html#StaticLoggerBinder for further details.
2023-12-21 13:14:11:414 0 sec: 0 operations; est completion in 0 second 
Leet YCSB 
DBWrapper: report latency for each error is false and specific error codes to track for latency are: []
2023-12-21 13:14:21:372 10 sec: 180634 operations; 18063.4 current ops/sec; est completion in 4 minutes [INSERT: Count=180692, Max=12423, Min=16, Avg=38.94, 90=54, 99=69, 99.9=89, 99.99=284] 
2023-12-21 13:14:31:371 20 sec: 433051 operations; 25241.7 current ops/sec; est completion in 3 minutes [INSERT: Count=252376, Max=7147, Min=16, Avg=37.85, 90=51, 99=61, 99.9=73, 99.99=107] 
2023-12-21 13:14:41:371 30 sec: 708951 operations; 27590 current ops/sec; est completion in 3 minutes [INSERT: Count=275901, Max=5243, Min=14, Avg=34.5, 90=47, 99=57, 99.9=69, 99.99=188] 
2023-12-21 13:14:51:371 40 sec: 983891 operations; 27494 current ops/sec; est completion in 2 minutes [INSERT: Count=274936, Max=7179, Min=15, Avg=34.62, 90=47, 99=56, 99.9=67, 99.99=104] 
2023-12-21 13:15:01:371 50 sec: 1266867 operations; 28297.6 current ops/sec; est completion in 2 minutes [INSERT: Count=282977, Max=7127, Min=14, Avg=33.6, 90=43, 99=60, 99.9=437, 99.99=558] 
2023-12-21 13:15:11:371 60 sec: 1554806 operations; 28793.9 current ops/sec; est completion in 2 minutes [INSERT: Count=287942, Max=5943, Min=15, Avg=33.01, 90=42, 99=61, 99.9=335, 99.99=729] 
2023-12-21 13:15:21:371 70 sec: 1895999 operations; 34119.3 current ops/sec; est completion in 2 minutes [INSERT: Count=341193, Max=8351, Min=13, Avg=27.61, 90=37, 99=44, 99.9=54, 99.99=99] 
2023-12-21 13:15:31:371 80 sec: 2213220 operations; 31722.1 current ops/sec; est completion in 1 minute [INSERT: Count=317222, Max=7919, Min=13, Avg=29.8, 90=38, 99=47, 99.9=741, 99.99=881] 
2023-12-21 13:15:41:371 90 sec: 2512218 operations; 29899.8 current ops/sec; est completion in 1 minute [INSERT: Count=299001, Max=7243, Min=14, Avg=31.73, 90=38, 99=58, 99.9=623, 99.99=693] 
2023-12-21 13:15:51:371 100 sec: 2819408 operations; 30719 current ops/sec; est completion in 1 minute [INSERT: Count=307189, Max=6467, Min=13, Avg=30.82, 90=39, 99=60, 99.9=649, 99.99=1061] 
2023-12-21 13:16:01:371 110 sec: 3126188 operations; 30678 current ops/sec; est completion in 1 minute [INSERT: Count=306775, Max=4623, Min=15, Avg=30.91, 90=39, 99=53, 99.9=571, 99.99=941] 
2023-12-21 13:16:11:371 120 sec: 3381706 operations; 25551.8 current ops/sec; est completion in 1 minute [INSERT: Count=255510, Max=5199, Min=13, Avg=37.44, 90=39, 99=369, 99.9=1305, 99.99=2455] 
2023-12-21 13:16:21:371 130 sec: 3626569 operations; 24486.3 current ops/sec; est completion in 58 seconds [INSERT: Count=244874, Max=6179, Min=15, Avg=39.14, 90=40, 99=377, 99.9=1459, 99.99=2443] 
2023-12-21 13:16:31:371 140 sec: 3923308 operations; 29673.9 current ops/sec; est completion in 48 seconds [INSERT: Count=296740, Max=5887, Min=13, Avg=31.99, 90=39, 99=91, 99.9=677, 99.99=1989] 
2023-12-21 13:16:41:371 150 sec: 4228014 operations; 30470.6 current ops/sec; est completion in 37 seconds [INSERT: Count=304686, Max=2553, Min=13, Avg=31.12, 90=39, 99=55, 99.9=550, 99.99=886] 
2023-12-21 13:16:51:371 160 sec: 4477756 operations; 24974.2 current ops/sec; est completion in 28 seconds [INSERT: Count=249751, Max=2691, Min=13, Avg=38.35, 90=39, 99=403, 99.9=1284, 99.99=2009] 
2023-12-21 13:17:01:371 170 sec: 4722571 operations; 24481.5 current ops/sec; est completion in 19 seconds [INSERT: Count=244806, Max=2663, Min=15, Avg=39.16, 90=41, 99=371, 99.9=1342, 99.99=1969] 
2023-12-21 13:17:11:371 180 sec: 5040206 operations; 31763.5 current ops/sec; est completion in 8 second [INSERT: Count=317655, Max=12175, Min=13, Avg=29.79, 90=38, 99=55, 99.9=654, 99.99=989] 
2023-12-21 13:17:18:082 186 sec: 5242880 operations; 30200.27 current ops/sec; [CLEANUP: Count=1, Max=98751, Min=98688, Avg=98720, 90=98751, 99=98751, 99.9=98751, 99.99=98751] [INSERT: Count=202654, Max=1774, Min=15, Avg=30.92, 90=39, 99=54, 99.9=478, 99.99=785] 
