site.ycsb.DBException: org.rocksdb.RocksDBException: While appending to file: hello_zenfs/000018.sst: No space left on device
	at site.ycsb.db.rocksdb.RocksDBClient.init(RocksDBClient.java:81)
	at site.ycsb.DBWrapper.init(DBWrapper.java:90)
	at site.ycsb.ClientThread.run(ClientThread.java:91)
	at java.base/java.lang.Thread.run(Thread.java:829)
Caused by: org.rocksdb.RocksDBException: While appending to file: hello_zenfs/000018.sst: No space left on device
	at org.rocksdb.RocksDB.open(Native Method)
	at org.rocksdb.RocksDB.open(RocksDB.java:307)
	at site.ycsb.db.rocksdb.RocksDBClient.initRocksDB(RocksDBClient.java:182)
	at site.ycsb.db.rocksdb.RocksDBClient.init(RocksDBClient.java:78)
	... 3 more
[OVERALL], RunTime(ms), 35567
[OVERALL], Throughput(ops/sec), 0.0
[TOTAL_GCS_G1_Young_Generation], Count, 0
[TOTAL_GC_TIME_G1_Young_Generation], Time(ms), 0
[TOTAL_GC_TIME_%_G1_Young_Generation], Time(%), 0.0
[TOTAL_GCS_G1_Old_Generation], Count, 0
[TOTAL_GC_TIME_G1_Old_Generation], Time(ms), 0
[TOTAL_GC_TIME_%_G1_Old_Generation], Time(%), 0.0
[TOTAL_GCs], Count, 0
[TOTAL_GC_TIME], Time(ms), 0
[TOTAL_GC_TIME_%], Time(%), 0.0
