[OVERALL], RunTime(ms), 285981
[OVERALL], Throughput(ops/sec), 18332.966176074635
[TOTAL_GCS_G1_Young_Generation], Count, 130
[TOTAL_GC_TIME_G1_Young_Generation], Time(ms), 228
[TOTAL_GC_TIME_%_G1_Young_Generation], Time(%), 0.07972557617464097
[TOTAL_GCS_G1_Old_Generation], Count, 0
[TOTAL_GC_TIME_G1_Old_Generation], Time(ms), 0
[TOTAL_GC_TIME_%_G1_Old_Generation], Time(%), 0.0
[TOTAL_GCs], Count, 130
[TOTAL_GC_TIME], Time(ms), 228
[TOTAL_GC_TIME_%], Time(%), 0.07972557617464097
[CLEANUP], Operations, 1
[CLEANUP], AverageLatency(us), 180032.0
[CLEANUP], MinLatency(us), 179968
[CLEANUP], MaxLatency(us), 180095
[CLEANUP], 95thPercentileLatency(us), 180095
[CLEANUP], 99thPercentileLatency(us), 180095
[INSERT], Operations, 5242880
[INSERT], AverageLatency(us), 52.252488136291504
[INSERT], MinLatency(us), 14
[INSERT], MaxLatency(us), 15647
[INSERT], 95thPercentileLatency(us), 102
[INSERT], 99thPercentileLatency(us), 287
[INSERT], Return=OK, 5242880
