[OVERALL], RunTime(ms), 116189
[OVERALL], Throughput(ops/sec), 8606.666724044444
[TOTAL_GCS_G1_Young_Generation], Count, 5
[TOTAL_GC_TIME_G1_Young_Generation], Time(ms), 29
[TOTAL_GC_TIME_%_G1_Young_Generation], Time(%), 0.02495933349972889
[TOTAL_GCS_G1_Old_Generation], Count, 0
[TOTAL_GC_TIME_G1_Old_Generation], Time(ms), 0
[TOTAL_GC_TIME_%_G1_Old_Generation], Time(%), 0.0
[TOTAL_GCs], Count, 5
[TOTAL_GC_TIME], Time(ms), 29
[TOTAL_GC_TIME_%], Time(%), 0.02495933349972889
[READ], Operations, 768937
[READ], AverageLatency(us), 106.41316518778521
[READ], MinLatency(us), 5
[READ], MaxLatency(us), 154239
[READ], 95thPercentileLatency(us), 319
[READ], 99thPercentileLatency(us), 488
[READ], Return=OK, 768937
[READ], Return=NOT_FOUND, 231063
[CLEANUP], Operations, 1
[CLEANUP], AverageLatency(us), 8508.0
[CLEANUP], MinLatency(us), 8504
[CLEANUP], MaxLatency(us), 8511
[CLEANUP], 95thPercentileLatency(us), 8511
[CLEANUP], 99thPercentileLatency(us), 8511
[READ-FAILED], Operations, 231063
[READ-FAILED], AverageLatency(us), 108.74542873588588
[READ-FAILED], MinLatency(us), 2
[READ-FAILED], MaxLatency(us), 171903
[READ-FAILED], 95thPercentileLatency(us), 379
[READ-FAILED], 99thPercentileLatency(us), 582
