[OVERALL], RunTime(ms), 3453
[OVERALL], Throughput(ops/sec), 0.5792064871126557
[TOTAL_GCS_G1_Young_Generation], Count, 0
[TOTAL_GC_TIME_G1_Young_Generation], Time(ms), 0
[TOTAL_GC_TIME_%_G1_Young_Generation], Time(%), 0.0
[TOTAL_GCS_G1_Old_Generation], Count, 0
[TOTAL_GC_TIME_G1_Old_Generation], Time(ms), 0
[TOTAL_GC_TIME_%_G1_Old_Generation], Time(%), 0.0
[TOTAL_GCs], Count, 0
[TOTAL_GC_TIME], Time(ms), 0
[TOTAL_GC_TIME_%], Time(%), 0.0
[CLEANUP], Operations, 1
[CLEANUP], AverageLatency(us), 2321.0
[CLEANUP], MinLatency(us), 2320
[CLEANUP], MaxLatency(us), 2321
[CLEANUP], 95thPercentileLatency(us), 2321
[CLEANUP], 99thPercentileLatency(us), 2321
[INSERT], Operations, 2
[INSERT], AverageLatency(us), 908.5
[INSERT], MinLatency(us), 203
[INSERT], MaxLatency(us), 1614
[INSERT], 95thPercentileLatency(us), 1614
[INSERT], 99thPercentileLatency(us), 1614
[INSERT], Return=OK, 2
[INSERT], Return=ERROR, 1
[INSERT-FAILED], Operations, 1
[INSERT-FAILED], AverageLatency(us), 5474.0
[INSERT-FAILED], MinLatency(us), 5472
[INSERT-FAILED], MaxLatency(us), 5475
[INSERT-FAILED], 95thPercentileLatency(us), 5475
[INSERT-FAILED], 99thPercentileLatency(us), 5475
