[OVERALL], RunTime(ms), 141529
[OVERALL], Throughput(ops/sec), 37044.56330504702
[TOTAL_GCS_G1_Young_Generation], Count, 130
[TOTAL_GC_TIME_G1_Young_Generation], Time(ms), 259
[TOTAL_GC_TIME_%_G1_Young_Generation], Time(%), 0.18300136367811545
[TOTAL_GCS_G1_Old_Generation], Count, 0
[TOTAL_GC_TIME_G1_Old_Generation], Time(ms), 0
[TOTAL_GC_TIME_%_G1_Old_Generation], Time(%), 0.0
[TOTAL_GCs], Count, 130
[TOTAL_GC_TIME], Time(ms), 259
[TOTAL_GC_TIME_%], Time(%), 0.18300136367811545
[CLEANUP], Operations, 1
[CLEANUP], AverageLatency(us), 219712.0
[CLEANUP], MinLatency(us), 219648
[CLEANUP], MaxLatency(us), 219775
[CLEANUP], 95thPercentileLatency(us), 219775
[CLEANUP], 99thPercentileLatency(us), 219775
[INSERT], Operations, 5242880
[INSERT], AverageLatency(us), 24.740295600891113
[INSERT], MinLatency(us), 12
[INSERT], MaxLatency(us), 78719
[INSERT], 95thPercentileLatency(us), 33
[INSERT], 99thPercentileLatency(us), 39
[INSERT], Return=OK, 5242880
