[WARN]  Running against a source checkout. In order to get our runtime dependencies we'll have to invoke Maven. Depending on the state of your system, this may take ~30-45 seconds
[DEBUG]  Running 'mvn -pl site.ycsb:rocksdb-binding -am package -DskipTests dependency:build-classpath -DincludeScope=compile -Dmdep.outputFilterFile=true'
java -cp /home/user/src/rocksdb-cheops-2024/ycsb/rocksdb/conf:/home/user/src/rocksdb-cheops-2024/ycsb/rocksdb/target/rocksdb-binding-0.18.0-SNAPSHOT.jar:/root/.m2/repository/org/apache/htrace/htrace-core4/4.1.0-incubating/htrace-core4-4.1.0-incubating.jar:/root/.m2/repository/org/slf4j/slf4j-api/1.7.25/slf4j-api-1.7.25.jar:/home/user/src/rocksdb-cheops-2024/rocksdb-ycsb/java/target/rocksdbjni-7.4.3-linux64.jar:/root/.m2/repository/net/jcip/jcip-annotations/1.0/jcip-annotations-1.0.jar:/root/.m2/repository/org/hdrhistogram/HdrHistogram/2.1.4/HdrHistogram-2.1.4.jar:/root/.m2/repository/org/codehaus/jackson/jackson-mapper-asl/1.9.4/jackson-mapper-asl-1.9.4.jar:/lib/libzbd.so.1:/root/.m2/repository/org/codehaus/jackson/jackson-core-asl/1.9.4/jackson-core-asl-1.9.4.jar:/home/user/src/rocksdb-cheops-2024/rocksdb-ycsb/java/target/librocksdbjni-linux64.so:/home/user/src/rocksdb-cheops-2024/ycsb/core/target/core-0.18.0-SNAPSHOT.jar site.ycsb.Client -db site.ycsb.db.rocksdb.RocksDBClient -s -P ./workloads/workloadd -p recordcount=5242880 -p operationcount=1000000 -p fieldlength=386 -p fieldcount=10 -t
Command line: -db site.ycsb.db.rocksdb.RocksDBClient -s -P ./workloads/workloadd -p recordcount=5242880 -p operationcount=1000000 -p fieldlength=386 -p fieldcount=10 -t
YCSB Client 0.18.0-SNAPSHOT

Loading workload...
Starting test.
SLF4J: Failed to load class "org.slf4j.impl.StaticLoggerBinder".
SLF4J: Defaulting to no-operation (NOP) logger implementation
SLF4J: See http://www.slf4j.org/codes.html#StaticLoggerBinder for further details.
2023-12-21 00:49:35:667 0 sec: 0 operations; est completion in 0 second 
Leet YCSB 
[2023-12-21 00:49:43.491589] /home/user/src/TropoDB_uring/implementation/rocksdb/third-party/SimpleZNSDevice/szd/cpp/src/szd_channel.cpp: 400:DirectRead: *ERROR*: SZD: Channel: DirectRead: Could not read 3670016 2097152
[2023-12-21 00:49:43.491674] /home/user/src/TropoDB_uring/implementation/rocksdb/third-party/SimpleZNSDevice/szd/cpp/src/datastructures/szd_once_log.cpp: 239:ReadAll: *ERROR*: SZD: Once log: ReadAll: Failed
[2023-12-21 00:49:43.495112] /home/user/src/TropoDB_uring/implementation/rocksdb/third-party/SimpleZNSDevice/szd/cpp/src/szd_channel.cpp: 400:DirectRead: *ERROR*: SZD: Channel: DirectRead: Could not read 2097152 2097152
[2023-12-21 00:49:43.495164] /home/user/src/TropoDB_uring/implementation/rocksdb/third-party/SimpleZNSDevice/szd/cpp/src/datastructures/szd_once_log.cpp: 239:ReadAll: *ERROR*: SZD: Once log: ReadAll: Failed
DBWrapper: report latency for each error is false and specific error codes to track for latency are: []
2023-12-21 00:49:45:629 10 sec: 4949 operations; 494.9 current ops/sec; est completion in 33 minutes [READ: Count=1935, Max=1712, Min=7, Avg=123.13, 90=446, 99=918, 99.9=1232, 99.99=1712] [READ-FAILED: Count=2792, Max=3089, Min=17, Avg=643.38, 90=1054, 99=1566, 99.9=2245, 99.99=3089] [INSERT: Count=240, Max=3643, Min=38, Avg=117.3, 90=155, 99=426, 99.9=3643, 99.99=3643] 
2023-12-21 00:49:55:629 20 sec: 46463 operations; 4151.4 current ops/sec; est completion in 6 minutes [READ: Count=22420, Max=11871, Min=3, Avg=67.74, 90=200, 99=780, 99.9=1163, 99.99=1699] [READ-FAILED: Count=17042, Max=3687, Min=17, Avg=483.92, 90=888, 99=1325, 99.9=1845, 99.99=2957] [INSERT: Count=2043, Max=3843, Min=19, Avg=55.53, 90=71, 99=106, 99.9=125, 99.99=3843] 
2023-12-21 00:50:05:629 30 sec: 109195 operations; 6273.2 current ops/sec; est completion in 4 minutes [READ: Count=38468, Max=1683, Min=6, Avg=48.19, 90=134, 99=677, 99.9=1122, 99.99=1465] [READ-FAILED: Count=21202, Max=3399, Min=8, Avg=369.96, 90=789, 99=1258, 99.9=1788, 99.99=2307] [INSERT: Count=3063, Max=208, Min=27, Avg=54.64, 90=68, 99=90, 99.9=116, 99.99=208] 
2023-12-21 00:50:15:629 40 sec: 207605 operations; 9841 current ops/sec; est completion in 2 minutes [READ: Count=64384, Max=1580, Min=5, Avg=31.85, 90=40, 99=422, 99.9=870, 99.99=1215] [READ-FAILED: Count=29148, Max=2151, Min=14, Avg=257.66, 90=537, 99=1017, 99.9=1427, 99.99=1850] [INSERT: Count=4876, Max=132, Min=29, Avg=54.19, 90=68, 99=87, 99.9=114, 99.99=132] 
2023-12-21 00:50:25:628 50 sec: 279833 operations; 7222.8 current ops/sec; est completion in 2 minutes [READ: Count=49156, Max=5963, Min=3, Avg=38.8, 90=68, 99=558, 99.9=1014, 99.99=1456] [READ-FAILED: Count=19517, Max=157439, Min=17, Avg=400.96, 90=724, 99=1222, 99.9=1910, 99.99=152575] [INSERT: Count=3554, Max=172, Min=19, Avg=45, 90=60, 99=82, 99.9=111, 99.99=172] 
2023-12-21 00:50:35:628 60 sec: 374402 operations; 9456.9 current ops/sec; est completion in 1 minute [READ: Count=65952, Max=1802, Min=3, Avg=36.1, 90=48, 99=523, 99.9=1023, 99.99=1443] [READ-FAILED: Count=23883, Max=2971, Min=9, Avg=304.35, 90=660, 99=1206, 99.9=1801, 99.99=2215] [INSERT: Count=4735, Max=140, Min=19, Avg=45.12, 90=61, 99=85, 99.9=116, 99.99=140] 
2023-12-21 00:50:45:629 70 sec: 463454 operations; 8905.2 current ops/sec; est completion in 1 minute [READ: Count=63340, Max=5207, Min=3, Avg=38.18, 90=141, 99=469, 99.9=830, 99.99=1157] [READ-FAILED: Count=21288, Max=167551, Min=9, Avg=340.51, 90=597, 99=1039, 99.9=1546, 99.99=159359] [INSERT: Count=4429, Max=159, Min=19, Avg=45.16, 90=61, 99=79, 99.9=106, 99.99=159] 
2023-12-21 00:50:55:628 80 sec: 566294 operations; 10284 current ops/sec; est completion in 1 minute [READ: Count=74364, Max=5191, Min=3, Avg=33.49, 90=132, 99=429, 99.9=760, 99.99=1105] [READ-FAILED: Count=23360, Max=179071, Min=11, Avg=305.53, 90=550, 99=956, 99.9=1591, 99.99=152703] [INSERT: Count=5108, Max=158, Min=19, Avg=44.13, 90=59, 99=76, 99.9=110, 99.99=124] 
2023-12-21 00:51:05:628 90 sec: 692907 operations; 12661.3 current ops/sec; est completion in 40 seconds [READ: Count=93212, Max=1818, Min=3, Avg=32.37, 90=133, 99=405, 99.9=733, 99.99=1068] [READ-FAILED: Count=27076, Max=3427, Min=9, Avg=241.69, 90=499, 99=872, 99.9=1240, 99.99=1676] [INSERT: Count=6344, Max=575, Min=18, Avg=43.17, 90=57, 99=69, 99.9=84, 99.99=201] 
2023-12-21 00:51:15:629 100 sec: 858766 operations; 16585.9 current ops/sec; est completion in 17 seconds [READ: Count=124088, Max=1584, Min=3, Avg=26.97, 90=126, 99=276, 99.9=544, 99.99=874] [READ-FAILED: Count=33349, Max=2293, Min=7, Avg=182.45, 90=351, 99=661, 99.9=1055, 99.99=1621] [INSERT: Count=8413, Max=379, Min=19, Avg=41.64, 90=55, 99=67, 99.9=82, 99.99=95] 
2023-12-21 00:51:23:916 108 sec: 1000000 operations; 17042.84 current ops/sec; [READ: Count=107055, Max=4955, Min=3, Avg=25.31, 90=125, 99=195, 99.9=390, 99.99=464] [CLEANUP: Count=1, Max=686079, Min=685568, Avg=685824, 90=686079, 99=686079, 99.9=686079, 99.99=686079] [READ-FAILED: Count=27006, Max=3699, Min=9, Avg=163.37, 90=282, 99=498, 99.9=587, 99.99=748] [INSERT: Count=7158, Max=96, Min=19, Avg=41.4, 90=54, 99=68, 99.9=79, 99.99=85] 
