[OVERALL], RunTime(ms), 140033
[OVERALL], Throughput(ops/sec), 37440.317639413566
[TOTAL_GCS_G1_Young_Generation], Count, 130
[TOTAL_GC_TIME_G1_Young_Generation], Time(ms), 230
[TOTAL_GC_TIME_%_G1_Young_Generation], Time(%), 0.16424699892168276
[TOTAL_GCS_G1_Old_Generation], Count, 0
[TOTAL_GC_TIME_G1_Old_Generation], Time(ms), 0
[TOTAL_GC_TIME_%_G1_Old_Generation], Time(%), 0.0
[TOTAL_GCs], Count, 130
[TOTAL_GC_TIME], Time(ms), 230
[TOTAL_GC_TIME_%], Time(%), 0.16424699892168276
[CLEANUP], Operations, 1
[CLEANUP], AverageLatency(us), 205504.0
[CLEANUP], MinLatency(us), 205440
[CLEANUP], MaxLatency(us), 205567
[CLEANUP], 95thPercentileLatency(us), 205567
[CLEANUP], 99thPercentileLatency(us), 205567
[INSERT], Operations, 5242880
[INSERT], AverageLatency(us), 24.455279731750487
[INSERT], MinLatency(us), 13
[INSERT], MaxLatency(us), 48671
[INSERT], 95thPercentileLatency(us), 32
[INSERT], 99thPercentileLatency(us), 42
[INSERT], Return=OK, 5242880
