[WARN]  Running against a source checkout. In order to get our runtime dependencies we'll have to invoke Maven. Depending on the state of your system, this may take ~30-45 seconds
[DEBUG]  Running 'mvn -pl site.ycsb:rocksdb-binding -am package -DskipTests dependency:build-classpath -DincludeScope=compile -Dmdep.outputFilterFile=true'
java -cp /home/user/src/rocksdb-cheops-2024/ycsb/rocksdb/conf:/home/user/src/rocksdb-cheops-2024/ycsb/rocksdb/target/rocksdb-binding-0.18.0-SNAPSHOT.jar:/root/.m2/repository/org/apache/htrace/htrace-core4/4.1.0-incubating/htrace-core4-4.1.0-incubating.jar:/root/.m2/repository/org/slf4j/slf4j-api/1.7.25/slf4j-api-1.7.25.jar:/home/user/src/rocksdb-cheops-2024/rocksdb-ycsb/java/target/rocksdbjni-7.4.3-linux64.jar:/root/.m2/repository/net/jcip/jcip-annotations/1.0/jcip-annotations-1.0.jar:/root/.m2/repository/org/hdrhistogram/HdrHistogram/2.1.4/HdrHistogram-2.1.4.jar:/root/.m2/repository/org/codehaus/jackson/jackson-mapper-asl/1.9.4/jackson-mapper-asl-1.9.4.jar:/lib/libzbd.so.1:/root/.m2/repository/org/codehaus/jackson/jackson-core-asl/1.9.4/jackson-core-asl-1.9.4.jar:/home/user/src/rocksdb-cheops-2024/rocksdb-ycsb/java/target/librocksdbjni-linux64.so:/home/user/src/rocksdb-cheops-2024/ycsb/core/target/core-0.18.0-SNAPSHOT.jar site.ycsb.Client -db site.ycsb.db.rocksdb.RocksDBClient -s -P ./workloads/workloade -p recordcount=5242880 -p operationcount=1000000 -p fieldlength=386 -p fieldcount=10 -load
Command line: -db site.ycsb.db.rocksdb.RocksDBClient -s -P ./workloads/workloade -p recordcount=5242880 -p operationcount=1000000 -p fieldlength=386 -p fieldcount=10 -load
YCSB Client 0.18.0-SNAPSHOT

Loading workload...
Starting test.
SLF4J: Failed to load class "org.slf4j.impl.StaticLoggerBinder".
SLF4J: Defaulting to no-operation (NOP) logger implementation
SLF4J: See http://www.slf4j.org/codes.html#StaticLoggerBinder for further details.
2023-12-21 00:51:33:486 0 sec: 0 operations; est completion in 0 second 
Leet YCSB 
DBWrapper: report latency for each error is false and specific error codes to track for latency are: []
2023-12-21 00:51:43:450 10 sec: 182411 operations; 18237.45 current ops/sec; est completion in 4 minutes [INSERT: Count=182492, Max=12695, Min=15, Avg=33.06, 90=51, 99=65, 99.9=84, 99.99=332] 
2023-12-21 00:51:53:448 20 sec: 514066 operations; 33172.13 current ops/sec; est completion in 3 minutes [INSERT: Count=331596, Max=34783, Min=15, Avg=28.41, 90=35, 99=43, 99.9=52, 99.99=76] 
2023-12-21 00:52:03:447 30 sec: 884661 operations; 37059.5 current ops/sec; est completion in 2 minutes [INSERT: Count=370596, Max=28207, Min=15, Avg=25.44, 90=28, 99=39, 99.9=47, 99.99=74] 
2023-12-21 00:52:13:448 40 sec: 1244751 operations; 36009 current ops/sec; est completion in 2 minutes [INSERT: Count=360091, Max=15351, Min=14, Avg=26.21, 90=30, 99=40, 99.9=50, 99.99=74] 
2023-12-21 00:52:23:447 50 sec: 1663264 operations; 41851.3 current ops/sec; est completion in 1 minute [INSERT: Count=418515, Max=22735, Min=13, Avg=22.42, 90=25, 99=34, 99.9=47, 99.99=73] 
2023-12-21 00:52:33:447 60 sec: 2081627 operations; 41836.3 current ops/sec; est completion in 1 minute [INSERT: Count=418361, Max=21471, Min=14, Avg=22.44, 90=25, 99=34, 99.9=41, 99.99=52] 
2023-12-21 00:52:43:448 70 sec: 2485152 operations; 40352.5 current ops/sec; est completion in 1 minute [INSERT: Count=403525, Max=23359, Min=13, Avg=23.29, 90=27, 99=38, 99.9=54, 99.99=111] 
2023-12-21 00:52:53:448 80 sec: 2899357 operations; 41420.5 current ops/sec; est completion in 1 minute [INSERT: Count=414205, Max=3491, Min=13, Avg=22.68, 90=26, 99=35, 99.9=45, 99.99=61] 
2023-12-21 00:53:03:447 90 sec: 3271043 operations; 37168.6 current ops/sec; est completion in 55 seconds [INSERT: Count=371684, Max=21567, Min=14, Avg=25.36, 90=30, 99=40, 99.9=51, 99.99=69] 
2023-12-21 00:53:13:447 100 sec: 3651785 operations; 38074.2 current ops/sec; est completion in 44 seconds [INSERT: Count=380741, Max=21759, Min=14, Avg=24.76, 90=29, 99=41, 99.9=60, 99.99=138] 
2023-12-21 00:53:23:447 110 sec: 4058247 operations; 40646.2 current ops/sec; est completion in 33 seconds [INSERT: Count=406464, Max=21679, Min=13, Avg=23.14, 90=27, 99=36, 99.9=46, 99.99=63] 
2023-12-21 00:53:33:447 120 sec: 4459704 operations; 40145.7 current ops/sec; est completion in 22 seconds [INSERT: Count=401455, Max=3565, Min=13, Avg=23.44, 90=27, 99=37, 99.9=47, 99.99=62] 
2023-12-21 00:53:43:447 130 sec: 4854980 operations; 39527.6 current ops/sec; est completion in 11 seconds [INSERT: Count=395279, Max=48671, Min=13, Avg=23.8, 90=27, 99=37, 99.9=49, 99.99=67] 
2023-12-21 00:53:53:447 140 sec: 5242880 operations; 38790 current ops/sec; [INSERT: Count=387876, Max=21983, Min=14, Avg=23.85, 90=27, 99=37, 99.9=47, 99.99=62] 
2023-12-21 00:53:53:480 140 sec: 5242880 operations; 0 current ops/sec; [CLEANUP: Count=1, Max=205567, Min=205440, Avg=205504, 90=205567, 99=205567, 99.9=205567, 99.99=205567] [INSERT: Count=0, Max=0, Min=9223372036854775807, Avg=NaN, 90=0, 99=0, 99.9=0, 99.99=0] 
