[WARN]  Running against a source checkout. In order to get our runtime dependencies we'll have to invoke Maven. Depending on the state of your system, this may take ~30-45 seconds
[DEBUG]  Running 'mvn -pl site.ycsb:rocksdb-binding -am package -DskipTests dependency:build-classpath -DincludeScope=compile -Dmdep.outputFilterFile=true'
java -cp /home/user/src/rocksdb-cheops-2024/ycsb/rocksdb/conf:/home/user/src/rocksdb-cheops-2024/ycsb/rocksdb/target/rocksdb-binding-0.18.0-SNAPSHOT.jar:/root/.m2/repository/org/apache/htrace/htrace-core4/4.1.0-incubating/htrace-core4-4.1.0-incubating.jar:/root/.m2/repository/org/slf4j/slf4j-api/1.7.25/slf4j-api-1.7.25.jar:/home/user/src/rocksdb-cheops-2024/rocksdb-ycsb/java/target/rocksdbjni-7.4.3-linux64.jar:/root/.m2/repository/net/jcip/jcip-annotations/1.0/jcip-annotations-1.0.jar:/root/.m2/repository/org/hdrhistogram/HdrHistogram/2.1.4/HdrHistogram-2.1.4.jar:/root/.m2/repository/org/codehaus/jackson/jackson-mapper-asl/1.9.4/jackson-mapper-asl-1.9.4.jar:/lib/libzbd.so.1:/root/.m2/repository/org/codehaus/jackson/jackson-core-asl/1.9.4/jackson-core-asl-1.9.4.jar:/home/user/src/rocksdb-cheops-2024/rocksdb-ycsb/java/target/librocksdbjni-linux64.so:/home/user/src/rocksdb-cheops-2024/ycsb/core/target/core-0.18.0-SNAPSHOT.jar site.ycsb.Client -db site.ycsb.db.rocksdb.RocksDBClient -s -P ./workloads/workloade -p recordcount=5242880 -p operationcount=1000000 -p fieldlength=386 -p fieldcount=10 -t
Command line: -db site.ycsb.db.rocksdb.RocksDBClient -s -P ./workloads/workloade -p recordcount=5242880 -p operationcount=1000000 -p fieldlength=386 -p fieldcount=10 -t
YCSB Client 0.18.0-SNAPSHOT

Loading workload...
Starting test.
SLF4J: Failed to load class "org.slf4j.impl.StaticLoggerBinder".
SLF4J: Defaulting to no-operation (NOP) logger implementation
SLF4J: See http://www.slf4j.org/codes.html#StaticLoggerBinder for further details.
2023-12-21 00:54:02:896 0 sec: 0 operations; est completion in 0 second 
Leet YCSB 
[2023-12-21 00:54:10.631318] /home/user/src/TropoDB_uring/implementation/rocksdb/third-party/SimpleZNSDevice/szd/cpp/src/szd_channel.cpp: 400:DirectRead: *ERROR*: SZD: Channel: DirectRead: Could not read 3670016 2097152
[2023-12-21 00:54:10.631414] /home/user/src/TropoDB_uring/implementation/rocksdb/third-party/SimpleZNSDevice/szd/cpp/src/datastructures/szd_once_log.cpp: 239:ReadAll: *ERROR*: SZD: Once log: ReadAll: Failed
[2023-12-21 00:54:10.634875] /home/user/src/TropoDB_uring/implementation/rocksdb/third-party/SimpleZNSDevice/szd/cpp/src/szd_channel.cpp: 400:DirectRead: *ERROR*: SZD: Channel: DirectRead: Could not read 2097152 2097152
[2023-12-21 00:54:10.634923] /home/user/src/TropoDB_uring/implementation/rocksdb/third-party/SimpleZNSDevice/szd/cpp/src/datastructures/szd_once_log.cpp: 239:ReadAll: *ERROR*: SZD: Once log: ReadAll: Failed
DBWrapper: report latency for each error is false and specific error codes to track for latency are: []
2023-12-21 00:54:12:860 10 sec: 1022 operations; 102.17 current ops/sec; est completion in 2 hours 42 minutes [INSERT: Count=49, Max=3711, Min=73, Avg=267.04, 90=256, 99=3711, 99.9=3711, 99.99=3711] [SCAN: Count=977, Max=16415, Min=65, Avg=2213.02, 90=3355, 99=4155, 99.9=6115, 99.99=16415] 
2023-12-21 00:54:22:857 20 sec: 7196 operations; 617.59 current ops/sec; est completion in 46 minutes [INSERT: Count=320, Max=330, Min=41, Avg=114.59, 90=164, 99=249, 99.9=330, 99.99=330] [SCAN: Count=5850, Max=8087, Min=53, Avg=1688.57, 90=3027, 99=3817, 99.9=4827, 99.99=5535] 
2023-12-21 00:54:32:857 30 sec: 15708 operations; 851.2 current ops/sec; est completion in 31 minutes [INSERT: Count=425, Max=161, Min=21, Avg=76.35, 90=109, 99=138, 99.9=161, 99.99=161] [SCAN: Count=8089, Max=20703, Min=27, Avg=1226.46, 90=2335, 99=3233, 99.9=3883, 99.99=6619] 
2023-12-21 00:54:42:857 40 sec: 26342 operations; 1063.4 current ops/sec; est completion in 24 minutes [INSERT: Count=512, Max=151, Min=22, Avg=71.18, 90=101, 99=127, 99.9=131, 99.99=151] [SCAN: Count=10123, Max=6823, Min=23, Avg=979.08, 90=1747, 99=2715, 99.9=3641, 99.99=6291] 
2023-12-21 00:54:52:857 50 sec: 33817 operations; 747.5 current ops/sec; est completion in 23 minutes [INSERT: Count=329, Max=148, Min=24, Avg=78.15, 90=115, 99=134, 99.9=148, 99.99=148] [SCAN: Count=7144, Max=1014783, Min=26, Avg=1390.68, 90=2417, 99=3303, 99.9=4383, 99.99=7171] 
2023-12-21 00:55:02:857 60 sec: 43757 operations; 994 current ops/sec; est completion in 21 minutes [INSERT: Count=495, Max=154, Min=22, Avg=67.93, 90=98, 99=112, 99.9=154, 99.99=154] [SCAN: Count=9445, Max=6151, Min=24, Avg=1050.54, 90=2103, 99=2981, 99.9=3871, 99.99=5747] 
2023-12-21 00:55:12:857 70 sec: 51332 operations; 757.5 current ops/sec; est completion in 21 minutes [INSERT: Count=337, Max=147, Min=21, Avg=69.81, 90=100, 99=115, 99.9=147, 99.99=147] [SCAN: Count=7239, Max=1466367, Min=26, Avg=1373.18, 90=2181, 99=2957, 99.9=3751, 99.99=6019] 
2023-12-21 00:55:22:857 80 sec: 60662 operations; 933 current ops/sec; est completion in 20 minutes [INSERT: Count=503, Max=141, Min=22, Avg=65.05, 90=94, 99=113, 99.9=126, 99.99=141] [SCAN: Count=8825, Max=635391, Min=25, Avg=1124.39, 90=2040, 99=2789, 99.9=3461, 99.99=6355] 
2023-12-21 00:55:32:857 90 sec: 70718 operations; 1005.6 current ops/sec; est completion in 19 minutes [INSERT: Count=477, Max=133, Min=21, Avg=64.07, 90=94, 99=109, 99.9=133, 99.99=133] [SCAN: Count=9580, Max=5455, Min=23, Avg=1037.28, 90=1975, 99=2597, 99.9=3073, 99.99=4787] 
2023-12-21 00:55:42:857 100 sec: 81438 operations; 1072 current ops/sec; est completion in 18 minutes [INSERT: Count=548, Max=134, Min=22, Avg=59.4, 90=87, 99=114, 99.9=126, 99.99=134] [SCAN: Count=10173, Max=621567, Min=21, Avg=976.56, 90=1688, 99=2203, 99.9=2667, 99.99=3179] 
2023-12-21 00:55:52:857 110 sec: 94645 operations; 1320.7 current ops/sec; est completion in 17 minutes [INSERT: Count=678, Max=135, Min=18, Avg=61.47, 90=88, 99=104, 99.9=114, 99.99=135] [SCAN: Count=12527, Max=3013, Min=20, Avg=791.84, 90=1494, 99=1917, 99.9=2235, 99.99=2989] 
2023-12-21 00:56:02:857 120 sec: 109119 operations; 1447.4 current ops/sec; est completion in 16 minutes [INSERT: Count=751, Max=122, Min=21, Avg=62.87, 90=90, 99=102, 99.9=116, 99.99=122] [SCAN: Count=13724, Max=2851, Min=19, Avg=722.33, 90=1381, 99=1789, 99.9=2115, 99.99=2705] 
2023-12-21 00:56:12:858 130 sec: 123989 operations; 1487 current ops/sec; est completion in 15 minutes [INSERT: Count=720, Max=128, Min=23, Avg=63.84, 90=89, 99=112, 99.9=117, 99.99=128] [SCAN: Count=14151, Max=3163, Min=15, Avg=700.56, 90=1315, 99=1774, 99.9=2067, 99.99=2947] 
2023-12-21 00:56:22:857 140 sec: 139903 operations; 1591.4 current ops/sec; est completion in 14 minutes [INSERT: Count=784, Max=141, Min=24, Avg=63.63, 90=90, 99=111, 99.9=129, 99.99=141] [SCAN: Count=15130, Max=3481, Min=19, Avg=654.82, 90=1209, 99=1700, 99.9=1991, 99.99=2547] 
2023-12-21 00:56:32:857 150 sec: 156740 operations; 1683.7 current ops/sec; est completion in 13 minutes [INSERT: Count=841, Max=128, Min=24, Avg=62.68, 90=88, 99=108, 99.9=123, 99.99=128] [SCAN: Count=15997, Max=3481, Min=19, Avg=619.15, 90=1121, 99=1646, 99.9=1933, 99.99=2467] 
2023-12-21 00:56:42:857 160 sec: 173816 operations; 1707.6 current ops/sec; est completion in 12 minutes [INSERT: Count=814, Max=135, Min=24, Avg=66.45, 90=94, 99=112, 99.9=123, 99.99=135] [SCAN: Count=16263, Max=3345, Min=18, Avg=608.92, 90=1077, 99=1630, 99.9=1871, 99.99=2969] 
2023-12-21 00:56:52:857 170 sec: 191386 operations; 1757 current ops/sec; est completion in 11 minutes [INSERT: Count=903, Max=136, Min=23, Avg=65.54, 90=91, 99=116, 99.9=127, 99.99=136] [SCAN: Count=16664, Max=3143, Min=19, Avg=593.88, 90=1031, 99=1572, 99.9=1892, 99.99=2547] 
2023-12-21 00:57:02:857 180 sec: 209495 operations; 1810.9 current ops/sec; est completion in 11 minutes [INSERT: Count=900, Max=138, Min=22, Avg=66.34, 90=93, 99=117, 99.9=130, 99.99=138] [SCAN: Count=17210, Max=2867, Min=17, Avg=574.94, 90=995, 99=1508, 99.9=1827, 99.99=2663] 
2023-12-21 00:57:12:857 190 sec: 228069 operations; 1857.4 current ops/sec; est completion in 10 minutes [INSERT: Count=911, Max=1631, Min=25, Avg=68.74, 90=95, 99=119, 99.9=129, 99.99=1631] [SCAN: Count=17664, Max=2591, Min=13, Avg=559.97, 90=975, 99=1439, 99.9=1733, 99.99=2271] 
2023-12-21 00:57:22:857 200 sec: 246958 operations; 1888.9 current ops/sec; est completion in 10 minutes [INSERT: Count=953, Max=135, Min=22, Avg=65.88, 90=93, 99=119, 99.9=134, 99.99=135] [SCAN: Count=17934, Max=2685, Min=23, Avg=551.53, 90=956, 99=1402, 99.9=1665, 99.99=2341] 
2023-12-21 00:57:32:857 210 sec: 266068 operations; 1911 current ops/sec; est completion in 9 minutes [INSERT: Count=943, Max=146, Min=24, Avg=67.65, 90=95, 99=121, 99.9=136, 99.99=146] [SCAN: Count=18168, Max=2895, Min=19, Avg=544.33, 90=949, 99=1349, 99.9=1727, 99.99=2661] 
2023-12-21 00:57:42:858 220 sec: 284886 operations; 1881.8 current ops/sec; est completion in 9 minutes [INSERT: Count=977, Max=157, Min=26, Avg=70.53, 90=97, 99=122, 99.9=137, 99.99=157] [SCAN: Count=17840, Max=4021, Min=18, Avg=554.05, 90=961, 99=1319, 99.9=1738, 99.99=3857] 
2023-12-21 00:57:52:858 230 sec: 303831 operations; 1894.5 current ops/sec; est completion in 8 minutes [INSERT: Count=898, Max=148, Min=27, Avg=76.36, 90=105, 99=129, 99.9=143, 99.99=148] [SCAN: Count=18048, Max=4199, Min=18, Avg=547.62, 90=955, 99=1225, 99.9=1680, 99.99=4073] 
2023-12-21 00:58:02:857 240 sec: 323662 operations; 1983.1 current ops/sec; est completion in 8 minutes [INSERT: Count=1003, Max=147, Min=28, Avg=74.37, 90=103, 99=126, 99.9=136, 99.99=147] [SCAN: Count=18828, Max=3157, Min=17, Avg=524.6, 90=916, 99=1164, 99.9=1555, 99.99=2721] 
2023-12-21 00:58:12:857 250 sec: 343450 operations; 1978.8 current ops/sec; est completion in 7 minutes [INSERT: Count=962, Max=249, Min=27, Avg=74.1, 90=101, 99=124, 99.9=152, 99.99=249] [SCAN: Count=18825, Max=3133, Min=19, Avg=524.92, 90=917, 99=1144, 99.9=1518, 99.99=2529] 
2023-12-21 00:58:22:857 260 sec: 363406 operations; 1995.6 current ops/sec; est completion in 7 minutes [INSERT: Count=998, Max=144, Min=30, Avg=75.24, 90=104, 99=132, 99.9=141, 99.99=144] [SCAN: Count=18959, Max=3019, Min=12, Avg=520.99, 90=908, 99=1098, 99.9=1498, 99.99=2701] 
2023-12-21 00:58:32:857 270 sec: 383704 operations; 2029.8 current ops/sec; est completion in 7 minutes [INSERT: Count=988, Max=288, Min=24, Avg=75.58, 90=104, 99=128, 99.9=154, 99.99=288] [SCAN: Count=19311, Max=4531, Min=18, Avg=511.47, 90=896, 99=1078, 99.9=1412, 99.99=2465] 
2023-12-21 00:58:42:857 280 sec: 403931 operations; 2022.7 current ops/sec; est completion in 6 minutes [INSERT: Count=963, Max=154, Min=28, Avg=76.48, 90=106, 99=134, 99.9=150, 99.99=154] [SCAN: Count=19262, Max=2651, Min=16, Avg=512.81, 90=896, 99=1069, 99.9=1426, 99.99=2359] 
2023-12-21 00:58:52:857 290 sec: 424277 operations; 2034.6 current ops/sec; est completion in 6 minutes [INSERT: Count=1000, Max=150, Min=30, Avg=76.19, 90=105, 99=134, 99.9=147, 99.99=150] [SCAN: Count=19346, Max=2659, Min=19, Avg=510.48, 90=890, 99=1062, 99.9=1429, 99.99=2505] 
2023-12-21 00:59:02:857 300 sec: 444779 operations; 2050.2 current ops/sec; est completion in 6 minutes [INSERT: Count=1028, Max=147, Min=30, Avg=75.42, 90=106, 99=133, 99.9=145, 99.99=147] [SCAN: Count=19475, Max=2561, Min=18, Avg=507.04, 90=888, 99=1060, 99.9=1305, 99.99=2361] 
2023-12-21 00:59:12:857 310 sec: 465335 operations; 2055.6 current ops/sec; est completion in 5 minutes [INSERT: Count=1024, Max=153, Min=32, Avg=75.84, 90=106, 99=132, 99.9=153, 99.99=153] [SCAN: Count=19531, Max=2853, Min=14, Avg=505.57, 90=887, 99=1048, 99.9=1282, 99.99=2599] 
2023-12-21 00:59:22:857 320 sec: 485915 operations; 2058 current ops/sec; est completion in 5 minutes [INSERT: Count=1016, Max=1815, Min=31, Avg=78.28, 90=107, 99=134, 99.9=150, 99.99=1815] [SCAN: Count=19564, Max=2299, Min=12, Avg=504.59, 90=886, 99=1048, 99.9=1256, 99.99=2121] 
2023-12-21 00:59:32:857 330 sec: 506419 operations; 2050.4 current ops/sec; est completion in 5 minutes [INSERT: Count=965, Max=160, Min=28, Avg=77.33, 90=109, 99=139, 99.9=153, 99.99=160] [SCAN: Count=19539, Max=3241, Min=17, Avg=505.55, 90=886, 99=1048, 99.9=1223, 99.99=2751] 
2023-12-21 00:59:42:857 340 sec: 526871 operations; 2045.2 current ops/sec; est completion in 5 minutes [INSERT: Count=1031, Max=220, Min=25, Avg=76.39, 90=108, 99=139, 99.9=159, 99.99=220] [SCAN: Count=19420, Max=2735, Min=17, Avg=508.36, 90=892, 99=1048, 99.9=1259, 99.99=2691] 
2023-12-21 00:59:52:858 350 sec: 547350 operations; 2047.9 current ops/sec; est completion in 4 minutes [INSERT: Count=1028, Max=155, Min=28, Avg=76.88, 90=108, 99=137, 99.9=154, 99.99=155] [SCAN: Count=19452, Max=2413, Min=13, Avg=507.55, 90=889, 99=1049, 99.9=1198, 99.99=2251] 
2023-12-21 01:00:02:857 360 sec: 568002 operations; 2065.2 current ops/sec; est completion in 4 minutes [INSERT: Count=1080, Max=155, Min=26, Avg=75.36, 90=105, 99=137, 99.9=152, 99.99=155] [SCAN: Count=19572, Max=2253, Min=11, Avg=504.31, 90=890, 99=1044, 99.9=1156, 99.99=2183] 
2023-12-21 01:00:12:857 370 sec: 588520 operations; 2051.8 current ops/sec; est completion in 4 minutes [INSERT: Count=993, Max=161, Min=27, Avg=76.22, 90=108, 99=143, 99.9=161, 99.99=161] [SCAN: Count=19524, Max=2765, Min=20, Avg=505.82, 90=888, 99=1040, 99.9=1198, 99.99=2537] 
2023-12-21 01:00:22:857 380 sec: 609124 operations; 2060.4 current ops/sec; est completion in 4 minutes [INSERT: Count=1048, Max=262, Min=27, Avg=75.24, 90=106, 99=137, 99.9=169, 99.99=262] [SCAN: Count=19558, Max=2561, Min=12, Avg=504.85, 90=886, 99=1033, 99.9=1131, 99.99=2349] 
2023-12-21 01:00:32:857 390 sec: 629803 operations; 2067.9 current ops/sec; est completion in 3 minutes [INSERT: Count=1027, Max=161, Min=31, Avg=77.28, 90=109, 99=136, 99.9=154, 99.99=161] [SCAN: Count=19653, Max=2849, Min=20, Avg=502.33, 90=882, 99=1035, 99.9=1104, 99.99=2583] 
2023-12-21 01:00:42:857 400 sec: 652151 operations; 2234.8 current ops/sec; est completion in 3 minutes [INSERT: Count=1157, Max=157, Min=24, Avg=68.08, 90=96, 99=121, 99.9=137, 99.99=157] [SCAN: Count=21188, Max=2519, Min=11, Avg=465.91, 90=818, 99=981, 99.9=1204, 99.99=2223] 
2023-12-21 01:00:52:857 410 sec: 674871 operations; 2272 current ops/sec; est completion in 3 minutes [INSERT: Count=1100, Max=311, Min=26, Avg=68.41, 90=93, 99=118, 99.9=144, 99.99=311] [SCAN: Count=21620, Max=2059, Min=19, Avg=456.77, 90=804, 99=948, 99.9=1021, 99.99=1955] 
2023-12-21 01:01:02:857 420 sec: 697621 operations; 2275 current ops/sec; est completion in 3 minutes [INSERT: Count=1176, Max=130, Min=24, Avg=66.29, 90=94, 99=114, 99.9=126, 99.99=130] [SCAN: Count=21575, Max=2483, Min=14, Avg=457.62, 90=807, 99=945, 99.9=1011, 99.99=2227] 
2023-12-21 01:01:12:857 430 sec: 720434 operations; 2281.3 current ops/sec; est completion in 2 minutes [INSERT: Count=1176, Max=131, Min=26, Avg=67.82, 90=95, 99=115, 99.9=128, 99.99=131] [SCAN: Count=21637, Max=2377, Min=13, Avg=456.18, 90=800, 99=947, 99.9=1020, 99.99=2127] 
2023-12-21 01:01:22:857 440 sec: 743349 operations; 2291.5 current ops/sec; est completion in 2 minutes [INSERT: Count=1136, Max=147, Min=24, Avg=67.24, 90=95, 99=123, 99.9=140, 99.99=147] [SCAN: Count=21779, Max=2643, Min=15, Avg=453.39, 90=798, 99=941, 99.9=1020, 99.99=2337] 
2023-12-21 01:01:32:857 450 sec: 766130 operations; 2278.1 current ops/sec; est completion in 2 minutes [INSERT: Count=1139, Max=139, Min=23, Avg=67.12, 90=94, 99=117, 99.9=128, 99.99=139] [SCAN: Count=21643, Max=17103, Min=18, Avg=456.22, 90=798, 99=940, 99.9=1004, 99.99=2749] 
2023-12-21 01:01:42:857 460 sec: 788996 operations; 2286.6 current ops/sec; est completion in 2 minutes [INSERT: Count=1124, Max=150, Min=23, Avg=67.63, 90=96, 99=115, 99.9=140, 99.99=150] [SCAN: Count=21741, Max=2725, Min=17, Avg=454.18, 90=796, 99=935, 99.9=995, 99.99=2209] 
2023-12-21 01:01:52:857 470 sec: 811994 operations; 2299.8 current ops/sec; est completion in 1 minute [INSERT: Count=1137, Max=137, Min=23, Avg=64.68, 90=91, 99=116, 99.9=131, 99.99=137] [SCAN: Count=21861, Max=2605, Min=12, Avg=451.8, 90=795, 99=938, 99.9=999, 99.99=2175] 
2023-12-21 01:02:02:858 480 sec: 834953 operations; 2295.9 current ops/sec; est completion in 1 minute [INSERT: Count=1160, Max=163, Min=25, Avg=67.92, 90=96, 99=121, 99.9=146, 99.99=163] [SCAN: Count=21799, Max=2893, Min=16, Avg=452.83, 90=794, 99=938, 99.9=1004, 99.99=2661] 
2023-12-21 01:02:12:857 490 sec: 857936 operations; 2298.3 current ops/sec; est completion in 1 minute [INSERT: Count=1170, Max=744, Min=22, Avg=68.27, 90=96, 99=118, 99.9=145, 99.99=744] [SCAN: Count=21812, Max=2709, Min=15, Avg=452.49, 90=795, 99=936, 99.9=1000, 99.99=2563] 
2023-12-21 01:02:22:857 500 sec: 880811 operations; 2287.5 current ops/sec; est completion in 1 minute [INSERT: Count=1126, Max=138, Min=25, Avg=66.78, 90=93, 99=114, 99.9=137, 99.99=138] [SCAN: Count=21750, Max=2793, Min=18, Avg=454.06, 90=798, 99=942, 99.9=998, 99.99=2645] 
2023-12-21 01:02:32:857 510 sec: 903694 operations; 2288.3 current ops/sec; est completion in 55 seconds [INSERT: Count=1137, Max=128, Min=23, Avg=65.33, 90=93, 99=115, 99.9=127, 99.99=128] [SCAN: Count=21746, Max=2483, Min=16, Avg=454.15, 90=794, 99=942, 99.9=998, 99.99=2395] 
2023-12-21 01:02:42:857 520 sec: 926561 operations; 2286.7 current ops/sec; est completion in 42 seconds [INSERT: Count=1099, Max=135, Min=22, Avg=66.9, 90=94, 99=118, 99.9=132, 99.99=135] [SCAN: Count=21768, Max=2609, Min=11, Avg=453.71, 90=793, 99=942, 99.9=1020, 99.99=2399] 
2023-12-21 01:02:52:857 530 sec: 949749 operations; 2318.8 current ops/sec; est completion in 29 seconds [INSERT: Count=1184, Max=128, Min=22, Avg=64.79, 90=90, 99=113, 99.9=120, 99.99=128] [SCAN: Count=22005, Max=2465, Min=16, Avg=448.64, 90=791, 99=938, 99.9=999, 99.99=2389] 
2023-12-21 01:03:02:857 540 sec: 972760 operations; 2301.1 current ops/sec; est completion in 16 seconds [INSERT: Count=1100, Max=136, Min=27, Avg=69.61, 90=97, 99=118, 99.9=133, 99.99=136] [SCAN: Count=21910, Max=2871, Min=13, Avg=450.66, 90=793, 99=938, 99.9=1010, 99.99=2721] 
2023-12-21 01:03:12:857 550 sec: 992696 operations; 1993.6 current ops/sec; est completion in 5 second [INSERT: Count=964, Max=142, Min=22, Avg=70.54, 90=102, 99=125, 99.9=137, 99.99=142] [SCAN: Count=18972, Max=2629, Min=20, Avg=521.06, 90=938, 99=1156, 99.9=1236, 99.99=2487] 
2023-12-21 01:03:16:932 554 sec: 1000000 operations; 1792.39 current ops/sec; [CLEANUP: Count=1, Max=14071, Min=14064, Avg=14068, 90=14071, 99=14071, 99.9=14071, 99.99=14071] [INSERT: Count=323, Max=142, Min=23, Avg=79.52, 90=111, 99=135, 99.9=142, 99.99=142] [SCAN: Count=6980, Max=2919, Min=16, Avg=575.32, 90=1023, 99=1181, 99.9=1258, 99.99=2727] 
