[OVERALL], RunTime(ms), 1331923
[OVERALL], Throughput(ops/sec), 750.7941525148226
[TOTAL_GCS_G1_Young_Generation], Count, 18
[TOTAL_GC_TIME_G1_Young_Generation], Time(ms), 104
[TOTAL_GC_TIME_%_G1_Young_Generation], Time(%), 0.007808259186154155
[TOTAL_GCS_G1_Old_Generation], Count, 0
[TOTAL_GC_TIME_G1_Old_Generation], Time(ms), 0
[TOTAL_GC_TIME_%_G1_Old_Generation], Time(%), 0.0
[TOTAL_GCs], Count, 18
[TOTAL_GC_TIME], Time(ms), 104
[TOTAL_GC_TIME_%], Time(%), 0.007808259186154155
[READ], Operations, 500055
[READ], AverageLatency(us), 157.81243263241043
[READ], MinLatency(us), 3
[READ], MaxLatency(us), 274687
[READ], 95thPercentileLatency(us), 454
[READ], 99thPercentileLatency(us), 1458
[READ], Return=OK, 500055
[CLEANUP], Operations, 1
[CLEANUP], AverageLatency(us), 113056.0
[CLEANUP], MinLatency(us), 113024
[CLEANUP], MaxLatency(us), 113087
[CLEANUP], 95thPercentileLatency(us), 113087
[CLEANUP], 99thPercentileLatency(us), 113087
[UPDATE], Operations, 499945
[UPDATE], AverageLatency(us), 729.4289651861704
[UPDATE], MinLatency(us), 21
[UPDATE], MaxLatency(us), 268799
[UPDATE], 95thPercentileLatency(us), 1268
[UPDATE], 99thPercentileLatency(us), 2455
[UPDATE], Return=OK, 499945
