[OVERALL], RunTime(ms), 2990030
[OVERALL], Throughput(ops/sec), 1753.4539787226215
[TOTAL_GCS_G1_Young_Generation], Count, 130
[TOTAL_GC_TIME_G1_Young_Generation], Time(ms), 334
[TOTAL_GC_TIME_%_G1_Young_Generation], Time(%), 0.01117045648371421
[TOTAL_GCS_G1_Old_Generation], Count, 0
[TOTAL_GC_TIME_G1_Old_Generation], Time(ms), 0
[TOTAL_GC_TIME_%_G1_Old_Generation], Time(%), 0.0
[TOTAL_GCs], Count, 130
[TOTAL_GC_TIME], Time(ms), 334
[TOTAL_GC_TIME_%], Time(%), 0.01117045648371421
[CLEANUP], Operations, 1
[CLEANUP], AverageLatency(us), 107168.0
[CLEANUP], MinLatency(us), 107136
[CLEANUP], MaxLatency(us), 107199
[CLEANUP], 95thPercentileLatency(us), 107199
[CLEANUP], 99thPercentileLatency(us), 107199
[INSERT], Operations, 5242880
[INSERT], AverageLatency(us), 567.2182537078858
[INSERT], MinLatency(us), 17
[INSERT], MaxLatency(us), 95167
[INSERT], 95thPercentileLatency(us), 609
[INSERT], 99thPercentileLatency(us), 1366
[INSERT], Return=OK, 5242880
