[OVERALL], RunTime(ms), 1353274
[OVERALL], Throughput(ops/sec), 738.9486534138689
[TOTAL_GCS_G1_Young_Generation], Count, 283
[TOTAL_GC_TIME_G1_Young_Generation], Time(ms), 467
[TOTAL_GC_TIME_%_G1_Young_Generation], Time(%), 0.03450890211442768
[TOTAL_GCS_G1_Old_Generation], Count, 0
[TOTAL_GC_TIME_G1_Old_Generation], Time(ms), 0
[TOTAL_GC_TIME_%_G1_Old_Generation], Time(%), 0.0
[TOTAL_GCs], Count, 283
[TOTAL_GC_TIME], Time(ms), 467
[TOTAL_GC_TIME_%], Time(%), 0.03450890211442768
[CLEANUP], Operations, 1
[CLEANUP], AverageLatency(us), 16504.0
[CLEANUP], MinLatency(us), 16496
[CLEANUP], MaxLatency(us), 16511
[CLEANUP], 95thPercentileLatency(us), 16511
[CLEANUP], 99thPercentileLatency(us), 16511
[INSERT], Operations, 50163
[INSERT], AverageLatency(us), 632.7003169666885
[INSERT], MinLatency(us), 26
[INSERT], MaxLatency(us), 8575
[INSERT], 95thPercentileLatency(us), 662
[INSERT], 99thPercentileLatency(us), 2079
[INSERT], Return=OK, 50163
[SCAN], Operations, 949837
[SCAN], AverageLatency(us), 616.8815891568764
[SCAN], MinLatency(us), 12
[SCAN], MaxLatency(us), 841727
[SCAN], 95thPercentileLatency(us), 1273
[SCAN], 99thPercentileLatency(us), 3267
[SCAN], Return=OK, 949837
