[OVERALL], RunTime(ms), 195389
[OVERALL], Throughput(ops/sec), 26833.035636601857
[TOTAL_GCS_G1_Young_Generation], Count, 130
[TOTAL_GC_TIME_G1_Young_Generation], Time(ms), 228
[TOTAL_GC_TIME_%_G1_Young_Generation], Time(%), 0.11669029474535414
[TOTAL_GCS_G1_Old_Generation], Count, 0
[TOTAL_GC_TIME_G1_Old_Generation], Time(ms), 0
[TOTAL_GC_TIME_%_G1_Old_Generation], Time(%), 0.0
[TOTAL_GCs], Count, 130
[TOTAL_GC_TIME], Time(ms), 228
[TOTAL_GC_TIME_%], Time(%), 0.11669029474535414
[CLEANUP], Operations, 1
[CLEANUP], AverageLatency(us), 102048.0
[CLEANUP], MinLatency(us), 102016
[CLEANUP], MaxLatency(us), 102079
[CLEANUP], 95thPercentileLatency(us), 102079
[CLEANUP], 99thPercentileLatency(us), 102079
[INSERT], Operations, 5242880
[INSERT], AverageLatency(us), 35.113324356079104
[INSERT], MinLatency(us), 14
[INSERT], MaxLatency(us), 15783
[INSERT], 95thPercentileLatency(us), 50
[INSERT], 99thPercentileLatency(us), 72
[INSERT], Return=OK, 5242880
