[WARN]  Running against a source checkout. In order to get our runtime dependencies we'll have to invoke Maven. Depending on the state of your system, this may take ~30-45 seconds
[DEBUG]  Running 'mvn -pl site.ycsb:rocksdb-binding -am package -DskipTests dependency:build-classpath -DincludeScope=compile -Dmdep.outputFilterFile=true'
java -cp /home/user/src/rocksdb-cheops-2024/ycsb/rocksdb/conf:/home/user/src/rocksdb-cheops-2024/ycsb/rocksdb/target/rocksdb-binding-0.18.0-SNAPSHOT.jar:/root/.m2/repository/org/apache/htrace/htrace-core4/4.1.0-incubating/htrace-core4-4.1.0-incubating.jar:/root/.m2/repository/org/slf4j/slf4j-api/1.7.25/slf4j-api-1.7.25.jar:/home/user/src/rocksdb-cheops-2024/rocksdb-ycsb/java/target/rocksdbjni-7.4.3-linux64.jar:/root/.m2/repository/net/jcip/jcip-annotations/1.0/jcip-annotations-1.0.jar:/root/.m2/repository/org/hdrhistogram/HdrHistogram/2.1.4/HdrHistogram-2.1.4.jar:/root/.m2/repository/org/codehaus/jackson/jackson-mapper-asl/1.9.4/jackson-mapper-asl-1.9.4.jar:/lib/libzbd.so.1:/root/.m2/repository/org/codehaus/jackson/jackson-core-asl/1.9.4/jackson-core-asl-1.9.4.jar:/home/user/src/rocksdb-cheops-2024/rocksdb-ycsb/java/target/librocksdbjni-linux64.so:/home/user/src/rocksdb-cheops-2024/ycsb/core/target/core-0.18.0-SNAPSHOT.jar site.ycsb.Client -db site.ycsb.db.rocksdb.RocksDBClient -s -P ./workloads/workloada -p recordcount=5242880 -p operationcount=1000000 -p fieldlength=386 -p fieldcount=10 -t
Command line: -db site.ycsb.db.rocksdb.RocksDBClient -s -P ./workloads/workloada -p recordcount=5242880 -p operationcount=1000000 -p fieldlength=386 -p fieldcount=10 -t
YCSB Client 0.18.0-SNAPSHOT

Loading workload...
Starting test.
SLF4J: Failed to load class "org.slf4j.impl.StaticLoggerBinder".
SLF4J: Defaulting to no-operation (NOP) logger implementation
SLF4J: See http://www.slf4j.org/codes.html#StaticLoggerBinder for further details.
2024-01-12 22:00:12:827 0 sec: 0 operations; est completion in 0 second 
Leet YCSB 
2024-01-12 22:00:22:787 10 sec: 0 operations; est completion in 106751991167300 days 15 hours 
2024-01-12 22:00:32:787 20 sec: 0 operations; est completion in 106751991167300 days 15 hours 
2024-01-12 22:00:42:787 30 sec: 0 operations; est completion in 106751991167300 days 15 hours 
DBWrapper: report latency for each error is false and specific error codes to track for latency are: []
2024-01-12 22:00:52:787 40 sec: 3186 operations; 318.6 current ops/sec; est completion in 3 hours 28 minutes [READ: Count=1597, Max=3665, Min=7, Avg=899.47, 90=2421, 99=3157, 99.9=3423, 99.99=3665] [UPDATE: Count=1600, Max=3831, Min=41, Avg=988.34, 90=2559, 99=3371, 99.9=3583, 99.99=3831] 
2024-01-12 22:01:02:787 50 sec: 16285 operations; 1309.9 current ops/sec; est completion in 50 minutes [READ: Count=6500, Max=4363, Min=4, Avg=717.43, 90=2039, 99=3231, 99.9=3861, 99.99=4271] [UPDATE: Count=6589, Max=13095, Min=28, Avg=796.97, 90=2197, 99=3281, 99.9=4099, 99.99=4567] 
2024-01-12 22:01:12:787 60 sec: 31998 operations; 1571.3 current ops/sec; est completion in 30 minutes [READ: Count=7792, Max=4903, Min=7, Avg=606.58, 90=1997, 99=3215, 99.9=3889, 99.99=4431] [UPDATE: Count=7922, Max=5091, Min=39, Avg=656.97, 90=2011, 99=3295, 99.9=4021, 99.99=4391] 
2024-01-12 22:01:22:787 70 sec: 51408 operations; 1941 current ops/sec; est completion in 21 minutes [READ: Count=9676, Max=6839, Min=6, Avg=470.95, 90=1316, 99=3189, 99.9=4029, 99.99=5655] [UPDATE: Count=9736, Max=4887, Min=35, Avg=551.27, 90=1467, 99=3271, 99.9=4151, 99.99=4831] 
2024-01-12 22:01:32:787 80 sec: 75115 operations; 2370.7 current ops/sec; est completion in 16 minutes [READ: Count=11856, Max=6891, Min=4, Avg=391.91, 90=1151, 99=3133, 99.9=3997, 99.99=6251] [UPDATE: Count=11848, Max=10039, Min=24, Avg=446.34, 90=1194, 99=3193, 99.9=4199, 99.99=9855] 
2024-01-12 22:01:42:787 90 sec: 105074 operations; 2995.9 current ops/sec; est completion in 12 minutes [READ: Count=15141, Max=10527, Min=3, Avg=309.55, 90=931, 99=3025, 99.9=4291, 99.99=7699] [UPDATE: Count=14820, Max=10015, Min=18, Avg=354.04, 90=970, 99=3159, 99.9=4499, 99.99=9623] 
2024-01-12 22:01:52:787 100 sec: 143429 operations; 3835.5 current ops/sec; est completion in 9 minutes [READ: Count=19163, Max=5443, Min=3, Avg=242.68, 90=689, 99=2785, 99.9=4199, 99.99=5203] [UPDATE: Count=19198, Max=6751, Min=20, Avg=274.8, 90=654, 99=2853, 99.9=4207, 99.99=5683] 
2024-01-12 22:02:02:787 110 sec: 191297 operations; 4786.8 current ops/sec; est completion in 7 minutes [READ: Count=23966, Max=4975, Min=3, Avg=184.61, 90=292, 99=2305, 99.9=3707, 99.99=4823] [UPDATE: Count=23902, Max=5403, Min=19, Avg=229.5, 90=363, 99=2383, 99.9=3815, 99.99=4695] 
2024-01-12 22:02:12:787 120 sec: 233666 operations; 4236.9 current ops/sec; est completion in 6 minutes [READ: Count=21237, Max=274431, Min=3, Avg=203.3, 90=302, 99=2285, 99.9=3861, 99.99=5695] [UPDATE: Count=21126, Max=321023, Min=21, Avg=265.25, 90=355, 99=2367, 99.9=3883, 99.99=5803] 
2024-01-12 22:02:22:787 130 sec: 254245 operations; 2057.9 current ops/sec; est completion in 6 minutes [READ: Count=10375, Max=8767, Min=3, Avg=455.5, 90=1688, 99=3889, 99.9=5435, 99.99=6563] [UPDATE: Count=10210, Max=6155, Min=18, Avg=511.64, 90=1818, 99=4055, 99.9=5075, 99.99=6127] 
2024-01-12 22:02:32:787 140 sec: 278632 operations; 2438.7 current ops/sec; est completion in 6 minutes [READ: Count=12189, Max=7291, Min=4, Avg=388.88, 90=1394, 99=3455, 99.9=4863, 99.99=6571] [UPDATE: Count=12192, Max=5991, Min=21, Avg=427.06, 90=1356, 99=3365, 99.9=4855, 99.99=5959] 
2024-01-12 22:02:42:787 150 sec: 306410 operations; 2777.8 current ops/sec; est completion in 5 minutes [READ: Count=13889, Max=7015, Min=3, Avg=334.3, 90=1178, 99=3007, 99.9=4819, 99.99=5979] [UPDATE: Count=13888, Max=6423, Min=20, Avg=381.43, 90=1246, 99=3073, 99.9=4739, 99.99=6039] 
2024-01-12 22:02:52:787 160 sec: 350133 operations; 4372.3 current ops/sec; est completion in 4 minutes [READ: Count=21938, Max=4611, Min=3, Avg=204.7, 90=531, 99=1985, 99.9=3089, 99.99=3903] [UPDATE: Count=21791, Max=5327, Min=19, Avg=249.1, 90=586, 99=2081, 99.9=3347, 99.99=5095] 
2024-01-12 22:03:02:787 170 sec: 396936 operations; 4680.3 current ops/sec; est completion in 4 minutes [READ: Count=23526, Max=4535, Min=3, Avg=180.07, 90=457, 99=1770, 99.9=2835, 99.99=4163] [UPDATE: Count=23275, Max=268031, Min=17, Avg=243.91, 90=506, 99=1855, 99.9=3091, 99.99=5935] 
2024-01-12 22:03:12:787 180 sec: 445041 operations; 4810.5 current ops/sec; est completion in 3 minutes [READ: Count=24135, Max=4967, Min=4, Avg=184.57, 90=538, 99=1806, 99.9=3073, 99.99=4219] [UPDATE: Count=23984, Max=4163, Min=23, Avg=227.5, 90=589, 99=1920, 99.9=3233, 99.99=3889] 
2024-01-12 22:03:22:787 190 sec: 497327 operations; 5228.6 current ops/sec; est completion in 3 minutes [READ: Count=25943, Max=5023, Min=4, Avg=165.58, 90=385, 99=1881, 99.9=3237, 99.99=4647] [UPDATE: Count=26328, Max=4583, Min=21, Avg=213.19, 90=476, 99=1949, 99.9=3335, 99.99=4335] 
2024-01-12 22:03:32:787 200 sec: 548195 operations; 5086.8 current ops/sec; est completion in 2 minutes [READ: Count=25441, Max=4263, Min=3, Avg=161.99, 90=331, 99=1986, 99.9=3179, 99.99=3845] [UPDATE: Count=25427, Max=276991, Min=21, Avg=227.73, 90=363, 99=1947, 99.9=3157, 99.99=5367] 
2024-01-12 22:03:42:787 210 sec: 598584 operations; 5038.9 current ops/sec; est completion in 2 minutes [READ: Count=25087, Max=4411, Min=3, Avg=176.34, 90=312, 99=2121, 99.9=3173, 99.99=3669] [UPDATE: Count=25299, Max=5519, Min=20, Avg=216.76, 90=356, 99=2151, 99.9=3229, 99.99=3809] 
2024-01-12 22:03:52:787 220 sec: 647686 operations; 4910.2 current ops/sec; est completion in 2 minutes [READ: Count=24559, Max=4035, Min=3, Avg=180.61, 90=319, 99=2081, 99.9=3191, 99.99=3597] [UPDATE: Count=24541, Max=5303, Min=20, Avg=223.08, 90=373, 99=2155, 99.9=3229, 99.99=3993] 
2024-01-12 22:04:02:787 230 sec: 691392 operations; 4370.6 current ops/sec; est completion in 1 minute [READ: Count=21953, Max=4467, Min=4, Avg=205.58, 90=471, 99=2131, 99.9=3229, 99.99=4041] [UPDATE: Count=21753, Max=5991, Min=20, Avg=248.57, 90=520, 99=2189, 99.9=3267, 99.99=4723] 
2024-01-12 22:04:12:787 240 sec: 739177 operations; 4778.5 current ops/sec; est completion in 1 minute [READ: Count=23874, Max=5551, Min=3, Avg=185.6, 90=410, 99=2067, 99.9=3167, 99.99=4251] [UPDATE: Count=23917, Max=5231, Min=21, Avg=229.29, 90=458, 99=2151, 99.9=3373, 99.99=4567] 
2024-01-12 22:04:22:787 250 sec: 801097 operations; 6192 current ops/sec; est completion in 1 minute [READ: Count=30846, Max=4035, Min=3, Avg=140.13, 90=219, 99=1705, 99.9=2867, 99.99=3607] [UPDATE: Count=31069, Max=5087, Min=19, Avg=179.42, 90=269, 99=1704, 99.9=2669, 99.99=3529] 
2024-01-12 22:04:32:787 260 sec: 860265 operations; 5916.8 current ops/sec; est completion in 43 seconds [READ: Count=29758, Max=4223, Min=3, Avg=135.08, 90=195, 99=1818, 99.9=2815, 99.99=3605] [UPDATE: Count=29414, Max=244991, Min=19, Avg=199.96, 90=249, 99=1864, 99.9=3005, 99.99=4987] 
2024-01-12 22:04:42:787 270 sec: 917302 operations; 5703.7 current ops/sec; est completion in 25 seconds [READ: Count=28582, Max=5695, Min=4, Avg=157.1, 90=214, 99=2023, 99.9=3093, 99.99=3551] [UPDATE: Count=28450, Max=3703, Min=19, Avg=190.18, 90=230, 99=2079, 99.9=3109, 99.99=3583] 
2024-01-12 22:04:52:787 280 sec: 974426 operations; 5712.4 current ops/sec; est completion in 8 second [READ: Count=28434, Max=4511, Min=4, Avg=152.27, 90=188, 99=2019, 99.9=3281, 99.99=3805] [UPDATE: Count=28701, Max=4595, Min=18, Avg=194.16, 90=240, 99=2075, 99.9=3201, 99.99=3817] 
2024-01-12 22:04:57:308 284 sec: 1000000 operations; 5656.71 current ops/sec; [READ: Count=12847, Max=3497, Min=4, Avg=150.78, 90=186, 99=2015, 99.9=3011, 99.99=3447] [CLEANUP: Count=1, Max=147583, Min=147456, Avg=147520, 90=147583, 99=147583, 99.9=147583, 99.99=147583] [UPDATE: Count=12716, Max=3809, Min=21, Avg=188.07, 90=229, 99=2083, 99.9=3249, 99.99=3745] 
