[OVERALL], RunTime(ms), 288467
[OVERALL], Throughput(ops/sec), 18174.973220507025
[TOTAL_GCS_G1_Young_Generation], Count, 130
[TOTAL_GC_TIME_G1_Young_Generation], Time(ms), 213
[TOTAL_GC_TIME_%_G1_Young_Generation], Time(%), 0.07383860198913568
[TOTAL_GCS_G1_Old_Generation], Count, 0
[TOTAL_GC_TIME_G1_Old_Generation], Time(ms), 0
[TOTAL_GC_TIME_%_G1_Old_Generation], Time(%), 0.0
[TOTAL_GCs], Count, 130
[TOTAL_GC_TIME], Time(ms), 213
[TOTAL_GC_TIME_%], Time(%), 0.07383860198913568
[CLEANUP], Operations, 1
[CLEANUP], AverageLatency(us), 193088.0
[CLEANUP], MinLatency(us), 193024
[CLEANUP], MaxLatency(us), 193151
[CLEANUP], 95thPercentileLatency(us), 193151
[CLEANUP], 99thPercentileLatency(us), 193151
[INSERT], Operations, 5242880
[INSERT], AverageLatency(us), 52.784766006469724
[INSERT], MinLatency(us), 14
[INSERT], MaxLatency(us), 11839
[INSERT], 95thPercentileLatency(us), 99
[INSERT], 99thPercentileLatency(us), 285
[INSERT], Return=OK, 5242880
