[OVERALL], RunTime(ms), 2978344
[OVERALL], Throughput(ops/sec), 1760.333930533209
[TOTAL_GCS_G1_Young_Generation], Count, 130
[TOTAL_GC_TIME_G1_Young_Generation], Time(ms), 724
[TOTAL_GC_TIME_%_G1_Young_Generation], Time(%), 0.024308810533638828
[TOTAL_GCS_G1_Old_Generation], Count, 0
[TOTAL_GC_TIME_G1_Old_Generation], Time(ms), 0
[TOTAL_GC_TIME_%_G1_Old_Generation], Time(%), 0.0
[TOTAL_GCs], Count, 130
[TOTAL_GC_TIME], Time(ms), 724
[TOTAL_GC_TIME_%], Time(%), 0.024308810533638828
[CLEANUP], Operations, 1
[CLEANUP], AverageLatency(us), 106848.0
[CLEANUP], MinLatency(us), 106816
[CLEANUP], MaxLatency(us), 106879
[CLEANUP], 95thPercentileLatency(us), 106879
[CLEANUP], 99thPercentileLatency(us), 106879
[INSERT], Operations, 5242880
[INSERT], AverageLatency(us), 565.0179916381836
[INSERT], MinLatency(us), 17
[INSERT], MaxLatency(us), 96703
[INSERT], 95thPercentileLatency(us), 608
[INSERT], 99thPercentileLatency(us), 1347
[INSERT], Return=OK, 5242880
