[WARN]  Running against a source checkout. In order to get our runtime dependencies we'll have to invoke Maven. Depending on the state of your system, this may take ~30-45 seconds
[DEBUG]  Running 'mvn -pl site.ycsb:rocksdb-binding -am package -DskipTests dependency:build-classpath -DincludeScope=compile -Dmdep.outputFilterFile=true'
java -cp /home/user/src/rocksdb-cheops-2024/ycsb/rocksdb/conf:/home/user/src/rocksdb-cheops-2024/ycsb/rocksdb/target/rocksdb-binding-0.18.0-SNAPSHOT.jar:/root/.m2/repository/org/apache/htrace/htrace-core4/4.1.0-incubating/htrace-core4-4.1.0-incubating.jar:/root/.m2/repository/org/slf4j/slf4j-api/1.7.25/slf4j-api-1.7.25.jar:/home/user/src/rocksdb-cheops-2024/rocksdb-ycsb/java/target/rocksdbjni-7.4.3-linux64.jar:/root/.m2/repository/net/jcip/jcip-annotations/1.0/jcip-annotations-1.0.jar:/root/.m2/repository/org/hdrhistogram/HdrHistogram/2.1.4/HdrHistogram-2.1.4.jar:/root/.m2/repository/org/codehaus/jackson/jackson-mapper-asl/1.9.4/jackson-mapper-asl-1.9.4.jar:/lib/libzbd.so.1:/root/.m2/repository/org/codehaus/jackson/jackson-core-asl/1.9.4/jackson-core-asl-1.9.4.jar:/home/user/src/rocksdb-cheops-2024/rocksdb-ycsb/java/target/librocksdbjni-linux64.so:/home/user/src/rocksdb-cheops-2024/ycsb/core/target/core-0.18.0-SNAPSHOT.jar site.ycsb.Client -db site.ycsb.db.rocksdb.RocksDBClient -s -P ./workloads/workloadb -p recordcount=5242880 -p operationcount=1000000 -p fieldlength=386 -p fieldcount=10 -t
Command line: -db site.ycsb.db.rocksdb.RocksDBClient -s -P ./workloads/workloadb -p recordcount=5242880 -p operationcount=1000000 -p fieldlength=386 -p fieldcount=10 -t
YCSB Client 0.18.0-SNAPSHOT

Loading workload...
Starting test.
SLF4J: Failed to load class "org.slf4j.impl.StaticLoggerBinder".
SLF4J: Defaulting to no-operation (NOP) logger implementation
SLF4J: See http://www.slf4j.org/codes.html#StaticLoggerBinder for further details.
2024-01-12 21:05:53:772 0 sec: 0 operations; est completion in 0 second 
Leet YCSB 
2024-01-12 21:06:03:737 10 sec: 0 operations; est completion in 106751991167300 days 15 hours 
2024-01-12 21:06:13:737 20 sec: 0 operations; est completion in 106751991167300 days 15 hours 
2024-01-12 21:06:23:737 30 sec: 0 operations; est completion in 106751991167300 days 15 hours 
DBWrapper: report latency for each error is false and specific error codes to track for latency are: []
2024-01-12 21:06:33:737 40 sec: 5036 operations; 503.6 current ops/sec; est completion in 2 hours 11 minutes [READ: Count=4771, Max=3377, Min=6, Avg=782.15, 90=2347, 99=3011, 99.9=3215, 99.99=3377] [UPDATE: Count=266, Max=3293, Min=63, Avg=939.9, 90=2521, 99=3111, 99.9=3293, 99.99=3293] 
2024-01-12 21:06:43:737 50 sec: 21525 operations; 1648.9 current ops/sec; est completion in 37 minutes [READ: Count=15660, Max=23903, Min=3, Avg=597.78, 90=1575, 99=2969, 99.9=3377, 99.99=4627] [UPDATE: Count=831, Max=4803, Min=29, Avg=687.45, 90=1753, 99=3007, 99.9=3657, 99.99=4803] 
2024-01-12 21:06:53:737 60 sec: 41050 operations; 1952.5 current ops/sec; est completion in 23 minutes [READ: Count=18546, Max=3879, Min=6, Avg=505.54, 90=1177, 99=3139, 99.9=3519, 99.99=3645] [UPDATE: Count=976, Max=3595, Min=40, Avg=566.3, 90=1237, 99=3163, 99.9=3521, 99.99=3595] 
2024-01-12 21:07:03:737 70 sec: 66184 operations; 2513.4 current ops/sec; est completion in 16 minutes [READ: Count=23845, Max=5023, Min=6, Avg=390.93, 90=980, 99=3007, 99.9=3417, 99.99=4535] [UPDATE: Count=1291, Max=3583, Min=41, Avg=465.9, 90=1094, 99=3003, 99.9=3477, 99.99=3583] 
2024-01-12 21:07:13:737 80 sec: 98890 operations; 3270.6 current ops/sec; est completion in 12 minutes [READ: Count=31070, Max=4183, Min=6, Avg=301.37, 90=841, 99=2671, 99.9=3311, 99.99=3523] [UPDATE: Count=1639, Max=3507, Min=38, Avg=341.12, 90=844, 99=2495, 99.9=3091, 99.99=3507] 
2024-01-12 21:07:23:737 90 sec: 140427 operations; 4153.7 current ops/sec; est completion in 9 minutes [READ: Count=39477, Max=11535, Min=6, Avg=234.84, 90=663, 99=2335, 99.9=3159, 99.99=3799] [UPDATE: Count=2056, Max=3273, Min=36, Avg=311.12, 90=781, 99=2529, 99.9=3045, 99.99=3273] 
2024-01-12 21:07:33:737 100 sec: 196649 operations; 5622.2 current ops/sec; est completion in 6 minutes [READ: Count=53475, Max=5851, Min=3, Avg=173.9, 90=346, 99=2173, 99.9=3057, 99.99=4135] [UPDATE: Count=2756, Max=3179, Min=21, Avg=221.3, 90=446, 99=2181, 99.9=3035, 99.99=3179] 
2024-01-12 21:07:43:737 110 sec: 269288 operations; 7263.9 current ops/sec; est completion in 4 minutes [READ: Count=69042, Max=4799, Min=3, Avg=133.53, 90=239, 99=1974, 99.9=2739, 99.99=3369] [UPDATE: Count=3587, Max=3153, Min=20, Avg=185.54, 90=293, 99=2079, 99.9=2921, 99.99=3153] 
2024-01-12 21:07:53:737 120 sec: 317628 operations; 4834 current ops/sec; est completion in 4 minutes [READ: Count=45987, Max=298495, Min=3, Avg=203.41, 90=300, 99=2261, 99.9=4195, 99.99=4891] [UPDATE: Count=2356, Max=4575, Min=20, Avg=241.72, 90=348, 99=2381, 99.9=4291, 99.99=4575] 
2024-01-12 21:08:03:737 130 sec: 350694 operations; 3306.6 current ops/sec; est completion in 4 minutes [READ: Count=31404, Max=5879, Min=3, Avg=297.51, 90=585, 99=2429, 99.9=4255, 99.99=4759] [UPDATE: Count=1660, Max=4403, Min=21, Avg=359.47, 90=803, 99=2547, 99.9=4123, 99.99=4403] 
2024-01-12 21:08:13:737 140 sec: 388013 operations; 3731.9 current ops/sec; est completion in 3 minutes [READ: Count=35347, Max=5119, Min=3, Avg=263.5, 90=721, 99=2439, 99.9=3733, 99.99=4919] [UPDATE: Count=1977, Max=4439, Min=19, Avg=314.04, 90=767, 99=2579, 99.9=3993, 99.99=4439] 
2024-01-12 21:08:23:737 150 sec: 444064 operations; 5605.1 current ops/sec; est completion in 3 minutes [READ: Count=53148, Max=5175, Min=3, Avg=174.83, 90=402, 99=1839, 99.9=3287, 99.99=4511] [UPDATE: Count=2897, Max=4033, Min=18, Avg=213.46, 90=443, 99=1851, 99.9=3259, 99.99=4033] 
2024-01-12 21:08:33:737 160 sec: 516131 operations; 7206.7 current ops/sec; est completion in 2 minutes [READ: Count=68463, Max=297983, Min=3, Avg=135.37, 90=279, 99=1492, 99.9=2333, 99.99=2885] [UPDATE: Count=3607, Max=4447, Min=20, Avg=173.77, 90=325, 99=1644, 99.9=2313, 99.99=4447] 
2024-01-12 21:08:43:737 170 sec: 591234 operations; 7510.3 current ops/sec; est completion in 1 minute [READ: Count=71342, Max=4979, Min=3, Avg=129.67, 90=273, 99=2000, 99.9=2355, 99.99=2927] [UPDATE: Count=3760, Max=2543, Min=19, Avg=169.74, 90=316, 99=1960, 99.9=2325, 99.99=2543] 
2024-01-12 21:08:53:737 180 sec: 681637 operations; 9040.3 current ops/sec; est completion in 1 minute [READ: Count=85837, Max=4739, Min=3, Avg=106.97, 90=217, 99=1460, 99.9=2243, 99.99=2899] [UPDATE: Count=4576, Max=3753, Min=20, Avg=149.68, 90=270, 99=1521, 99.9=2275, 99.99=3753] 
2024-01-12 21:09:03:737 190 sec: 763800 operations; 8216.3 current ops/sec; est completion in 59 seconds [READ: Count=78101, Max=4687, Min=3, Avg=117.92, 90=193, 99=1864, 99.9=2299, 99.99=2955] [UPDATE: Count=4056, Max=15383, Min=19, Avg=165.23, 90=253, 99=1842, 99.9=2369, 99.99=15383] 
2024-01-12 21:09:13:737 200 sec: 838189 operations; 7438.9 current ops/sec; est completion in 39 seconds [READ: Count=70610, Max=5251, Min=3, Avg=130.73, 90=177, 99=2004, 99.9=2289, 99.99=3173] [UPDATE: Count=3773, Max=3575, Min=22, Avg=174.64, 90=228, 99=2030, 99.9=2339, 99.99=3575] 
2024-01-12 21:09:23:737 210 sec: 912667 operations; 7447.8 current ops/sec; est completion in 21 seconds [READ: Count=70811, Max=311807, Min=3, Avg=130.97, 90=175, 99=1984, 99.9=2323, 99.99=3333] [UPDATE: Count=3668, Max=2451, Min=19, Avg=167.85, 90=228, 99=2081, 99.9=2325, 99.99=2451] 
2024-01-12 21:09:33:737 220 sec: 983491 operations; 7082.4 current ops/sec; est completion in 4 second [READ: Count=67258, Max=4951, Min=3, Avg=136.99, 90=198, 99=2051, 99.9=2365, 99.99=3399] [UPDATE: Count=3566, Max=4823, Min=21, Avg=187.85, 90=254, 99=2135, 99.9=2507, 99.99=4823] 
2024-01-12 21:09:35:952 222 sec: 1000000 operations; 7453.27 current ops/sec; [READ: Count=15632, Max=3371, Min=3, Avg=128.78, 90=190, 99=2028, 99.9=2357, 99.99=2569] [CLEANUP: Count=1, Max=28367, Min=28352, Avg=28360, 90=28367, 99=28367, 99.9=28367, 99.99=28367] [UPDATE: Count=876, Max=2419, Min=20, Avg=169.2, 90=238, 99=2073, 99.9=2239, 99.99=2419] 
