[WARN]  Running against a source checkout. In order to get our runtime dependencies we'll have to invoke Maven. Depending on the state of your system, this may take ~30-45 seconds
[DEBUG]  Running 'mvn -pl site.ycsb:rocksdb-binding -am package -DskipTests dependency:build-classpath -DincludeScope=compile -Dmdep.outputFilterFile=true'
java -cp /home/user/src/rocksdb-cheops-2024/ycsb/rocksdb/conf:/home/user/src/rocksdb-cheops-2024/ycsb/rocksdb/target/rocksdb-binding-0.18.0-SNAPSHOT.jar:/root/.m2/repository/org/apache/htrace/htrace-core4/4.1.0-incubating/htrace-core4-4.1.0-incubating.jar:/root/.m2/repository/org/slf4j/slf4j-api/1.7.25/slf4j-api-1.7.25.jar:/home/user/src/rocksdb-cheops-2024/rocksdb-ycsb/java/target/rocksdbjni-7.4.3-linux64.jar:/root/.m2/repository/net/jcip/jcip-annotations/1.0/jcip-annotations-1.0.jar:/root/.m2/repository/org/hdrhistogram/HdrHistogram/2.1.4/HdrHistogram-2.1.4.jar:/root/.m2/repository/org/codehaus/jackson/jackson-mapper-asl/1.9.4/jackson-mapper-asl-1.9.4.jar:/lib/libzbd.so.1:/root/.m2/repository/org/codehaus/jackson/jackson-core-asl/1.9.4/jackson-core-asl-1.9.4.jar:/home/user/src/rocksdb-cheops-2024/rocksdb-ycsb/java/target/librocksdbjni-linux64.so:/home/user/src/rocksdb-cheops-2024/ycsb/core/target/core-0.18.0-SNAPSHOT.jar site.ycsb.Client -db site.ycsb.db.rocksdb.RocksDBClient -s -P ./workloads/workloada -p recordcount=5242880 -p operationcount=1000000 -p fieldlength=386 -p fieldcount=10 -load
Command line: -db site.ycsb.db.rocksdb.RocksDBClient -s -P ./workloads/workloada -p recordcount=5242880 -p operationcount=1000000 -p fieldlength=386 -p fieldcount=10 -load
YCSB Client 0.18.0-SNAPSHOT

Loading workload...
Starting test.
SLF4J: Failed to load class "org.slf4j.impl.StaticLoggerBinder".
SLF4J: Defaulting to no-operation (NOP) logger implementation
SLF4J: See http://www.slf4j.org/codes.html#StaticLoggerBinder for further details.
2024-01-12 23:07:02:226 0 sec: 0 operations; est completion in 0 second 
Leet YCSB 
DBWrapper: report latency for each error is false and specific error codes to track for latency are: []
2024-01-12 23:07:12:225 10 sec: 12226 operations; 1219.19 current ops/sec; est completion in 1 hour 11 minutes [INSERT: Count=12255, Max=12679, Min=25, Avg=596.3, 90=617, 99=1918, 99.9=3059, 99.99=7087] 
2024-01-12 23:07:22:208 20 sec: 26540 operations; 1434.12 current ops/sec; est completion in 1 hour 5 minutes [INSERT: Count=14296, Max=11967, Min=35, Avg=687.65, 90=651, 99=2008, 99.9=4967, 99.99=11439] 
2024-01-12 23:07:32:193 30 sec: 41049 operations; 1452.21 current ops/sec; est completion in 1 hour 3 minutes [INSERT: Count=14500, Max=18911, Min=38, Avg=677.93, 90=662, 99=2053, 99.9=4555, 99.99=8959] 
2024-01-12 23:07:42:192 40 sec: 57645 operations; 1659.6 current ops/sec; est completion in 59 minutes [INSERT: Count=16595, Max=9015, Min=28, Avg=596.91, 90=629, 99=666, 99.9=2027, 99.99=2291] 
2024-01-12 23:07:52:197 50 sec: 72821 operations; 1517.6 current ops/sec; est completion in 59 minutes [INSERT: Count=15188, Max=11519, Min=25, Avg=652.48, 90=628, 99=2016, 99.9=4431, 99.99=9959] 
2024-01-12 23:08:02:194 60 sec: 87908 operations; 1508.7 current ops/sec; est completion in 58 minutes [INSERT: Count=15078, Max=16623, Min=27, Avg=656.76, 90=632, 99=2004, 99.9=3531, 99.99=12359] 
2024-01-12 23:08:12:195 70 sec: 103961 operations; 1605.14 current ops/sec; est completion in 57 minutes [INSERT: Count=16049, Max=4407, Min=24, Avg=618.22, 90=630, 99=1898, 99.9=2061, 99.99=3209] 
2024-01-12 23:08:22:195 80 sec: 120225 operations; 1626.56 current ops/sec; est completion in 56 minutes [INSERT: Count=16266, Max=3377, Min=27, Avg=610.86, 90=627, 99=1871, 99.9=2045, 99.99=3253] 
2024-01-12 23:08:32:192 90 sec: 137102 operations; 1687.7 current ops/sec; est completion in 55 minutes [INSERT: Count=16876, Max=8495, Min=25, Avg=589.2, 90=612, 99=638, 99.9=1951, 99.99=2409] 
2024-01-12 23:08:42:192 100 sec: 154069 operations; 1696.7 current ops/sec; est completion in 55 minutes [INSERT: Count=16967, Max=2343, Min=27, Avg=586.24, 90=609, 99=635, 99.9=2006, 99.99=2191] 
2024-01-12 23:08:52:192 110 sec: 171193 operations; 1712.4 current ops/sec; est completion in 54 minutes [INSERT: Count=17124, Max=5647, Min=23, Avg=580.93, 90=606, 99=635, 99.9=1986, 99.99=3085] 
2024-01-12 23:09:02:192 120 sec: 188395 operations; 1720.2 current ops/sec; est completion in 53 minutes [INSERT: Count=17202, Max=2229, Min=24, Avg=578.49, 90=606, 99=631, 99.9=1926, 99.99=2155] 
2024-01-12 23:09:12:192 130 sec: 205072 operations; 1667.7 current ops/sec; est completion in 53 minutes [INSERT: Count=16677, Max=7079, Min=26, Avg=596.51, 90=609, 99=1753, 99.9=2013, 99.99=3251] 
2024-01-12 23:09:22:192 140 sec: 222199 operations; 1712.7 current ops/sec; est completion in 52 minutes [INSERT: Count=17127, Max=2139, Min=22, Avg=580.97, 90=609, 99=632, 99.9=747, 99.99=2093] 
2024-01-12 23:09:32:192 150 sec: 239454 operations; 1725.5 current ops/sec; est completion in 52 minutes [INSERT: Count=17255, Max=2685, Min=24, Avg=576.63, 90=607, 99=631, 99.9=1899, 99.99=2151] 
2024-01-12 23:09:42:192 160 sec: 257296 operations; 1784.2 current ops/sec; est completion in 51 minutes [INSERT: Count=17842, Max=5115, Min=20, Avg=557.94, 90=604, 99=625, 99.9=654, 99.99=2087] 
2024-01-12 23:09:52:192 170 sec: 275745 operations; 1844.9 current ops/sec; est completion in 51 minutes [INSERT: Count=18449, Max=3617, Min=22, Avg=539.98, 90=589, 99=614, 99.9=644, 99.99=2131] 
2024-01-12 23:10:02:192 180 sec: 294497 operations; 1875.2 current ops/sec; est completion in 50 minutes [INSERT: Count=18752, Max=5887, Min=22, Avg=531.33, 90=541, 99=553, 99.9=564, 99.99=654] 
2024-01-12 23:10:12:192 190 sec: 312936 operations; 1843.9 current ops/sec; est completion in 49 minutes [INSERT: Count=18439, Max=792, Min=22, Avg=540.21, 90=593, 99=613, 99.9=644, 99.99=737] 
2024-01-12 23:10:22:192 200 sec: 329967 operations; 1703.1 current ops/sec; est completion in 49 minutes [INSERT: Count=17031, Max=6303, Min=26, Avg=584.1, 90=608, 99=631, 99.9=1895, 99.99=3241] 
2024-01-12 23:10:32:194 210 sec: 347712 operations; 1774.32 current ops/sec; est completion in 49 minutes [INSERT: Count=17745, Max=2209, Min=23, Avg=561.16, 90=604, 99=624, 99.9=649, 99.99=2141] 
2024-01-12 23:10:42:192 220 sec: 365563 operations; 1785.28 current ops/sec; est completion in 48 minutes [INSERT: Count=17851, Max=3147, Min=23, Avg=557.64, 90=604, 99=627, 99.9=1782, 99.99=2193] 
2024-01-12 23:10:52:192 230 sec: 382846 operations; 1728.3 current ops/sec; est completion in 48 minutes [INSERT: Count=17283, Max=6331, Min=23, Avg=575.9, 90=608, 99=633, 99.9=1953, 99.99=2459] 
2024-01-12 23:11:02:192 240 sec: 401536 operations; 1869 current ops/sec; est completion in 48 minutes [INSERT: Count=18690, Max=882, Min=21, Avg=533.12, 90=544, 99=598, 99.9=626, 99.99=806] 
2024-01-12 23:11:12:192 250 sec: 420172 operations; 1863.6 current ops/sec; est completion in 47 minutes [INSERT: Count=18636, Max=5703, Min=22, Avg=534.66, 90=546, 99=610, 99.9=635, 99.99=694] 
2024-01-12 23:11:22:192 260 sec: 438536 operations; 1836.4 current ops/sec; est completion in 47 minutes [INSERT: Count=18364, Max=2097, Min=22, Avg=542.36, 90=598, 99=616, 99.9=644, 99.99=816] 
2024-01-12 23:11:32:192 270 sec: 455624 operations; 1708.8 current ops/sec; est completion in 47 minutes [INSERT: Count=17088, Max=5599, Min=26, Avg=582.23, 90=608, 99=631, 99.9=651, 99.99=1341] 
2024-01-12 23:11:42:192 280 sec: 472649 operations; 1702.5 current ops/sec; est completion in 47 minutes [INSERT: Count=17025, Max=3265, Min=28, Avg=584.37, 90=609, 99=632, 99.9=667, 99.99=2927] 
2024-01-12 23:11:52:192 290 sec: 489623 operations; 1697.4 current ops/sec; est completion in 46 minutes [INSERT: Count=16974, Max=8711, Min=21, Avg=586.14, 90=609, 99=633, 99.9=669, 99.99=8015] 
2024-01-12 23:12:02:192 300 sec: 506679 operations; 1705.6 current ops/sec; est completion in 46 minutes [INSERT: Count=17056, Max=3067, Min=26, Avg=583.25, 90=609, 99=631, 99.9=658, 99.99=2889] 
2024-01-12 23:12:12:192 310 sec: 523771 operations; 1709.2 current ops/sec; est completion in 46 minutes [INSERT: Count=17092, Max=3125, Min=27, Avg=582.1, 90=608, 99=632, 99.9=694, 99.99=3011] 
2024-01-12 23:12:22:192 320 sec: 540993 operations; 1722.2 current ops/sec; est completion in 46 minutes [INSERT: Count=17222, Max=5763, Min=22, Avg=577.71, 90=604, 99=625, 99.9=674, 99.99=3169] 
2024-01-12 23:12:32:192 330 sec: 558243 operations; 1725 current ops/sec; est completion in 46 minutes [INSERT: Count=17250, Max=3205, Min=23, Avg=576.72, 90=600, 99=624, 99.9=671, 99.99=3153] 
2024-01-12 23:12:42:192 340 sec: 575458 operations; 1721.5 current ops/sec; est completion in 45 minutes [INSERT: Count=17215, Max=5511, Min=24, Avg=577.95, 90=600, 99=624, 99.9=728, 99.99=3125] 
2024-01-12 23:12:52:192 350 sec: 592642 operations; 1718.4 current ops/sec; est completion in 45 minutes [INSERT: Count=17184, Max=3207, Min=22, Avg=579.02, 90=602, 99=627, 99.9=651, 99.99=3027] 
2024-01-12 23:13:02:198 360 sec: 610010 operations; 1736.8 current ops/sec; est completion in 45 minutes [INSERT: Count=17370, Max=32319, Min=21, Avg=573.17, 90=602, 99=625, 99.9=818, 99.99=9223] 
2024-01-12 23:13:12:192 370 sec: 628585 operations; 1857.5 current ops/sec; est completion in 45 minutes [INSERT: Count=18573, Max=6039, Min=19, Avg=535.9, 90=570, 99=606, 99.9=1857, 99.99=2377] 
2024-01-12 23:13:22:193 380 sec: 647414 operations; 1882.9 current ops/sec; est completion in 44 minutes [INSERT: Count=18830, Max=2543, Min=21, Avg=529.04, 90=543, 99=554, 99.9=572, 99.99=2435] 
2024-01-12 23:13:32:192 390 sec: 665649 operations; 1823.5 current ops/sec; est completion in 44 minutes [INSERT: Count=18234, Max=33279, Min=21, Avg=545.7, 90=583, 99=624, 99.9=1957, 99.99=2405] 
2024-01-12 23:13:42:192 400 sec: 684200 operations; 1855.1 current ops/sec; est completion in 44 minutes [INSERT: Count=18551, Max=2145, Min=22, Avg=536.64, 90=554, 99=595, 99.9=635, 99.99=2032] 
2024-01-12 23:13:52:193 410 sec: 703031 operations; 1883.1 current ops/sec; est completion in 44 minutes [INSERT: Count=18831, Max=2325, Min=20, Avg=529.03, 90=543, 99=552, 99.9=579, 99.99=2261] 
2024-01-12 23:14:02:193 420 sec: 720932 operations; 1790.1 current ops/sec; est completion in 43 minutes [INSERT: Count=17902, Max=6115, Min=21, Avg=554.49, 90=589, 99=644, 99.9=1971, 99.99=5539] 
2024-01-12 23:14:12:192 430 sec: 737719 operations; 1678.7 current ops/sec; est completion in 43 minutes [INSERT: Count=16786, Max=25231, Min=25, Avg=591.44, 90=619, 99=1833, 99.9=2016, 99.99=4043] 
2024-01-12 23:14:22:192 440 sec: 754911 operations; 1719.2 current ops/sec; est completion in 43 minutes [INSERT: Count=17191, Max=4099, Min=21, Avg=578.09, 90=615, 99=669, 99.9=2026, 99.99=3163] 
2024-01-12 23:14:32:192 450 sec: 773684 operations; 1877.3 current ops/sec; est completion in 43 minutes [INSERT: Count=18774, Max=2169, Min=22, Avg=530.76, 90=544, 99=554, 99.9=569, 99.99=1002] 
2024-01-12 23:14:42:192 460 sec: 791433 operations; 1774.9 current ops/sec; est completion in 43 minutes [INSERT: Count=17749, Max=2113, Min=22, Avg=560.88, 90=600, 99=627, 99.9=1896, 99.99=1999] 
2024-01-12 23:14:52:192 470 sec: 809774 operations; 1834.1 current ops/sec; est completion in 42 minutes [INSERT: Count=18341, Max=6419, Min=21, Avg=543.12, 90=592, 99=614, 99.9=965, 99.99=2030] 
2024-01-12 23:15:02:192 480 sec: 828291 operations; 1851.7 current ops/sec; est completion in 42 minutes [INSERT: Count=18518, Max=2143, Min=20, Avg=537.95, 90=590, 99=612, 99.9=692, 99.99=2017] 
2024-01-12 23:15:12:192 490 sec: 847195 operations; 1890.4 current ops/sec; est completion in 42 minutes [INSERT: Count=18903, Max=703, Min=21, Avg=527.2, 90=538, 99=550, 99.9=568, 99.99=688] 
2024-01-12 23:15:22:192 500 sec: 866001 operations; 1880.6 current ops/sec; est completion in 42 minutes [INSERT: Count=18806, Max=6607, Min=22, Avg=529.9, 90=540, 99=552, 99.9=578, 99.99=1684] 
2024-01-12 23:15:32:192 510 sec: 884833 operations; 1883.2 current ops/sec; est completion in 41 minutes [INSERT: Count=18831, Max=726, Min=21, Avg=529.19, 90=540, 99=551, 99.9=570, 99.99=681] 
2024-01-12 23:15:42:192 520 sec: 903215 operations; 1838.2 current ops/sec; est completion in 41 minutes [INSERT: Count=18383, Max=2119, Min=22, Avg=541.83, 90=590, 99=611, 99.9=1174, 99.99=1981] 
2024-01-12 23:15:52:192 530 sec: 921765 operations; 1855 current ops/sec; est completion in 41 minutes [INSERT: Count=18549, Max=718, Min=24, Avg=537.05, 90=548, 99=561, 99.9=573, 99.99=658] 
2024-01-12 23:16:02:192 540 sec: 940384 operations; 1861.9 current ops/sec; est completion in 41 minutes [INSERT: Count=18619, Max=2393, Min=22, Avg=535.1, 90=548, 99=562, 99.9=630, 99.99=711] 
2024-01-12 23:16:12:192 550 sec: 957797 operations; 1741.3 current ops/sec; est completion in 41 minutes [INSERT: Count=17414, Max=2097, Min=25, Avg=571.5, 90=603, 99=628, 99.9=1934, 99.99=2010] 
2024-01-12 23:16:22:192 560 sec: 975624 operations; 1782.7 current ops/sec; est completion in 40 minutes [INSERT: Count=17827, Max=2359, Min=25, Avg=558.46, 90=598, 99=620, 99.9=1770, 99.99=2049] 
2024-01-12 23:16:32:192 570 sec: 993681 operations; 1805.7 current ops/sec; est completion in 40 minutes [INSERT: Count=18056, Max=2353, Min=24, Avg=551.48, 90=592, 99=613, 99.9=1415, 99.99=2061] 
2024-01-12 23:16:42:192 580 sec: 1012242 operations; 1856.1 current ops/sec; est completion in 40 minutes [INSERT: Count=18561, Max=784, Min=23, Avg=536.76, 90=547, 99=560, 99.9=574, 99.99=702] 
2024-01-12 23:16:52:192 590 sec: 1030774 operations; 1853.2 current ops/sec; est completion in 40 minutes [INSERT: Count=18532, Max=2347, Min=24, Avg=537.57, 90=548, 99=561, 99.9=572, 99.99=643] 
2024-01-12 23:17:02:192 600 sec: 1048572 operations; 1779.8 current ops/sec; est completion in 40 minutes [INSERT: Count=17799, Max=3219, Min=26, Avg=559.27, 90=593, 99=617, 99.9=1932, 99.99=3051] 
2024-01-12 23:17:12:192 610 sec: 1061570 operations; 1299.8 current ops/sec; est completion in 40 minutes [INSERT: Count=12998, Max=6283, Min=20, Avg=765.96, 90=1471, 99=2429, 99.9=3059, 99.99=4663] 
2024-01-12 23:17:22:192 620 sec: 1071011 operations; 944.1 current ops/sec; est completion in 40 minutes [INSERT: Count=9440, Max=3171, Min=21, Avg=1055.57, 90=1911, 99=2475, 99.9=2647, 99.99=2893] 
2024-01-12 23:17:32:192 630 sec: 1088588 operations; 1757.7 current ops/sec; est completion in 40 minutes [INSERT: Count=17578, Max=23663, Min=20, Avg=565.91, 90=580, 99=603, 99.9=640, 99.99=907] 
2024-01-12 23:17:42:192 640 sec: 1106162 operations; 1757.4 current ops/sec; est completion in 39 minutes [INSERT: Count=17573, Max=2289, Min=20, Avg=566.06, 90=582, 99=603, 99.9=622, 99.99=796] 
2024-01-12 23:17:52:192 650 sec: 1123694 operations; 1753.2 current ops/sec; est completion in 39 minutes [INSERT: Count=17532, Max=867, Min=21, Avg=567.43, 90=583, 99=605, 99.9=634, 99.99=773] 
2024-01-12 23:18:02:192 660 sec: 1141193 operations; 1749.9 current ops/sec; est completion in 39 minutes [INSERT: Count=17500, Max=8351, Min=21, Avg=568.5, 90=586, 99=608, 99.9=636, 99.99=3091] 
2024-01-12 23:18:12:192 670 sec: 1158784 operations; 1759.1 current ops/sec; est completion in 39 minutes [INSERT: Count=17590, Max=7603, Min=19, Avg=565.62, 90=585, 99=608, 99.9=629, 99.99=6779] 
2024-01-12 23:18:22:192 680 sec: 1176246 operations; 1746.2 current ops/sec; est completion in 39 minutes [INSERT: Count=17463, Max=4523, Min=21, Avg=569.77, 90=585, 99=608, 99.9=632, 99.99=3471] 
2024-01-12 23:18:32:192 690 sec: 1193744 operations; 1749.8 current ops/sec; est completion in 39 minutes [INSERT: Count=17498, Max=3321, Min=22, Avg=568.57, 90=585, 99=608, 99.9=633, 99.99=3229] 
2024-01-12 23:18:42:192 700 sec: 1211257 operations; 1751.3 current ops/sec; est completion in 38 minutes [INSERT: Count=17513, Max=3213, Min=21, Avg=568.12, 90=587, 99=610, 99.9=632, 99.99=3151] 
2024-01-12 23:18:52:192 710 sec: 1229765 operations; 1850.8 current ops/sec; est completion in 38 minutes [INSERT: Count=18508, Max=3201, Min=19, Avg=538.11, 90=582, 99=593, 99.9=620, 99.99=2973] 
2024-01-12 23:19:02:192 720 sec: 1248209 operations; 1844.4 current ops/sec; est completion in 38 minutes [INSERT: Count=18444, Max=3013, Min=19, Avg=539.96, 90=582, 99=592, 99.9=641, 99.99=2985] 
2024-01-12 23:19:12:192 730 sec: 1267246 operations; 1903.7 current ops/sec; est completion in 38 minutes [INSERT: Count=19037, Max=3131, Min=19, Avg=523.46, 90=534, 99=543, 99.9=559, 99.99=2939] 
2024-01-12 23:19:22:192 740 sec: 1286330 operations; 1908.4 current ops/sec; est completion in 37 minutes [INSERT: Count=19084, Max=3103, Min=18, Avg=522.18, 90=529, 99=541, 99.9=553, 99.99=2855] 
2024-01-12 23:19:32:192 750 sec: 1304393 operations; 1806.3 current ops/sec; est completion in 37 minutes [INSERT: Count=18062, Max=3119, Min=20, Avg=551.07, 90=586, 99=604, 99.9=631, 99.99=2093] 
2024-01-12 23:19:42:192 760 sec: 1321791 operations; 1739.8 current ops/sec; est completion in 37 minutes [INSERT: Count=17399, Max=4939, Min=22, Avg=571.82, 90=590, 99=613, 99.9=733, 99.99=2197] 
2024-01-12 23:19:52:192 770 sec: 1340267 operations; 1847.6 current ops/sec; est completion in 37 minutes [INSERT: Count=18475, Max=2743, Min=19, Avg=538.99, 90=583, 99=605, 99.9=672, 99.99=2229] 
2024-01-12 23:20:02:192 780 sec: 1357928 operations; 1766.1 current ops/sec; est completion in 37 minutes [INSERT: Count=17662, Max=20031, Min=20, Avg=563.1, 90=613, 99=638, 99.9=1761, 99.99=2547] 
2024-01-12 23:20:12:192 790 sec: 1375198 operations; 1727 current ops/sec; est completion in 37 minutes [INSERT: Count=17270, Max=2155, Min=19, Avg=575.54, 90=614, 99=636, 99.9=659, 99.99=733] 
2024-01-12 23:20:22:192 800 sec: 1393356 operations; 1815.8 current ops/sec; est completion in 36 minutes [INSERT: Count=18158, Max=2407, Min=20, Avg=548.15, 90=595, 99=624, 99.9=663, 99.99=2127] 
2024-01-12 23:20:32:192 810 sec: 1410604 operations; 1724.8 current ops/sec; est completion in 36 minutes [INSERT: Count=17247, Max=2227, Min=22, Avg=576.45, 90=614, 99=638, 99.9=817, 99.99=2159] 
2024-01-12 23:20:42:192 820 sec: 1429354 operations; 1875 current ops/sec; est completion in 36 minutes [INSERT: Count=18751, Max=2535, Min=19, Avg=531.1, 90=545, 99=566, 99.9=629, 99.99=1477] 
2024-01-12 23:20:52:192 830 sec: 1448194 operations; 1884 current ops/sec; est completion in 36 minutes [INSERT: Count=18839, Max=1423, Min=20, Avg=528.83, 90=543, 99=554, 99.9=573, 99.99=1332] 
2024-01-12 23:21:02:192 840 sec: 1466043 operations; 1784.9 current ops/sec; est completion in 36 minutes [INSERT: Count=17850, Max=2155, Min=19, Avg=557.66, 90=600, 99=623, 99.9=644, 99.99=2121] 
2024-01-12 23:21:12:192 850 sec: 1483508 operations; 1746.5 current ops/sec; est completion in 35 minutes [INSERT: Count=17464, Max=2227, Min=21, Avg=569.81, 90=599, 99=622, 99.9=687, 99.99=2115] 
2024-01-12 23:21:22:192 860 sec: 1500747 operations; 1723.9 current ops/sec; est completion in 35 minutes [INSERT: Count=17240, Max=2125, Min=25, Avg=576.97, 90=600, 99=622, 99.9=1792, 99.99=2057] 
2024-01-12 23:21:32:192 870 sec: 1518017 operations; 1727 current ops/sec; est completion in 35 minutes [INSERT: Count=17269, Max=2063, Min=22, Avg=576.11, 90=600, 99=620, 99.9=639, 99.99=690] 
2024-01-12 23:21:42:192 880 sec: 1535848 operations; 1783.1 current ops/sec; est completion in 35 minutes [INSERT: Count=17831, Max=1719, Min=20, Avg=558.28, 90=596, 99=617, 99.9=641, 99.99=715] 
2024-01-12 23:21:52:192 890 sec: 1553746 operations; 1789.8 current ops/sec; est completion in 35 minutes [INSERT: Count=17898, Max=2123, Min=21, Avg=556.18, 90=594, 99=613, 99.9=635, 99.99=747] 
2024-01-12 23:22:02:192 900 sec: 1572669 operations; 1892.3 current ops/sec; est completion in 35 minutes [INSERT: Count=18923, Max=1348, Min=19, Avg=526.66, 90=537, 99=585, 99.9=619, 99.99=648] 
2024-01-12 23:22:12:192 910 sec: 1591341 operations; 1867.2 current ops/sec; est completion in 34 minutes [INSERT: Count=18672, Max=1892, Min=17, Avg=533.48, 90=574, 99=588, 99.9=616, 99.99=1075] 
2024-01-12 23:22:22:192 920 sec: 1609876 operations; 1853.5 current ops/sec; est completion in 34 minutes [INSERT: Count=18535, Max=1344, Min=17, Avg=537.28, 90=583, 99=597, 99.9=624, 99.99=723] 
2024-01-12 23:22:32:192 930 sec: 1627756 operations; 1788 current ops/sec; est completion in 34 minutes [INSERT: Count=17881, Max=2035, Min=18, Avg=556.63, 90=587, 99=605, 99.9=623, 99.99=738] 
2024-01-12 23:22:42:192 940 sec: 1645562 operations; 1780.6 current ops/sec; est completion in 34 minutes [INSERT: Count=17806, Max=800, Min=19, Avg=558.92, 90=589, 99=606, 99.9=623, 99.99=721] 
2024-01-12 23:22:52:192 950 sec: 1664029 operations; 1846.7 current ops/sec; est completion in 34 minutes [INSERT: Count=18467, Max=17663, Min=17, Avg=539.26, 90=583, 99=598, 99.9=622, 99.99=733] 
2024-01-12 23:23:02:192 960 sec: 1681454 operations; 1742.5 current ops/sec; est completion in 33 minutes [INSERT: Count=17425, Max=2157, Min=20, Avg=570.95, 90=591, 99=612, 99.9=625, 99.99=640] 
2024-01-12 23:23:12:192 970 sec: 1699800 operations; 1834.6 current ops/sec; est completion in 33 minutes [INSERT: Count=18345, Max=742, Min=19, Avg=542.85, 90=588, 99=602, 99.9=622, 99.99=710] 
2024-01-12 23:23:22:192 980 sec: 1717470 operations; 1767 current ops/sec; est completion in 33 minutes [INSERT: Count=17671, Max=1893, Min=19, Avg=563.21, 90=592, 99=613, 99.9=632, 99.99=783] 
2024-01-12 23:23:32:192 990 sec: 1735166 operations; 1769.6 current ops/sec; est completion in 33 minutes [INSERT: Count=17695, Max=1457, Min=20, Avg=562.46, 90=593, 99=614, 99.9=632, 99.99=873] 
2024-01-12 23:23:42:192 1000 sec: 1753201 operations; 1803.5 current ops/sec; est completion in 33 minutes [INSERT: Count=18036, Max=3781, Min=19, Avg=552, 90=593, 99=613, 99.9=641, 99.99=968] 
2024-01-12 23:23:52:192 1010 sec: 1770924 operations; 1772.3 current ops/sec; est completion in 33 minutes [INSERT: Count=17722, Max=933, Min=20, Avg=561.63, 90=592, 99=613, 99.9=631, 99.99=729] 
2024-01-12 23:24:02:192 1020 sec: 1788724 operations; 1780 current ops/sec; est completion in 32 minutes [INSERT: Count=17800, Max=15615, Min=19, Avg=559.2, 90=591, 99=611, 99.9=628, 99.99=735] 
2024-01-12 23:24:12:192 1030 sec: 1807252 operations; 1852.8 current ops/sec; est completion in 32 minutes [INSERT: Count=18528, Max=2161, Min=20, Avg=537.54, 90=580, 99=596, 99.9=621, 99.99=764] 
2024-01-12 23:24:22:192 1040 sec: 1824682 operations; 1743 current ops/sec; est completion in 32 minutes [INSERT: Count=17430, Max=3301, Min=22, Avg=570.85, 90=592, 99=614, 99.9=635, 99.99=3179] 
2024-01-12 23:24:32:192 1050 sec: 1842128 operations; 1744.6 current ops/sec; est completion in 32 minutes [INSERT: Count=17446, Max=4551, Min=22, Avg=570.2, 90=590, 99=612, 99.9=689, 99.99=3699] 
2024-01-12 23:24:42:192 1060 sec: 1859567 operations; 1743.9 current ops/sec; est completion in 32 minutes [INSERT: Count=17439, Max=4719, Min=22, Avg=570.53, 90=591, 99=614, 99.9=686, 99.99=3607] 
2024-01-12 23:24:52:192 1070 sec: 1876998 operations; 1743.1 current ops/sec; est completion in 31 minutes [INSERT: Count=17432, Max=3231, Min=22, Avg=570.74, 90=589, 99=612, 99.9=646, 99.99=3145] 
2024-01-12 23:25:02:192 1080 sec: 1894381 operations; 1738.3 current ops/sec; est completion in 31 minutes [INSERT: Count=17382, Max=3185, Min=21, Avg=572.32, 90=591, 99=618, 99.9=664, 99.99=3097] 
2024-01-12 23:25:12:192 1090 sec: 1911767 operations; 1738.6 current ops/sec; est completion in 31 minutes [INSERT: Count=17386, Max=3173, Min=21, Avg=572.22, 90=592, 99=620, 99.9=720, 99.99=3035] 
2024-01-12 23:25:22:192 1100 sec: 1929162 operations; 1739.5 current ops/sec; est completion in 31 minutes [INSERT: Count=17395, Max=3125, Min=21, Avg=571.95, 90=591, 99=619, 99.9=680, 99.99=3021] 
2024-01-12 23:25:32:192 1110 sec: 1946573 operations; 1741.1 current ops/sec; est completion in 31 minutes [INSERT: Count=17411, Max=2983, Min=22, Avg=571.37, 90=590, 99=617, 99.9=640, 99.99=2889] 
2024-01-12 23:25:42:201 1120 sec: 1964360 operations; 1778.52 current ops/sec; est completion in 31 minutes [INSERT: Count=17796, Max=2285, Min=20, Avg=559.94, 90=589, 99=617, 99.9=686, 99.99=2131] 
2024-01-12 23:25:52:219 1130 sec: 1982304 operations; 1792.79 current ops/sec; est completion in 30 minutes [INSERT: Count=17959, Max=3827, Min=20, Avg=555.27, 90=590, 99=623, 99.9=1889, 99.99=2361] 
2024-01-12 23:26:02:194 1140 sec: 2001064 operations; 1877.69 current ops/sec; est completion in 30 minutes [INSERT: Count=18737, Max=2815, Min=19, Avg=529.73, 90=544, 99=555, 99.9=569, 99.99=1878] 
2024-01-12 23:26:12:192 1150 sec: 2019808 operations; 1874.59 current ops/sec; est completion in 30 minutes [INSERT: Count=18744, Max=776, Min=18, Avg=531.24, 90=548, 99=558, 99.9=578, 99.99=701] 
2024-01-12 23:26:22:192 1160 sec: 2037996 operations; 1818.8 current ops/sec; est completion in 30 minutes [INSERT: Count=18191, Max=2611, Min=19, Avg=547.2, 90=594, 99=619, 99.9=662, 99.99=2081] 
2024-01-12 23:26:32:192 1170 sec: 2056852 operations; 1885.6 current ops/sec; est completion in 30 minutes [INSERT: Count=18852, Max=1808, Min=19, Avg=528.16, 90=543, 99=552, 99.9=566, 99.99=1630] 
2024-01-12 23:26:42:192 1180 sec: 2075711 operations; 1885.9 current ops/sec; est completion in 30 minutes [INSERT: Count=18860, Max=2607, Min=19, Avg=528.14, 90=543, 99=553, 99.9=569, 99.99=1207] 
2024-01-12 23:26:52:192 1190 sec: 2094627 operations; 1891.6 current ops/sec; est completion in 29 minutes [INSERT: Count=18916, Max=1535, Min=18, Avg=526.8, 90=539, 99=549, 99.9=562, 99.99=1191] 
2024-01-12 23:27:02:192 1200 sec: 2112364 operations; 1773.7 current ops/sec; est completion in 29 minutes [INSERT: Count=17736, Max=2453, Min=19, Avg=561.81, 90=541, 99=1805, 99.9=2032, 99.99=2439] 
2024-01-12 23:27:12:192 1210 sec: 2121277 operations; 891.3 current ops/sec; est completion in 29 minutes [INSERT: Count=8913, Max=2543, Min=19, Avg=1118.79, 90=1862, 99=2445, 99.9=2491, 99.99=2527] 
2024-01-12 23:27:22:192 1220 sec: 2132867 operations; 1159 current ops/sec; est completion in 29 minutes [INSERT: Count=11591, Max=3059, Min=18, Avg=860.09, 90=1449, 99=2089, 99.9=2469, 99.99=2973] 
2024-01-12 23:27:32:194 1230 sec: 2145503 operations; 1263.47 current ops/sec; est completion in 29 minutes [INSERT: Count=12638, Max=2627, Min=20, Avg=788.83, 90=1396, 99=2063, 99.9=2345, 99.99=2593] 
2024-01-12 23:27:42:192 1240 sec: 2157761 operations; 1225.92 current ops/sec; est completion in 29 minutes [INSERT: Count=12255, Max=2683, Min=22, Avg=812.95, 90=1538, 99=2405, 99.9=2577, 99.99=2653] 
2024-01-12 23:27:52:192 1250 sec: 2169313 operations; 1155.2 current ops/sec; est completion in 29 minutes [INSERT: Count=11552, Max=2661, Min=21, Avg=862.13, 90=1579, 99=2451, 99.9=2571, 99.99=2645] 
2024-01-12 23:28:02:192 1260 sec: 2182341 operations; 1302.8 current ops/sec; est completion in 29 minutes [INSERT: Count=13029, Max=2155, Min=19, Avg=764.9, 90=1402, 99=1806, 99.9=2043, 99.99=2149] 
2024-01-12 23:28:12:192 1270 sec: 2199569 operations; 1722.8 current ops/sec; est completion in 29 minutes [INSERT: Count=17228, Max=2209, Min=21, Avg=577.56, 90=586, 99=1037, 99.9=1828, 99.99=2042] 
2024-01-12 23:28:22:192 1280 sec: 2217203 operations; 1763.4 current ops/sec; est completion in 29 minutes [INSERT: Count=17634, Max=787, Min=18, Avg=564.13, 90=584, 99=606, 99.9=621, 99.99=680] 
2024-01-12 23:28:32:192 1290 sec: 2234784 operations; 1758.1 current ops/sec; est completion in 28 minutes [INSERT: Count=17580, Max=2087, Min=21, Avg=565.82, 90=584, 99=606, 99.9=624, 99.99=773] 
2024-01-12 23:28:42:192 1300 sec: 2252325 operations; 1754.1 current ops/sec; est completion in 28 minutes [INSERT: Count=17542, Max=2046, Min=21, Avg=567.13, 90=585, 99=606, 99.9=629, 99.99=765] 
2024-01-12 23:28:52:192 1310 sec: 2269846 operations; 1752.1 current ops/sec; est completion in 28 minutes [INSERT: Count=17521, Max=1893, Min=21, Avg=567.84, 90=585, 99=606, 99.9=629, 99.99=743] 
2024-01-12 23:29:02:192 1320 sec: 2287333 operations; 1748.7 current ops/sec; est completion in 28 minutes [INSERT: Count=17486, Max=3629, Min=21, Avg=568.94, 90=586, 99=606, 99.9=625, 99.99=753] 
2024-01-12 23:29:12:192 1330 sec: 2304828 operations; 1749.5 current ops/sec; est completion in 28 minutes [INSERT: Count=17496, Max=1062, Min=22, Avg=568.73, 90=590, 99=608, 99.9=630, 99.99=914] 
2024-01-12 23:29:22:192 1340 sec: 2322263 operations; 1743.5 current ops/sec; est completion in 28 minutes [INSERT: Count=17434, Max=5983, Min=21, Avg=570.65, 90=592, 99=610, 99.9=635, 99.99=1009] 
2024-01-12 23:29:32:192 1350 sec: 2339720 operations; 1745.7 current ops/sec; est completion in 27 minutes [INSERT: Count=17457, Max=936, Min=22, Avg=569.91, 90=591, 99=611, 99.9=647, 99.99=888] 
2024-01-12 23:29:42:192 1360 sec: 2357314 operations; 1759.4 current ops/sec; est completion in 27 minutes [INSERT: Count=17595, Max=2131, Min=20, Avg=565.54, 90=589, 99=608, 99.9=632, 99.99=766] 
2024-01-12 23:29:52:192 1370 sec: 2374970 operations; 1765.6 current ops/sec; est completion in 27 minutes [INSERT: Count=17655, Max=850, Min=20, Avg=563.62, 90=587, 99=605, 99.9=622, 99.99=749] 
2024-01-12 23:30:02:192 1380 sec: 2392469 operations; 1749.9 current ops/sec; est completion in 27 minutes [INSERT: Count=17499, Max=3217, Min=22, Avg=568.58, 90=587, 99=607, 99.9=623, 99.99=2004] 
2024-01-12 23:30:12:192 1390 sec: 2409914 operations; 1744.5 current ops/sec; est completion in 27 minutes [INSERT: Count=17446, Max=7839, Min=21, Avg=570.21, 90=588, 99=609, 99.9=644, 99.99=3221] 
2024-01-12 23:30:22:192 1400 sec: 2427323 operations; 1740.9 current ops/sec; est completion in 27 minutes [INSERT: Count=17409, Max=9223, Min=23, Avg=571.49, 90=590, 99=609, 99.9=632, 99.99=7871] 
2024-01-12 23:30:32:192 1410 sec: 2444737 operations; 1741.4 current ops/sec; est completion in 26 minutes [INSERT: Count=17414, Max=6759, Min=22, Avg=571.37, 90=590, 99=610, 99.9=635, 99.99=5707] 
2024-01-12 23:30:42:192 1420 sec: 2462127 operations; 1739 current ops/sec; est completion in 26 minutes [INSERT: Count=17390, Max=3541, Min=22, Avg=572.13, 90=592, 99=612, 99.9=674, 99.99=3409] 
2024-01-12 23:30:52:192 1430 sec: 2479614 operations; 1748.7 current ops/sec; est completion in 26 minutes [INSERT: Count=17487, Max=3393, Min=23, Avg=568.92, 90=587, 99=607, 99.9=628, 99.99=3221] 
2024-01-12 23:31:02:192 1440 sec: 2497089 operations; 1747.5 current ops/sec; est completion in 26 minutes [INSERT: Count=17474, Max=3385, Min=22, Avg=569.36, 90=588, 99=608, 99.9=747, 99.99=3247] 
2024-01-12 23:31:12:192 1450 sec: 2514578 operations; 1748.9 current ops/sec; est completion in 26 minutes [INSERT: Count=17489, Max=5247, Min=21, Avg=568.82, 90=586, 99=607, 99.9=648, 99.99=3235] 
2024-01-12 23:31:22:192 1460 sec: 2532054 operations; 1747.6 current ops/sec; est completion in 26 minutes [INSERT: Count=17476, Max=3329, Min=21, Avg=569.35, 90=588, 99=607, 99.9=637, 99.99=3293] 
2024-01-12 23:31:32:192 1470 sec: 2549514 operations; 1746 current ops/sec; est completion in 25 minutes [INSERT: Count=17460, Max=5303, Min=23, Avg=569.77, 90=590, 99=609, 99.9=632, 99.99=3205] 
2024-01-12 23:31:42:192 1480 sec: 2566990 operations; 1747.6 current ops/sec; est completion in 25 minutes [INSERT: Count=17477, Max=5135, Min=23, Avg=569.29, 90=588, 99=608, 99.9=630, 99.99=3213] 
2024-01-12 23:31:52:192 1490 sec: 2584475 operations; 1748.5 current ops/sec; est completion in 25 minutes [INSERT: Count=17484, Max=3337, Min=22, Avg=569.02, 90=588, 99=608, 99.9=638, 99.99=3275] 
2024-01-12 23:32:02:192 1500 sec: 2601943 operations; 1746.8 current ops/sec; est completion in 25 minutes [INSERT: Count=17469, Max=3235, Min=23, Avg=569.61, 90=589, 99=607, 99.9=656, 99.99=3107] 
2024-01-12 23:32:12:192 1510 sec: 2619416 operations; 1747.3 current ops/sec; est completion in 25 minutes [INSERT: Count=17473, Max=3213, Min=22, Avg=569.46, 90=589, 99=607, 99.9=643, 99.99=3109] 
2024-01-12 23:32:22:192 1520 sec: 2636859 operations; 1744.3 current ops/sec; est completion in 25 minutes [INSERT: Count=17443, Max=3167, Min=22, Avg=570.46, 90=589, 99=608, 99.9=634, 99.99=3065] 
2024-01-12 23:32:32:192 1530 sec: 2654460 operations; 1760.1 current ops/sec; est completion in 24 minutes [INSERT: Count=17602, Max=3141, Min=19, Avg=565.24, 90=583, 99=601, 99.9=628, 99.99=2809] 
2024-01-12 23:32:42:208 1540 sec: 2671987 operations; 1752.52 current ops/sec; est completion in 24 minutes [INSERT: Count=17541, Max=18943, Min=21, Avg=568.48, 90=584, 99=606, 99.9=1390, 99.99=2487] 
2024-01-12 23:32:52:205 1550 sec: 2689406 operations; 1741.38 current ops/sec; est completion in 24 minutes [INSERT: Count=17413, Max=5323, Min=20, Avg=570.64, 90=597, 99=617, 99.9=723, 99.99=2187] 
2024-01-12 23:33:02:199 1560 sec: 2706687 operations; 1728.1 current ops/sec; est completion in 24 minutes [INSERT: Count=17272, Max=2247, Min=20, Avg=574.81, 90=607, 99=625, 99.9=666, 99.99=2177] 
2024-01-12 23:33:12:192 1570 sec: 2723932 operations; 1725.19 current ops/sec; est completion in 24 minutes [INSERT: Count=17245, Max=2919, Min=21, Avg=575.88, 90=608, 99=623, 99.9=646, 99.99=881] 
2024-01-12 23:33:22:194 1580 sec: 2741205 operations; 1727.3 current ops/sec; est completion in 24 minutes [INSERT: Count=17276, Max=9479, Min=21, Avg=574.27, 90=603, 99=621, 99.9=1887, 99.99=2233] 
2024-01-12 23:33:32:194 1590 sec: 2758400 operations; 1719.5 current ops/sec; est completion in 23 minutes [INSERT: Count=17194, Max=18319, Min=21, Avg=577.38, 90=606, 99=626, 99.9=1918, 99.99=2175] 
2024-01-12 23:33:42:194 1600 sec: 2775684 operations; 1728.4 current ops/sec; est completion in 23 minutes [INSERT: Count=17282, Max=1607, Min=21, Avg=575.03, 90=607, 99=626, 99.9=659, 99.99=1321] 
2024-01-12 23:33:52:192 1610 sec: 2793058 operations; 1737.4 current ops/sec; est completion in 23 minutes [INSERT: Count=17376, Max=2193, Min=21, Avg=572.26, 90=602, 99=622, 99.9=737, 99.99=2010] 
2024-01-12 23:34:02:192 1620 sec: 2810517 operations; 1745.9 current ops/sec; est completion in 23 minutes [INSERT: Count=17457, Max=2317, Min=22, Avg=569.77, 90=595, 99=616, 99.9=640, 99.99=1863] 
2024-01-12 23:34:12:192 1630 sec: 2827950 operations; 1743.3 current ops/sec; est completion in 23 minutes [INSERT: Count=17433, Max=2147, Min=22, Avg=570.66, 90=593, 99=614, 99.9=630, 99.99=718] 
2024-01-12 23:34:22:192 1640 sec: 2845495 operations; 1754.5 current ops/sec; est completion in 23 minutes [INSERT: Count=17545, Max=5799, Min=21, Avg=567.07, 90=587, 99=607, 99.9=621, 99.99=810] 
2024-01-12 23:34:32:192 1650 sec: 2863057 operations; 1756.2 current ops/sec; est completion in 22 minutes [INSERT: Count=17562, Max=2111, Min=22, Avg=566.53, 90=586, 99=605, 99.9=621, 99.99=885] 
2024-01-12 23:34:42:194 1660 sec: 2880481 operations; 1742.23 current ops/sec; est completion in 22 minutes [INSERT: Count=17426, Max=3435, Min=20, Avg=571.02, 90=591, 99=611, 99.9=1735, 99.99=2155] 
2024-01-12 23:34:52:192 1670 sec: 2897903 operations; 1742.37 current ops/sec; est completion in 22 minutes [INSERT: Count=17419, Max=2219, Min=22, Avg=570.93, 90=592, 99=612, 99.9=642, 99.99=2167] 
2024-01-12 23:35:02:192 1680 sec: 2915341 operations; 1743.8 current ops/sec; est completion in 22 minutes [INSERT: Count=17439, Max=4559, Min=22, Avg=570.44, 90=592, 99=612, 99.9=673, 99.99=2151] 
2024-01-12 23:35:12:192 1690 sec: 2932789 operations; 1744.8 current ops/sec; est completion in 22 minutes [INSERT: Count=17447, Max=2231, Min=21, Avg=570.23, 90=592, 99=613, 99.9=636, 99.99=2044] 
2024-01-12 23:35:22:192 1700 sec: 2950311 operations; 1752.2 current ops/sec; est completion in 22 minutes [INSERT: Count=17523, Max=2115, Min=21, Avg=567.79, 90=589, 99=610, 99.9=628, 99.99=1937] 
2024-01-12 23:35:32:192 1710 sec: 2967694 operations; 1738.3 current ops/sec; est completion in 21 minutes [INSERT: Count=17383, Max=15791, Min=22, Avg=572.34, 90=594, 99=616, 99.9=671, 99.99=2135] 
2024-01-12 23:35:42:192 1720 sec: 2985720 operations; 1802.6 current ops/sec; est completion in 21 minutes [INSERT: Count=18025, Max=2145, Min=19, Avg=552.28, 90=587, 99=606, 99.9=634, 99.99=1924] 
2024-01-12 23:35:52:192 1730 sec: 3003842 operations; 1812.2 current ops/sec; est completion in 21 minutes [INSERT: Count=18123, Max=14671, Min=19, Avg=549.35, 90=586, 99=604, 99.9=627, 99.99=732] 
2024-01-12 23:36:02:192 1740 sec: 3022768 operations; 1892.6 current ops/sec; est completion in 21 minutes [INSERT: Count=18926, Max=754, Min=19, Avg=526.45, 90=543, 99=594, 99.9=617, 99.99=716] 
2024-01-12 23:36:12:192 1750 sec: 3041205 operations; 1843.7 current ops/sec; est completion in 21 minutes [INSERT: Count=18436, Max=733, Min=18, Avg=540.24, 90=588, 99=602, 99.9=623, 99.99=729] 
2024-01-12 23:36:22:192 1760 sec: 3060226 operations; 1902.1 current ops/sec; est completion in 20 minutes [INSERT: Count=19021, Max=1928, Min=19, Avg=523.91, 90=533, 99=545, 99.9=554, 99.99=748] 
2024-01-12 23:36:32:193 1770 sec: 3078313 operations; 1808.7 current ops/sec; est completion in 20 minutes [INSERT: Count=18090, Max=2295, Min=19, Avg=550.48, 90=592, 99=609, 99.9=635, 99.99=2028] 
2024-01-12 23:36:42:192 1780 sec: 3096561 operations; 1824.8 current ops/sec; est completion in 20 minutes [INSERT: Count=18245, Max=2225, Min=20, Avg=545.71, 90=592, 99=609, 99.9=632, 99.99=915] 
2024-01-12 23:36:52:192 1790 sec: 3115357 operations; 1879.6 current ops/sec; est completion in 20 minutes [INSERT: Count=18796, Max=982, Min=20, Avg=530.07, 90=541, 99=554, 99.9=567, 99.99=650] 
2024-01-12 23:37:02:192 1800 sec: 3133933 operations; 1857.6 current ops/sec; est completion in 20 minutes [INSERT: Count=18576, Max=2029, Min=20, Avg=536.2, 90=576, 99=595, 99.9=622, 99.99=769] 
2024-01-12 23:37:12:192 1810 sec: 3151376 operations; 1744.3 current ops/sec; est completion in 20 minutes [INSERT: Count=17444, Max=3393, Min=21, Avg=570.33, 90=592, 99=610, 99.9=625, 99.99=827] 
2024-01-12 23:37:22:192 1820 sec: 3167717 operations; 1634.1 current ops/sec; est completion in 19 minutes [INSERT: Count=16340, Max=17887, Min=23, Avg=608.9, 90=598, 99=1911, 99.9=2513, 99.99=8043] 
2024-01-12 23:37:32:192 1830 sec: 3175566 operations; 784.9 current ops/sec; est completion in 19 minutes [INSERT: Count=7849, Max=8455, Min=19, Avg=1269.97, 90=2367, 99=2499, 99.9=2561, 99.99=5867] 
2024-01-12 23:37:42:192 1840 sec: 3187128 operations; 1156.2 current ops/sec; est completion in 19 minutes [INSERT: Count=11563, Max=4491, Min=18, Avg=861.89, 90=1523, 99=2351, 99.9=2725, 99.99=4451] 
2024-01-12 23:37:52:192 1850 sec: 3199759 operations; 1263.1 current ops/sec; est completion in 19 minutes [INSERT: Count=12631, Max=4511, Min=19, Avg=789.29, 90=1371, 99=1938, 99.9=2079, 99.99=4435] 
2024-01-12 23:38:02:192 1860 sec: 3212415 operations; 1265.6 current ops/sec; est completion in 19 minutes [INSERT: Count=12655, Max=15199, Min=18, Avg=787.35, 90=1389, 99=1942, 99.9=2145, 99.99=4131] 
2024-01-12 23:38:12:192 1870 sec: 3224901 operations; 1248.6 current ops/sec; est completion in 19 minutes [INSERT: Count=12486, Max=3525, Min=18, Avg=797.95, 90=1407, 99=1964, 99.9=2127, 99.99=3457] 
2024-01-12 23:38:22:192 1880 sec: 3237782 operations; 1288.1 current ops/sec; est completion in 19 minutes [INSERT: Count=12882, Max=3735, Min=18, Avg=773.78, 90=1373, 99=1907, 99.9=2125, 99.99=3609] 
2024-01-12 23:38:32:206 1890 sec: 3255535 operations; 1775.12 current ops/sec; est completion in 19 minutes [INSERT: Count=17759, Max=2241, Min=19, Avg=561.51, 90=583, 99=893, 99.9=1811, 99.99=2149] 
2024-01-12 23:38:42:219 1900 sec: 3273579 operations; 1803.14 current ops/sec; est completion in 19 minutes [INSERT: Count=18057, Max=2113, Min=18, Avg=552.06, 90=584, 99=612, 99.9=738, 99.99=2105] 
2024-01-12 23:38:52:192 1910 sec: 3291143 operations; 1757.81 current ops/sec; est completion in 18 minutes [INSERT: Count=17544, Max=7435, Min=18, Avg=564.91, 90=608, 99=628, 99.9=1751, 99.99=2155] 
2024-01-12 23:39:02:195 1920 sec: 3308200 operations; 1705.7 current ops/sec; est completion in 18 minutes [INSERT: Count=17067, Max=8167, Min=21, Avg=582.45, 90=610, 99=630, 99.9=1939, 99.99=3547] 
2024-01-12 23:39:12:196 1930 sec: 3325160 operations; 1696 current ops/sec; est completion in 18 minutes [INSERT: Count=16960, Max=5479, Min=20, Avg=585.42, 90=610, 99=645, 99.9=1984, 99.99=4503] 
2024-01-12 23:39:22:195 1940 sec: 3342223 operations; 1706.3 current ops/sec; est completion in 18 minutes [INSERT: Count=17055, Max=2467, Min=22, Avg=582.56, 90=613, 99=634, 99.9=1887, 99.99=2213] 
2024-01-12 23:39:32:195 1950 sec: 3359435 operations; 1721.2 current ops/sec; est completion in 18 minutes [INSERT: Count=17211, Max=2093, Min=21, Avg=577.77, 90=610, 99=632, 99.9=955, 99.99=2085] 
2024-01-12 23:39:42:192 1960 sec: 3376958 operations; 1752.3 current ops/sec; est completion in 18 minutes [INSERT: Count=17522, Max=2207, Min=20, Avg=567.6, 90=595, 99=618, 99.9=642, 99.99=2029] 
2024-01-12 23:39:52:192 1970 sec: 3394409 operations; 1745.1 current ops/sec; est completion in 17 minutes [INSERT: Count=17452, Max=2179, Min=21, Avg=570.17, 90=594, 99=614, 99.9=639, 99.99=2053] 
2024-01-12 23:40:02:192 1980 sec: 3411911 operations; 1750.2 current ops/sec; est completion in 17 minutes [INSERT: Count=17501, Max=2141, Min=21, Avg=568.53, 90=591, 99=611, 99.9=636, 99.99=2103] 
2024-01-12 23:40:12:192 1990 sec: 3429389 operations; 1747.8 current ops/sec; est completion in 17 minutes [INSERT: Count=17479, Max=2171, Min=22, Avg=569.28, 90=592, 99=612, 99.9=747, 99.99=2109] 
2024-01-12 23:40:22:192 2000 sec: 3446828 operations; 1743.9 current ops/sec; est completion in 17 minutes [INSERT: Count=17438, Max=2481, Min=22, Avg=570.59, 90=594, 99=613, 99.9=632, 99.99=722] 
2024-01-12 23:40:32:192 2010 sec: 3464247 operations; 1741.9 current ops/sec; est completion in 17 minutes [INSERT: Count=17420, Max=2177, Min=22, Avg=571.19, 90=594, 99=612, 99.9=635, 99.99=2135] 
2024-01-12 23:40:42:192 2020 sec: 3481669 operations; 1742.2 current ops/sec; est completion in 17 minutes [INSERT: Count=17422, Max=912, Min=22, Avg=571.14, 90=593, 99=611, 99.9=632, 99.99=657] 
2024-01-12 23:40:52:192 2030 sec: 3499057 operations; 1738.8 current ops/sec; est completion in 16 minutes [INSERT: Count=17388, Max=2119, Min=23, Avg=572.22, 90=593, 99=613, 99.9=628, 99.99=1956] 
2024-01-12 23:41:02:192 2040 sec: 3516502 operations; 1744.5 current ops/sec; est completion in 16 minutes [INSERT: Count=17444, Max=2103, Min=23, Avg=570.26, 90=590, 99=609, 99.9=630, 99.99=722] 
2024-01-12 23:41:12:192 2050 sec: 3533927 operations; 1742.5 current ops/sec; est completion in 16 minutes [INSERT: Count=17426, Max=2123, Min=23, Avg=570.97, 90=591, 99=608, 99.9=628, 99.99=812] 
2024-01-12 23:41:22:192 2060 sec: 3551317 operations; 1739 current ops/sec; est completion in 16 minutes [INSERT: Count=17389, Max=2143, Min=21, Avg=572.14, 90=593, 99=613, 99.9=637, 99.99=1995] 
2024-01-12 23:41:32:194 2070 sec: 3568812 operations; 1749.15 current ops/sec; est completion in 16 minutes [INSERT: Count=17498, Max=2155, Min=22, Avg=568.86, 90=593, 99=613, 99.9=706, 99.99=2107] 
2024-01-12 23:41:42:194 2080 sec: 3586269 operations; 1746.05 current ops/sec; est completion in 16 minutes [INSERT: Count=17457, Max=974, Min=22, Avg=569.88, 90=595, 99=615, 99.9=641, 99.99=766] 
2024-01-12 23:41:52:192 2090 sec: 3604293 operations; 1802.4 current ops/sec; est completion in 15 minutes [INSERT: Count=18021, Max=852, Min=20, Avg=552.31, 90=590, 99=607, 99.9=628, 99.99=671] 
2024-01-12 23:42:02:192 2100 sec: 3621947 operations; 1765.4 current ops/sec; est completion in 15 minutes [INSERT: Count=17655, Max=1912, Min=21, Avg=563.67, 90=591, 99=611, 99.9=632, 99.99=698] 
2024-01-12 23:42:12:192 2110 sec: 3640915 operations; 1896.8 current ops/sec; est completion in 15 minutes [INSERT: Count=18967, Max=6239, Min=19, Avg=525.38, 90=534, 99=585, 99.9=615, 99.99=2807] 
2024-01-12 23:42:22:192 2120 sec: 3659801 operations; 1888.6 current ops/sec; est completion in 15 minutes [INSERT: Count=18886, Max=8807, Min=19, Avg=527.66, 90=536, 99=545, 99.9=568, 99.99=7847] 
2024-01-12 23:42:32:192 2130 sec: 3678547 operations; 1874.6 current ops/sec; est completion in 15 minutes [INSERT: Count=18746, Max=7591, Min=20, Avg=531.47, 90=539, 99=551, 99.9=570, 99.99=6659] 
2024-01-12 23:42:42:192 2140 sec: 3697369 operations; 1882.2 current ops/sec; est completion in 14 minutes [INSERT: Count=18822, Max=91199, Min=17, Avg=529.45, 90=533, 99=584, 99.9=620, 99.99=4231] 
2024-01-12 23:42:52:192 2150 sec: 3715386 operations; 1801.7 current ops/sec; est completion in 14 minutes [INSERT: Count=18017, Max=3265, Min=17, Avg=552.34, 90=582, 99=598, 99.9=635, 99.99=3117] 
2024-01-12 23:43:02:192 2160 sec: 3733683 operations; 1829.7 current ops/sec; est completion in 14 minutes [INSERT: Count=18298, Max=3373, Min=17, Avg=544.19, 90=585, 99=597, 99.9=631, 99.99=3233] 
2024-01-12 23:43:12:192 2170 sec: 3752831 operations; 1914.8 current ops/sec; est completion in 14 minutes [INSERT: Count=19147, Max=4599, Min=17, Avg=520.49, 90=528, 99=538, 99.9=546, 99.99=3167] 
2024-01-12 23:43:22:192 2180 sec: 3771959 operations; 1912.8 current ops/sec; est completion in 14 minutes [INSERT: Count=19128, Max=3279, Min=17, Avg=521.01, 90=529, 99=538, 99.9=547, 99.99=3139] 
2024-01-12 23:43:32:192 2190 sec: 3791080 operations; 1912.1 current ops/sec; est completion in 13 minutes [INSERT: Count=19122, Max=3271, Min=18, Avg=521.17, 90=529, 99=539, 99.9=556, 99.99=3057] 
2024-01-12 23:43:42:192 2200 sec: 3809817 operations; 1873.7 current ops/sec; est completion in 13 minutes [INSERT: Count=18737, Max=3187, Min=18, Avg=531.67, 90=577, 99=592, 99.9=638, 99.99=3085] 
2024-01-12 23:43:52:192 2210 sec: 3828888 operations; 1907.1 current ops/sec; est completion in 13 minutes [INSERT: Count=19071, Max=3103, Min=18, Avg=522.54, 90=531, 99=541, 99.9=591, 99.99=3033] 
2024-01-12 23:44:02:192 2220 sec: 3846897 operations; 1800.9 current ops/sec; est completion in 13 minutes [INSERT: Count=18009, Max=3125, Min=19, Avg=552.84, 90=590, 99=607, 99.9=671, 99.99=3069] 
2024-01-12 23:44:12:192 2230 sec: 3864371 operations; 1747.4 current ops/sec; est completion in 13 minutes [INSERT: Count=17474, Max=3127, Min=21, Avg=569.45, 90=591, 99=614, 99.9=650, 99.99=3061] 
2024-01-12 23:44:22:208 2240 sec: 3883299 operations; 1892.61 current ops/sec; est completion in 13 minutes [INSERT: Count=18932, Max=1933, Min=18, Avg=527.29, 90=544, 99=593, 99.9=625, 99.99=1370] 
2024-01-12 23:44:32:192 2250 sec: 3901618 operations; 1832.08 current ops/sec; est completion in 12 minutes [INSERT: Count=18314, Max=2417, Min=19, Avg=542.69, 90=590, 99=615, 99.9=733, 99.99=2034] 
2024-01-12 23:44:42:192 2260 sec: 3918980 operations; 1736.2 current ops/sec; est completion in 12 minutes [INSERT: Count=17363, Max=3117, Min=19, Avg=572.21, 90=609, 99=633, 99.9=1949, 99.99=2063] 
2024-01-12 23:44:52:192 2270 sec: 3936286 operations; 1730.6 current ops/sec; est completion in 12 minutes [INSERT: Count=17306, Max=2833, Min=21, Avg=574.27, 90=610, 99=629, 99.9=667, 99.99=2137] 
2024-01-12 23:45:02:192 2280 sec: 3954422 operations; 1813.6 current ops/sec; est completion in 12 minutes [INSERT: Count=18135, Max=2855, Min=20, Avg=548.68, 90=593, 99=618, 99.9=1751, 99.99=2155] 
2024-01-12 23:45:12:192 2290 sec: 3973147 operations; 1872.5 current ops/sec; est completion in 12 minutes [INSERT: Count=18726, Max=2359, Min=18, Avg=531.75, 90=550, 99=614, 99.9=670, 99.99=2125] 
2024-01-12 23:45:22:192 2300 sec: 3992016 operations; 1886.9 current ops/sec; est completion in 12 minutes [INSERT: Count=18869, Max=1127, Min=19, Avg=527.72, 90=541, 99=550, 99.9=562, 99.99=947] 
2024-01-12 23:45:32:192 2310 sec: 4010648 operations; 1863.2 current ops/sec; est completion in 11 minutes [INSERT: Count=18633, Max=1094, Min=19, Avg=534.58, 90=583, 99=611, 99.9=635, 99.99=932] 
2024-01-12 23:45:42:192 2320 sec: 4029220 operations; 1857.2 current ops/sec; est completion in 11 minutes [INSERT: Count=18570, Max=2123, Min=18, Avg=536.34, 90=583, 99=607, 99.9=633, 99.99=1050] 
2024-01-12 23:45:52:192 2330 sec: 4047600 operations; 1838 current ops/sec; est completion in 11 minutes [INSERT: Count=18381, Max=734, Min=19, Avg=541.78, 90=585, 99=605, 99.9=630, 99.99=693] 
2024-01-12 23:46:02:192 2340 sec: 4066624 operations; 1902.4 current ops/sec; est completion in 11 minutes [INSERT: Count=19024, Max=2079, Min=18, Avg=523.8, 90=533, 99=583, 99.9=603, 99.99=652] 
2024-01-12 23:46:12:192 2350 sec: 4085528 operations; 1890.4 current ops/sec; est completion in 11 minutes [INSERT: Count=18903, Max=1239, Min=18, Avg=527.04, 90=539, 99=549, 99.9=561, 99.99=732] 
2024-01-12 23:46:22:192 2360 sec: 4104251 operations; 1872.3 current ops/sec; est completion in 10 minutes [INSERT: Count=18723, Max=2245, Min=20, Avg=532.03, 90=542, 99=555, 99.9=571, 99.99=682] 
2024-01-12 23:46:32:192 2370 sec: 4123061 operations; 1881 current ops/sec; est completion in 10 minutes [INSERT: Count=18811, Max=870, Min=19, Avg=529.61, 90=540, 99=551, 99.9=561, 99.99=640] 
2024-01-12 23:46:42:192 2380 sec: 4142015 operations; 1895.4 current ops/sec; est completion in 10 minutes [INSERT: Count=18954, Max=2181, Min=19, Avg=525.69, 90=538, 99=547, 99.9=561, 99.99=716] 
2024-01-12 23:46:52:192 2390 sec: 4160891 operations; 1887.6 current ops/sec; est completion in 10 minutes [INSERT: Count=18875, Max=783, Min=19, Avg=527.84, 90=540, 99=551, 99.9=562, 99.99=654] 
2024-01-12 23:47:02:192 2400 sec: 4179949 operations; 1905.8 current ops/sec; est completion in 10 minutes [INSERT: Count=19059, Max=2157, Min=18, Avg=522.92, 90=532, 99=543, 99.9=550, 99.99=649] 
2024-01-12 23:47:12:192 2410 sec: 4198885 operations; 1893.6 current ops/sec; est completion in 10 minutes [INSERT: Count=18935, Max=736, Min=19, Avg=526.24, 90=538, 99=586, 99.9=610, 99.99=721] 
2024-01-12 23:47:22:192 2420 sec: 4217853 operations; 1896.8 current ops/sec; est completion in 9 minutes [INSERT: Count=18968, Max=2307, Min=18, Avg=525.34, 90=534, 99=588, 99.9=610, 99.99=733] 
2024-01-12 23:47:32:192 2430 sec: 4229354 operations; 1150.1 current ops/sec; est completion in 9 minutes [INSERT: Count=11501, Max=93055, Min=17, Avg=866.75, 90=1520, 99=1854, 99.9=2457, 99.99=2481] 
2024-01-12 23:47:42:192 2440 sec: 4238982 operations; 962.8 current ops/sec; est completion in 9 minutes [INSERT: Count=9629, Max=3217, Min=17, Avg=1034.95, 90=1617, 99=2483, 99.9=2617, 99.99=3173] 
2024-01-12 23:47:52:192 2450 sec: 4249665 operations; 1068.3 current ops/sec; est completion in 9 minutes [INSERT: Count=10682, Max=4005, Min=20, Avg=931.98, 90=1701, 99=2511, 99.9=2623, 99.99=2651] 
2024-01-12 23:48:02:192 2460 sec: 4261423 operations; 1175.8 current ops/sec; est completion in 9 minutes [INSERT: Count=11758, Max=2739, Min=20, Avg=846.86, 90=1502, 99=2141, 99.9=2569, 99.99=2649] 
2024-01-12 23:48:12:192 2470 sec: 4273979 operations; 1255.6 current ops/sec; est completion in 9 minutes [INSERT: Count=12557, Max=2591, Min=18, Avg=794.02, 90=1400, 99=2041, 99.9=2475, 99.99=2543] 
2024-01-12 23:48:22:192 2480 sec: 4286872 operations; 1289.3 current ops/sec; est completion in 9 minutes [INSERT: Count=12892, Max=3409, Min=19, Avg=773.4, 90=1360, 99=1987, 99.9=2461, 99.99=3409] 
2024-01-12 23:48:32:192 2490 sec: 4298832 operations; 1196 current ops/sec; est completion in 9 minutes [INSERT: Count=11961, Max=9031, Min=19, Avg=833.52, 90=1552, 99=2203, 99.9=2571, 99.99=8367] 
2024-01-12 23:48:42:192 2500 sec: 4309913 operations; 1108.1 current ops/sec; est completion in 9 minutes [INSERT: Count=11080, Max=6751, Min=19, Avg=899.97, 90=2099, 99=2513, 99.9=2603, 99.99=6715] 
2024-01-12 23:48:52:192 2510 sec: 4326308 operations; 1639.5 current ops/sec; est completion in 8 minutes [INSERT: Count=16396, Max=4395, Min=18, Avg=607.96, 90=626, 99=2327, 99.9=2521, 99.99=3077] 
2024-01-12 23:49:02:192 2520 sec: 4345449 operations; 1914.1 current ops/sec; est completion in 8 minutes [INSERT: Count=19141, Max=3073, Min=18, Avg=520.66, 90=527, 99=536, 99.9=546, 99.99=2989] 
2024-01-12 23:49:12:192 2530 sec: 4364586 operations; 1913.7 current ops/sec; est completion in 8 minutes [INSERT: Count=19136, Max=5383, Min=18, Avg=520.78, 90=527, 99=536, 99.9=551, 99.99=3203] 
2024-01-12 23:49:22:192 2540 sec: 4383704 operations; 1911.8 current ops/sec; est completion in 8 minutes [INSERT: Count=19119, Max=4127, Min=18, Avg=521.23, 90=528, 99=537, 99.9=547, 99.99=3105] 
2024-01-12 23:49:32:192 2550 sec: 4402840 operations; 1913.6 current ops/sec; est completion in 8 minutes [INSERT: Count=19136, Max=3171, Min=18, Avg=520.77, 90=527, 99=536, 99.9=548, 99.99=3013] 
2024-01-12 23:49:42:192 2560 sec: 4421970 operations; 1913 current ops/sec; est completion in 7 minutes [INSERT: Count=19129, Max=5647, Min=18, Avg=521, 90=527, 99=537, 99.9=552, 99.99=3285] 
2024-01-12 23:49:52:192 2570 sec: 4441109 operations; 1913.9 current ops/sec; est completion in 7 minutes [INSERT: Count=19139, Max=3323, Min=19, Avg=520.71, 90=527, 99=538, 99.9=550, 99.99=3259] 
2024-01-12 23:50:02:192 2580 sec: 4459974 operations; 1886.5 current ops/sec; est completion in 7 minutes [INSERT: Count=18865, Max=3135, Min=18, Avg=528.15, 90=567, 99=588, 99.9=627, 99.99=2923] 
2024-01-12 23:50:12:192 2590 sec: 4477445 operations; 1747.1 current ops/sec; est completion in 7 minutes [INSERT: Count=17472, Max=3183, Min=21, Avg=569.42, 90=586, 99=606, 99.9=637, 99.99=3077] 
2024-01-12 23:50:22:192 2600 sec: 4494941 operations; 1749.6 current ops/sec; est completion in 7 minutes [INSERT: Count=17495, Max=3015, Min=22, Avg=568.67, 90=585, 99=605, 99.9=631, 99.99=2937] 
2024-01-12 23:50:32:192 2610 sec: 4512634 operations; 1769.3 current ops/sec; est completion in 7 minutes [INSERT: Count=17693, Max=2139, Min=20, Avg=562.43, 90=586, 99=606, 99.9=710, 99.99=1458] 
2024-01-12 23:50:42:194 2620 sec: 4530245 operations; 1760.75 current ops/sec; est completion in 6 minutes [INSERT: Count=17612, Max=2055, Min=21, Avg=565.03, 90=593, 99=617, 99.9=646, 99.99=1892] 
2024-01-12 23:50:52:192 2630 sec: 4548486 operations; 1824.46 current ops/sec; est completion in 6 minutes [INSERT: Count=18241, Max=4671, Min=20, Avg=545.5, 90=590, 99=620, 99.9=652, 99.99=2119] 
2024-01-12 23:51:02:194 2640 sec: 4566251 operations; 1776.5 current ops/sec; est completion in 6 minutes [INSERT: Count=17765, Max=1946, Min=21, Avg=560.05, 90=604, 99=627, 99.9=650, 99.99=848] 
2024-01-12 23:51:12:192 2650 sec: 4583475 operations; 1722.4 current ops/sec; est completion in 6 minutes [INSERT: Count=17224, Max=2835, Min=22, Avg=577.19, 90=609, 99=631, 99.9=674, 99.99=1636] 
2024-01-12 23:51:22:194 2660 sec: 4601190 operations; 1771.5 current ops/sec; est completion in 6 minutes [INSERT: Count=17717, Max=2939, Min=21, Avg=561.68, 90=602, 99=630, 99.9=1904, 99.99=2181] 
2024-01-12 23:51:32:195 2670 sec: 4618840 operations; 1764.82 current ops/sec; est completion in 6 minutes [INSERT: Count=17647, Max=4855, Min=19, Avg=563.68, 90=600, 99=657, 99.9=1942, 99.99=2895] 
2024-01-12 23:51:42:192 2680 sec: 4636400 operations; 1756.18 current ops/sec; est completion in 5 minutes [INSERT: Count=17561, Max=3625, Min=20, Avg=566.46, 90=596, 99=619, 99.9=1899, 99.99=2829] 
2024-01-12 23:51:52:192 2690 sec: 4653737 operations; 1733.7 current ops/sec; est completion in 5 minutes [INSERT: Count=17337, Max=3079, Min=22, Avg=573.92, 90=596, 99=616, 99.9=1874, 99.99=2323] 
2024-01-12 23:52:02:192 2700 sec: 4671166 operations; 1742.9 current ops/sec; est completion in 5 minutes [INSERT: Count=17428, Max=3019, Min=22, Avg=570.86, 90=593, 99=612, 99.9=686, 99.99=2123] 
2024-01-12 23:52:12:192 2710 sec: 4688450 operations; 1728.4 current ops/sec; est completion in 5 minutes [INSERT: Count=17285, Max=3119, Min=22, Avg=575.65, 90=596, 99=617, 99.9=1929, 99.99=3115] 
2024-01-12 23:52:22:192 2720 sec: 4705793 operations; 1734.3 current ops/sec; est completion in 5 minutes [INSERT: Count=17343, Max=2209, Min=23, Avg=573.75, 90=594, 99=616, 99.9=1868, 99.99=2093] 
2024-01-12 23:52:32:192 2730 sec: 4723241 operations; 1744.8 current ops/sec; est completion in 5 minutes [INSERT: Count=17448, Max=2139, Min=21, Avg=570.28, 90=594, 99=613, 99.9=698, 99.99=2095] 
2024-01-12 23:52:42:192 2740 sec: 4740651 operations; 1741 current ops/sec; est completion in 4 minutes [INSERT: Count=17409, Max=2157, Min=22, Avg=571.52, 90=595, 99=615, 99.9=675, 99.99=2077] 
2024-01-12 23:52:52:192 2750 sec: 4758023 operations; 1737.2 current ops/sec; est completion in 4 minutes [INSERT: Count=17372, Max=94591, Min=20, Avg=572.66, 90=588, 99=608, 99.9=630, 99.99=2127] 
2024-01-12 23:53:02:192 2760 sec: 4775589 operations; 1756.6 current ops/sec; est completion in 4 minutes [INSERT: Count=17566, Max=1743, Min=20, Avg=566.41, 90=587, 99=604, 99.9=625, 99.99=738] 
2024-01-12 23:53:12:192 2770 sec: 4793169 operations; 1758 current ops/sec; est completion in 4 minutes [INSERT: Count=17580, Max=2145, Min=20, Avg=565.86, 90=585, 99=602, 99.9=620, 99.99=1775] 
2024-01-12 23:53:22:192 2780 sec: 4810661 operations; 1749.2 current ops/sec; est completion in 4 minutes [INSERT: Count=17492, Max=2189, Min=20, Avg=568.69, 90=588, 99=605, 99.9=622, 99.99=2173] 
2024-01-12 23:53:32:192 2790 sec: 4828158 operations; 1749.7 current ops/sec; est completion in 4 minutes [INSERT: Count=17497, Max=2231, Min=20, Avg=568.54, 90=584, 99=605, 99.9=631, 99.99=2165] 
2024-01-12 23:53:42:195 2800 sec: 4845620 operations; 1746.2 current ops/sec; est completion in 3 minutes [INSERT: Count=17462, Max=2165, Min=20, Avg=569.68, 90=588, 99=608, 99.9=684, 99.99=2055] 
2024-01-12 23:53:52:192 2810 sec: 4863132 operations; 1751.2 current ops/sec; est completion in 3 minutes [INSERT: Count=17512, Max=972, Min=20, Avg=567.97, 90=587, 99=606, 99.9=627, 99.99=938] 
2024-01-12 23:54:02:192 2820 sec: 4880583 operations; 1745.1 current ops/sec; est completion in 3 minutes [INSERT: Count=17452, Max=2121, Min=21, Avg=570.12, 90=591, 99=607, 99.9=629, 99.99=2101] 
2024-01-12 23:54:12:192 2830 sec: 4898071 operations; 1748.8 current ops/sec; est completion in 3 minutes [INSERT: Count=17487, Max=3661, Min=21, Avg=568.94, 90=588, 99=604, 99.9=623, 99.99=2159] 
2024-01-12 23:54:22:192 2840 sec: 4915496 operations; 1742.5 current ops/sec; est completion in 3 minutes [INSERT: Count=17426, Max=9111, Min=21, Avg=570.91, 90=588, 99=607, 99.9=672, 99.99=8055] 
2024-01-12 23:54:32:192 2850 sec: 4932943 operations; 1744.7 current ops/sec; est completion in 3 minutes [INSERT: Count=17447, Max=7879, Min=21, Avg=570.26, 90=586, 99=605, 99.9=722, 99.99=6199] 
2024-01-12 23:54:42:192 2860 sec: 4950396 operations; 1745.3 current ops/sec; est completion in 2 minutes [INSERT: Count=17452, Max=17471, Min=22, Avg=570.1, 90=584, 99=606, 99.9=863, 99.99=3109] 
2024-01-12 23:54:52:192 2870 sec: 4967902 operations; 1750.6 current ops/sec; est completion in 2 minutes [INSERT: Count=17507, Max=3487, Min=21, Avg=568.35, 90=585, 99=605, 99.9=649, 99.99=3181] 
2024-01-12 23:55:02:192 2880 sec: 4985421 operations; 1751.9 current ops/sec; est completion in 2 minutes [INSERT: Count=17519, Max=3227, Min=23, Avg=567.95, 90=584, 99=607, 99.9=643, 99.99=3111] 
2024-01-12 23:55:12:192 2890 sec: 5002923 operations; 1750.2 current ops/sec; est completion in 2 minutes [INSERT: Count=17502, Max=4743, Min=21, Avg=568.47, 90=585, 99=608, 99.9=649, 99.99=3097] 
2024-01-12 23:55:22:202 2900 sec: 5020473 operations; 1754.82 current ops/sec; est completion in 2 minutes [INSERT: Count=17559, Max=2691, Min=22, Avg=567.52, 90=585, 99=609, 99.9=773, 99.99=1998] 
2024-01-12 23:55:32:197 2910 sec: 5037782 operations; 1730.55 current ops/sec; est completion in 1 minute [INSERT: Count=17300, Max=4519, Min=21, Avg=574.24, 90=602, 99=623, 99.9=1850, 99.99=2046] 
2024-01-12 23:55:42:192 2920 sec: 5055002 operations; 1722.52 current ops/sec; est completion in 1 minute [INSERT: Count=17220, Max=3561, Min=22, Avg=576.89, 90=609, 99=626, 99.9=649, 99.99=2145] 
2024-01-12 23:55:52:192 2930 sec: 5072170 operations; 1716.8 current ops/sec; est completion in 1 minute [INSERT: Count=17168, Max=2857, Min=22, Avg=579.05, 90=612, 99=628, 99.9=682, 99.99=1761] 
2024-01-12 23:56:02:195 2940 sec: 5089298 operations; 1712.8 current ops/sec; est completion in 1 minute [INSERT: Count=17134, Max=3177, Min=23, Avg=580.39, 90=609, 99=630, 99.9=1903, 99.99=2183] 
2024-01-12 23:56:12:194 2950 sec: 5106373 operations; 1707.5 current ops/sec; est completion in 1 minute [INSERT: Count=17068, Max=4251, Min=23, Avg=582.38, 90=609, 99=636, 99.9=1944, 99.99=3385] 
2024-01-12 23:56:22:192 2960 sec: 5123638 operations; 1726.5 current ops/sec; est completion in 1 minute [INSERT: Count=17265, Max=2379, Min=22, Avg=576.1, 90=601, 99=624, 99.9=1738, 99.99=2093] 
2024-01-12 23:56:32:192 2970 sec: 5140985 operations; 1734.7 current ops/sec; est completion in 59 seconds [INSERT: Count=17348, Max=2179, Min=22, Avg=573.55, 90=596, 99=618, 99.9=1309, 99.99=2071] 
2024-01-12 23:56:42:192 2980 sec: 5158416 operations; 1743.1 current ops/sec; est completion in 49 seconds [INSERT: Count=17430, Max=2179, Min=23, Avg=570.82, 90=594, 99=616, 99.9=648, 99.99=2117] 
2024-01-12 23:56:52:192 2990 sec: 5175894 operations; 1747.8 current ops/sec; est completion in 39 seconds [INSERT: Count=17479, Max=2303, Min=22, Avg=569.33, 90=592, 99=611, 99.9=640, 99.99=2063] 
2024-01-12 23:57:02:192 3000 sec: 5193288 operations; 1739.4 current ops/sec; est completion in 29 seconds [INSERT: Count=17393, Max=2135, Min=21, Avg=571.78, 90=593, 99=614, 99.9=1883, 99.99=2107] 
2024-01-12 23:57:12:192 3010 sec: 5210719 operations; 1743.1 current ops/sec; est completion in 19 seconds [INSERT: Count=17431, Max=2095, Min=22, Avg=570.75, 90=591, 99=612, 99.9=1876, 99.99=2009] 
2024-01-12 23:57:22:192 3020 sec: 5228203 operations; 1748.4 current ops/sec; est completion in 9 second [INSERT: Count=17485, Max=2185, Min=22, Avg=569.12, 90=589, 99=609, 99.9=628, 99.99=1979] 
2024-01-12 23:57:30:409 3028 sec: 5242880 operations; 1786.39 current ops/sec; [CLEANUP: Count=1, Max=102271, Min=102208, Avg=102240, 90=102271, 99=102271, 99.9=102271, 99.99=102271] [INSERT: Count=14676, Max=13471, Min=20, Avg=550.31, 90=586, 99=604, 99.9=623, 99.99=2109] 
