[OVERALL], RunTime(ms), 187951
[OVERALL], Throughput(ops/sec), 27894.930061558596
[TOTAL_GCS_G1_Young_Generation], Count, 130
[TOTAL_GC_TIME_G1_Young_Generation], Time(ms), 315
[TOTAL_GC_TIME_%_G1_Young_Generation], Time(%), 0.1675968736532394
[TOTAL_GCS_G1_Old_Generation], Count, 0
[TOTAL_GC_TIME_G1_Old_Generation], Time(ms), 0
[TOTAL_GC_TIME_%_G1_Old_Generation], Time(%), 0.0
[TOTAL_GCs], Count, 130
[TOTAL_GC_TIME], Time(ms), 315
[TOTAL_GC_TIME_%], Time(%), 0.1675968736532394
[CLEANUP], Operations, 1
[CLEANUP], AverageLatency(us), 101920.0
[CLEANUP], MinLatency(us), 101888
[CLEANUP], MaxLatency(us), 101951
[CLEANUP], 95thPercentileLatency(us), 101951
[CLEANUP], 99thPercentileLatency(us), 101951
[INSERT], Operations, 5242880
[INSERT], AverageLatency(us), 33.738551712036134
[INSERT], MinLatency(us), 13
[INSERT], MaxLatency(us), 16719
[INSERT], 95thPercentileLatency(us), 49
[INSERT], 99thPercentileLatency(us), 75
[INSERT], Return=OK, 5242880
