[WARN]  Running against a source checkout. In order to get our runtime dependencies we'll have to invoke Maven. Depending on the state of your system, this may take ~30-45 seconds
[DEBUG]  Running 'mvn -pl site.ycsb:rocksdb-binding -am package -DskipTests dependency:build-classpath -DincludeScope=compile -Dmdep.outputFilterFile=true'
java -cp /home/user/src/rocksdb-cheops-2024/ycsb/rocksdb/conf:/home/user/src/rocksdb-cheops-2024/ycsb/rocksdb/target/rocksdb-binding-0.18.0-SNAPSHOT.jar:/root/.m2/repository/org/apache/htrace/htrace-core4/4.1.0-incubating/htrace-core4-4.1.0-incubating.jar:/root/.m2/repository/org/slf4j/slf4j-api/1.7.25/slf4j-api-1.7.25.jar:/home/user/src/rocksdb-cheops-2024/rocksdb-ycsb/java/target/rocksdbjni-7.4.3-linux64.jar:/root/.m2/repository/net/jcip/jcip-annotations/1.0/jcip-annotations-1.0.jar:/root/.m2/repository/org/hdrhistogram/HdrHistogram/2.1.4/HdrHistogram-2.1.4.jar:/root/.m2/repository/org/codehaus/jackson/jackson-mapper-asl/1.9.4/jackson-mapper-asl-1.9.4.jar:/lib/libzbd.so.1:/root/.m2/repository/org/codehaus/jackson/jackson-core-asl/1.9.4/jackson-core-asl-1.9.4.jar:/home/user/src/rocksdb-cheops-2024/rocksdb-ycsb/java/target/librocksdbjni-linux64.so:/home/user/src/rocksdb-cheops-2024/ycsb/core/target/core-0.18.0-SNAPSHOT.jar site.ycsb.Client -db site.ycsb.db.rocksdb.RocksDBClient -s -P ./workloads/workloada -p recordcount=5242880 -p operationcount=1000000 -p fieldlength=386 -p fieldcount=10 -load
Command line: -db site.ycsb.db.rocksdb.RocksDBClient -s -P ./workloads/workloada -p recordcount=5242880 -p operationcount=1000000 -p fieldlength=386 -p fieldcount=10 -load
YCSB Client 0.18.0-SNAPSHOT

Loading workload...
Starting test.
SLF4J: Failed to load class "org.slf4j.impl.StaticLoggerBinder".
SLF4J: Defaulting to no-operation (NOP) logger implementation
SLF4J: See http://www.slf4j.org/codes.html#StaticLoggerBinder for further details.
2024-01-12 10:03:33:315 0 sec: 0 operations; est completion in 0 second 
Leet YCSB 
DBWrapper: report latency for each error is false and specific error codes to track for latency are: []
2024-01-12 10:03:43:278 10 sec: 24966 operations; 2495.85 current ops/sec; est completion in 34 minutes [INSERT: Count=24974, Max=12255, Min=20, Avg=294.17, 90=568, 99=615, 99.9=679, 99.99=3193] 
2024-01-12 10:03:53:275 20 sec: 54681 operations; 2972.09 current ops/sec; est completion in 31 minutes [INSERT: Count=29709, Max=14975, Min=20, Avg=331.01, 90=619, 99=661, 99.9=689, 99.99=2957] 
2024-01-12 10:04:03:275 30 sec: 86453 operations; 3177.2 current ops/sec; est completion in 29 minutes [INSERT: Count=31772, Max=4395, Min=20, Avg=311.72, 90=598, 99=615, 99.9=643, 99.99=3173] 
2024-01-12 10:04:13:275 40 sec: 119510 operations; 3305.7 current ops/sec; est completion in 28 minutes [INSERT: Count=33057, Max=3089, Min=19, Avg=300.01, 90=595, 99=611, 99.9=635, 99.99=3015] 
2024-01-12 10:04:23:275 50 sec: 151502 operations; 3199.2 current ops/sec; est completion in 28 minutes [INSERT: Count=31992, Max=3193, Min=19, Avg=309.8, 90=596, 99=610, 99.9=635, 99.99=2843] 
2024-01-12 10:04:33:275 60 sec: 183365 operations; 3186.3 current ops/sec; est completion in 27 minutes [INSERT: Count=31863, Max=5211, Min=21, Avg=311.21, 90=597, 99=613, 99.9=639, 99.99=3075] 
2024-01-12 10:04:43:275 70 sec: 215298 operations; 3193.3 current ops/sec; est completion in 27 minutes [INSERT: Count=31933, Max=5555, Min=21, Avg=310.54, 90=598, 99=613, 99.9=636, 99.99=2925] 
2024-01-12 10:04:53:275 80 sec: 247482 operations; 3218.4 current ops/sec; est completion in 26 minutes [INSERT: Count=32184, Max=5639, Min=20, Avg=308.11, 90=591, 99=609, 99.9=628, 99.99=2147] 
2024-01-12 10:05:03:275 90 sec: 280744 operations; 3326.2 current ops/sec; est completion in 26 minutes [INSERT: Count=33262, Max=2695, Min=18, Avg=298.33, 90=589, 99=607, 99.9=660, 99.99=2135] 
2024-01-12 10:05:13:275 100 sec: 312566 operations; 3182.2 current ops/sec; est completion in 26 minutes [INSERT: Count=31822, Max=5975, Min=21, Avg=311.48, 90=594, 99=621, 99.9=647, 99.99=3373] 
2024-01-12 10:05:23:275 110 sec: 347102 operations; 3453.6 current ops/sec; est completion in 25 minutes [INSERT: Count=34536, Max=6263, Min=18, Avg=287.29, 90=551, 99=588, 99.9=625, 99.99=2915] 
2024-01-12 10:05:33:275 120 sec: 381607 operations; 3450.5 current ops/sec; est completion in 25 minutes [INSERT: Count=34505, Max=5867, Min=19, Avg=287.55, 90=552, 99=598, 99.9=627, 99.99=799] 
2024-01-12 10:05:43:275 130 sec: 416888 operations; 3528.1 current ops/sec; est completion in 25 minutes [INSERT: Count=35281, Max=5647, Min=19, Avg=281.46, 90=542, 99=555, 99.9=591, 99.99=648] 
2024-01-12 10:05:53:275 140 sec: 450643 operations; 3375.5 current ops/sec; est completion in 24 minutes [INSERT: Count=33755, Max=6291, Min=19, Avg=293.85, 90=572, 99=617, 99.9=642, 99.99=3615] 
2024-01-12 10:06:03:275 150 sec: 484742 operations; 3409.9 current ops/sec; est completion in 24 minutes [INSERT: Count=34099, Max=7667, Min=19, Avg=290.7, 90=556, 99=569, 99.9=584, 99.99=4091] 
2024-01-12 10:06:13:275 160 sec: 518684 operations; 3394.2 current ops/sec; est completion in 24 minutes [INSERT: Count=33941, Max=5615, Min=20, Avg=292.31, 90=559, 99=607, 99.9=634, 99.99=912] 
2024-01-12 10:06:23:275 170 sec: 553460 operations; 3477.6 current ops/sec; est completion in 24 minutes [INSERT: Count=34777, Max=4971, Min=17, Avg=285.44, 90=559, 99=603, 99.9=629, 99.99=931] 
2024-01-12 10:06:33:275 180 sec: 588651 operations; 3519.1 current ops/sec; est completion in 23 minutes [INSERT: Count=35191, Max=5567, Min=16, Avg=282.11, 90=545, 99=587, 99.9=614, 99.99=722] 
2024-01-12 10:06:43:275 190 sec: 624979 operations; 3632.8 current ops/sec; est completion in 23 minutes [INSERT: Count=36328, Max=4771, Min=15, Avg=273.54, 90=532, 99=542, 99.9=555, 99.99=649] 
2024-01-12 10:06:53:275 200 sec: 660619 operations; 3564 current ops/sec; est completion in 23 minutes [INSERT: Count=35641, Max=2109, Min=18, Avg=278.62, 90=538, 99=551, 99.9=560, 99.99=608] 
2024-01-12 10:07:03:275 210 sec: 694046 operations; 3342.7 current ops/sec; est completion in 22 minutes [INSERT: Count=33425, Max=1517, Min=19, Avg=296.8, 90=585, 99=601, 99.9=622, 99.99=757] 
2024-01-12 10:07:13:275 220 sec: 726558 operations; 3251.2 current ops/sec; est completion in 22 minutes [INSERT: Count=32513, Max=730, Min=20, Avg=305, 90=587, 99=606, 99.9=622, 99.99=663] 
2024-01-12 10:07:23:275 230 sec: 759102 operations; 3254.4 current ops/sec; est completion in 22 minutes [INSERT: Count=32542, Max=1960, Min=20, Avg=304.72, 90=587, 99=606, 99.9=623, 99.99=757] 
2024-01-12 10:07:33:275 240 sec: 791630 operations; 3252.8 current ops/sec; est completion in 22 minutes [INSERT: Count=32530, Max=1451, Min=17, Avg=304.82, 90=587, 99=608, 99.9=624, 99.99=733] 
2024-01-12 10:07:43:275 250 sec: 824024 operations; 3239.4 current ops/sec; est completion in 22 minutes [INSERT: Count=32394, Max=1931, Min=20, Avg=306.14, 90=589, 99=610, 99.9=625, 99.99=662] 
2024-01-12 10:07:53:275 260 sec: 856451 operations; 3242.7 current ops/sec; est completion in 22 minutes [INSERT: Count=32427, Max=1605, Min=20, Avg=305.84, 90=589, 99=607, 99.9=623, 99.99=742] 
2024-01-12 10:08:03:275 270 sec: 888857 operations; 3240.6 current ops/sec; est completion in 22 minutes [INSERT: Count=32406, Max=737, Min=21, Avg=306, 90=589, 99=608, 99.9=627, 99.99=655] 
2024-01-12 10:08:13:275 280 sec: 921205 operations; 3234.8 current ops/sec; est completion in 21 minutes [INSERT: Count=32348, Max=1480, Min=17, Avg=306.58, 90=590, 99=609, 99.9=627, 99.99=682] 
2024-01-12 10:08:23:275 290 sec: 954413 operations; 3320.8 current ops/sec; est completion in 21 minutes [INSERT: Count=33207, Max=1466, Min=19, Avg=298.71, 90=588, 99=604, 99.9=627, 99.99=759] 
2024-01-12 10:08:33:275 300 sec: 987661 operations; 3324.8 current ops/sec; est completion in 21 minutes [INSERT: Count=33248, Max=1634, Min=19, Avg=298.41, 90=586, 99=600, 99.9=620, 99.99=750] 
2024-01-12 10:08:43:275 310 sec: 1020107 operations; 3244.6 current ops/sec; est completion in 21 minutes [INSERT: Count=32447, Max=2419, Min=20, Avg=305.62, 90=589, 99=605, 99.9=625, 99.99=718] 
2024-01-12 10:08:53:275 320 sec: 1052474 operations; 3236.7 current ops/sec; est completion in 21 minutes [INSERT: Count=32366, Max=792, Min=20, Avg=306.41, 90=590, 99=607, 99.9=625, 99.99=658] 
2024-01-12 10:09:03:275 330 sec: 1070545 operations; 1807.1 current ops/sec; est completion in 21 minutes [INSERT: Count=18070, Max=2587, Min=17, Avg=550.69, 90=1487, 99=2443, 99.9=2517, 99.99=2567] 
2024-01-12 10:09:13:275 340 sec: 1097507 operations; 2696.2 current ops/sec; est completion in 21 minutes [INSERT: Count=26964, Max=3175, Min=15, Avg=368.56, 90=588, 99=1681, 99.9=2457, 99.99=2879] 
2024-01-12 10:09:23:275 350 sec: 1133931 operations; 3642.4 current ops/sec; est completion in 21 minutes [INSERT: Count=36422, Max=8799, Min=15, Avg=272.82, 90=527, 99=575, 99.9=599, 99.99=7075] 
2024-01-12 10:09:33:275 360 sec: 1169544 operations; 3561.3 current ops/sec; est completion in 20 minutes [INSERT: Count=35615, Max=7231, Min=14, Avg=278.92, 90=559, 99=579, 99.9=602, 99.99=6043] 
2024-01-12 10:09:43:275 370 sec: 1206303 operations; 3675.9 current ops/sec; est completion in 20 minutes [INSERT: Count=36759, Max=6587, Min=15, Avg=270.42, 90=525, 99=533, 99.9=573, 99.99=4231] 
2024-01-12 10:09:53:275 380 sec: 1242614 operations; 3631.1 current ops/sec; est completion in 20 minutes [INSERT: Count=36311, Max=3465, Min=15, Avg=273.67, 90=531, 99=579, 99.9=594, 99.99=2679] 
2024-01-12 10:10:03:275 390 sec: 1277089 operations; 3447.5 current ops/sec; est completion in 20 minutes [INSERT: Count=34475, Max=3469, Min=16, Avg=287.87, 90=575, 99=587, 99.9=608, 99.99=3291] 
2024-01-12 10:10:13:275 400 sec: 1311204 operations; 3411.5 current ops/sec; est completion in 20 minutes [INSERT: Count=34115, Max=3301, Min=17, Avg=290.87, 90=578, 99=590, 99.9=611, 99.99=3017] 
2024-01-12 10:10:23:275 410 sec: 1344706 operations; 3350.2 current ops/sec; est completion in 19 minutes [INSERT: Count=33502, Max=3137, Min=18, Avg=296.12, 90=579, 99=592, 99.9=612, 99.99=2891] 
2024-01-12 10:10:33:275 420 sec: 1377921 operations; 3321.5 current ops/sec; est completion in 19 minutes [INSERT: Count=33215, Max=3163, Min=18, Avg=298.62, 90=580, 99=592, 99.9=613, 99.99=3045] 
2024-01-12 10:10:43:275 430 sec: 1410922 operations; 3300.1 current ops/sec; est completion in 19 minutes [INSERT: Count=33001, Max=3065, Min=18, Avg=300.51, 90=580, 99=593, 99.9=615, 99.99=2995] 
2024-01-12 10:10:53:275 440 sec: 1443970 operations; 3304.8 current ops/sec; est completion in 19 minutes [INSERT: Count=33048, Max=3109, Min=18, Avg=300.11, 90=581, 99=594, 99.9=618, 99.99=3035] 
2024-01-12 10:11:03:275 450 sec: 1478762 operations; 3479.2 current ops/sec; est completion in 19 minutes [INSERT: Count=34792, Max=3137, Min=16, Avg=285.32, 90=575, 99=587, 99.9=612, 99.99=2693] 
2024-01-12 10:11:13:275 460 sec: 1514629 operations; 3586.7 current ops/sec; est completion in 18 minutes [INSERT: Count=35866, Max=3171, Min=15, Avg=276.95, 90=534, 99=581, 99.9=656, 99.99=841] 
2024-01-12 10:11:23:275 470 sec: 1549117 operations; 3448.8 current ops/sec; est completion in 18 minutes [INSERT: Count=34487, Max=1843, Min=17, Avg=287.77, 90=576, 99=589, 99.9=612, 99.99=1488] 
2024-01-12 10:11:33:275 480 sec: 1582061 operations; 3294.4 current ops/sec; est completion in 18 minutes [INSERT: Count=32946, Max=2245, Min=18, Avg=301, 90=581, 99=601, 99.9=619, 99.99=1335] 
2024-01-12 10:11:43:275 490 sec: 1615243 operations; 3318.2 current ops/sec; est completion in 18 minutes [INSERT: Count=33182, Max=2527, Min=16, Avg=298.6, 90=576, 99=603, 99.9=629, 99.99=1918] 
2024-01-12 10:11:53:275 500 sec: 1648335 operations; 3309.2 current ops/sec; est completion in 18 minutes [INSERT: Count=33092, Max=2819, Min=17, Avg=299.4, 90=576, 99=604, 99.9=626, 99.99=1910] 
2024-01-12 10:12:03:275 510 sec: 1681782 operations; 3344.7 current ops/sec; est completion in 18 minutes [INSERT: Count=33445, Max=1610, Min=17, Avg=296.46, 90=574, 99=597, 99.9=613, 99.99=662] 
2024-01-12 10:12:13:275 520 sec: 1715137 operations; 3335.5 current ops/sec; est completion in 17 minutes [INSERT: Count=33357, Max=2543, Min=18, Avg=297.25, 90=575, 99=597, 99.9=617, 99.99=1988] 
2024-01-12 10:12:23:275 530 sec: 1747713 operations; 3257.6 current ops/sec; est completion in 17 minutes [INSERT: Count=32577, Max=3029, Min=17, Avg=303.91, 90=583, 99=609, 99.9=635, 99.99=2663] 
2024-01-12 10:12:33:275 540 sec: 1779938 operations; 3222.5 current ops/sec; est completion in 17 minutes [INSERT: Count=32224, Max=3493, Min=18, Avg=307.05, 90=593, 99=612, 99.9=636, 99.99=1039] 
2024-01-12 10:12:43:275 550 sec: 1812601 operations; 3266.3 current ops/sec; est completion in 17 minutes [INSERT: Count=32663, Max=2215, Min=19, Avg=303.57, 90=585, 99=608, 99.9=623, 99.99=831] 
2024-01-12 10:12:53:275 560 sec: 1845750 operations; 3314.9 current ops/sec; est completion in 17 minutes [INSERT: Count=33149, Max=2341, Min=18, Avg=299.17, 90=578, 99=598, 99.9=616, 99.99=790] 
2024-01-12 10:13:03:275 570 sec: 1878923 operations; 3317.3 current ops/sec; est completion in 17 minutes [INSERT: Count=33171, Max=1707, Min=18, Avg=299, 90=577, 99=594, 99.9=612, 99.99=752] 
2024-01-12 10:13:13:275 580 sec: 1912151 operations; 3322.8 current ops/sec; est completion in 16 minutes [INSERT: Count=33229, Max=2147, Min=18, Avg=298.48, 90=577, 99=592, 99.9=612, 99.99=652] 
2024-01-12 10:13:23:275 590 sec: 1945428 operations; 3327.7 current ops/sec; est completion in 16 minutes [INSERT: Count=33276, Max=703, Min=17, Avg=298.07, 90=577, 99=594, 99.9=611, 99.99=687] 
2024-01-12 10:13:33:275 600 sec: 1978642 operations; 3321.4 current ops/sec; est completion in 16 minutes [INSERT: Count=33215, Max=2075, Min=18, Avg=298.61, 90=577, 99=593, 99.9=611, 99.99=764] 
2024-01-12 10:13:43:275 610 sec: 2011848 operations; 3320.6 current ops/sec; est completion in 16 minutes [INSERT: Count=33206, Max=2121, Min=19, Avg=298.72, 90=578, 99=594, 99.9=615, 99.99=715] 
2024-01-12 10:13:53:275 620 sec: 2044730 operations; 3288.2 current ops/sec; est completion in 16 minutes [INSERT: Count=32883, Max=2139, Min=19, Avg=301.64, 90=583, 99=601, 99.9=624, 99.99=831] 
2024-01-12 10:14:03:275 630 sec: 2077905 operations; 3317.5 current ops/sec; est completion in 16 minutes [INSERT: Count=33173, Max=2219, Min=18, Avg=298.99, 90=578, 99=593, 99.9=620, 99.99=728] 
2024-01-12 10:14:13:275 640 sec: 2110859 operations; 3295.4 current ops/sec; est completion in 15 minutes [INSERT: Count=32954, Max=1596, Min=18, Avg=301.01, 90=582, 99=598, 99.9=618, 99.99=749] 
2024-01-12 10:14:23:275 650 sec: 2125071 operations; 1421.2 current ops/sec; est completion in 15 minutes [INSERT: Count=14214, Max=2579, Min=15, Avg=700.03, 90=1555, 99=2473, 99.9=2537, 99.99=2567] 
2024-01-12 10:14:33:275 660 sec: 2145480 operations; 2040.9 current ops/sec; est completion in 15 minutes [INSERT: Count=20407, Max=5775, Min=15, Avg=486.9, 90=1426, 99=2002, 99.9=2429, 99.99=2781] 
2024-01-12 10:14:43:275 670 sec: 2169881 operations; 2440.1 current ops/sec; est completion in 15 minutes [INSERT: Count=24402, Max=2595, Min=15, Avg=407.37, 90=976, 99=1911, 99.9=2203, 99.99=2575] 
2024-01-12 10:14:53:275 680 sec: 2195823 operations; 2594.2 current ops/sec; est completion in 15 minutes [INSERT: Count=25943, Max=2221, Min=14, Avg=383.33, 90=965, 99=1640, 99.9=2053, 99.99=2123] 
2024-01-12 10:15:03:275 690 sec: 2222345 operations; 2652.2 current ops/sec; est completion in 15 minutes [INSERT: Count=26522, Max=2169, Min=15, Avg=374.99, 90=905, 99=1630, 99.9=2040, 99.99=2127] 
2024-01-12 10:15:13:275 700 sec: 2249107 operations; 2676.47 current ops/sec; est completion in 15 minutes [INSERT: Count=26761, Max=3371, Min=16, Avg=371.63, 90=881, 99=1643, 99.9=2040, 99.99=2135] 
2024-01-12 10:15:23:275 710 sec: 2281248 operations; 3213.78 current ops/sec; est completion in 15 minutes [INSERT: Count=32142, Max=2099, Min=17, Avg=308.81, 90=577, 99=1149, 99.9=1832, 99.99=2077] 
2024-01-12 10:15:33:275 720 sec: 2314540 operations; 3329.2 current ops/sec; est completion in 15 minutes [INSERT: Count=33291, Max=1488, Min=18, Avg=297.89, 90=577, 99=591, 99.9=610, 99.99=717] 
2024-01-12 10:15:43:275 730 sec: 2347740 operations; 3320 current ops/sec; est completion in 15 minutes [INSERT: Count=33199, Max=4307, Min=18, Avg=298.73, 90=577, 99=590, 99.9=613, 99.99=3039] 
2024-01-12 10:15:53:275 740 sec: 2382326 operations; 3458.6 current ops/sec; est completion in 14 minutes [INSERT: Count=34586, Max=7719, Min=16, Avg=287.07, 90=575, 99=586, 99.9=610, 99.99=6823] 
2024-01-12 10:16:03:275 750 sec: 2416899 operations; 3457.3 current ops/sec; est completion in 14 minutes [INSERT: Count=34574, Max=6583, Min=15, Avg=287.13, 90=576, 99=587, 99.9=614, 99.99=4607] 
2024-01-12 10:16:13:275 760 sec: 2450895 operations; 3399.6 current ops/sec; est completion in 14 minutes [INSERT: Count=33995, Max=3963, Min=16, Avg=291.91, 90=577, 99=590, 99.9=614, 99.99=3465] 
2024-01-12 10:16:23:275 770 sec: 2483941 operations; 3304.6 current ops/sec; est completion in 14 minutes [INSERT: Count=33046, Max=10711, Min=18, Avg=300.11, 90=578, 99=591, 99.9=614, 99.99=3321] 
2024-01-12 10:16:33:275 780 sec: 2517000 operations; 3305.9 current ops/sec; est completion in 14 minutes [INSERT: Count=33060, Max=3327, Min=18, Avg=300.01, 90=578, 99=592, 99.9=613, 99.99=3227] 
2024-01-12 10:16:43:275 790 sec: 2550033 operations; 3303.3 current ops/sec; est completion in 13 minutes [INSERT: Count=33034, Max=3407, Min=18, Avg=300.2, 90=579, 99=593, 99.9=616, 99.99=3241] 
2024-01-12 10:16:53:275 800 sec: 2583107 operations; 3307.4 current ops/sec; est completion in 13 minutes [INSERT: Count=33072, Max=3465, Min=18, Avg=299.85, 90=578, 99=592, 99.9=616, 99.99=2939] 
2024-01-12 10:17:03:275 810 sec: 2616183 operations; 3307.6 current ops/sec; est completion in 13 minutes [INSERT: Count=33076, Max=3653, Min=19, Avg=299.85, 90=578, 99=592, 99.9=611, 99.99=3327] 
2024-01-12 10:17:13:275 820 sec: 2649445 operations; 3326.2 current ops/sec; est completion in 13 minutes [INSERT: Count=33264, Max=3257, Min=15, Avg=298.17, 90=577, 99=591, 99.9=612, 99.99=3001] 
2024-01-12 10:17:23:275 830 sec: 2683016 operations; 3357.1 current ops/sec; est completion in 13 minutes [INSERT: Count=33569, Max=16359, Min=16, Avg=295.41, 90=573, 99=585, 99.9=609, 99.99=3301] 
2024-01-12 10:17:33:275 840 sec: 2716547 operations; 3353.1 current ops/sec; est completion in 13 minutes [INSERT: Count=33531, Max=3111, Min=16, Avg=295.74, 90=574, 99=586, 99.9=609, 99.99=2895] 
2024-01-12 10:17:43:275 850 sec: 2749946 operations; 3339.9 current ops/sec; est completion in 12 minutes [INSERT: Count=33399, Max=3169, Min=17, Avg=296.88, 90=575, 99=588, 99.9=610, 99.99=2977] 
2024-01-12 10:17:53:275 860 sec: 2784257 operations; 3431.1 current ops/sec; est completion in 12 minutes [INSERT: Count=34313, Max=3149, Min=16, Avg=289.19, 90=575, 99=586, 99.9=612, 99.99=2943] 
2024-01-12 10:18:03:275 870 sec: 2821306 operations; 3704.9 current ops/sec; est completion in 12 minutes [INSERT: Count=37047, Max=3161, Min=14, Avg=268.28, 90=522, 99=530, 99.9=539, 99.99=2673] 
2024-01-12 10:18:13:275 880 sec: 2858365 operations; 3705.9 current ops/sec; est completion in 12 minutes [INSERT: Count=37059, Max=2641, Min=14, Avg=268.21, 90=522, 99=530, 99.9=540, 99.99=1088] 
2024-01-12 10:18:23:275 890 sec: 2895266 operations; 3690.1 current ops/sec; est completion in 12 minutes [INSERT: Count=36901, Max=2151, Min=15, Avg=269.33, 90=524, 99=536, 99.9=547, 99.99=1511] 
2024-01-12 10:18:33:275 900 sec: 2931847 operations; 3658.1 current ops/sec; est completion in 11 minutes [INSERT: Count=36583, Max=1888, Min=15, Avg=271.54, 90=529, 99=539, 99.9=553, 99.99=1636] 
2024-01-12 10:18:43:275 910 sec: 2968494 operations; 3664.7 current ops/sec; est completion in 11 minutes [INSERT: Count=36645, Max=1787, Min=15, Avg=271.09, 90=527, 99=539, 99.9=549, 99.99=632] 
2024-01-12 10:18:53:275 920 sec: 3005365 operations; 3687.1 current ops/sec; est completion in 11 minutes [INSERT: Count=36871, Max=2187, Min=15, Avg=269.55, 90=524, 99=535, 99.9=545, 99.99=663] 
2024-01-12 10:19:03:277 930 sec: 3041710 operations; 3634.5 current ops/sec; est completion in 11 minutes [INSERT: Count=36347, Max=2859, Min=15, Avg=273.3, 90=533, 99=542, 99.9=555, 99.99=2539] 
2024-01-12 10:19:13:275 940 sec: 3077606 operations; 3589.6 current ops/sec; est completion in 11 minutes [INSERT: Count=35896, Max=3345, Min=15, Avg=276.41, 90=536, 99=545, 99.9=558, 99.99=922] 
2024-01-12 10:19:23:275 950 sec: 3114173 operations; 3656.7 current ops/sec; est completion in 10 minutes [INSERT: Count=36565, Max=1529, Min=15, Avg=271.76, 90=528, 99=539, 99.9=550, 99.99=698] 
2024-01-12 10:19:33:275 960 sec: 3150753 operations; 3658 current ops/sec; est completion in 10 minutes [INSERT: Count=36580, Max=1574, Min=15, Avg=271.73, 90=529, 99=538, 99.9=548, 99.99=623] 
2024-01-12 10:19:43:275 970 sec: 3177032 operations; 2627.9 current ops/sec; est completion in 10 minutes [INSERT: Count=26279, Max=2499, Min=15, Avg=378.58, 90=989, 99=1780, 99.9=2457, 99.99=2483] 
2024-01-12 10:19:53:275 980 sec: 3194895 operations; 1786.3 current ops/sec; est completion in 10 minutes [INSERT: Count=17863, Max=3055, Min=15, Avg=557.37, 90=1572, 99=2375, 99.9=2459, 99.99=2483] 
2024-01-12 10:20:03:275 990 sec: 3221687 operations; 2679.2 current ops/sec; est completion in 10 minutes [INSERT: Count=26792, Max=1784, Min=14, Avg=371.43, 90=965, 99=1490, 99.9=1639, 99.99=1728] 
2024-01-12 10:20:13:275 1000 sec: 3247753 operations; 2606.6 current ops/sec; est completion in 10 minutes [INSERT: Count=26066, Max=1760, Min=14, Avg=381.68, 90=940, 99=1548, 99.9=1688, 99.99=1727] 
2024-01-12 10:20:23:275 1010 sec: 3274385 operations; 2663.2 current ops/sec; est completion in 10 minutes [INSERT: Count=26632, Max=1829, Min=15, Avg=373.5, 90=909, 99=1490, 99.9=1687, 99.99=1786] 
2024-01-12 10:20:33:275 1020 sec: 3301017 operations; 2663.2 current ops/sec; est completion in 10 minutes [INSERT: Count=26634, Max=2119, Min=15, Avg=373.49, 90=903, 99=1498, 99.9=1708, 99.99=1794] 
2024-01-12 10:20:43:275 1030 sec: 3331626 operations; 3060.9 current ops/sec; est completion in 9 minutes [INSERT: Count=30607, Max=2125, Min=16, Avg=324.81, 90=627, 99=1428, 99.9=1677, 99.99=1750] 
2024-01-12 10:20:53:275 1040 sec: 3366727 operations; 3510.1 current ops/sec; est completion in 9 minutes [INSERT: Count=35103, Max=1918, Min=15, Avg=282.89, 90=572, 99=584, 99.9=607, 99.99=648] 
2024-01-12 10:21:03:275 1050 sec: 3399997 operations; 3327 current ops/sec; est completion in 9 minutes [INSERT: Count=33268, Max=638, Min=18, Avg=298.13, 90=577, 99=592, 99.9=611, 99.99=633] 
2024-01-12 10:21:13:275 1060 sec: 3433360 operations; 3336.3 current ops/sec; est completion in 9 minutes [INSERT: Count=33365, Max=1959, Min=18, Avg=297.29, 90=577, 99=593, 99.9=614, 99.99=739] 
2024-01-12 10:21:23:275 1070 sec: 3470197 operations; 3683.7 current ops/sec; est completion in 9 minutes [INSERT: Count=36837, Max=1982, Min=15, Avg=269.84, 90=525, 99=532, 99.9=542, 99.99=603] 
2024-01-12 10:21:33:275 1080 sec: 3507075 operations; 3687.8 current ops/sec; est completion in 8 minutes [INSERT: Count=36878, Max=2157, Min=15, Avg=269.55, 90=525, 99=531, 99.9=541, 99.99=596] 
2024-01-12 10:21:43:275 1090 sec: 3543875 operations; 3680 current ops/sec; est completion in 8 minutes [INSERT: Count=36798, Max=2195, Min=15, Avg=270.11, 90=526, 99=533, 99.9=543, 99.99=577] 
2024-01-12 10:21:53:275 1100 sec: 3580706 operations; 3683.1 current ops/sec; est completion in 8 minutes [INSERT: Count=36831, Max=1527, Min=16, Avg=269.88, 90=525, 99=532, 99.9=542, 99.99=594] 
2024-01-12 10:22:03:275 1110 sec: 3617514 operations; 3680.8 current ops/sec; est completion in 8 minutes [INSERT: Count=36808, Max=2085, Min=14, Avg=270.06, 90=525, 99=533, 99.9=543, 99.99=619] 
2024-01-12 10:22:13:275 1120 sec: 3653982 operations; 3646.8 current ops/sec; est completion in 8 minutes [INSERT: Count=36468, Max=1894, Min=15, Avg=272.53, 90=526, 99=576, 99.9=594, 99.99=692] 
2024-01-12 10:22:23:275 1130 sec: 3689608 operations; 3562.6 current ops/sec; est completion in 7 minutes [INSERT: Count=35626, Max=862, Min=15, Avg=278.82, 90=557, 99=583, 99.9=606, 99.99=688] 
2024-01-12 10:22:33:275 1140 sec: 3723873 operations; 3426.5 current ops/sec; est completion in 7 minutes [INSERT: Count=34265, Max=42015, Min=14, Avg=289.57, 90=571, 99=585, 99.9=610, 99.99=823] 
2024-01-12 10:22:43:275 1150 sec: 3757844 operations; 3397.1 current ops/sec; est completion in 7 minutes [INSERT: Count=33971, Max=3327, Min=15, Avg=292.01, 90=573, 99=584, 99.9=607, 99.99=1638] 
2024-01-12 10:22:53:275 1160 sec: 3791259 operations; 3341.5 current ops/sec; est completion in 7 minutes [INSERT: Count=33416, Max=8575, Min=15, Avg=296.79, 90=575, 99=589, 99.9=614, 99.99=7347] 
2024-01-12 10:23:03:275 1170 sec: 3826780 operations; 3552.1 current ops/sec; est completion in 7 minutes [INSERT: Count=35522, Max=16063, Min=14, Avg=279.6, 90=567, 99=579, 99.9=606, 99.99=6459] 
2024-01-12 10:23:13:275 1180 sec: 3861902 operations; 3512.2 current ops/sec; est completion in 7 minutes [INSERT: Count=35122, Max=3787, Min=15, Avg=282.67, 90=573, 99=582, 99.9=609, 99.99=3217] 
2024-01-12 10:23:23:275 1190 sec: 3895216 operations; 3331.4 current ops/sec; est completion in 6 minutes [INSERT: Count=33314, Max=3417, Min=18, Avg=297.74, 90=576, 99=589, 99.9=611, 99.99=3245] 
2024-01-12 10:23:33:275 1200 sec: 3928476 operations; 3326 current ops/sec; est completion in 6 minutes [INSERT: Count=33258, Max=3573, Min=17, Avg=298.19, 90=576, 99=590, 99.9=615, 99.99=3145] 
2024-01-12 10:23:43:275 1210 sec: 3961632 operations; 3315.6 current ops/sec; est completion in 6 minutes [INSERT: Count=33156, Max=3361, Min=18, Avg=299.14, 90=577, 99=592, 99.9=615, 99.99=3227] 
2024-01-12 10:23:53:275 1220 sec: 3996121 operations; 3448.9 current ops/sec; est completion in 6 minutes [INSERT: Count=34491, Max=3395, Min=15, Avg=287.81, 90=575, 99=588, 99.9=611, 99.99=3249] 
2024-01-12 10:24:03:275 1230 sec: 4030687 operations; 3456.6 current ops/sec; est completion in 6 minutes [INSERT: Count=34564, Max=3325, Min=15, Avg=287.19, 90=575, 99=587, 99.9=612, 99.99=3197] 
2024-01-12 10:24:13:275 1240 sec: 4063809 operations; 3312.2 current ops/sec; est completion in 6 minutes [INSERT: Count=33122, Max=3179, Min=18, Avg=299.42, 90=578, 99=594, 99.9=619, 99.99=2997] 
2024-01-12 10:24:23:275 1250 sec: 4096875 operations; 3306.6 current ops/sec; est completion in 5 minutes [INSERT: Count=33066, Max=3197, Min=19, Avg=299.95, 90=578, 99=594, 99.9=615, 99.99=3153] 
2024-01-12 10:24:33:275 1260 sec: 4129993 operations; 3311.8 current ops/sec; est completion in 5 minutes [INSERT: Count=33120, Max=3051, Min=18, Avg=299.46, 90=579, 99=592, 99.9=616, 99.99=2555] 
2024-01-12 10:24:43:276 1270 sec: 4162975 operations; 3298.2 current ops/sec; est completion in 5 minutes [INSERT: Count=32981, Max=2233, Min=18, Avg=300.62, 90=579, 99=604, 99.9=626, 99.99=1826] 
2024-01-12 10:24:53:275 1280 sec: 4195384 operations; 3240.9 current ops/sec; est completion in 5 minutes [INSERT: Count=32409, Max=3075, Min=18, Avg=305.61, 90=586, 99=611, 99.9=637, 99.99=1642] 
2024-01-12 10:25:03:275 1290 sec: 4226569 operations; 3118.5 current ops/sec; est completion in 5 minutes [INSERT: Count=31187, Max=45503, Min=14, Avg=318.71, 90=538, 99=1501, 99.9=2423, 99.99=2495] 
2024-01-12 10:25:13:275 1300 sec: 4242284 operations; 1571.5 current ops/sec; est completion in 5 minutes [INSERT: Count=15714, Max=5419, Min=15, Avg=633.15, 90=1476, 99=2409, 99.9=2469, 99.99=3717] 
2024-01-12 10:25:23:275 1310 sec: 4265795 operations; 2351.1 current ops/sec; est completion in 5 minutes [INSERT: Count=23510, Max=5911, Min=16, Avg=422.54, 90=1001, 99=1658, 99.9=2167, 99.99=2495] 
2024-01-12 10:25:33:275 1320 sec: 4290356 operations; 2456.1 current ops/sec; est completion in 4 minutes [INSERT: Count=24562, Max=2175, Min=15, Avg=404.97, 90=980, 99=1850, 99.9=2005, 99.99=2113] 
2024-01-12 10:25:43:275 1330 sec: 4312795 operations; 2243.9 current ops/sec; est completion in 4 minutes [INSERT: Count=22439, Max=2661, Min=15, Avg=443.18, 90=1348, 99=2335, 99.9=2543, 99.99=2631] 
2024-01-12 10:25:53:275 1340 sec: 4335488 operations; 2269.3 current ops/sec; est completion in 4 minutes [INSERT: Count=22691, Max=3321, Min=15, Avg=438.31, 90=1348, 99=2415, 99.9=2541, 99.99=2633] 
2024-01-12 10:26:03:275 1350 sec: 4357907 operations; 2241.9 current ops/sec; est completion in 4 minutes [INSERT: Count=22421, Max=3135, Min=18, Avg=443.19, 90=1167, 99=2433, 99.9=2547, 99.99=2611] 
2024-01-12 10:26:13:275 1360 sec: 4378922 operations; 2101.5 current ops/sec; est completion in 4 minutes [INSERT: Count=21015, Max=2755, Min=16, Avg=473.19, 90=1186, 99=2435, 99.9=2567, 99.99=2643] 
2024-01-12 10:26:23:275 1370 sec: 4405202 operations; 2628 current ops/sec; est completion in 4 minutes [INSERT: Count=26278, Max=3109, Min=16, Avg=378.49, 90=641, 99=2349, 99.9=2531, 99.99=2593] 
2024-01-12 10:26:33:275 1380 sec: 4442089 operations; 3688.7 current ops/sec; est completion in 4 minutes [INSERT: Count=36889, Max=2049, Min=15, Avg=269.47, 90=524, 99=532, 99.9=542, 99.99=629] 
2024-01-12 10:26:43:275 1390 sec: 4478980 operations; 3689.1 current ops/sec; est completion in 3 minutes [INSERT: Count=36889, Max=2011, Min=15, Avg=269.47, 90=524, 99=532, 99.9=542, 99.99=570] 
2024-01-12 10:26:53:275 1400 sec: 4515723 operations; 3674.3 current ops/sec; est completion in 3 minutes [INSERT: Count=36743, Max=2169, Min=15, Avg=270.51, 90=527, 99=534, 99.9=544, 99.99=621] 
2024-01-12 10:27:03:275 1410 sec: 4552582 operations; 3685.9 current ops/sec; est completion in 3 minutes [INSERT: Count=36861, Max=1455, Min=15, Avg=269.67, 90=525, 99=532, 99.9=542, 99.99=625] 
2024-01-12 10:27:13:275 1420 sec: 4589342 operations; 3676 current ops/sec; est completion in 3 minutes [INSERT: Count=36758, Max=1911, Min=14, Avg=270.43, 90=526, 99=534, 99.9=543, 99.99=585] 
2024-01-12 10:27:23:275 1430 sec: 4626178 operations; 3683.6 current ops/sec; est completion in 3 minutes [INSERT: Count=36836, Max=2069, Min=16, Avg=269.85, 90=525, 99=532, 99.9=542, 99.99=640] 
2024-01-12 10:27:33:275 1440 sec: 4661490 operations; 3531.2 current ops/sec; est completion in 3 minutes [INSERT: Count=35312, Max=2861, Min=15, Avg=281.19, 90=571, 99=582, 99.9=604, 99.99=687] 
2024-01-12 10:27:43:275 1450 sec: 4694729 operations; 3323.9 current ops/sec; est completion in 2 minutes [INSERT: Count=33242, Max=7135, Min=16, Avg=298.36, 90=576, 99=590, 99.9=611, 99.99=6651] 
2024-01-12 10:27:53:275 1460 sec: 4727945 operations; 3321.6 current ops/sec; est completion in 2 minutes [INSERT: Count=33215, Max=6891, Min=16, Avg=298.58, 90=576, 99=590, 99.9=614, 99.99=5499] 
2024-01-12 10:28:03:275 1470 sec: 4761237 operations; 3329.2 current ops/sec; est completion in 2 minutes [INSERT: Count=33290, Max=42527, Min=14, Avg=297.94, 90=575, 99=590, 99.9=618, 99.99=3435] 
2024-01-12 10:28:13:275 1480 sec: 4794813 operations; 3357.6 current ops/sec; est completion in 2 minutes [INSERT: Count=33576, Max=3309, Min=15, Avg=295.39, 90=573, 99=587, 99.9=611, 99.99=3263] 
2024-01-12 10:28:23:275 1490 sec: 4828406 operations; 3359.3 current ops/sec; est completion in 2 minutes [INSERT: Count=33593, Max=3257, Min=16, Avg=295.22, 90=573, 99=586, 99.9=610, 99.99=3159] 
2024-01-12 10:28:33:275 1500 sec: 4861979 operations; 3357.3 current ops/sec; est completion in 1 minute [INSERT: Count=33573, Max=7823, Min=15, Avg=295.4, 90=572, 99=586, 99.9=616, 99.99=3179] 
2024-01-12 10:28:43:275 1510 sec: 4895441 operations; 3346.2 current ops/sec; est completion in 1 minute [INSERT: Count=33462, Max=3367, Min=16, Avg=296.38, 90=573, 99=588, 99.9=611, 99.99=3311] 
2024-01-12 10:28:53:275 1520 sec: 4928971 operations; 3353 current ops/sec; est completion in 1 minute [INSERT: Count=33531, Max=3369, Min=15, Avg=295.76, 90=573, 99=587, 99.9=612, 99.99=3307] 
2024-01-12 10:29:03:275 1530 sec: 4962486 operations; 3351.5 current ops/sec; est completion in 1 minute [INSERT: Count=33514, Max=3229, Min=15, Avg=295.93, 90=573, 99=588, 99.9=616, 99.99=3061] 
2024-01-12 10:29:13:275 1540 sec: 4996035 operations; 3354.9 current ops/sec; est completion in 1 minute [INSERT: Count=33551, Max=3173, Min=15, Avg=295.64, 90=574, 99=588, 99.9=611, 99.99=3071] 
2024-01-12 10:29:23:275 1550 sec: 5029464 operations; 3342.9 current ops/sec; est completion in 1 minute [INSERT: Count=33428, Max=2987, Min=16, Avg=296.62, 90=574, 99=598, 99.9=651, 99.99=1753] 
2024-01-12 10:29:33:275 1560 sec: 5062186 operations; 3272.2 current ops/sec; est completion in 56 seconds [INSERT: Count=32723, Max=1992, Min=16, Avg=302.77, 90=584, 99=609, 99.9=635, 99.99=1655] 
2024-01-12 10:29:43:275 1570 sec: 5095211 operations; 3302.5 current ops/sec; est completion in 46 seconds [INSERT: Count=33025, Max=2633, Min=16, Avg=300.05, 90=578, 99=606, 99.9=633, 99.99=2177] 
2024-01-12 10:29:53:275 1580 sec: 5129899 operations; 3468.8 current ops/sec; est completion in 35 seconds [INSERT: Count=34687, Max=2953, Min=17, Avg=285.88, 90=549, 99=602, 99.9=626, 99.99=2495] 
2024-01-12 10:30:03:275 1590 sec: 5163090 operations; 3319.1 current ops/sec; est completion in 25 seconds [INSERT: Count=33192, Max=2229, Min=16, Avg=298.65, 90=579, 99=606, 99.9=626, 99.99=804] 
2024-01-12 10:30:13:275 1600 sec: 5196412 operations; 3332.2 current ops/sec; est completion in 15 seconds [INSERT: Count=33322, Max=1746, Min=17, Avg=297.63, 90=576, 99=594, 99.9=613, 99.99=759] 
2024-01-12 10:30:23:275 1610 sec: 5230549 operations; 3413.7 current ops/sec; est completion in 4 second [INSERT: Count=34135, Max=1784, Min=16, Avg=290.71, 90=574, 99=589, 99.9=610, 99.99=769] 
2024-01-12 10:30:26:831 1613 sec: 5242880 operations; 3467.66 current ops/sec; [CLEANUP: Count=1, Max=62591, Min=62560, Avg=62576, 90=62591, 99=62591, 99.9=62591, 99.99=62591] [INSERT: Count=12331, Max=794, Min=17, Avg=281.27, 90=568, 99=583, 99.9=602, 99.99=703] 
