[WARN]  Running against a source checkout. In order to get our runtime dependencies we'll have to invoke Maven. Depending on the state of your system, this may take ~30-45 seconds
[DEBUG]  Running 'mvn -pl site.ycsb:rocksdb-binding -am package -DskipTests dependency:build-classpath -DincludeScope=compile -Dmdep.outputFilterFile=true'
java -cp /home/user/src/rocksdb-cheops-2024/ycsb/rocksdb/conf:/home/user/src/rocksdb-cheops-2024/ycsb/rocksdb/target/rocksdb-binding-0.18.0-SNAPSHOT.jar:/root/.m2/repository/org/apache/htrace/htrace-core4/4.1.0-incubating/htrace-core4-4.1.0-incubating.jar:/root/.m2/repository/org/slf4j/slf4j-api/1.7.25/slf4j-api-1.7.25.jar:/home/user/src/rocksdb-cheops-2024/rocksdb-ycsb/java/target/rocksdbjni-7.4.3-linux64.jar:/root/.m2/repository/net/jcip/jcip-annotations/1.0/jcip-annotations-1.0.jar:/root/.m2/repository/org/hdrhistogram/HdrHistogram/2.1.4/HdrHistogram-2.1.4.jar:/root/.m2/repository/org/codehaus/jackson/jackson-mapper-asl/1.9.4/jackson-mapper-asl-1.9.4.jar:/lib/libzbd.so.1:/root/.m2/repository/org/codehaus/jackson/jackson-core-asl/1.9.4/jackson-core-asl-1.9.4.jar:/home/user/src/rocksdb-cheops-2024/rocksdb-ycsb/java/target/librocksdbjni-linux64.so:/home/user/src/rocksdb-cheops-2024/ycsb/core/target/core-0.18.0-SNAPSHOT.jar site.ycsb.Client -db site.ycsb.db.rocksdb.RocksDBClient -s -P ./workloads/workloade -p recordcount=5242880 -p operationcount=1000000 -p fieldlength=386 -p fieldcount=10 -load
Command line: -db site.ycsb.db.rocksdb.RocksDBClient -s -P ./workloads/workloade -p recordcount=5242880 -p operationcount=1000000 -p fieldlength=386 -p fieldcount=10 -load
YCSB Client 0.18.0-SNAPSHOT

Loading workload...
Starting test.
SLF4J: Failed to load class "org.slf4j.impl.StaticLoggerBinder".
SLF4J: Defaulting to no-operation (NOP) logger implementation
SLF4J: See http://www.slf4j.org/codes.html#StaticLoggerBinder for further details.
2024-01-13 03:40:51:113 0 sec: 0 operations; est completion in 0 second 
Leet YCSB 
DBWrapper: report latency for each error is false and specific error codes to track for latency are: []
2024-01-13 03:41:01:074 10 sec: 12343 operations; 1234.3 current ops/sec; est completion in 1 hour 10 minutes [INSERT: Count=12347, Max=12399, Min=25, Avg=590.01, 90=620, 99=656, 99.9=819, 99.99=3087] 
2024-01-13 03:41:11:073 20 sec: 29843 operations; 1750 current ops/sec; est completion in 58 minutes [INSERT: Count=17497, Max=5891, Min=33, Avg=565.92, 90=615, 99=652, 99.9=768, 99.99=4727] 
2024-01-13 03:41:21:073 30 sec: 47707 operations; 1786.4 current ops/sec; est completion in 54 minutes [INSERT: Count=17864, Max=6155, Min=22, Avg=555.35, 90=609, 99=662, 99.9=865, 99.99=3707] 
2024-01-13 03:41:31:073 40 sec: 66495 operations; 1878.8 current ops/sec; est completion in 51 minutes [INSERT: Count=18789, Max=4779, Min=19, Avg=529.61, 90=537, 99=551, 99.9=626, 99.99=3195] 
2024-01-13 03:41:41:073 50 sec: 85296 operations; 1880.1 current ops/sec; est completion in 50 minutes [INSERT: Count=18800, Max=5199, Min=20, Avg=529.74, 90=537, 99=549, 99.9=608, 99.99=3219] 
2024-01-13 03:41:51:073 60 sec: 104098 operations; 1880.2 current ops/sec; est completion in 49 minutes [INSERT: Count=18802, Max=4903, Min=21, Avg=529.73, 90=538, 99=549, 99.9=570, 99.99=3247] 
2024-01-13 03:42:01:073 70 sec: 122738 operations; 1864 current ops/sec; est completion in 48 minutes [INSERT: Count=18640, Max=5303, Min=21, Avg=534.25, 90=545, 99=603, 99.9=693, 99.99=3079] 
2024-01-13 03:42:11:073 80 sec: 139844 operations; 1710.6 current ops/sec; est completion in 48 minutes [INSERT: Count=17106, Max=5695, Min=24, Avg=581.51, 90=605, 99=628, 99.9=2165, 99.99=3419] 
2024-01-13 03:42:21:073 90 sec: 157014 operations; 1717 current ops/sec; est completion in 48 minutes [INSERT: Count=17170, Max=3437, Min=23, Avg=579.3, 90=605, 99=629, 99.9=778, 99.99=3321] 
2024-01-13 03:42:31:073 100 sec: 174254 operations; 1724 current ops/sec; est completion in 48 minutes [INSERT: Count=17240, Max=5599, Min=25, Avg=577.07, 90=604, 99=626, 99.9=742, 99.99=5135] 
2024-01-13 03:42:41:073 110 sec: 192747 operations; 1849.3 current ops/sec; est completion in 48 minutes [INSERT: Count=18493, Max=5075, Min=20, Avg=538.58, 90=570, 99=607, 99.9=659, 99.99=3315] 
2024-01-13 03:42:51:073 120 sec: 210722 operations; 1797.5 current ops/sec; est completion in 47 minutes [INSERT: Count=17975, Max=5431, Min=22, Avg=553.83, 90=599, 99=619, 99.9=758, 99.99=3259] 
2024-01-13 03:43:01:108 130 sec: 228853 operations; 1811.83 current ops/sec; est completion in 47 minutes [INSERT: Count=18158, Max=11727, Min=22, Avg=550.49, 90=597, 99=617, 99.9=1845, 99.99=4759] 
2024-01-13 03:43:11:078 140 sec: 246525 operations; 1768.08 current ops/sec; est completion in 47 minutes [INSERT: Count=17645, Max=162687, Min=23, Avg=561.15, 90=558, 99=653, 99.9=2713, 99.99=4423] 
2024-01-13 03:43:21:081 150 sec: 262356 operations; 1582.78 current ops/sec; est completion in 47 minutes [INSERT: Count=15836, Max=9103, Min=28, Avg=623.42, 90=633, 99=1918, 99.9=3129, 99.99=6923] 
2024-01-13 03:43:31:075 160 sec: 275881 operations; 1353.04 current ops/sec; est completion in 48 minutes [INSERT: Count=13520, Max=13127, Min=23, Avg=732.03, 90=665, 99=2065, 99.9=4379, 99.99=12863] 
2024-01-13 03:43:41:076 170 sec: 291099 operations; 1521.8 current ops/sec; est completion in 48 minutes [INSERT: Count=15218, Max=12847, Min=29, Avg=651.85, 90=642, 99=1980, 99.9=3175, 99.99=4327] 
2024-01-13 03:43:51:076 180 sec: 307678 operations; 1657.73 current ops/sec; est completion in 48 minutes [INSERT: Count=16580, Max=3373, Min=28, Avg=599.29, 90=632, 99=663, 99.9=2012, 99.99=3193] 
2024-01-13 03:44:01:073 190 sec: 324629 operations; 1695.27 current ops/sec; est completion in 47 minutes [INSERT: Count=16950, Max=2231, Min=27, Avg=586.48, 90=615, 99=643, 99.9=1983, 99.99=2175] 
2024-01-13 03:44:11:073 200 sec: 341262 operations; 1663.3 current ops/sec; est completion in 47 minutes [INSERT: Count=16633, Max=14479, Min=25, Avg=598.01, 90=615, 99=1789, 99.9=2095, 99.99=4351] 
2024-01-13 03:44:21:073 210 sec: 359982 operations; 1872 current ops/sec; est completion in 47 minutes [INSERT: Count=18720, Max=760, Min=20, Avg=532.16, 90=544, 99=557, 99.9=570, 99.99=706] 
2024-01-13 03:44:31:073 220 sec: 378710 operations; 1872.8 current ops/sec; est completion in 47 minutes [INSERT: Count=18728, Max=4743, Min=23, Avg=531.92, 90=543, 99=555, 99.9=567, 99.99=647] 
2024-01-13 03:44:41:073 230 sec: 396893 operations; 1818.3 current ops/sec; est completion in 46 minutes [INSERT: Count=18183, Max=3439, Min=21, Avg=547.44, 90=599, 99=620, 99.9=689, 99.99=2115] 
2024-01-13 03:44:51:073 240 sec: 414479 operations; 1758.6 current ops/sec; est completion in 46 minutes [INSERT: Count=17586, Max=5747, Min=22, Avg=565.69, 90=604, 99=626, 99.9=1938, 99.99=2121] 
2024-01-13 03:45:01:073 250 sec: 431583 operations; 1710.4 current ops/sec; est completion in 46 minutes [INSERT: Count=17104, Max=4343, Min=22, Avg=581.25, 90=607, 99=1762, 99.9=2041, 99.99=3423] 
2024-01-13 03:45:11:073 260 sec: 448351 operations; 1676.8 current ops/sec; est completion in 46 minutes [INSERT: Count=16768, Max=23567, Min=26, Avg=593.21, 90=613, 99=644, 99.9=1995, 99.99=3171] 
2024-01-13 03:45:21:073 270 sec: 465435 operations; 1708.4 current ops/sec; est completion in 46 minutes [INSERT: Count=17084, Max=2219, Min=26, Avg=582.21, 90=610, 99=630, 99.9=662, 99.99=2115] 
2024-01-13 03:45:31:073 280 sec: 482458 operations; 1702.3 current ops/sec; est completion in 46 minutes [INSERT: Count=17023, Max=3375, Min=27, Avg=584.3, 90=611, 99=634, 99.9=671, 99.99=3117] 
2024-01-13 03:45:41:073 290 sec: 500002 operations; 1754.4 current ops/sec; est completion in 45 minutes [INSERT: Count=17544, Max=8887, Min=25, Avg=567.28, 90=609, 99=630, 99.9=657, 99.99=7891] 
2024-01-13 03:45:51:073 300 sec: 517798 operations; 1779.6 current ops/sec; est completion in 45 minutes [INSERT: Count=17796, Max=7943, Min=24, Avg=559.41, 90=605, 99=625, 99.9=713, 99.99=7159] 
2024-01-13 03:46:01:073 310 sec: 535803 operations; 1800.5 current ops/sec; est completion in 45 minutes [INSERT: Count=18006, Max=5499, Min=23, Avg=552.85, 90=591, 99=613, 99.9=815, 99.99=3127] 
2024-01-13 03:46:11:073 320 sec: 553109 operations; 1730.6 current ops/sec; est completion in 45 minutes [INSERT: Count=17305, Max=3253, Min=22, Avg=574.76, 90=597, 99=619, 99.9=739, 99.99=3097] 
2024-01-13 03:46:21:073 330 sec: 570367 operations; 1725.8 current ops/sec; est completion in 45 minutes [INSERT: Count=17258, Max=5343, Min=22, Avg=576.3, 90=599, 99=620, 99.9=735, 99.99=3173] 
2024-01-13 03:46:31:094 340 sec: 587168 operations; 1679.09 current ops/sec; est completion in 44 minutes [INSERT: Count=16825, Max=26959, Min=25, Avg=592.23, 90=601, 99=642, 99.9=2183, 99.99=18479] 
2024-01-13 03:46:41:169 350 sec: 602514 operations; 1531.69 current ops/sec; est completion in 44 minutes [INSERT: Count=15407, Max=14887, Min=24, Avg=644.87, 90=619, 99=1929, 99.9=5551, 99.99=11903] 
2024-01-13 03:46:51:079 360 sec: 617619 operations; 1513.83 current ops/sec; est completion in 44 minutes [INSERT: Count=15020, Max=194431, Min=25, Avg=646.47, 90=623, 99=1923, 99.9=3053, 99.99=5619] 
2024-01-13 03:47:01:131 370 sec: 632787 operations; 1514.07 current ops/sec; est completion in 44 minutes [INSERT: Count=15202, Max=9439, Min=25, Avg=650.95, 90=625, 99=1922, 99.9=3167, 99.99=7967] 
2024-01-13 03:47:11:087 380 sec: 648214 operations; 1545.48 current ops/sec; est completion in 44 minutes [INSERT: Count=15401, Max=6411, Min=26, Avg=636.95, 90=626, 99=1908, 99.9=3515, 99.99=5491] 
2024-01-13 03:47:21:076 390 sec: 663912 operations; 1570.11 current ops/sec; est completion in 44 minutes [INSERT: Count=15690, Max=35071, Min=25, Avg=630.55, 90=626, 99=1903, 99.9=3071, 99.99=4587] 
2024-01-13 03:47:31:075 400 sec: 680814 operations; 1690.37 current ops/sec; est completion in 44 minutes [INSERT: Count=16902, Max=3327, Min=25, Avg=587.62, 90=612, 99=641, 99.9=1949, 99.99=2038] 
2024-01-13 03:47:41:073 410 sec: 697855 operations; 1704.1 current ops/sec; est completion in 44 minutes [INSERT: Count=17041, Max=4231, Min=24, Avg=583.14, 90=606, 99=633, 99.9=1918, 99.99=2141] 
2024-01-13 03:47:51:080 420 sec: 714747 operations; 1689.2 current ops/sec; est completion in 44 minutes [INSERT: Count=16907, Max=4507, Min=26, Avg=588.24, 90=606, 99=637, 99.9=1993, 99.99=3071] 
2024-01-13 03:48:01:073 430 sec: 731750 operations; 1700.3 current ops/sec; est completion in 44 minutes [INSERT: Count=16988, Max=2267, Min=26, Avg=584.71, 90=606, 99=632, 99.9=1957, 99.99=2119] 
2024-01-13 03:48:11:073 440 sec: 748705 operations; 1695.5 current ops/sec; est completion in 44 minutes [INSERT: Count=16955, Max=3041, Min=21, Avg=586.46, 90=607, 99=632, 99.9=1951, 99.99=2121] 
2024-01-13 03:48:21:073 450 sec: 765804 operations; 1709.9 current ops/sec; est completion in 43 minutes [INSERT: Count=17098, Max=2189, Min=21, Avg=581.62, 90=603, 99=625, 99.9=1954, 99.99=2147] 
2024-01-13 03:48:31:073 460 sec: 782782 operations; 1697.8 current ops/sec; est completion in 43 minutes [INSERT: Count=16979, Max=3885, Min=24, Avg=585.42, 90=606, 99=631, 99.9=1984, 99.99=2377] 
2024-01-13 03:48:41:073 470 sec: 799727 operations; 1694.5 current ops/sec; est completion in 43 minutes [INSERT: Count=16945, Max=5791, Min=27, Avg=586.86, 90=608, 99=634, 99.9=2015, 99.99=2171] 
2024-01-13 03:48:51:073 480 sec: 816620 operations; 1689.3 current ops/sec; est completion in 43 minutes [INSERT: Count=16892, Max=3973, Min=26, Avg=588.64, 90=609, 99=633, 99.9=1975, 99.99=2201] 
2024-01-13 03:49:01:075 490 sec: 832966 operations; 1634.44 current ops/sec; est completion in 43 minutes [INSERT: Count=16347, Max=4967, Min=27, Avg=608.07, 90=615, 99=1861, 99.9=3013, 99.99=4383] 
2024-01-13 03:49:11:073 500 sec: 849747 operations; 1678.27 current ops/sec; est completion in 43 minutes [INSERT: Count=16781, Max=20431, Min=26, Avg=592.21, 90=614, 99=645, 99.9=1972, 99.99=3141] 
2024-01-13 03:49:21:073 510 sec: 866765 operations; 1701.8 current ops/sec; est completion in 42 minutes [INSERT: Count=17018, Max=3969, Min=24, Avg=584.46, 90=607, 99=631, 99.9=1959, 99.99=2113] 
2024-01-13 03:49:31:073 520 sec: 883810 operations; 1704.5 current ops/sec; est completion in 42 minutes [INSERT: Count=17044, Max=3921, Min=25, Avg=583.53, 90=604, 99=629, 99.9=1972, 99.99=2991] 
2024-01-13 03:49:41:073 530 sec: 901263 operations; 1745.3 current ops/sec; est completion in 42 minutes [INSERT: Count=17453, Max=7371, Min=23, Avg=570.15, 90=600, 99=623, 99.9=1914, 99.99=6107] 
2024-01-13 03:49:51:073 540 sec: 919744 operations; 1848.1 current ops/sec; est completion in 42 minutes [INSERT: Count=18481, Max=6751, Min=24, Avg=538.85, 90=547, 99=593, 99.9=654, 99.99=5783] 
2024-01-13 03:50:01:073 550 sec: 938237 operations; 1849.3 current ops/sec; est completion in 42 minutes [INSERT: Count=18494, Max=3121, Min=24, Avg=538.48, 90=547, 99=593, 99.9=654, 99.99=3025] 
2024-01-13 03:50:11:073 560 sec: 955361 operations; 1712.4 current ops/sec; est completion in 41 minutes [INSERT: Count=17124, Max=3171, Min=24, Avg=580.78, 90=599, 99=623, 99.9=1986, 99.99=3115] 
2024-01-13 03:50:21:073 570 sec: 972508 operations; 1714.7 current ops/sec; est completion in 41 minutes [INSERT: Count=17147, Max=3079, Min=26, Avg=580.11, 90=599, 99=625, 99.9=2101, 99.99=3059] 
2024-01-13 03:50:31:073 580 sec: 989472 operations; 1696.4 current ops/sec; est completion in 41 minutes [INSERT: Count=16963, Max=19327, Min=25, Avg=586.15, 90=600, 99=625, 99.9=2075, 99.99=16927] 
2024-01-13 03:50:41:106 590 sec: 1006034 operations; 1653.55 current ops/sec; est completion in 41 minutes [INSERT: Count=16585, Max=9263, Min=26, Avg=597.9, 90=602, 99=1822, 99.9=2245, 99.99=5771] 
2024-01-13 03:50:51:104 600 sec: 1020157 operations; 1413.15 current ops/sec; est completion in 41 minutes [INSERT: Count=14116, Max=65599, Min=26, Avg=693.37, 90=629, 99=1969, 99.9=4379, 99.99=17167] 
2024-01-13 03:51:01:075 610 sec: 1036115 operations; 1597.4 current ops/sec; est completion in 41 minutes [INSERT: Count=15942, Max=4483, Min=27, Avg=617.35, 90=628, 99=1858, 99.9=2012, 99.99=3809] 
2024-01-13 03:51:11:117 620 sec: 1052067 operations; 1591.86 current ops/sec; est completion in 41 minutes [INSERT: Count=15996, Max=12727, Min=27, Avg=620.44, 90=628, 99=1872, 99.9=3047, 99.99=7519] 
2024-01-13 03:51:21:074 630 sec: 1063185 operations; 1114.14 current ops/sec; est completion in 41 minutes [INSERT: Count=11074, Max=53279, Min=24, Avg=888.44, 90=1742, 99=2459, 99.9=4215, 99.99=14463] 
2024-01-13 03:51:31:077 640 sec: 1073720 operations; 1053.5 current ops/sec; est completion in 41 minutes [INSERT: Count=10538, Max=5155, Min=22, Avg=944.59, 90=1732, 99=2437, 99.9=3009, 99.99=4431] 
2024-01-13 03:51:41:075 650 sec: 1091307 operations; 1758.7 current ops/sec; est completion in 41 minutes [INSERT: Count=17584, Max=4723, Min=18, Avg=564.85, 90=605, 99=623, 99.9=1929, 99.99=2201] 
2024-01-13 03:51:51:076 660 sec: 1108721 operations; 1741.23 current ops/sec; est completion in 41 minutes [INSERT: Count=17414, Max=5723, Min=19, Avg=570.6, 90=590, 99=614, 99.9=1928, 99.99=2125] 
2024-01-13 03:52:01:073 670 sec: 1126601 operations; 1788.18 current ops/sec; est completion in 40 minutes [INSERT: Count=17881, Max=2185, Min=19, Avg=556.07, 90=586, 99=606, 99.9=1865, 99.99=2059] 
2024-01-13 03:52:11:077 680 sec: 1145148 operations; 1854.33 current ops/sec; est completion in 40 minutes [INSERT: Count=18549, Max=3133, Min=18, Avg=537.08, 90=581, 99=596, 99.9=1843, 99.99=2153] 
2024-01-13 03:52:21:073 690 sec: 1163862 operations; 1871.77 current ops/sec; est completion in 40 minutes [INSERT: Count=18712, Max=2315, Min=18, Avg=531.99, 90=576, 99=592, 99.9=753, 99.99=2027] 
2024-01-13 03:52:31:073 700 sec: 1182765 operations; 1890.3 current ops/sec; est completion in 40 minutes [INSERT: Count=18903, Max=5443, Min=18, Avg=526.94, 90=539, 99=591, 99.9=625, 99.99=2105] 
2024-01-13 03:52:41:073 710 sec: 1201775 operations; 1901 current ops/sec; est completion in 39 minutes [INSERT: Count=19010, Max=2099, Min=18, Avg=524.08, 90=532, 99=589, 99.9=607, 99.99=779] 
2024-01-13 03:52:51:073 720 sec: 1220802 operations; 1902.7 current ops/sec; est completion in 39 minutes [INSERT: Count=19026, Max=2093, Min=18, Avg=523.62, 90=531, 99=585, 99.9=607, 99.99=1143] 
2024-01-13 03:53:01:073 730 sec: 1239897 operations; 1909.5 current ops/sec; est completion in 39 minutes [INSERT: Count=19096, Max=2231, Min=19, Avg=521.66, 90=530, 99=556, 99.9=592, 99.99=745] 
2024-01-13 03:53:11:073 740 sec: 1258993 operations; 1909.6 current ops/sec; est completion in 39 minutes [INSERT: Count=19096, Max=3825, Min=19, Avg=521.79, 90=530, 99=541, 99.9=551, 99.99=654] 
2024-01-13 03:53:21:073 750 sec: 1278101 operations; 1910.8 current ops/sec; est completion in 38 minutes [INSERT: Count=19107, Max=1812, Min=19, Avg=521.48, 90=530, 99=540, 99.9=550, 99.99=614] 
2024-01-13 03:53:31:076 760 sec: 1296228 operations; 1812.7 current ops/sec; est completion in 38 minutes [INSERT: Count=18128, Max=3429, Min=18, Avg=549.31, 90=586, 99=608, 99.9=1939, 99.99=3017] 
2024-01-13 03:53:41:075 770 sec: 1315149 operations; 1892.1 current ops/sec; est completion in 38 minutes [INSERT: Count=18921, Max=2269, Min=20, Avg=526.48, 90=535, 99=590, 99.9=1368, 99.99=2025] 
2024-01-13 03:53:51:073 780 sec: 1333839 operations; 1869 current ops/sec; est completion in 38 minutes [INSERT: Count=18689, Max=2245, Min=19, Avg=532.71, 90=579, 99=597, 99.9=627, 99.99=1983] 
2024-01-13 03:54:01:074 790 sec: 1352117 operations; 1827.8 current ops/sec; est completion in 37 minutes [INSERT: Count=18279, Max=2227, Min=20, Avg=544.71, 90=590, 99=607, 99.9=634, 99.99=2133] 
2024-01-13 03:54:11:073 800 sec: 1370296 operations; 1817.9 current ops/sec; est completion in 37 minutes [INSERT: Count=18178, Max=2169, Min=20, Avg=547.63, 90=591, 99=610, 99.9=634, 99.99=2024] 
2024-01-13 03:54:21:073 810 sec: 1388321 operations; 1802.5 current ops/sec; est completion in 37 minutes [INSERT: Count=18025, Max=3795, Min=19, Avg=552.28, 90=594, 99=611, 99.9=1822, 99.99=3117] 
2024-01-13 03:54:31:073 820 sec: 1407272 operations; 1895.1 current ops/sec; est completion in 37 minutes [INSERT: Count=18953, Max=5459, Min=20, Avg=525.73, 90=534, 99=543, 99.9=553, 99.99=4303] 
2024-01-13 03:54:41:073 830 sec: 1426253 operations; 1898.1 current ops/sec; est completion in 37 minutes [INSERT: Count=18979, Max=3423, Min=19, Avg=524.95, 90=533, 99=543, 99.9=554, 99.99=3301] 
2024-01-13 03:54:51:073 840 sec: 1445266 operations; 1901.3 current ops/sec; est completion in 36 minutes [INSERT: Count=19014, Max=3077, Min=19, Avg=524.03, 90=532, 99=543, 99.9=553, 99.99=3047] 
2024-01-13 03:55:01:073 850 sec: 1463822 operations; 1855.6 current ops/sec; est completion in 36 minutes [INSERT: Count=18555, Max=3179, Min=20, Avg=536.7, 90=582, 99=596, 99.9=623, 99.99=3041] 
2024-01-13 03:55:11:073 860 sec: 1482643 operations; 1882.1 current ops/sec; est completion in 36 minutes [INSERT: Count=18822, Max=3105, Min=21, Avg=529.33, 90=538, 99=582, 99.9=628, 99.99=3055] 
2024-01-13 03:55:21:073 870 sec: 1501496 operations; 1885.3 current ops/sec; est completion in 36 minutes [INSERT: Count=18852, Max=3059, Min=21, Avg=528.46, 90=537, 99=547, 99.9=584, 99.99=2773] 
2024-01-13 03:55:31:073 880 sec: 1520345 operations; 1884.9 current ops/sec; est completion in 35 minutes [INSERT: Count=18850, Max=3027, Min=22, Avg=528.54, 90=537, 99=547, 99.9=568, 99.99=2865] 
2024-01-13 03:55:41:073 890 sec: 1539181 operations; 1883.6 current ops/sec; est completion in 35 minutes [INSERT: Count=18836, Max=3115, Min=22, Avg=528.95, 90=538, 99=547, 99.9=582, 99.99=2919] 
2024-01-13 03:55:51:073 900 sec: 1557836 operations; 1865.5 current ops/sec; est completion in 35 minutes [INSERT: Count=18654, Max=26703, Min=21, Avg=533.97, 90=538, 99=547, 99.9=1722, 99.99=20991] 
2024-01-13 03:56:01:073 910 sec: 1576038 operations; 1820.2 current ops/sec; est completion in 35 minutes [INSERT: Count=18203, Max=161151, Min=22, Avg=546.36, 90=538, 99=555, 99.9=1794, 99.99=2991] 
2024-01-13 03:56:11:073 920 sec: 1593585 operations; 1754.7 current ops/sec; est completion in 35 minutes [INSERT: Count=17547, Max=49695, Min=18, Avg=566.14, 90=538, 99=1743, 99.9=2887, 99.99=7879] 
2024-01-13 03:56:21:073 930 sec: 1611119 operations; 1753.4 current ops/sec; est completion in 34 minutes [INSERT: Count=17534, Max=10031, Min=19, Avg=562.1, 90=540, 99=1748, 99.9=2965, 99.99=6927] 
2024-01-13 03:56:31:073 940 sec: 1627857 operations; 1673.8 current ops/sec; est completion in 34 minutes [INSERT: Count=16737, Max=114623, Min=20, Avg=593.11, 90=622, 99=644, 99.9=766, 99.99=3085] 
2024-01-13 03:56:41:073 950 sec: 1645733 operations; 1787.6 current ops/sec; est completion in 34 minutes [INSERT: Count=17877, Max=2181, Min=21, Avg=556.08, 90=606, 99=633, 99.9=1747, 99.99=2067] 
2024-01-13 03:56:51:073 960 sec: 1662796 operations; 1706.3 current ops/sec; est completion in 34 minutes [INSERT: Count=17063, Max=3489, Min=21, Avg=582.52, 90=609, 99=635, 99.9=667, 99.99=2339] 
2024-01-13 03:57:01:074 970 sec: 1679980 operations; 1718.4 current ops/sec; est completion in 34 minutes [INSERT: Count=17183, Max=28047, Min=21, Avg=577.88, 90=604, 99=1744, 99.9=2017, 99.99=6591] 
2024-01-13 03:57:11:073 980 sec: 1697591 operations; 1761.1 current ops/sec; est completion in 34 minutes [INSERT: Count=17612, Max=8791, Min=21, Avg=562.4, 90=547, 99=1751, 99.9=2009, 99.99=5339] 
2024-01-13 03:57:21:073 990 sec: 1715409 operations; 1781.8 current ops/sec; est completion in 33 minutes [INSERT: Count=17817, Max=6599, Min=21, Avg=557.43, 90=572, 99=1711, 99.9=2807, 99.99=5143] 
2024-01-13 03:57:31:073 1000 sec: 1733645 operations; 1823.6 current ops/sec; est completion in 33 minutes [INSERT: Count=18236, Max=3271, Min=21, Avg=545.68, 90=549, 99=802, 99.9=1827, 99.99=2949] 
2024-01-13 03:57:41:073 1010 sec: 1750949 operations; 1730.4 current ops/sec; est completion in 33 minutes [INSERT: Count=17305, Max=5087, Min=20, Avg=574.36, 90=609, 99=636, 99.9=1738, 99.99=3425] 
2024-01-13 03:57:51:073 1020 sec: 1768369 operations; 1742 current ops/sec; est completion in 33 minutes [INSERT: Count=17419, Max=769, Min=20, Avg=570.94, 90=593, 99=614, 99.9=640, 99.99=682] 
2024-01-13 03:58:01:073 1030 sec: 1785549 operations; 1718 current ops/sec; est completion in 33 minutes [INSERT: Count=17180, Max=5311, Min=21, Avg=578.83, 90=606, 99=630, 99.9=654, 99.99=1102] 
2024-01-13 03:58:11:073 1040 sec: 1802878 operations; 1732.9 current ops/sec; est completion in 33 minutes [INSERT: Count=17329, Max=1863, Min=22, Avg=573.94, 90=594, 99=616, 99.9=639, 99.99=757] 
2024-01-13 03:58:21:073 1050 sec: 1820317 operations; 1743.9 current ops/sec; est completion in 32 minutes [INSERT: Count=17439, Max=744, Min=20, Avg=570.32, 90=589, 99=611, 99.9=631, 99.99=675] 
2024-01-13 03:58:31:073 1060 sec: 1838983 operations; 1866.6 current ops/sec; est completion in 32 minutes [INSERT: Count=18666, Max=3013, Min=20, Avg=533.67, 90=563, 99=590, 99.9=1762, 99.99=2913] 
2024-01-13 03:58:41:073 1070 sec: 1857283 operations; 1830 current ops/sec; est completion in 32 minutes [INSERT: Count=18302, Max=4085, Min=22, Avg=544.07, 90=574, 99=630, 99.9=2007, 99.99=3365] 
2024-01-13 03:58:51:073 1080 sec: 1875388 operations; 1810.5 current ops/sec; est completion in 32 minutes [INSERT: Count=18103, Max=2953, Min=20, Avg=549.8, 90=584, 99=608, 99.9=1744, 99.99=2053] 
2024-01-13 03:59:01:073 1090 sec: 1894122 operations; 1873.4 current ops/sec; est completion in 32 minutes [INSERT: Count=18734, Max=2007, Min=20, Avg=531.74, 90=551, 99=591, 99.9=1746, 99.99=1865] 
2024-01-13 03:59:11:073 1100 sec: 1911668 operations; 1754.6 current ops/sec; est completion in 31 minutes [INSERT: Count=17547, Max=2119, Min=21, Avg=566.87, 90=586, 99=606, 99.9=626, 99.99=803] 
2024-01-13 03:59:21:073 1110 sec: 1929651 operations; 1798.3 current ops/sec; est completion in 31 minutes [INSERT: Count=17982, Max=3201, Min=20, Avg=553.47, 90=583, 99=603, 99.9=673, 99.99=2911] 
2024-01-13 03:59:31:073 1120 sec: 1947565 operations; 1791.4 current ops/sec; est completion in 31 minutes [INSERT: Count=17914, Max=3855, Min=21, Avg=555.54, 90=585, 99=604, 99.9=633, 99.99=2939] 
2024-01-13 03:59:41:073 1130 sec: 1966405 operations; 1884 current ops/sec; est completion in 31 minutes [INSERT: Count=18841, Max=2977, Min=21, Avg=528.68, 90=534, 99=547, 99.9=1840, 99.99=2965] 
2024-01-13 03:59:51:073 1140 sec: 1985224 operations; 1881.9 current ops/sec; est completion in 31 minutes [INSERT: Count=18818, Max=2999, Min=21, Avg=529.44, 90=536, 99=546, 99.9=1811, 99.99=2939] 
2024-01-13 04:00:01:073 1150 sec: 2003925 operations; 1870.1 current ops/sec; est completion in 30 minutes [INSERT: Count=18702, Max=2891, Min=22, Avg=532.66, 90=539, 99=591, 99.9=1808, 99.99=2433] 
2024-01-13 04:00:11:073 1160 sec: 2022299 operations; 1837.4 current ops/sec; est completion in 30 minutes [INSERT: Count=18374, Max=2889, Min=21, Avg=541.98, 90=579, 99=596, 99.9=1750, 99.99=1955] 
2024-01-13 04:00:21:073 1170 sec: 2039662 operations; 1736.3 current ops/sec; est completion in 30 minutes [INSERT: Count=17363, Max=2375, Min=22, Avg=572.88, 90=597, 99=616, 99.9=643, 99.99=2181] 
2024-01-13 04:00:31:073 1180 sec: 2058119 operations; 1845.7 current ops/sec; est completion in 30 minutes [INSERT: Count=18456, Max=2017, Min=21, Avg=539.57, 90=583, 99=597, 99.9=630, 99.99=2000] 
2024-01-13 04:00:41:073 1190 sec: 2076765 operations; 1864.6 current ops/sec; est completion in 30 minutes [INSERT: Count=18646, Max=17647, Min=22, Avg=534.19, 90=557, 99=604, 99.9=1709, 99.99=2014] 
2024-01-13 04:00:51:073 1200 sec: 2094213 operations; 1744.8 current ops/sec; est completion in 30 minutes [INSERT: Count=17448, Max=1138, Min=20, Avg=570.08, 90=591, 99=610, 99.9=638, 99.99=896] 
2024-01-13 04:01:01:073 1210 sec: 2111422 operations; 1720.9 current ops/sec; est completion in 29 minutes [INSERT: Count=17209, Max=2791, Min=21, Avg=577.85, 90=594, 99=623, 99.9=1760, 99.99=2473] 
2024-01-13 04:01:11:073 1220 sec: 2120434 operations; 901.2 current ops/sec; est completion in 29 minutes [INSERT: Count=9013, Max=2811, Min=20, Avg=1105.97, 90=1826, 99=2403, 99.9=2489, 99.99=2679] 
2024-01-13 04:01:21:073 1230 sec: 2130887 operations; 1045.3 current ops/sec; est completion in 29 minutes [INSERT: Count=10452, Max=4045, Min=20, Avg=952.74, 90=1655, 99=2429, 99.9=2563, 99.99=3943] 
2024-01-13 04:01:31:073 1240 sec: 2142621 operations; 1173.4 current ops/sec; est completion in 29 minutes [INSERT: Count=11734, Max=2619, Min=19, Avg=848.84, 90=1483, 99=2071, 99.9=2535, 99.99=2597] 
2024-01-13 04:01:41:073 1250 sec: 2154287 operations; 1166.6 current ops/sec; est completion in 29 minutes [INSERT: Count=11666, Max=3877, Min=19, Avg=854.48, 90=1799, 99=2487, 99.9=2579, 99.99=3085] 
2024-01-13 04:01:51:073 1260 sec: 2166410 operations; 1212.3 current ops/sec; est completion in 29 minutes [INSERT: Count=12123, Max=3051, Min=19, Avg=822.18, 90=1775, 99=2437, 99.9=2569, 99.99=2623] 
2024-01-13 04:02:01:073 1270 sec: 2178865 operations; 1245.5 current ops/sec; est completion in 29 minutes [INSERT: Count=12455, Max=4315, Min=19, Avg=800.62, 90=1757, 99=2413, 99.9=2551, 99.99=3599] 
2024-01-13 04:02:11:073 1280 sec: 2198000 operations; 1913.5 current ops/sec; est completion in 29 minutes [INSERT: Count=19135, Max=7335, Min=18, Avg=520.76, 90=526, 99=537, 99.9=561, 99.99=6619] 
2024-01-13 04:02:21:073 1290 sec: 2217158 operations; 1915.8 current ops/sec; est completion in 29 minutes [INSERT: Count=19159, Max=4623, Min=18, Avg=520.11, 90=526, 99=538, 99.9=613, 99.99=4275] 
2024-01-13 04:02:31:073 1300 sec: 2236300 operations; 1914.2 current ops/sec; est completion in 29 minutes [INSERT: Count=19141, Max=3401, Min=18, Avg=520.56, 90=527, 99=538, 99.9=561, 99.99=3285] 
2024-01-13 04:02:41:073 1310 sec: 2255438 operations; 1913.8 current ops/sec; est completion in 28 minutes [INSERT: Count=19139, Max=3175, Min=18, Avg=520.68, 90=527, 99=537, 99.9=554, 99.99=3101] 
2024-01-13 04:02:51:073 1320 sec: 2274565 operations; 1912.7 current ops/sec; est completion in 28 minutes [INSERT: Count=19126, Max=3349, Min=18, Avg=520.98, 90=527, 99=540, 99.9=555, 99.99=3167] 
2024-01-13 04:03:01:073 1330 sec: 2293676 operations; 1911.1 current ops/sec; est completion in 28 minutes [INSERT: Count=19112, Max=3355, Min=18, Avg=521.39, 90=528, 99=540, 99.9=557, 99.99=3119] 
2024-01-13 04:03:11:073 1340 sec: 2312808 operations; 1913.2 current ops/sec; est completion in 28 minutes [INSERT: Count=19131, Max=3417, Min=18, Avg=520.86, 90=528, 99=542, 99.9=557, 99.99=3089] 
2024-01-13 04:03:21:073 1350 sec: 2331906 operations; 1909.8 current ops/sec; est completion in 28 minutes [INSERT: Count=19098, Max=3311, Min=18, Avg=521.77, 90=528, 99=540, 99.9=564, 99.99=3263] 
2024-01-13 04:03:31:073 1360 sec: 2351003 operations; 1909.7 current ops/sec; est completion in 27 minutes [INSERT: Count=19097, Max=3275, Min=19, Avg=521.83, 90=528, 99=540, 99.9=560, 99.99=2907] 
2024-01-13 04:03:41:073 1370 sec: 2370083 operations; 1908 current ops/sec; est completion in 27 minutes [INSERT: Count=19080, Max=3127, Min=19, Avg=522.26, 90=529, 99=541, 99.9=571, 99.99=2835] 
2024-01-13 04:03:51:073 1380 sec: 2389169 operations; 1908.6 current ops/sec; est completion in 27 minutes [INSERT: Count=19087, Max=3123, Min=19, Avg=522.12, 90=529, 99=539, 99.9=557, 99.99=2931] 
2024-01-13 04:04:01:073 1390 sec: 2408275 operations; 1910.6 current ops/sec; est completion in 27 minutes [INSERT: Count=19106, Max=3313, Min=18, Avg=521.52, 90=529, 99=540, 99.9=555, 99.99=2837] 
2024-01-13 04:04:11:089 1400 sec: 2427430 operations; 1914.93 current ops/sec; est completion in 27 minutes [INSERT: Count=19173, Max=1834, Min=18, Avg=520.94, 90=529, 99=542, 99.9=577, 99.99=1344] 
2024-01-13 04:04:21:093 1410 sec: 2446363 operations; 1893.49 current ops/sec; est completion in 26 minutes [INSERT: Count=18941, Max=36479, Min=18, Avg=526.32, 90=537, 99=548, 99.9=616, 99.99=2243] 
2024-01-13 04:04:31:075 1420 sec: 2465210 operations; 1885.08 current ops/sec; est completion in 26 minutes [INSERT: Count=18823, Max=2175, Min=19, Avg=527.63, 90=542, 99=553, 99.9=574, 99.99=1921] 
2024-01-13 04:04:41:088 1430 sec: 2484168 operations; 1894.47 current ops/sec; est completion in 26 minutes [INSERT: Count=18965, Max=4327, Min=19, Avg=525.9, 90=540, 99=550, 99.9=564, 99.99=1712] 
2024-01-13 04:04:51:087 1440 sec: 2501637 operations; 1747.07 current ops/sec; est completion in 26 minutes [INSERT: Count=17462, Max=10879, Min=19, Avg=568.31, 90=593, 99=1902, 99.9=3091, 99.99=6895] 
2024-01-13 04:05:01:077 1450 sec: 2519310 operations; 1767.65 current ops/sec; est completion in 26 minutes [INSERT: Count=17673, Max=13279, Min=20, Avg=562.32, 90=596, 99=1781, 99.9=2905, 99.99=4819] 
2024-01-13 04:05:11:073 1460 sec: 2535443 operations; 1613.95 current ops/sec; est completion in 26 minutes [INSERT: Count=16131, Max=9663, Min=23, Avg=615, 90=618, 99=1899, 99.9=3053, 99.99=4379] 
2024-01-13 04:05:21:073 1470 sec: 2552272 operations; 1682.9 current ops/sec; est completion in 25 minutes [INSERT: Count=16829, Max=4671, Min=23, Avg=591, 90=607, 99=1729, 99.9=2945, 99.99=3187] 
2024-01-13 04:05:31:075 1480 sec: 2569442 operations; 1716.83 current ops/sec; est completion in 25 minutes [INSERT: Count=17169, Max=3185, Min=23, Avg=579.17, 90=601, 99=626, 99.9=1939, 99.99=2389] 
2024-01-13 04:05:41:073 1490 sec: 2586676 operations; 1723.57 current ops/sec; est completion in 25 minutes [INSERT: Count=17234, Max=2881, Min=23, Avg=577.24, 90=600, 99=624, 99.9=1923, 99.99=2161] 
2024-01-13 04:05:51:073 1500 sec: 2603972 operations; 1729.6 current ops/sec; est completion in 25 minutes [INSERT: Count=17296, Max=4387, Min=22, Avg=575.23, 90=598, 99=618, 99.9=1940, 99.99=2145] 
2024-01-13 04:06:01:073 1510 sec: 2620793 operations; 1682.1 current ops/sec; est completion in 25 minutes [INSERT: Count=16822, Max=5231, Min=23, Avg=591.44, 90=601, 99=1821, 99.9=2151, 99.99=4691] 
2024-01-13 04:06:11:073 1520 sec: 2638077 operations; 1728.4 current ops/sec; est completion in 25 minutes [INSERT: Count=17284, Max=2181, Min=22, Avg=575.61, 90=597, 99=619, 99.9=1936, 99.99=2115] 
2024-01-13 04:06:21:073 1530 sec: 2655575 operations; 1749.8 current ops/sec; est completion in 24 minutes [INSERT: Count=17497, Max=3117, Min=20, Avg=568.41, 90=586, 99=606, 99.9=1926, 99.99=2727] 
2024-01-13 04:06:31:073 1540 sec: 2673041 operations; 1746.6 current ops/sec; est completion in 24 minutes [INSERT: Count=17466, Max=2221, Min=21, Avg=569.47, 90=588, 99=608, 99.9=639, 99.99=2027] 
2024-01-13 04:06:41:073 1550 sec: 2690499 operations; 1745.8 current ops/sec; est completion in 24 minutes [INSERT: Count=17459, Max=3697, Min=21, Avg=569.75, 90=588, 99=609, 99.9=1886, 99.99=2159] 
2024-01-13 04:06:51:073 1560 sec: 2707874 operations; 1737.5 current ops/sec; est completion in 24 minutes [INSERT: Count=17374, Max=4367, Min=21, Avg=572.3, 90=589, 99=612, 99.9=1907, 99.99=2125] 
2024-01-13 04:07:01:073 1570 sec: 2725320 operations; 1744.6 current ops/sec; est completion in 24 minutes [INSERT: Count=17446, Max=3653, Min=20, Avg=570.07, 90=589, 99=610, 99.9=1899, 99.99=3085] 
2024-01-13 04:07:11:073 1580 sec: 2743435 operations; 1811.5 current ops/sec; est completion in 24 minutes [INSERT: Count=18116, Max=2143, Min=18, Avg=549.55, 90=587, 99=605, 99.9=724, 99.99=2071] 
2024-01-13 04:07:21:073 1590 sec: 2761982 operations; 1854.7 current ops/sec; est completion in 23 minutes [INSERT: Count=18547, Max=2205, Min=18, Avg=536.95, 90=580, 99=596, 99.9=631, 99.99=2149] 
2024-01-13 04:07:31:076 1600 sec: 2780301 operations; 1831.53 current ops/sec; est completion in 23 minutes [INSERT: Count=18319, Max=3613, Min=18, Avg=543.62, 90=583, 99=603, 99.9=1936, 99.99=3015] 
2024-01-13 04:07:41:075 1610 sec: 2797635 operations; 1733.75 current ops/sec; est completion in 23 minutes [INSERT: Count=17334, Max=3719, Min=19, Avg=573.63, 90=593, 99=626, 99.9=1989, 99.99=3101] 
2024-01-13 04:07:51:073 1620 sec: 2816091 operations; 1845.6 current ops/sec; est completion in 23 minutes [INSERT: Count=18455, Max=6803, Min=19, Avg=539.26, 90=583, 99=599, 99.9=624, 99.99=2051] 
2024-01-13 04:08:01:073 1630 sec: 2833754 operations; 1766.3 current ops/sec; est completion in 23 minutes [INSERT: Count=17664, Max=2193, Min=19, Avg=563.23, 90=590, 99=611, 99.9=659, 99.99=2045] 
2024-01-13 04:08:11:073 1640 sec: 2851556 operations; 1780.2 current ops/sec; est completion in 22 minutes [INSERT: Count=17801, Max=2737, Min=19, Avg=559.08, 90=590, 99=611, 99.9=1783, 99.99=2151] 
2024-01-13 04:08:21:073 1650 sec: 2869824 operations; 1826.8 current ops/sec; est completion in 22 minutes [INSERT: Count=18268, Max=7315, Min=19, Avg=545.08, 90=590, 99=606, 99.9=1872, 99.99=3171] 
2024-01-13 04:08:31:073 1660 sec: 2887412 operations; 1758.8 current ops/sec; est completion in 22 minutes [INSERT: Count=17588, Max=9087, Min=19, Avg=565.83, 90=587, 99=608, 99.9=3019, 99.99=7687] 
2024-01-13 04:08:41:073 1670 sec: 2904761 operations; 1734.9 current ops/sec; est completion in 22 minutes [INSERT: Count=17349, Max=3429, Min=22, Avg=573.44, 90=587, 99=609, 99.9=2993, 99.99=3175] 
2024-01-13 04:08:51:073 1680 sec: 2923130 operations; 1836.9 current ops/sec; est completion in 22 minutes [INSERT: Count=18370, Max=3133, Min=19, Avg=542.12, 90=583, 99=596, 99.9=1920, 99.99=3087] 
2024-01-13 04:09:01:073 1690 sec: 2941376 operations; 1824.6 current ops/sec; est completion in 22 minutes [INSERT: Count=18245, Max=3059, Min=19, Avg=545.71, 90=584, 99=599, 99.9=1912, 99.99=3001] 
2024-01-13 04:09:11:073 1700 sec: 2958819 operations; 1744.3 current ops/sec; est completion in 21 minutes [INSERT: Count=17443, Max=4159, Min=20, Avg=570.33, 90=586, 99=609, 99.9=1935, 99.99=3011] 
2024-01-13 04:09:21:088 1710 sec: 2977956 operations; 1913.13 current ops/sec; est completion in 21 minutes [INSERT: Count=19144, Max=2245, Min=19, Avg=521.37, 90=529, 99=542, 99.9=613, 99.99=1532] 
2024-01-13 04:09:31:113 1720 sec: 2997018 operations; 1904.87 current ops/sec; est completion in 21 minutes [INSERT: Count=19106, Max=3309, Min=17, Avg=524.06, 90=534, 99=546, 99.9=572, 99.99=3127] 
2024-01-13 04:09:41:081 1730 sec: 3015533 operations; 1852.61 current ops/sec; est completion in 21 minutes [INSERT: Count=18467, Max=139903, Min=19, Avg=536.26, 90=542, 99=552, 99.9=582, 99.99=1668] 
2024-01-13 04:09:51:097 1740 sec: 3034409 operations; 1887.22 current ops/sec; est completion in 21 minutes [INSERT: Count=18896, Max=3943, Min=19, Avg=528.32, 90=542, 99=551, 99.9=583, 99.99=2151] 
2024-01-13 04:10:01:080 1750 sec: 3052677 operations; 1827.71 current ops/sec; est completion in 20 minutes [INSERT: Count=18248, Max=104895, Min=20, Avg=544.12, 90=545, 99=613, 99.9=1974, 99.99=4191] 
2024-01-13 04:10:11:081 1760 sec: 3069818 operations; 1714.1 current ops/sec; est completion in 20 minutes [INSERT: Count=17143, Max=5459, Min=20, Avg=579.45, 90=606, 99=1887, 99.9=3043, 99.99=4227] 
2024-01-13 04:10:21:073 1770 sec: 3087839 operations; 1802.28 current ops/sec; est completion in 20 minutes [INSERT: Count=18016, Max=7959, Min=19, Avg=551.82, 90=594, 99=629, 99.9=1941, 99.99=3065] 
2024-01-13 04:10:31:073 1780 sec: 3105481 operations; 1764.2 current ops/sec; est completion in 20 minutes [INSERT: Count=17643, Max=2193, Min=20, Avg=563.97, 90=597, 99=621, 99.9=1871, 99.99=2149] 
2024-01-13 04:10:41:073 1790 sec: 3124139 operations; 1865.8 current ops/sec; est completion in 20 minutes [INSERT: Count=18658, Max=3775, Min=19, Avg=533.85, 90=579, 99=601, 99.9=628, 99.99=2087] 
2024-01-13 04:10:51:073 1800 sec: 3141388 operations; 1724.9 current ops/sec; est completion in 20 minutes [INSERT: Count=17248, Max=3009, Min=23, Avg=576.57, 90=598, 99=619, 99.9=1889, 99.99=2077] 
2024-01-13 04:11:01:073 1810 sec: 3158129 operations; 1674.1 current ops/sec; est completion in 19 minutes [INSERT: Count=16742, Max=6943, Min=22, Avg=593.82, 90=600, 99=1785, 99.9=2969, 99.99=4295] 
2024-01-13 04:11:11:073 1820 sec: 3171905 operations; 1377.6 current ops/sec; est completion in 19 minutes [INSERT: Count=13775, Max=17567, Min=19, Avg=722.87, 90=1413, 99=1902, 99.9=2487, 99.99=7439] 
2024-01-13 04:11:21:073 1830 sec: 3181391 operations; 948.6 current ops/sec; est completion in 19 minutes [INSERT: Count=9487, Max=3491, Min=20, Avg=1050.6, 90=1680, 99=2417, 99.9=2511, 99.99=3131] 
2024-01-13 04:11:31:073 1840 sec: 3194386 operations; 1299.5 current ops/sec; est completion in 19 minutes [INSERT: Count=12994, Max=2717, Min=18, Avg=767.02, 90=1392, 99=1891, 99.9=2129, 99.99=2707] 
2024-01-13 04:11:41:073 1850 sec: 3207002 operations; 1261.6 current ops/sec; est completion in 19 minutes [INSERT: Count=12616, Max=19647, Min=19, Avg=789.99, 90=1506, 99=2357, 99.9=2555, 99.99=2753] 
2024-01-13 04:11:51:073 1860 sec: 3219235 operations; 1223.3 current ops/sec; est completion in 19 minutes [INSERT: Count=12234, Max=3195, Min=19, Avg=814.98, 90=1558, 99=2371, 99.9=2577, 99.99=2957] 
2024-01-13 04:12:01:073 1870 sec: 3231192 operations; 1195.7 current ops/sec; est completion in 19 minutes [INSERT: Count=11957, Max=2685, Min=19, Avg=833.74, 90=1549, 99=2385, 99.9=2551, 99.99=2627] 
2024-01-13 04:12:11:075 1880 sec: 3244797 operations; 1360.5 current ops/sec; est completion in 19 minutes [INSERT: Count=13605, Max=3881, Min=19, Avg=732.68, 90=1363, 99=1794, 99.9=1998, 99.99=3467] 
2024-01-13 04:12:21:076 1890 sec: 3261942 operations; 1713.99 current ops/sec; est completion in 19 minutes [INSERT: Count=17145, Max=4019, Min=22, Avg=579.63, 90=588, 99=647, 99.9=2044, 99.99=3377] 
2024-01-13 04:12:31:073 1900 sec: 3279208 operations; 1727.12 current ops/sec; est completion in 18 minutes [INSERT: Count=17265, Max=16783, Min=21, Avg=575.63, 90=589, 99=619, 99.9=2002, 99.99=3673] 
2024-01-13 04:12:41:073 1910 sec: 3296638 operations; 1743 current ops/sec; est completion in 18 minutes [INSERT: Count=17431, Max=7047, Min=21, Avg=570.71, 90=588, 99=612, 99.9=1858, 99.99=2179] 
2024-01-13 04:12:51:073 1920 sec: 3314107 operations; 1746.9 current ops/sec; est completion in 18 minutes [INSERT: Count=17469, Max=3983, Min=22, Avg=569.46, 90=589, 99=609, 99.9=682, 99.99=2103] 
2024-01-13 04:13:01:073 1930 sec: 3331507 operations; 1740 current ops/sec; est completion in 18 minutes [INSERT: Count=17400, Max=8799, Min=21, Avg=571.69, 90=588, 99=608, 99.9=679, 99.99=8135] 
2024-01-13 04:13:11:073 1940 sec: 3348940 operations; 1743.3 current ops/sec; est completion in 18 minutes [INSERT: Count=17433, Max=7943, Min=22, Avg=570.67, 90=585, 99=606, 99.9=630, 99.99=7119] 
2024-01-13 04:13:21:073 1950 sec: 3366414 operations; 1747.4 current ops/sec; est completion in 18 minutes [INSERT: Count=17473, Max=5379, Min=21, Avg=569.36, 90=586, 99=607, 99.9=655, 99.99=3267] 
2024-01-13 04:13:31:073 1960 sec: 3383953 operations; 1753.9 current ops/sec; est completion in 17 minutes [INSERT: Count=17539, Max=5463, Min=21, Avg=567.25, 90=588, 99=606, 99.9=647, 99.99=3215] 
2024-01-13 04:13:41:073 1970 sec: 3401476 operations; 1752.3 current ops/sec; est completion in 17 minutes [INSERT: Count=17524, Max=3271, Min=21, Avg=567.69, 90=590, 99=609, 99.9=627, 99.99=3193] 
2024-01-13 04:13:51:073 1980 sec: 3418947 operations; 1747.1 current ops/sec; est completion in 17 minutes [INSERT: Count=17470, Max=5023, Min=22, Avg=569.4, 90=587, 99=609, 99.9=631, 99.99=3265] 
2024-01-13 04:14:01:073 1990 sec: 3436428 operations; 1748.1 current ops/sec; est completion in 17 minutes [INSERT: Count=17481, Max=4195, Min=22, Avg=569.01, 90=587, 99=609, 99.9=664, 99.99=3339] 
2024-01-13 04:14:11:073 2000 sec: 3453910 operations; 1748.2 current ops/sec; est completion in 17 minutes [INSERT: Count=17483, Max=5247, Min=22, Avg=568.98, 90=588, 99=608, 99.9=634, 99.99=3345] 
2024-01-13 04:14:21:073 2010 sec: 3471397 operations; 1748.7 current ops/sec; est completion in 17 minutes [INSERT: Count=17487, Max=3337, Min=23, Avg=568.87, 90=588, 99=608, 99.9=642, 99.99=3221] 
2024-01-13 04:14:31:073 2020 sec: 3488878 operations; 1748.1 current ops/sec; est completion in 16 minutes [INSERT: Count=17480, Max=3103, Min=22, Avg=569.14, 90=587, 99=608, 99.9=657, 99.99=3045] 
2024-01-13 04:14:41:073 2030 sec: 3506362 operations; 1748.4 current ops/sec; est completion in 16 minutes [INSERT: Count=17485, Max=3241, Min=22, Avg=568.95, 90=587, 99=607, 99.9=661, 99.99=3073] 
2024-01-13 04:14:51:073 2040 sec: 3524512 operations; 1815 current ops/sec; est completion in 16 minutes [INSERT: Count=18149, Max=3005, Min=20, Avg=548.5, 90=584, 99=600, 99.9=623, 99.99=2815] 
2024-01-13 04:15:01:073 2050 sec: 3543045 operations; 1853.3 current ops/sec; est completion in 16 minutes [INSERT: Count=18533, Max=2359, Min=20, Avg=537.31, 90=581, 99=600, 99.9=631, 99.99=1430] 
2024-01-13 04:15:11:074 2060 sec: 3560351 operations; 1730.6 current ops/sec; est completion in 16 minutes [INSERT: Count=17306, Max=2827, Min=20, Avg=574.52, 90=606, 99=628, 99.9=745, 99.99=2123] 
2024-01-13 04:15:21:073 2070 sec: 3577486 operations; 1713.5 current ops/sec; est completion in 16 minutes [INSERT: Count=17135, Max=6243, Min=23, Avg=579.93, 90=611, 99=632, 99.9=658, 99.99=1702] 
2024-01-13 04:15:31:073 2080 sec: 3594640 operations; 1715.4 current ops/sec; est completion in 15 minutes [INSERT: Count=17155, Max=2040, Min=23, Avg=579.39, 90=611, 99=631, 99.9=655, 99.99=1729] 
2024-01-13 04:15:41:073 2090 sec: 3611855 operations; 1721.5 current ops/sec; est completion in 15 minutes [INSERT: Count=17215, Max=5611, Min=22, Avg=577.52, 90=610, 99=634, 99.9=678, 99.99=1516] 
2024-01-13 04:15:51:073 2100 sec: 3629197 operations; 1734.2 current ops/sec; est completion in 15 minutes [INSERT: Count=17342, Max=1495, Min=23, Avg=573.29, 90=612, 99=635, 99.9=677, 99.99=1379] 
2024-01-13 04:16:01:073 2110 sec: 3646688 operations; 1749.1 current ops/sec; est completion in 15 minutes [INSERT: Count=17491, Max=1266, Min=20, Avg=568.71, 90=607, 99=631, 99.9=664, 99.99=1155] 
2024-01-13 04:16:11:073 2120 sec: 3664042 operations; 1735.4 current ops/sec; est completion in 15 minutes [INSERT: Count=17353, Max=3981, Min=22, Avg=573.21, 90=601, 99=623, 99.9=644, 99.99=773] 
2024-01-13 04:16:21:073 2130 sec: 3681572 operations; 1753 current ops/sec; est completion in 15 minutes [INSERT: Count=17531, Max=848, Min=20, Avg=567.55, 90=598, 99=619, 99.9=641, 99.99=753] 
2024-01-13 04:16:31:073 2140 sec: 3699047 operations; 1747.5 current ops/sec; est completion in 14 minutes [INSERT: Count=17474, Max=97919, Min=17, Avg=569.38, 90=596, 99=616, 99.9=638, 99.99=1057] 
2024-01-13 04:16:41:073 2150 sec: 3716641 operations; 1759.4 current ops/sec; est completion in 14 minutes [INSERT: Count=17595, Max=1295, Min=20, Avg=565.25, 90=582, 99=604, 99.9=628, 99.99=992] 
2024-01-13 04:16:51:073 2160 sec: 3734194 operations; 1755.3 current ops/sec; est completion in 14 minutes [INSERT: Count=17552, Max=2233, Min=20, Avg=566.65, 90=585, 99=607, 99.9=623, 99.99=728] 
2024-01-13 04:17:01:073 2170 sec: 3751938 operations; 1774.4 current ops/sec; est completion in 14 minutes [INSERT: Count=17745, Max=992, Min=19, Avg=560.68, 90=588, 99=608, 99.9=631, 99.99=707] 
2024-01-13 04:17:11:073 2180 sec: 3769875 operations; 1793.7 current ops/sec; est completion in 14 minutes [INSERT: Count=17936, Max=909, Min=19, Avg=554.8, 90=583, 99=604, 99.9=622, 99.99=734] 
2024-01-13 04:17:21:073 2190 sec: 3787591 operations; 1771.6 current ops/sec; est completion in 14 minutes [INSERT: Count=17716, Max=3827, Min=19, Avg=561.6, 90=590, 99=610, 99.9=630, 99.99=944] 
2024-01-13 04:17:31:073 2200 sec: 3805064 operations; 1747.3 current ops/sec; est completion in 13 minutes [INSERT: Count=17473, Max=2175, Min=21, Avg=569.26, 90=589, 99=610, 99.9=627, 99.99=2089] 
2024-01-13 04:17:41:073 2210 sec: 3822564 operations; 1750 current ops/sec; est completion in 13 minutes [INSERT: Count=17501, Max=2183, Min=20, Avg=568.41, 90=589, 99=610, 99.9=630, 99.99=2147] 
2024-01-13 04:17:51:073 2220 sec: 3840016 operations; 1745.2 current ops/sec; est completion in 13 minutes [INSERT: Count=17451, Max=2153, Min=21, Avg=569.99, 90=591, 99=612, 99.9=632, 99.99=2003] 
2024-01-13 04:18:01:073 2230 sec: 3857466 operations; 1745 current ops/sec; est completion in 13 minutes [INSERT: Count=17450, Max=2193, Min=22, Avg=570.09, 90=591, 99=613, 99.9=663, 99.99=2131] 
2024-01-13 04:18:11:076 2240 sec: 3874947 operations; 1747.58 current ops/sec; est completion in 13 minutes [INSERT: Count=17482, Max=1077, Min=21, Avg=569.28, 90=591, 99=613, 99.9=630, 99.99=868] 
2024-01-13 04:18:21:073 2250 sec: 3892363 operations; 1742.12 current ops/sec; est completion in 13 minutes [INSERT: Count=17416, Max=2111, Min=23, Avg=571, 90=594, 99=616, 99.9=645, 99.99=2065] 
2024-01-13 04:18:31:073 2260 sec: 3909808 operations; 1744.5 current ops/sec; est completion in 12 minutes [INSERT: Count=17445, Max=888, Min=21, Avg=570.28, 90=593, 99=613, 99.9=630, 99.99=795] 
2024-01-13 04:18:41:073 2270 sec: 3927249 operations; 1744.1 current ops/sec; est completion in 12 minutes [INSERT: Count=17441, Max=799, Min=22, Avg=570.42, 90=593, 99=612, 99.9=644, 99.99=742] 
2024-01-13 04:18:51:073 2280 sec: 3944645 operations; 1739.6 current ops/sec; est completion in 12 minutes [INSERT: Count=17396, Max=3341, Min=21, Avg=571.88, 90=593, 99=612, 99.9=645, 99.99=2701] 
2024-01-13 04:19:01:073 2290 sec: 3962040 operations; 1739.5 current ops/sec; est completion in 12 minutes [INSERT: Count=17395, Max=4535, Min=22, Avg=571.86, 90=587, 99=609, 99.9=2027, 99.99=3237] 
2024-01-13 04:19:11:073 2300 sec: 3979397 operations; 1735.7 current ops/sec; est completion in 12 minutes [INSERT: Count=17356, Max=4535, Min=22, Avg=573.18, 90=587, 99=610, 99.9=1975, 99.99=3199] 
2024-01-13 04:19:21:073 2310 sec: 3996790 operations; 1739.3 current ops/sec; est completion in 12 minutes [INSERT: Count=17394, Max=3179, Min=21, Avg=571.95, 90=586, 99=609, 99.9=1948, 99.99=3037] 
2024-01-13 04:19:31:073 2320 sec: 4014118 operations; 1732.8 current ops/sec; est completion in 11 minutes [INSERT: Count=17327, Max=3189, Min=22, Avg=574.13, 90=587, 99=612, 99.9=2113, 99.99=3181] 
2024-01-13 04:19:41:073 2330 sec: 4031550 operations; 1743.2 current ops/sec; est completion in 11 minutes [INSERT: Count=17433, Max=3189, Min=21, Avg=570.67, 90=588, 99=609, 99.9=639, 99.99=3073] 
2024-01-13 04:19:51:073 2340 sec: 4049055 operations; 1750.5 current ops/sec; est completion in 11 minutes [INSERT: Count=17505, Max=3093, Min=20, Avg=568.26, 90=585, 99=606, 99.9=620, 99.99=2831] 
2024-01-13 04:20:01:081 2350 sec: 4066388 operations; 1733.13 current ops/sec; est completion in 11 minutes [INSERT: Count=17345, Max=3905, Min=22, Avg=573.94, 90=592, 99=616, 99.9=1887, 99.99=2647] 
2024-01-13 04:20:11:080 2360 sec: 4082216 operations; 1582.48 current ops/sec; est completion in 11 minutes [INSERT: Count=15820, Max=10431, Min=23, Avg=625.35, 90=611, 99=1903, 99.9=3131, 99.99=7771] 
2024-01-13 04:20:21:073 2370 sec: 4098827 operations; 1661.6 current ops/sec; est completion in 11 minutes [INSERT: Count=16606, Max=9831, Min=22, Avg=596.66, 90=612, 99=1792, 99.9=1935, 99.99=3175] 
2024-01-13 04:20:31:078 2380 sec: 4116013 operations; 1717.91 current ops/sec; est completion in 10 minutes [INSERT: Count=17186, Max=3059, Min=23, Avg=578.61, 90=610, 99=630, 99.9=789, 99.99=1764] 
2024-01-13 04:20:41:073 2390 sec: 4132784 operations; 1677.77 current ops/sec; est completion in 10 minutes [INSERT: Count=16774, Max=5787, Min=22, Avg=591.63, 90=611, 99=1712, 99.9=2053, 99.99=3117] 
2024-01-13 04:20:51:075 2400 sec: 4149365 operations; 1658.1 current ops/sec; est completion in 10 minutes [INSERT: Count=16578, Max=6023, Min=23, Avg=598.73, 90=611, 99=1823, 99.9=2001, 99.99=3141] 
2024-01-13 04:21:01:073 2410 sec: 4166487 operations; 1712.2 current ops/sec; est completion in 10 minutes [INSERT: Count=17122, Max=3117, Min=23, Avg=580.34, 90=601, 99=627, 99.9=1933, 99.99=2125] 
2024-01-13 04:21:11:073 2420 sec: 4183619 operations; 1713.2 current ops/sec; est completion in 10 minutes [INSERT: Count=17133, Max=3115, Min=22, Avg=580.46, 90=600, 99=624, 99.9=1974, 99.99=2149] 
2024-01-13 04:21:21:073 2430 sec: 4200911 operations; 1729.2 current ops/sec; est completion in 10 minutes [INSERT: Count=17292, Max=2171, Min=21, Avg=575.2, 90=597, 99=617, 99.9=1894, 99.99=2143] 
2024-01-13 04:21:31:073 2440 sec: 4218483 operations; 1757.2 current ops/sec; est completion in 9 minutes [INSERT: Count=17571, Max=3681, Min=22, Avg=566.29, 90=595, 99=616, 99.9=653, 99.99=2107] 
2024-01-13 04:21:41:073 2450 sec: 4229453 operations; 1097 current ops/sec; est completion in 9 minutes [INSERT: Count=10971, Max=91903, Min=20, Avg=908.21, 90=1781, 99=2057, 99.9=2453, 99.99=2687] 
2024-01-13 04:21:51:073 2460 sec: 4239488 operations; 1003.5 current ops/sec; est completion in 9 minutes [INSERT: Count=10034, Max=3965, Min=21, Avg=992.84, 90=1548, 99=2415, 99.9=2513, 99.99=3189] 
2024-01-13 04:22:01:073 2470 sec: 4251676 operations; 1218.8 current ops/sec; est completion in 9 minutes [INSERT: Count=12188, Max=2667, Min=19, Avg=817.43, 90=1455, 99=2026, 99.9=2555, 99.99=2651] 
2024-01-13 04:22:11:073 2480 sec: 4263674 operations; 1199.8 current ops/sec; est completion in 9 minutes [INSERT: Count=11998, Max=2647, Min=19, Avg=830.06, 90=1472, 99=2139, 99.9=2591, 99.99=2643] 
2024-01-13 04:22:21:075 2490 sec: 4275910 operations; 1223.48 current ops/sec; est completion in 9 minutes [INSERT: Count=12236, Max=2633, Min=19, Avg=814.45, 90=1395, 99=2103, 99.9=2571, 99.99=2625] 
2024-01-13 04:22:31:073 2500 sec: 4288515 operations; 1260.63 current ops/sec; est completion in 9 minutes [INSERT: Count=12605, Max=2671, Min=21, Avg=790.37, 90=1396, 99=2095, 99.9=2567, 99.99=2609] 
2024-01-13 04:22:41:073 2510 sec: 4300988 operations; 1247.3 current ops/sec; est completion in 9 minutes [INSERT: Count=12473, Max=4503, Min=19, Avg=798.73, 90=1561, 99=2467, 99.9=2583, 99.99=2625] 
2024-01-13 04:22:51:077 2520 sec: 4312401 operations; 1141.19 current ops/sec; est completion in 9 minutes [INSERT: Count=11413, Max=2667, Min=20, Avg=873.72, 90=2004, 99=2381, 99.9=2565, 99.99=2611] 
2024-01-13 04:23:01:075 2530 sec: 4325472 operations; 1307.23 current ops/sec; est completion in 8 minutes [INSERT: Count=13071, Max=2783, Min=22, Avg=762.28, 90=1962, 99=2465, 99.9=2565, 99.99=2713] 
2024-01-13 04:23:11:073 2540 sec: 4343028 operations; 1755.6 current ops/sec; est completion in 8 minutes [INSERT: Count=17556, Max=2135, Min=21, Avg=566.48, 90=585, 99=608, 99.9=626, 99.99=814] 
2024-01-13 04:23:21:073 2550 sec: 4360552 operations; 1752.4 current ops/sec; est completion in 8 minutes [INSERT: Count=17525, Max=917, Min=20, Avg=567.71, 90=587, 99=606, 99.9=622, 99.99=841] 
2024-01-13 04:23:31:073 2560 sec: 4378045 operations; 1749.3 current ops/sec; est completion in 8 minutes [INSERT: Count=17493, Max=7363, Min=21, Avg=568.71, 90=585, 99=605, 99.9=624, 99.99=4107] 
2024-01-13 04:23:41:073 2570 sec: 4395489 operations; 1744.4 current ops/sec; est completion in 8 minutes [INSERT: Count=17444, Max=8767, Min=20, Avg=570.28, 90=585, 99=605, 99.9=643, 99.99=8011] 
2024-01-13 04:23:51:073 2580 sec: 4412926 operations; 1743.7 current ops/sec; est completion in 8 minutes [INSERT: Count=17437, Max=7019, Min=21, Avg=570.54, 90=586, 99=606, 99.9=652, 99.99=6375] 
2024-01-13 04:24:01:073 2590 sec: 4430378 operations; 1745.2 current ops/sec; est completion in 7 minutes [INSERT: Count=17451, Max=4307, Min=21, Avg=569.99, 90=585, 99=605, 99.9=637, 99.99=3619] 
2024-01-13 04:24:11:073 2600 sec: 4447847 operations; 1746.9 current ops/sec; est completion in 7 minutes [INSERT: Count=17469, Max=3469, Min=22, Avg=569.41, 90=585, 99=607, 99.9=652, 99.99=3373] 
2024-01-13 04:24:21:073 2610 sec: 4465283 operations; 1743.6 current ops/sec; est completion in 7 minutes [INSERT: Count=17436, Max=17663, Min=22, Avg=570.47, 90=585, 99=605, 99.9=650, 99.99=3129] 
2024-01-13 04:24:31:073 2620 sec: 4482681 operations; 1739.8 current ops/sec; est completion in 7 minutes [INSERT: Count=17398, Max=3267, Min=21, Avg=571.75, 90=588, 99=608, 99.9=636, 99.99=3189] 
2024-01-13 04:24:41:073 2630 sec: 4500096 operations; 1741.5 current ops/sec; est completion in 7 minutes [INSERT: Count=17415, Max=4159, Min=22, Avg=571.18, 90=587, 99=607, 99.9=637, 99.99=3379] 
2024-01-13 04:24:51:073 2640 sec: 4518801 operations; 1870.5 current ops/sec; est completion in 7 minutes [INSERT: Count=18705, Max=5703, Min=19, Avg=532.49, 90=580, 99=593, 99.9=617, 99.99=3147] 
2024-01-13 04:25:01:073 2650 sec: 4537873 operations; 1907.2 current ops/sec; est completion in 6 minutes [INSERT: Count=19072, Max=3287, Min=19, Avg=522.42, 90=529, 99=539, 99.9=553, 99.99=2993] 
2024-01-13 04:25:11:073 2660 sec: 4556016 operations; 1814.3 current ops/sec; est completion in 6 minutes [INSERT: Count=18143, Max=3297, Min=19, Avg=548.65, 90=585, 99=601, 99.9=634, 99.99=3199] 
2024-01-13 04:25:21:073 2670 sec: 4573888 operations; 1787.2 current ops/sec; est completion in 6 minutes [INSERT: Count=17872, Max=3213, Min=19, Avg=556.85, 90=585, 99=604, 99.9=648, 99.99=3061] 
2024-01-13 04:25:31:073 2680 sec: 4592177 operations; 1828.9 current ops/sec; est completion in 6 minutes [INSERT: Count=18289, Max=3103, Min=19, Avg=544.38, 90=584, 99=598, 99.9=652, 99.99=2921] 
2024-01-13 04:25:41:073 2690 sec: 4611290 operations; 1911.3 current ops/sec; est completion in 6 minutes [INSERT: Count=19114, Max=2967, Min=19, Avg=521.36, 90=529, 99=539, 99.9=549, 99.99=2871] 
2024-01-13 04:25:51:081 2700 sec: 4630236 operations; 1894.6 current ops/sec; est completion in 5 minutes [INSERT: Count=18957, Max=3493, Min=19, Avg=526.2, 90=538, 99=584, 99.9=610, 99.99=1693] 
2024-01-13 04:26:01:076 2710 sec: 4648182 operations; 1794.6 current ops/sec; est completion in 5 minutes [INSERT: Count=17935, Max=2217, Min=20, Avg=554.23, 90=594, 99=620, 99.9=678, 99.99=2115] 
2024-01-13 04:26:11:073 2720 sec: 4666905 operations; 1872.3 current ops/sec; est completion in 5 minutes [INSERT: Count=18722, Max=2799, Min=19, Avg=531.68, 90=547, 99=606, 99.9=637, 99.99=1502] 
2024-01-13 04:26:21:073 2730 sec: 4685864 operations; 1895.9 current ops/sec; est completion in 5 minutes [INSERT: Count=18960, Max=1951, Min=19, Avg=525.38, 90=539, 99=548, 99.9=560, 99.99=707] 
2024-01-13 04:26:31:077 2740 sec: 4703953 operations; 1808.54 current ops/sec; est completion in 5 minutes [INSERT: Count=18091, Max=2549, Min=20, Avg=550.45, 90=594, 99=621, 99.9=684, 99.99=1843] 
2024-01-13 04:26:41:073 2750 sec: 4722856 operations; 1890.68 current ops/sec; est completion in 5 minutes [INSERT: Count=18901, Max=1180, Min=19, Avg=526.74, 90=541, 99=550, 99.9=566, 99.99=941] 
2024-01-13 04:26:51:078 2760 sec: 4740639 operations; 1778.3 current ops/sec; est completion in 4 minutes [INSERT: Count=17788, Max=1102, Min=20, Avg=559.7, 90=601, 99=625, 99.9=651, 99.99=1062] 
2024-01-13 04:27:01:073 2770 sec: 4759431 operations; 1879.2 current ops/sec; est completion in 4 minutes [INSERT: Count=18786, Max=90431, Min=16, Avg=529.99, 90=540, 99=601, 99.9=633, 99.99=1082] 
2024-01-13 04:27:11:073 2780 sec: 4778687 operations; 1925.6 current ops/sec; est completion in 4 minutes [INSERT: Count=19257, Max=661, Min=17, Avg=517.5, 90=525, 99=537, 99.9=545, 99.99=630] 
2024-01-13 04:27:21:073 2790 sec: 4797886 operations; 1919.9 current ops/sec; est completion in 4 minutes [INSERT: Count=19198, Max=1867, Min=17, Avg=519.06, 90=528, 99=537, 99.9=546, 99.99=638] 
2024-01-13 04:27:31:073 2800 sec: 4816305 operations; 1841.9 current ops/sec; est completion in 4 minutes [INSERT: Count=18419, Max=700, Min=18, Avg=540.61, 90=583, 99=596, 99.9=620, 99.99=667] 
2024-01-13 04:27:41:073 2810 sec: 4835460 operations; 1915.5 current ops/sec; est completion in 3 minutes [INSERT: Count=19156, Max=2079, Min=18, Avg=520.19, 90=529, 99=539, 99.9=548, 99.99=898] 
2024-01-13 04:27:51:073 2820 sec: 4854621 operations; 1916.1 current ops/sec; est completion in 3 minutes [INSERT: Count=19160, Max=681, Min=18, Avg=520.07, 90=529, 99=539, 99.9=546, 99.99=637] 
2024-01-13 04:28:01:073 2830 sec: 4872938 operations; 1831.7 current ops/sec; est completion in 3 minutes [INSERT: Count=18317, Max=5111, Min=19, Avg=543.52, 90=586, 99=601, 99.9=620, 99.99=738] 
2024-01-13 04:28:11:073 2840 sec: 4891428 operations; 1849 current ops/sec; est completion in 3 minutes [INSERT: Count=18491, Max=2185, Min=18, Avg=538.59, 90=584, 99=596, 99.9=619, 99.99=747] 
2024-01-13 04:28:21:073 2850 sec: 4910555 operations; 1912.7 current ops/sec; est completion in 3 minutes [INSERT: Count=19127, Max=1957, Min=18, Avg=521.02, 90=530, 99=539, 99.9=549, 99.99=566] 
2024-01-13 04:28:31:075 2860 sec: 4929731 operations; 1917.41 current ops/sec; est completion in 3 minutes [INSERT: Count=19175, Max=1538, Min=18, Avg=519.79, 90=527, 99=538, 99.9=547, 99.99=660] 
2024-01-13 04:28:41:073 2870 sec: 4947595 operations; 1786.58 current ops/sec; est completion in 2 minutes [INSERT: Count=17864, Max=2095, Min=19, Avg=556.97, 90=585, 99=601, 99.9=632, 99.99=810] 
2024-01-13 04:28:51:073 2880 sec: 4965669 operations; 1807.4 current ops/sec; est completion in 2 minutes [INSERT: Count=18074, Max=993, Min=19, Avg=550.77, 90=586, 99=601, 99.9=621, 99.99=724] 
2024-01-13 04:29:01:073 2890 sec: 4983711 operations; 1804.2 current ops/sec; est completion in 2 minutes [INSERT: Count=18044, Max=2213, Min=19, Avg=551.69, 90=587, 99=602, 99.9=621, 99.99=959] 
2024-01-13 04:29:11:075 2900 sec: 5001171 operations; 1746 current ops/sec; est completion in 2 minutes [INSERT: Count=17460, Max=2179, Min=22, Avg=569.87, 90=587, 99=608, 99.9=628, 99.99=1980] 
2024-01-13 04:29:21:077 2910 sec: 5018713 operations; 1754.2 current ops/sec; est completion in 2 minutes [INSERT: Count=17541, Max=2549, Min=20, Avg=567.27, 90=591, 99=611, 99.9=667, 99.99=2125] 
2024-01-13 04:29:31:073 2920 sec: 5036299 operations; 1758.6 current ops/sec; est completion in 2 minutes [INSERT: Count=17585, Max=2329, Min=18, Avg=565.52, 90=589, 99=610, 99.9=634, 99.99=2149] 
2024-01-13 04:29:41:073 2930 sec: 5054197 operations; 1789.8 current ops/sec; est completion in 1 minute [INSERT: Count=17899, Max=2131, Min=19, Avg=556.07, 90=586, 99=605, 99.9=644, 99.99=2093] 
2024-01-13 04:29:51:073 2940 sec: 5072524 operations; 1832.7 current ops/sec; est completion in 1 minute [INSERT: Count=18326, Max=2081, Min=19, Avg=543.25, 90=584, 99=599, 99.9=643, 99.99=2015] 
2024-01-13 04:30:01:073 2950 sec: 5089904 operations; 1738 current ops/sec; est completion in 1 minute [INSERT: Count=17380, Max=3979, Min=22, Avg=572.38, 90=593, 99=612, 99.9=670, 99.99=3231] 
2024-01-13 04:30:11:073 2960 sec: 5107392 operations; 1748.8 current ops/sec; est completion in 1 minute [INSERT: Count=17488, Max=3295, Min=20, Avg=568.89, 90=593, 99=612, 99.9=646, 99.99=3229] 
2024-01-13 04:30:21:073 2970 sec: 5124830 operations; 1743.8 current ops/sec; est completion in 1 minute [INSERT: Count=17438, Max=3245, Min=20, Avg=570.51, 90=593, 99=611, 99.9=688, 99.99=3179] 
2024-01-13 04:30:31:073 2980 sec: 5142840 operations; 1801 current ops/sec; est completion in 58 seconds [INSERT: Count=18011, Max=5375, Min=19, Avg=552.73, 90=590, 99=606, 99.9=633, 99.99=3173] 
2024-01-13 04:30:41:073 2990 sec: 5160539 operations; 1769.9 current ops/sec; est completion in 48 seconds [INSERT: Count=17699, Max=3183, Min=20, Avg=562.27, 90=591, 99=611, 99.9=680, 99.99=3121] 
2024-01-13 04:30:51:073 3000 sec: 5178564 operations; 1802.5 current ops/sec; est completion in 38 seconds [INSERT: Count=18024, Max=3049, Min=19, Avg=552.27, 90=586, 99=605, 99.9=792, 99.99=2991] 
2024-01-13 04:31:01:086 3010 sec: 5196096 operations; 1753.02 current ops/sec; est completion in 28 seconds [INSERT: Count=17544, Max=7723, Min=20, Avg=567.85, 90=588, 99=610, 99.9=903, 99.99=2507] 
2024-01-13 04:31:11:081 3020 sec: 5213081 operations; 1698.67 current ops/sec; est completion in 18 seconds [INSERT: Count=16973, Max=6691, Min=22, Avg=584.78, 90=603, 99=638, 99.9=1934, 99.99=3175] 
2024-01-13 04:31:21:073 3030 sec: 5230186 operations; 1710.5 current ops/sec; est completion in 8 second [INSERT: Count=17106, Max=17935, Min=23, Avg=580.78, 90=611, 99=630, 99.9=1843, 99.99=2171] 
2024-01-13 04:31:28:622 3037 sec: 5242880 operations; 1681.77 current ops/sec; [CLEANUP: Count=1, Max=167423, Min=167296, Avg=167360, 90=167423, 99=167423, 99.9=167423, 99.99=167423] [INSERT: Count=12693, Max=3711, Min=23, Avg=577.86, 90=608, 99=627, 99.9=1348, 99.99=2139] 
