[OVERALL], RunTime(ms), 285289
[OVERALL], Throughput(ops/sec), 18377.43481171724
[TOTAL_GCS_G1_Young_Generation], Count, 130
[TOTAL_GC_TIME_G1_Young_Generation], Time(ms), 222
[TOTAL_GC_TIME_%_G1_Young_Generation], Time(%), 0.07781582886125998
[TOTAL_GCS_G1_Old_Generation], Count, 0
[TOTAL_GC_TIME_G1_Old_Generation], Time(ms), 0
[TOTAL_GC_TIME_%_G1_Old_Generation], Time(%), 0.0
[TOTAL_GCs], Count, 130
[TOTAL_GC_TIME], Time(ms), 222
[TOTAL_GC_TIME_%], Time(%), 0.07781582886125998
[CLEANUP], Operations, 1
[CLEANUP], AverageLatency(us), 182720.0
[CLEANUP], MinLatency(us), 182656
[CLEANUP], MaxLatency(us), 182783
[CLEANUP], 95thPercentileLatency(us), 182783
[CLEANUP], 99thPercentileLatency(us), 182783
[INSERT], Operations, 5242880
[INSERT], AverageLatency(us), 52.156720352172854
[INSERT], MinLatency(us), 14
[INSERT], MaxLatency(us), 74367
[INSERT], 95thPercentileLatency(us), 97
[INSERT], 99thPercentileLatency(us), 298
[INSERT], Return=OK, 5242880
