[OVERALL], RunTime(ms), 939447
[OVERALL], Throughput(ops/sec), 1064.4560044366526
[TOTAL_GCS_G1_Young_Generation], Count, 8
[TOTAL_GC_TIME_G1_Young_Generation], Time(ms), 43
[TOTAL_GC_TIME_%_G1_Young_Generation], Time(%), 0.004577160819077606
[TOTAL_GCS_G1_Old_Generation], Count, 0
[TOTAL_GC_TIME_G1_Old_Generation], Time(ms), 0
[TOTAL_GC_TIME_%_G1_Old_Generation], Time(%), 0.0
[TOTAL_GCs], Count, 8
[TOTAL_GC_TIME], Time(ms), 43
[TOTAL_GC_TIME_%], Time(%), 0.004577160819077606
[READ], Operations, 950028
[READ], AverageLatency(us), 168.1652435507164
[READ], MinLatency(us), 3
[READ], MaxLatency(us), 249215
[READ], 95thPercentileLatency(us), 527
[READ], 99thPercentileLatency(us), 1821
[READ], Return=OK, 950028
[CLEANUP], Operations, 1
[CLEANUP], AverageLatency(us), 803584.0
[CLEANUP], MinLatency(us), 803328
[CLEANUP], MaxLatency(us), 803839
[CLEANUP], 95thPercentileLatency(us), 803839
[CLEANUP], 99thPercentileLatency(us), 803839
[UPDATE], Operations, 49972
[UPDATE], AverageLatency(us), 781.8867966060994
[UPDATE], MinLatency(us), 23
[UPDATE], MaxLatency(us), 9063
[UPDATE], 95thPercentileLatency(us), 1555
[UPDATE], 99thPercentileLatency(us), 2729
[UPDATE], Return=OK, 49972
