[WARN]  Running against a source checkout. In order to get our runtime dependencies we'll have to invoke Maven. Depending on the state of your system, this may take ~30-45 seconds
[DEBUG]  Running 'mvn -pl site.ycsb:rocksdb-binding -am package -DskipTests dependency:build-classpath -DincludeScope=compile -Dmdep.outputFilterFile=true'
java -cp /home/user/src/rocksdb-cheops-2024/ycsb/rocksdb/conf:/home/user/src/rocksdb-cheops-2024/ycsb/rocksdb/target/rocksdb-binding-0.18.0-SNAPSHOT.jar:/root/.m2/repository/org/apache/htrace/htrace-core4/4.1.0-incubating/htrace-core4-4.1.0-incubating.jar:/root/.m2/repository/org/slf4j/slf4j-api/1.7.25/slf4j-api-1.7.25.jar:/home/user/src/rocksdb-cheops-2024/rocksdb-ycsb/java/target/rocksdbjni-7.4.3-linux64.jar:/root/.m2/repository/net/jcip/jcip-annotations/1.0/jcip-annotations-1.0.jar:/root/.m2/repository/org/hdrhistogram/HdrHistogram/2.1.4/HdrHistogram-2.1.4.jar:/root/.m2/repository/org/codehaus/jackson/jackson-mapper-asl/1.9.4/jackson-mapper-asl-1.9.4.jar:/lib/libzbd.so.1:/root/.m2/repository/org/codehaus/jackson/jackson-core-asl/1.9.4/jackson-core-asl-1.9.4.jar:/home/user/src/rocksdb-cheops-2024/rocksdb-ycsb/java/target/librocksdbjni-linux64.so:/home/user/src/rocksdb-cheops-2024/ycsb/core/target/core-0.18.0-SNAPSHOT.jar site.ycsb.Client -db site.ycsb.db.rocksdb.RocksDBClient -s -P ./workloads/workloada -p recordcount=5242880 -p operationcount=1000000 -p fieldlength=386 -p fieldcount=10 -t
Command line: -db site.ycsb.db.rocksdb.RocksDBClient -s -P ./workloads/workloada -p recordcount=5242880 -p operationcount=1000000 -p fieldlength=386 -p fieldcount=10 -t
YCSB Client 0.18.0-SNAPSHOT

Loading workload...
Starting test.
SLF4J: Failed to load class "org.slf4j.impl.StaticLoggerBinder".
SLF4J: Defaulting to no-operation (NOP) logger implementation
SLF4J: See http://www.slf4j.org/codes.html#StaticLoggerBinder for further details.
2024-01-12 10:30:35:366 0 sec: 0 operations; est completion in 0 second 
Leet YCSB 
2024-01-12 10:30:45:330 10 sec: 0 operations; est completion in 106751991167300 days 15 hours 
2024-01-12 10:30:55:329 20 sec: 0 operations; est completion in 106751991167300 days 15 hours 
2024-01-12 10:31:05:329 30 sec: 0 operations; est completion in 106751991167300 days 15 hours 
2024-01-12 10:31:15:329 40 sec: 0 operations; est completion in 106751991167300 days 15 hours 
2024-01-12 10:31:25:329 50 sec: 0 operations; est completion in 106751991167300 days 15 hours 
2024-01-12 10:31:35:329 60 sec: 0 operations; est completion in 106751991167300 days 15 hours 
2024-01-12 10:31:45:329 70 sec: 0 operations; est completion in 106751991167300 days 15 hours 
2024-01-12 10:31:55:329 80 sec: 0 operations; est completion in 106751991167300 days 15 hours 
2024-01-12 10:32:05:329 90 sec: 0 operations; est completion in 106751991167300 days 15 hours 
2024-01-12 10:32:15:329 100 sec: 0 operations; est completion in 106751991167300 days 15 hours 
2024-01-12 10:32:25:330 110 sec: 0 operations; est completion in 106751991167300 days 15 hours 
2024-01-12 10:32:35:329 120 sec: 0 operations; est completion in 106751991167300 days 15 hours 
2024-01-12 10:32:45:329 130 sec: 0 operations; est completion in 106751991167300 days 15 hours 
2024-01-12 10:32:55:329 140 sec: 0 operations; est completion in 106751991167300 days 15 hours 
2024-01-12 10:33:05:330 150 sec: 0 operations; est completion in 106751991167300 days 15 hours 
2024-01-12 10:33:15:329 160 sec: 0 operations; est completion in 106751991167300 days 15 hours 
2024-01-12 10:33:25:330 170 sec: 0 operations; est completion in 106751991167300 days 15 hours 
2024-01-12 10:33:35:330 180 sec: 0 operations; est completion in 106751991167300 days 15 hours 
2024-01-12 10:33:45:330 190 sec: 0 operations; est completion in 106751991167300 days 15 hours 
DBWrapper: report latency for each error is false and specific error codes to track for latency are: []
2024-01-12 10:33:55:330 200 sec: 1395 operations; 139.5 current ops/sec; est completion in 1 day 15 hours [READ: Count=705, Max=3445, Min=9, Avg=842.36, 90=2323, 99=3007, 99.9=3433, 99.99=3445] [UPDATE: Count=697, Max=4343, Min=48, Avg=1201.92, 90=2507, 99=3575, 99.9=4033, 99.99=4343] 
2024-01-12 10:34:05:330 210 sec: 14693 operations; 1329.8 current ops/sec; est completion in 3 hours 54 minutes [READ: Count=6606, Max=3625, Min=4, Avg=554.03, 90=1537, 99=2941, 99.9=3381, 99.99=3623] [UPDATE: Count=6690, Max=15023, Min=23, Avg=933.68, 90=2075, 99=3467, 99.9=3845, 99.99=4463] 
2024-01-12 10:34:15:329 220 sec: 31973 operations; 1728 current ops/sec; est completion in 1 hour 51 minutes [READ: Count=8722, Max=3135, Min=7, Avg=375.42, 90=1032, 99=2667, 99.9=2953, 99.99=3095] [UPDATE: Count=8557, Max=4347, Min=37, Avg=775.76, 90=1696, 99=3065, 99.9=3483, 99.99=4163] 
2024-01-12 10:34:25:330 230 sec: 47411 operations; 1543.8 current ops/sec; est completion in 1 hour 17 minutes [READ: Count=7603, Max=4243, Min=7, Avg=425.54, 90=1179, 99=2565, 99.9=2757, 99.99=2869] [UPDATE: Count=7835, Max=4795, Min=37, Avg=853.51, 90=1949, 99=3085, 99.9=3409, 99.99=3669] 
2024-01-12 10:34:35:329 240 sec: 65148 operations; 1773.7 current ops/sec; est completion in 57 minutes [READ: Count=8770, Max=3189, Min=4, Avg=351.22, 90=976, 99=2511, 99.9=2767, 99.99=2957] [UPDATE: Count=8964, Max=6779, Min=24, Avg=763.55, 90=1665, 99=3017, 99.9=3319, 99.99=6747] 
2024-01-12 10:34:45:329 250 sec: 84354 operations; 1920.6 current ops/sec; est completion in 45 minutes [READ: Count=9736, Max=253951, Min=3, Avg=359.83, 90=876, 99=2325, 99.9=2607, 99.99=2877] [UPDATE: Count=9470, Max=5275, Min=18, Avg=681.08, 90=1432, 99=2823, 99.9=3311, 99.99=4303] 
2024-01-12 10:34:55:329 260 sec: 106960 operations; 2260.6 current ops/sec; est completion in 36 minutes [READ: Count=11289, Max=2689, Min=3, Avg=267.32, 90=689, 99=2217, 99.9=2591, 99.99=2667] [UPDATE: Count=11320, Max=3193, Min=20, Avg=612.17, 90=1260, 99=2705, 99.9=3077, 99.99=3161] 
2024-01-12 10:35:05:329 270 sec: 128654 operations; 2169.4 current ops/sec; est completion in 30 minutes [READ: Count=10857, Max=244735, Min=3, Avg=292.82, 90=703, 99=2167, 99.9=2409, 99.99=3197] [UPDATE: Count=10834, Max=233215, Min=17, Avg=624.9, 90=1232, 99=2649, 99.9=2929, 99.99=6051] 
2024-01-12 10:35:15:329 280 sec: 150755 operations; 2210.1 current ops/sec; est completion in 26 minutes [READ: Count=10941, Max=2587, Min=3, Avg=277.04, 90=722, 99=2159, 99.9=2385, 99.99=2445] [UPDATE: Count=11165, Max=5427, Min=18, Avg=619.73, 90=1304, 99=2627, 99.9=2913, 99.99=2961] 
2024-01-12 10:35:25:329 290 sec: 173905 operations; 2315 current ops/sec; est completion in 22 minutes [READ: Count=11502, Max=4835, Min=3, Avg=252.92, 90=642, 99=2123, 99.9=2369, 99.99=2429] [UPDATE: Count=11643, Max=3137, Min=16, Avg=604.17, 90=1252, 99=2631, 99.9=2907, 99.99=3031] 
2024-01-12 10:35:35:329 300 sec: 197496 operations; 2359.1 current ops/sec; est completion in 20 minutes [READ: Count=11812, Max=2571, Min=3, Avg=251.22, 90=660, 99=2111, 99.9=2377, 99.99=2453] [UPDATE: Count=11780, Max=3103, Min=19, Avg=592.2, 90=1204, 99=2605, 99.9=2917, 99.99=2991] 
2024-01-12 10:35:45:329 310 sec: 221164 operations; 2366.8 current ops/sec; est completion in 18 minutes [READ: Count=11836, Max=2507, Min=3, Avg=247.01, 90=671, 99=1990, 99.9=2365, 99.99=2441] [UPDATE: Count=11835, Max=3101, Min=19, Avg=593.32, 90=1230, 99=2603, 99.9=2891, 99.99=3019] 
2024-01-12 10:35:55:329 320 sec: 246768 operations; 2560.4 current ops/sec; est completion in 16 minutes [READ: Count=12825, Max=5259, Min=3, Avg=212.51, 90=515, 99=1853, 99.9=2333, 99.99=2419] [UPDATE: Count=12780, Max=6179, Min=19, Avg=564.8, 90=1174, 99=2529, 99.9=2877, 99.99=3137] 
2024-01-12 10:36:05:329 330 sec: 273692 operations; 2692.4 current ops/sec; est completion in 14 minutes [READ: Count=13267, Max=2489, Min=3, Avg=196.22, 90=479, 99=1855, 99.9=2353, 99.99=2455] [UPDATE: Count=13651, Max=2977, Min=17, Avg=537.45, 90=1108, 99=2453, 99.9=2871, 99.99=2947] 
2024-01-12 10:36:15:329 340 sec: 306451 operations; 3275.9 current ops/sec; est completion in 12 minutes [READ: Count=16389, Max=243839, Min=3, Avg=150.05, 90=301, 99=675, 99.9=2061, 99.99=2395] [UPDATE: Count=16376, Max=239615, Min=19, Avg=456.62, 90=811, 99=1431, 99.9=2691, 99.99=5099] 
2024-01-12 10:36:25:329 350 sec: 344205 operations; 3775.4 current ops/sec; est completion in 11 minutes [READ: Count=18763, Max=636, Min=3, Avg=124.3, 90=294, 99=434, 99.9=528, 99.99=568] [UPDATE: Count=18988, Max=5591, Min=17, Avg=399.85, 90=720, 99=958, 99.9=1024, 99.99=1108] 
2024-01-12 10:36:35:329 360 sec: 380886 operations; 3668.1 current ops/sec; est completion in 9 minutes [READ: Count=18333, Max=681, Min=4, Avg=127.38, 90=299, 99=454, 99.9=564, 99.99=618] [UPDATE: Count=18349, Max=1267, Min=19, Avg=413.13, 90=755, 99=976, 99.9=1083, 99.99=1135] 
2024-01-12 10:36:45:329 370 sec: 418434 operations; 3754.8 current ops/sec; est completion in 8 minutes [READ: Count=18650, Max=641, Min=3, Avg=120.6, 90=292, 99=438, 99.9=536, 99.99=580] [UPDATE: Count=18896, Max=5831, Min=20, Avg=406.04, 90=741, 99=961, 99.9=1048, 99.99=1227] 
2024-01-12 10:36:55:329 380 sec: 455017 operations; 3658.3 current ops/sec; est completion in 7 minutes [READ: Count=18161, Max=3021, Min=3, Avg=123.76, 90=292, 99=458, 99.9=544, 99.99=616] [UPDATE: Count=18422, Max=5743, Min=18, Avg=416.3, 90=759, 99=976, 99.9=1071, 99.99=1155] 
2024-01-12 10:37:05:329 390 sec: 492186 operations; 3716.9 current ops/sec; est completion in 6 minutes [READ: Count=18654, Max=2059, Min=3, Avg=121.85, 90=290, 99=452, 99.9=540, 99.99=598] [UPDATE: Count=18515, Max=4695, Min=18, Avg=412.7, 90=749, 99=966, 99.9=1092, 99.99=3213] 
2024-01-12 10:37:15:329 400 sec: 529551 operations; 3736.5 current ops/sec; est completion in 5 minutes [READ: Count=18754, Max=3775, Min=3, Avg=119.22, 90=285, 99=447, 99.9=540, 99.99=2935] [UPDATE: Count=18613, Max=5535, Min=17, Avg=412.58, 90=749, 99=972, 99.9=1070, 99.99=3607] 
2024-01-12 10:37:25:329 410 sec: 567481 operations; 3793 current ops/sec; est completion in 5 minutes [READ: Count=18951, Max=5187, Min=3, Avg=116.48, 90=281, 99=437, 99.9=529, 99.99=1176] [UPDATE: Count=18978, Max=3355, Min=17, Avg=406.08, 90=743, 99=958, 99.9=1075, 99.99=1708] 
2024-01-12 10:37:35:329 420 sec: 605740 operations; 3825.9 current ops/sec; est completion in 4 minutes [READ: Count=19270, Max=2985, Min=3, Avg=114.18, 90=271, 99=445, 99.9=535, 99.99=656] [UPDATE: Count=18988, Max=3675, Min=18, Avg=406.11, 90=744, 99=951, 99.9=1071, 99.99=3305] 
2024-01-12 10:37:45:329 430 sec: 644269 operations; 3852.9 current ops/sec; est completion in 3 minutes [READ: Count=19430, Max=3177, Min=3, Avg=112.26, 90=257, 99=432, 99.9=537, 99.99=3007] [UPDATE: Count=19102, Max=5671, Min=19, Avg=404.69, 90=743, 99=956, 99.9=1080, 99.99=3431] 
2024-01-12 10:37:55:329 440 sec: 682669 operations; 3840 current ops/sec; est completion in 3 minutes [READ: Count=19254, Max=2803, Min=3, Avg=111.17, 90=245, 99=430, 99.9=532, 99.99=568] [UPDATE: Count=19144, Max=5135, Min=18, Avg=405.92, 90=747, 99=933, 99.9=1071, 99.99=3569] 
2024-01-12 10:38:05:329 450 sec: 721154 operations; 3848.5 current ops/sec; est completion in 2 minutes [READ: Count=19191, Max=2873, Min=4, Avg=109.93, 90=241, 99=427, 99.9=539, 99.99=2749] [UPDATE: Count=19295, Max=3601, Min=20, Avg=404.18, 90=744, 99=943, 99.9=1081, 99.99=3397] 
2024-01-12 10:38:15:329 460 sec: 759406 operations; 3825.2 current ops/sec; est completion in 2 minutes [READ: Count=19044, Max=2951, Min=4, Avg=110.23, 90=245, 99=441, 99.9=553, 99.99=1629] [UPDATE: Count=19208, Max=5447, Min=17, Avg=406.42, 90=751, 99=951, 99.9=1091, 99.99=3443] 
2024-01-12 10:38:25:329 470 sec: 798325 operations; 3891.9 current ops/sec; est completion in 1 minute [READ: Count=19424, Max=2815, Min=3, Avg=106.37, 90=232, 99=415, 99.9=527, 99.99=2675] [UPDATE: Count=19495, Max=7799, Min=18, Avg=402.47, 90=742, 99=933, 99.9=1064, 99.99=3677] 
2024-01-12 10:38:35:329 480 sec: 837628 operations; 3930.3 current ops/sec; est completion in 1 minute [READ: Count=19721, Max=2943, Min=3, Avg=104.56, 90=230, 99=419, 99.9=523, 99.99=567] [UPDATE: Count=19580, Max=4171, Min=20, Avg=400.88, 90=743, 99=921, 99.9=1040, 99.99=3329] 
2024-01-12 10:38:45:329 490 sec: 876935 operations; 3930.7 current ops/sec; est completion in 1 minute [READ: Count=19674, Max=2853, Min=3, Avg=104.33, 90=232, 99=417, 99.9=517, 99.99=689] [UPDATE: Count=19633, Max=5371, Min=19, Avg=399.93, 90=745, 99=919, 99.9=1092, 99.99=3451] 
2024-01-12 10:38:55:329 500 sec: 917065 operations; 4013 current ops/sec; est completion in 46 seconds [READ: Count=20136, Max=2999, Min=4, Avg=100.82, 90=223, 99=408, 99.9=514, 99.99=1676] [UPDATE: Count=19995, Max=3571, Min=17, Avg=394.04, 90=737, 99=893, 99.9=1053, 99.99=3471] 
2024-01-12 10:39:05:329 510 sec: 956700 operations; 3963.5 current ops/sec; est completion in 24 seconds [READ: Count=19858, Max=3017, Min=4, Avg=102.74, 90=232, 99=401, 99.9=513, 99.99=568] [UPDATE: Count=19777, Max=3943, Min=19, Avg=397.62, 90=745, 99=915, 99.9=1080, 99.99=3421] 
2024-01-12 10:39:15:329 520 sec: 997020 operations; 4032 current ops/sec; est completion in 2 second [READ: Count=20108, Max=3033, Min=3, Avg=98.63, 90=222, 99=403, 99.9=513, 99.99=2853] [UPDATE: Count=20212, Max=3905, Min=20, Avg=391.92, 90=738, 99=901, 99.9=1047, 99.99=3111] 
2024-01-12 10:39:16:843 521 sec: 1000000 operations; 1968.3 current ops/sec; [READ: Count=1484, Max=502, Min=5, Avg=97.55, 90=221, 99=420, 99.9=495, 99.99=502] [CLEANUP: Count=1, Max=783359, Min=782848, Avg=783104, 90=783359, 99=783359, 99.9=783359, 99.99=783359] [UPDATE: Count=1493, Max=1041, Min=21, Avg=386.73, 90=733, 99=869, 99.9=1007, 99.99=1041] 
