[WARN]  Running against a source checkout. In order to get our runtime dependencies we'll have to invoke Maven. Depending on the state of your system, this may take ~30-45 seconds
[DEBUG]  Running 'mvn -pl site.ycsb:rocksdb-binding -am package -DskipTests dependency:build-classpath -DincludeScope=compile -Dmdep.outputFilterFile=true'
java -cp /home/user/src/rocksdb-cheops-2024/ycsb/rocksdb/conf:/home/user/src/rocksdb-cheops-2024/ycsb/rocksdb/target/rocksdb-binding-0.18.0-SNAPSHOT.jar:/root/.m2/repository/org/apache/htrace/htrace-core4/4.1.0-incubating/htrace-core4-4.1.0-incubating.jar:/root/.m2/repository/org/slf4j/slf4j-api/1.7.25/slf4j-api-1.7.25.jar:/home/user/src/rocksdb-cheops-2024/rocksdb-ycsb/java/target/rocksdbjni-7.4.3-linux64.jar:/root/.m2/repository/net/jcip/jcip-annotations/1.0/jcip-annotations-1.0.jar:/root/.m2/repository/org/hdrhistogram/HdrHistogram/2.1.4/HdrHistogram-2.1.4.jar:/root/.m2/repository/org/codehaus/jackson/jackson-mapper-asl/1.9.4/jackson-mapper-asl-1.9.4.jar:/lib/libzbd.so.1:/root/.m2/repository/org/codehaus/jackson/jackson-core-asl/1.9.4/jackson-core-asl-1.9.4.jar:/home/user/src/rocksdb-cheops-2024/rocksdb-ycsb/java/target/librocksdbjni-linux64.so:/home/user/src/rocksdb-cheops-2024/ycsb/core/target/core-0.18.0-SNAPSHOT.jar site.ycsb.Client -db site.ycsb.db.rocksdb.RocksDBClient -s -P ./workloads/workloadc -p recordcount=5242880 -p operationcount=1000000 -p fieldlength=386 -p fieldcount=10 -load
Command line: -db site.ycsb.db.rocksdb.RocksDBClient -s -P ./workloads/workloadc -p recordcount=5242880 -p operationcount=1000000 -p fieldlength=386 -p fieldcount=10 -load
YCSB Client 0.18.0-SNAPSHOT

Loading workload...
Starting test.
SLF4J: Failed to load class "org.slf4j.impl.StaticLoggerBinder".
SLF4J: Defaulting to no-operation (NOP) logger implementation
SLF4J: See http://www.slf4j.org/codes.html#StaticLoggerBinder for further details.
2024-01-13 01:25:36:495 0 sec: 0 operations; est completion in 0 second 
Leet YCSB 
DBWrapper: report latency for each error is false and specific error codes to track for latency are: []
2024-01-13 01:25:46:456 10 sec: 12610 operations; 1260.87 current ops/sec; est completion in 1 hour 9 minutes [INSERT: Count=12614, Max=20367, Min=21, Avg=579.43, 90=619, 99=649, 99.9=746, 99.99=3881] 
2024-01-13 01:25:56:456 20 sec: 29337 operations; 1672.87 current ops/sec; est completion in 59 minutes [INSERT: Count=16724, Max=3095, Min=33, Avg=591.76, 90=624, 99=657, 99.9=730, 99.99=2327] 
2024-01-13 01:26:06:456 30 sec: 46036 operations; 1669.9 current ops/sec; est completion in 56 minutes [INSERT: Count=16699, Max=5843, Min=25, Avg=593.26, 90=623, 99=656, 99.9=695, 99.99=3343] 
2024-01-13 01:26:16:456 40 sec: 63303 operations; 1726.7 current ops/sec; est completion in 54 minutes [INSERT: Count=17267, Max=3371, Min=25, Avg=575.09, 90=596, 99=619, 99.9=663, 99.99=3207] 
2024-01-13 01:26:26:456 50 sec: 80700 operations; 1739.7 current ops/sec; est completion in 53 minutes [INSERT: Count=17397, Max=3355, Min=24, Avg=571.74, 90=595, 99=619, 99.9=676, 99.99=3325] 
2024-01-13 01:26:36:456 60 sec: 97896 operations; 1719.6 current ops/sec; est completion in 52 minutes [INSERT: Count=17196, Max=5159, Min=24, Avg=578.31, 90=601, 99=622, 99.9=651, 99.99=3525] 
2024-01-13 01:26:46:456 70 sec: 115449 operations; 1755.3 current ops/sec; est completion in 51 minutes [INSERT: Count=17553, Max=3323, Min=22, Avg=566.74, 90=597, 99=618, 99.9=651, 99.99=3241] 
2024-01-13 01:26:56:456 80 sec: 132696 operations; 1724.7 current ops/sec; est completion in 51 minutes [INSERT: Count=17247, Max=5595, Min=23, Avg=576.84, 90=597, 99=620, 99.9=643, 99.99=2505] 
2024-01-13 01:27:06:456 90 sec: 150564 operations; 1786.8 current ops/sec; est completion in 50 minutes [INSERT: Count=17868, Max=3411, Min=21, Avg=557.19, 90=594, 99=614, 99.9=646, 99.99=3371] 
2024-01-13 01:27:16:456 100 sec: 168652 operations; 1808.8 current ops/sec; est completion in 50 minutes [INSERT: Count=18088, Max=5507, Min=21, Avg=550.39, 90=594, 99=614, 99.9=639, 99.99=3321] 
2024-01-13 01:27:26:456 110 sec: 185883 operations; 1723.1 current ops/sec; est completion in 49 minutes [INSERT: Count=17231, Max=3379, Min=24, Avg=577.44, 90=598, 99=621, 99.9=646, 99.99=3263] 
2024-01-13 01:27:36:456 120 sec: 203501 operations; 1761.8 current ops/sec; est completion in 49 minutes [INSERT: Count=17618, Max=3257, Min=22, Avg=564.97, 90=598, 99=622, 99.9=654, 99.99=3213] 
2024-01-13 01:27:46:456 130 sec: 220917 operations; 1741.6 current ops/sec; est completion in 49 minutes [INSERT: Count=17416, Max=5975, Min=23, Avg=571.4, 90=599, 99=621, 99.9=670, 99.99=3311] 
2024-01-13 01:27:56:456 140 sec: 238795 operations; 1787.8 current ops/sec; est completion in 48 minutes [INSERT: Count=17878, Max=3401, Min=23, Avg=556.85, 90=597, 99=617, 99.9=658, 99.99=3259] 
2024-01-13 01:28:06:456 150 sec: 256958 operations; 1816.3 current ops/sec; est completion in 48 minutes [INSERT: Count=18163, Max=5711, Min=23, Avg=548.23, 90=593, 99=611, 99.9=640, 99.99=3049] 
2024-01-13 01:28:16:456 160 sec: 274767 operations; 1780.9 current ops/sec; est completion in 48 minutes [INSERT: Count=17810, Max=3175, Min=22, Avg=558.99, 90=596, 99=616, 99.9=639, 99.99=3039] 
2024-01-13 01:28:26:456 170 sec: 292671 operations; 1790.4 current ops/sec; est completion in 47 minutes [INSERT: Count=17903, Max=5599, Min=24, Avg=556, 90=598, 99=625, 99.9=739, 99.99=2337] 
2024-01-13 01:28:36:456 180 sec: 310663 operations; 1799.2 current ops/sec; est completion in 47 minutes [INSERT: Count=17992, Max=6063, Min=22, Avg=553.29, 90=600, 99=629, 99.9=674, 99.99=3163] 
2024-01-13 01:28:46:456 190 sec: 329188 operations; 1852.5 current ops/sec; est completion in 47 minutes [INSERT: Count=18526, Max=7015, Min=24, Avg=537.52, 90=552, 99=564, 99.9=582, 99.99=2897] 
2024-01-13 01:28:56:456 200 sec: 347798 operations; 1861 current ops/sec; est completion in 46 minutes [INSERT: Count=18609, Max=1335, Min=22, Avg=535.2, 90=550, 99=562, 99.9=575, 99.99=672] 
2024-01-13 01:29:06:458 210 sec: 366230 operations; 1842.83 current ops/sec; est completion in 46 minutes [INSERT: Count=18435, Max=3213, Min=22, Avg=540.47, 90=558, 99=622, 99.9=679, 99.99=2995] 
2024-01-13 01:29:16:456 220 sec: 382988 operations; 1676.14 current ops/sec; est completion in 46 minutes [INSERT: Count=16756, Max=6939, Min=28, Avg=593.17, 90=629, 99=654, 99.9=750, 99.99=2873] 
2024-01-13 01:29:26:456 230 sec: 399847 operations; 1685.9 current ops/sec; est completion in 46 minutes [INSERT: Count=16858, Max=1435, Min=25, Avg=589.75, 90=627, 99=652, 99.9=680, 99.99=1334] 
2024-01-13 01:29:36:456 240 sec: 416777 operations; 1693 current ops/sec; est completion in 46 minutes [INSERT: Count=16930, Max=5579, Min=27, Avg=587.53, 90=620, 99=646, 99.9=695, 99.99=2181] 
2024-01-13 01:29:46:456 250 sec: 433833 operations; 1705.6 current ops/sec; est completion in 46 minutes [INSERT: Count=17056, Max=730, Min=26, Avg=583.29, 90=613, 99=636, 99.9=663, 99.99=686] 
2024-01-13 01:29:56:456 260 sec: 452184 operations; 1835.1 current ops/sec; est completion in 45 minutes [INSERT: Count=18351, Max=5435, Min=23, Avg=542.79, 90=594, 99=620, 99.9=642, 99.99=838] 
2024-01-13 01:30:06:456 270 sec: 469225 operations; 1704.1 current ops/sec; est completion in 45 minutes [INSERT: Count=17041, Max=2101, Min=26, Avg=583.79, 90=612, 99=635, 99.9=662, 99.99=966] 
2024-01-13 01:30:16:457 280 sec: 486100 operations; 1687.5 current ops/sec; est completion in 45 minutes [INSERT: Count=16875, Max=3097, Min=26, Avg=589.73, 90=613, 99=639, 99.9=1952, 99.99=2633] 
2024-01-13 01:30:26:456 290 sec: 503116 operations; 1701.6 current ops/sec; est completion in 45 minutes [INSERT: Count=17016, Max=5399, Min=23, Avg=584.53, 90=613, 99=636, 99.9=665, 99.99=2046] 
2024-01-13 01:30:36:456 300 sec: 520194 operations; 1707.8 current ops/sec; est completion in 45 minutes [INSERT: Count=17078, Max=2145, Min=26, Avg=582.55, 90=611, 99=637, 99.9=680, 99.99=2123] 
2024-01-13 01:30:46:456 310 sec: 537706 operations; 1751.2 current ops/sec; est completion in 45 minutes [INSERT: Count=17512, Max=5123, Min=17, Avg=568.28, 90=605, 99=629, 99.9=657, 99.99=1881] 
2024-01-13 01:30:56:456 320 sec: 555050 operations; 1734.4 current ops/sec; est completion in 45 minutes [INSERT: Count=17344, Max=2189, Min=21, Avg=573.54, 90=599, 99=618, 99.9=641, 99.99=803] 
2024-01-13 01:31:06:456 330 sec: 573070 operations; 1802 current ops/sec; est completion in 44 minutes [INSERT: Count=18020, Max=5879, Min=21, Avg=552.44, 90=596, 99=614, 99.9=639, 99.99=960] 
2024-01-13 01:31:16:456 340 sec: 590611 operations; 1754.1 current ops/sec; est completion in 44 minutes [INSERT: Count=17541, Max=2207, Min=22, Avg=567.22, 90=599, 99=619, 99.9=660, 99.99=2181] 
2024-01-13 01:31:26:456 350 sec: 608308 operations; 1769.7 current ops/sec; est completion in 44 minutes [INSERT: Count=17697, Max=2205, Min=22, Avg=562.43, 90=596, 99=617, 99.9=641, 99.99=2185] 
2024-01-13 01:31:36:456 360 sec: 625962 operations; 1765.4 current ops/sec; est completion in 44 minutes [INSERT: Count=17654, Max=5875, Min=21, Avg=563.82, 90=598, 99=617, 99.9=647, 99.99=2229] 
2024-01-13 01:31:46:456 370 sec: 643988 operations; 1802.6 current ops/sec; est completion in 44 minutes [INSERT: Count=18026, Max=2215, Min=21, Avg=552.29, 90=596, 99=615, 99.9=643, 99.99=2111] 
2024-01-13 01:31:56:456 380 sec: 661189 operations; 1720.1 current ops/sec; est completion in 43 minutes [INSERT: Count=17201, Max=2375, Min=25, Avg=578.48, 90=604, 99=626, 99.9=658, 99.99=2195] 
2024-01-13 01:32:06:456 390 sec: 678660 operations; 1747.1 current ops/sec; est completion in 43 minutes [INSERT: Count=17471, Max=2241, Min=23, Avg=569.62, 90=605, 99=627, 99.9=667, 99.99=2137] 
2024-01-13 01:32:16:456 400 sec: 696086 operations; 1742.6 current ops/sec; est completion in 43 minutes [INSERT: Count=17426, Max=2209, Min=24, Avg=571.03, 90=603, 99=626, 99.9=680, 99.99=2139] 
2024-01-13 01:32:26:456 410 sec: 713406 operations; 1732 current ops/sec; est completion in 43 minutes [INSERT: Count=17319, Max=2093, Min=24, Avg=574.58, 90=597, 99=620, 99.9=640, 99.99=735] 
2024-01-13 01:32:36:456 420 sec: 731922 operations; 1851.6 current ops/sec; est completion in 43 minutes [INSERT: Count=18517, Max=2501, Min=21, Avg=537.97, 90=588, 99=605, 99.9=638, 99.99=1676] 
2024-01-13 01:32:46:456 430 sec: 750754 operations; 1883.2 current ops/sec; est completion in 42 minutes [INSERT: Count=18832, Max=9087, Min=20, Avg=529.14, 90=535, 99=590, 99.9=618, 99.99=7951] 
2024-01-13 01:32:56:456 440 sec: 769207 operations; 1845.3 current ops/sec; est completion in 42 minutes [INSERT: Count=18452, Max=7547, Min=21, Avg=539.82, 90=588, 99=604, 99.9=652, 99.99=7435] 
2024-01-13 01:33:06:456 450 sec: 787530 operations; 1832.3 current ops/sec; est completion in 42 minutes [INSERT: Count=18324, Max=3243, Min=20, Avg=543.6, 90=592, 99=608, 99.9=655, 99.99=3115] 
2024-01-13 01:33:16:456 460 sec: 806195 operations; 1866.5 current ops/sec; est completion in 42 minutes [INSERT: Count=18665, Max=3121, Min=20, Avg=533.82, 90=568, 99=598, 99.9=635, 99.99=3053] 
2024-01-13 01:33:26:456 470 sec: 825038 operations; 1884.3 current ops/sec; est completion in 41 minutes [INSERT: Count=18843, Max=3007, Min=20, Avg=528.86, 90=535, 99=590, 99.9=648, 99.99=2903] 
2024-01-13 01:33:36:456 480 sec: 842654 operations; 1761.6 current ops/sec; est completion in 41 minutes [INSERT: Count=17615, Max=3255, Min=20, Avg=565.06, 90=595, 99=619, 99.9=654, 99.99=3097] 
2024-01-13 01:33:46:463 490 sec: 860859 operations; 1819.77 current ops/sec; est completion in 41 minutes [INSERT: Count=18220, Max=11527, Min=22, Avg=547.33, 90=593, 99=612, 99.9=711, 99.99=2303] 
2024-01-13 01:33:56:462 500 sec: 879650 operations; 1879.48 current ops/sec; est completion in 41 minutes [INSERT: Count=18791, Max=2299, Min=21, Avg=529.98, 90=544, 99=554, 99.9=625, 99.99=2125] 
2024-01-13 01:34:06:456 510 sec: 898367 operations; 1872.07 current ops/sec; est completion in 41 minutes [INSERT: Count=18703, Max=7519, Min=21, Avg=531.66, 90=545, 99=556, 99.9=576, 99.99=2199] 
2024-01-13 01:34:16:461 520 sec: 916930 operations; 1855.93 current ops/sec; est completion in 40 minutes [INSERT: Count=18572, Max=2038, Min=22, Avg=536.72, 90=554, 99=620, 99.9=660, 99.99=1914] 
2024-01-13 01:34:26:456 530 sec: 935364 operations; 1843.77 current ops/sec; est completion in 40 minutes [INSERT: Count=18425, Max=10631, Min=21, Avg=539.8, 90=571, 99=625, 99.9=664, 99.99=2019] 
2024-01-13 01:34:36:456 540 sec: 953687 operations; 1832.3 current ops/sec; est completion in 40 minutes [INSERT: Count=18327, Max=1913, Min=21, Avg=543.4, 90=592, 99=628, 99.9=658, 99.99=1106] 
2024-01-13 01:34:46:456 550 sec: 972504 operations; 1881.7 current ops/sec; est completion in 40 minutes [INSERT: Count=18813, Max=699, Min=21, Avg=529.58, 90=543, 99=553, 99.9=565, 99.99=623] 
2024-01-13 01:34:56:456 560 sec: 989787 operations; 1728.3 current ops/sec; est completion in 40 minutes [INSERT: Count=17283, Max=2337, Min=25, Avg=575.75, 90=602, 99=624, 99.9=646, 99.99=896] 
2024-01-13 01:35:06:456 570 sec: 1008089 operations; 1830.2 current ops/sec; est completion in 39 minutes [INSERT: Count=18301, Max=2145, Min=22, Avg=544.25, 90=592, 99=612, 99.9=646, 99.99=753] 
2024-01-13 01:35:16:456 580 sec: 1026581 operations; 1849.2 current ops/sec; est completion in 39 minutes [INSERT: Count=18492, Max=2303, Min=22, Avg=538.72, 90=589, 99=610, 99.9=635, 99.99=1827] 
2024-01-13 01:35:26:456 590 sec: 1044836 operations; 1825.5 current ops/sec; est completion in 39 minutes [INSERT: Count=18256, Max=751, Min=22, Avg=545.58, 90=592, 99=612, 99.9=634, 99.99=700] 
2024-01-13 01:35:36:456 600 sec: 1059687 operations; 1485.1 current ops/sec; est completion in 39 minutes [INSERT: Count=14850, Max=2485, Min=21, Avg=671.22, 90=1386, 99=1884, 99.9=2457, 99.99=2481] 
2024-01-13 01:35:46:456 610 sec: 1068982 operations; 929.5 current ops/sec; est completion in 39 minutes [INSERT: Count=9295, Max=3355, Min=21, Avg=1072.37, 90=1571, 99=2435, 99.9=2495, 99.99=3327] 
2024-01-13 01:35:56:456 620 sec: 1087811 operations; 1882.9 current ops/sec; est completion in 39 minutes [INSERT: Count=18830, Max=3741, Min=17, Avg=529.09, 90=572, 99=587, 99.9=1035, 99.99=2835] 
2024-01-13 01:36:06:456 630 sec: 1106843 operations; 1903.2 current ops/sec; est completion in 39 minutes [INSERT: Count=19032, Max=2271, Min=17, Avg=523.54, 90=539, 99=580, 99.9=604, 99.99=666] 
2024-01-13 01:36:16:456 640 sec: 1125865 operations; 1902.2 current ops/sec; est completion in 39 minutes [INSERT: Count=19022, Max=763, Min=18, Avg=523.84, 90=541, 99=580, 99.9=596, 99.99=709] 
2024-01-13 01:36:26:456 650 sec: 1144520 operations; 1865.5 current ops/sec; est completion in 38 minutes [INSERT: Count=18655, Max=2343, Min=18, Avg=533.91, 90=579, 99=592, 99.9=653, 99.99=2097] 
2024-01-13 01:36:36:457 660 sec: 1162619 operations; 1809.9 current ops/sec; est completion in 38 minutes [INSERT: Count=18101, Max=2467, Min=18, Avg=550.02, 90=584, 99=605, 99.9=683, 99.99=2161] 
2024-01-13 01:36:46:456 670 sec: 1180075 operations; 1745.6 current ops/sec; est completion in 38 minutes [INSERT: Count=17453, Max=2195, Min=21, Avg=569.87, 90=589, 99=611, 99.9=642, 99.99=2099] 
2024-01-13 01:36:56:456 680 sec: 1197594 operations; 1751.9 current ops/sec; est completion in 38 minutes [INSERT: Count=17520, Max=887, Min=21, Avg=567.9, 90=586, 99=608, 99.9=623, 99.99=728] 
2024-01-13 01:37:06:456 690 sec: 1215115 operations; 1752.1 current ops/sec; est completion in 38 minutes [INSERT: Count=17520, Max=3183, Min=22, Avg=567.87, 90=586, 99=609, 99.9=677, 99.99=2717] 
2024-01-13 01:37:16:455 700 sec: 1234015 operations; 1890 current ops/sec; est completion in 37 minutes [INSERT: Count=18900, Max=6959, Min=18, Avg=527.16, 90=536, 99=587, 99.9=619, 99.99=4867] 
2024-01-13 01:37:26:455 710 sec: 1253096 operations; 1908.1 current ops/sec; est completion in 37 minutes [INSERT: Count=19082, Max=4827, Min=19, Avg=522.29, 90=529, 99=539, 99.9=550, 99.99=3993] 
2024-01-13 01:37:36:456 720 sec: 1272173 operations; 1907.7 current ops/sec; est completion in 37 minutes [INSERT: Count=19076, Max=3399, Min=19, Avg=522.39, 90=529, 99=539, 99.9=566, 99.99=3289] 
2024-01-13 01:37:46:456 730 sec: 1291275 operations; 1910.2 current ops/sec; est completion in 37 minutes [INSERT: Count=19102, Max=3159, Min=18, Avg=521.71, 90=528, 99=538, 99.9=550, 99.99=3059] 
2024-01-13 01:37:56:456 740 sec: 1310351 operations; 1907.6 current ops/sec; est completion in 37 minutes [INSERT: Count=19077, Max=3165, Min=18, Avg=522.4, 90=530, 99=540, 99.9=617, 99.99=3133] 
2024-01-13 01:38:06:456 750 sec: 1329431 operations; 1908 current ops/sec; est completion in 36 minutes [INSERT: Count=19079, Max=3103, Min=19, Avg=522.31, 90=529, 99=541, 99.9=558, 99.99=2961] 
2024-01-13 01:38:16:456 760 sec: 1348473 operations; 1904.2 current ops/sec; est completion in 36 minutes [INSERT: Count=19043, Max=3115, Min=19, Avg=523.29, 90=530, 99=543, 99.9=560, 99.99=3043] 
2024-01-13 01:38:26:456 770 sec: 1367544 operations; 1907.1 current ops/sec; est completion in 36 minutes [INSERT: Count=19071, Max=2999, Min=19, Avg=522.57, 90=532, 99=543, 99.9=568, 99.99=1553] 
2024-01-13 01:38:36:469 780 sec: 1386609 operations; 1905.36 current ops/sec; est completion in 36 minutes [INSERT: Count=19070, Max=5115, Min=19, Avg=523.32, 90=533, 99=544, 99.9=581, 99.99=1787] 
2024-01-13 01:38:46:463 790 sec: 1405456 operations; 1885.83 current ops/sec; est completion in 35 minutes [INSERT: Count=18847, Max=2547, Min=19, Avg=528.33, 90=542, 99=552, 99.9=574, 99.99=2219] 
2024-01-13 01:38:56:456 800 sec: 1424251 operations; 1879.5 current ops/sec; est completion in 35 minutes [INSERT: Count=18790, Max=2941, Min=20, Avg=529.4, 90=544, 99=553, 99.9=571, 99.99=2161] 
2024-01-13 01:39:06:462 810 sec: 1441852 operations; 1759.04 current ops/sec; est completion in 35 minutes [INSERT: Count=17607, Max=2315, Min=20, Avg=565.5, 90=608, 99=632, 99.9=686, 99.99=2109] 
2024-01-13 01:39:16:460 820 sec: 1459482 operations; 1764.06 current ops/sec; est completion in 35 minutes [INSERT: Count=17626, Max=3363, Min=20, Avg=564.05, 90=609, 99=632, 99.9=713, 99.99=2095] 
2024-01-13 01:39:26:457 830 sec: 1476640 operations; 1715.8 current ops/sec; est completion in 35 minutes [INSERT: Count=17155, Max=4291, Min=23, Avg=579.49, 90=617, 99=638, 99.9=834, 99.99=2155] 
2024-01-13 01:39:36:457 840 sec: 1493812 operations; 1717.2 current ops/sec; est completion in 35 minutes [INSERT: Count=17175, Max=2137, Min=23, Avg=579.24, 90=610, 99=633, 99.9=675, 99.99=2061] 
2024-01-13 01:39:46:456 850 sec: 1511612 operations; 1780 current ops/sec; est completion in 34 minutes [INSERT: Count=17798, Max=2105, Min=21, Avg=559.08, 90=598, 99=623, 99.9=651, 99.99=762] 
2024-01-13 01:39:56:456 860 sec: 1529264 operations; 1765.2 current ops/sec; est completion in 34 minutes [INSERT: Count=17651, Max=744, Min=21, Avg=563.9, 90=598, 99=619, 99.9=640, 99.99=700] 
2024-01-13 01:40:06:456 870 sec: 1547620 operations; 1835.6 current ops/sec; est completion in 34 minutes [INSERT: Count=18357, Max=2067, Min=20, Avg=542.59, 90=591, 99=610, 99.9=629, 99.99=673] 
2024-01-13 01:40:16:456 880 sec: 1566418 operations; 1879.8 current ops/sec; est completion in 34 minutes [INSERT: Count=18797, Max=2145, Min=20, Avg=530.08, 90=543, 99=601, 99.9=626, 99.99=1212] 
2024-01-13 01:40:26:456 890 sec: 1585436 operations; 1901.8 current ops/sec; est completion in 34 minutes [INSERT: Count=19019, Max=2157, Min=17, Avg=523.98, 90=535, 99=545, 99.9=554, 99.99=1010] 
2024-01-13 01:40:36:456 900 sec: 1604195 operations; 1875.9 current ops/sec; est completion in 34 minutes [INSERT: Count=18759, Max=2115, Min=17, Avg=531, 90=578, 99=592, 99.9=615, 99.99=1923] 
2024-01-13 01:40:46:456 910 sec: 1622074 operations; 1787.9 current ops/sec; est completion in 33 minutes [INSERT: Count=17878, Max=2173, Min=18, Avg=556.71, 90=588, 99=608, 99.9=631, 99.99=955] 
2024-01-13 01:40:56:456 920 sec: 1640396 operations; 1832.2 current ops/sec; est completion in 33 minutes [INSERT: Count=18322, Max=2189, Min=17, Avg=543.35, 90=587, 99=601, 99.9=619, 99.99=2026] 
2024-01-13 01:41:06:456 930 sec: 1659486 operations; 1909 current ops/sec; est completion in 33 minutes [INSERT: Count=19090, Max=887, Min=19, Avg=521.97, 90=530, 99=546, 99.9=586, 99.99=725] 
2024-01-13 01:41:16:456 940 sec: 1678569 operations; 1908.3 current ops/sec; est completion in 33 minutes [INSERT: Count=19084, Max=2016, Min=19, Avg=522.21, 90=531, 99=541, 99.9=550, 99.99=606] 
2024-01-13 01:41:26:457 950 sec: 1697611 operations; 1904.2 current ops/sec; est completion in 33 minutes [INSERT: Count=19042, Max=1827, Min=18, Avg=523.46, 90=531, 99=544, 99.9=555, 99.99=685] 
2024-01-13 01:41:36:456 960 sec: 1716697 operations; 1908.6 current ops/sec; est completion in 32 minutes [INSERT: Count=19086, Max=1938, Min=19, Avg=522.11, 90=531, 99=544, 99.9=558, 99.99=750] 
2024-01-13 01:41:46:456 970 sec: 1735749 operations; 1905.2 current ops/sec; est completion in 32 minutes [INSERT: Count=19051, Max=760, Min=19, Avg=523.08, 90=533, 99=544, 99.9=560, 99.99=691] 
2024-01-13 01:41:56:456 980 sec: 1753425 operations; 1767.6 current ops/sec; est completion in 32 minutes [INSERT: Count=17676, Max=15375, Min=17, Avg=562.99, 90=593, 99=616, 99.9=713, 99.99=2167] 
2024-01-13 01:42:06:456 990 sec: 1770763 operations; 1733.8 current ops/sec; est completion in 32 minutes [INSERT: Count=17339, Max=5175, Min=24, Avg=573.87, 90=595, 99=618, 99.9=641, 99.99=752] 
2024-01-13 01:42:16:455 1000 sec: 1788165 operations; 1740.2 current ops/sec; est completion in 32 minutes [INSERT: Count=17402, Max=2157, Min=21, Avg=571.76, 90=593, 99=614, 99.9=641, 99.99=740] 
2024-01-13 01:42:26:455 1010 sec: 1806035 operations; 1787 current ops/sec; est completion in 32 minutes [INSERT: Count=17869, Max=3923, Min=20, Avg=556.97, 90=586, 99=603, 99.9=623, 99.99=2989] 
2024-01-13 01:42:36:455 1020 sec: 1823644 operations; 1760.9 current ops/sec; est completion in 31 minutes [INSERT: Count=17609, Max=3729, Min=21, Avg=565.08, 90=586, 99=607, 99.9=629, 99.99=3651] 
2024-01-13 01:42:46:455 1030 sec: 1841381 operations; 1773.7 current ops/sec; est completion in 31 minutes [INSERT: Count=17738, Max=3199, Min=21, Avg=561.01, 90=586, 99=606, 99.9=637, 99.99=3141] 
2024-01-13 01:42:56:455 1040 sec: 1860131 operations; 1875 current ops/sec; est completion in 31 minutes [INSERT: Count=18750, Max=3143, Min=19, Avg=531.3, 90=580, 99=595, 99.9=619, 99.99=3115] 
2024-01-13 01:43:06:455 1050 sec: 1878525 operations; 1839.4 current ops/sec; est completion in 31 minutes [INSERT: Count=18393, Max=3139, Min=18, Avg=541.45, 90=584, 99=599, 99.9=650, 99.99=3025] 
2024-01-13 01:43:16:455 1060 sec: 1897309 operations; 1878.4 current ops/sec; est completion in 31 minutes [INSERT: Count=18784, Max=3087, Min=19, Avg=530.39, 90=559, 99=591, 99.9=623, 99.99=2981] 
2024-01-13 01:43:26:455 1070 sec: 1915746 operations; 1843.7 current ops/sec; est completion in 30 minutes [INSERT: Count=18438, Max=2895, Min=19, Avg=540.11, 90=585, 99=601, 99.9=635, 99.99=2803] 
2024-01-13 01:43:36:456 1080 sec: 1933732 operations; 1798.6 current ops/sec; est completion in 30 minutes [INSERT: Count=17985, Max=2439, Min=19, Avg=553.47, 90=586, 99=606, 99.9=660, 99.99=2061] 
2024-01-13 01:43:46:456 1090 sec: 1951050 operations; 1731.8 current ops/sec; est completion in 30 minutes [INSERT: Count=17318, Max=3891, Min=22, Avg=574.31, 90=599, 99=624, 99.9=1632, 99.99=2277] 
2024-01-13 01:43:56:456 1100 sec: 1968187 operations; 1713.7 current ops/sec; est completion in 30 minutes [INSERT: Count=17137, Max=2135, Min=23, Avg=579.87, 90=613, 99=634, 99.9=729, 99.99=2103] 
2024-01-13 01:44:06:455 1110 sec: 1985435 operations; 1724.8 current ops/sec; est completion in 30 minutes [INSERT: Count=17249, Max=2163, Min=22, Avg=576.19, 90=610, 99=629, 99.9=657, 99.99=2133] 
2024-01-13 01:44:16:456 1120 sec: 2002074 operations; 1663.9 current ops/sec; est completion in 30 minutes [INSERT: Count=16638, Max=5659, Min=22, Avg=595.83, 90=609, 99=1820, 99.9=2017, 99.99=4395] 
2024-01-13 01:44:26:456 1130 sec: 2019218 operations; 1714.4 current ops/sec; est completion in 30 minutes [INSERT: Count=17144, Max=2359, Min=21, Avg=579.78, 90=613, 99=634, 99.9=1552, 99.99=2155] 
2024-01-13 01:44:36:455 1140 sec: 2036381 operations; 1716.3 current ops/sec; est completion in 29 minutes [INSERT: Count=17164, Max=6899, Min=23, Avg=579.29, 90=611, 99=632, 99.9=660, 99.99=2137] 
2024-01-13 01:44:46:455 1150 sec: 2053668 operations; 1728.7 current ops/sec; est completion in 29 minutes [INSERT: Count=17286, Max=2101, Min=22, Avg=575.48, 90=604, 99=625, 99.9=648, 99.99=1041] 
2024-01-13 01:44:56:455 1160 sec: 2070959 operations; 1729.1 current ops/sec; est completion in 29 minutes [INSERT: Count=17291, Max=14535, Min=23, Avg=575.38, 90=600, 99=622, 99.9=646, 99.99=843] 
2024-01-13 01:45:06:455 1170 sec: 2088228 operations; 1726.9 current ops/sec; est completion in 29 minutes [INSERT: Count=17269, Max=2135, Min=22, Avg=576.19, 90=600, 99=619, 99.9=636, 99.99=826] 
2024-01-13 01:45:16:455 1180 sec: 2105559 operations; 1733.1 current ops/sec; est completion in 29 minutes [INSERT: Count=17331, Max=800, Min=23, Avg=574.11, 90=597, 99=616, 99.9=631, 99.99=720] 
2024-01-13 01:45:26:456 1190 sec: 2116187 operations; 1062.8 current ops/sec; est completion in 29 minutes [INSERT: Count=10628, Max=4111, Min=20, Avg=936.86, 90=2347, 99=2531, 99.9=2579, 99.99=3047] 
2024-01-13 01:45:36:456 1200 sec: 2124796 operations; 860.9 current ops/sec; est completion in 29 minutes [INSERT: Count=8610, Max=2621, Min=18, Avg=1157.8, 90=1746, 99=2477, 99.9=2549, 99.99=2591] 
2024-01-13 01:45:46:455 1210 sec: 2135667 operations; 1087.1 current ops/sec; est completion in 29 minutes [INSERT: Count=10870, Max=2647, Min=17, Avg=917.2, 90=1646, 99=2523, 99.9=2589, 99.99=2641] 
2024-01-13 01:45:56:456 1220 sec: 2147142 operations; 1147.5 current ops/sec; est completion in 29 minutes [INSERT: Count=11475, Max=3163, Min=19, Avg=868.94, 90=1735, 99=2161, 99.9=2545, 99.99=3121] 
2024-01-13 01:46:06:455 1230 sec: 2158933 operations; 1179.1 current ops/sec; est completion in 29 minutes [INSERT: Count=11792, Max=3227, Min=18, Avg=845.48, 90=1583, 99=2465, 99.9=2583, 99.99=2659] 
2024-01-13 01:46:16:455 1240 sec: 2171865 operations; 1293.2 current ops/sec; est completion in 29 minutes [INSERT: Count=12931, Max=2651, Min=19, Avg=770.95, 90=1481, 99=2407, 99.9=2543, 99.99=2629] 
2024-01-13 01:46:26:455 1250 sec: 2190037 operations; 1817.2 current ops/sec; est completion in 29 minutes [INSERT: Count=18173, Max=2553, Min=18, Avg=548.11, 90=582, 99=1076, 99.9=1985, 99.99=2495] 
2024-01-13 01:46:36:456 1260 sec: 2208739 operations; 1870.2 current ops/sec; est completion in 28 minutes [INSERT: Count=18702, Max=1975, Min=18, Avg=532.59, 90=579, 99=590, 99.9=612, 99.99=743] 
2024-01-13 01:46:46:457 1270 sec: 2227920 operations; 1918.1 current ops/sec; est completion in 28 minutes [INSERT: Count=19181, Max=667, Min=18, Avg=519.65, 90=527, 99=538, 99.9=549, 99.99=572] 
2024-01-13 01:46:56:457 1280 sec: 2246952 operations; 1903.2 current ops/sec; est completion in 28 minutes [INSERT: Count=19032, Max=2127, Min=18, Avg=523.51, 90=532, 99=585, 99.9=614, 99.99=997] 
2024-01-13 01:47:06:456 1290 sec: 2266076 operations; 1912.4 current ops/sec; est completion in 28 minutes [INSERT: Count=19127, Max=994, Min=18, Avg=521, 90=530, 99=542, 99.9=552, 99.99=714] 
2024-01-13 01:47:16:455 1300 sec: 2285205 operations; 1912.9 current ops/sec; est completion in 28 minutes [INSERT: Count=19126, Max=2181, Min=18, Avg=520.94, 90=530, 99=541, 99.9=555, 99.99=716] 
2024-01-13 01:47:26:456 1310 sec: 2304346 operations; 1914.1 current ops/sec; est completion in 27 minutes [INSERT: Count=19141, Max=665, Min=19, Avg=520.66, 90=529, 99=540, 99.9=547, 99.99=579] 
2024-01-13 01:47:36:456 1320 sec: 2323465 operations; 1911.9 current ops/sec; est completion in 27 minutes [INSERT: Count=19119, Max=2213, Min=19, Avg=521.18, 90=530, 99=540, 99.9=550, 99.99=706] 
2024-01-13 01:47:46:456 1330 sec: 2342571 operations; 1910.6 current ops/sec; est completion in 27 minutes [INSERT: Count=19106, Max=5179, Min=19, Avg=521.57, 90=529, 99=539, 99.9=555, 99.99=2927] 
2024-01-13 01:47:56:456 1340 sec: 2361401 operations; 1883 current ops/sec; est completion in 27 minutes [INSERT: Count=18829, Max=8415, Min=18, Avg=529.11, 90=556, 99=587, 99.9=629, 99.99=7575] 
2024-01-13 01:48:06:456 1350 sec: 2379760 operations; 1835.9 current ops/sec; est completion in 27 minutes [INSERT: Count=18360, Max=6971, Min=18, Avg=542.43, 90=583, 99=596, 99.9=646, 99.99=6159] 
2024-01-13 01:48:16:456 1360 sec: 2398568 operations; 1880.8 current ops/sec; est completion in 26 minutes [INSERT: Count=18808, Max=4069, Min=19, Avg=529.7, 90=574, 99=590, 99.9=622, 99.99=3681] 
2024-01-13 01:48:26:456 1370 sec: 2417403 operations; 1883.5 current ops/sec; est completion in 26 minutes [INSERT: Count=18835, Max=3413, Min=19, Avg=528.99, 90=562, 99=590, 99.9=612, 99.99=3309] 
2024-01-13 01:48:36:456 1380 sec: 2436459 operations; 1905.6 current ops/sec; est completion in 26 minutes [INSERT: Count=19056, Max=3211, Min=19, Avg=522.95, 90=531, 99=542, 99.9=556, 99.99=2963] 
2024-01-13 01:48:46:456 1390 sec: 2455103 operations; 1864.4 current ops/sec; est completion in 26 minutes [INSERT: Count=18643, Max=3283, Min=19, Avg=534.28, 90=582, 99=594, 99.9=644, 99.99=3247] 
2024-01-13 01:48:56:456 1400 sec: 2473529 operations; 1842.6 current ops/sec; est completion in 26 minutes [INSERT: Count=18426, Max=4291, Min=19, Avg=540.44, 90=584, 99=597, 99.9=643, 99.99=3209] 
2024-01-13 01:49:06:455 1410 sec: 2492595 operations; 1906.6 current ops/sec; est completion in 25 minutes [INSERT: Count=19066, Max=4207, Min=18, Avg=522.59, 90=530, 99=540, 99.9=550, 99.99=3145] 
2024-01-13 01:49:16:456 1420 sec: 2511314 operations; 1871.9 current ops/sec; est completion in 25 minutes [INSERT: Count=18720, Max=4315, Min=18, Avg=532.19, 90=580, 99=595, 99.9=623, 99.99=3295] 
2024-01-13 01:49:26:456 1430 sec: 2530018 operations; 1870.4 current ops/sec; est completion in 25 minutes [INSERT: Count=18703, Max=3191, Min=19, Avg=532.62, 90=583, 99=598, 99.9=635, 99.99=2873] 
2024-01-13 01:49:36:456 1440 sec: 2548775 operations; 1875.7 current ops/sec; est completion in 25 minutes [INSERT: Count=18758, Max=3077, Min=19, Avg=531.1, 90=580, 99=596, 99.9=625, 99.99=3001] 
2024-01-13 01:49:46:456 1450 sec: 2567579 operations; 1880.4 current ops/sec; est completion in 25 minutes [INSERT: Count=18803, Max=3131, Min=18, Avg=529.79, 90=574, 99=595, 99.9=625, 99.99=2987] 
2024-01-13 01:49:56:456 1460 sec: 2586556 operations; 1897.7 current ops/sec; est completion in 25 minutes [INSERT: Count=18977, Max=3073, Min=19, Avg=525.09, 90=533, 99=586, 99.9=617, 99.99=2903] 
2024-01-13 01:50:06:460 1470 sec: 2604570 operations; 1801.04 current ops/sec; est completion in 24 minutes [INSERT: Count=18023, Max=10359, Min=19, Avg=552.64, 90=589, 99=611, 99.9=1857, 99.99=3089] 
2024-01-13 01:50:16:456 1480 sec: 2622958 operations; 1839.17 current ops/sec; est completion in 24 minutes [INSERT: Count=18389, Max=2397, Min=19, Avg=541.38, 90=590, 99=620, 99.9=681, 99.99=2221] 
2024-01-13 01:50:26:456 1490 sec: 2640576 operations; 1761.8 current ops/sec; est completion in 24 minutes [INSERT: Count=17609, Max=7627, Min=19, Avg=564.4, 90=609, 99=632, 99.9=680, 99.99=2307] 
2024-01-13 01:50:36:456 1500 sec: 2658013 operations; 1743.7 current ops/sec; est completion in 24 minutes [INSERT: Count=17436, Max=2713, Min=19, Avg=569.99, 90=603, 99=615, 99.9=638, 99.99=2073] 
2024-01-13 01:50:46:459 1510 sec: 2677018 operations; 1900.5 current ops/sec; est completion in 24 minutes [INSERT: Count=19008, Max=2887, Min=17, Avg=524.18, 90=538, 99=593, 99.9=620, 99.99=1981] 
2024-01-13 01:50:56:457 1520 sec: 2695972 operations; 1895.4 current ops/sec; est completion in 23 minutes [INSERT: Count=18952, Max=2277, Min=17, Avg=525.4, 90=538, 99=585, 99.9=617, 99.99=1805] 
2024-01-13 01:51:06:456 1530 sec: 2714937 operations; 1896.5 current ops/sec; est completion in 23 minutes [INSERT: Count=18965, Max=1431, Min=18, Avg=525.15, 90=540, 99=547, 99.9=561, 99.99=1147] 
2024-01-13 01:51:16:456 1540 sec: 2734021 operations; 1908.4 current ops/sec; est completion in 23 minutes [INSERT: Count=19086, Max=2427, Min=17, Avg=522.06, 90=534, 99=551, 99.9=603, 99.99=1059] 
2024-01-13 01:51:26:456 1550 sec: 2753036 operations; 1901.5 current ops/sec; est completion in 23 minutes [INSERT: Count=19012, Max=1347, Min=18, Avg=523.95, 90=535, 99=548, 99.9=575, 99.99=697] 
2024-01-13 01:51:36:456 1560 sec: 2772142 operations; 1910.6 current ops/sec; est completion in 23 minutes [INSERT: Count=19106, Max=2303, Min=18, Avg=521.53, 90=532, 99=543, 99.9=554, 99.99=836] 
2024-01-13 01:51:46:456 1570 sec: 2791275 operations; 1913.3 current ops/sec; est completion in 22 minutes [INSERT: Count=19134, Max=642, Min=18, Avg=520.85, 90=530, 99=540, 99.9=549, 99.99=578] 
2024-01-13 01:51:56:456 1580 sec: 2810436 operations; 1916.1 current ops/sec; est completion in 22 minutes [INSERT: Count=19161, Max=2233, Min=18, Avg=520.08, 90=527, 99=539, 99.9=549, 99.99=2008] 
2024-01-13 01:52:06:458 1590 sec: 2829125 operations; 1868.9 current ops/sec; est completion in 22 minutes [INSERT: Count=18689, Max=2165, Min=18, Avg=532.94, 90=577, 99=593, 99.9=622, 99.99=1999] 
2024-01-13 01:52:16:456 1600 sec: 2847984 operations; 1885.9 current ops/sec; est completion in 22 minutes [INSERT: Count=18858, Max=2153, Min=19, Avg=528.04, 90=537, 99=549, 99.9=560, 99.99=602] 
2024-01-13 01:52:26:456 1610 sec: 2866307 operations; 1832.3 current ops/sec; est completion in 22 minutes [INSERT: Count=18324, Max=2008, Min=19, Avg=543.35, 90=579, 99=598, 99.9=617, 99.99=698] 
2024-01-13 01:52:36:455 1620 sec: 2885087 operations; 1878 current ops/sec; est completion in 22 minutes [INSERT: Count=18780, Max=2381, Min=19, Avg=530.36, 90=540, 99=583, 99.9=611, 99.99=751] 
2024-01-13 01:52:46:456 1630 sec: 2903964 operations; 1887.7 current ops/sec; est completion in 21 minutes [INSERT: Count=18877, Max=1062, Min=19, Avg=527.73, 90=535, 99=548, 99.9=562, 99.99=667] 
2024-01-13 01:52:56:456 1640 sec: 2922064 operations; 1810 current ops/sec; est completion in 21 minutes [INSERT: Count=18100, Max=3661, Min=19, Avg=549.89, 90=583, 99=602, 99.9=619, 99.99=730] 
2024-01-13 01:53:06:456 1650 sec: 2940620 operations; 1855.6 current ops/sec; est completion in 21 minutes [INSERT: Count=18556, Max=2197, Min=19, Avg=536.68, 90=577, 99=592, 99.9=614, 99.99=739] 
2024-01-13 01:53:16:456 1660 sec: 2959427 operations; 1880.7 current ops/sec; est completion in 21 minutes [INSERT: Count=18806, Max=2145, Min=19, Avg=529.67, 90=539, 99=551, 99.9=562, 99.99=681] 
2024-01-13 01:53:26:457 1670 sec: 2977101 operations; 1767.4 current ops/sec; est completion in 21 minutes [INSERT: Count=17675, Max=2249, Min=20, Avg=563.03, 90=589, 99=607, 99.9=698, 99.99=2115] 
2024-01-13 01:53:36:458 1680 sec: 2994527 operations; 1742.6 current ops/sec; est completion in 21 minutes [INSERT: Count=17428, Max=2189, Min=22, Avg=570.9, 90=588, 99=608, 99.9=716, 99.99=2093] 
2024-01-13 01:53:46:457 1690 sec: 3011948 operations; 1742.1 current ops/sec; est completion in 20 minutes [INSERT: Count=17422, Max=2431, Min=22, Avg=570.98, 90=588, 99=610, 99.9=1970, 99.99=2089] 
2024-01-13 01:53:56:456 1700 sec: 3029611 operations; 1766.3 current ops/sec; est completion in 20 minutes [INSERT: Count=17660, Max=2187, Min=20, Avg=563.32, 90=593, 99=617, 99.9=1880, 99.99=2123] 
2024-01-13 01:54:06:456 1710 sec: 3046846 operations; 1723.5 current ops/sec; est completion in 20 minutes [INSERT: Count=17235, Max=22367, Min=22, Avg=576.94, 90=597, 99=618, 99.9=736, 99.99=2205] 
2024-01-13 01:54:16:456 1720 sec: 3064759 operations; 1791.3 current ops/sec; est completion in 20 minutes [INSERT: Count=17912, Max=2105, Min=19, Avg=555.71, 90=592, 99=610, 99.9=631, 99.99=2028] 
2024-01-13 01:54:26:456 1730 sec: 3083768 operations; 1900.9 current ops/sec; est completion in 20 minutes [INSERT: Count=19010, Max=2799, Min=19, Avg=524.25, 90=533, 99=544, 99.9=553, 99.99=2245] 
2024-01-13 01:54:36:456 1740 sec: 3102711 operations; 1894.3 current ops/sec; est completion in 20 minutes [INSERT: Count=18942, Max=8415, Min=19, Avg=526.09, 90=533, 99=543, 99.9=553, 99.99=7439] 
2024-01-13 01:54:46:456 1750 sec: 3121637 operations; 1892.6 current ops/sec; est completion in 19 minutes [INSERT: Count=18926, Max=3261, Min=19, Avg=526.48, 90=534, 99=585, 99.9=619, 99.99=3051] 
2024-01-13 01:54:56:456 1760 sec: 3140358 operations; 1872.1 current ops/sec; est completion in 19 minutes [INSERT: Count=18722, Max=4075, Min=20, Avg=532.11, 90=577, 99=594, 99.9=628, 99.99=3137] 
2024-01-13 01:55:06:456 1770 sec: 3159351 operations; 1899.3 current ops/sec; est completion in 19 minutes [INSERT: Count=18993, Max=3093, Min=18, Avg=524.68, 90=533, 99=543, 99.9=555, 99.99=3021] 
2024-01-13 01:55:16:455 1780 sec: 3172377 operations; 1302.6 current ops/sec; est completion in 19 minutes [INSERT: Count=13025, Max=4203, Min=17, Avg=765.37, 90=1644, 99=2381, 99.9=2481, 99.99=3899] 
2024-01-13 01:55:26:461 1790 sec: 3181506 operations; 912.72 current ops/sec; est completion in 19 minutes [INSERT: Count=9135, Max=2705, Min=18, Avg=1092.77, 90=1936, 99=2443, 99.9=2479, 99.99=2705] 
2024-01-13 01:55:36:476 1800 sec: 3194222 operations; 1270.84 current ops/sec; est completion in 19 minutes [INSERT: Count=12726, Max=9111, Min=19, Avg=782.06, 90=1376, 99=2001, 99.9=2749, 99.99=3517] 
2024-01-13 01:55:46:458 1810 sec: 3206693 operations; 1247.97 current ops/sec; est completion in 19 minutes [INSERT: Count=12455, Max=15767, Min=19, Avg=797.6, 90=1452, 99=1929, 99.9=2119, 99.99=2647] 
2024-01-13 01:55:56:467 1820 sec: 3219413 operations; 1271.49 current ops/sec; est completion in 19 minutes [INSERT: Count=12726, Max=5795, Min=22, Avg=783.15, 90=1399, 99=1946, 99.9=2125, 99.99=4183] 
2024-01-13 01:56:06:461 1830 sec: 3232071 operations; 1266.43 current ops/sec; est completion in 18 minutes [INSERT: Count=12659, Max=3927, Min=22, Avg=786.19, 90=1403, 99=1984, 99.9=2145, 99.99=2567] 
2024-01-13 01:56:16:457 1840 sec: 3246430 operations; 1435.61 current ops/sec; est completion in 18 minutes [INSERT: Count=14360, Max=8199, Min=19, Avg=693.27, 90=1150, 99=1839, 99.9=2121, 99.99=2561] 
2024-01-13 01:56:26:463 1850 sec: 3265101 operations; 1867.1 current ops/sec; est completion in 18 minutes [INSERT: Count=18670, Max=1967, Min=18, Avg=533.6, 90=579, 99=608, 99.9=634, 99.99=1153] 
2024-01-13 01:56:36:455 1860 sec: 3282528 operations; 1743.05 current ops/sec; est completion in 18 minutes [INSERT: Count=17420, Max=1807, Min=21, Avg=570.58, 90=593, 99=616, 99.9=638, 99.99=692] 
2024-01-13 01:56:46:456 1870 sec: 3300999 operations; 1847.1 current ops/sec; est completion in 18 minutes [INSERT: Count=18472, Max=2227, Min=19, Avg=539.17, 90=589, 99=603, 99.9=623, 99.99=1174] 
2024-01-13 01:56:56:457 1880 sec: 3318734 operations; 1773.5 current ops/sec; est completion in 18 minutes [INSERT: Count=17734, Max=2221, Min=19, Avg=561.33, 90=593, 99=613, 99.9=632, 99.99=1813] 
2024-01-13 01:57:06:455 1890 sec: 3336150 operations; 1741.6 current ops/sec; est completion in 18 minutes [INSERT: Count=17416, Max=1714, Min=21, Avg=571.2, 90=593, 99=612, 99.9=639, 99.99=747] 
2024-01-13 01:57:16:455 1900 sec: 3353612 operations; 1746.2 current ops/sec; est completion in 17 minutes [INSERT: Count=17463, Max=1961, Min=22, Avg=569.74, 90=590, 99=610, 99.9=640, 99.99=781] 
2024-01-13 01:57:26:455 1910 sec: 3371032 operations; 1742 current ops/sec; est completion in 17 minutes [INSERT: Count=17420, Max=2191, Min=21, Avg=571.15, 90=592, 99=612, 99.9=627, 99.99=725] 
2024-01-13 01:57:36:456 1920 sec: 3388443 operations; 1741.1 current ops/sec; est completion in 17 minutes [INSERT: Count=17411, Max=783, Min=22, Avg=571.51, 90=593, 99=611, 99.9=626, 99.99=705] 
2024-01-13 01:57:46:455 1930 sec: 3405864 operations; 1742.1 current ops/sec; est completion in 17 minutes [INSERT: Count=17421, Max=2131, Min=21, Avg=571.1, 90=592, 99=611, 99.9=629, 99.99=729] 
2024-01-13 01:57:56:456 1940 sec: 3423186 operations; 1732.2 current ops/sec; est completion in 17 minutes [INSERT: Count=17322, Max=3397, Min=21, Avg=574.15, 90=594, 99=615, 99.9=693, 99.99=2151] 
2024-01-13 01:58:06:457 1950 sec: 3441451 operations; 1826.5 current ops/sec; est completion in 17 minutes [INSERT: Count=18264, Max=2093, Min=19, Avg=545.13, 90=585, 99=602, 99.9=704, 99.99=1930] 
2024-01-13 01:58:16:456 1960 sec: 3459129 operations; 1767.8 current ops/sec; est completion in 16 minutes [INSERT: Count=17679, Max=3803, Min=21, Avg=562.86, 90=590, 99=611, 99.9=1830, 99.99=2137] 
2024-01-13 01:58:26:456 1970 sec: 3478036 operations; 1890.7 current ops/sec; est completion in 16 minutes [INSERT: Count=18906, Max=7043, Min=18, Avg=527.04, 90=537, 99=591, 99.9=617, 99.99=803] 
2024-01-13 01:58:36:455 1980 sec: 3496428 operations; 1839.2 current ops/sec; est completion in 16 minutes [INSERT: Count=18393, Max=2337, Min=18, Avg=541.44, 90=586, 99=603, 99.9=627, 99.99=762] 
2024-01-13 01:58:46:456 1990 sec: 3513996 operations; 1756.8 current ops/sec; est completion in 16 minutes [INSERT: Count=17568, Max=3763, Min=20, Avg=566.42, 90=591, 99=609, 99.9=634, 99.99=770] 
2024-01-13 01:58:56:456 2000 sec: 3531535 operations; 1753.9 current ops/sec; est completion in 16 minutes [INSERT: Count=17538, Max=7203, Min=21, Avg=567.38, 90=592, 99=612, 99.9=657, 99.99=5667] 
2024-01-13 01:59:06:455 2010 sec: 3549332 operations; 1779.7 current ops/sec; est completion in 16 minutes [INSERT: Count=17797, Max=6651, Min=19, Avg=559.3, 90=589, 99=607, 99.9=633, 99.99=6091] 
2024-01-13 01:59:16:456 2020 sec: 3566706 operations; 1737.4 current ops/sec; est completion in 15 minutes [INSERT: Count=17375, Max=3445, Min=23, Avg=572.62, 90=592, 99=612, 99.9=639, 99.99=3349] 
2024-01-13 01:59:26:455 2030 sec: 3584034 operations; 1732.8 current ops/sec; est completion in 15 minutes [INSERT: Count=17327, Max=3395, Min=23, Avg=574.2, 90=595, 99=617, 99.9=704, 99.99=3345] 
2024-01-13 01:59:36:456 2040 sec: 3601391 operations; 1735.7 current ops/sec; est completion in 15 minutes [INSERT: Count=17358, Max=3357, Min=23, Avg=573.09, 90=594, 99=614, 99.9=657, 99.99=3299] 
2024-01-13 01:59:46:455 2050 sec: 3618787 operations; 1739.6 current ops/sec; est completion in 15 minutes [INSERT: Count=17396, Max=3349, Min=23, Avg=571.92, 90=590, 99=612, 99.9=716, 99.99=3311] 
2024-01-13 01:59:56:456 2060 sec: 3637417 operations; 1863 current ops/sec; est completion in 15 minutes [INSERT: Count=18629, Max=4543, Min=19, Avg=534.78, 90=582, 99=598, 99.9=631, 99.99=3197] 
2024-01-13 02:00:06:456 2070 sec: 3656306 operations; 1888.9 current ops/sec; est completion in 14 minutes [INSERT: Count=18889, Max=3289, Min=20, Avg=527.56, 90=535, 99=589, 99.9=622, 99.99=3205] 
2024-01-13 02:00:16:455 2080 sec: 3675272 operations; 1896.6 current ops/sec; est completion in 14 minutes [INSERT: Count=18967, Max=3231, Min=19, Avg=525.42, 90=533, 99=578, 99.9=605, 99.99=3187] 
2024-01-13 02:00:26:455 2090 sec: 3692693 operations; 1742.1 current ops/sec; est completion in 14 minutes [INSERT: Count=17421, Max=3091, Min=22, Avg=571.15, 90=592, 99=611, 99.9=708, 99.99=3063] 
2024-01-13 02:00:36:456 2100 sec: 3710117 operations; 1742.4 current ops/sec; est completion in 14 minutes [INSERT: Count=17424, Max=95167, Min=19, Avg=571.07, 90=584, 99=599, 99.9=703, 99.99=3065] 
2024-01-13 02:00:46:456 2110 sec: 3727689 operations; 1757.2 current ops/sec; est completion in 14 minutes [INSERT: Count=17572, Max=3241, Min=18, Avg=566.28, 90=588, 99=605, 99.9=628, 99.99=2909] 
2024-01-13 02:00:56:477 2120 sec: 3745077 operations; 1737.76 current ops/sec; est completion in 14 minutes [INSERT: Count=17401, Max=3155, Min=21, Avg=573.17, 90=586, 99=614, 99.9=1936, 99.99=2099] 
2024-01-13 02:01:06:496 2130 sec: 3762458 operations; 1736.02 current ops/sec; est completion in 13 minutes [INSERT: Count=17406, Max=2187, Min=21, Avg=572.77, 90=599, 99=621, 99.9=1924, 99.99=2008] 
2024-01-13 02:01:16:458 2140 sec: 3779702 operations; 1726.99 current ops/sec; est completion in 13 minutes [INSERT: Count=17205, Max=4867, Min=21, Avg=574.53, 90=606, 99=621, 99.9=647, 99.99=2161] 
2024-01-13 02:01:26:471 2150 sec: 3796961 operations; 1724.87 current ops/sec; est completion in 13 minutes [INSERT: Count=17264, Max=2229, Min=22, Avg=576.6, 90=608, 99=624, 99.9=719, 99.99=2093] 
2024-01-13 02:01:36:462 2160 sec: 3814147 operations; 1719.63 current ops/sec; est completion in 13 minutes [INSERT: Count=17189, Max=3285, Min=23, Avg=578.07, 90=609, 99=627, 99.9=755, 99.99=2117] 
2024-01-13 02:01:46:461 2170 sec: 3831282 operations; 1713.67 current ops/sec; est completion in 13 minutes [INSERT: Count=17130, Max=3357, Min=21, Avg=580.15, 90=611, 99=628, 99.9=1892, 99.99=2167] 
2024-01-13 02:01:56:461 2180 sec: 3848477 operations; 1719.5 current ops/sec; est completion in 13 minutes [INSERT: Count=17200, Max=2197, Min=22, Avg=578.09, 90=606, 99=626, 99.9=1908, 99.99=2139] 
2024-01-13 02:02:06:456 2190 sec: 3865794 operations; 1732.05 current ops/sec; est completion in 13 minutes [INSERT: Count=17309, Max=2373, Min=22, Avg=574.24, 90=597, 99=620, 99.9=645, 99.99=757] 
2024-01-13 02:02:16:456 2200 sec: 3883135 operations; 1734.1 current ops/sec; est completion in 12 minutes [INSERT: Count=17342, Max=2163, Min=21, Avg=573.74, 90=594, 99=618, 99.9=637, 99.99=2075] 
2024-01-13 02:02:26:455 2210 sec: 3900544 operations; 1740.9 current ops/sec; est completion in 12 minutes [INSERT: Count=17408, Max=2177, Min=20, Avg=571.55, 90=593, 99=614, 99.9=629, 99.99=2087] 
2024-01-13 02:02:36:456 2220 sec: 3917977 operations; 1743.3 current ops/sec; est completion in 12 minutes [INSERT: Count=17436, Max=2313, Min=23, Avg=570.72, 90=589, 99=610, 99.9=657, 99.99=2145] 
2024-01-13 02:02:46:455 2230 sec: 3935394 operations; 1741.7 current ops/sec; est completion in 12 minutes [INSERT: Count=17415, Max=2397, Min=22, Avg=571.24, 90=593, 99=613, 99.9=632, 99.99=723] 
2024-01-13 02:02:56:456 2240 sec: 3953800 operations; 1840.6 current ops/sec; est completion in 12 minutes [INSERT: Count=18405, Max=1616, Min=18, Avg=541.09, 90=587, 99=603, 99.9=627, 99.99=734] 
2024-01-13 02:03:06:456 2250 sec: 3971314 operations; 1751.4 current ops/sec; est completion in 12 minutes [INSERT: Count=17514, Max=2149, Min=20, Avg=568.19, 90=593, 99=612, 99.9=635, 99.99=2101] 
2024-01-13 02:03:16:456 2260 sec: 3989161 operations; 1784.7 current ops/sec; est completion in 11 minutes [INSERT: Count=17847, Max=2337, Min=19, Avg=557.73, 90=586, 99=606, 99.9=623, 99.99=2043] 
2024-01-13 02:03:26:455 2270 sec: 4007053 operations; 1789.2 current ops/sec; est completion in 11 minutes [INSERT: Count=17892, Max=2155, Min=19, Avg=556.35, 90=589, 99=606, 99.9=628, 99.99=746] 
2024-01-13 02:03:36:455 2280 sec: 4024989 operations; 1793.6 current ops/sec; est completion in 11 minutes [INSERT: Count=17937, Max=2173, Min=18, Avg=554.98, 90=586, 99=607, 99.9=627, 99.99=2061] 
2024-01-13 02:03:46:455 2290 sec: 4043285 operations; 1829.6 current ops/sec; est completion in 11 minutes [INSERT: Count=18295, Max=2163, Min=19, Avg=544.27, 90=584, 99=598, 99.9=619, 99.99=2117] 
2024-01-13 02:03:56:455 2300 sec: 4060774 operations; 1748.9 current ops/sec; est completion in 11 minutes [INSERT: Count=17490, Max=2337, Min=21, Avg=568.91, 90=587, 99=608, 99.9=626, 99.99=2137] 
2024-01-13 02:04:06:455 2310 sec: 4078154 operations; 1738 current ops/sec; est completion in 11 minutes [INSERT: Count=17380, Max=3297, Min=22, Avg=572.42, 90=590, 99=612, 99.9=1874, 99.99=2141] 
2024-01-13 02:04:16:455 2320 sec: 4096110 operations; 1795.6 current ops/sec; est completion in 10 minutes [INSERT: Count=17956, Max=2249, Min=19, Avg=554.42, 90=590, 99=612, 99.9=1827, 99.99=2099] 
2024-01-13 02:04:26:455 2330 sec: 4114128 operations; 1801.8 current ops/sec; est completion in 10 minutes [INSERT: Count=18018, Max=845, Min=20, Avg=552.62, 90=593, 99=612, 99.9=630, 99.99=711] 
2024-01-13 02:04:36:455 2340 sec: 4131603 operations; 1747.5 current ops/sec; est completion in 10 minutes [INSERT: Count=17474, Max=699, Min=22, Avg=569.45, 90=592, 99=610, 99.9=623, 99.99=658] 
2024-01-13 02:04:46:455 2350 sec: 4149038 operations; 1743.5 current ops/sec; est completion in 10 minutes [INSERT: Count=17435, Max=4033, Min=22, Avg=570.67, 90=589, 99=610, 99.9=631, 99.99=3019] 
2024-01-13 02:04:56:455 2360 sec: 4166464 operations; 1742.6 current ops/sec; est completion in 10 minutes [INSERT: Count=17426, Max=3235, Min=22, Avg=570.96, 90=590, 99=611, 99.9=635, 99.99=3111] 
2024-01-13 02:05:06:455 2370 sec: 4184830 operations; 1836.6 current ops/sec; est completion in 10 minutes [INSERT: Count=18367, Max=3973, Min=20, Avg=542.21, 90=587, 99=603, 99.9=628, 99.99=3207] 
2024-01-13 02:05:16:455 2380 sec: 4203830 operations; 1900 current ops/sec; est completion in 9 minutes [INSERT: Count=19000, Max=3159, Min=19, Avg=524.53, 90=533, 99=542, 99.9=586, 99.99=3041] 
2024-01-13 02:05:26:455 2390 sec: 4222535 operations; 1870.5 current ops/sec; est completion in 9 minutes [INSERT: Count=18704, Max=94143, Min=20, Avg=532.73, 90=533, 99=545, 99.9=2025, 99.99=2949] 
2024-01-13 02:05:36:455 2400 sec: 4230641 operations; 810.6 current ops/sec; est completion in 9 minutes [INSERT: Count=8106, Max=4919, Min=18, Avg=1230.43, 90=2361, 99=2465, 99.9=2861, 99.99=4639] 
2024-01-13 02:05:46:455 2410 sec: 4241789 operations; 1114.8 current ops/sec; est completion in 9 minutes [INSERT: Count=11148, Max=3531, Min=19, Avg=894.2, 90=1504, 99=1979, 99.9=2429, 99.99=3269] 
2024-01-13 02:05:56:456 2420 sec: 4254395 operations; 1260.6 current ops/sec; est completion in 9 minutes [INSERT: Count=12606, Max=3483, Min=18, Avg=790.86, 90=1459, 99=1897, 99.9=2107, 99.99=2759] 
2024-01-13 02:06:06:456 2430 sec: 4266793 operations; 1239.8 current ops/sec; est completion in 9 minutes [INSERT: Count=12398, Max=10119, Min=18, Avg=804.02, 90=1490, 99=1982, 99.9=2539, 99.99=3639] 
2024-01-13 02:06:16:456 2440 sec: 4278423 operations; 1163 current ops/sec; est completion in 9 minutes [INSERT: Count=11630, Max=4947, Min=19, Avg=856.9, 90=1572, 99=2465, 99.9=2585, 99.99=3297] 
2024-01-13 02:06:26:456 2450 sec: 4290204 operations; 1178.1 current ops/sec; est completion in 9 minutes [INSERT: Count=11782, Max=3565, Min=19, Avg=845.01, 90=1568, 99=2493, 99.9=2583, 99.99=3137] 
2024-01-13 02:06:36:456 2460 sec: 4301406 operations; 1120.2 current ops/sec; est completion in 8 minutes [INSERT: Count=11202, Max=11575, Min=18, Avg=889.64, 90=2197, 99=2471, 99.9=2585, 99.99=3347] 
2024-01-13 02:06:46:456 2470 sec: 4311999 operations; 1059.3 current ops/sec; est completion in 8 minutes [INSERT: Count=10592, Max=2815, Min=21, Avg=940.01, 90=2245, 99=2523, 99.9=2629, 99.99=2665] 
2024-01-13 02:06:56:455 2480 sec: 4328485 operations; 1648.6 current ops/sec; est completion in 8 minutes [INSERT: Count=16486, Max=2639, Min=22, Avg=603.14, 90=615, 99=2139, 99.9=2513, 99.99=2623] 
2024-01-13 02:07:06:455 2490 sec: 4345892 operations; 1740.7 current ops/sec; est completion in 8 minutes [INSERT: Count=17407, Max=2345, Min=20, Avg=571.41, 90=597, 99=621, 99.9=647, 99.99=779] 
2024-01-13 02:07:16:455 2500 sec: 4363310 operations; 1741.8 current ops/sec; est completion in 8 minutes [INSERT: Count=17419, Max=1712, Min=21, Avg=571.17, 90=592, 99=614, 99.9=630, 99.99=688] 
2024-01-13 02:07:26:455 2510 sec: 4380764 operations; 1745.4 current ops/sec; est completion in 8 minutes [INSERT: Count=17453, Max=2149, Min=21, Avg=570.14, 90=592, 99=613, 99.9=635, 99.99=2097] 
2024-01-13 02:07:36:455 2520 sec: 4399363 operations; 1859.9 current ops/sec; est completion in 8 minutes [INSERT: Count=18599, Max=1017, Min=19, Avg=535.56, 90=582, 99=597, 99.9=621, 99.99=810] 
2024-01-13 02:07:46:455 2530 sec: 4418224 operations; 1886.1 current ops/sec; est completion in 7 minutes [INSERT: Count=18863, Max=752, Min=19, Avg=528.16, 90=538, 99=579, 99.9=602, 99.99=691] 
2024-01-13 02:07:56:456 2540 sec: 4437101 operations; 1887.7 current ops/sec; est completion in 7 minutes [INSERT: Count=18875, Max=2257, Min=20, Avg=527.73, 90=537, 99=548, 99.9=565, 99.99=632] 
2024-01-13 02:08:06:455 2550 sec: 4455763 operations; 1866.2 current ops/sec; est completion in 7 minutes [INSERT: Count=18662, Max=727, Min=19, Avg=533.72, 90=565, 99=591, 99.9=613, 99.99=638] 
2024-01-13 02:08:16:456 2560 sec: 4474690 operations; 1892.7 current ops/sec; est completion in 7 minutes [INSERT: Count=18928, Max=2149, Min=19, Avg=526.39, 90=537, 99=547, 99.9=559, 99.99=594] 
2024-01-13 02:08:26:455 2570 sec: 4493785 operations; 1909.5 current ops/sec; est completion in 7 minutes [INSERT: Count=19094, Max=1132, Min=18, Avg=521.89, 90=531, 99=540, 99.9=549, 99.99=664] 
2024-01-13 02:08:36:455 2580 sec: 4512924 operations; 1913.9 current ops/sec; est completion in 6 minutes [INSERT: Count=19140, Max=2201, Min=18, Avg=520.63, 90=528, 99=539, 99.9=555, 99.99=636] 
2024-01-13 02:08:46:455 2590 sec: 4532037 operations; 1911.3 current ops/sec; est completion in 6 minutes [INSERT: Count=19112, Max=713, Min=18, Avg=521.4, 90=531, 99=541, 99.9=555, 99.99=650] 
2024-01-13 02:08:56:455 2600 sec: 4551174 operations; 1913.7 current ops/sec; est completion in 6 minutes [INSERT: Count=19137, Max=2003, Min=18, Avg=520.79, 90=530, 99=540, 99.9=551, 99.99=810] 
2024-01-13 02:09:06:455 2610 sec: 4570291 operations; 1911.7 current ops/sec; est completion in 6 minutes [INSERT: Count=19117, Max=747, Min=19, Avg=521.29, 90=531, 99=540, 99.9=555, 99.99=688] 
2024-01-13 02:09:16:455 2620 sec: 4589046 operations; 1875.5 current ops/sec; est completion in 6 minutes [INSERT: Count=18756, Max=2079, Min=19, Avg=531.17, 90=577, 99=596, 99.9=622, 99.99=868] 
2024-01-13 02:09:26:455 2630 sec: 4608037 operations; 1899.1 current ops/sec; est completion in 6 minutes [INSERT: Count=18990, Max=876, Min=19, Avg=524.67, 90=536, 99=544, 99.9=558, 99.99=665] 
2024-01-13 02:09:36:455 2640 sec: 4626748 operations; 1871.1 current ops/sec; est completion in 5 minutes [INSERT: Count=18711, Max=6991, Min=19, Avg=532.45, 90=578, 99=594, 99.9=622, 99.99=3761] 
2024-01-13 02:09:46:456 2650 sec: 4644854 operations; 1810.6 current ops/sec; est completion in 5 minutes [INSERT: Count=18106, Max=9143, Min=19, Avg=549.87, 90=586, 99=604, 99.9=654, 99.99=7511] 
2024-01-13 02:09:56:455 2660 sec: 4662123 operations; 1726.9 current ops/sec; est completion in 5 minutes [INSERT: Count=17270, Max=6383, Min=22, Avg=576.03, 90=595, 99=614, 99.9=649, 99.99=5971] 
2024-01-13 02:10:06:455 2670 sec: 4679438 operations; 1731.5 current ops/sec; est completion in 5 minutes [INSERT: Count=17314, Max=3807, Min=22, Avg=574.47, 90=594, 99=612, 99.9=684, 99.99=3485] 
2024-01-13 02:10:16:455 2680 sec: 4696823 operations; 1738.5 current ops/sec; est completion in 5 minutes [INSERT: Count=17386, Max=3379, Min=23, Avg=572.29, 90=591, 99=610, 99.9=628, 99.99=3327] 
2024-01-13 02:10:26:455 2690 sec: 4714143 operations; 1732 current ops/sec; est completion in 5 minutes [INSERT: Count=17320, Max=3279, Min=23, Avg=574.44, 90=595, 99=614, 99.9=712, 99.99=3239] 
2024-01-13 02:10:36:455 2700 sec: 4731488 operations; 1734.5 current ops/sec; est completion in 4 minutes [INSERT: Count=17344, Max=4631, Min=23, Avg=573.62, 90=593, 99=613, 99.9=661, 99.99=3393] 
2024-01-13 02:10:46:455 2710 sec: 4748841 operations; 1735.3 current ops/sec; est completion in 4 minutes [INSERT: Count=17354, Max=7095, Min=22, Avg=573.3, 90=594, 99=613, 99.9=637, 99.99=3239] 
2024-01-13 02:10:56:455 2720 sec: 4766226 operations; 1738.5 current ops/sec; est completion in 4 minutes [INSERT: Count=17385, Max=92415, Min=19, Avg=572.3, 90=583, 99=603, 99.9=701, 99.99=3271] 
2024-01-13 02:11:06:455 2730 sec: 4783760 operations; 1753.4 current ops/sec; est completion in 4 minutes [INSERT: Count=17534, Max=4575, Min=20, Avg=567.41, 90=584, 99=606, 99.9=631, 99.99=3209] 
2024-01-13 02:11:16:455 2740 sec: 4801273 operations; 1751.3 current ops/sec; est completion in 4 minutes [INSERT: Count=17513, Max=3357, Min=20, Avg=568.07, 90=587, 99=606, 99.9=633, 99.99=3065] 
2024-01-13 02:11:26:455 2750 sec: 4818806 operations; 1753.3 current ops/sec; est completion in 4 minutes [INSERT: Count=17532, Max=3115, Min=20, Avg=567.47, 90=584, 99=607, 99.9=650, 99.99=3031] 
2024-01-13 02:11:36:455 2760 sec: 4836402 operations; 1759.6 current ops/sec; est completion in 3 minutes [INSERT: Count=17596, Max=3529, Min=18, Avg=565.43, 90=588, 99=608, 99.9=636, 99.99=3045] 
2024-01-13 02:11:46:455 2770 sec: 4853932 operations; 1753 current ops/sec; est completion in 3 minutes [INSERT: Count=17530, Max=2229, Min=21, Avg=567.6, 90=590, 99=612, 99.9=725, 99.99=1539] 
2024-01-13 02:11:56:456 2780 sec: 4871307 operations; 1737.5 current ops/sec; est completion in 3 minutes [INSERT: Count=17376, Max=14175, Min=21, Avg=572.43, 90=597, 99=619, 99.9=746, 99.99=2169] 
2024-01-13 02:12:06:456 2790 sec: 4888592 operations; 1728.5 current ops/sec; est completion in 3 minutes [INSERT: Count=17284, Max=2223, Min=21, Avg=575.15, 90=607, 99=626, 99.9=712, 99.99=1996] 
2024-01-13 02:12:16:455 2800 sec: 4905948 operations; 1735.6 current ops/sec; est completion in 3 minutes [INSERT: Count=17356, Max=6699, Min=22, Avg=572.71, 90=605, 99=620, 99.9=652, 99.99=2087] 
2024-01-13 02:12:26:455 2810 sec: 4923204 operations; 1725.6 current ops/sec; est completion in 3 minutes [INSERT: Count=17257, Max=2617, Min=21, Avg=575.94, 90=604, 99=623, 99.9=1828, 99.99=1963] 
2024-01-13 02:12:36:455 2820 sec: 4940457 operations; 1725.3 current ops/sec; est completion in 2 minutes [INSERT: Count=17252, Max=2119, Min=22, Avg=576.41, 90=608, 99=627, 99.9=698, 99.99=2015] 
2024-01-13 02:12:46:455 2830 sec: 4957756 operations; 1729.9 current ops/sec; est completion in 2 minutes [INSERT: Count=17300, Max=3669, Min=21, Avg=574.84, 90=604, 99=624, 99.9=665, 99.99=2395] 
2024-01-13 02:12:56:455 2840 sec: 4975191 operations; 1743.5 current ops/sec; est completion in 2 minutes [INSERT: Count=17435, Max=2169, Min=22, Avg=570.58, 90=593, 99=616, 99.9=638, 99.99=985] 
2024-01-13 02:13:06:455 2850 sec: 4992688 operations; 1749.7 current ops/sec; est completion in 2 minutes [INSERT: Count=17497, Max=2253, Min=21, Avg=568.61, 90=590, 99=612, 99.9=645, 99.99=2049] 
2024-01-13 02:13:16:455 2860 sec: 5010154 operations; 1746.6 current ops/sec; est completion in 2 minutes [INSERT: Count=17465, Max=2149, Min=22, Avg=569.67, 90=590, 99=613, 99.9=669, 99.99=2109] 
2024-01-13 02:13:26:455 2870 sec: 5027656 operations; 1750.2 current ops/sec; est completion in 2 minutes [INSERT: Count=17502, Max=2135, Min=22, Avg=568.45, 90=588, 99=611, 99.9=633, 99.99=995] 
2024-01-13 02:13:36:455 2880 sec: 5046054 operations; 1839.8 current ops/sec; est completion in 1 minute [INSERT: Count=18398, Max=2087, Min=19, Avg=541.27, 90=584, 99=603, 99.9=624, 99.99=739] 
2024-01-13 02:13:46:455 2890 sec: 5063566 operations; 1751.2 current ops/sec; est completion in 1 minute [INSERT: Count=17513, Max=2141, Min=20, Avg=568.12, 90=589, 99=611, 99.9=629, 99.99=1842] 
2024-01-13 02:13:56:455 2900 sec: 5081825 operations; 1825.9 current ops/sec; est completion in 1 minute [INSERT: Count=18259, Max=2275, Min=19, Avg=545.27, 90=583, 99=603, 99.9=626, 99.99=788] 
2024-01-13 02:14:06:455 2910 sec: 5100260 operations; 1843.5 current ops/sec; est completion in 1 minute [INSERT: Count=18435, Max=2049, Min=19, Avg=540.2, 90=583, 99=602, 99.9=625, 99.99=1747] 
2024-01-13 02:14:16:455 2920 sec: 5118177 operations; 1791.7 current ops/sec; est completion in 1 minute [INSERT: Count=17916, Max=2335, Min=19, Avg=555.55, 90=593, 99=611, 99.9=642, 99.99=2097] 
2024-01-13 02:14:26:455 2930 sec: 5136980 operations; 1880.3 current ops/sec; est completion in 1 minute [INSERT: Count=18803, Max=2129, Min=19, Avg=529.85, 90=572, 99=597, 99.9=624, 99.99=717] 
2024-01-13 02:14:36:455 2940 sec: 5154870 operations; 1789 current ops/sec; est completion in 51 seconds [INSERT: Count=17890, Max=2219, Min=20, Avg=556.34, 90=593, 99=610, 99.9=628, 99.99=2020] 
2024-01-13 02:14:46:455 2950 sec: 5172721 operations; 1785.1 current ops/sec; est completion in 41 seconds [INSERT: Count=17851, Max=2065, Min=19, Avg=557.6, 90=592, 99=611, 99.9=662, 99.99=1838] 
2024-01-13 02:14:56:455 2960 sec: 5190655 operations; 1793.4 current ops/sec; est completion in 30 seconds [INSERT: Count=17934, Max=2287, Min=20, Avg=555.11, 90=590, 99=610, 99.9=804, 99.99=2131] 
2024-01-13 02:15:06:455 2970 sec: 5208065 operations; 1741 current ops/sec; est completion in 20 seconds [INSERT: Count=17411, Max=2059, Min=21, Avg=571.49, 90=596, 99=617, 99.9=650, 99.99=1858] 
2024-01-13 02:15:16:455 2980 sec: 5225574 operations; 1750.9 current ops/sec; est completion in 10 seconds [INSERT: Count=17509, Max=1960, Min=20, Avg=568.22, 90=592, 99=612, 99.9=629, 99.99=933] 
2024-01-13 02:15:26:455 2990 sec: 5242880 operations; 1730.6 current ops/sec; [INSERT: Count=17305, Max=2191, Min=22, Avg=570.37, 90=590, 99=611, 99.9=626, 99.99=781] 
2024-01-13 02:15:26:484 2990 sec: 5242880 operations; 0 current ops/sec; [CLEANUP: Count=1, Max=107199, Min=107136, Avg=107168, 90=107199, 99=107199, 99.9=107199, 99.99=107199] [INSERT: Count=0, Max=0, Min=9223372036854775807, Avg=NaN, 90=0, 99=0, 99.9=0, 99.99=0] 
