[OVERALL], RunTime(ms), 181991
[OVERALL], Throughput(ops/sec), 28808.457561088184
[TOTAL_GCS_G1_Young_Generation], Count, 130
[TOTAL_GC_TIME_G1_Young_Generation], Time(ms), 274
[TOTAL_GC_TIME_%_G1_Young_Generation], Time(%), 0.15055689567066505
[TOTAL_GCS_G1_Old_Generation], Count, 0
[TOTAL_GC_TIME_G1_Old_Generation], Time(ms), 0
[TOTAL_GC_TIME_%_G1_Old_Generation], Time(%), 0.0
[TOTAL_GCs], Count, 130
[TOTAL_GC_TIME], Time(ms), 274
[TOTAL_GC_TIME_%], Time(%), 0.15055689567066505
[CLEANUP], Operations, 1
[CLEANUP], AverageLatency(us), 98592.0
[CLEANUP], MinLatency(us), 98560
[CLEANUP], MaxLatency(us), 98623
[CLEANUP], 95thPercentileLatency(us), 98623
[CLEANUP], 99thPercentileLatency(us), 98623
[INSERT], Operations, 5242880
[INSERT], AverageLatency(us), 32.5652738571167
[INSERT], MinLatency(us), 12
[INSERT], MaxLatency(us), 18207
[INSERT], 95thPercentileLatency(us), 48
[INSERT], 99thPercentileLatency(us), 68
[INSERT], Return=OK, 5242880
