[WARN]  Running against a source checkout. In order to get our runtime dependencies we'll have to invoke Maven. Depending on the state of your system, this may take ~30-45 seconds
[DEBUG]  Running 'mvn -pl site.ycsb:rocksdb-binding -am package -DskipTests dependency:build-classpath -DincludeScope=compile -Dmdep.outputFilterFile=true'
java -cp /home/user/src/rocksdb-cheops-2024/ycsb/rocksdb/conf:/home/user/src/rocksdb-cheops-2024/ycsb/rocksdb/target/rocksdb-binding-0.18.0-SNAPSHOT.jar:/root/.m2/repository/org/apache/htrace/htrace-core4/4.1.0-incubating/htrace-core4-4.1.0-incubating.jar:/root/.m2/repository/org/slf4j/slf4j-api/1.7.25/slf4j-api-1.7.25.jar:/home/user/src/rocksdb-cheops-2024/rocksdb-ycsb/java/target/rocksdbjni-7.4.3-linux64.jar:/root/.m2/repository/net/jcip/jcip-annotations/1.0/jcip-annotations-1.0.jar:/root/.m2/repository/org/hdrhistogram/HdrHistogram/2.1.4/HdrHistogram-2.1.4.jar:/root/.m2/repository/org/codehaus/jackson/jackson-mapper-asl/1.9.4/jackson-mapper-asl-1.9.4.jar:/lib/libzbd.so.1:/root/.m2/repository/org/codehaus/jackson/jackson-core-asl/1.9.4/jackson-core-asl-1.9.4.jar:/home/user/src/rocksdb-cheops-2024/rocksdb-ycsb/java/target/librocksdbjni-linux64.so:/home/user/src/rocksdb-cheops-2024/ycsb/core/target/core-0.18.0-SNAPSHOT.jar site.ycsb.Client -db site.ycsb.db.rocksdb.RocksDBClient -s -P ./workloads/workloadc -p recordcount=5242880 -p operationcount=1000000 -p fieldlength=386 -p fieldcount=10 -load
Command line: -db site.ycsb.db.rocksdb.RocksDBClient -s -P ./workloads/workloadc -p recordcount=5242880 -p operationcount=1000000 -p fieldlength=386 -p fieldcount=10 -load
YCSB Client 0.18.0-SNAPSHOT

Loading workload...
Starting test.
SLF4J: Failed to load class "org.slf4j.impl.StaticLoggerBinder".
SLF4J: Defaulting to no-operation (NOP) logger implementation
SLF4J: See http://www.slf4j.org/codes.html#StaticLoggerBinder for further details.
2024-01-12 11:13:12:167 0 sec: 0 operations; est completion in 0 second 
Leet YCSB 
DBWrapper: report latency for each error is false and specific error codes to track for latency are: []
2024-01-12 11:13:22:129 10 sec: 24664 operations; 2466.15 current ops/sec; est completion in 35 minutes [INSERT: Count=24672, Max=12303, Min=18, Avg=296.35, 90=560, 99=613, 99.9=692, 99.99=2943] 
2024-01-12 11:13:32:129 20 sec: 59337 operations; 3467.65 current ops/sec; est completion in 29 minutes [INSERT: Count=34667, Max=5619, Min=19, Avg=285.48, 90=546, 99=560, 99.9=582, 99.99=3203] 
2024-01-12 11:13:42:129 30 sec: 94223 operations; 3488.6 current ops/sec; est completion in 27 minutes [INSERT: Count=34886, Max=5563, Min=17, Avg=284.52, 90=557, 99=591, 99.9=623, 99.99=2087] 
2024-01-12 11:13:52:129 40 sec: 128643 operations; 3442 current ops/sec; est completion in 26 minutes [INSERT: Count=34420, Max=7859, Min=18, Avg=288.41, 90=575, 99=593, 99.9=623, 99.99=3297] 
2024-01-12 11:14:02:129 50 sec: 164246 operations; 3560.3 current ops/sec; est completion in 25 minutes [INSERT: Count=35603, Max=5695, Min=20, Avg=279.12, 90=535, 99=546, 99.9=583, 99.99=3179] 
2024-01-12 11:14:12:129 60 sec: 199683 operations; 3543.7 current ops/sec; est completion in 25 minutes [INSERT: Count=35437, Max=3359, Min=19, Avg=280.44, 90=536, 99=583, 99.9=613, 99.99=3175] 
2024-01-12 11:14:22:129 70 sec: 234969 operations; 3528.6 current ops/sec; est completion in 24 minutes [INSERT: Count=35286, Max=5095, Min=20, Avg=281.59, 90=537, 99=586, 99.9=624, 99.99=2979] 
2024-01-12 11:14:32:129 80 sec: 270434 operations; 3546.5 current ops/sec; est completion in 24 minutes [INSERT: Count=35465, Max=16367, Min=19, Avg=280.21, 90=536, 99=547, 99.9=562, 99.99=3173] 
2024-01-12 11:14:42:129 90 sec: 305920 operations; 3548.6 current ops/sec; est completion in 24 minutes [INSERT: Count=35486, Max=4659, Min=21, Avg=280.05, 90=536, 99=547, 99.9=565, 99.99=3169] 
2024-01-12 11:14:52:129 100 sec: 341378 operations; 3545.8 current ops/sec; est completion in 23 minutes [INSERT: Count=35456, Max=5515, Min=20, Avg=280.29, 90=536, 99=547, 99.9=566, 99.99=3071] 
2024-01-12 11:15:02:129 110 sec: 374690 operations; 3331.2 current ops/sec; est completion in 23 minutes [INSERT: Count=33314, Max=6019, Min=20, Avg=297.89, 90=593, 99=617, 99.9=646, 99.99=2761] 
2024-01-12 11:15:12:129 120 sec: 407003 operations; 3231.3 current ops/sec; est completion in 23 minutes [INSERT: Count=32313, Max=2741, Min=19, Avg=306.9, 90=589, 99=611, 99.9=643, 99.99=2205] 
2024-01-12 11:15:22:129 130 sec: 438640 operations; 3163.7 current ops/sec; est completion in 23 minutes [INSERT: Count=31637, Max=6131, Min=20, Avg=313.24, 90=597, 99=623, 99.9=658, 99.99=2865] 
2024-01-12 11:15:32:129 140 sec: 470409 operations; 3176.9 current ops/sec; est completion in 23 minutes [INSERT: Count=31769, Max=5743, Min=20, Avg=311.87, 90=596, 99=625, 99.9=648, 99.99=843] 
2024-01-12 11:15:42:129 150 sec: 502175 operations; 3176.6 current ops/sec; est completion in 23 minutes [INSERT: Count=31766, Max=5379, Min=21, Avg=312.03, 90=595, 99=622, 99.9=651, 99.99=3509] 
2024-01-12 11:15:52:129 160 sec: 533003 operations; 3082.8 current ops/sec; est completion in 23 minutes [INSERT: Count=30828, Max=6659, Min=18, Avg=321.08, 90=609, 99=640, 99.9=670, 99.99=3777] 
2024-01-12 11:16:02:129 170 sec: 565415 operations; 3241.2 current ops/sec; est completion in 23 minutes [INSERT: Count=32412, Max=1492, Min=17, Avg=305.66, 90=589, 99=617, 99.9=646, 99.99=1164] 
2024-01-12 11:16:12:129 180 sec: 599898 operations; 3448.3 current ops/sec; est completion in 23 minutes [INSERT: Count=34483, Max=5663, Min=16, Avg=287.89, 90=579, 99=604, 99.9=633, 99.99=976] 
2024-01-12 11:16:22:129 190 sec: 635827 operations; 3592.9 current ops/sec; est completion in 22 minutes [INSERT: Count=35929, Max=5507, Min=19, Avg=276.57, 90=533, 99=545, 99.9=556, 99.99=657] 
2024-01-12 11:16:32:129 200 sec: 671683 operations; 3585.6 current ops/sec; est completion in 22 minutes [INSERT: Count=35856, Max=1901, Min=20, Avg=277.18, 90=534, 99=547, 99.9=580, 99.99=789] 
2024-01-12 11:16:42:129 210 sec: 707486 operations; 3580.3 current ops/sec; est completion in 22 minutes [INSERT: Count=35803, Max=1767, Min=18, Avg=277.61, 90=534, 99=545, 99.9=558, 99.99=802] 
2024-01-12 11:16:52:129 220 sec: 743255 operations; 3576.9 current ops/sec; est completion in 22 minutes [INSERT: Count=35769, Max=2243, Min=20, Avg=277.81, 90=535, 99=547, 99.9=558, 99.99=715] 
2024-01-12 11:17:02:129 230 sec: 778900 operations; 3564.5 current ops/sec; est completion in 21 minutes [INSERT: Count=35645, Max=2181, Min=20, Avg=278.82, 90=537, 99=547, 99.9=559, 99.99=776] 
2024-01-12 11:17:12:129 240 sec: 814525 operations; 3562.5 current ops/sec; est completion in 21 minutes [INSERT: Count=35625, Max=1783, Min=19, Avg=278.98, 90=536, 99=547, 99.9=563, 99.99=730] 
2024-01-12 11:17:22:129 250 sec: 849328 operations; 3480.3 current ops/sec; est completion in 21 minutes [INSERT: Count=34803, Max=1218, Min=21, Avg=285.44, 90=550, 99=596, 99.9=630, 99.99=789] 
2024-01-12 11:17:32:129 260 sec: 885008 operations; 3568 current ops/sec; est completion in 21 minutes [INSERT: Count=35680, Max=2143, Min=21, Avg=278.53, 90=535, 99=546, 99.9=556, 99.99=690] 
2024-01-12 11:17:42:129 270 sec: 920703 operations; 3569.5 current ops/sec; est completion in 21 minutes [INSERT: Count=35695, Max=1484, Min=20, Avg=278.42, 90=535, 99=545, 99.9=557, 99.99=781] 
2024-01-12 11:17:52:129 280 sec: 956346 operations; 3564.3 current ops/sec; est completion in 20 minutes [INSERT: Count=35644, Max=2177, Min=20, Avg=278.83, 90=536, 99=546, 99.9=557, 99.99=674] 
2024-01-12 11:18:02:129 290 sec: 991948 operations; 3560.2 current ops/sec; est completion in 20 minutes [INSERT: Count=35601, Max=2040, Min=20, Avg=279.19, 90=536, 99=547, 99.9=558, 99.99=680] 
2024-01-12 11:18:12:129 300 sec: 1027497 operations; 3554.9 current ops/sec; est completion in 20 minutes [INSERT: Count=35549, Max=2265, Min=20, Avg=279.56, 90=537, 99=548, 99.9=559, 99.99=821] 
2024-01-12 11:18:22:129 310 sec: 1059787 operations; 3229 current ops/sec; est completion in 20 minutes [INSERT: Count=32290, Max=2487, Min=17, Avg=307.91, 90=538, 99=1729, 99.9=2419, 99.99=2471] 
2024-01-12 11:18:32:129 320 sec: 1075187 operations; 1540 current ops/sec; est completion in 20 minutes [INSERT: Count=15400, Max=4455, Min=18, Avg=645.99, 90=1876, 99=2501, 99.9=2567, 99.99=3449] 
2024-01-12 11:18:42:129 330 sec: 1105786 operations; 3059.9 current ops/sec; est completion in 20 minutes [INSERT: Count=30597, Max=7475, Min=16, Avg=324.36, 90=575, 99=1748, 99.9=2445, 99.99=6207] 
2024-01-12 11:18:52:129 340 sec: 1139064 operations; 3327.8 current ops/sec; est completion in 20 minutes [INSERT: Count=33278, Max=7083, Min=15, Avg=298, 90=576, 99=596, 99.9=641, 99.99=5375] 
2024-01-12 11:19:02:129 350 sec: 1173189 operations; 3412.5 current ops/sec; est completion in 20 minutes [INSERT: Count=34127, Max=4675, Min=16, Avg=290.82, 90=575, 99=592, 99.9=633, 99.99=4103] 
2024-01-12 11:19:12:129 360 sec: 1208606 operations; 3541.7 current ops/sec; est completion in 20 minutes [INSERT: Count=35417, Max=3293, Min=17, Avg=280.44, 90=554, 99=590, 99.9=622, 99.99=3121] 
2024-01-12 11:19:22:129 370 sec: 1244563 operations; 3595.7 current ops/sec; est completion in 19 minutes [INSERT: Count=35957, Max=3101, Min=18, Avg=276.37, 90=530, 99=579, 99.9=612, 99.99=2953] 
2024-01-12 11:19:32:129 380 sec: 1280564 operations; 3600.1 current ops/sec; est completion in 19 minutes [INSERT: Count=36001, Max=3083, Min=16, Avg=276.03, 90=530, 99=579, 99.9=608, 99.99=2877] 
2024-01-12 11:19:42:129 390 sec: 1315531 operations; 3496.7 current ops/sec; est completion in 19 minutes [INSERT: Count=34967, Max=3085, Min=16, Avg=283.99, 90=573, 99=584, 99.9=622, 99.99=2937] 
2024-01-12 11:19:52:129 400 sec: 1349354 operations; 3382.3 current ops/sec; est completion in 19 minutes [INSERT: Count=33823, Max=3227, Min=16, Avg=293.36, 90=579, 99=600, 99.9=634, 99.99=2551] 
2024-01-12 11:20:02:129 410 sec: 1382837 operations; 3348.3 current ops/sec; est completion in 19 minutes [INSERT: Count=33483, Max=2243, Min=17, Avg=296.31, 90=577, 99=598, 99.9=637, 99.99=2071] 
2024-01-12 11:20:12:129 420 sec: 1418502 operations; 3566.14 current ops/sec; est completion in 18 minutes [INSERT: Count=35665, Max=2095, Min=18, Avg=278.49, 90=538, 99=549, 99.9=567, 99.99=1679] 
2024-01-12 11:20:22:129 430 sec: 1454397 operations; 3589.86 current ops/sec; est completion in 18 minutes [INSERT: Count=35895, Max=2811, Min=18, Avg=276.79, 90=535, 99=546, 99.9=561, 99.99=801] 
2024-01-12 11:20:32:129 440 sec: 1489468 operations; 3506.75 current ops/sec; est completion in 18 minutes [INSERT: Count=35071, Max=3569, Min=17, Avg=283.08, 90=544, 99=555, 99.9=574, 99.99=2807] 
2024-01-12 11:20:42:129 450 sec: 1524545 operations; 3508.05 current ops/sec; est completion in 18 minutes [INSERT: Count=35075, Max=2633, Min=18, Avg=283.1, 90=544, 99=556, 99.9=575, 99.99=1717] 
2024-01-12 11:20:52:129 460 sec: 1559898 operations; 3535.3 current ops/sec; est completion in 18 minutes [INSERT: Count=35355, Max=2045, Min=19, Avg=281.08, 90=541, 99=553, 99.9=568, 99.99=1199] 
2024-01-12 11:21:02:129 470 sec: 1595701 operations; 3580.3 current ops/sec; est completion in 17 minutes [INSERT: Count=35802, Max=1656, Min=15, Avg=277.57, 90=537, 99=583, 99.9=612, 99.99=782] 
2024-01-12 11:21:12:129 480 sec: 1632206 operations; 3650.5 current ops/sec; est completion in 17 minutes [INSERT: Count=36504, Max=2073, Min=16, Avg=272.24, 90=528, 99=538, 99.9=553, 99.99=752] 
2024-01-12 11:21:22:129 490 sec: 1665529 operations; 3332.3 current ops/sec; est completion in 17 minutes [INSERT: Count=33325, Max=1821, Min=16, Avg=297.65, 90=594, 99=610, 99.9=641, 99.99=1280] 
2024-01-12 11:21:32:129 500 sec: 1698942 operations; 3341.3 current ops/sec; est completion in 17 minutes [INSERT: Count=33411, Max=757, Min=17, Avg=296.87, 90=598, 99=612, 99.9=637, 99.99=708] 
2024-01-12 11:21:42:129 510 sec: 1735012 operations; 3607 current ops/sec; est completion in 17 minutes [INSERT: Count=36070, Max=2095, Min=18, Avg=275.55, 90=532, 99=542, 99.9=556, 99.99=733] 
2024-01-12 11:21:52:129 520 sec: 1770767 operations; 3575.5 current ops/sec; est completion in 17 minutes [INSERT: Count=35755, Max=2357, Min=18, Avg=277.88, 90=532, 99=599, 99.9=622, 99.99=768] 
2024-01-12 11:22:02:129 530 sec: 1806786 operations; 3601.9 current ops/sec; est completion in 16 minutes [INSERT: Count=36019, Max=1608, Min=17, Avg=275.87, 90=530, 99=575, 99.9=599, 99.99=727] 
2024-01-12 11:22:12:129 540 sec: 1842994 operations; 3620.8 current ops/sec; est completion in 16 minutes [INSERT: Count=36210, Max=1856, Min=18, Avg=274.43, 90=528, 99=588, 99.9=606, 99.99=778] 
2024-01-12 11:22:22:129 550 sec: 1876345 operations; 3335.1 current ops/sec; est completion in 16 minutes [INSERT: Count=33351, Max=1758, Min=16, Avg=297.41, 90=575, 99=596, 99.9=623, 99.99=736] 
2024-01-12 11:22:32:129 560 sec: 1909790 operations; 3344.5 current ops/sec; est completion in 16 minutes [INSERT: Count=33445, Max=2034, Min=16, Avg=296.56, 90=574, 99=589, 99.9=610, 99.99=653] 
2024-01-12 11:22:42:129 570 sec: 1942953 operations; 3316.3 current ops/sec; est completion in 16 minutes [INSERT: Count=33161, Max=996, Min=17, Avg=299.08, 90=579, 99=595, 99.9=619, 99.99=780] 
2024-01-12 11:22:52:129 580 sec: 1975926 operations; 3297.3 current ops/sec; est completion in 15 minutes [INSERT: Count=32975, Max=1358, Min=17, Avg=300.73, 90=588, 99=601, 99.9=629, 99.99=735] 
2024-01-12 11:23:02:129 590 sec: 2008383 operations; 3245.7 current ops/sec; est completion in 15 minutes [INSERT: Count=32457, Max=5455, Min=17, Avg=305.41, 90=593, 99=609, 99.9=640, 99.99=3091] 
2024-01-12 11:23:12:129 600 sec: 2041042 operations; 3265.9 current ops/sec; est completion in 15 minutes [INSERT: Count=32659, Max=4571, Min=17, Avg=303.68, 90=586, 99=601, 99.9=632, 99.99=3567] 
2024-01-12 11:23:22:129 610 sec: 2073529 operations; 3248.7 current ops/sec; est completion in 15 minutes [INSERT: Count=32487, Max=3391, Min=18, Avg=305.17, 90=593, 99=610, 99.9=643, 99.99=3203] 
2024-01-12 11:23:32:129 620 sec: 2105817 operations; 3228.8 current ops/sec; est completion in 15 minutes [INSERT: Count=32288, Max=3207, Min=18, Avg=307.05, 90=594, 99=610, 99.9=641, 99.99=2973] 
2024-01-12 11:23:42:129 630 sec: 2124426 operations; 1860.9 current ops/sec; est completion in 15 minutes [INSERT: Count=18608, Max=4867, Min=15, Avg=534.79, 90=1736, 99=2439, 99.9=2497, 99.99=4295] 
2024-01-12 11:23:52:129 640 sec: 2143960 operations; 1953.4 current ops/sec; est completion in 15 minutes [INSERT: Count=19535, Max=5719, Min=15, Avg=509.35, 90=1491, 99=2397, 99.9=2491, 99.99=3467] 
2024-01-12 11:24:02:129 650 sec: 2169407 operations; 2544.7 current ops/sec; est completion in 15 minutes [INSERT: Count=25447, Max=3243, Min=15, Avg=390.86, 90=1001, 99=1751, 99.9=2005, 99.99=2137] 
2024-01-12 11:24:12:129 660 sec: 2194791 operations; 2538.4 current ops/sec; est completion in 15 minutes [INSERT: Count=25384, Max=2399, Min=16, Avg=391.85, 90=1004, 99=1614, 99.9=1937, 99.99=2233] 
2024-01-12 11:24:22:129 670 sec: 2221381 operations; 2659 current ops/sec; est completion in 15 minutes [INSERT: Count=26588, Max=2813, Min=16, Avg=373.8, 90=942, 99=1453, 99.9=1627, 99.99=2105] 
2024-01-12 11:24:32:129 680 sec: 2247453 operations; 2607.2 current ops/sec; est completion in 15 minutes [INSERT: Count=26074, Max=2809, Min=17, Avg=381.26, 90=875, 99=1814, 99.9=2061, 99.99=2135] 
2024-01-12 11:24:42:129 690 sec: 2277231 operations; 2977.8 current ops/sec; est completion in 14 minutes [INSERT: Count=29777, Max=4045, Min=17, Avg=333.32, 90=603, 99=1634, 99.9=2000, 99.99=2945] 
2024-01-12 11:24:52:129 700 sec: 2309249 operations; 3201.8 current ops/sec; est completion in 14 minutes [INSERT: Count=32017, Max=2115, Min=16, Avg=309.24, 90=595, 99=618, 99.9=646, 99.99=1758] 
2024-01-12 11:25:02:129 710 sec: 2341878 operations; 3262.9 current ops/sec; est completion in 14 minutes [INSERT: Count=32631, Max=1702, Min=17, Avg=303.9, 90=585, 99=608, 99.9=633, 99.99=1267] 
2024-01-12 11:25:12:129 720 sec: 2374964 operations; 3308.6 current ops/sec; est completion in 14 minutes [INSERT: Count=33086, Max=1672, Min=17, Avg=299.76, 90=579, 99=601, 99.9=620, 99.99=786] 
2024-01-12 11:25:22:129 730 sec: 2408470 operations; 3350.6 current ops/sec; est completion in 14 minutes [INSERT: Count=33506, Max=1652, Min=17, Avg=296.15, 90=581, 99=601, 99.9=621, 99.99=894] 
2024-01-12 11:25:32:129 740 sec: 2441128 operations; 3265.8 current ops/sec; est completion in 14 minutes [INSERT: Count=32656, Max=2273, Min=18, Avg=303.62, 90=600, 99=614, 99.9=642, 99.99=740] 
2024-01-12 11:25:42:129 750 sec: 2475305 operations; 3417.7 current ops/sec; est completion in 13 minutes [INSERT: Count=34177, Max=2051, Min=17, Avg=290.46, 90=582, 99=610, 99.9=640, 99.99=1211] 
2024-01-12 11:25:52:129 760 sec: 2509851 operations; 3454.6 current ops/sec; est completion in 13 minutes [INSERT: Count=34546, Max=888, Min=18, Avg=287.42, 90=575, 99=593, 99.9=616, 99.99=738] 
2024-01-12 11:26:02:129 770 sec: 2544324 operations; 3447.3 current ops/sec; est completion in 13 minutes [INSERT: Count=34475, Max=1899, Min=17, Avg=288.05, 90=575, 99=592, 99.9=614, 99.99=837] 
2024-01-12 11:26:12:129 780 sec: 2578099 operations; 3377.5 current ops/sec; est completion in 13 minutes [INSERT: Count=33773, Max=1516, Min=17, Avg=293.83, 90=577, 99=593, 99.9=614, 99.99=707] 
2024-01-12 11:26:22:129 790 sec: 2613174 operations; 3507.5 current ops/sec; est completion in 13 minutes [INSERT: Count=35077, Max=1771, Min=17, Avg=283.21, 90=556, 99=583, 99.9=608, 99.99=768] 
2024-01-12 11:26:32:129 800 sec: 2649364 operations; 3619 current ops/sec; est completion in 13 minutes [INSERT: Count=36188, Max=2129, Min=15, Avg=274.64, 90=532, 99=541, 99.9=555, 99.99=796] 
2024-01-12 11:26:42:129 810 sec: 2685934 operations; 3657 current ops/sec; est completion in 12 minutes [INSERT: Count=36572, Max=2131, Min=16, Avg=271.78, 90=528, 99=536, 99.9=548, 99.99=749] 
2024-01-12 11:26:52:129 820 sec: 2722403 operations; 3646.9 current ops/sec; est completion in 12 minutes [INSERT: Count=36468, Max=2265, Min=16, Avg=272.55, 90=529, 99=536, 99.9=549, 99.99=752] 
2024-01-12 11:27:02:129 830 sec: 2758992 operations; 3658.9 current ops/sec; est completion in 12 minutes [INSERT: Count=36588, Max=1591, Min=17, Avg=271.68, 90=527, 99=534, 99.9=548, 99.99=666] 
2024-01-12 11:27:12:128 840 sec: 2795547 operations; 3655.5 current ops/sec; est completion in 12 minutes [INSERT: Count=36555, Max=845, Min=17, Avg=271.93, 90=527, 99=535, 99.9=549, 99.99=673] 
2024-01-12 11:27:22:129 850 sec: 2830010 operations; 3446.3 current ops/sec; est completion in 12 minutes [INSERT: Count=34463, Max=3457, Min=17, Avg=288, 90=574, 99=588, 99.9=613, 99.99=1580] 
2024-01-12 11:27:32:129 860 sec: 2863268 operations; 3325.8 current ops/sec; est completion in 11 minutes [INSERT: Count=33258, Max=7323, Min=16, Avg=298.19, 90=575, 99=588, 99.9=608, 99.99=5983] 
2024-01-12 11:27:42:129 870 sec: 2896172 operations; 3290.4 current ops/sec; est completion in 11 minutes [INSERT: Count=32906, Max=5659, Min=16, Avg=301.44, 90=581, 99=596, 99.9=619, 99.99=4971] 
2024-01-12 11:27:52:129 880 sec: 2929338 operations; 3316.6 current ops/sec; est completion in 11 minutes [INSERT: Count=33165, Max=4119, Min=16, Avg=299.05, 90=576, 99=591, 99.9=615, 99.99=3803] 
2024-01-12 11:28:02:129 890 sec: 2962436 operations; 3309.8 current ops/sec; est completion in 11 minutes [INSERT: Count=33099, Max=3385, Min=17, Avg=299.65, 90=578, 99=594, 99.9=618, 99.99=3189] 
2024-01-12 11:28:12:129 900 sec: 2995199 operations; 3276.3 current ops/sec; est completion in 11 minutes [INSERT: Count=32763, Max=3441, Min=17, Avg=302.72, 90=583, 99=598, 99.9=619, 99.99=3003] 
2024-01-12 11:28:22:128 910 sec: 3027910 operations; 3271.1 current ops/sec; est completion in 11 minutes [INSERT: Count=32711, Max=3413, Min=18, Avg=303.25, 90=584, 99=599, 99.9=622, 99.99=3165] 
2024-01-12 11:28:32:129 920 sec: 3061178 operations; 3326.8 current ops/sec; est completion in 10 minutes [INSERT: Count=33266, Max=3655, Min=17, Avg=298.19, 90=582, 99=596, 99.9=621, 99.99=3269] 
2024-01-12 11:28:42:128 930 sec: 3094034 operations; 3285.6 current ops/sec; est completion in 10 minutes [INSERT: Count=32856, Max=3337, Min=17, Avg=301.98, 90=583, 99=598, 99.9=635, 99.99=3229] 
2024-01-12 11:28:52:128 940 sec: 3126980 operations; 3294.6 current ops/sec; est completion in 10 minutes [INSERT: Count=32948, Max=3299, Min=16, Avg=301.08, 90=582, 99=595, 99.9=618, 99.99=3207] 
2024-01-12 11:29:02:129 950 sec: 3159950 operations; 3297 current ops/sec; est completion in 10 minutes [INSERT: Count=32968, Max=3085, Min=18, Avg=300.91, 90=582, 99=595, 99.9=620, 99.99=2965] 
2024-01-12 11:29:12:129 960 sec: 3178827 operations; 1887.7 current ops/sec; est completion in 10 minutes [INSERT: Count=18877, Max=4527, Min=17, Avg=526.89, 90=1810, 99=2445, 99.9=2513, 99.99=3641] 
2024-01-12 11:29:22:129 970 sec: 3198658 operations; 1983.1 current ops/sec; est completion in 10 minutes [INSERT: Count=19831, Max=3757, Min=16, Avg=501.71, 90=1400, 99=2089, 99.9=2483, 99.99=3611] 
2024-01-12 11:29:32:129 980 sec: 3225082 operations; 2642.4 current ops/sec; est completion in 10 minutes [INSERT: Count=26424, Max=2245, Min=16, Avg=376.54, 90=982, 99=1521, 99.9=1849, 99.99=1980] 
2024-01-12 11:29:42:129 990 sec: 3249990 operations; 2490.8 current ops/sec; est completion in 10 minutes [INSERT: Count=24909, Max=3161, Min=17, Avg=399.16, 90=1016, 99=1702, 99.9=1948, 99.99=2187] 
2024-01-12 11:29:52:129 1000 sec: 3274918 operations; 2492.8 current ops/sec; est completion in 10 minutes [INSERT: Count=24928, Max=2493, Min=17, Avg=398.73, 90=1012, 99=1691, 99.9=1973, 99.99=2167] 
2024-01-12 11:30:02:129 1010 sec: 3299891 operations; 2497.3 current ops/sec; est completion in 9 minutes [INSERT: Count=24972, Max=4015, Min=17, Avg=398.11, 90=1013, 99=1705, 99.9=1960, 99.99=2357] 
2024-01-12 11:30:12:129 1020 sec: 3331549 operations; 3165.8 current ops/sec; est completion in 9 minutes [INSERT: Count=31658, Max=3211, Min=16, Avg=313.7, 90=564, 99=1446, 99.9=1868, 99.99=3095] 
2024-01-12 11:30:22:129 1030 sec: 3364216 operations; 3266.7 current ops/sec; est completion in 9 minutes [INSERT: Count=32669, Max=2411, Min=17, Avg=303.22, 90=596, 99=626, 99.9=658, 99.99=1225] 
2024-01-12 11:30:32:129 1040 sec: 3396471 operations; 3225.5 current ops/sec; est completion in 9 minutes [INSERT: Count=32255, Max=2311, Min=17, Avg=307.19, 90=596, 99=620, 99.9=647, 99.99=1198] 
2024-01-12 11:30:42:128 1050 sec: 3430900 operations; 3442.9 current ops/sec; est completion in 9 minutes [INSERT: Count=34429, Max=1761, Min=16, Avg=288.34, 90=575, 99=593, 99.9=615, 99.99=767] 
2024-01-12 11:30:52:129 1060 sec: 3464194 operations; 3329.4 current ops/sec; est completion in 9 minutes [INSERT: Count=33292, Max=1530, Min=16, Avg=297.97, 90=580, 99=596, 99.9=615, 99.99=779] 
2024-01-12 11:31:02:129 1070 sec: 3497065 operations; 3287.1 current ops/sec; est completion in 8 minutes [INSERT: Count=32871, Max=1533, Min=18, Avg=301.76, 90=584, 99=597, 99.9=618, 99.99=778] 
2024-01-12 11:31:12:129 1080 sec: 3532733 operations; 3566.8 current ops/sec; est completion in 8 minutes [INSERT: Count=35668, Max=1656, Min=18, Avg=278.6, 90=535, 99=580, 99.9=603, 99.99=845] 
2024-01-12 11:31:22:128 1090 sec: 3568845 operations; 3611.2 current ops/sec; est completion in 8 minutes [INSERT: Count=36112, Max=1469, Min=19, Avg=275.23, 90=531, 99=549, 99.9=588, 99.99=719] 
2024-01-12 11:31:32:129 1100 sec: 3603531 operations; 3468.6 current ops/sec; est completion in 8 minutes [INSERT: Count=34686, Max=1134, Min=17, Avg=286.32, 90=573, 99=593, 99.9=617, 99.99=749] 
2024-01-12 11:31:42:129 1110 sec: 3638353 operations; 3482.2 current ops/sec; est completion in 8 minutes [INSERT: Count=34823, Max=2203, Min=17, Avg=285.21, 90=572, 99=588, 99.9=612, 99.99=757] 
2024-01-12 11:31:52:129 1120 sec: 3674417 operations; 3606.4 current ops/sec; est completion in 7 minutes [INSERT: Count=36064, Max=1464, Min=18, Avg=275.6, 90=532, 99=540, 99.9=552, 99.99=691] 
2024-01-12 11:32:02:129 1130 sec: 3709408 operations; 3499.1 current ops/sec; est completion in 7 minutes [INSERT: Count=34990, Max=49951, Min=14, Avg=283.83, 90=567, 99=586, 99.9=610, 99.99=991] 
2024-01-12 11:32:12:129 1140 sec: 3745127 operations; 3571.9 current ops/sec; est completion in 7 minutes [INSERT: Count=35719, Max=2089, Min=16, Avg=278.14, 90=541, 99=584, 99.9=608, 99.99=732] 
2024-01-12 11:32:22:129 1150 sec: 3781417 operations; 3629 current ops/sec; est completion in 7 minutes [INSERT: Count=36290, Max=2075, Min=16, Avg=273.88, 90=530, 99=544, 99.9=582, 99.99=758] 
2024-01-12 11:32:32:129 1160 sec: 3816432 operations; 3501.5 current ops/sec; est completion in 7 minutes [INSERT: Count=35017, Max=2207, Min=17, Avg=283.63, 90=571, 99=587, 99.9=610, 99.99=765] 
2024-01-12 11:32:42:129 1170 sec: 3849364 operations; 3293.2 current ops/sec; est completion in 7 minutes [INSERT: Count=32932, Max=1063, Min=17, Avg=301.19, 90=583, 99=595, 99.9=617, 99.99=775] 
2024-01-12 11:32:52:128 1180 sec: 3882486 operations; 3312.2 current ops/sec; est completion in 6 minutes [INSERT: Count=33120, Max=2107, Min=16, Avg=299.47, 90=581, 99=593, 99.9=617, 99.99=782] 
2024-01-12 11:33:02:129 1190 sec: 3915734 operations; 3324.8 current ops/sec; est completion in 6 minutes [INSERT: Count=33250, Max=7831, Min=16, Avg=298.3, 90=576, 99=594, 99.9=628, 99.99=3249] 
2024-01-12 11:33:12:129 1200 sec: 3948223 operations; 3248.9 current ops/sec; est completion in 6 minutes [INSERT: Count=32488, Max=6395, Min=17, Avg=305.09, 90=591, 99=605, 99.9=633, 99.99=5247] 
2024-01-12 11:33:22:128 1210 sec: 3981392 operations; 3316.9 current ops/sec; est completion in 6 minutes [INSERT: Count=33168, Max=4671, Min=16, Avg=298.99, 90=577, 99=597, 99.9=631, 99.99=3717] 
2024-01-12 11:33:32:129 1220 sec: 4014633 operations; 3324.1 current ops/sec; est completion in 6 minutes [INSERT: Count=33241, Max=3273, Min=16, Avg=298.4, 90=576, 99=589, 99.9=615, 99.99=3199] 
2024-01-12 11:33:42:128 1230 sec: 4047849 operations; 3321.6 current ops/sec; est completion in 6 minutes [INSERT: Count=33218, Max=3341, Min=16, Avg=298.6, 90=576, 99=591, 99.9=615, 99.99=3251] 
2024-01-12 11:33:52:129 1240 sec: 4081080 operations; 3323.1 current ops/sec; est completion in 5 minutes [INSERT: Count=33231, Max=5059, Min=17, Avg=298.46, 90=577, 99=596, 99.9=625, 99.99=3135] 
2024-01-12 11:34:02:128 1250 sec: 4114069 operations; 3298.9 current ops/sec; est completion in 5 minutes [INSERT: Count=32988, Max=3363, Min=17, Avg=300.68, 90=580, 99=594, 99.9=621, 99.99=3229] 
2024-01-12 11:34:12:129 1260 sec: 4147132 operations; 3306.3 current ops/sec; est completion in 5 minutes [INSERT: Count=33064, Max=3369, Min=17, Avg=299.98, 90=578, 99=594, 99.9=625, 99.99=3103] 
2024-01-12 11:34:22:129 1270 sec: 4180002 operations; 3287 current ops/sec; est completion in 5 minutes [INSERT: Count=32868, Max=3341, Min=17, Avg=301.78, 90=582, 99=596, 99.9=621, 99.99=3231] 
2024-01-12 11:34:32:129 1280 sec: 4212853 operations; 3285.1 current ops/sec; est completion in 5 minutes [INSERT: Count=32851, Max=3063, Min=17, Avg=301.96, 90=583, 99=596, 99.9=622, 99.99=2959] 
2024-01-12 11:34:42:129 1290 sec: 4232175 operations; 1932.2 current ops/sec; est completion in 5 minutes [INSERT: Count=19323, Max=50495, Min=15, Avg=514.34, 90=1700, 99=1972, 99.9=2489, 99.99=3935] 
2024-01-12 11:34:52:129 1300 sec: 4251833 operations; 1965.8 current ops/sec; est completion in 5 minutes [INSERT: Count=19659, Max=3525, Min=15, Avg=506.08, 90=1564, 99=2413, 99.9=2503, 99.99=3013] 
2024-01-12 11:35:02:129 1310 sec: 4277014 operations; 2518.1 current ops/sec; est completion in 4 minutes [INSERT: Count=25181, Max=2161, Min=16, Avg=394.96, 90=1006, 99=1669, 99.9=1992, 99.99=2083] 
2024-01-12 11:35:12:129 1320 sec: 4300556 operations; 2354.2 current ops/sec; est completion in 4 minutes [INSERT: Count=23542, Max=3447, Min=17, Avg=421.9, 90=1077, 99=1765, 99.9=2040, 99.99=2543] 
2024-01-12 11:35:22:129 1330 sec: 4320571 operations; 2001.5 current ops/sec; est completion in 4 minutes [INSERT: Count=20013, Max=5779, Min=17, Avg=495.94, 90=1230, 99=2487, 99.9=2597, 99.99=3713] 
2024-01-12 11:35:32:129 1340 sec: 4341293 operations; 2072.2 current ops/sec; est completion in 4 minutes [INSERT: Count=20722, Max=4483, Min=17, Avg=478.77, 90=1152, 99=2455, 99.9=2577, 99.99=3557] 
2024-01-12 11:35:42:129 1350 sec: 4362203 operations; 2091 current ops/sec; est completion in 4 minutes [INSERT: Count=20912, Max=3043, Min=17, Avg=474.62, 90=941, 99=2479, 99.9=2591, 99.99=2851] 
2024-01-12 11:35:52:129 1360 sec: 4383380 operations; 2117.7 current ops/sec; est completion in 4 minutes [INSERT: Count=21175, Max=2669, Min=16, Avg=469.4, 90=862, 99=2433, 99.9=2561, 99.99=2611] 
2024-01-12 11:36:02:129 1370 sec: 4414526 operations; 3114.6 current ops/sec; est completion in 4 minutes [INSERT: Count=31147, Max=2557, Min=18, Avg=319.28, 90=547, 99=2265, 99.9=2437, 99.99=2511] 
2024-01-12 11:36:12:129 1380 sec: 4448466 operations; 3394 current ops/sec; est completion in 4 minutes [INSERT: Count=33941, Max=2105, Min=16, Avg=292.35, 90=575, 99=589, 99.9=613, 99.99=745] 
2024-01-12 11:36:22:129 1390 sec: 4484548 operations; 3608.2 current ops/sec; est completion in 3 minutes [INSERT: Count=36080, Max=1533, Min=17, Avg=275.45, 90=531, 99=572, 99.9=587, 99.99=902] 
2024-01-12 11:36:32:128 1400 sec: 4520784 operations; 3623.6 current ops/sec; est completion in 3 minutes [INSERT: Count=36236, Max=1748, Min=18, Avg=274.27, 90=531, 99=541, 99.9=550, 99.99=756] 
2024-01-12 11:36:42:128 1410 sec: 4555900 operations; 3511.6 current ops/sec; est completion in 3 minutes [INSERT: Count=35116, Max=1986, Min=18, Avg=282.86, 90=562, 99=592, 99.9=615, 99.99=732] 
2024-01-12 11:36:52:129 1420 sec: 4589198 operations; 3329.8 current ops/sec; est completion in 3 minutes [INSERT: Count=33300, Max=2389, Min=16, Avg=297.91, 90=584, 99=605, 99.9=628, 99.99=735] 
2024-01-12 11:37:02:129 1430 sec: 4623762 operations; 3456.4 current ops/sec; est completion in 3 minutes [INSERT: Count=34564, Max=1940, Min=18, Avg=287.24, 90=574, 99=595, 99.9=620, 99.99=762] 
2024-01-12 11:37:12:129 1440 sec: 4659923 operations; 3616.1 current ops/sec; est completion in 3 minutes [INSERT: Count=36161, Max=832, Min=18, Avg=274.88, 90=531, 99=540, 99.9=552, 99.99=683] 
2024-01-12 11:37:22:128 1450 sec: 4696070 operations; 3614.7 current ops/sec; est completion in 2 minutes [INSERT: Count=36145, Max=1385, Min=19, Avg=274.99, 90=532, 99=539, 99.9=551, 99.99=762] 
2024-01-12 11:37:32:129 1460 sec: 4732197 operations; 3612.7 current ops/sec; est completion in 2 minutes [INSERT: Count=36127, Max=1368, Min=18, Avg=275.14, 90=532, 99=539, 99.9=549, 99.99=843] 
2024-01-12 11:37:42:129 1470 sec: 4767214 operations; 3501.7 current ops/sec; est completion in 2 minutes [INSERT: Count=35019, Max=44351, Min=14, Avg=283.6, 90=567, 99=592, 99.9=618, 99.99=890] 
2024-01-12 11:37:52:128 1480 sec: 4803343 operations; 3612.9 current ops/sec; est completion in 2 minutes [INSERT: Count=36129, Max=1588, Min=16, Avg=275.03, 90=529, 99=581, 99.9=602, 99.99=773] 
2024-01-12 11:38:02:129 1490 sec: 4836562 operations; 3321.9 current ops/sec; est completion in 2 minutes [INSERT: Count=33219, Max=7251, Min=17, Avg=298.6, 90=578, 99=595, 99.9=619, 99.99=4495] 
2024-01-12 11:38:12:128 1500 sec: 4869723 operations; 3316.1 current ops/sec; est completion in 1 minute [INSERT: Count=33159, Max=7499, Min=16, Avg=299.13, 90=577, 99=592, 99.9=618, 99.99=6035] 
2024-01-12 11:38:22:129 1510 sec: 4903061 operations; 3333.8 current ops/sec; est completion in 1 minute [INSERT: Count=33338, Max=4943, Min=15, Avg=297.54, 90=574, 99=587, 99.9=622, 99.99=3975] 
2024-01-12 11:38:32:128 1520 sec: 4936452 operations; 3339.1 current ops/sec; est completion in 1 minute [INSERT: Count=33391, Max=3379, Min=16, Avg=297.01, 90=573, 99=586, 99.9=611, 99.99=3259] 
2024-01-12 11:38:42:128 1530 sec: 4969815 operations; 3336.3 current ops/sec; est completion in 1 minute [INSERT: Count=33365, Max=3367, Min=16, Avg=297.3, 90=574, 99=587, 99.9=617, 99.99=3207] 
2024-01-12 11:38:52:129 1540 sec: 5003170 operations; 3335.5 current ops/sec; est completion in 1 minute [INSERT: Count=33353, Max=3283, Min=16, Avg=297.38, 90=574, 99=588, 99.9=613, 99.99=3121] 
2024-01-12 11:39:02:129 1550 sec: 5036325 operations; 3315.5 current ops/sec; est completion in 1 minute [INSERT: Count=33155, Max=6779, Min=16, Avg=299.17, 90=578, 99=591, 99.9=618, 99.99=3305] 
2024-01-12 11:39:12:129 1560 sec: 5069566 operations; 3324.1 current ops/sec; est completion in 54 seconds [INSERT: Count=33243, Max=3243, Min=16, Avg=298.38, 90=576, 99=596, 99.9=634, 99.99=3207] 
2024-01-12 11:39:22:128 1570 sec: 5102617 operations; 3305.1 current ops/sec; est completion in 44 seconds [INSERT: Count=33049, Max=3321, Min=16, Avg=300.02, 90=584, 99=601, 99.9=635, 99.99=3129] 
2024-01-12 11:39:32:129 1580 sec: 5134721 operations; 3210.4 current ops/sec; est completion in 34 seconds [INSERT: Count=32105, Max=3311, Min=18, Avg=308.88, 90=600, 99=615, 99.9=645, 99.99=3071] 
2024-01-12 11:39:42:129 1590 sec: 5166733 operations; 3201.2 current ops/sec; est completion in 24 seconds [INSERT: Count=32011, Max=3203, Min=17, Avg=309.64, 90=601, 99=617, 99.9=647, 99.99=3119] 
2024-01-12 11:39:52:129 1600 sec: 5199435 operations; 3270.2 current ops/sec; est completion in 14 seconds [INSERT: Count=32704, Max=3211, Min=17, Avg=303.3, 90=585, 99=606, 99.9=639, 99.99=1690] 
2024-01-12 11:40:02:129 1610 sec: 5233863 operations; 3442.8 current ops/sec; est completion in 3 second [INSERT: Count=34426, Max=3139, Min=17, Avg=288.35, 90=575, 99=595, 99.9=626, 99.99=1654] 
2024-01-12 11:40:04:946 1612 sec: 5242880 operations; 3199.79 current ops/sec; [CLEANUP: Count=1, Max=57631, Min=57600, Avg=57616, 90=57631, 99=57631, 99.9=57631, 99.99=57631] [INSERT: Count=9017, Max=1635, Min=17, Avg=303.16, 90=583, 99=605, 99.9=644, 99.99=1542] 
