[OVERALL], RunTime(ms), 286826
[OVERALL], Throughput(ops/sec), 18278.956579947426
[TOTAL_GCS_G1_Young_Generation], Count, 130
[TOTAL_GC_TIME_G1_Young_Generation], Time(ms), 237
[TOTAL_GC_TIME_%_G1_Young_Generation], Time(%), 0.08262849253554419
[TOTAL_GCS_G1_Old_Generation], Count, 0
[TOTAL_GC_TIME_G1_Old_Generation], Time(ms), 0
[TOTAL_GC_TIME_%_G1_Old_Generation], Time(%), 0.0
[TOTAL_GCs], Count, 130
[TOTAL_GC_TIME], Time(ms), 237
[TOTAL_GC_TIME_%], Time(%), 0.08262849253554419
[CLEANUP], Operations, 1
[CLEANUP], AverageLatency(us), 196032.0
[CLEANUP], MinLatency(us), 195968
[CLEANUP], MaxLatency(us), 196095
[CLEANUP], 95thPercentileLatency(us), 196095
[CLEANUP], 99thPercentileLatency(us), 196095
[INSERT], Operations, 5242880
[INSERT], AverageLatency(us), 52.46295738220215
[INSERT], MinLatency(us), 13
[INSERT], MaxLatency(us), 15023
[INSERT], 95thPercentileLatency(us), 107
[INSERT], 99thPercentileLatency(us), 322
[INSERT], Return=OK, 5242880
