[WARN]  Running against a source checkout. In order to get our runtime dependencies we'll have to invoke Maven. Depending on the state of your system, this may take ~30-45 seconds
[DEBUG]  Running 'mvn -pl site.ycsb:rocksdb-binding -am package -DskipTests dependency:build-classpath -DincludeScope=compile -Dmdep.outputFilterFile=true'
java -cp /home/user/src/rocksdb-cheops-2024/ycsb/rocksdb/conf:/home/user/src/rocksdb-cheops-2024/ycsb/rocksdb/target/rocksdb-binding-0.18.0-SNAPSHOT.jar:/root/.m2/repository/org/apache/htrace/htrace-core4/4.1.0-incubating/htrace-core4-4.1.0-incubating.jar:/root/.m2/repository/org/slf4j/slf4j-api/1.7.25/slf4j-api-1.7.25.jar:/home/user/src/rocksdb-cheops-2024/rocksdb-ycsb/java/target/rocksdbjni-7.4.3-linux64.jar:/root/.m2/repository/net/jcip/jcip-annotations/1.0/jcip-annotations-1.0.jar:/root/.m2/repository/org/hdrhistogram/HdrHistogram/2.1.4/HdrHistogram-2.1.4.jar:/root/.m2/repository/org/codehaus/jackson/jackson-mapper-asl/1.9.4/jackson-mapper-asl-1.9.4.jar:/lib/libzbd.so.1:/root/.m2/repository/org/codehaus/jackson/jackson-core-asl/1.9.4/jackson-core-asl-1.9.4.jar:/home/user/src/rocksdb-cheops-2024/rocksdb-ycsb/java/target/librocksdbjni-linux64.so:/home/user/src/rocksdb-cheops-2024/ycsb/core/target/core-0.18.0-SNAPSHOT.jar site.ycsb.Client -db site.ycsb.db.rocksdb.RocksDBClient -s -P ./workloads/workloadd -p recordcount=5242880 -p operationcount=1000000 -p fieldlength=386 -p fieldcount=10 -load
Command line: -db site.ycsb.db.rocksdb.RocksDBClient -s -P ./workloads/workloadd -p recordcount=5242880 -p operationcount=1000000 -p fieldlength=386 -p fieldcount=10 -load
YCSB Client 0.18.0-SNAPSHOT

Loading workload...
Starting test.
SLF4J: Failed to load class "org.slf4j.impl.StaticLoggerBinder".
SLF4J: Defaulting to no-operation (NOP) logger implementation
SLF4J: See http://www.slf4j.org/codes.html#StaticLoggerBinder for further details.
2024-01-12 11:46:42:251 0 sec: 0 operations; est completion in 0 second 
Leet YCSB 
DBWrapper: report latency for each error is false and specific error codes to track for latency are: []
2024-01-12 11:46:52:211 10 sec: 22301 operations; 2229.88 current ops/sec; est completion in 39 minutes [INSERT: Count=22309, Max=12543, Min=17, Avg=326.45, 90=612, 99=654, 99.9=688, 99.99=1303] 
2024-01-12 11:47:02:210 20 sec: 52465 operations; 3016.7 current ops/sec; est completion in 32 minutes [INSERT: Count=30159, Max=6459, Min=20, Avg=326.41, 90=632, 99=659, 99.9=686, 99.99=834] 
2024-01-12 11:47:12:210 30 sec: 87587 operations; 3512.2 current ops/sec; est completion in 29 minutes [INSERT: Count=35121, Max=4739, Min=20, Avg=282.69, 90=539, 99=594, 99.9=613, 99.99=814] 
2024-01-12 11:47:22:210 40 sec: 122312 operations; 3472.5 current ops/sec; est completion in 27 minutes [INSERT: Count=34725, Max=894, Min=20, Avg=286.07, 90=544, 99=599, 99.9=624, 99.99=811] 
2024-01-12 11:47:32:210 50 sec: 157729 operations; 3541.7 current ops/sec; est completion in 26 minutes [INSERT: Count=35417, Max=5359, Min=20, Avg=280.65, 90=539, 99=548, 99.9=563, 99.99=794] 
2024-01-12 11:47:42:210 60 sec: 193031 operations; 3530.2 current ops/sec; est completion in 26 minutes [INSERT: Count=35302, Max=5171, Min=20, Avg=281.54, 90=540, 99=549, 99.9=563, 99.99=754] 
2024-01-12 11:47:52:210 70 sec: 227741 operations; 3471 current ops/sec; est completion in 25 minutes [INSERT: Count=34710, Max=4975, Min=20, Avg=286.25, 90=543, 99=600, 99.9=627, 99.99=802] 
2024-01-12 11:48:02:210 80 sec: 259966 operations; 3222.5 current ops/sec; est completion in 25 minutes [INSERT: Count=32225, Max=5235, Min=19, Avg=307.81, 90=593, 99=610, 99.9=635, 99.99=780] 
2024-01-12 11:48:12:210 90 sec: 292808 operations; 3284.2 current ops/sec; est completion in 25 minutes [INSERT: Count=32842, Max=5507, Min=20, Avg=302.14, 90=595, 99=609, 99.9=634, 99.99=795] 
2024-01-12 11:48:22:210 100 sec: 325773 operations; 3296.5 current ops/sec; est completion in 25 minutes [INSERT: Count=32965, Max=860, Min=19, Avg=301.06, 90=593, 99=608, 99.9=632, 99.99=751] 
2024-01-12 11:48:32:210 110 sec: 358303 operations; 3253 current ops/sec; est completion in 25 minutes [INSERT: Count=32530, Max=4875, Min=19, Avg=304.99, 90=593, 99=610, 99.9=639, 99.99=786] 
2024-01-12 11:48:42:210 120 sec: 390926 operations; 3262.3 current ops/sec; est completion in 24 minutes [INSERT: Count=32623, Max=5295, Min=19, Avg=304.11, 90=587, 99=605, 99.9=627, 99.99=2537] 
2024-01-12 11:48:52:210 130 sec: 423209 operations; 3228.3 current ops/sec; est completion in 24 minutes [INSERT: Count=32283, Max=7647, Min=20, Avg=307.27, 90=589, 99=607, 99.9=633, 99.99=6235] 
2024-01-12 11:49:02:210 140 sec: 455510 operations; 3230.1 current ops/sec; est completion in 24 minutes [INSERT: Count=32301, Max=5215, Min=20, Avg=307.09, 90=589, 99=607, 99.9=630, 99.99=3789] 
2024-01-12 11:49:12:210 150 sec: 487884 operations; 3237.4 current ops/sec; est completion in 24 minutes [INSERT: Count=32374, Max=3441, Min=20, Avg=306.42, 90=589, 99=608, 99.9=632, 99.99=2029] 
2024-01-12 11:49:22:210 160 sec: 520212 operations; 3232.8 current ops/sec; est completion in 24 minutes [INSERT: Count=32326, Max=5763, Min=19, Avg=306.87, 90=589, 99=608, 99.9=636, 99.99=3063] 
2024-01-12 11:49:32:210 170 sec: 553118 operations; 3290.6 current ops/sec; est completion in 24 minutes [INSERT: Count=32908, Max=5739, Min=15, Avg=301.45, 90=583, 99=601, 99.9=630, 99.99=3339] 
2024-01-12 11:49:42:210 180 sec: 586006 operations; 3288.8 current ops/sec; est completion in 23 minutes [INSERT: Count=32888, Max=5171, Min=16, Avg=301.55, 90=583, 99=600, 99.9=625, 99.99=3279] 
2024-01-12 11:49:52:210 190 sec: 618675 operations; 3266.9 current ops/sec; est completion in 23 minutes [INSERT: Count=32669, Max=5755, Min=18, Avg=303.56, 90=586, 99=604, 99.9=625, 99.99=3207] 
2024-01-12 11:50:02:210 200 sec: 651640 operations; 3296.5 current ops/sec; est completion in 23 minutes [INSERT: Count=32965, Max=3369, Min=17, Avg=300.88, 90=584, 99=601, 99.9=626, 99.99=3323] 
2024-01-12 11:50:12:210 210 sec: 685846 operations; 3420.6 current ops/sec; est completion in 23 minutes [INSERT: Count=34206, Max=7647, Min=18, Avg=290.26, 90=581, 99=596, 99.9=627, 99.99=1942] 
2024-01-12 11:50:22:210 220 sec: 720064 operations; 3421.8 current ops/sec; est completion in 23 minutes [INSERT: Count=34218, Max=3357, Min=18, Avg=290.07, 90=581, 99=593, 99.9=620, 99.99=3261] 
2024-01-12 11:50:32:210 230 sec: 755770 operations; 3570.6 current ops/sec; est completion in 22 minutes [INSERT: Count=35706, Max=3235, Min=20, Avg=278.33, 90=534, 99=545, 99.9=554, 99.99=2957] 
2024-01-12 11:50:42:210 240 sec: 790241 operations; 3447.1 current ops/sec; est completion in 22 minutes [INSERT: Count=34471, Max=3247, Min=19, Avg=288.02, 90=577, 99=592, 99.9=618, 99.99=3073] 
2024-01-12 11:50:52:210 250 sec: 825886 operations; 3564.5 current ops/sec; est completion in 22 minutes [INSERT: Count=35645, Max=3287, Min=20, Avg=278.78, 90=535, 99=546, 99.9=557, 99.99=2925] 
2024-01-12 11:51:02:210 260 sec: 861417 operations; 3553.1 current ops/sec; est completion in 22 minutes [INSERT: Count=35531, Max=3255, Min=18, Avg=279.65, 90=535, 99=558, 99.9=600, 99.99=2991] 
2024-01-12 11:51:12:210 270 sec: 895568 operations; 3415.1 current ops/sec; est completion in 21 minutes [INSERT: Count=34151, Max=3233, Min=19, Avg=290.73, 90=582, 99=595, 99.9=625, 99.99=3121] 
2024-01-12 11:51:22:210 280 sec: 928205 operations; 3263.7 current ops/sec; est completion in 21 minutes [INSERT: Count=32637, Max=3127, Min=18, Avg=303.87, 90=586, 99=607, 99.9=652, 99.99=3045] 
2024-01-12 11:51:32:210 290 sec: 960466 operations; 3226.1 current ops/sec; est completion in 21 minutes [INSERT: Count=32261, Max=5119, Min=16, Avg=307.31, 90=594, 99=615, 99.9=665, 99.99=1950] 
2024-01-12 11:51:42:210 300 sec: 992517 operations; 3205.1 current ops/sec; est completion in 21 minutes [INSERT: Count=32051, Max=2837, Min=18, Avg=309.16, 90=596, 99=620, 99.9=659, 99.99=2507] 
2024-01-12 11:51:52:210 310 sec: 1025396 operations; 3287.9 current ops/sec; est completion in 21 minutes [INSERT: Count=32881, Max=2649, Min=19, Avg=301.43, 90=591, 99=628, 99.9=663, 99.99=2357] 
2024-01-12 11:52:02:210 320 sec: 1057579 operations; 3218.3 current ops/sec; est completion in 21 minutes [INSERT: Count=32179, Max=4715, Min=20, Avg=308.68, 90=540, 99=1719, 99.9=2389, 99.99=2707] 
2024-01-12 11:52:12:210 330 sec: 1073242 operations; 1566.14 current ops/sec; est completion in 21 minutes [INSERT: Count=15663, Max=6671, Min=18, Avg=634.8, 90=1764, 99=2451, 99.9=2513, 99.99=4215] 
2024-01-12 11:52:22:210 340 sec: 1102784 operations; 2954.5 current ops/sec; est completion in 21 minutes [INSERT: Count=29544, Max=3005, Min=15, Avg=335.15, 90=597, 99=1707, 99.9=2427, 99.99=2883] 
2024-01-12 11:52:32:210 350 sec: 1135981 operations; 3319.7 current ops/sec; est completion in 21 minutes [INSERT: Count=33197, Max=1555, Min=16, Avg=298.64, 90=578, 99=603, 99.9=620, 99.99=1210] 
2024-01-12 11:52:42:210 360 sec: 1169232 operations; 3325.1 current ops/sec; est completion in 20 minutes [INSERT: Count=33251, Max=2427, Min=16, Avg=298.27, 90=579, 99=596, 99.9=615, 99.99=729] 
2024-01-12 11:52:52:210 370 sec: 1202405 operations; 3317.3 current ops/sec; est completion in 20 minutes [INSERT: Count=33173, Max=1973, Min=17, Avg=299.04, 90=582, 99=598, 99.9=621, 99.99=742] 
2024-01-12 11:53:02:210 380 sec: 1235426 operations; 3302.1 current ops/sec; est completion in 20 minutes [INSERT: Count=33021, Max=1665, Min=16, Avg=300.4, 90=584, 99=598, 99.9=618, 99.99=727] 
2024-01-12 11:53:12:210 390 sec: 1268502 operations; 3307.6 current ops/sec; est completion in 20 minutes [INSERT: Count=33076, Max=2123, Min=16, Avg=299.82, 90=580, 99=601, 99.9=620, 99.99=818] 
2024-01-12 11:53:22:210 400 sec: 1301708 operations; 3320.6 current ops/sec; est completion in 20 minutes [INSERT: Count=33205, Max=2241, Min=16, Avg=298.65, 90=578, 99=597, 99.9=617, 99.99=875] 
2024-01-12 11:53:32:210 410 sec: 1334787 operations; 3307.9 current ops/sec; est completion in 20 minutes [INSERT: Count=33080, Max=1120, Min=17, Avg=299.89, 90=581, 99=598, 99.9=616, 99.99=724] 
2024-01-12 11:53:42:210 420 sec: 1368071 operations; 3328.4 current ops/sec; est completion in 19 minutes [INSERT: Count=33284, Max=1706, Min=17, Avg=298.07, 90=582, 99=596, 99.9=618, 99.99=711] 
2024-01-12 11:53:52:210 430 sec: 1402859 operations; 3478.8 current ops/sec; est completion in 19 minutes [INSERT: Count=34788, Max=1486, Min=17, Avg=285.5, 90=575, 99=592, 99.9=615, 99.99=822] 
2024-01-12 11:54:02:210 440 sec: 1435895 operations; 3303.27 current ops/sec; est completion in 19 minutes [INSERT: Count=33035, Max=1661, Min=17, Avg=300.25, 90=582, 99=598, 99.9=619, 99.99=736] 
2024-01-12 11:54:12:210 450 sec: 1469470 operations; 3357.84 current ops/sec; est completion in 19 minutes [INSERT: Count=33576, Max=2249, Min=17, Avg=295.51, 90=580, 99=594, 99.9=617, 99.99=761] 
2024-01-12 11:54:22:210 460 sec: 1505671 operations; 3620.1 current ops/sec; est completion in 19 minutes [INSERT: Count=36201, Max=1455, Min=19, Avg=274.56, 90=531, 99=539, 99.9=552, 99.99=701] 
2024-01-12 11:54:32:210 470 sec: 1541804 operations; 3613.3 current ops/sec; est completion in 18 minutes [INSERT: Count=36133, Max=753, Min=19, Avg=275.1, 90=532, 99=540, 99.9=553, 99.99=700] 
2024-01-12 11:54:42:210 480 sec: 1577608 operations; 3580.4 current ops/sec; est completion in 18 minutes [INSERT: Count=35803, Max=2141, Min=18, Avg=277.55, 90=534, 99=579, 99.9=601, 99.99=739] 
2024-01-12 11:54:52:210 490 sec: 1611116 operations; 3350.8 current ops/sec; est completion in 18 minutes [INSERT: Count=33509, Max=3171, Min=15, Avg=295.95, 90=581, 99=601, 99.9=638, 99.99=2801] 
2024-01-12 11:55:02:210 500 sec: 1644358 operations; 3324.2 current ops/sec; est completion in 18 minutes [INSERT: Count=33242, Max=5415, Min=15, Avg=298.35, 90=579, 99=591, 99.9=615, 99.99=4895] 
2024-01-12 11:55:12:210 510 sec: 1677061 operations; 3270.3 current ops/sec; est completion in 18 minutes [INSERT: Count=32703, Max=4089, Min=16, Avg=303.08, 90=590, 99=607, 99.9=643, 99.99=3431] 
2024-01-12 11:55:22:210 520 sec: 1709488 operations; 3242.7 current ops/sec; est completion in 17 minutes [INSERT: Count=32427, Max=3351, Min=17, Avg=305.6, 90=596, 99=611, 99.9=640, 99.99=3209] 
2024-01-12 11:55:32:210 530 sec: 1743150 operations; 3366.2 current ops/sec; est completion in 17 minutes [INSERT: Count=33662, Max=3211, Min=16, Avg=294.76, 90=580, 99=601, 99.9=639, 99.99=3037] 
2024-01-12 11:55:42:210 540 sec: 1776243 operations; 3309.3 current ops/sec; est completion in 17 minutes [INSERT: Count=33092, Max=3183, Min=16, Avg=299.72, 90=580, 99=595, 99.9=616, 99.99=3019] 
2024-01-12 11:55:52:210 550 sec: 1809372 operations; 3312.9 current ops/sec; est completion in 17 minutes [INSERT: Count=33130, Max=3097, Min=16, Avg=299.41, 90=579, 99=595, 99.9=624, 99.99=3035] 
2024-01-12 11:56:02:210 560 sec: 1842630 operations; 3325.8 current ops/sec; est completion in 17 minutes [INSERT: Count=33256, Max=2355, Min=16, Avg=298.2, 90=577, 99=598, 99.9=630, 99.99=1724] 
2024-01-12 11:56:12:210 570 sec: 1875587 operations; 3295.37 current ops/sec; est completion in 17 minutes [INSERT: Count=32959, Max=3007, Min=17, Avg=300.73, 90=579, 99=605, 99.9=633, 99.99=1907] 
2024-01-12 11:56:22:210 580 sec: 1909368 operations; 3378.44 current ops/sec; est completion in 16 minutes [INSERT: Count=33781, Max=2673, Min=17, Avg=293.53, 90=577, 99=606, 99.9=627, 99.99=845] 
2024-01-12 11:56:32:210 590 sec: 1944975 operations; 3560.34 current ops/sec; est completion in 16 minutes [INSERT: Count=35606, Max=2775, Min=18, Avg=278.97, 90=538, 99=551, 99.9=568, 99.99=2587] 
2024-01-12 11:56:42:210 600 sec: 1980091 operations; 3511.95 current ops/sec; est completion in 16 minutes [INSERT: Count=35117, Max=2881, Min=18, Avg=282.68, 90=543, 99=555, 99.9=572, 99.99=1441] 
2024-01-12 11:56:52:210 610 sec: 2015668 operations; 3557.7 current ops/sec; est completion in 16 minutes [INSERT: Count=35575, Max=15215, Min=18, Avg=279.33, 90=537, 99=550, 99.9=562, 99.99=1143] 
2024-01-12 11:57:02:210 620 sec: 2051637 operations; 3596.9 current ops/sec; est completion in 16 minutes [INSERT: Count=35971, Max=1468, Min=18, Avg=276.3, 90=534, 99=544, 99.9=558, 99.99=748] 
2024-01-12 11:57:12:210 630 sec: 2087523 operations; 3588.6 current ops/sec; est completion in 15 minutes [INSERT: Count=35886, Max=1475, Min=17, Avg=276.98, 90=534, 99=545, 99.9=555, 99.99=767] 
2024-01-12 11:57:22:210 640 sec: 2117433 operations; 2991 current ops/sec; est completion in 15 minutes [INSERT: Count=29910, Max=2479, Min=15, Avg=332.51, 90=543, 99=1760, 99.9=2403, 99.99=2455] 
2024-01-12 11:57:32:210 650 sec: 2135443 operations; 1801 current ops/sec; est completion in 15 minutes [INSERT: Count=18011, Max=2489, Min=16, Avg=552.88, 90=1726, 99=2405, 99.9=2467, 99.99=2485] 
2024-01-12 11:57:42:210 660 sec: 2158968 operations; 2352.5 current ops/sec; est completion in 15 minutes [INSERT: Count=23524, Max=3065, Min=17, Avg=422.96, 90=1237, 99=1544, 99.9=2387, 99.99=2895] 
2024-01-12 11:57:52:210 670 sec: 2181649 operations; 2268.1 current ops/sec; est completion in 15 minutes [INSERT: Count=22681, Max=2587, Min=17, Avg=438.62, 90=1079, 99=2383, 99.9=2521, 99.99=2569] 
2024-01-12 11:58:02:210 680 sec: 2203843 operations; 2219.4 current ops/sec; est completion in 15 minutes [INSERT: Count=22192, Max=2899, Min=18, Avg=448.16, 90=1066, 99=2183, 99.9=2545, 99.99=2741] 
2024-01-12 11:58:12:210 690 sec: 2228092 operations; 2424.9 current ops/sec; est completion in 15 minutes [INSERT: Count=24249, Max=2597, Min=16, Avg=409.95, 90=883, 99=2343, 99.9=2531, 99.99=2587] 
2024-01-12 11:58:22:210 700 sec: 2256715 operations; 2862.3 current ops/sec; est completion in 15 minutes [INSERT: Count=28623, Max=4351, Min=16, Avg=347.39, 90=608, 99=1981, 99.9=2469, 99.99=2549] 
2024-01-12 11:58:32:210 710 sec: 2290288 operations; 3357.3 current ops/sec; est completion in 15 minutes [INSERT: Count=33574, Max=2285, Min=16, Avg=295.44, 90=573, 99=588, 99.9=609, 99.99=777] 
2024-01-12 11:58:42:210 720 sec: 2324446 operations; 3415.8 current ops/sec; est completion in 15 minutes [INSERT: Count=34157, Max=16527, Min=16, Avg=290.5, 90=574, 99=585, 99.9=615, 99.99=796] 
2024-01-12 11:58:52:210 730 sec: 2358017 operations; 3357.1 current ops/sec; est completion in 14 minutes [INSERT: Count=33571, Max=6439, Min=16, Avg=295.47, 90=575, 99=588, 99.9=614, 99.99=3175] 
2024-01-12 11:59:02:210 740 sec: 2391341 operations; 3332.4 current ops/sec; est completion in 14 minutes [INSERT: Count=33326, Max=7119, Min=16, Avg=297.63, 90=575, 99=588, 99.9=617, 99.99=5371] 
2024-01-12 11:59:12:210 750 sec: 2424595 operations; 3325.4 current ops/sec; est completion in 14 minutes [INSERT: Count=33252, Max=4615, Min=17, Avg=298.28, 90=576, 99=590, 99.9=618, 99.99=3671] 
2024-01-12 11:59:22:210 760 sec: 2457925 operations; 3333 current ops/sec; est completion in 14 minutes [INSERT: Count=33332, Max=3403, Min=17, Avg=297.57, 90=575, 99=589, 99.9=613, 99.99=3323] 
2024-01-12 11:59:32:210 770 sec: 2491213 operations; 3328.8 current ops/sec; est completion in 14 minutes [INSERT: Count=33288, Max=3363, Min=16, Avg=297.97, 90=576, 99=588, 99.9=619, 99.99=3125] 
2024-01-12 11:59:42:210 780 sec: 2524786 operations; 3357.3 current ops/sec; est completion in 14 minutes [INSERT: Count=33571, Max=4287, Min=17, Avg=295.48, 90=576, 99=598, 99.9=636, 99.99=3131] 
2024-01-12 11:59:52:210 790 sec: 2557921 operations; 3313.5 current ops/sec; est completion in 13 minutes [INSERT: Count=33137, Max=4035, Min=17, Avg=299.32, 90=578, 99=599, 99.9=631, 99.99=3219] 
2024-01-12 12:00:02:210 800 sec: 2591180 operations; 3325.9 current ops/sec; est completion in 13 minutes [INSERT: Count=33257, Max=4093, Min=17, Avg=298.23, 90=576, 99=589, 99.9=625, 99.99=3233] 
2024-01-12 12:00:12:210 810 sec: 2624016 operations; 3283.6 current ops/sec; est completion in 13 minutes [INSERT: Count=32836, Max=3313, Min=17, Avg=301.89, 90=588, 99=604, 99.9=638, 99.99=3001] 
2024-01-12 12:00:22:210 820 sec: 2656890 operations; 3287.4 current ops/sec; est completion in 13 minutes [INSERT: Count=32876, Max=3127, Min=14, Avg=301.4, 90=590, 99=604, 99.9=636, 99.99=3019] 
2024-01-12 12:00:32:210 830 sec: 2690598 operations; 3370.8 current ops/sec; est completion in 13 minutes [INSERT: Count=33708, Max=3201, Min=15, Avg=294.21, 90=571, 99=586, 99.9=612, 99.99=2937] 
2024-01-12 12:00:42:210 840 sec: 2723862 operations; 3326.4 current ops/sec; est completion in 12 minutes [INSERT: Count=33264, Max=2459, Min=15, Avg=297.97, 90=585, 99=599, 99.9=628, 99.99=1723] 
2024-01-12 12:00:52:210 850 sec: 2757203 operations; 3334.1 current ops/sec; est completion in 12 minutes [INSERT: Count=33341, Max=2141, Min=16, Avg=297.31, 90=574, 99=601, 99.9=637, 99.99=1706] 
2024-01-12 12:01:02:210 860 sec: 2790195 operations; 3299.2 current ops/sec; est completion in 12 minutes [INSERT: Count=32992, Max=2505, Min=15, Avg=300.22, 90=579, 99=604, 99.9=627, 99.99=1236] 
2024-01-12 12:01:12:210 870 sec: 2823397 operations; 3320.2 current ops/sec; est completion in 12 minutes [INSERT: Count=33202, Max=2535, Min=16, Avg=298.53, 90=575, 99=601, 99.9=625, 99.99=2333] 
2024-01-12 12:01:22:210 880 sec: 2855880 operations; 3248.3 current ops/sec; est completion in 12 minutes [INSERT: Count=32483, Max=3049, Min=16, Avg=304.76, 90=588, 99=611, 99.9=643, 99.99=2127] 
2024-01-12 12:01:32:210 890 sec: 2888832 operations; 3295.2 current ops/sec; est completion in 12 minutes [INSERT: Count=32952, Max=1680, Min=16, Avg=300.76, 90=581, 99=605, 99.9=630, 99.99=1261] 
2024-01-12 12:01:42:210 900 sec: 2922662 operations; 3383 current ops/sec; est completion in 11 minutes [INSERT: Count=33828, Max=1759, Min=18, Avg=293.36, 90=581, 99=601, 99.9=623, 99.99=743] 
2024-01-12 12:01:52:210 910 sec: 2955645 operations; 3298.3 current ops/sec; est completion in 11 minutes [INSERT: Count=32983, Max=958, Min=17, Avg=300.76, 90=583, 99=598, 99.9=616, 99.99=755] 
2024-01-12 12:02:02:210 920 sec: 2990391 operations; 3474.6 current ops/sec; est completion in 11 minutes [INSERT: Count=34748, Max=2327, Min=18, Avg=285.8, 90=573, 99=591, 99.9=617, 99.99=738] 
2024-01-12 12:02:12:210 930 sec: 3025207 operations; 3481.6 current ops/sec; est completion in 11 minutes [INSERT: Count=34816, Max=2125, Min=17, Avg=285.27, 90=569, 99=590, 99.9=617, 99.99=1027] 
2024-01-12 12:02:22:210 940 sec: 3058962 operations; 3375.5 current ops/sec; est completion in 11 minutes [INSERT: Count=33755, Max=2049, Min=17, Avg=294.01, 90=580, 99=595, 99.9=617, 99.99=784] 
2024-01-12 12:02:32:210 950 sec: 3093122 operations; 3416 current ops/sec; est completion in 11 minutes [INSERT: Count=34158, Max=1658, Min=16, Avg=290.6, 90=578, 99=592, 99.9=615, 99.99=793] 
2024-01-12 12:02:42:210 960 sec: 3129115 operations; 3599.3 current ops/sec; est completion in 10 minutes [INSERT: Count=35993, Max=1444, Min=18, Avg=276.1, 90=531, 99=575, 99.9=591, 99.99=706] 
2024-01-12 12:02:52:210 970 sec: 3163859 operations; 3474.4 current ops/sec; est completion in 10 minutes [INSERT: Count=34746, Max=1852, Min=17, Avg=285.74, 90=572, 99=585, 99.9=606, 99.99=799] 
2024-01-12 12:03:02:210 980 sec: 3187319 operations; 2346 current ops/sec; est completion in 10 minutes [INSERT: Count=23460, Max=1658, Min=15, Avg=423.98, 90=1148, 99=1486, 99.9=1602, 99.99=1649] 
2024-01-12 12:03:12:210 990 sec: 3210156 operations; 2283.7 current ops/sec; est completion in 10 minutes [INSERT: Count=22835, Max=2917, Min=15, Avg=435.55, 90=1140, 99=1906, 99.9=2477, 99.99=2573] 
2024-01-12 12:03:22:210 1000 sec: 3232105 operations; 2194.9 current ops/sec; est completion in 10 minutes [INSERT: Count=21952, Max=2617, Min=16, Avg=452.74, 90=967, 99=2433, 99.9=2543, 99.99=2589] 
2024-01-12 12:03:32:210 1010 sec: 3256702 operations; 2459.7 current ops/sec; est completion in 10 minutes [INSERT: Count=24594, Max=2559, Min=18, Avg=404.59, 90=879, 99=2169, 99.9=2499, 99.99=2547] 
2024-01-12 12:03:42:210 1020 sec: 3281793 operations; 2509.1 current ops/sec; est completion in 10 minutes [INSERT: Count=25091, Max=3073, Min=17, Avg=396.55, 90=896, 99=2123, 99.9=2497, 99.99=2591] 
2024-01-12 12:03:52:210 1030 sec: 3306395 operations; 2460.2 current ops/sec; est completion in 10 minutes [INSERT: Count=24602, Max=7567, Min=17, Avg=404.33, 90=938, 99=2115, 99.9=2549, 99.99=6883] 
2024-01-12 12:04:02:210 1040 sec: 3336844 operations; 3044.9 current ops/sec; est completion in 9 minutes [INSERT: Count=30451, Max=6323, Min=16, Avg=326.06, 90=577, 99=1810, 99.9=2513, 99.99=5195] 
2024-01-12 12:04:12:210 1050 sec: 3370155 operations; 3331.1 current ops/sec; est completion in 9 minutes [INSERT: Count=33311, Max=3863, Min=16, Avg=297.73, 90=575, 99=589, 99.9=612, 99.99=3361] 
2024-01-12 12:04:22:210 1060 sec: 3403515 operations; 3336 current ops/sec; est completion in 9 minutes [INSERT: Count=33358, Max=4103, Min=16, Avg=297.28, 90=575, 99=589, 99.9=613, 99.99=3135] 
2024-01-12 12:04:32:210 1070 sec: 3436854 operations; 3333.9 current ops/sec; est completion in 9 minutes [INSERT: Count=33339, Max=4127, Min=16, Avg=297.48, 90=575, 99=590, 99.9=620, 99.99=3249] 
2024-01-12 12:04:42:210 1080 sec: 3470186 operations; 3333.2 current ops/sec; est completion in 9 minutes [INSERT: Count=33334, Max=3311, Min=16, Avg=297.5, 90=575, 99=590, 99.9=617, 99.99=3233] 
2024-01-12 12:04:52:210 1090 sec: 3503523 operations; 3333.7 current ops/sec; est completion in 9 minutes [INSERT: Count=33335, Max=3263, Min=16, Avg=297.53, 90=576, 99=591, 99.9=615, 99.99=3175] 
2024-01-12 12:05:02:210 1100 sec: 3536825 operations; 3330.2 current ops/sec; est completion in 8 minutes [INSERT: Count=33302, Max=3779, Min=17, Avg=297.77, 90=575, 99=589, 99.9=613, 99.99=3101] 
2024-01-12 12:05:12:210 1110 sec: 3571737 operations; 3491.2 current ops/sec; est completion in 8 minutes [INSERT: Count=34912, Max=3039, Min=16, Avg=284.41, 90=570, 99=582, 99.9=608, 99.99=2897] 
2024-01-12 12:05:22:210 1120 sec: 3607493 operations; 3575.6 current ops/sec; est completion in 8 minutes [INSERT: Count=35756, Max=3069, Min=17, Avg=277.86, 90=532, 99=576, 99.9=607, 99.99=2927] 
2024-01-12 12:05:32:210 1130 sec: 3640680 operations; 3318.7 current ops/sec; est completion in 8 minutes [INSERT: Count=33187, Max=3057, Min=17, Avg=298.79, 90=577, 99=598, 99.9=628, 99.99=1693] 
2024-01-12 12:05:42:210 1140 sec: 3673350 operations; 3267 current ops/sec; est completion in 8 minutes [INSERT: Count=32672, Max=2397, Min=16, Avg=303.33, 90=590, 99=611, 99.9=644, 99.99=1590] 
2024-01-12 12:05:52:210 1150 sec: 3705421 operations; 3207.1 current ops/sec; est completion in 7 minutes [INSERT: Count=32069, Max=44575, Min=16, Avg=308.69, 90=595, 99=622, 99.9=652, 99.99=1677] 
2024-01-12 12:06:02:210 1160 sec: 3738198 operations; 3277.7 current ops/sec; est completion in 7 minutes [INSERT: Count=32779, Max=2325, Min=15, Avg=302.16, 90=590, 99=617, 99.9=648, 99.99=2071] 
2024-01-12 12:06:12:210 1170 sec: 3770006 operations; 3180.8 current ops/sec; est completion in 7 minutes [INSERT: Count=31808, Max=2775, Min=17, Avg=310.9, 90=602, 99=630, 99.9=666, 99.99=2523] 
2024-01-12 12:06:22:210 1180 sec: 3802360 operations; 3235.4 current ops/sec; est completion in 7 minutes [INSERT: Count=32354, Max=2583, Min=16, Avg=306.04, 90=596, 99=624, 99.9=654, 99.99=1048] 
2024-01-12 12:06:32:210 1190 sec: 3835464 operations; 3310.4 current ops/sec; est completion in 7 minutes [INSERT: Count=33104, Max=2353, Min=16, Avg=299.54, 90=581, 99=603, 99.9=625, 99.99=788] 
2024-01-12 12:06:42:210 1200 sec: 3868582 operations; 3311.8 current ops/sec; est completion in 7 minutes [INSERT: Count=33116, Max=1654, Min=15, Avg=299.48, 90=582, 99=598, 99.9=618, 99.99=735] 
2024-01-12 12:06:52:210 1210 sec: 3901690 operations; 3310.8 current ops/sec; est completion in 6 minutes [INSERT: Count=33108, Max=1710, Min=16, Avg=299.62, 90=581, 99=596, 99.9=617, 99.99=752] 
2024-01-12 12:07:02:210 1220 sec: 3935077 operations; 3338.7 current ops/sec; est completion in 6 minutes [INSERT: Count=33389, Max=2177, Min=16, Avg=297.13, 90=581, 99=598, 99.9=620, 99.99=969] 
2024-01-12 12:07:12:210 1230 sec: 3970494 operations; 3541.7 current ops/sec; est completion in 6 minutes [INSERT: Count=35417, Max=1020, Min=17, Avg=280.51, 90=536, 99=606, 99.9=633, 99.99=756] 
2024-01-12 12:07:22:210 1240 sec: 4005673 operations; 3517.9 current ops/sec; est completion in 6 minutes [INSERT: Count=35177, Max=1612, Min=17, Avg=282.32, 90=559, 99=588, 99.9=615, 99.99=771] 
2024-01-12 12:07:32:210 1250 sec: 4040479 operations; 3480.6 current ops/sec; est completion in 6 minutes [INSERT: Count=34808, Max=1598, Min=17, Avg=285.24, 90=574, 99=586, 99.9=611, 99.99=747] 
2024-01-12 12:07:42:210 1260 sec: 4073723 operations; 3324.4 current ops/sec; est completion in 6 minutes [INSERT: Count=33242, Max=2237, Min=16, Avg=298.33, 90=578, 99=592, 99.9=617, 99.99=775] 
2024-01-12 12:07:52:210 1270 sec: 4109415 operations; 3569.2 current ops/sec; est completion in 5 minutes [INSERT: Count=35693, Max=2111, Min=17, Avg=278.35, 90=534, 99=581, 99.9=601, 99.99=704] 
2024-01-12 12:08:02:210 1280 sec: 4143465 operations; 3405 current ops/sec; est completion in 5 minutes [INSERT: Count=34049, Max=2049, Min=17, Avg=291.43, 90=577, 99=591, 99.9=615, 99.99=746] 
2024-01-12 12:08:12:210 1290 sec: 4176963 operations; 3349.8 current ops/sec; est completion in 5 minutes [INSERT: Count=33500, Max=2109, Min=16, Avg=296.14, 90=580, 99=594, 99.9=616, 99.99=738] 
2024-01-12 12:08:22:210 1300 sec: 4210823 operations; 3386 current ops/sec; est completion in 5 minutes [INSERT: Count=33859, Max=958, Min=17, Avg=293.05, 90=578, 99=591, 99.9=613, 99.99=750] 
2024-01-12 12:08:32:210 1310 sec: 4234172 operations; 2334.9 current ops/sec; est completion in 5 minutes [INSERT: Count=23348, Max=49663, Min=15, Avg=425.88, 90=1078, 99=2035, 99.9=2481, 99.99=2529] 
2024-01-12 12:08:42:210 1320 sec: 4253146 operations; 1897.4 current ops/sec; est completion in 5 minutes [INSERT: Count=18976, Max=5867, Min=16, Avg=524.5, 90=1685, 99=2431, 99.9=2499, 99.99=4903] 
2024-01-12 12:08:52:210 1330 sec: 4278111 operations; 2496.5 current ops/sec; est completion in 5 minutes [INSERT: Count=24964, Max=5651, Min=16, Avg=398.54, 90=1086, 99=1542, 99.9=1957, 99.99=4255] 
2024-01-12 12:09:02:210 1340 sec: 4303486 operations; 2537.5 current ops/sec; est completion in 4 minutes [INSERT: Count=25374, Max=4607, Min=16, Avg=391.97, 90=977, 99=1761, 99.9=2081, 99.99=3465] 
2024-01-12 12:09:12:210 1350 sec: 4326287 operations; 2280.1 current ops/sec; est completion in 4 minutes [INSERT: Count=22802, Max=4077, Min=17, Avg=436.44, 90=1092, 99=2107, 99.9=2539, 99.99=3521] 
2024-01-12 12:09:22:210 1360 sec: 4348365 operations; 2207.8 current ops/sec; est completion in 4 minutes [INSERT: Count=22077, Max=7407, Min=17, Avg=450.3, 90=1104, 99=2433, 99.9=2563, 99.99=4215] 
2024-01-12 12:09:32:210 1370 sec: 4370796 operations; 2243.1 current ops/sec; est completion in 4 minutes [INSERT: Count=22431, Max=4671, Min=17, Avg=443.06, 90=914, 99=2453, 99.9=2589, 99.99=3827] 
2024-01-12 12:09:42:210 1380 sec: 4392109 operations; 2131.3 current ops/sec; est completion in 4 minutes [INSERT: Count=21313, Max=5279, Min=17, Avg=466.48, 90=870, 99=2451, 99.9=2581, 99.99=4391] 
2024-01-12 12:09:52:210 1390 sec: 4421050 operations; 2894.1 current ops/sec; est completion in 4 minutes [INSERT: Count=28943, Max=4019, Min=18, Avg=343.69, 90=591, 99=2301, 99.9=2485, 99.99=3053] 
2024-01-12 12:10:02:210 1400 sec: 4457449 operations; 3639.9 current ops/sec; est completion in 4 minutes [INSERT: Count=36399, Max=2869, Min=18, Avg=273.06, 90=528, 99=536, 99.9=553, 99.99=2055] 
2024-01-12 12:10:12:210 1410 sec: 4493707 operations; 3625.8 current ops/sec; est completion in 3 minutes [INSERT: Count=36256, Max=1907, Min=18, Avg=274.14, 90=530, 99=542, 99.9=564, 99.99=1428] 
2024-01-12 12:10:22:210 1420 sec: 4529539 operations; 3583.2 current ops/sec; est completion in 3 minutes [INSERT: Count=35834, Max=2291, Min=18, Avg=277.15, 90=536, 99=547, 99.9=565, 99.99=1440] 
2024-01-12 12:10:32:210 1430 sec: 4565623 operations; 3608.4 current ops/sec; est completion in 3 minutes [INSERT: Count=36084, Max=2289, Min=18, Avg=275.37, 90=532, 99=544, 99.9=558, 99.99=1536] 
2024-01-12 12:10:42:210 1440 sec: 4601034 operations; 3541.1 current ops/sec; est completion in 3 minutes [INSERT: Count=35411, Max=3021, Min=17, Avg=280.36, 90=540, 99=552, 99.9=568, 99.99=2211] 
2024-01-12 12:10:52:210 1450 sec: 4636619 operations; 3558.5 current ops/sec; est completion in 3 minutes [INSERT: Count=35585, Max=2187, Min=19, Avg=279.17, 90=539, 99=550, 99.9=567, 99.99=1121] 
2024-01-12 12:11:02:210 1460 sec: 4672442 operations; 3582.3 current ops/sec; est completion in 2 minutes [INSERT: Count=35823, Max=2071, Min=18, Avg=277.41, 90=535, 99=548, 99.9=562, 99.99=808] 
2024-01-12 12:11:12:210 1470 sec: 4708365 operations; 3592.3 current ops/sec; est completion in 2 minutes [INSERT: Count=35921, Max=2055, Min=18, Avg=276.7, 90=534, 99=545, 99.9=557, 99.99=739] 
2024-01-12 12:11:22:209 1480 sec: 4744227 operations; 3586.2 current ops/sec; est completion in 2 minutes [INSERT: Count=35862, Max=2117, Min=17, Avg=277.15, 90=534, 99=550, 99.9=589, 99.99=711] 
2024-01-12 12:11:32:210 1490 sec: 4777925 operations; 3369.8 current ops/sec; est completion in 2 minutes [INSERT: Count=33699, Max=49247, Min=14, Avg=294.34, 90=573, 99=593, 99.9=620, 99.99=1192] 
2024-01-12 12:11:42:210 1500 sec: 4811414 operations; 3348.9 current ops/sec; est completion in 2 minutes [INSERT: Count=33488, Max=2419, Min=15, Avg=296.14, 90=575, 99=593, 99.9=612, 99.99=774] 
2024-01-12 12:11:52:210 1510 sec: 4844757 operations; 3334.3 current ops/sec; est completion in 2 minutes [INSERT: Count=33345, Max=2359, Min=15, Avg=297.47, 90=578, 99=594, 99.9=616, 99.99=744] 
2024-01-12 12:12:02:210 1520 sec: 4879076 operations; 3431.9 current ops/sec; est completion in 1 minute [INSERT: Count=34319, Max=2103, Min=16, Avg=289.19, 90=574, 99=588, 99.9=613, 99.99=754] 
2024-01-12 12:12:12:210 1530 sec: 4913755 operations; 3467.9 current ops/sec; est completion in 1 minute [INSERT: Count=34679, Max=2113, Min=17, Avg=286.21, 90=571, 99=583, 99.9=605, 99.99=735] 
2024-01-12 12:12:22:210 1540 sec: 4949382 operations; 3562.7 current ops/sec; est completion in 1 minute [INSERT: Count=35627, Max=1606, Min=17, Avg=278.76, 90=554, 99=578, 99.9=603, 99.99=712] 
2024-01-12 12:12:32:210 1550 sec: 4984894 operations; 3551.2 current ops/sec; est completion in 1 minute [INSERT: Count=35512, Max=786, Min=17, Avg=279.69, 90=563, 99=580, 99.9=605, 99.99=754] 
2024-01-12 12:12:42:210 1560 sec: 5021413 operations; 3651.9 current ops/sec; est completion in 1 minute [INSERT: Count=36519, Max=1734, Min=17, Avg=272.15, 90=527, 99=535, 99.9=547, 99.99=738] 
2024-01-12 12:12:52:210 1570 sec: 5056812 operations; 3539.9 current ops/sec; est completion in 58 seconds [INSERT: Count=35399, Max=1572, Min=18, Avg=280.63, 90=550, 99=584, 99.9=607, 99.99=766] 
2024-01-12 12:13:02:210 1580 sec: 5089204 operations; 3239.2 current ops/sec; est completion in 48 seconds [INSERT: Count=32392, Max=7887, Min=17, Avg=306, 90=594, 99=612, 99.9=645, 99.99=3217] 
2024-01-12 12:13:12:210 1590 sec: 5121550 operations; 3234.6 current ops/sec; est completion in 38 seconds [INSERT: Count=32346, Max=6351, Min=18, Avg=306.42, 90=595, 99=612, 99.9=641, 99.99=5271] 
2024-01-12 12:13:22:210 1600 sec: 5154102 operations; 3255.2 current ops/sec; est completion in 28 seconds [INSERT: Count=32550, Max=4003, Min=17, Avg=304.55, 90=591, 99=610, 99.9=641, 99.99=3731] 
2024-01-12 12:13:32:210 1610 sec: 5187554 operations; 3345.2 current ops/sec; est completion in 18 seconds [INSERT: Count=33452, Max=3427, Min=17, Avg=296.62, 90=581, 99=598, 99.9=626, 99.99=3285] 
2024-01-12 12:13:42:210 1620 sec: 5220397 operations; 3284.3 current ops/sec; est completion in 7 second [INSERT: Count=32843, Max=3383, Min=17, Avg=301.86, 90=585, 99=606, 99.9=637, 99.99=3167] 
2024-01-12 12:13:48:972 1626 sec: 5242880 operations; 3324.41 current ops/sec; [CLEANUP: Count=1, Max=55903, Min=55872, Avg=55888, 90=55903, 99=55903, 99.9=55903, 99.99=55903] [INSERT: Count=22483, Max=3203, Min=16, Avg=295.91, 90=576, 99=592, 99.9=614, 99.99=3023] 
