[OVERALL], RunTime(ms), 392704
[OVERALL], Throughput(ops/sec), 2546.447196870926
[TOTAL_GCS_G1_Young_Generation], Count, 8
[TOTAL_GC_TIME_G1_Young_Generation], Time(ms), 44
[TOTAL_GC_TIME_%_G1_Young_Generation], Time(%), 0.011204367666232073
[TOTAL_GCS_G1_Old_Generation], Count, 0
[TOTAL_GC_TIME_G1_Old_Generation], Time(ms), 0
[TOTAL_GC_TIME_%_G1_Old_Generation], Time(%), 0.0
[TOTAL_GCs], Count, 8
[TOTAL_GC_TIME], Time(ms), 44
[TOTAL_GC_TIME_%], Time(%), 0.011204367666232073
[READ], Operations, 950384
[READ], AverageLatency(us), 170.42339833162174
[READ], MinLatency(us), 3
[READ], MaxLatency(us), 261631
[READ], 95thPercentileLatency(us), 541
[READ], 99thPercentileLatency(us), 1925
[READ], Return=OK, 950384
[CLEANUP], Operations, 1
[CLEANUP], AverageLatency(us), 850688.0
[CLEANUP], MinLatency(us), 850432
[CLEANUP], MaxLatency(us), 850943
[CLEANUP], 95thPercentileLatency(us), 850943
[CLEANUP], 99thPercentileLatency(us), 850943
[UPDATE], Operations, 49616
[UPDATE], AverageLatency(us), 494.69574330861013
[UPDATE], MinLatency(us), 20
[UPDATE], MaxLatency(us), 6675
[UPDATE], 95thPercentileLatency(us), 1218
[UPDATE], 99thPercentileLatency(us), 2553
[UPDATE], Return=OK, 49616
