[OVERALL], RunTime(ms), 1614595
[OVERALL], Throughput(ops/sec), 3247.17963328265
[TOTAL_GCS_G1_Young_Generation], Count, 130
[TOTAL_GC_TIME_G1_Young_Generation], Time(ms), 236
[TOTAL_GC_TIME_%_G1_Young_Generation], Time(%), 0.014616668576330287
[TOTAL_GCS_G1_Old_Generation], Count, 0
[TOTAL_GC_TIME_G1_Old_Generation], Time(ms), 0
[TOTAL_GC_TIME_%_G1_Old_Generation], Time(%), 0.0
[TOTAL_GCs], Count, 130
[TOTAL_GC_TIME], Time(ms), 236
[TOTAL_GC_TIME_%], Time(%), 0.014616668576330287
[CLEANUP], Operations, 1
[CLEANUP], AverageLatency(us), 70752.0
[CLEANUP], MinLatency(us), 70720
[CLEANUP], MaxLatency(us), 70783
[CLEANUP], 95thPercentileLatency(us), 70783
[CLEANUP], 99thPercentileLatency(us), 70783
[INSERT], Operations, 5242880
[INSERT], AverageLatency(us), 305.13432903289794
[INSERT], MinLatency(us), 14
[INSERT], MaxLatency(us), 54047
[INSERT], 95thPercentileLatency(us), 595
[INSERT], 99thPercentileLatency(us), 1122
[INSERT], Return=OK, 5242880
