[OVERALL], RunTime(ms), 521514
[OVERALL], Throughput(ops/sec), 1917.4940653558676
[TOTAL_GCS_G1_Young_Generation], Count, 18
[TOTAL_GC_TIME_G1_Young_Generation], Time(ms), 82
[TOTAL_GC_TIME_%_G1_Young_Generation], Time(%), 0.015723451335918116
[TOTAL_GCS_G1_Old_Generation], Count, 0
[TOTAL_GC_TIME_G1_Old_Generation], Time(ms), 0
[TOTAL_GC_TIME_%_G1_Old_Generation], Time(%), 0.0
[TOTAL_GCs], Count, 18
[TOTAL_GC_TIME], Time(ms), 82
[TOTAL_GC_TIME_%], Time(%), 0.015723451335918116
[READ], Operations, 499720
[READ], AverageLatency(us), 164.3988593612423
[READ], MinLatency(us), 3
[READ], MaxLatency(us), 253951
[READ], 95thPercentileLatency(us), 477
[READ], 99thPercentileLatency(us), 1513
[READ], Return=OK, 499720
[CLEANUP], Operations, 1
[CLEANUP], AverageLatency(us), 783104.0
[CLEANUP], MinLatency(us), 782848
[CLEANUP], MaxLatency(us), 783359
[CLEANUP], 95thPercentileLatency(us), 783359
[CLEANUP], 99thPercentileLatency(us), 783359
[UPDATE], Operations, 500280
[UPDATE], AverageLatency(us), 474.80596066202924
[UPDATE], MinLatency(us), 16
[UPDATE], MaxLatency(us), 239615
[UPDATE], 95thPercentileLatency(us), 1033
[UPDATE], 99thPercentileLatency(us), 2285
[UPDATE], Return=OK, 500280
