[OVERALL], RunTime(ms), 1598969
[OVERALL], Throughput(ops/sec), 3278.9128494673755
[TOTAL_GCS_G1_Young_Generation], Count, 130
[TOTAL_GC_TIME_G1_Young_Generation], Time(ms), 280
[TOTAL_GC_TIME_%_G1_Young_Generation], Time(%), 0.017511283833520224
[TOTAL_GCS_G1_Old_Generation], Count, 0
[TOTAL_GC_TIME_G1_Old_Generation], Time(ms), 0
[TOTAL_GC_TIME_%_G1_Old_Generation], Time(%), 0.0
[TOTAL_GCs], Count, 130
[TOTAL_GC_TIME], Time(ms), 280
[TOTAL_GC_TIME_%], Time(%), 0.017511283833520224
[CLEANUP], Operations, 1
[CLEANUP], AverageLatency(us), 55920.0
[CLEANUP], MinLatency(us), 55904
[CLEANUP], MaxLatency(us), 55935
[CLEANUP], 95thPercentileLatency(us), 55935
[CLEANUP], 99thPercentileLatency(us), 55935
[INSERT], Operations, 5242880
[INSERT], AverageLatency(us), 302.18702087402346
[INSERT], MinLatency(us), 14
[INSERT], MaxLatency(us), 55007
[INSERT], 95thPercentileLatency(us), 587
[INSERT], 99thPercentileLatency(us), 1110
[INSERT], Return=OK, 5242880
