[WARN]  Running against a source checkout. In order to get our runtime dependencies we'll have to invoke Maven. Depending on the state of your system, this may take ~30-45 seconds
[DEBUG]  Running 'mvn -pl site.ycsb:rocksdb-binding -am package -DskipTests dependency:build-classpath -DincludeScope=compile -Dmdep.outputFilterFile=true'
java -cp /home/user/src/rocksdb-cheops-2024/ycsb/rocksdb/conf:/home/user/src/rocksdb-cheops-2024/ycsb/rocksdb/target/rocksdb-binding-0.18.0-SNAPSHOT.jar:/root/.m2/repository/org/apache/htrace/htrace-core4/4.1.0-incubating/htrace-core4-4.1.0-incubating.jar:/root/.m2/repository/org/slf4j/slf4j-api/1.7.25/slf4j-api-1.7.25.jar:/home/user/src/rocksdb-cheops-2024/rocksdb-ycsb/java/target/rocksdbjni-7.4.3-linux64.jar:/root/.m2/repository/net/jcip/jcip-annotations/1.0/jcip-annotations-1.0.jar:/root/.m2/repository/org/hdrhistogram/HdrHistogram/2.1.4/HdrHistogram-2.1.4.jar:/root/.m2/repository/org/codehaus/jackson/jackson-mapper-asl/1.9.4/jackson-mapper-asl-1.9.4.jar:/lib/libzbd.so.1:/root/.m2/repository/org/codehaus/jackson/jackson-core-asl/1.9.4/jackson-core-asl-1.9.4.jar:/home/user/src/rocksdb-cheops-2024/rocksdb-ycsb/java/target/librocksdbjni-linux64.so:/home/user/src/rocksdb-cheops-2024/ycsb/core/target/core-0.18.0-SNAPSHOT.jar site.ycsb.Client -db site.ycsb.db.rocksdb.RocksDBClient -s -P ./workloads/workloadb -p recordcount=5242880 -p operationcount=1000000 -p fieldlength=386 -p fieldcount=10 -t
Command line: -db site.ycsb.db.rocksdb.RocksDBClient -s -P ./workloads/workloadb -p recordcount=5242880 -p operationcount=1000000 -p fieldlength=386 -p fieldcount=10 -t
YCSB Client 0.18.0-SNAPSHOT

Loading workload...
Starting test.
SLF4J: Failed to load class "org.slf4j.impl.StaticLoggerBinder".
SLF4J: Defaulting to no-operation (NOP) logger implementation
SLF4J: See http://www.slf4j.org/codes.html#StaticLoggerBinder for further details.
2024-01-12 22:10:02:778 0 sec: 0 operations; est completion in 0 second 
Leet YCSB 
2024-01-12 22:10:12:741 10 sec: 0 operations; est completion in 106751991167300 days 15 hours 
2024-01-12 22:10:22:741 20 sec: 0 operations; est completion in 106751991167300 days 15 hours 
2024-01-12 22:10:32:741 30 sec: 0 operations; est completion in 106751991167300 days 15 hours 
DBWrapper: report latency for each error is false and specific error codes to track for latency are: []
2024-01-12 22:10:42:741 40 sec: 1209 operations; 120.9 current ops/sec; est completion in 9 hours 10 minutes [READ: Count=1153, Max=3687, Min=9, Avg=922.53, 90=2557, 99=3417, 99.9=3641, 99.99=3687] [UPDATE: Count=58, Max=3357, Min=146, Avg=972.98, 90=2307, 99=3355, 99.9=3357, 99.99=3357] 
2024-01-12 22:10:52:741 50 sec: 15392 operations; 1418.3 current ops/sec; est completion in 53 minutes [READ: Count=13431, Max=12239, Min=4, Avg=692.35, 90=2000, 99=3219, 99.9=3687, 99.99=9439] [UPDATE: Count=750, Max=9487, Min=43, Avg=811.3, 90=2169, 99=3265, 99.9=3529, 99.99=9487] 
2024-01-12 22:11:02:741 60 sec: 33488 operations; 1809.6 current ops/sec; est completion in 28 minutes [READ: Count=17226, Max=12127, Min=3, Avg=545, 90=1447, 99=2987, 99.9=3313, 99.99=9575] [UPDATE: Count=873, Max=3405, Min=52, Avg=628.18, 90=1461, 99=3115, 99.9=3233, 99.99=3405] 
2024-01-12 22:11:12:740 70 sec: 56586 operations; 2309.8 current ops/sec; est completion in 19 minutes [READ: Count=21958, Max=4943, Min=6, Avg=425.37, 90=1040, 99=2933, 99.9=3299, 99.99=4783] [UPDATE: Count=1138, Max=3377, Min=47, Avg=512.59, 90=1216, 99=2991, 99.9=3309, 99.99=3377] 
2024-01-12 22:11:22:740 80 sec: 86187 operations; 2960.1 current ops/sec; est completion in 14 minutes [READ: Count=28106, Max=5051, Min=6, Avg=330.58, 90=853, 99=2809, 99.9=3183, 99.99=3993] [UPDATE: Count=1496, Max=3573, Min=46, Avg=426.36, 90=1010, 99=2933, 99.9=3359, 99.99=3573] 
2024-01-12 22:11:32:740 90 sec: 125493 operations; 3930.6 current ops/sec; est completion in 10 minutes [READ: Count=37388, Max=5563, Min=6, Avg=249.05, 90=676, 99=2671, 99.9=3117, 99.99=3747] [UPDATE: Count=1920, Max=3167, Min=47, Avg=316.05, 90=713, 99=2651, 99.9=3011, 99.99=3167] 
2024-01-12 22:11:42:741 100 sec: 179394 operations; 5390.1 current ops/sec; est completion in 7 minutes [READ: Count=51265, Max=8003, Min=3, Avg=180.92, 90=345, 99=2315, 99.9=2965, 99.99=3483] [UPDATE: Count=2633, Max=3155, Min=27, Avg=240.55, 90=418, 99=2249, 99.9=3029, 99.99=3155] 
2024-01-12 22:11:52:741 110 sec: 250825 operations; 7143.1 current ops/sec; est completion in 5 minutes [READ: Count=67825, Max=5303, Min=3, Avg=135.74, 90=242, 99=1981, 99.9=2681, 99.99=3135] [UPDATE: Count=3610, Max=4107, Min=25, Avg=189.6, 90=297, 99=2055, 99.9=2749, 99.99=4107] 
2024-01-12 22:12:02:741 120 sec: 287105 operations; 3628 current ops/sec; est completion in 4 minutes [READ: Count=34401, Max=323583, Min=3, Avg=272.54, 90=440, 99=3239, 99.9=4307, 99.99=4799] [UPDATE: Count=1875, Max=5295, Min=29, Avg=300.62, 90=485, 99=2701, 99.9=4363, 99.99=5295] 
2024-01-12 22:12:12:741 130 sec: 320709 operations; 3360.4 current ops/sec; est completion in 4 minutes [READ: Count=31854, Max=6087, Min=3, Avg=292.53, 90=682, 99=3003, 99.9=4319, 99.99=5075] [UPDATE: Count=1750, Max=4331, Min=36, Avg=357.4, 90=720, 99=3319, 99.9=4267, 99.99=4331] 
2024-01-12 22:12:22:741 140 sec: 356856 operations; 3614.7 current ops/sec; est completion in 4 minutes [READ: Count=34301, Max=5047, Min=3, Avg=271.45, 90=810, 99=2511, 99.9=3847, 99.99=4671] [UPDATE: Count=1849, Max=4147, Min=27, Avg=339.24, 90=954, 99=2497, 99.9=3531, 99.99=4147] 
2024-01-12 22:12:32:741 150 sec: 435674 operations; 7881.8 current ops/sec; est completion in 3 minutes [READ: Count=74859, Max=247167, Min=3, Avg=122.64, 90=282, 99=865, 99.9=2151, 99.99=3493] [UPDATE: Count=3955, Max=4059, Min=27, Avg=167.76, 90=335, 99=855, 99.9=1850, 99.99=4059] 
2024-01-12 22:12:42:741 160 sec: 499449 operations; 6377.5 current ops/sec; est completion in 2 minutes [READ: Count=60534, Max=4335, Min=3, Avg=148.69, 90=297, 99=2061, 99.9=2431, 99.99=3045] [UPDATE: Count=3242, Max=291327, Min=29, Avg=289.88, 90=339, 99=2169, 99.9=2659, 99.99=291327] 
2024-01-12 22:12:52:741 170 sec: 582240 operations; 8279.1 current ops/sec; est completion in 2 minutes [READ: Count=78622, Max=4523, Min=3, Avg=116.95, 90=269, 99=1535, 99.9=2341, 99.99=2955] [UPDATE: Count=4173, Max=2769, Min=27, Avg=164.54, 90=308, 99=1553, 99.9=2385, 99.99=2769] 
2024-01-12 22:13:02:741 180 sec: 661323 operations; 7908.3 current ops/sec; est completion in 1 minute [READ: Count=75175, Max=5911, Min=3, Avg=122.43, 90=197, 99=1932, 99.9=2303, 99.99=2907] [UPDATE: Count=3916, Max=2705, Min=25, Avg=175.05, 90=253, 99=1951, 99.9=2317, 99.99=2705] 
2024-01-12 22:13:12:741 190 sec: 749240 operations; 8791.7 current ops/sec; est completion in 1 minute [READ: Count=83561, Max=518911, Min=3, Avg=110.43, 90=169, 99=1221, 99.9=2217, 99.99=2985] [UPDATE: Count=4347, Max=2601, Min=25, Avg=149.78, 90=215, 99=1250, 99.9=2299, 99.99=2601] 
2024-01-12 22:13:22:741 200 sec: 823223 operations; 7398.3 current ops/sec; est completion in 43 seconds [READ: Count=70286, Max=4447, Min=3, Avg=131.11, 90=272, 99=1232, 99.9=2217, 99.99=3081] [UPDATE: Count=3697, Max=2427, Min=27, Avg=183.61, 90=326, 99=1287, 99.9=2179, 99.99=2427] 
2024-01-12 22:13:32:741 210 sec: 901053 operations; 7783 current ops/sec; est completion in 24 seconds [READ: Count=73958, Max=5331, Min=3, Avg=124.48, 90=260, 99=1263, 99.9=2215, 99.99=2821] [UPDATE: Count=3874, Max=2453, Min=24, Avg=176.08, 90=298, 99=1332, 99.9=2241, 99.99=2453] 
2024-01-12 22:13:42:740 220 sec: 971860 operations; 7080.7 current ops/sec; est completion in 7 second [READ: Count=67219, Max=4935, Min=3, Avg=137.16, 90=216, 99=2009, 99.9=2345, 99.99=3277] [UPDATE: Count=3593, Max=2653, Min=25, Avg=188.73, 90=267, 99=2095, 99.9=2477, 99.99=2653] 
2024-01-12 22:13:45:914 223 sec: 1000000 operations; 8865.78 current ops/sec; [READ: Count=26725, Max=4123, Min=3, Avg=82.2, 90=174, 99=452, 99.9=902, 99.99=1480] [CLEANUP: Count=1, Max=762367, Min=761856, Avg=762112, 90=762367, 99=762367, 99.9=762367, 99.99=762367] [UPDATE: Count=1404, Max=939, Min=30, Avg=125.1, 90=219, 99=484, 99.9=907, 99.99=939] 
