[OVERALL], RunTime(ms), 1613558
[OVERALL], Throughput(ops/sec), 3249.2665277603905
[TOTAL_GCS_G1_Young_Generation], Count, 130
[TOTAL_GC_TIME_G1_Young_Generation], Time(ms), 270
[TOTAL_GC_TIME_%_G1_Young_Generation], Time(%), 0.016733206987291437
[TOTAL_GCS_G1_Old_Generation], Count, 0
[TOTAL_GC_TIME_G1_Old_Generation], Time(ms), 0
[TOTAL_GC_TIME_%_G1_Old_Generation], Time(%), 0.0
[TOTAL_GCs], Count, 130
[TOTAL_GC_TIME], Time(ms), 270
[TOTAL_GC_TIME_%], Time(%), 0.016733206987291437
[CLEANUP], Operations, 1
[CLEANUP], AverageLatency(us), 62576.0
[CLEANUP], MinLatency(us), 62560
[CLEANUP], MaxLatency(us), 62591
[CLEANUP], 95thPercentileLatency(us), 62591
[CLEANUP], 99thPercentileLatency(us), 62591
[INSERT], Operations, 5242880
[INSERT], AverageLatency(us), 304.95856113433837
[INSERT], MinLatency(us), 14
[INSERT], MaxLatency(us), 45503
[INSERT], 95thPercentileLatency(us), 590
[INSERT], 99thPercentileLatency(us), 1219
[INSERT], Return=OK, 5242880
