[OVERALL], RunTime(ms), 379131
[OVERALL], Throughput(ops/sec), 2637.6107466812264
[TOTAL_GCS_G1_Young_Generation], Count, 7
[TOTAL_GC_TIME_G1_Young_Generation], Time(ms), 45
[TOTAL_GC_TIME_%_G1_Young_Generation], Time(%), 0.01186924836006552
[TOTAL_GCS_G1_Old_Generation], Count, 0
[TOTAL_GC_TIME_G1_Old_Generation], Time(ms), 0
[TOTAL_GC_TIME_%_G1_Old_Generation], Time(%), 0.0
[TOTAL_GCs], Count, 7
[TOTAL_GC_TIME], Time(ms), 45
[TOTAL_GC_TIME_%], Time(%), 0.01186924836006552
[READ], Operations, 1000000
[READ], AverageLatency(us), 175.842249
[READ], MinLatency(us), 5
[READ], MaxLatency(us), 271359
[READ], 95thPercentileLatency(us), 475
[READ], 99thPercentileLatency(us), 2197
[READ], Return=OK, 1000000
[CLEANUP], Operations, 1
[CLEANUP], AverageLatency(us), 11996.0
[CLEANUP], MinLatency(us), 11992
[CLEANUP], MaxLatency(us), 11999
[CLEANUP], 95thPercentileLatency(us), 11999
[CLEANUP], 99thPercentileLatency(us), 11999
