[OVERALL], RunTime(ms), 215077
[OVERALL], Throughput(ops/sec), 4649.497621781967
[TOTAL_GCS_G1_Young_Generation], Count, 7
[TOTAL_GC_TIME_G1_Young_Generation], Time(ms), 36
[TOTAL_GC_TIME_%_G1_Young_Generation], Time(%), 0.016738191438415078
[TOTAL_GCS_G1_Old_Generation], Count, 0
[TOTAL_GC_TIME_G1_Old_Generation], Time(ms), 0
[TOTAL_GC_TIME_%_G1_Old_Generation], Time(%), 0.0
[TOTAL_GCs], Count, 7
[TOTAL_GC_TIME], Time(ms), 36
[TOTAL_GC_TIME_%], Time(%), 0.016738191438415078
[READ], Operations, 1000000
[READ], AverageLatency(us), 177.71808
[READ], MinLatency(us), 5
[READ], MaxLatency(us), 519679
[READ], 95thPercentileLatency(us), 764
[READ], 99thPercentileLatency(us), 2105
[READ], Return=OK, 1000000
[CLEANUP], Operations, 1
[CLEANUP], AverageLatency(us), 769792.0
[CLEANUP], MinLatency(us), 769536
[CLEANUP], MaxLatency(us), 770047
[CLEANUP], 95thPercentileLatency(us), 770047
[CLEANUP], 99thPercentileLatency(us), 770047
