[OVERALL], RunTime(ms), 186761
[OVERALL], Throughput(ops/sec), 28072.67041834216
[TOTAL_GCS_G1_Young_Generation], Count, 130
[TOTAL_GC_TIME_G1_Young_Generation], Time(ms), 213
[TOTAL_GC_TIME_%_G1_Young_Generation], Time(%), 0.11404950712407837
[TOTAL_GCS_G1_Old_Generation], Count, 0
[TOTAL_GC_TIME_G1_Old_Generation], Time(ms), 0
[TOTAL_GC_TIME_%_G1_Old_Generation], Time(%), 0.0
[TOTAL_GCs], Count, 130
[TOTAL_GC_TIME], Time(ms), 213
[TOTAL_GC_TIME_%], Time(%), 0.11404950712407837
[CLEANUP], Operations, 1
[CLEANUP], AverageLatency(us), 103648.0
[CLEANUP], MinLatency(us), 103616
[CLEANUP], MaxLatency(us), 103679
[CLEANUP], 95thPercentileLatency(us), 103679
[CLEANUP], 99thPercentileLatency(us), 103679
[INSERT], Operations, 5242880
[INSERT], AverageLatency(us), 33.52101783752441
[INSERT], MinLatency(us), 12
[INSERT], MaxLatency(us), 14535
[INSERT], 95thPercentileLatency(us), 48
[INSERT], 99thPercentileLatency(us), 77
[INSERT], Return=OK, 5242880
