[WARN]  Running against a source checkout. In order to get our runtime dependencies we'll have to invoke Maven. Depending on the state of your system, this may take ~30-45 seconds
[DEBUG]  Running 'mvn -pl site.ycsb:rocksdb-binding -am package -DskipTests dependency:build-classpath -DincludeScope=compile -Dmdep.outputFilterFile=true'
java -cp /home/user/src/rocksdb-cheops-2024/ycsb/rocksdb/conf:/home/user/src/rocksdb-cheops-2024/ycsb/rocksdb/target/rocksdb-binding-0.18.0-SNAPSHOT.jar:/root/.m2/repository/org/apache/htrace/htrace-core4/4.1.0-incubating/htrace-core4-4.1.0-incubating.jar:/root/.m2/repository/org/slf4j/slf4j-api/1.7.25/slf4j-api-1.7.25.jar:/home/user/src/rocksdb-cheops-2024/rocksdb-ycsb/java/target/rocksdbjni-7.4.3-linux64.jar:/root/.m2/repository/net/jcip/jcip-annotations/1.0/jcip-annotations-1.0.jar:/root/.m2/repository/org/hdrhistogram/HdrHistogram/2.1.4/HdrHistogram-2.1.4.jar:/root/.m2/repository/org/codehaus/jackson/jackson-mapper-asl/1.9.4/jackson-mapper-asl-1.9.4.jar:/lib/libzbd.so.1:/root/.m2/repository/org/codehaus/jackson/jackson-core-asl/1.9.4/jackson-core-asl-1.9.4.jar:/home/user/src/rocksdb-cheops-2024/rocksdb-ycsb/java/target/librocksdbjni-linux64.so:/home/user/src/rocksdb-cheops-2024/ycsb/core/target/core-0.18.0-SNAPSHOT.jar site.ycsb.Client -db site.ycsb.db.rocksdb.RocksDBClient -s -P ./workloads/workloada -p recordcount=5242880 -p operationcount=1000000 -p fieldlength=386 -p fieldcount=10 -t
Command line: -db site.ycsb.db.rocksdb.RocksDBClient -s -P ./workloads/workloada -p recordcount=5242880 -p operationcount=1000000 -p fieldlength=386 -p fieldcount=10 -t
YCSB Client 0.18.0-SNAPSHOT

Loading workload...
Starting test.
SLF4J: Failed to load class "org.slf4j.impl.StaticLoggerBinder".
SLF4J: Defaulting to no-operation (NOP) logger implementation
SLF4J: See http://www.slf4j.org/codes.html#StaticLoggerBinder for further details.
2024-01-12 20:58:08:188 0 sec: 0 operations; est completion in 0 second 
Leet YCSB 
2024-01-12 20:58:18:152 10 sec: 0 operations; est completion in 106751991167300 days 15 hours 
2024-01-12 20:58:28:152 20 sec: 0 operations; est completion in 106751991167300 days 15 hours 
2024-01-12 20:58:38:152 30 sec: 0 operations; est completion in 106751991167300 days 15 hours 
DBWrapper: report latency for each error is false and specific error codes to track for latency are: []
2024-01-12 20:58:48:151 40 sec: 3122 operations; 312.2 current ops/sec; est completion in 3 hours 32 minutes [READ: Count=1601, Max=3903, Min=6, Avg=913.18, 90=2223, 99=3387, 99.9=3641, 99.99=3903] [UPDATE: Count=1528, Max=4539, Min=37, Avg=980.09, 90=2443, 99=3463, 99.9=4195, 99.99=4539] 
2024-01-12 20:58:58:152 50 sec: 16687 operations; 1356.5 current ops/sec; est completion in 49 minutes [READ: Count=6798, Max=4575, Min=3, Avg=702.68, 90=2003, 99=3293, 99.9=3805, 99.99=4235] [UPDATE: Count=6761, Max=12631, Min=17, Avg=760.18, 90=2010, 99=3395, 99.9=3823, 99.99=6299] 
2024-01-12 20:59:08:151 60 sec: 33430 operations; 1674.3 current ops/sec; est completion in 28 minutes [READ: Count=8419, Max=5819, Min=6, Avg=567.73, 90=1748, 99=3055, 99.9=3541, 99.99=5647] [UPDATE: Count=8327, Max=5507, Min=30, Avg=618.57, 90=1788, 99=3075, 99.9=3465, 99.99=4983] 
2024-01-12 20:59:18:152 70 sec: 55285 operations; 2185.5 current ops/sec; est completion in 19 minutes [READ: Count=10916, Max=4263, Min=6, Avg=422.94, 90=1218, 99=2947, 99.9=3517, 99.99=4001] [UPDATE: Count=10941, Max=5771, Min=31, Avg=484.87, 90=1322, 99=2999, 99.9=3611, 99.99=5507] 
2024-01-12 20:59:28:152 80 sec: 82358 operations; 2707.3 current ops/sec; est completion in 14 minutes [READ: Count=13612, Max=5603, Min=4, Avg=348.2, 90=1041, 99=2913, 99.9=3495, 99.99=4207] [UPDATE: Count=13463, Max=8727, Min=18, Avg=385.49, 90=1086, 99=2985, 99.9=3679, 99.99=4695] 
2024-01-12 20:59:38:152 90 sec: 117224 operations; 3486.6 current ops/sec; est completion in 11 minutes [READ: Count=17435, Max=6911, Min=3, Avg=268.3, 90=837, 99=2563, 99.9=3479, 99.99=3827] [UPDATE: Count=17425, Max=6691, Min=16, Avg=300.88, 90=865, 99=2545, 99.9=3433, 99.99=4671] 
2024-01-12 20:59:48:152 100 sec: 163415 operations; 4619.1 current ops/sec; est completion in 8 minutes [READ: Count=23127, Max=4037, Min=3, Avg=195.54, 90=590, 99=1810, 99.9=3045, 99.99=3621] [UPDATE: Count=23072, Max=3991, Min=17, Avg=233.63, 90=634, 99=1883, 99.9=3145, 99.99=3743] 
2024-01-12 20:59:58:151 110 sec: 222300 operations; 5888.5 current ops/sec; est completion in 6 minutes [READ: Count=29340, Max=3653, Min=3, Avg=149.99, 90=307, 99=1445, 99.9=2771, 99.99=3415] [UPDATE: Count=29545, Max=5455, Min=17, Avg=185.8, 90=346, 99=1502, 99.9=2909, 99.99=3839] 
2024-01-12 21:00:08:152 120 sec: 265166 operations; 4286.6 current ops/sec; est completion in 5 minutes [READ: Count=21554, Max=5039, Min=3, Avg=191.84, 90=440, 99=2161, 99.9=3727, 99.99=4727] [UPDATE: Count=21305, Max=329471, Min=16, Avg=271.13, 90=473, 99=2207, 99.9=3793, 99.99=281343] 
2024-01-12 21:00:18:152 130 sec: 292285 operations; 2711.9 current ops/sec; est completion in 5 minutes [READ: Count=13623, Max=5231, Min=4, Avg=349.54, 90=1130, 99=2641, 99.9=4159, 99.99=5195] [UPDATE: Count=13493, Max=5135, Min=18, Avg=383.64, 90=1143, 99=2749, 99.9=4327, 99.99=4987] 
2024-01-12 21:00:28:152 140 sec: 321779 operations; 2949.4 current ops/sec; est completion in 4 minutes [READ: Count=14749, Max=5483, Min=3, Avg=321.31, 90=1003, 99=2945, 99.9=4487, 99.99=4799] [UPDATE: Count=14750, Max=5879, Min=17, Avg=352.59, 90=1033, 99=2945, 99.9=4543, 99.99=5539] 
2024-01-12 21:00:38:152 150 sec: 365810 operations; 4403.1 current ops/sec; est completion in 4 minutes [READ: Count=22046, Max=5739, Min=3, Avg=208.76, 90=536, 99=2297, 99.9=3765, 99.99=5387] [UPDATE: Count=21985, Max=5027, Min=18, Avg=241.73, 90=580, 99=2299, 99.9=3749, 99.99=4503] 
2024-01-12 21:00:48:152 160 sec: 419805 operations; 5399.5 current ops/sec; est completion in 3 minutes [READ: Count=27017, Max=5355, Min=3, Avg=158.76, 90=340, 99=2095, 99.9=2683, 99.99=4081] [UPDATE: Count=26979, Max=273151, Min=16, Avg=208.03, 90=377, 99=2075, 99.9=2627, 99.99=4147] 
2024-01-12 21:00:58:151 170 sec: 478669 operations; 5886.4 current ops/sec; est completion in 3 minutes [READ: Count=29162, Max=4475, Min=4, Avg=147.82, 90=341, 99=1892, 99.9=2537, 99.99=3175] [UPDATE: Count=29703, Max=5339, Min=17, Avg=187.96, 90=397, 99=1997, 99.9=2707, 99.99=3553] 
2024-01-12 21:01:08:152 180 sec: 542360 operations; 6369.1 current ops/sec; est completion in 2 minutes [READ: Count=31937, Max=288767, Min=4, Avg=150.38, 90=294, 99=1555, 99.9=2249, 99.99=3277] [UPDATE: Count=31755, Max=5423, Min=16, Avg=160.23, 90=334, 99=1606, 99.9=2411, 99.99=3337] 
2024-01-12 21:01:18:151 190 sec: 598389 operations; 5602.9 current ops/sec; est completion in 2 minutes [READ: Count=27999, Max=4943, Min=3, Avg=162.54, 90=290, 99=2095, 99.9=2557, 99.99=3211] [UPDATE: Count=28033, Max=5455, Min=17, Avg=190.87, 90=321, 99=2149, 99.9=2655, 99.99=3199] 
2024-01-12 21:01:28:151 200 sec: 651735 operations; 5334.6 current ops/sec; est completion in 1 minute [READ: Count=26609, Max=491519, Min=4, Avg=182.72, 90=285, 99=2117, 99.9=2513, 99.99=3097] [UPDATE: Count=26734, Max=3813, Min=18, Avg=188.55, 90=322, 99=2141, 99.9=2605, 99.99=3029] 
2024-01-12 21:01:38:152 210 sec: 704762 operations; 5302.7 current ops/sec; est completion in 1 minute [READ: Count=26534, Max=4307, Min=3, Avg=170.58, 90=342, 99=2039, 99.9=2587, 99.99=3219] [UPDATE: Count=26492, Max=5135, Min=18, Avg=203.01, 90=377, 99=2101, 99.9=2669, 99.99=3403] 
2024-01-12 21:01:48:152 220 sec: 762510 operations; 5774.8 current ops/sec; est completion in 1 minute [READ: Count=28809, Max=6887, Min=3, Avg=152.7, 90=301, 99=1988, 99.9=2559, 99.99=3187] [UPDATE: Count=28939, Max=7331, Min=17, Avg=190.02, 90=344, 99=2059, 99.9=2673, 99.99=3479] 
2024-01-12 21:01:58:152 230 sec: 827663 operations; 6515.3 current ops/sec; est completion in 48 seconds [READ: Count=32526, Max=5455, Min=3, Avg=132.58, 90=222, 99=1934, 99.9=2469, 99.99=3129] [UPDATE: Count=32634, Max=7763, Min=17, Avg=170.97, 90=279, 99=2000, 99.9=2597, 99.99=4139] 
2024-01-12 21:02:08:152 240 sec: 901316 operations; 7365.3 current ops/sec; est completion in 27 seconds [READ: Count=37095, Max=3787, Min=3, Avg=119.5, 90=197, 99=1802, 99.9=2447, 99.99=3177] [UPDATE: Count=36552, Max=5007, Min=16, Avg=148.94, 90=231, 99=1644, 99.9=2447, 99.99=3147] 
2024-01-12 21:02:18:152 250 sec: 994191 operations; 9287.5 current ops/sec; est completion in 2 second [READ: Count=46817, Max=1163, Min=3, Avg=91.14, 90=163, 99=590, 99.9=914, 99.99=983] [UPDATE: Count=46058, Max=1551, Min=16, Avg=121.17, 90=203, 99=603, 99.9=934, 99.99=1036] 
2024-01-12 21:02:20:013 251 sec: 1000000 operations; 3121.44 current ops/sec; [READ: Count=2855, Max=1037, Min=4, Avg=88.22, 90=161, 99=578, 99.9=899, 99.99=1037] [CLEANUP: Count=1, Max=1256447, Min=1255424, Avg=1255936, 90=1256447, 99=1256447, 99.9=1256447, 99.99=1256447] [UPDATE: Count=2946, Max=975, Min=17, Avg=116.25, 90=197, 99=595, 99.9=813, 99.99=975] 
