[OVERALL], RunTime(ms), 116797
[OVERALL], Throughput(ops/sec), 8561.863746500338
[TOTAL_GCS_G1_Young_Generation], Count, 7
[TOTAL_GC_TIME_G1_Young_Generation], Time(ms), 36
[TOTAL_GC_TIME_%_G1_Young_Generation], Time(%), 0.03082270948740122
[TOTAL_GCS_G1_Old_Generation], Count, 0
[TOTAL_GC_TIME_G1_Old_Generation], Time(ms), 0
[TOTAL_GC_TIME_%_G1_Old_Generation], Time(%), 0.0
[TOTAL_GCs], Count, 7
[TOTAL_GC_TIME], Time(ms), 36
[TOTAL_GC_TIME_%], Time(%), 0.03082270948740122
[READ], Operations, 949887
[READ], AverageLatency(us), 76.41990363064238
[READ], MinLatency(us), 3
[READ], MaxLatency(us), 12199
[READ], 95thPercentileLatency(us), 322
[READ], 99thPercentileLatency(us), 1480
[READ], Return=OK, 949887
[CLEANUP], Operations, 1
[CLEANUP], AverageLatency(us), 56368.0
[CLEANUP], MinLatency(us), 56352
[CLEANUP], MaxLatency(us), 56383
[CLEANUP], 95thPercentileLatency(us), 56383
[CLEANUP], 99thPercentileLatency(us), 56383
[INSERT], Operations, 50113
[INSERT], AverageLatency(us), 54.244766826971045
[INSERT], MinLatency(us), 16
[INSERT], MaxLatency(us), 5203
[INSERT], 95thPercentileLatency(us), 75
[INSERT], 99thPercentileLatency(us), 106
[INSERT], Return=OK, 50113
