[WARN]  Running against a source checkout. In order to get our runtime dependencies we'll have to invoke Maven. Depending on the state of your system, this may take ~30-45 seconds
[DEBUG]  Running 'mvn -pl site.ycsb:rocksdb-binding -am package -DskipTests dependency:build-classpath -DincludeScope=compile -Dmdep.outputFilterFile=true'
java -cp /home/user/src/rocksdb-cheops-2024/ycsb/rocksdb/conf:/home/user/src/rocksdb-cheops-2024/ycsb/rocksdb/target/rocksdb-binding-0.18.0-SNAPSHOT.jar:/root/.m2/repository/org/apache/htrace/htrace-core4/4.1.0-incubating/htrace-core4-4.1.0-incubating.jar:/root/.m2/repository/org/slf4j/slf4j-api/1.7.25/slf4j-api-1.7.25.jar:/home/user/src/rocksdb-cheops-2024/rocksdb-ycsb/java/target/rocksdbjni-7.4.3-linux64.jar:/root/.m2/repository/net/jcip/jcip-annotations/1.0/jcip-annotations-1.0.jar:/root/.m2/repository/org/hdrhistogram/HdrHistogram/2.1.4/HdrHistogram-2.1.4.jar:/root/.m2/repository/org/codehaus/jackson/jackson-mapper-asl/1.9.4/jackson-mapper-asl-1.9.4.jar:/lib/libzbd.so.1:/root/.m2/repository/org/codehaus/jackson/jackson-core-asl/1.9.4/jackson-core-asl-1.9.4.jar:/home/user/src/rocksdb-cheops-2024/rocksdb-ycsb/java/target/librocksdbjni-linux64.so:/home/user/src/rocksdb-cheops-2024/ycsb/core/target/core-0.18.0-SNAPSHOT.jar site.ycsb.Client -db site.ycsb.db.rocksdb.RocksDBClient -s -P ./workloads/workloade -p recordcount=5242880 -p operationcount=1000000 -p fieldlength=386 -p fieldcount=10 -t
Command line: -db site.ycsb.db.rocksdb.RocksDBClient -s -P ./workloads/workloade -p recordcount=5242880 -p operationcount=1000000 -p fieldlength=386 -p fieldcount=10 -t
YCSB Client 0.18.0-SNAPSHOT

Loading workload...
Starting test.
SLF4J: Failed to load class "org.slf4j.impl.StaticLoggerBinder".
SLF4J: Defaulting to no-operation (NOP) logger implementation
SLF4J: See http://www.slf4j.org/codes.html#StaticLoggerBinder for further details.
2024-01-12 12:46:10:008 0 sec: 0 operations; est completion in 0 second 
Leet YCSB 
2024-01-12 12:46:19:971 10 sec: 0 operations; est completion in 106751991167300 days 15 hours 
2024-01-12 12:46:29:971 20 sec: 0 operations; est completion in 106751991167300 days 15 hours 
2024-01-12 12:46:39:971 30 sec: 0 operations; est completion in 106751991167300 days 15 hours 
2024-01-12 12:46:49:971 40 sec: 0 operations; est completion in 106751991167300 days 15 hours 
2024-01-12 12:46:59:971 50 sec: 0 operations; est completion in 106751991167300 days 15 hours 
2024-01-12 12:47:09:971 60 sec: 0 operations; est completion in 106751991167300 days 15 hours 
2024-01-12 12:47:19:971 70 sec: 0 operations; est completion in 106751991167300 days 15 hours 
2024-01-12 12:47:29:971 80 sec: 0 operations; est completion in 106751991167300 days 15 hours 
2024-01-12 12:47:39:972 90 sec: 0 operations; est completion in 106751991167300 days 15 hours 
2024-01-12 12:47:49:971 100 sec: 0 operations; est completion in 106751991167300 days 15 hours 
2024-01-12 12:47:59:971 110 sec: 0 operations; est completion in 106751991167300 days 15 hours 
2024-01-12 12:48:09:971 120 sec: 0 operations; est completion in 106751991167300 days 15 hours 
2024-01-12 12:48:19:971 130 sec: 0 operations; est completion in 106751991167300 days 15 hours 
2024-01-12 12:48:29:971 140 sec: 0 operations; est completion in 106751991167300 days 15 hours 
2024-01-12 12:48:39:971 150 sec: 0 operations; est completion in 106751991167300 days 15 hours 
2024-01-12 12:48:49:971 160 sec: 0 operations; est completion in 106751991167300 days 15 hours 
2024-01-12 12:48:59:971 170 sec: 0 operations; est completion in 106751991167300 days 15 hours 
2024-01-12 12:49:09:971 180 sec: 0 operations; est completion in 106751991167300 days 15 hours 
2024-01-12 12:49:19:971 190 sec: 0 operations; est completion in 106751991167300 days 15 hours 
DBWrapper: report latency for each error is false and specific error codes to track for latency are: []
2024-01-12 12:49:29:971 200 sec: 778 operations; 77.8 current ops/sec; est completion in 2 days 23 hours [INSERT: Count=42, Max=1703, Min=53, Avg=553.69, 90=1120, 99=1703, 99.9=1703, 99.99=1703] [SCAN: Count=737, Max=16943, Min=96, Avg=3040.13, 90=4843, 99=6571, 99.9=12223, 99.99=16943] 
2024-01-12 12:49:39:971 210 sec: 5187 operations; 440.9 current ops/sec; est completion in 11 hours 11 minutes [INSERT: Count=227, Max=1870, Min=34, Avg=466.89, 90=963, 99=1549, 99.9=1870, 99.99=1870] [SCAN: Count=4182, Max=8607, Min=43, Avg=2349.79, 90=4359, 99=5383, 99.9=5967, 99.99=8607] 
2024-01-12 12:49:49:971 220 sec: 11290 operations; 610.3 current ops/sec; est completion in 5 hours 21 minutes [INSERT: Count=317, Max=1949, Min=32, Avg=434.09, 90=1018, 99=1796, 99.9=1949, 99.99=1949] [SCAN: Count=5787, Max=5923, Min=41, Avg=1696.56, 90=3543, 99=4895, 99.9=5547, 99.99=5907] 
2024-01-12 12:49:59:971 230 sec: 16717 operations; 542.7 current ops/sec; est completion in 3 hours 45 minutes [INSERT: Count=273, Max=2489, Min=33, Avg=493.82, 90=999, 99=2325, 99.9=2489, 99.99=2489] [SCAN: Count=5153, Max=253695, Min=32, Avg=1906.42, 90=3699, 99=4527, 99.9=4903, 99.99=6559] 
2024-01-12 12:50:09:971 240 sec: 23180 operations; 646.3 current ops/sec; est completion in 2 hours 48 minutes [INSERT: Count=324, Max=2457, Min=33, Avg=544.48, 90=1718, 99=2415, 99.9=2457, 99.99=2457] [SCAN: Count=6138, Max=9191, Min=33, Avg=1593.21, 90=3475, 99=4451, 99.9=4819, 99.99=6671] 
2024-01-12 12:50:19:971 250 sec: 29169 operations; 598.9 current ops/sec; est completion in 2 hours 18 minutes [INSERT: Count=286, Max=2569, Min=36, Avg=510.52, 90=1243, 99=2453, 99.9=2569, 99.99=2569] [SCAN: Count=5704, Max=512511, Min=31, Avg=1721.04, 90=3505, 99=4319, 99.9=4743, 99.99=7791] 
2024-01-12 12:50:29:971 260 sec: 36157 operations; 698.8 current ops/sec; est completion in 1 hour 55 minutes [INSERT: Count=314, Max=2543, Min=36, Avg=496.1, 90=1253, 99=2425, 99.9=2543, 99.99=2543] [SCAN: Count=6675, Max=9023, Min=27, Avg=1468.68, 90=3351, 99=4259, 99.9=5071, 99.99=6931] 
2024-01-12 12:50:39:971 270 sec: 42399 operations; 624.2 current ops/sec; est completion in 1 hour 41 minutes [INSERT: Count=334, Max=5043, Min=32, Avg=500.84, 90=1084, 99=2455, 99.9=5043, 99.99=5043] [SCAN: Count=5907, Max=279807, Min=30, Avg=1658.2, 90=3503, 99=4343, 99.9=6263, 99.99=9463] 
2024-01-12 12:50:49:971 280 sec: 49758 operations; 735.9 current ops/sec; est completion in 1 hour 29 minutes [INSERT: Count=385, Max=2805, Min=31, Avg=443.51, 90=989, 99=2275, 99.9=2805, 99.99=2805] [SCAN: Count=6976, Max=7695, Min=24, Avg=1403.53, 90=3151, 99=4115, 99.9=5675, 99.99=7475] 
2024-01-12 12:50:59:971 290 sec: 58093 operations; 833.5 current ops/sec; est completion in 1 hour 18 minutes [INSERT: Count=398, Max=2609, Min=26, Avg=489.34, 90=1230, 99=2371, 99.9=2609, 99.99=2609] [SCAN: Count=7936, Max=6275, Min=20, Avg=1230.07, 90=2903, 99=4009, 99.9=4483, 99.99=5747] 
2024-01-12 12:51:09:971 300 sec: 65683 operations; 759 current ops/sec; est completion in 1 hour 11 minutes [INSERT: Count=422, Max=2827, Min=27, Avg=546.92, 90=1695, 99=2485, 99.9=2827, 99.99=2827] [SCAN: Count=7167, Max=813055, Min=28, Avg=1358.47, 90=3067, 99=4077, 99.9=4427, 99.99=7907] 
2024-01-12 12:51:19:971 310 sec: 74111 operations; 842.8 current ops/sec; est completion in 1 hour 4 minutes [INSERT: Count=416, Max=2547, Min=29, Avg=450.79, 90=787, 99=2411, 99.9=2547, 99.99=2547] [SCAN: Count=8012, Max=7543, Min=31, Avg=1220.95, 90=3037, 99=3899, 99.9=5015, 99.99=5587] 
2024-01-12 12:51:29:971 320 sec: 83193 operations; 908.2 current ops/sec; est completion in 58 minutes [INSERT: Count=466, Max=2519, Min=31, Avg=500.41, 90=1498, 99=2381, 99.9=2519, 99.99=2519] [SCAN: Count=8616, Max=6819, Min=33, Avg=1129.83, 90=2769, 99=3787, 99.9=4627, 99.99=6587] 
2024-01-12 12:51:39:971 330 sec: 94008 operations; 1081.5 current ops/sec; est completion in 53 minutes [INSERT: Count=561, Max=3381, Min=28, Avg=524.11, 90=1692, 99=2421, 99.9=2517, 99.99=3381] [SCAN: Count=10253, Max=6679, Min=14, Avg=927.3, 90=2273, 99=3621, 99.9=4339, 99.99=6039] 
2024-01-12 12:51:49:971 340 sec: 105497 operations; 1148.9 current ops/sec; est completion in 48 minutes [INSERT: Count=559, Max=631, Min=27, Avg=316.41, 90=603, 99=615, 99.9=630, 99.99=631] [SCAN: Count=10932, Max=796159, Min=20, Avg=909.72, 90=1521, 99=1935, 99.9=3069, 99.99=5699] 
2024-01-12 12:51:59:971 350 sec: 118831 operations; 1333.4 current ops/sec; est completion in 43 minutes [INSERT: Count=704, Max=2955, Min=27, Avg=316.02, 90=597, 99=614, 99.9=644, 99.99=2955] [SCAN: Count=12629, Max=4439, Min=23, Avg=770.71, 90=1408, 99=1830, 99.9=2307, 99.99=4247] 
2024-01-12 12:52:09:971 360 sec: 132729 operations; 1389.8 current ops/sec; est completion in 39 minutes [INSERT: Count=712, Max=679, Min=27, Avg=311.49, 90=593, 99=617, 99.9=634, 99.99=679] [SCAN: Count=13186, Max=4415, Min=20, Avg=738.22, 90=1348, 99=1785, 99.9=2121, 99.99=4203] 
2024-01-12 12:52:19:971 370 sec: 147357 operations; 1462.8 current ops/sec; est completion in 35 minutes [INSERT: Count=721, Max=2999, Min=27, Avg=318.14, 90=596, 99=615, 99.9=2831, 99.99=2999] [SCAN: Count=13909, Max=4013, Min=21, Avg=699.36, 90=1254, 99=1718, 99.9=2135, 99.99=3763] 
2024-01-12 12:52:29:971 380 sec: 162973 operations; 1561.6 current ops/sec; est completion in 32 minutes [INSERT: Count=743, Max=643, Min=24, Avg=310.92, 90=596, 99=618, 99.9=636, 99.99=643] [SCAN: Count=14873, Max=4049, Min=15, Avg=653.72, 90=1161, 99=1655, 99.9=2129, 99.99=3871] 
2024-01-12 12:52:39:971 390 sec: 179288 operations; 1631.5 current ops/sec; est completion in 29 minutes [INSERT: Count=839, Max=2911, Min=25, Avg=310.94, 90=591, 99=621, 99.9=636, 99.99=2911] [SCAN: Count=15475, Max=4023, Min=17, Avg=626.3, 90=1105, 99=1583, 99.9=1933, 99.99=3685] 
2024-01-12 12:52:49:971 400 sec: 195380 operations; 1609.2 current ops/sec; est completion in 27 minutes [INSERT: Count=796, Max=632, Min=22, Avg=307.2, 90=584, 99=603, 99.9=610, 99.99=632] [SCAN: Count=15296, Max=2837, Min=19, Avg=634.74, 90=1104, 99=1566, 99.9=1913, 99.99=2541] 
2024-01-12 12:52:59:972 410 sec: 211904 operations; 1652.4 current ops/sec; est completion in 25 minutes [INSERT: Count=832, Max=650, Min=25, Avg=310.14, 90=590, 99=616, 99.9=631, 99.99=650] [SCAN: Count=15693, Max=5575, Min=12, Avg=617.76, 90=1066, 99=1519, 99.9=1877, 99.99=2727] 
2024-01-12 12:53:09:971 420 sec: 228979 operations; 1707.5 current ops/sec; est completion in 23 minutes [INSERT: Count=910, Max=631, Min=24, Avg=310.43, 90=589, 99=617, 99.9=627, 99.99=631] [SCAN: Count=16164, Max=2601, Min=21, Avg=598.14, 90=1037, 99=1472, 99.9=1755, 99.99=2379] 
2024-01-12 12:53:19:971 430 sec: 246217 operations; 1723.8 current ops/sec; est completion in 21 minutes [INSERT: Count=834, Max=631, Min=27, Avg=314.02, 90=595, 99=619, 99.9=627, 99.99=631] [SCAN: Count=16403, Max=3695, Min=21, Avg=590.76, 90=1024, 99=1436, 99.9=1891, 99.99=3105] 
2024-01-12 12:53:29:971 440 sec: 264476 operations; 1825.9 current ops/sec; est completion in 20 minutes [INSERT: Count=919, Max=653, Min=28, Avg=319.67, 90=613, 99=636, 99.9=649, 99.99=653] [SCAN: Count=17341, Max=3495, Min=13, Avg=556.85, 90=971, 99=1362, 99.9=1806, 99.99=2939] 
2024-01-12 12:53:39:971 450 sec: 284081 operations; 1960.5 current ops/sec; est completion in 18 minutes [INSERT: Count=994, Max=970, Min=27, Avg=321.45, 90=616, 99=638, 99.9=650, 99.99=970] [SCAN: Count=18610, Max=2473, Min=17, Avg=517.37, 90=890, 99=1278, 99.9=1593, 99.99=2371] 
2024-01-12 12:53:49:971 460 sec: 304375 operations; 2029.4 current ops/sec; est completion in 17 minutes [INSERT: Count=1078, Max=659, Min=29, Avg=319.99, 90=616, 99=637, 99.9=656, 99.99=659] [SCAN: Count=19217, Max=2531, Min=19, Avg=499.7, 90=866, 99=1212, 99.9=1586, 99.99=2167] 
2024-01-12 12:53:59:971 470 sec: 324894 operations; 2051.9 current ops/sec; est completion in 16 minutes [INSERT: Count=1064, Max=662, Min=26, Avg=321.94, 90=618, 99=637, 99.9=649, 99.99=662] [SCAN: Count=19455, Max=2557, Min=15, Avg=493.72, 90=855, 99=1156, 99.9=1497, 99.99=2385] 
2024-01-12 12:54:09:971 480 sec: 345629 operations; 2073.5 current ops/sec; est completion in 15 minutes [INSERT: Count=988, Max=748, Min=26, Avg=324.34, 90=623, 99=646, 99.9=683, 99.99=748] [SCAN: Count=19745, Max=3081, Min=18, Avg=487.51, 90=849, 99=1156, 99.9=1465, 99.99=2331] 
2024-01-12 12:54:19:971 490 sec: 366568 operations; 2093.9 current ops/sec; est completion in 14 minutes [INSERT: Count=1017, Max=666, Min=28, Avg=323.41, 90=620, 99=644, 99.9=653, 99.99=666] [SCAN: Count=19923, Max=2609, Min=17, Avg=482.81, 90=839, 99=1091, 99.9=1422, 99.99=2457] 
2024-01-12 12:54:29:971 500 sec: 387703 operations; 2113.5 current ops/sec; est completion in 13 minutes [INSERT: Count=1025, Max=678, Min=27, Avg=323.45, 90=621, 99=638, 99.9=655, 99.99=678] [SCAN: Count=20111, Max=2369, Min=21, Avg=478.11, 90=832, 99=1062, 99.9=1373, 99.99=2217] 
2024-01-12 12:54:39:971 510 sec: 408968 operations; 2126.5 current ops/sec; est completion in 12 minutes [INSERT: Count=1071, Max=687, Min=29, Avg=323.49, 90=620, 99=646, 99.9=670, 99.99=687] [SCAN: Count=20193, Max=2393, Min=16, Avg=475.43, 90=832, 99=1046, 99.9=1363, 99.99=2231] 
2024-01-12 12:54:49:971 520 sec: 430308 operations; 2134 current ops/sec; est completion in 11 minutes [INSERT: Count=1122, Max=686, Min=27, Avg=322.81, 90=619, 99=640, 99.9=672, 99.99=686] [SCAN: Count=20218, Max=2545, Min=18, Avg=474.07, 90=828, 99=1008, 99.9=1340, 99.99=2479] 
2024-01-12 12:54:59:971 530 sec: 451780 operations; 2147.2 current ops/sec; est completion in 10 minutes [INSERT: Count=1170, Max=665, Min=28, Avg=323.82, 90=621, 99=643, 99.9=663, 99.99=665] [SCAN: Count=20301, Max=2445, Min=16, Avg=471.25, 90=822, 99=1002, 99.9=1302, 99.99=2139] 
2024-01-12 12:55:09:971 540 sec: 473411 operations; 2163.1 current ops/sec; est completion in 10 minutes [INSERT: Count=1085, Max=657, Min=24, Avg=324.95, 90=623, 99=644, 99.9=656, 99.99=657] [SCAN: Count=20547, Max=2569, Min=20, Avg=466.95, 90=816, 99=984, 99.9=1292, 99.99=1934] 
2024-01-12 12:55:19:971 550 sec: 495160 operations; 2174.9 current ops/sec; est completion in 9 minutes [INSERT: Count=1063, Max=910, Min=26, Avg=325.78, 90=626, 99=652, 99.9=665, 99.99=910] [SCAN: Count=20685, Max=2863, Min=15, Avg=464.08, 90=810, 99=967, 99.9=1301, 99.99=2215] 
2024-01-12 12:55:29:971 560 sec: 516908 operations; 2174.8 current ops/sec; est completion in 8 minutes [INSERT: Count=1098, Max=802, Min=29, Avg=326.39, 90=625, 99=653, 99.9=679, 99.99=802] [SCAN: Count=20652, Max=2661, Min=17, Avg=464.3, 90=809, 99=963, 99.9=1273, 99.99=2327] 
2024-01-12 12:55:39:971 570 sec: 538690 operations; 2178.2 current ops/sec; est completion in 8 minutes [INSERT: Count=1092, Max=693, Min=27, Avg=327.1, 90=628, 99=651, 99.9=673, 99.99=693] [SCAN: Count=20688, Max=6395, Min=19, Avg=463.45, 90=806, 99=957, 99.9=1201, 99.99=3083] 
2024-01-12 12:55:49:971 580 sec: 560393 operations; 2170.3 current ops/sec; est completion in 7 minutes [INSERT: Count=1123, Max=685, Min=27, Avg=326.8, 90=628, 99=652, 99.9=673, 99.99=685] [SCAN: Count=20581, Max=6083, Min=16, Avg=465.47, 90=810, 99=959, 99.9=1231, 99.99=5275] 
2024-01-12 12:55:59:971 590 sec: 582196 operations; 2180.3 current ops/sec; est completion in 7 minutes [INSERT: Count=1075, Max=674, Min=22, Avg=327.97, 90=629, 99=651, 99.9=670, 99.99=674] [SCAN: Count=20727, Max=16047, Min=19, Avg=462.86, 90=802, 99=948, 99.9=1232, 99.99=3115] 
2024-01-12 12:56:09:971 600 sec: 604422 operations; 2222.6 current ops/sec; est completion in 6 minutes [INSERT: Count=1098, Max=696, Min=25, Avg=321.53, 90=622, 99=647, 99.9=659, 99.99=696] [SCAN: Count=21129, Max=3211, Min=16, Avg=454, 90=801, 99=944, 99.9=1344, 99.99=2973] 
2024-01-12 12:56:19:971 610 sec: 626424 operations; 2200.2 current ops/sec; est completion in 6 minutes [INSERT: Count=1173, Max=669, Min=22, Avg=323.27, 90=624, 99=649, 99.9=663, 99.99=669] [SCAN: Count=20830, Max=3873, Min=17, Avg=459.33, 90=797, 99=942, 99.9=1289, 99.99=3251] 
2024-01-12 12:56:29:971 620 sec: 648466 operations; 2204.2 current ops/sec; est completion in 5 minutes [INSERT: Count=1148, Max=2887, Min=27, Avg=325.98, 90=624, 99=657, 99.9=669, 99.99=2887] [SCAN: Count=20894, Max=3585, Min=12, Avg=458.01, 90=796, 99=937, 99.9=1176, 99.99=3543] 
2024-01-12 12:56:39:971 630 sec: 670559 operations; 2209.3 current ops/sec; est completion in 5 minutes [INSERT: Count=1133, Max=1280, Min=24, Avg=325.03, 90=626, 99=654, 99.9=810, 99.99=1280] [SCAN: Count=20959, Max=4005, Min=16, Avg=457.03, 90=796, 99=931, 99.9=1156, 99.99=3455] 
2024-01-12 12:56:49:971 640 sec: 692845 operations; 2228.6 current ops/sec; est completion in 4 minutes [INSERT: Count=1185, Max=4923, Min=23, Avg=327.27, 90=624, 99=651, 99.9=2333, 99.99=4923] [SCAN: Count=21105, Max=2419, Min=18, Avg=452.97, 90=794, 99=925, 99.9=1083, 99.99=2005] 
2024-01-12 12:56:59:971 650 sec: 714988 operations; 2214.3 current ops/sec; est completion in 4 minutes [INSERT: Count=1055, Max=1046, Min=26, Avg=328.53, 90=630, 99=658, 99.9=687, 99.99=1046] [SCAN: Count=21084, Max=5415, Min=18, Avg=455.3, 90=791, 99=926, 99.9=1112, 99.99=2389] 
2024-01-12 12:57:09:971 660 sec: 737101 operations; 2211.3 current ops/sec; est completion in 3 minutes [INSERT: Count=1080, Max=1688, Min=21, Avg=327.31, 90=629, 99=656, 99.9=1150, 99.99=1688] [SCAN: Count=21034, Max=2657, Min=13, Avg=456.14, 90=793, 99=929, 99.9=1039, 99.99=2263] 
2024-01-12 12:57:19:971 670 sec: 759483 operations; 2238.2 current ops/sec; est completion in 3 minutes [INSERT: Count=1114, Max=2637, Min=27, Avg=330.38, 90=630, 99=658, 99.9=1048, 99.99=2637] [SCAN: Count=21267, Max=2517, Min=13, Avg=450.37, 90=795, 99=933, 99.9=1059, 99.99=2385] 
2024-01-12 12:57:29:971 680 sec: 781841 operations; 2235.8 current ops/sec; est completion in 3 minutes [INSERT: Count=1046, Max=2819, Min=28, Avg=334.14, 90=631, 99=659, 99.9=1907, 99.99=2819] [SCAN: Count=21312, Max=2377, Min=18, Avg=450.34, 90=789, 99=922, 99.9=1047, 99.99=2211] 
2024-01-12 12:57:39:971 690 sec: 804049 operations; 2220.8 current ops/sec; est completion in 2 minutes [INSERT: Count=1092, Max=1737, Min=27, Avg=329.93, 90=632, 99=658, 99.9=709, 99.99=1737] [SCAN: Count=21116, Max=4055, Min=19, Avg=454.02, 90=793, 99=929, 99.9=1096, 99.99=2535] 
2024-01-12 12:57:49:971 700 sec: 826123 operations; 2207.4 current ops/sec; est completion in 2 minutes [INSERT: Count=1137, Max=663, Min=29, Avg=327.68, 90=631, 99=654, 99.9=663, 99.99=663] [SCAN: Count=20939, Max=2923, Min=18, Avg=457.28, 90=794, 99=932, 99.9=1099, 99.99=2771] 
2024-01-12 12:57:59:971 710 sec: 848400 operations; 2227.7 current ops/sec; est completion in 2 minutes [INSERT: Count=1147, Max=673, Min=28, Avg=325.05, 90=626, 99=656, 99.9=668, 99.99=673] [SCAN: Count=21128, Max=14455, Min=16, Avg=453.09, 90=793, 99=927, 99.9=1047, 99.99=2535] 
2024-01-12 12:58:09:971 720 sec: 870497 operations; 2209.7 current ops/sec; est completion in 1 minute [INSERT: Count=1022, Max=684, Min=26, Avg=327.65, 90=633, 99=659, 99.9=676, 99.99=684] [SCAN: Count=21075, Max=2649, Min=16, Avg=456.08, 90=793, 99=932, 99.9=1160, 99.99=2569] 
2024-01-12 12:58:19:971 730 sec: 892160 operations; 2166.3 current ops/sec; est completion in 1 minute [INSERT: Count=1071, Max=680, Min=27, Avg=329.52, 90=634, 99=659, 99.9=677, 99.99=680] [SCAN: Count=20593, Max=2601, Min=15, Avg=465.88, 90=809, 99=1007, 99.9=1254, 99.99=2299] 
2024-01-12 12:58:29:971 740 sec: 914081 operations; 2192.1 current ops/sec; est completion in 1 minute [INSERT: Count=1022, Max=1252, Min=26, Avg=329.49, 90=633, 99=662, 99.9=688, 99.99=1252] [SCAN: Count=20898, Max=2579, Min=18, Avg=459.81, 90=800, 99=961, 99.9=1234, 99.99=2343] 
2024-01-12 12:58:39:971 750 sec: 936352 operations; 2227.1 current ops/sec; est completion in 51 seconds [INSERT: Count=1130, Max=671, Min=26, Avg=327.94, 90=631, 99=656, 99.9=668, 99.99=671] [SCAN: Count=21141, Max=2449, Min=17, Avg=452.94, 90=790, 99=925, 99.9=1029, 99.99=2179] 
2024-01-12 12:58:49:971 760 sec: 958597 operations; 2224.5 current ops/sec; est completion in 33 seconds [INSERT: Count=1073, Max=677, Min=28, Avg=328.48, 90=632, 99=656, 99.9=673, 99.99=677] [SCAN: Count=21171, Max=2507, Min=17, Avg=453.14, 90=792, 99=926, 99.9=1050, 99.99=2221] 
2024-01-12 12:58:59:971 770 sec: 980879 operations; 2228.2 current ops/sec; est completion in 16 seconds [INSERT: Count=1103, Max=671, Min=28, Avg=327.65, 90=631, 99=655, 99.9=668, 99.99=671] [SCAN: Count=21180, Max=2403, Min=19, Avg=452.57, 90=792, 99=926, 99.9=1084, 99.99=2327] 
2024-01-12 12:59:08:623 778 sec: 1000000 operations; 2210.01 current ops/sec; [CLEANUP: Count=1, Max=13887, Min=13880, Avg=13884, 90=13887, 99=13887, 99.9=13887, 99.99=13887] [INSERT: Count=914, Max=680, Min=23, Avg=326.9, 90=633, 99=656, 99.9=678, 99.99=680] [SCAN: Count=18206, Max=2581, Min=20, Avg=455.42, 90=794, 99=935, 99.9=1157, 99.99=2121] 
