[WARN]  Running against a source checkout. In order to get our runtime dependencies we'll have to invoke Maven. Depending on the state of your system, this may take ~30-45 seconds
[DEBUG]  Running 'mvn -pl site.ycsb:rocksdb-binding -am package -DskipTests dependency:build-classpath -DincludeScope=compile -Dmdep.outputFilterFile=true'
java -cp /home/user/src/rocksdb-cheops-2024/ycsb/rocksdb/conf:/home/user/src/rocksdb-cheops-2024/ycsb/rocksdb/target/rocksdb-binding-0.18.0-SNAPSHOT.jar:/root/.m2/repository/org/apache/htrace/htrace-core4/4.1.0-incubating/htrace-core4-4.1.0-incubating.jar:/root/.m2/repository/org/slf4j/slf4j-api/1.7.25/slf4j-api-1.7.25.jar:/home/user/src/rocksdb-cheops-2024/rocksdb-ycsb/java/target/rocksdbjni-7.4.3-linux64.jar:/root/.m2/repository/net/jcip/jcip-annotations/1.0/jcip-annotations-1.0.jar:/root/.m2/repository/org/hdrhistogram/HdrHistogram/2.1.4/HdrHistogram-2.1.4.jar:/root/.m2/repository/org/codehaus/jackson/jackson-mapper-asl/1.9.4/jackson-mapper-asl-1.9.4.jar:/lib/libzbd.so.1:/root/.m2/repository/org/codehaus/jackson/jackson-core-asl/1.9.4/jackson-core-asl-1.9.4.jar:/home/user/src/rocksdb-cheops-2024/rocksdb-ycsb/java/target/librocksdbjni-linux64.so:/home/user/src/rocksdb-cheops-2024/ycsb/core/target/core-0.18.0-SNAPSHOT.jar site.ycsb.Client -db site.ycsb.db.rocksdb.RocksDBClient -s -P ./workloads/workloadb -p recordcount=26214400 -p operationcount=1000000 -p fieldlength=100 -p fieldcount=10 -load
Command line: -db site.ycsb.db.rocksdb.RocksDBClient -s -P ./workloads/workloadb -p recordcount=26214400 -p operationcount=1000000 -p fieldlength=100 -p fieldcount=10 -load
YCSB Client 0.18.0-SNAPSHOT

Loading workload...
Starting test.
SLF4J: Failed to load class "org.slf4j.impl.StaticLoggerBinder".
SLF4J: Defaulting to no-operation (NOP) logger implementation
SLF4J: See http://www.slf4j.org/codes.html#StaticLoggerBinder for further details.
2024-01-13 11:50:15:910 0 sec: 0 operations; est completion in 0 second 
Leet YCSB 
DBWrapper: report latency for each error is false and specific error codes to track for latency are: []
2024-01-13 11:50:25:871 10 sec: 348371 operations; 34837.1 current ops/sec; est completion in 12 minutes [INSERT: Count=348498, Max=12311, Min=6, Avg=17.14, 90=43, 99=51, 99.9=61, 99.99=92] 
2024-01-13 11:50:35:870 20 sec: 895995 operations; 54762.4 current ops/sec; est completion in 9 minutes [INSERT: Count=547532, Max=5063, Min=7, Avg=16.8, 90=43, 99=49, 99.9=58, 99.99=67] 
2024-01-13 11:50:45:870 30 sec: 1383335 operations; 48734 current ops/sec; est completion in 8 minutes [INSERT: Count=487340, Max=31407, Min=7, Avg=19, 90=44, 99=52, 99.9=61, 99.99=86] 
2024-01-13 11:50:55:870 40 sec: 1856520 operations; 47318.5 current ops/sec; est completion in 8 minutes [INSERT: Count=473189, Max=5247, Min=6, Avg=19.62, 90=45, 99=55, 99.9=63, 99.99=85] 
2024-01-13 11:51:05:870 50 sec: 2416270 operations; 55975 current ops/sec; est completion in 8 minutes [INSERT: Count=559745, Max=1763, Min=6, Avg=16.38, 90=43, 99=50, 99.9=58, 99.99=68] 
2024-01-13 11:51:15:870 60 sec: 2951046 operations; 53477.6 current ops/sec; est completion in 7 minutes [INSERT: Count=534776, Max=28303, Min=7, Avg=17.25, 90=43, 99=52, 99.9=60, 99.99=69] 
2024-01-13 11:51:25:870 70 sec: 3468006 operations; 51696 current ops/sec; est completion in 7 minutes [INSERT: Count=516955, Max=1825, Min=7, Avg=17.89, 90=45, 99=52, 99.9=61, 99.99=74] 
2024-01-13 11:51:35:870 80 sec: 3985911 operations; 51790.5 current ops/sec; est completion in 7 minutes [INSERT: Count=517906, Max=1848, Min=6, Avg=17.83, 90=44, 99=97, 99.9=164, 99.99=1425] 
2024-01-13 11:51:45:870 90 sec: 4556716 operations; 57080.5 current ops/sec; est completion in 7 minutes [INSERT: Count=570808, Max=2613, Min=7, Avg=16.01, 90=42, 99=47, 99.9=80, 99.99=166] 
2024-01-13 11:51:55:870 100 sec: 5089559 operations; 53284.3 current ops/sec; est completion in 6 minutes [INSERT: Count=532840, Max=18623, Min=7, Avg=17.24, 90=44, 99=54, 99.9=61, 99.99=75] 
2024-01-13 11:52:05:870 110 sec: 5659811 operations; 57025.2 current ops/sec; est completion in 6 minutes [INSERT: Count=570258, Max=2575, Min=6, Avg=16.02, 90=42, 99=48, 99.9=55, 99.99=66] 
2024-01-13 11:52:15:870 120 sec: 6227065 operations; 56725.4 current ops/sec; est completion in 6 minutes [INSERT: Count=567248, Max=27887, Min=7, Avg=16.1, 90=42, 99=46, 99.9=55, 99.99=94] 
2024-01-13 11:52:25:884 130 sec: 6726582 operations; 49941.71 current ops/sec; est completion in 6 minutes [INSERT: Count=499649, Max=19839, Min=7, Avg=18.35, 90=43, 99=49, 99.9=82, 99.99=1377] 
2024-01-13 11:52:35:870 140 sec: 7280792 operations; 55432.09 current ops/sec; est completion in 6 minutes [INSERT: Count=554095, Max=7147, Min=6, Avg=16.49, 90=42, 99=49, 99.9=110, 99.99=1174] 
2024-01-13 11:52:45:883 150 sec: 7805805 operations; 52501.3 current ops/sec; est completion in 5 minutes [INSERT: Count=525058, Max=19455, Min=6, Avg=17.47, 90=42, 99=99, 99.9=164, 99.99=1470] 
2024-01-13 11:52:55:870 160 sec: 8306755 operations; 50095 current ops/sec; est completion in 5 minutes [INSERT: Count=500889, Max=19567, Min=7, Avg=18.33, 90=44, 99=67, 99.9=95, 99.99=1300] 
2024-01-13 11:53:05:870 170 sec: 8806222 operations; 49946.7 current ops/sec; est completion in 5 minutes [INSERT: Count=499463, Max=4511, Min=7, Avg=18.55, 90=44, 99=67, 99.9=96, 99.99=150] 
2024-01-13 11:53:15:870 180 sec: 9341825 operations; 53560.3 current ops/sec; est completion in 5 minutes [INSERT: Count=535622, Max=5559, Min=6, Avg=17.15, 90=43, 99=59, 99.9=95, 99.99=158] 
2024-01-13 11:53:25:873 190 sec: 9930936 operations; 58905.21 current ops/sec; est completion in 5 minutes [INSERT: Count=589101, Max=7395, Min=7, Avg=15.46, 90=42, 99=46, 99.9=55, 99.99=63] 
2024-01-13 11:53:35:870 200 sec: 10496275 operations; 56539.55 current ops/sec; est completion in 5 minutes [INSERT: Count=565336, Max=18031, Min=7, Avg=16.21, 90=42, 99=47, 99.9=56, 99.99=65] 
2024-01-13 11:53:45:870 210 sec: 11065195 operations; 56892 current ops/sec; est completion in 4 minutes [INSERT: Count=568923, Max=3077, Min=6, Avg=16.11, 90=42, 99=50, 99.9=143, 99.99=182] 
2024-01-13 11:53:55:870 220 sec: 11609653 operations; 54445.8 current ops/sec; est completion in 4 minutes [INSERT: Count=544455, Max=5063, Min=7, Avg=16.9, 90=42, 99=94, 99.9=160, 99.99=189] 
2024-01-13 11:54:05:870 230 sec: 12108556 operations; 49890.3 current ops/sec; est completion in 4 minutes [INSERT: Count=498899, Max=18271, Min=7, Avg=18.56, 90=45, 99=67, 99.9=164, 99.99=189] 
2024-01-13 11:54:15:870 240 sec: 12601648 operations; 49309.2 current ops/sec; est completion in 4 minutes [INSERT: Count=493094, Max=1634, Min=7, Avg=18.8, 90=44, 99=63, 99.9=162, 99.99=186] 
2024-01-13 11:54:25:870 250 sec: 13188036 operations; 58638.8 current ops/sec; est completion in 4 minutes [INSERT: Count=586393, Max=1942, Min=6, Avg=15.59, 90=41, 99=48, 99.9=147, 99.99=183] 
2024-01-13 11:54:35:870 260 sec: 13763490 operations; 57545.4 current ops/sec; est completion in 3 minutes [INSERT: Count=575442, Max=18735, Min=7, Avg=15.88, 90=41, 99=50, 99.9=59, 99.99=71] 
2024-01-13 11:54:45:870 270 sec: 14275476 operations; 51198.6 current ops/sec; est completion in 3 minutes [INSERT: Count=511987, Max=4859, Min=7, Avg=17.96, 90=48, 99=54, 99.9=64, 99.99=77] 
2024-01-13 11:54:55:870 280 sec: 14794916 operations; 51944 current ops/sec; est completion in 3 minutes [INSERT: Count=519444, Max=3251, Min=7, Avg=17.64, 90=48, 99=90, 99.9=167, 99.99=190] 
2024-01-13 11:55:05:870 290 sec: 15305969 operations; 51105.3 current ops/sec; est completion in 3 minutes [INSERT: Count=511055, Max=15135, Min=7, Avg=18, 90=43, 99=86, 99.9=164, 99.99=1275] 
2024-01-13 11:55:15:870 300 sec: 15784565 operations; 47859.6 current ops/sec; est completion in 3 minutes [INSERT: Count=478589, Max=18463, Min=7, Avg=19.37, 90=45, 99=70, 99.9=158, 99.99=188] 
2024-01-13 11:55:25:870 310 sec: 16271084 operations; 48651.9 current ops/sec; est completion in 3 minutes [INSERT: Count=486529, Max=2193, Min=6, Avg=19.02, 90=45, 99=62, 99.9=156, 99.99=190] 
2024-01-13 11:55:35:870 320 sec: 16835551 operations; 56446.7 current ops/sec; est completion in 2 minutes [INSERT: Count=564461, Max=1931, Min=6, Avg=16.19, 90=42, 99=56, 99.9=146, 99.99=183] 
2024-01-13 11:55:45:870 330 sec: 17347607 operations; 51205.6 current ops/sec; est completion in 2 minutes [INSERT: Count=512049, Max=18015, Min=7, Avg=18, 90=44, 99=56, 99.9=148, 99.99=184] 
2024-01-13 11:55:55:870 340 sec: 17876398 operations; 52879.1 current ops/sec; est completion in 2 minutes [INSERT: Count=528793, Max=4371, Min=7, Avg=17.4, 90=44, 99=53, 99.9=60, 99.99=77] 
2024-01-13 11:56:05:870 350 sec: 18430328 operations; 55393 current ops/sec; est completion in 2 minutes [INSERT: Count=553921, Max=1642, Min=6, Avg=16.53, 90=42, 99=96, 99.9=156, 99.99=183] 
2024-01-13 11:56:15:870 360 sec: 18948538 operations; 51821 current ops/sec; est completion in 2 minutes [INSERT: Count=518210, Max=1673, Min=7, Avg=17.78, 90=43, 99=78, 99.9=162, 99.99=187] 
2024-01-13 11:56:25:870 370 sec: 19440392 operations; 49185.4 current ops/sec; est completion in 2 minutes [INSERT: Count=491865, Max=17215, Min=7, Avg=18.87, 90=49, 99=67, 99.9=166, 99.99=187] 
2024-01-13 11:56:35:870 380 sec: 19955330 operations; 51493.8 current ops/sec; est completion in 2 minutes [INSERT: Count=514943, Max=3233, Min=6, Avg=17.95, 90=45, 99=62, 99.9=161, 99.99=183] 
2024-01-13 11:56:45:870 390 sec: 20524449 operations; 56911.9 current ops/sec; est completion in 1 minute [INSERT: Count=569111, Max=1527, Min=6, Avg=16.12, 90=42, 99=54, 99.9=153, 99.99=183] 
2024-01-13 11:56:55:870 400 sec: 21034949 operations; 51050 current ops/sec; est completion in 1 minute [INSERT: Count=510497, Max=17295, Min=7, Avg=18.11, 90=44, 99=64, 99.9=162, 99.99=185] 
2024-01-13 11:57:05:870 410 sec: 21523314 operations; 48836.5 current ops/sec; est completion in 1 minute [INSERT: Count=488363, Max=4039, Min=7, Avg=18.98, 90=48, 99=71, 99.9=101, 99.99=1250] 
2024-01-13 11:57:15:870 420 sec: 22037136 operations; 51382.2 current ops/sec; est completion in 1 minute [INSERT: Count=513833, Max=8391, Min=6, Avg=17.94, 90=44, 99=98, 99.9=175, 99.99=1272] 
2024-01-13 11:57:25:870 430 sec: 22538626 operations; 50149 current ops/sec; est completion in 1 minute [INSERT: Count=501572, Max=13863, Min=7, Avg=18.38, 90=44, 99=77, 99.9=163, 99.99=1315] 
2024-01-13 11:57:35:870 440 sec: 23034156 operations; 49553 current ops/sec; est completion in 1 minute [INSERT: Count=495436, Max=22111, Min=7, Avg=18.67, 90=43, 99=70, 99.9=162, 99.99=230] 
2024-01-13 11:57:45:870 450 sec: 23538496 operations; 50434 current ops/sec; est completion in 52 seconds [INSERT: Count=504344, Max=6631, Min=6, Avg=18.31, 90=43, 99=61, 99.9=160, 99.99=185] 
2024-01-13 11:57:55:870 460 sec: 24068666 operations; 53017 current ops/sec; est completion in 42 seconds [INSERT: Count=530170, Max=1778, Min=6, Avg=17.33, 90=43, 99=60, 99.9=159, 99.99=184] 
2024-01-13 11:58:05:870 470 sec: 24570509 operations; 50184.3 current ops/sec; est completion in 32 seconds [INSERT: Count=501842, Max=20303, Min=7, Avg=18.38, 90=45, 99=70, 99.9=163, 99.99=186] 
2024-01-13 11:58:15:870 480 sec: 25065640 operations; 49513.1 current ops/sec; est completion in 22 seconds [INSERT: Count=495130, Max=3453, Min=7, Avg=18.67, 90=45, 99=68, 99.9=163, 99.99=186] 
2024-01-13 11:58:25:870 490 sec: 25559229 operations; 49358.9 current ops/sec; est completion in 13 seconds [INSERT: Count=493595, Max=15703, Min=6, Avg=18.73, 90=44, 99=117, 99.9=195, 99.99=380] 
2024-01-13 11:58:35:870 500 sec: 26082906 operations; 52367.7 current ops/sec; est completion in 3 second [INSERT: Count=523677, Max=2725, Min=7, Avg=17.58, 90=44, 99=79, 99.9=159, 99.99=323] 
2024-01-13 11:58:38:511 502 sec: 26214400 operations; 49789.47 current ops/sec; [CLEANUP: Count=1, Max=121535, Min=121472, Avg=121504, 90=121535, 99=121535, 99.9=121535, 99.99=121535] [INSERT: Count=131470, Max=1391, Min=7, Avg=17.68, 90=45, 99=67, 99.9=96, 99.99=109] 
