[WARN]  Running against a source checkout. In order to get our runtime dependencies we'll have to invoke Maven. Depending on the state of your system, this may take ~30-45 seconds
[DEBUG]  Running 'mvn -pl site.ycsb:rocksdb-binding -am package -DskipTests dependency:build-classpath -DincludeScope=compile -Dmdep.outputFilterFile=true'
java -cp /home/user/src/rocksdb-cheops-2024/ycsb/rocksdb/conf:/home/user/src/rocksdb-cheops-2024/ycsb/rocksdb/target/rocksdb-binding-0.18.0-SNAPSHOT.jar:/root/.m2/repository/org/apache/htrace/htrace-core4/4.1.0-incubating/htrace-core4-4.1.0-incubating.jar:/root/.m2/repository/org/slf4j/slf4j-api/1.7.25/slf4j-api-1.7.25.jar:/home/user/src/rocksdb-cheops-2024/rocksdb-ycsb/java/target/rocksdbjni-7.4.3-linux64.jar:/root/.m2/repository/net/jcip/jcip-annotations/1.0/jcip-annotations-1.0.jar:/root/.m2/repository/org/hdrhistogram/HdrHistogram/2.1.4/HdrHistogram-2.1.4.jar:/root/.m2/repository/org/codehaus/jackson/jackson-mapper-asl/1.9.4/jackson-mapper-asl-1.9.4.jar:/lib/libzbd.so.1:/root/.m2/repository/org/codehaus/jackson/jackson-core-asl/1.9.4/jackson-core-asl-1.9.4.jar:/home/user/src/rocksdb-cheops-2024/rocksdb-ycsb/java/target/librocksdbjni-linux64.so:/home/user/src/rocksdb-cheops-2024/ycsb/core/target/core-0.18.0-SNAPSHOT.jar site.ycsb.Client -db site.ycsb.db.rocksdb.RocksDBClient -s -P ./workloads/workloadd -p recordcount=26214400 -p operationcount=1000000 -p fieldlength=100 -p fieldcount=10 -load
Command line: -db site.ycsb.db.rocksdb.RocksDBClient -s -P ./workloads/workloadd -p recordcount=26214400 -p operationcount=1000000 -p fieldlength=100 -p fieldcount=10 -load
YCSB Client 0.18.0-SNAPSHOT

Loading workload...
Starting test.
SLF4J: Failed to load class "org.slf4j.impl.StaticLoggerBinder".
SLF4J: Defaulting to no-operation (NOP) logger implementation
SLF4J: See http://www.slf4j.org/codes.html#StaticLoggerBinder for further details.
2024-01-13 13:46:40:444 0 sec: 0 operations; est completion in 0 second 
Leet YCSB 
DBWrapper: report latency for each error is false and specific error codes to track for latency are: []
2024-01-13 13:46:50:412 10 sec: 268605 operations; 26852.44 current ops/sec; est completion in 16 minutes [INSERT: Count=268716, Max=13711, Min=6, Avg=22.39, 90=45, 99=53, 99.9=64, 99.99=113] 
2024-01-13 13:47:00:410 20 sec: 708959 operations; 44048.61 current ops/sec; est completion in 12 minutes [INSERT: Count=440274, Max=4595, Min=7, Avg=21.21, 90=43, 99=50, 99.9=58, 99.99=66] 
2024-01-13 13:47:10:410 30 sec: 1118391 operations; 40943.2 current ops/sec; est completion in 11 minutes [INSERT: Count=409426, Max=55871, Min=7, Avg=22.92, 90=45, 99=53, 99.9=61, 99.99=71] 
2024-01-13 13:47:20:410 40 sec: 1515773 operations; 39738.2 current ops/sec; est completion in 10 minutes [INSERT: Count=397381, Max=5103, Min=7, Avg=23.67, 90=46, 99=54, 99.9=63, 99.99=73] 
2024-01-13 13:47:30:410 50 sec: 1915373 operations; 39960 current ops/sec; est completion in 10 minutes [INSERT: Count=399603, Max=5003, Min=6, Avg=23.51, 90=47, 99=56, 99.9=65, 99.99=80] 
2024-01-13 13:47:40:410 60 sec: 2306643 operations; 39127 current ops/sec; est completion in 10 minutes [INSERT: Count=391265, Max=2871, Min=7, Avg=23.97, 90=50, 99=59, 99.9=69, 99.99=84] 
2024-01-13 13:47:50:410 70 sec: 2684355 operations; 37771.2 current ops/sec; est completion in 10 minutes [INSERT: Count=377716, Max=1717, Min=7, Avg=24.88, 90=51, 99=60, 99.9=71, 99.99=83] 
2024-01-13 13:48:00:410 80 sec: 3073708 operations; 38935.3 current ops/sec; est completion in 10 minutes [INSERT: Count=389349, Max=58943, Min=7, Avg=24.12, 90=49, 99=59, 99.9=68, 99.99=81] 
2024-01-13 13:48:10:409 90 sec: 3441861 operations; 36815.3 current ops/sec; est completion in 9 minutes [INSERT: Count=368152, Max=2627, Min=8, Avg=25.55, 90=52, 99=58, 99.9=70, 99.99=83] 
2024-01-13 13:48:20:410 100 sec: 3811063 operations; 36920.2 current ops/sec; est completion in 9 minutes [INSERT: Count=369203, Max=2589, Min=7, Avg=25.49, 90=51, 99=125, 99.9=161, 99.99=186] 
2024-01-13 13:48:30:410 110 sec: 4274836 operations; 46377.3 current ops/sec; est completion in 9 minutes [INSERT: Count=463782, Max=13863, Min=7, Avg=20.06, 90=41, 99=54, 99.9=146, 99.99=181] 
2024-01-13 13:48:40:410 120 sec: 4736851 operations; 46201.5 current ops/sec; est completion in 9 minutes [INSERT: Count=462009, Max=35167, Min=7, Avg=20.12, 90=41, 99=48, 99.9=55, 99.99=67] 
2024-01-13 13:48:50:410 130 sec: 5197411 operations; 46056 current ops/sec; est completion in 8 minutes [INSERT: Count=460560, Max=8447, Min=7, Avg=20.21, 90=41, 99=45, 99.9=55, 99.99=62] 
2024-01-13 13:49:00:409 140 sec: 5685689 operations; 48827.8 current ops/sec; est completion in 8 minutes [INSERT: Count=488279, Max=3355, Min=6, Avg=18.99, 90=40, 99=44, 99.9=53, 99.99=61] 
2024-01-13 13:49:10:410 150 sec: 6161194 operations; 47550.5 current ops/sec; est completion in 8 minutes [INSERT: Count=475507, Max=16767, Min=7, Avg=19.5, 90=41, 99=45, 99.9=55, 99.99=63] 
2024-01-13 13:49:20:410 160 sec: 6608513 operations; 44731.9 current ops/sec; est completion in 7 minutes [INSERT: Count=447320, Max=35359, Min=7, Avg=20.83, 90=42, 99=48, 99.9=57, 99.99=68] 
2024-01-13 13:49:30:410 170 sec: 7042037 operations; 43352.4 current ops/sec; est completion in 7 minutes [INSERT: Count=433525, Max=6079, Min=7, Avg=21.52, 90=44, 99=50, 99.9=57, 99.99=66] 
2024-01-13 13:49:40:410 180 sec: 7482044 operations; 44000.7 current ops/sec; est completion in 7 minutes [INSERT: Count=440004, Max=4939, Min=6, Avg=21.22, 90=42, 99=122, 99.9=155, 99.99=179] 
2024-01-13 13:49:50:410 190 sec: 7896029 operations; 41398.5 current ops/sec; est completion in 7 minutes [INSERT: Count=413983, Max=2665, Min=7, Avg=22.66, 90=43, 99=126, 99.9=159, 99.99=183] 
2024-01-13 13:50:00:410 200 sec: 8266262 operations; 37023.3 current ops/sec; est completion in 7 minutes [INSERT: Count=370233, Max=40159, Min=7, Avg=25.12, 90=46, 99=89, 99.9=1229, 99.99=1423] 
2024-01-13 13:50:10:410 210 sec: 8661171 operations; 39490.9 current ops/sec; est completion in 7 minutes [INSERT: Count=394906, Max=8983, Min=7, Avg=23.74, 90=46, 99=75, 99.9=93, 99.99=107] 
2024-01-13 13:50:20:410 220 sec: 9105883 operations; 44471.2 current ops/sec; est completion in 6 minutes [INSERT: Count=444718, Max=3081, Min=6, Avg=20.99, 90=43, 99=49, 99.9=67, 99.99=94] 
2024-01-13 13:50:30:410 230 sec: 9582145 operations; 47626.2 current ops/sec; est completion in 6 minutes [INSERT: Count=476258, Max=8943, Min=7, Avg=19.5, 90=41, 99=46, 99.9=55, 99.99=65] 
2024-01-13 13:50:40:410 240 sec: 10043785 operations; 46164 current ops/sec; est completion in 6 minutes [INSERT: Count=461641, Max=3293, Min=7, Avg=20.17, 90=42, 99=47, 99.9=55, 99.99=63] 
2024-01-13 13:50:50:409 250 sec: 10493351 operations; 44956.6 current ops/sec; est completion in 6 minutes [INSERT: Count=449564, Max=41087, Min=7, Avg=20.75, 90=42, 99=47, 99.9=56, 99.99=64] 
2024-01-13 13:51:00:409 260 sec: 10941098 operations; 44774.7 current ops/sec; est completion in 6 minutes [INSERT: Count=447751, Max=1699, Min=6, Avg=20.85, 90=43, 99=51, 99.9=143, 99.99=161] 
2024-01-13 13:51:10:410 270 sec: 11364764 operations; 42366.6 current ops/sec; est completion in 5 minutes [INSERT: Count=423663, Max=2193, Min=7, Avg=22.1, 90=43, 99=128, 99.9=156, 99.99=186] 
2024-01-13 13:51:20:410 280 sec: 11773613 operations; 40884.9 current ops/sec; est completion in 5 minutes [INSERT: Count=408846, Max=3463, Min=8, Avg=22.9, 90=45, 99=117, 99.9=158, 99.99=184] 
2024-01-13 13:51:30:410 290 sec: 12169823 operations; 39621 current ops/sec; est completion in 5 minutes [INSERT: Count=396206, Max=38655, Min=7, Avg=23.69, 90=46, 99=118, 99.9=159, 99.99=188] 
2024-01-13 13:51:40:409 300 sec: 12581463 operations; 41164 current ops/sec; est completion in 5 minutes [INSERT: Count=411647, Max=3607, Min=7, Avg=22.77, 90=44, 99=58, 99.9=152, 99.99=182] 
2024-01-13 13:51:50:410 310 sec: 13044930 operations; 46346.7 current ops/sec; est completion in 5 minutes [INSERT: Count=463469, Max=12367, Min=6, Avg=19.97, 90=41, 99=45, 99.9=56, 99.99=1313] 
2024-01-13 13:52:00:410 320 sec: 13489231 operations; 44430.1 current ops/sec; est completion in 5 minutes [INSERT: Count=444302, Max=1648, Min=7, Avg=20.94, 90=43, 99=47, 99.9=57, 99.99=128] 
2024-01-13 13:52:10:410 330 sec: 13917591 operations; 42836 current ops/sec; est completion in 4 minutes [INSERT: Count=428430, Max=40063, Min=7, Avg=21.79, 90=44, 99=48, 99.9=58, 99.99=107] 
2024-01-13 13:52:20:410 340 sec: 14334669 operations; 41707.8 current ops/sec; est completion in 4 minutes [INSERT: Count=416998, Max=2727, Min=7, Avg=22.42, 90=44, 99=49, 99.9=59, 99.99=1241] 
2024-01-13 13:52:30:409 350 sec: 14766601 operations; 43193.2 current ops/sec; est completion in 4 minutes [INSERT: Count=431934, Max=4045, Min=6, Avg=21.6, 90=44, 99=77, 99.9=92, 99.99=117] 
2024-01-13 13:52:40:410 360 sec: 15184801 operations; 41820 current ops/sec; est completion in 4 minutes [INSERT: Count=418199, Max=1972, Min=7, Avg=22.38, 90=44, 99=110, 99.9=158, 99.99=183] 
2024-01-13 13:52:50:410 370 sec: 15586461 operations; 40166 current ops/sec; est completion in 4 minutes [INSERT: Count=401664, Max=39519, Min=8, Avg=23.35, 90=45, 99=119, 99.9=159, 99.99=186] 
2024-01-13 13:53:00:410 380 sec: 15981685 operations; 39522.4 current ops/sec; est completion in 4 minutes [INSERT: Count=395221, Max=8927, Min=8, Avg=23.76, 90=45, 99=115, 99.9=159, 99.99=187] 
2024-01-13 13:53:10:409 390 sec: 16394115 operations; 41243 current ops/sec; est completion in 3 minutes [INSERT: Count=412428, Max=6223, Min=6, Avg=22.7, 90=45, 99=102, 99.9=157, 99.99=187] 
2024-01-13 13:53:20:409 400 sec: 16835762 operations; 44164.7 current ops/sec; est completion in 3 minutes [INSERT: Count=441646, Max=3365, Min=7, Avg=21.09, 90=44, 99=62, 99.9=86, 99.99=98] 
2024-01-13 13:53:30:409 410 sec: 17291214 operations; 45545.2 current ops/sec; est completion in 3 minutes [INSERT: Count=455452, Max=1927, Min=7, Avg=20.44, 90=42, 99=47, 99.9=57, 99.99=64] 
2024-01-13 13:53:40:410 420 sec: 17709908 operations; 41869.4 current ops/sec; est completion in 3 minutes [INSERT: Count=418704, Max=36607, Min=7, Avg=22.32, 90=45, 99=50, 99.9=59, 99.99=75] 
2024-01-13 13:53:50:410 430 sec: 18131521 operations; 42161.3 current ops/sec; est completion in 3 minutes [INSERT: Count=421608, Max=2565, Min=6, Avg=22.16, 90=45, 99=54, 99.9=80, 99.99=1222] 
2024-01-13 13:54:00:410 440 sec: 18554135 operations; 42261.4 current ops/sec; est completion in 3 minutes [INSERT: Count=422608, Max=11383, Min=7, Avg=22.11, 90=47, 99=77, 99.9=142, 99.99=189] 
2024-01-13 13:54:10:410 450 sec: 18960508 operations; 40637.3 current ops/sec; est completion in 2 minutes [INSERT: Count=406375, Max=1674, Min=7, Avg=23.1, 90=44, 99=118, 99.9=157, 99.99=186] 
2024-01-13 13:54:20:409 460 sec: 19357258 operations; 39675 current ops/sec; est completion in 2 minutes [INSERT: Count=396747, Max=38559, Min=7, Avg=23.7, 90=45, 99=115, 99.9=157, 99.99=183] 
2024-01-13 13:54:30:410 470 sec: 19735130 operations; 37787.2 current ops/sec; est completion in 2 minutes [INSERT: Count=377872, Max=12591, Min=8, Avg=24.91, 90=47, 99=111, 99.9=156, 99.99=183] 
2024-01-13 13:54:40:409 480 sec: 20128515 operations; 39338.5 current ops/sec; est completion in 2 minutes [INSERT: Count=393385, Max=8455, Min=7, Avg=23.86, 90=49, 99=122, 99.9=161, 99.99=187] 
2024-01-13 13:54:50:409 490 sec: 20505594 operations; 37707.9 current ops/sec; est completion in 2 minutes [INSERT: Count=377075, Max=3669, Min=8, Avg=24.94, 90=51, 99=121, 99.9=162, 99.99=185] 
2024-01-13 13:55:00:409 500 sec: 20913128 operations; 40753.4 current ops/sec; est completion in 2 minutes [INSERT: Count=407538, Max=2513, Min=7, Avg=23.01, 90=45, 99=119, 99.9=158, 99.99=180] 
2024-01-13 13:55:10:409 510 sec: 21346217 operations; 43308.9 current ops/sec; est completion in 1 minute [INSERT: Count=433094, Max=38591, Min=7, Avg=21.6, 90=43, 99=51, 99.9=144, 99.99=168] 
2024-01-13 13:55:20:409 520 sec: 21789782 operations; 44356.5 current ops/sec; est completion in 1 minute [INSERT: Count=443565, Max=15103, Min=6, Avg=21.01, 90=43, 99=59, 99.9=83, 99.99=94] 
2024-01-13 13:55:30:409 530 sec: 22241691 operations; 45190.9 current ops/sec; est completion in 1 minute [INSERT: Count=451905, Max=1639, Min=7, Avg=20.63, 90=41, 99=79, 99.9=142, 99.99=177] 
2024-01-13 13:55:40:409 540 sec: 22659652 operations; 41796.1 current ops/sec; est completion in 1 minute [INSERT: Count=417961, Max=37663, Min=7, Avg=22.42, 90=43, 99=109, 99.9=156, 99.99=178] 
2024-01-13 13:55:50:409 550 sec: 23066277 operations; 40662.5 current ops/sec; est completion in 1 minute [INSERT: Count=406631, Max=8799, Min=7, Avg=23.09, 90=44, 99=110, 99.9=156, 99.99=178] 
2024-01-13 13:56:00:410 560 sec: 23468445 operations; 40216.8 current ops/sec; est completion in 1 minute [INSERT: Count=402166, Max=1704, Min=6, Avg=23.37, 90=45, 99=105, 99.9=156, 99.99=180] 
2024-01-13 13:56:10:409 570 sec: 23924269 operations; 45582.4 current ops/sec; est completion in 55 seconds [INSERT: Count=455819, Max=5339, Min=6, Avg=20.45, 90=41, 99=78, 99.9=152, 99.99=179] 
2024-01-13 13:56:20:410 580 sec: 24359358 operations; 43508.9 current ops/sec; est completion in 45 seconds [INSERT: Count=435089, Max=1545, Min=7, Avg=21.48, 90=43, 99=73, 99.9=88, 99.99=99] 
2024-01-13 13:56:30:410 590 sec: 24769744 operations; 41038.6 current ops/sec; est completion in 35 seconds [INSERT: Count=410387, Max=42047, Min=7, Avg=22.86, 90=44, 99=79, 99.9=148, 99.99=174] 
2024-01-13 13:56:40:416 600 sec: 25160176 operations; 39035.39 current ops/sec; est completion in 26 seconds [INSERT: Count=390674, Max=21471, Min=7, Avg=24.12, 90=45, 99=117, 99.9=158, 99.99=183] 
2024-01-13 13:56:50:410 610 sec: 25559881 operations; 39978.5 current ops/sec; est completion in 16 seconds [INSERT: Count=399457, Max=35711, Min=6, Avg=23.4, 90=47, 99=113, 99.9=168, 99.99=275] 
2024-01-13 13:57:00:410 620 sec: 25944529 operations; 38464.8 current ops/sec; est completion in 7 second [INSERT: Count=384656, Max=13311, Min=7, Avg=24.27, 90=44, 99=82, 99.9=1244, 99.99=1612] 
2024-01-13 13:57:07:382 626 sec: 26214400 operations; 38702.28 current ops/sec; [CLEANUP: Count=1, Max=106943, Min=106880, Avg=106912, 90=106943, 99=106943, 99.9=106943, 99.99=106943] [INSERT: Count=269854, Max=7767, Min=7, Avg=23.75, 90=46, 99=76, 99.9=100, 99.99=1336] 
