[WARN]  Running against a source checkout. In order to get our runtime dependencies we'll have to invoke Maven. Depending on the state of your system, this may take ~30-45 seconds
[DEBUG]  Running 'mvn -pl site.ycsb:rocksdb-binding -am package -DskipTests dependency:build-classpath -DincludeScope=compile -Dmdep.outputFilterFile=true'
java -cp /home/user/src/rocksdb-cheops-2024/ycsb/rocksdb/conf:/home/user/src/rocksdb-cheops-2024/ycsb/rocksdb/target/rocksdb-binding-0.18.0-SNAPSHOT.jar:/root/.m2/repository/org/apache/htrace/htrace-core4/4.1.0-incubating/htrace-core4-4.1.0-incubating.jar:/root/.m2/repository/org/slf4j/slf4j-api/1.7.25/slf4j-api-1.7.25.jar:/home/user/src/rocksdb-cheops-2024/rocksdb-ycsb/java/target/rocksdbjni-7.4.3-linux64.jar:/root/.m2/repository/net/jcip/jcip-annotations/1.0/jcip-annotations-1.0.jar:/root/.m2/repository/org/hdrhistogram/HdrHistogram/2.1.4/HdrHistogram-2.1.4.jar:/root/.m2/repository/org/codehaus/jackson/jackson-mapper-asl/1.9.4/jackson-mapper-asl-1.9.4.jar:/lib/libzbd.so.1:/root/.m2/repository/org/codehaus/jackson/jackson-core-asl/1.9.4/jackson-core-asl-1.9.4.jar:/home/user/src/rocksdb-cheops-2024/rocksdb-ycsb/java/target/librocksdbjni-linux64.so:/home/user/src/rocksdb-cheops-2024/ycsb/core/target/core-0.18.0-SNAPSHOT.jar site.ycsb.Client -db site.ycsb.db.rocksdb.RocksDBClient -s -P ./workloads/workloada -p recordcount=26214400 -p operationcount=1000000 -p fieldlength=100 -p fieldcount=10 -t
Command line: -db site.ycsb.db.rocksdb.RocksDBClient -s -P ./workloads/workloada -p recordcount=26214400 -p operationcount=1000000 -p fieldlength=100 -p fieldcount=10 -t
YCSB Client 0.18.0-SNAPSHOT

Loading workload...
Starting test.
SLF4J: Failed to load class "org.slf4j.impl.StaticLoggerBinder".
SLF4J: Defaulting to no-operation (NOP) logger implementation
SLF4J: See http://www.slf4j.org/codes.html#StaticLoggerBinder for further details.
2024-01-13 11:46:30:660 0 sec: 0 operations; est completion in 0 second 
Leet YCSB 
2024-01-13 11:46:40:624 10 sec: 0 operations; est completion in 106751991167300 days 15 hours 
2024-01-13 11:46:50:622 20 sec: 0 operations; est completion in 106751991167300 days 15 hours 
2024-01-13 11:47:00:622 30 sec: 0 operations; est completion in 106751991167300 days 15 hours 
DBWrapper: report latency for each error is false and specific error codes to track for latency are: []
2024-01-13 11:47:10:622 40 sec: 884 operations; 88.4 current ops/sec; est completion in 12 hours 33 minutes [READ: Count=441, Max=2483, Min=5, Avg=598.32, 90=985, 99=2073, 99.9=2483, 99.99=2483] [UPDATE: Count=452, Max=2785, Min=26, Avg=596.26, 90=1001, 99=1394, 99.9=2785, 99.99=2785] 
2024-01-13 11:47:20:622 50 sec: 24344 operations; 2346 current ops/sec; est completion in 33 minutes [READ: Count=11757, Max=2765, Min=2, Avg=404.41, 90=824, 99=1239, 99.9=2097, 99.99=2531] [UPDATE: Count=11700, Max=12127, Min=10, Avg=438.12, 90=870, 99=1292, 99.9=1972, 99.99=2387] 
2024-01-13 11:47:30:622 60 sec: 53786 operations; 2944.2 current ops/sec; est completion in 17 minutes [READ: Count=14705, Max=2521, Min=3, Avg=318.36, 90=737, 99=1172, 99.9=1978, 99.99=2477] [UPDATE: Count=14735, Max=3017, Min=16, Avg=354.29, 90=776, 99=1246, 99.9=2181, 99.99=2929] 
2024-01-13 11:47:40:622 70 sec: 91921 operations; 3813.5 current ops/sec; est completion in 11 minutes [READ: Count=19078, Max=2777, Min=3, Avg=244.55, 90=606, 99=1092, 99.9=1921, 99.99=2417] [UPDATE: Count=19058, Max=2711, Min=16, Avg=274.7, 90=641, 99=1110, 99.9=2031, 99.99=2693] 
2024-01-13 11:47:50:622 80 sec: 142370 operations; 5044.9 current ops/sec; est completion in 8 minutes [READ: Count=25101, Max=2883, Min=3, Avg=181.21, 90=455, 99=903, 99.9=1824, 99.99=2707] [UPDATE: Count=25355, Max=3001, Min=16, Avg=210.49, 90=489, 99=953, 99.9=1780, 99.99=2217] 
2024-01-13 11:48:00:622 90 sec: 177613 operations; 3524.3 current ops/sec; est completion in 6 minutes [READ: Count=17473, Max=151039, Min=2, Avg=271.67, 90=602, 99=1212, 99.9=2129, 99.99=140287] [UPDATE: Count=17762, Max=151423, Min=11, Avg=291.55, 90=633, 99=1260, 99.9=2089, 99.99=139775] 
2024-01-13 11:48:10:622 100 sec: 212914 operations; 3530.1 current ops/sec; est completion in 6 minutes [READ: Count=17570, Max=2831, Min=2, Avg=270.73, 90=718, 99=1342, 99.9=1998, 99.99=2629] [UPDATE: Count=17734, Max=3189, Min=11, Avg=291.55, 90=733, 99=1363, 99.9=2107, 99.99=2661] 
2024-01-13 11:48:20:622 110 sec: 261075 operations; 4816.1 current ops/sec; est completion in 5 minutes [READ: Count=24246, Max=2561, Min=2, Avg=194.25, 90=567, 99=1224, 99.9=1968, 99.99=2497] [UPDATE: Count=23921, Max=3207, Min=10, Avg=217.18, 90=594, 99=1227, 99.9=1944, 99.99=2803] 
2024-01-13 11:48:30:622 120 sec: 322490 operations; 6141.5 current ops/sec; est completion in 4 minutes [READ: Count=30715, Max=2791, Min=2, Avg=148.68, 90=407, 99=1070, 99.9=1828, 99.99=2655] [UPDATE: Count=30701, Max=15071, Min=10, Avg=173.28, 90=438, 99=1145, 99.9=1865, 99.99=2737] 
2024-01-13 11:48:40:622 130 sec: 368838 operations; 4634.8 current ops/sec; est completion in 3 minutes [READ: Count=23015, Max=167423, Min=2, Avg=186.07, 90=322, 99=736, 99.9=1684, 99.99=141695] [UPDATE: Count=23326, Max=165503, Min=9, Avg=241.74, 90=349, 99=726, 99.9=1743, 99.99=151423] 
2024-01-13 11:48:50:622 140 sec: 438217 operations; 6937.9 current ops/sec; est completion in 3 minutes [READ: Count=34803, Max=2020, Min=2, Avg=132.08, 90=311, 99=605, 99.9=1379, 99.99=1816] [UPDATE: Count=34575, Max=2499, Min=9, Avg=153.05, 90=334, 99=632, 99.9=1380, 99.99=1800] 
2024-01-13 11:49:00:622 150 sec: 511974 operations; 7375.7 current ops/sec; est completion in 2 minutes [READ: Count=36940, Max=156671, Min=2, Avg=119.05, 90=272, 99=515, 99.9=890, 99.99=1690] [UPDATE: Count=36816, Max=166399, Min=10, Avg=148.93, 90=296, 99=558, 99.9=1407, 99.99=1998] 
2024-01-13 11:49:10:622 160 sec: 564336 operations; 5236.2 current ops/sec; est completion in 2 minutes [READ: Count=26063, Max=1630, Min=2, Avg=178.41, 90=424, 99=726, 99.9=996, 99.99=1367] [UPDATE: Count=26302, Max=1406, Min=10, Avg=200.15, 90=448, 99=744, 99.9=1031, 99.99=1307] 
2024-01-13 11:49:20:622 170 sec: 623731 operations; 5939.5 current ops/sec; est completion in 1 minute [READ: Count=29982, Max=2499, Min=2, Avg=155.49, 90=394, 99=697, 99.9=1471, 99.99=1938] [UPDATE: Count=29411, Max=14767, Min=10, Avg=178.03, 90=416, 99=727, 99.9=1597, 99.99=2159] 
2024-01-13 11:49:30:622 180 sec: 692149 operations; 6841.8 current ops/sec; est completion in 1 minute [READ: Count=34254, Max=4023, Min=2, Avg=134.61, 90=356, 99=670, 99.9=1444, 99.99=1915] [UPDATE: Count=34166, Max=3325, Min=10, Avg=154.4, 90=378, 99=702, 99.9=1519, 99.99=2537] 
2024-01-13 11:49:40:622 190 sec: 772766 operations; 8061.7 current ops/sec; est completion in 56 seconds [READ: Count=40323, Max=19071, Min=2, Avg=112.7, 90=312, 99=601, 99.9=942, 99.99=1572] [UPDATE: Count=40296, Max=2006, Min=10, Avg=132.25, 90=334, 99=622, 99.9=1019, 99.99=1527] 
2024-01-13 11:49:50:622 200 sec: 864221 operations; 9145.5 current ops/sec; est completion in 32 seconds [READ: Count=45766, Max=1698, Min=2, Avg=98.09, 90=239, 99=374, 99.9=583, 99.99=960] [UPDATE: Count=45684, Max=1813, Min=10, Avg=117.65, 90=258, 99=389, 99.9=599, 99.99=1036] 
2024-01-13 11:50:00:622 210 sec: 958671 operations; 9445 current ops/sec; est completion in 10 seconds [READ: Count=47281, Max=16495, Min=2, Avg=94.81, 90=205, 99=329, 99.9=442, 99.99=624] [UPDATE: Count=47166, Max=1704, Min=9, Avg=113.98, 90=229, 99=357, 99.9=475, 99.99=786] 
2024-01-13 11:50:06:010 215 sec: 1000000 operations; 7671.99 current ops/sec; [READ: Count=20651, Max=609, Min=2, Avg=90.12, 90=194, 99=324, 99.9=454, 99.99=602] [CLEANUP: Count=1, Max=1142783, Min=1141760, Avg=1142272, 90=1142783, 99=1142783, 99.9=1142783, 99.99=1142783] [UPDATE: Count=20676, Max=647, Min=10, Avg=112.34, 90=222, 99=357, 99.9=487, 99.99=643] 
