[OVERALL], RunTime(ms), 422871
[OVERALL], Throughput(ops/sec), 61991.48203589274
[TOTAL_GCS_G1_Young_Generation], Count, 219
[TOTAL_GC_TIME_G1_Young_Generation], Time(ms), 401
[TOTAL_GC_TIME_%_G1_Young_Generation], Time(%), 0.0948279735427589
[TOTAL_GCS_G1_Old_Generation], Count, 0
[TOTAL_GC_TIME_G1_Old_Generation], Time(ms), 0
[TOTAL_GC_TIME_%_G1_Old_Generation], Time(%), 0.0
[TOTAL_GCs], Count, 219
[TOTAL_GC_TIME], Time(ms), 401
[TOTAL_GC_TIME_%], Time(%), 0.0948279735427589
[CLEANUP], Operations, 1
[CLEANUP], AverageLatency(us), 751872.0
[CLEANUP], MinLatency(us), 751616
[CLEANUP], MaxLatency(us), 752127
[CLEANUP], 95thPercentileLatency(us), 752127
[CLEANUP], 99thPercentileLatency(us), 752127
[INSERT], Operations, 26214400
[INSERT], AverageLatency(us), 14.438722686767578
[INSERT], MinLatency(us), 6
[INSERT], MaxLatency(us), 63455
[INSERT], 95thPercentileLatency(us), 20
[INSERT], 99thPercentileLatency(us), 27
[INSERT], Return=OK, 26214400
