[OVERALL], RunTime(ms), 114328
[OVERALL], Throughput(ops/sec), 8746.76369743195
[TOTAL_GCS_G1_Young_Generation], Count, 4
[TOTAL_GC_TIME_G1_Young_Generation], Time(ms), 117
[TOTAL_GC_TIME_%_G1_Young_Generation], Time(%), 0.10233713525995382
[TOTAL_GCS_G1_Old_Generation], Count, 0
[TOTAL_GC_TIME_G1_Old_Generation], Time(ms), 0
[TOTAL_GC_TIME_%_G1_Old_Generation], Time(%), 0.0
[TOTAL_GCs], Count, 4
[TOTAL_GC_TIME], Time(ms), 117
[TOTAL_GC_TIME_%], Time(%), 0.10233713525995382
[READ], Operations, 950194
[READ], AverageLatency(us), 72.19155035708498
[READ], MinLatency(us), 2
[READ], MaxLatency(us), 153855
[READ], 95thPercentileLatency(us), 385
[READ], 99thPercentileLatency(us), 748
[READ], Return=OK, 950194
[CLEANUP], Operations, 1
[CLEANUP], AverageLatency(us), 367232.0
[CLEANUP], MinLatency(us), 367104
[CLEANUP], MaxLatency(us), 367359
[CLEANUP], 95thPercentileLatency(us), 367359
[CLEANUP], 99thPercentileLatency(us), 367359
[INSERT], Operations, 49806
[INSERT], AverageLatency(us), 34.49644621129984
[INSERT], MinLatency(us), 8
[INSERT], MaxLatency(us), 7235
[INSERT], 95thPercentileLatency(us), 88
[INSERT], 99thPercentileLatency(us), 135
[INSERT], Return=OK, 49806
