[WARN]  Running against a source checkout. In order to get our runtime dependencies we'll have to invoke Maven. Depending on the state of your system, this may take ~30-45 seconds
[DEBUG]  Running 'mvn -pl site.ycsb:rocksdb-binding -am package -DskipTests dependency:build-classpath -DincludeScope=compile -Dmdep.outputFilterFile=true'
java -cp /home/user/src/rocksdb-cheops-2024/ycsb/rocksdb/conf:/home/user/src/rocksdb-cheops-2024/ycsb/rocksdb/target/rocksdb-binding-0.18.0-SNAPSHOT.jar:/root/.m2/repository/org/apache/htrace/htrace-core4/4.1.0-incubating/htrace-core4-4.1.0-incubating.jar:/root/.m2/repository/org/slf4j/slf4j-api/1.7.25/slf4j-api-1.7.25.jar:/home/user/src/rocksdb-cheops-2024/rocksdb-ycsb/java/target/rocksdbjni-7.4.3-linux64.jar:/root/.m2/repository/net/jcip/jcip-annotations/1.0/jcip-annotations-1.0.jar:/root/.m2/repository/org/hdrhistogram/HdrHistogram/2.1.4/HdrHistogram-2.1.4.jar:/root/.m2/repository/org/codehaus/jackson/jackson-mapper-asl/1.9.4/jackson-mapper-asl-1.9.4.jar:/lib/libzbd.so.1:/root/.m2/repository/org/codehaus/jackson/jackson-core-asl/1.9.4/jackson-core-asl-1.9.4.jar:/home/user/src/rocksdb-cheops-2024/rocksdb-ycsb/java/target/librocksdbjni-linux64.so:/home/user/src/rocksdb-cheops-2024/ycsb/core/target/core-0.18.0-SNAPSHOT.jar site.ycsb.Client -db site.ycsb.db.rocksdb.RocksDBClient -s -P ./workloads/workloada -p recordcount=26214400 -p operationcount=1000000 -p fieldlength=100 -p fieldcount=10 -load
Command line: -db site.ycsb.db.rocksdb.RocksDBClient -s -P ./workloads/workloada -p recordcount=26214400 -p operationcount=1000000 -p fieldlength=100 -p fieldcount=10 -load
YCSB Client 0.18.0-SNAPSHOT

Loading workload...
Starting test.
SLF4J: Failed to load class "org.slf4j.impl.StaticLoggerBinder".
SLF4J: Defaulting to no-operation (NOP) logger implementation
SLF4J: See http://www.slf4j.org/codes.html#StaticLoggerBinder for further details.
2024-01-13 12:59:59:967 0 sec: 0 operations; est completion in 0 second 
Leet YCSB 
DBWrapper: report latency for each error is false and specific error codes to track for latency are: []
2024-01-13 13:00:09:934 10 sec: 210197 operations; 21017.6 current ops/sec; est completion in 20 minutes [INSERT: Count=210348, Max=21663, Min=7, Avg=27.89, 90=54, 99=66, 99.9=77, 99.99=133] 
2024-01-13 13:00:19:932 20 sec: 575281 operations; 36508.4 current ops/sec; est completion in 14 minutes [INSERT: Count=364962, Max=5027, Min=8, Avg=25.74, 90=52, 99=61, 99.9=72, 99.99=85] 
2024-01-13 13:00:29:932 30 sec: 954215 operations; 37893.4 current ops/sec; est completion in 13 minutes [INSERT: Count=378931, Max=76159, Min=7, Avg=24.85, 90=50, 99=60, 99.9=70, 99.99=93] 
2024-01-13 13:00:39:932 40 sec: 1338448 operations; 38423.3 current ops/sec; est completion in 12 minutes [INSERT: Count=384231, Max=5175, Min=7, Avg=24.54, 90=48, 99=56, 99.9=65, 99.99=78] 
2024-01-13 13:00:49:932 50 sec: 1703898 operations; 36545 current ops/sec; est completion in 12 minutes [INSERT: Count=365449, Max=5391, Min=7, Avg=25.84, 90=50, 99=58, 99.9=67, 99.99=78] 
2024-01-13 13:00:59:932 60 sec: 2113118 operations; 40926.09 current ops/sec; est completion in 11 minutes [INSERT: Count=409222, Max=14327, Min=6, Avg=22.88, 90=48, 99=57, 99.9=66, 99.99=99] 
2024-01-13 13:01:09:932 70 sec: 2539223 operations; 42610.5 current ops/sec; est completion in 10 minutes [INSERT: Count=426106, Max=2729, Min=7, Avg=22, 90=45, 99=53, 99.9=62, 99.99=81] 
2024-01-13 13:01:19:932 80 sec: 2933827 operations; 39456.45 current ops/sec; est completion in 10 minutes [INSERT: Count=394602, Max=64447, Min=7, Avg=23.83, 90=46, 99=54, 99.9=64, 99.99=1367] 
2024-01-13 13:01:29:932 90 sec: 3361428 operations; 42760.1 current ops/sec; est completion in 10 minutes [INSERT: Count=427601, Max=1743, Min=7, Avg=21.93, 90=44, 99=50, 99.9=59, 99.99=67] 
2024-01-13 13:01:39:932 100 sec: 3788013 operations; 42658.5 current ops/sec; est completion in 9 minutes [INSERT: Count=426586, Max=1620, Min=6, Avg=21.93, 90=44, 99=81, 99.9=152, 99.99=178] 
2024-01-13 13:01:49:932 110 sec: 4231109 operations; 44314.03 current ops/sec; est completion in 9 minutes [INSERT: Count=443100, Max=14343, Min=7, Avg=21.08, 90=42, 99=66, 99.9=156, 99.99=187] 
2024-01-13 13:01:59:932 120 sec: 4706209 operations; 47510 current ops/sec; est completion in 9 minutes [INSERT: Count=475100, Max=35903, Min=7, Avg=19.61, 90=41, 99=44, 99.9=54, 99.99=60] 
2024-01-13 13:02:09:932 130 sec: 5166531 operations; 46032.2 current ops/sec; est completion in 8 minutes [INSERT: Count=460317, Max=8463, Min=7, Avg=20.28, 90=42, 99=46, 99.9=55, 99.99=61] 
2024-01-13 13:02:19:932 140 sec: 5640399 operations; 47382.06 current ops/sec; est completion in 8 minutes [INSERT: Count=473872, Max=1710, Min=6, Avg=19.64, 90=41, 99=45, 99.9=55, 99.99=65] 
2024-01-13 13:02:29:932 150 sec: 6095891 operations; 45549.2 current ops/sec; est completion in 8 minutes [INSERT: Count=455491, Max=1691, Min=7, Avg=20.44, 90=42, 99=46, 99.9=56, 99.99=61] 
2024-01-13 13:02:39:932 160 sec: 6536424 operations; 44053.3 current ops/sec; est completion in 8 minutes [INSERT: Count=440532, Max=36799, Min=7, Avg=21.21, 90=43, 99=47, 99.9=57, 99.99=69] 
2024-01-13 13:02:49:936 170 sec: 6989361 operations; 45293.7 current ops/sec; est completion in 7 minutes [INSERT: Count=452996, Max=18415, Min=7, Avg=20.64, 90=42, 99=46, 99.9=56, 99.99=67] 
2024-01-13 13:02:59:932 180 sec: 7422424 operations; 43310.63 current ops/sec; est completion in 7 minutes [INSERT: Count=433074, Max=8247, Min=6, Avg=21.52, 90=44, 99=94, 99.9=154, 99.99=180] 
2024-01-13 13:03:09:934 190 sec: 7835431 operations; 41296.57 current ops/sec; est completion in 7 minutes [INSERT: Count=412988, Max=36351, Min=7, Avg=22.72, 90=44, 99=90, 99.9=152, 99.99=183] 
2024-01-13 13:03:19:932 200 sec: 8208914 operations; 37348.3 current ops/sec; est completion in 7 minutes [INSERT: Count=373433, Max=36543, Min=7, Avg=25.13, 90=52, 99=82, 99.9=102, 99.99=118] 
2024-01-13 13:03:29:932 210 sec: 8570378 operations; 36146.4 current ops/sec; est completion in 7 minutes [INSERT: Count=361460, Max=9431, Min=8, Avg=26.01, 90=53, 99=81, 99.9=99, 99.99=113] 
2024-01-13 13:03:39:932 220 sec: 8972427 operations; 40204.9 current ops/sec; est completion in 7 minutes [INSERT: Count=402055, Max=8999, Min=7, Avg=23.36, 90=47, 99=71, 99.9=94, 99.99=107] 
2024-01-13 13:03:49:938 230 sec: 9453429 operations; 48100.2 current ops/sec; est completion in 6 minutes [INSERT: Count=481175, Max=16991, Min=6, Avg=19.3, 90=41, 99=47, 99.9=55, 99.99=67] 
2024-01-13 13:03:59:932 240 sec: 9914123 operations; 46069.4 current ops/sec; est completion in 6 minutes [INSERT: Count=460520, Max=17967, Min=7, Avg=20.23, 90=42, 99=47, 99.9=56, 99.99=66] 
2024-01-13 13:04:09:932 250 sec: 10361563 operations; 44744 current ops/sec; est completion in 6 minutes [INSERT: Count=447437, Max=36511, Min=7, Avg=20.9, 90=43, 99=48, 99.9=57, 99.99=67] 
2024-01-13 13:04:19:932 260 sec: 10802308 operations; 44074.5 current ops/sec; est completion in 6 minutes [INSERT: Count=440745, Max=5059, Min=7, Avg=21.23, 90=43, 99=50, 99.9=58, 99.99=69] 
2024-01-13 13:04:29:932 270 sec: 11227175 operations; 42486.7 current ops/sec; est completion in 6 minutes [INSERT: Count=424864, Max=3527, Min=6, Avg=22.05, 90=44, 99=132, 99.9=159, 99.99=464] 
2024-01-13 13:04:39:932 280 sec: 11619155 operations; 39198 current ops/sec; est completion in 5 minutes [INSERT: Count=391977, Max=2689, Min=7, Avg=23.96, 90=49, 99=95, 99.9=155, 99.99=170] 
2024-01-13 13:04:49:932 290 sec: 12015921 operations; 39680.57 current ops/sec; est completion in 5 minutes [INSERT: Count=396769, Max=36959, Min=7, Avg=23.71, 90=47, 99=80, 99.9=140, 99.99=172] 
2024-01-13 13:04:59:932 300 sec: 12413976 operations; 39805.5 current ops/sec; est completion in 5 minutes [INSERT: Count=398057, Max=3225, Min=7, Avg=23.66, 90=46, 99=79, 99.9=137, 99.99=168] 
2024-01-13 13:05:09:932 310 sec: 12883161 operations; 46918.5 current ops/sec; est completion in 5 minutes [INSERT: Count=469182, Max=1728, Min=5, Avg=19.83, 90=43, 99=48, 99.9=57, 99.99=67] 
2024-01-13 13:05:19:932 320 sec: 13363177 operations; 48001.6 current ops/sec; est completion in 5 minutes [INSERT: Count=480023, Max=9727, Min=7, Avg=19.38, 90=40, 99=47, 99.9=54, 99.99=65] 
2024-01-13 13:05:29:932 330 sec: 13821079 operations; 45785.62 current ops/sec; est completion in 4 minutes [INSERT: Count=457894, Max=3001, Min=6, Avg=20.36, 90=41, 99=50, 99.9=57, 99.99=70] 
2024-01-13 13:05:39:932 340 sec: 14278779 operations; 45770 current ops/sec; est completion in 4 minutes [INSERT: Count=457698, Max=37023, Min=7, Avg=20.41, 90=41, 99=45, 99.9=55, 99.99=60] 
2024-01-13 13:05:49:932 350 sec: 14738808 operations; 46007.5 current ops/sec; est completion in 4 minutes [INSERT: Count=460028, Max=1874, Min=6, Avg=20.27, 90=42, 99=72, 99.9=87, 99.99=102] 
2024-01-13 13:05:59:932 360 sec: 15153512 operations; 41466.25 current ops/sec; est completion in 4 minutes [INSERT: Count=414704, Max=3227, Min=7, Avg=22.62, 90=45, 99=104, 99.9=156, 99.99=183] 
2024-01-13 13:06:09:932 370 sec: 15520058 operations; 36658.27 current ops/sec; est completion in 4 minutes [INSERT: Count=366551, Max=38015, Min=7, Avg=25.7, 90=51, 99=122, 99.9=164, 99.99=190] 
2024-01-13 13:06:19:932 380 sec: 15920113 operations; 40005.5 current ops/sec; est completion in 4 minutes [INSERT: Count=400055, Max=8751, Min=7, Avg=23.55, 90=45, 99=113, 99.9=157, 99.99=183] 
2024-01-13 13:06:29:932 390 sec: 16336454 operations; 41629.94 current ops/sec; est completion in 3 minutes [INSERT: Count=416336, Max=1711, Min=6, Avg=22.55, 90=44, 99=109, 99.9=156, 99.99=181] 
2024-01-13 13:06:39:932 400 sec: 16790061 operations; 45365.24 current ops/sec; est completion in 3 minutes [INSERT: Count=453606, Max=5995, Min=7, Avg=20.59, 90=42, 99=59, 99.9=151, 99.99=178] 
2024-01-13 13:06:49:932 410 sec: 17208883 operations; 41882.2 current ops/sec; est completion in 3 minutes [INSERT: Count=418820, Max=1703, Min=7, Avg=22.28, 90=48, 99=52, 99.9=65, 99.99=73] 
2024-01-13 13:06:59:932 420 sec: 17623507 operations; 41462.4 current ops/sec; est completion in 3 minutes [INSERT: Count=414637, Max=35583, Min=7, Avg=22.54, 90=48, 99=52, 99.9=64, 99.99=73] 
2024-01-13 13:07:09:932 430 sec: 18053150 operations; 42960 current ops/sec; est completion in 3 minutes [INSERT: Count=429633, Max=1759, Min=6, Avg=21.77, 90=44, 99=49, 99.9=60, 99.99=83] 
2024-01-13 13:07:19:932 440 sec: 18510664 operations; 45751.4 current ops/sec; est completion in 3 minutes [INSERT: Count=457517, Max=8655, Min=6, Avg=20.4, 90=42, 99=79, 99.9=117, 99.99=164] 
2024-01-13 13:07:29:932 450 sec: 18926765 operations; 41614.26 current ops/sec; est completion in 2 minutes [INSERT: Count=416098, Max=1680, Min=7, Avg=22.58, 90=44, 99=117, 99.9=157, 99.99=181] 
2024-01-13 13:07:39:932 460 sec: 19321695 operations; 39489.05 current ops/sec; est completion in 2 minutes [INSERT: Count=394931, Max=35935, Min=7, Avg=23.84, 90=46, 99=116, 99.9=158, 99.99=1214] 
2024-01-13 13:07:49:932 470 sec: 19710605 operations; 38891 current ops/sec; est completion in 2 minutes [INSERT: Count=388910, Max=3379, Min=7, Avg=24.24, 90=47, 99=111, 99.9=156, 99.99=184] 
2024-01-13 13:07:59:932 480 sec: 20107336 operations; 39673.1 current ops/sec; est completion in 2 minutes [INSERT: Count=396732, Max=8911, Min=7, Avg=23.62, 90=49, 99=120, 99.9=162, 99.99=191] 
2024-01-13 13:08:09:932 490 sec: 20483031 operations; 37573.26 current ops/sec; est completion in 2 minutes [INSERT: Count=375691, Max=3269, Min=8, Avg=24.98, 90=51, 99=120, 99.9=160, 99.99=186] 
2024-01-13 13:08:19:932 500 sec: 20837471 operations; 35444 current ops/sec; est completion in 2 minutes [INSERT: Count=354439, Max=1564, Min=8, Avg=26.57, 90=52, 99=126, 99.9=166, 99.99=189] 
2024-01-13 13:08:29:932 510 sec: 21210630 operations; 37315.9 current ops/sec; est completion in 2 minutes [INSERT: Count=373161, Max=37535, Min=8, Avg=25.17, 90=51, 99=64, 99.9=157, 99.99=189] 
2024-01-13 13:08:39:932 520 sec: 21615766 operations; 40509.55 current ops/sec; est completion in 1 minute [INSERT: Count=405144, Max=13967, Min=8, Avg=23.07, 90=48, 99=52, 99.9=64, 99.99=78] 
2024-01-13 13:08:49:932 530 sec: 22032605 operations; 41683.9 current ops/sec; est completion in 1 minute [INSERT: Count=416832, Max=3717, Min=7, Avg=22.47, 90=46, 99=134, 99.9=161, 99.99=184] 
2024-01-13 13:08:59:932 540 sec: 22452489 operations; 41988.4 current ops/sec; est completion in 1 minute [INSERT: Count=419881, Max=2729, Min=7, Avg=22.32, 90=44, 99=88, 99.9=150, 99.99=179] 
2024-01-13 13:09:09:932 550 sec: 22862135 operations; 40964.6 current ops/sec; est completion in 1 minute [INSERT: Count=409649, Max=36383, Min=7, Avg=22.94, 90=44, 99=86, 99.9=145, 99.99=164] 
2024-01-13 13:09:19:932 560 sec: 23276085 operations; 41395 current ops/sec; est completion in 1 minute [INSERT: Count=413951, Max=5463, Min=6, Avg=22.71, 90=45, 99=76, 99.9=127, 99.99=157] 
2024-01-13 13:09:29:932 570 sec: 23708117 operations; 43203.2 current ops/sec; est completion in 1 minute [INSERT: Count=432029, Max=6511, Min=5, Avg=21.66, 90=43, 99=112, 99.9=156, 99.99=181] 
2024-01-13 13:09:39:932 580 sec: 24134559 operations; 42644.2 current ops/sec; est completion in 50 seconds [INSERT: Count=426441, Max=2713, Min=6, Avg=22, 90=44, 99=112, 99.9=157, 99.99=181] 
2024-01-13 13:09:49:932 590 sec: 24549029 operations; 41447 current ops/sec; est completion in 41 seconds [INSERT: Count=414468, Max=43327, Min=7, Avg=22.67, 90=44, 99=112, 99.9=154, 99.99=181] 
2024-01-13 13:09:59:932 600 sec: 24939730 operations; 39070.1 current ops/sec; est completion in 31 seconds [INSERT: Count=390703, Max=3739, Min=7, Avg=24.11, 90=46, 99=117, 99.9=158, 99.99=184] 
2024-01-13 13:10:09:932 610 sec: 25346112 operations; 40638.2 current ops/sec; est completion in 21 seconds [INSERT: Count=406368, Max=3481, Min=5, Avg=23.14, 90=46, 99=111, 99.9=158, 99.99=186] 
2024-01-13 13:10:19:932 620 sec: 25753781 operations; 40766.9 current ops/sec; est completion in 12 seconds [INSERT: Count=407681, Max=17631, Min=7, Avg=22.99, 90=49, 99=86, 99.9=160, 99.99=234] 
2024-01-13 13:10:29:932 630 sec: 26132625 operations; 37884.4 current ops/sec; est completion in 2 second [INSERT: Count=378846, Max=3353, Min=7, Avg=24.79, 90=50, 99=121, 99.9=162, 99.99=188] 
2024-01-13 13:10:32:374 632 sec: 26214400 operations; 33528.09 current ops/sec; [CLEANUP: Count=1, Max=128959, Min=128896, Avg=128928, 90=128959, 99=128959, 99.9=128959, 99.99=128959] [INSERT: Count=81761, Max=3025, Min=8, Avg=26.6, 90=52, 99=126, 99.9=165, 99.99=190] 
