[OVERALL], RunTime(ms), 215388
[OVERALL], Throughput(ops/sec), 4642.784184819953
[TOTAL_GCS_G1_Young_Generation], Count, 7
[TOTAL_GC_TIME_G1_Young_Generation], Time(ms), 71
[TOTAL_GC_TIME_%_G1_Young_Generation], Time(%), 0.03296376771222167
[TOTAL_GCS_G1_Old_Generation], Count, 0
[TOTAL_GC_TIME_G1_Old_Generation], Time(ms), 0
[TOTAL_GC_TIME_%_G1_Old_Generation], Time(%), 0.0
[TOTAL_GCs], Count, 7
[TOTAL_GC_TIME], Time(ms), 71
[TOTAL_GC_TIME_%], Time(%), 0.03296376771222167
[READ], Operations, 500164
[READ], AverageLatency(us), 160.49014323301958
[READ], MinLatency(us), 2
[READ], MaxLatency(us), 167423
[READ], 95thPercentileLatency(us), 557
[READ], 99thPercentileLatency(us), 916
[READ], Return=OK, 500164
[CLEANUP], Operations, 1
[CLEANUP], AverageLatency(us), 1142272.0
[CLEANUP], MinLatency(us), 1141760
[CLEANUP], MaxLatency(us), 1142783
[CLEANUP], 95thPercentileLatency(us), 1142783
[CLEANUP], 99thPercentileLatency(us), 1142783
[UPDATE], Operations, 499836
[UPDATE], AverageLatency(us), 185.34913251546507
[UPDATE], MinLatency(us), 9
[UPDATE], MaxLatency(us), 166399
[UPDATE], 95thPercentileLatency(us), 588
[UPDATE], 99thPercentileLatency(us), 956
[UPDATE], Return=OK, 499836
