[OVERALL], RunTime(ms), 211716
[OVERALL], Throughput(ops/sec), 4723.308583196357
[TOTAL_GCS_G1_Young_Generation], Count, 4
[TOTAL_GC_TIME_G1_Young_Generation], Time(ms), 43
[TOTAL_GC_TIME_%_G1_Young_Generation], Time(%), 0.020310226907744335
[TOTAL_GCS_G1_Old_Generation], Count, 0
[TOTAL_GC_TIME_G1_Old_Generation], Time(ms), 0
[TOTAL_GC_TIME_%_G1_Old_Generation], Time(%), 0.0
[TOTAL_GCs], Count, 4
[TOTAL_GC_TIME], Time(ms), 43
[TOTAL_GC_TIME_%], Time(%), 0.020310226907744335
[READ], Operations, 950086
[READ], AverageLatency(us), 167.41655281732392
[READ], MinLatency(us), 2
[READ], MaxLatency(us), 299263
[READ], 95thPercentileLatency(us), 563
[READ], 99thPercentileLatency(us), 977
[READ], Return=OK, 950086
[CLEANUP], Operations, 1
[CLEANUP], AverageLatency(us), 1106432.0
[CLEANUP], MinLatency(us), 1105920
[CLEANUP], MaxLatency(us), 1106943
[CLEANUP], 95thPercentileLatency(us), 1106943
[CLEANUP], 99thPercentileLatency(us), 1106943
[UPDATE], Operations, 49914
[UPDATE], AverageLatency(us), 203.43777296950756
[UPDATE], MinLatency(us), 12
[UPDATE], MaxLatency(us), 133247
[UPDATE], 95thPercentileLatency(us), 621
[UPDATE], 99thPercentileLatency(us), 1097
[UPDATE], Return=OK, 49914
