[WARN]  Running against a source checkout. In order to get our runtime dependencies we'll have to invoke Maven. Depending on the state of your system, this may take ~30-45 seconds
[DEBUG]  Running 'mvn -pl site.ycsb:rocksdb-binding -am package -DskipTests dependency:build-classpath -DincludeScope=compile -Dmdep.outputFilterFile=true'
java -cp /home/user/src/rocksdb-cheops-2024/ycsb/rocksdb/conf:/home/user/src/rocksdb-cheops-2024/ycsb/rocksdb/target/rocksdb-binding-0.18.0-SNAPSHOT.jar:/root/.m2/repository/org/apache/htrace/htrace-core4/4.1.0-incubating/htrace-core4-4.1.0-incubating.jar:/root/.m2/repository/org/slf4j/slf4j-api/1.7.25/slf4j-api-1.7.25.jar:/home/user/src/rocksdb-cheops-2024/rocksdb-ycsb/java/target/rocksdbjni-7.4.3-linux64.jar:/root/.m2/repository/net/jcip/jcip-annotations/1.0/jcip-annotations-1.0.jar:/root/.m2/repository/org/hdrhistogram/HdrHistogram/2.1.4/HdrHistogram-2.1.4.jar:/root/.m2/repository/org/codehaus/jackson/jackson-mapper-asl/1.9.4/jackson-mapper-asl-1.9.4.jar:/lib/libzbd.so.1:/root/.m2/repository/org/codehaus/jackson/jackson-core-asl/1.9.4/jackson-core-asl-1.9.4.jar:/home/user/src/rocksdb-cheops-2024/rocksdb-ycsb/java/target/librocksdbjni-linux64.so:/home/user/src/rocksdb-cheops-2024/ycsb/core/target/core-0.18.0-SNAPSHOT.jar site.ycsb.Client -db site.ycsb.db.rocksdb.RocksDBClient -s -P ./workloads/workloade -p recordcount=26214400 -p operationcount=1000000 -p fieldlength=100 -p fieldcount=10 -t
Command line: -db site.ycsb.db.rocksdb.RocksDBClient -s -P ./workloads/workloade -p recordcount=26214400 -p operationcount=1000000 -p fieldlength=100 -p fieldcount=10 -t
YCSB Client 0.18.0-SNAPSHOT

Loading workload...
Starting test.
SLF4J: Failed to load class "org.slf4j.impl.StaticLoggerBinder".
SLF4J: Defaulting to no-operation (NOP) logger implementation
SLF4J: See http://www.slf4j.org/codes.html#StaticLoggerBinder for further details.
2024-01-13 09:57:15:847 0 sec: 0 operations; est completion in 0 second 
Leet YCSB 
2024-01-13 09:57:25:810 10 sec: 0 operations; est completion in 106751991167300 days 15 hours 
2024-01-13 09:57:35:810 20 sec: 0 operations; est completion in 106751991167300 days 15 hours 
DBWrapper: report latency for each error is false and specific error codes to track for latency are: []
2024-01-13 09:57:45:810 30 sec: 7343 operations; 734.3 current ops/sec; est completion in 1 hour 7 minutes [INSERT: Count=353, Max=3721, Min=20, Avg=101.07, 90=143, 99=201, 99.9=3721, 99.99=3721] [SCAN: Count=6996, Max=15639, Min=43, Avg=1377.34, 90=2279, 99=2975, 99.9=3769, 99.99=5923] 
2024-01-13 09:57:55:810 40 sec: 17399 operations; 1005.6 current ops/sec; est completion in 37 minutes [INSERT: Count=506, Max=144, Min=11, Avg=49.18, 90=71, 99=104, 99.9=115, 99.99=144] [SCAN: Count=9546, Max=16783, Min=23, Avg=1038.5, 90=1958, 99=2591, 99.9=3107, 99.99=8003] 
2024-01-13 09:58:05:809 50 sec: 29414 operations; 1201.5 current ops/sec; est completion in 27 minutes [INSERT: Count=575, Max=111, Min=12, Avg=45.85, 90=64, 99=92, 99.9=96, 99.99=111] [SCAN: Count=11439, Max=5411, Min=25, Avg=867.32, 90=1736, 99=2403, 99.9=2923, 99.99=3401] 
2024-01-13 09:58:15:810 60 sec: 43559 operations; 1414.5 current ops/sec; est completion in 21 minutes [INSERT: Count=715, Max=122, Min=9, Avg=42.31, 90=60, 99=86, 99.9=118, 99.99=122] [SCAN: Count=13432, Max=5503, Min=18, Avg=737.82, 90=1502, 99=2281, 99.9=2859, 99.99=5343] 
2024-01-13 09:58:25:810 70 sec: 57007 operations; 1344.8 current ops/sec; est completion in 19 minutes [INSERT: Count=692, Max=106, Min=10, Avg=35.42, 90=58, 99=74, 99.9=105, 99.99=106] [SCAN: Count=12754, Max=1470463, Min=21, Avg=778.07, 90=1315, 99=2193, 99.9=3147, 99.99=5403] 
2024-01-13 09:58:35:810 80 sec: 66577 operations; 957 current ops/sec; est completion in 18 minutes [INSERT: Count=520, Max=110, Min=12, Avg=47.81, 90=71, 99=98, 99.9=109, 99.99=110] [SCAN: Count=9049, Max=6591, Min=28, Avg=1097.97, 90=2253, 99=3171, 99.9=3857, 99.99=4375] 
2024-01-13 09:58:45:810 90 sec: 79232 operations; 1265.5 current ops/sec; est completion in 17 minutes [INSERT: Count=638, Max=128, Min=11, Avg=45.44, 90=68, 99=94, 99.9=127, 99.99=128] [SCAN: Count=12018, Max=6531, Min=24, Avg=826.62, 90=1870, 99=2801, 99.9=3563, 99.99=6007] 
2024-01-13 09:58:55:810 100 sec: 92608 operations; 1337.6 current ops/sec; est completion in 16 minutes [INSERT: Count=630, Max=103, Min=10, Avg=40.46, 90=60, 99=91, 99.9=99, 99.99=103] [SCAN: Count=12747, Max=332031, Min=23, Avg=779.49, 90=1500, 99=2219, 99.9=2953, 99.99=171135] 
2024-01-13 09:59:05:810 110 sec: 109369 operations; 1676.1 current ops/sec; est completion in 14 minutes [INSERT: Count=852, Max=102, Min=10, Avg=37, 90=57, 99=79, 99.9=96, 99.99=102] [SCAN: Count=15909, Max=5751, Min=16, Avg=623.81, 90=1253, 99=1850, 99.9=2439, 99.99=4231] 
2024-01-13 09:59:15:810 120 sec: 128583 operations; 1921.4 current ops/sec; est completion in 13 minutes [INSERT: Count=982, Max=95, Min=10, Avg=38.02, 90=56, 99=84, 99.9=91, 99.99=95] [SCAN: Count=18231, Max=5431, Min=16, Avg=543.82, 90=1138, 99=1711, 99.9=2243, 99.99=2877] 
2024-01-13 09:59:25:810 130 sec: 140962 operations; 1237.9 current ops/sec; est completion in 13 minutes [INSERT: Count=675, Max=88, Min=9, Avg=37.34, 90=57, 99=80, 99.9=86, 99.99=88] [SCAN: Count=11705, Max=2689023, Min=18, Avg=849.48, 90=1195, 99=1749, 99.9=2631, 99.99=3643] 
2024-01-13 09:59:35:810 140 sec: 159708 operations; 1874.6 current ops/sec; est completion in 12 minutes [INSERT: Count=896, Max=101, Min=10, Avg=35.5, 90=54, 99=75, 99.9=98, 99.99=101] [SCAN: Count=17851, Max=3451, Min=19, Avg=555.99, 90=1079, 99=1606, 99.9=2087, 99.99=2983] 
2024-01-13 09:59:45:810 150 sec: 176828 operations; 1712 current ops/sec; est completion in 11 minutes [INSERT: Count=873, Max=103, Min=10, Avg=34.69, 90=54, 99=75, 99.9=84, 99.99=103] [SCAN: Count=16246, Max=865791, Min=12, Avg=611.25, 90=1050, 99=1385, 99.9=1805, 99.99=3019] 
2024-01-13 09:59:55:810 160 sec: 196638 operations; 1981 current ops/sec; est completion in 10 minutes [INSERT: Count=1020, Max=84, Min=9, Avg=32.17, 90=51, 99=71, 99.9=84, 99.99=84] [SCAN: Count=18790, Max=3993, Min=12, Avg=528.13, 90=1007, 99=1220, 99.9=1441, 99.99=2879] 
2024-01-13 10:00:05:810 170 sec: 218366 operations; 2172.8 current ops/sec; est completion in 10 minutes [INSERT: Count=1065, Max=1916, Min=9, Avg=34.39, 90=51, 99=72, 99.9=92, 99.99=1916] [SCAN: Count=20665, Max=6007, Min=15, Avg=479.88, 90=954, 99=1195, 99.9=1418, 99.99=4207] 
2024-01-13 10:00:15:810 180 sec: 241903 operations; 2353.7 current ops/sec; est completion in 9 minutes [INSERT: Count=1121, Max=90, Min=10, Avg=33.96, 90=55, 99=77, 99.9=89, 99.99=90] [SCAN: Count=22414, Max=4799, Min=14, Avg=442.11, 90=906, 99=1171, 99.9=1368, 99.99=4331] 
2024-01-13 10:00:25:810 190 sec: 267917 operations; 2601.4 current ops/sec; est completion in 8 minutes [INSERT: Count=1329, Max=91, Min=9, Avg=32.13, 90=50, 99=71, 99.9=89, 99.99=91] [SCAN: Count=24685, Max=2623, Min=16, Avg=401.17, 90=842, 99=1109, 99.9=1263, 99.99=2317] 
2024-01-13 10:00:35:810 200 sec: 295476 operations; 2755.9 current ops/sec; est completion in 7 minutes [INSERT: Count=1331, Max=83, Min=9, Avg=31, 90=50, 99=70, 99.9=78, 99.99=83] [SCAN: Count=26230, Max=4483, Min=14, Avg=377.56, 90=805, 99=1090, 99.9=1269, 99.99=2539] 
2024-01-13 10:00:45:810 210 sec: 324672 operations; 2919.6 current ops/sec; est completion in 7 minutes [INSERT: Count=1406, Max=114, Min=9, Avg=32.81, 90=50, 99=71, 99.9=99, 99.99=114] [SCAN: Count=27787, Max=3767, Min=11, Avg=356.01, 90=768, 99=1062, 99.9=1260, 99.99=2551] 
2024-01-13 10:00:55:810 220 sec: 356529 operations; 3185.7 current ops/sec; est completion in 6 minutes [INSERT: Count=1619, Max=84, Min=9, Avg=31.63, 90=48, 99=69, 99.9=75, 99.99=84] [SCAN: Count=30238, Max=3391, Min=14, Avg=327, 90=715, 99=999, 99.9=1180, 99.99=2031] 
2024-01-13 10:01:05:810 230 sec: 389014 operations; 3248.5 current ops/sec; est completion in 6 minutes [INSERT: Count=1648, Max=161, Min=9, Avg=31.49, 90=50, 99=70, 99.9=79, 99.99=161] [SCAN: Count=30837, Max=4017, Min=12, Avg=320.53, 90=693, 99=988, 99.9=1232, 99.99=2299] 
2024-01-13 10:01:15:810 240 sec: 423330 operations; 3431.6 current ops/sec; est completion in 5 minutes [INSERT: Count=1817, Max=83, Min=9, Avg=31.91, 90=48, 99=69, 99.9=78, 99.99=83] [SCAN: Count=32501, Max=2815, Min=12, Avg=303.89, 90=651, 99=965, 99.9=1187, 99.99=2059] 
2024-01-13 10:01:25:810 250 sec: 460470 operations; 3714 current ops/sec; est completion in 4 minutes [INSERT: Count=1943, Max=99, Min=9, Avg=30.8, 90=45, 99=63, 99.9=87, 99.99=99] [SCAN: Count=35199, Max=2249, Min=12, Avg=280.48, 90=592, 99=897, 99.9=1112, 99.99=1805] 
2024-01-13 10:01:35:810 260 sec: 498308 operations; 3783.8 current ops/sec; est completion in 4 minutes [INSERT: Count=1942, Max=93, Min=9, Avg=31, 90=48, 99=74, 99.9=85, 99.99=93] [SCAN: Count=35894, Max=1884, Min=13, Avg=274.99, 90=574, 99=891, 99.9=1108, 99.99=1565] 
2024-01-13 10:01:45:810 270 sec: 536631 operations; 3832.3 current ops/sec; est completion in 3 minutes [INSERT: Count=1951, Max=89, Min=10, Avg=31.87, 90=51, 99=74, 99.9=82, 99.99=89] [SCAN: Count=36374, Max=2061, Min=11, Avg=271.3, 90=549, 99=890, 99.9=1140, 99.99=1632] 
2024-01-13 10:01:55:810 280 sec: 576270 operations; 3963.9 current ops/sec; est completion in 3 minutes [INSERT: Count=1945, Max=111, Min=9, Avg=30.63, 90=47, 99=65, 99.9=74, 99.99=111] [SCAN: Count=37691, Max=2091, Min=16, Avg=261.85, 90=509, 99=860, 99.9=1067, 99.99=1746] 
2024-01-13 10:02:05:810 290 sec: 616895 operations; 4062.5 current ops/sec; est completion in 3 minutes [INSERT: Count=1967, Max=74, Min=9, Avg=30.2, 90=49, 99=66, 99.9=73, 99.99=74] [SCAN: Count=38658, Max=2039, Min=12, Avg=255.28, 90=478, 99=844, 99.9=1067, 99.99=1709] 
2024-01-13 10:02:15:810 300 sec: 659328 operations; 4243.3 current ops/sec; est completion in 2 minutes [INSERT: Count=2206, Max=92, Min=9, Avg=30.72, 90=50, 99=71, 99.9=82, 99.99=92] [SCAN: Count=40228, Max=2123, Min=12, Avg=245.03, 90=432, 99=811, 99.9=1039, 99.99=1591] 
2024-01-13 10:02:25:810 310 sec: 704153 operations; 4482.5 current ops/sec; est completion in 2 minutes [INSERT: Count=2219, Max=602, Min=9, Avg=29.56, 90=45, 99=64, 99.9=75, 99.99=602] [SCAN: Count=42606, Max=2509, Min=12, Avg=231.36, 90=388, 99=765, 99.9=942, 99.99=1857] 
2024-01-13 10:02:35:810 320 sec: 748443 operations; 4429 current ops/sec; est completion in 1 minute [INSERT: Count=2226, Max=87, Min=10, Avg=30.65, 90=47, 99=63, 99.9=72, 99.99=87] [SCAN: Count=42065, Max=2171, Min=14, Avg=234.27, 90=382, 99=772, 99.9=990, 99.99=1633] 
2024-01-13 10:02:45:810 330 sec: 793444 operations; 4500.1 current ops/sec; est completion in 1 minute [INSERT: Count=2271, Max=91, Min=10, Avg=31, 90=49, 99=70, 99.9=80, 99.99=91] [SCAN: Count=42732, Max=1966, Min=14, Avg=230.55, 90=375, 99=756, 99.9=971, 99.99=1569] 
2024-01-13 10:02:55:810 340 sec: 838785 operations; 4534.1 current ops/sec; est completion in 1 minute [INSERT: Count=2245, Max=91, Min=10, Avg=31.65, 90=51, 99=70, 99.9=80, 99.99=91] [SCAN: Count=43093, Max=1771, Min=12, Avg=228.57, 90=372, 99=740, 99.9=945, 99.99=1688] 
2024-01-13 10:03:05:810 350 sec: 884820 operations; 4603.5 current ops/sec; est completion in 46 seconds [INSERT: Count=2259, Max=91, Min=10, Avg=31.38, 90=49, 99=67, 99.9=80, 99.99=91] [SCAN: Count=43777, Max=17679, Min=12, Avg=225, 90=364, 99=727, 99.9=932, 99.99=1598] 
2024-01-13 10:03:15:810 360 sec: 931386 operations; 4656.6 current ops/sec; est completion in 27 seconds [INSERT: Count=2272, Max=92, Min=10, Avg=31.87, 90=54, 99=75, 99.9=86, 99.99=92] [SCAN: Count=44294, Max=2133, Min=12, Avg=222.36, 90=361, 99=698, 99.9=922, 99.99=1603] 
2024-01-13 10:03:25:810 370 sec: 978869 operations; 4748.3 current ops/sec; est completion in 8 second [INSERT: Count=2335, Max=219, Min=10, Avg=31.74, 90=53, 99=74, 99.9=85, 99.99=219] [SCAN: Count=45148, Max=1878, Min=12, Avg=218.06, 90=356, 99=675, 99.9=891, 99.99=1530] 
2024-01-13 10:03:30:218 374 sec: 1000000 operations; 4792.7 current ops/sec; [CLEANUP: Count=1, Max=13127, Min=13120, Avg=13124, 90=13127, 99=13127, 99.9=13127, 99.99=13127] [INSERT: Count=1098, Max=87, Min=10, Avg=31.16, 90=51, 99=70, 99.9=86, 99.99=87] [SCAN: Count=20029, Max=1945, Min=15, Avg=215.88, 90=355, 99=643, 99.9=821, 99.99=1661] 
