[WARN]  Running against a source checkout. In order to get our runtime dependencies we'll have to invoke Maven. Depending on the state of your system, this may take ~30-45 seconds
[DEBUG]  Running 'mvn -pl site.ycsb:rocksdb-binding -am package -DskipTests dependency:build-classpath -DincludeScope=compile -Dmdep.outputFilterFile=true'
java -cp /home/user/src/rocksdb-cheops-2024/ycsb/rocksdb/conf:/home/user/src/rocksdb-cheops-2024/ycsb/rocksdb/target/rocksdb-binding-0.18.0-SNAPSHOT.jar:/root/.m2/repository/org/apache/htrace/htrace-core4/4.1.0-incubating/htrace-core4-4.1.0-incubating.jar:/root/.m2/repository/org/slf4j/slf4j-api/1.7.25/slf4j-api-1.7.25.jar:/home/user/src/rocksdb-cheops-2024/rocksdb-ycsb/java/target/rocksdbjni-7.4.3-linux64.jar:/root/.m2/repository/net/jcip/jcip-annotations/1.0/jcip-annotations-1.0.jar:/root/.m2/repository/org/hdrhistogram/HdrHistogram/2.1.4/HdrHistogram-2.1.4.jar:/root/.m2/repository/org/codehaus/jackson/jackson-mapper-asl/1.9.4/jackson-mapper-asl-1.9.4.jar:/lib/libzbd.so.1:/root/.m2/repository/org/codehaus/jackson/jackson-core-asl/1.9.4/jackson-core-asl-1.9.4.jar:/home/user/src/rocksdb-cheops-2024/rocksdb-ycsb/java/target/librocksdbjni-linux64.so:/home/user/src/rocksdb-cheops-2024/ycsb/core/target/core-0.18.0-SNAPSHOT.jar site.ycsb.Client -db site.ycsb.db.rocksdb.RocksDBClient -s -P ./workloads/workloadb -p recordcount=26214400 -p operationcount=1000000 -p fieldlength=100 -p fieldcount=10 -load
Command line: -db site.ycsb.db.rocksdb.RocksDBClient -s -P ./workloads/workloadb -p recordcount=26214400 -p operationcount=1000000 -p fieldlength=100 -p fieldcount=10 -load
YCSB Client 0.18.0-SNAPSHOT

Loading workload...
Starting test.
SLF4J: Failed to load class "org.slf4j.impl.StaticLoggerBinder".
SLF4J: Defaulting to no-operation (NOP) logger implementation
SLF4J: See http://www.slf4j.org/codes.html#StaticLoggerBinder for further details.
2024-01-13 13:15:35:557 0 sec: 0 operations; est completion in 0 second 
Leet YCSB 
DBWrapper: report latency for each error is false and specific error codes to track for latency are: []
2024-01-13 13:15:45:523 10 sec: 273259 operations; 27323.17 current ops/sec; est completion in 15 minutes [INSERT: Count=273362, Max=13775, Min=7, Avg=21.99, 90=44, 99=50, 99.9=61, 99.99=119] 
2024-01-13 13:15:55:522 20 sec: 710130 operations; 43691.47 current ops/sec; est completion in 11 minutes [INSERT: Count=436796, Max=4951, Min=7, Avg=21.4, 90=43, 99=49, 99.9=58, 99.99=70] 
2024-01-13 13:16:05:522 30 sec: 1121787 operations; 41165.7 current ops/sec; est completion in 11 minutes [INSERT: Count=411654, Max=57087, Min=7, Avg=22.8, 90=45, 99=52, 99.9=61, 99.99=73] 
2024-01-13 13:16:15:522 40 sec: 1514568 operations; 39278.1 current ops/sec; est completion in 10 minutes [INSERT: Count=392777, Max=16263, Min=7, Avg=23.97, 90=47, 99=55, 99.9=64, 99.99=74] 
2024-01-13 13:16:25:522 50 sec: 1922092 operations; 40752.4 current ops/sec; est completion in 10 minutes [INSERT: Count=407529, Max=4983, Min=6, Avg=23.05, 90=46, 99=54, 99.9=63, 99.99=79] 
2024-01-13 13:16:35:522 60 sec: 2357588 operations; 43549.6 current ops/sec; est completion in 10 minutes [INSERT: Count=435492, Max=1694, Min=7, Avg=21.47, 90=44, 99=51, 99.9=61, 99.99=70] 
2024-01-13 13:16:45:522 70 sec: 2781014 operations; 42342.6 current ops/sec; est completion in 9 minutes [INSERT: Count=423427, Max=58239, Min=7, Avg=22.11, 90=44, 99=51, 99.9=61, 99.99=71] 
2024-01-13 13:16:55:522 80 sec: 3206568 operations; 42551.14 current ops/sec; est completion in 9 minutes [INSERT: Count=425552, Max=1890, Min=7, Avg=22.01, 90=44, 99=50, 99.9=60, 99.99=72] 
2024-01-13 13:17:05:522 90 sec: 3630386 operations; 42386.04 current ops/sec; est completion in 9 minutes [INSERT: Count=423821, Max=4283, Min=6, Avg=22.1, 90=44, 99=50, 99.9=106, 99.99=155] 
2024-01-13 13:17:15:522 100 sec: 4071602 operations; 44121.6 current ops/sec; est completion in 9 minutes [INSERT: Count=441217, Max=6543, Min=6, Avg=21.17, 90=41, 99=128, 99.9=157, 99.99=181] 
2024-01-13 13:17:25:522 110 sec: 4544911 operations; 47330.9 current ops/sec; est completion in 8 minutes [INSERT: Count=473308, Max=1755, Min=7, Avg=19.65, 90=41, 99=44, 99.9=55, 99.99=62] 
2024-01-13 13:17:35:522 120 sec: 5005794 operations; 46088.3 current ops/sec; est completion in 8 minutes [INSERT: Count=460882, Max=35327, Min=7, Avg=20.21, 90=41, 99=45, 99.9=55, 99.99=63] 
2024-01-13 13:17:45:522 130 sec: 5465709 operations; 45991.5 current ops/sec; est completion in 8 minutes [INSERT: Count=459919, Max=2579, Min=6, Avg=20.23, 90=42, 99=46, 99.9=56, 99.99=64] 
2024-01-13 13:17:55:522 140 sec: 5937615 operations; 47190.6 current ops/sec; est completion in 7 minutes [INSERT: Count=471907, Max=1785, Min=7, Avg=19.69, 90=42, 99=45, 99.9=56, 99.99=62] 
2024-01-13 13:18:05:522 150 sec: 6385575 operations; 44796 current ops/sec; est completion in 7 minutes [INSERT: Count=447957, Max=36351, Min=6, Avg=20.81, 90=43, 99=47, 99.9=57, 99.99=64] 
2024-01-13 13:18:15:522 160 sec: 6813833 operations; 42825.8 current ops/sec; est completion in 7 minutes [INSERT: Count=428256, Max=1811, Min=7, Avg=21.83, 90=44, 99=49, 99.9=58, 99.99=65] 
2024-01-13 13:18:25:522 170 sec: 7239892 operations; 42605.9 current ops/sec; est completion in 7 minutes [INSERT: Count=426056, Max=9327, Min=6, Avg=21.93, 90=44, 99=50, 99.9=102, 99.99=159] 
2024-01-13 13:18:35:522 180 sec: 7660713 operations; 42082.1 current ops/sec; est completion in 7 minutes [INSERT: Count=420825, Max=5755, Min=7, Avg=22.22, 90=43, 99=136, 99.9=160, 99.99=186] 
2024-01-13 13:18:45:522 190 sec: 8020653 operations; 35990.4 current ops/sec; est completion in 7 minutes [INSERT: Count=359940, Max=23631, Min=7, Avg=25.91, 90=46, 99=124, 99.9=1243, 99.99=1560] 
2024-01-13 13:18:55:522 200 sec: 8374164 operations; 35351.1 current ops/sec; est completion in 7 minutes [INSERT: Count=353516, Max=37567, Min=8, Avg=26.26, 90=47, 99=79, 99.9=1255, 99.99=1560] 
2024-01-13 13:19:05:524 210 sec: 8726246 operations; 35208.2 current ops/sec; est completion in 7 minutes [INSERT: Count=352081, Max=17359, Min=8, Avg=26.48, 90=47, 99=75, 99.9=1262, 99.99=1533] 
2024-01-13 13:19:15:522 220 sec: 9138551 operations; 41234.62 current ops/sec; est completion in 6 minutes [INSERT: Count=412300, Max=4037, Min=7, Avg=22.64, 90=46, 99=52, 99.9=62, 99.99=91] 
2024-01-13 13:19:25:522 230 sec: 9571683 operations; 43313.2 current ops/sec; est completion in 6 minutes [INSERT: Count=433133, Max=16335, Min=7, Avg=21.48, 90=46, 99=51, 99.9=62, 99.99=1281] 
2024-01-13 13:19:35:522 240 sec: 9962679 operations; 39095.69 current ops/sec; est completion in 6 minutes [INSERT: Count=391002, Max=47359, Min=8, Avg=23.81, 90=48, 99=55, 99.9=67, 99.99=1324] 
2024-01-13 13:19:45:522 250 sec: 10333770 operations; 37109.1 current ops/sec; est completion in 6 minutes [INSERT: Count=371083, Max=38303, Min=8, Avg=25, 90=45, 99=52, 99.9=1277, 99.99=1530] 
2024-01-13 13:19:55:522 260 sec: 10726255 operations; 39252.43 current ops/sec; est completion in 6 minutes [INSERT: Count=392487, Max=6159, Min=7, Avg=23.88, 90=46, 99=52, 99.9=64, 99.99=1478] 
2024-01-13 13:20:05:522 270 sec: 11162991 operations; 43673.6 current ops/sec; est completion in 6 minutes [INSERT: Count=436738, Max=3255, Min=6, Avg=21.4, 90=43, 99=127, 99.9=157, 99.99=181] 
2024-01-13 13:20:15:522 280 sec: 11558600 operations; 39560.9 current ops/sec; est completion in 5 minutes [INSERT: Count=395604, Max=5279, Min=7, Avg=23.7, 90=45, 99=120, 99.9=163, 99.99=1353] 
2024-01-13 13:20:25:522 290 sec: 11919639 operations; 36103.9 current ops/sec; est completion in 5 minutes [INSERT: Count=361037, Max=40991, Min=8, Avg=26.08, 90=53, 99=89, 99.9=146, 99.99=176] 
2024-01-13 13:20:35:522 300 sec: 12288906 operations; 36926.7 current ops/sec; est completion in 5 minutes [INSERT: Count=369265, Max=9375, Min=8, Avg=25.49, 90=52, 99=116, 99.9=157, 99.99=190] 
2024-01-13 13:20:45:522 310 sec: 12737084 operations; 44817.8 current ops/sec; est completion in 5 minutes [INSERT: Count=448187, Max=1906, Min=6, Avg=20.81, 90=42, 99=54, 99.9=116, 99.99=162] 
2024-01-13 13:20:55:522 320 sec: 13203874 operations; 46679 current ops/sec; est completion in 5 minutes [INSERT: Count=466783, Max=10647, Min=7, Avg=19.9, 90=42, 99=46, 99.9=55, 99.99=65] 
2024-01-13 13:21:05:522 330 sec: 13641910 operations; 43803.6 current ops/sec; est completion in 5 minutes [INSERT: Count=438033, Max=3239, Min=8, Avg=21.27, 90=43, 99=47, 99.9=57, 99.99=83] 
2024-01-13 13:21:15:522 340 sec: 14050433 operations; 40852.3 current ops/sec; est completion in 4 minutes [INSERT: Count=408521, Max=37727, Min=8, Avg=22.91, 90=44, 99=50, 99.9=61, 99.99=1389] 
2024-01-13 13:21:25:522 350 sec: 14462937 operations; 41250.4 current ops/sec; est completion in 4 minutes [INSERT: Count=412501, Max=6103, Min=6, Avg=22.67, 90=45, 99=51, 99.9=132, 99.99=1211] 
2024-01-13 13:21:35:522 360 sec: 14887653 operations; 42471.6 current ops/sec; est completion in 4 minutes [INSERT: Count=424720, Max=2034, Min=7, Avg=22, 90=43, 99=130, 99.9=160, 99.99=184] 
2024-01-13 13:21:45:522 370 sec: 15308627 operations; 42097.4 current ops/sec; est completion in 4 minutes [INSERT: Count=420981, Max=2817, Min=7, Avg=22.2, 90=44, 99=78, 99.9=96, 99.99=197] 
2024-01-13 13:21:55:522 380 sec: 15719142 operations; 41051.5 current ops/sec; est completion in 4 minutes [INSERT: Count=410511, Max=36927, Min=8, Avg=22.82, 90=45, 99=78, 99.9=97, 99.99=117] 
2024-01-13 13:22:05:522 390 sec: 16127842 operations; 40870 current ops/sec; est completion in 4 minutes [INSERT: Count=408699, Max=3587, Min=8, Avg=22.93, 90=45, 99=77, 99.9=97, 99.99=113] 
2024-01-13 13:22:15:522 400 sec: 16567171 operations; 43932.9 current ops/sec; est completion in 3 minutes [INSERT: Count=439328, Max=5855, Min=6, Avg=21.21, 90=43, 99=78, 99.9=96, 99.99=110] 
2024-01-13 13:22:25:522 410 sec: 17003245 operations; 43607.4 current ops/sec; est completion in 3 minutes [INSERT: Count=436072, Max=2729, Min=7, Avg=21.39, 90=44, 99=50, 99.9=87, 99.99=105] 
2024-01-13 13:22:35:522 420 sec: 17427442 operations; 42419.7 current ops/sec; est completion in 3 minutes [INSERT: Count=424205, Max=38911, Min=8, Avg=22.01, 90=44, 99=49, 99.9=58, 99.99=69] 
2024-01-13 13:22:45:522 430 sec: 17845075 operations; 41763.3 current ops/sec; est completion in 3 minutes [INSERT: Count=417626, Max=3495, Min=7, Avg=22.39, 90=45, 99=49, 99.9=59, 99.99=76] 
2024-01-13 13:22:55:522 440 sec: 18270037 operations; 42491.95 current ops/sec; est completion in 3 minutes [INSERT: Count=424964, Max=1584, Min=6, Avg=21.99, 90=44, 99=107, 99.9=155, 99.99=182] 
2024-01-13 13:23:05:522 450 sec: 18702410 operations; 43241.62 current ops/sec; est completion in 3 minutes [INSERT: Count=432370, Max=3597, Min=7, Avg=21.63, 90=43, 99=82, 99.9=147, 99.99=178] 
2024-01-13 13:23:15:522 460 sec: 19112539 operations; 41012.9 current ops/sec; est completion in 2 minutes [INSERT: Count=410131, Max=37183, Min=7, Avg=22.84, 90=46, 99=75, 99.9=92, 99.99=106] 
2024-01-13 13:23:25:522 470 sec: 19507713 operations; 39513.45 current ops/sec; est completion in 2 minutes [INSERT: Count=395171, Max=9063, Min=8, Avg=23.73, 90=46, 99=76, 99.9=94, 99.99=1354] 
2024-01-13 13:23:35:522 480 sec: 19893436 operations; 38576.16 current ops/sec; est completion in 2 minutes [INSERT: Count=385731, Max=4283, Min=6, Avg=24.37, 90=46, 99=78, 99.9=99, 99.99=1507] 
2024-01-13 13:23:45:522 490 sec: 20326024 operations; 43258.8 current ops/sec; est completion in 2 minutes [INSERT: Count=432584, Max=9975, Min=7, Avg=21.55, 90=43, 99=76, 99.9=95, 99.99=1381] 
2024-01-13 13:23:55:522 500 sec: 20746872 operations; 42084.8 current ops/sec; est completion in 2 minutes [INSERT: Count=420849, Max=1648, Min=7, Avg=22.26, 90=44, 99=77, 99.9=96, 99.99=106] 
2024-01-13 13:24:05:522 510 sec: 21153220 operations; 40634.8 current ops/sec; est completion in 2 minutes [INSERT: Count=406346, Max=40991, Min=7, Avg=23.09, 90=45, 99=78, 99.9=97, 99.99=111] 
2024-01-13 13:24:15:522 520 sec: 21595685 operations; 44246.5 current ops/sec; est completion in 1 minute [INSERT: Count=442469, Max=3473, Min=7, Avg=21.11, 90=42, 99=48, 99.9=68, 99.99=97] 
2024-01-13 13:24:25:522 530 sec: 22023074 operations; 42738.9 current ops/sec; est completion in 1 minute [INSERT: Count=427386, Max=15175, Min=6, Avg=21.87, 90=43, 99=133, 99.9=158, 99.99=181] 
2024-01-13 13:24:35:522 540 sec: 22438400 operations; 41532.6 current ops/sec; est completion in 1 minute [INSERT: Count=415321, Max=1743, Min=7, Avg=22.58, 90=44, 99=116, 99.9=156, 99.99=180] 
2024-01-13 13:24:45:522 550 sec: 22841272 operations; 40287.2 current ops/sec; est completion in 1 minute [INSERT: Count=402873, Max=36159, Min=7, Avg=23.32, 90=44, 99=119, 99.9=157, 99.99=181] 
2024-01-13 13:24:55:522 560 sec: 23244664 operations; 40339.2 current ops/sec; est completion in 1 minute [INSERT: Count=403390, Max=5391, Min=7, Avg=23.29, 90=44, 99=109, 99.9=156, 99.99=181] 
2024-01-13 13:25:05:522 570 sec: 23666363 operations; 42169.9 current ops/sec; est completion in 1 minute [INSERT: Count=421698, Max=5883, Min=6, Avg=22.21, 90=44, 99=116, 99.9=157, 99.99=182] 
2024-01-13 13:25:15:522 580 sec: 24089080 operations; 42271.7 current ops/sec; est completion in 52 seconds [INSERT: Count=422718, Max=3453, Min=7, Avg=22.16, 90=44, 99=112, 99.9=157, 99.99=181] 
2024-01-13 13:25:25:522 590 sec: 24502854 operations; 41377.4 current ops/sec; est completion in 42 seconds [INSERT: Count=413776, Max=1707, Min=7, Avg=22.66, 90=44, 99=112, 99.9=156, 99.99=180] 
2024-01-13 13:25:35:522 600 sec: 24907489 operations; 40463.5 current ops/sec; est completion in 32 seconds [INSERT: Count=404632, Max=38623, Min=7, Avg=23.21, 90=45, 99=76, 99.9=94, 99.99=107] 
2024-01-13 13:25:45:522 610 sec: 25302001 operations; 39451.2 current ops/sec; est completion in 22 seconds [INSERT: Count=394514, Max=3421, Min=6, Avg=23.8, 90=46, 99=77, 99.9=96, 99.99=123] 
2024-01-13 13:25:55:522 620 sec: 25740176 operations; 43817.5 current ops/sec; est completion in 12 seconds [INSERT: Count=438175, Max=12615, Min=7, Avg=21.28, 90=43, 99=78, 99.9=101, 99.99=243] 
2024-01-13 13:26:05:522 630 sec: 26163488 operations; 42331.2 current ops/sec; est completion in 2 second [INSERT: Count=423314, Max=10167, Min=7, Avg=22.11, 90=44, 99=74, 99.9=88, 99.99=100] 
2024-01-13 13:26:06:884 631 sec: 26214400 operations; 37380.32 current ops/sec; [CLEANUP: Count=1, Max=124927, Min=124864, Avg=124896, 90=124927, 99=124927, 99.9=124927, 99.99=124927] [INSERT: Count=50898, Max=1117, Min=8, Avg=22.6, 90=45, 99=75, 99.9=90, 99.99=104] 
