[OVERALL], RunTime(ms), 397865
[OVERALL], Throughput(ops/sec), 2513.4153544544006
[TOTAL_GCS_G1_Young_Generation], Count, 131
[TOTAL_GC_TIME_G1_Young_Generation], Time(ms), 346
[TOTAL_GC_TIME_%_G1_Young_Generation], Time(%), 0.08696417126412224
[TOTAL_GCS_G1_Old_Generation], Count, 0
[TOTAL_GC_TIME_G1_Old_Generation], Time(ms), 0
[TOTAL_GC_TIME_%_G1_Old_Generation], Time(%), 0.0
[TOTAL_GCs], Count, 131
[TOTAL_GC_TIME], Time(ms), 346
[TOTAL_GC_TIME_%], Time(%), 0.08696417126412224
[CLEANUP], Operations, 1
[CLEANUP], AverageLatency(us), 8186.0
[CLEANUP], MinLatency(us), 8184
[CLEANUP], MaxLatency(us), 8187
[CLEANUP], 95thPercentileLatency(us), 8187
[CLEANUP], 99thPercentileLatency(us), 8187
[INSERT], Operations, 49975
[INSERT], AverageLatency(us), 37.31055527763882
[INSERT], MinLatency(us), 8
[INSERT], MaxLatency(us), 2907
[INSERT], 95thPercentileLatency(us), 86
[INSERT], 99thPercentileLatency(us), 103
[INSERT], Return=OK, 49975
[SCAN], Operations, 950025
[SCAN], AverageLatency(us), 371.20894397515855
[SCAN], MinLatency(us), 10
[SCAN], MaxLatency(us), 2828287
[SCAN], 95thPercentileLatency(us), 1076
[SCAN], 99thPercentileLatency(us), 1898
[SCAN], Return=OK, 950025
