[WARN]  Running against a source checkout. In order to get our runtime dependencies we'll have to invoke Maven. Depending on the state of your system, this may take ~30-45 seconds
[DEBUG]  Running 'mvn -pl site.ycsb:rocksdb-binding -am package -DskipTests dependency:build-classpath -DincludeScope=compile -Dmdep.outputFilterFile=true'
java -cp /home/user/src/rocksdb-cheops-2024/ycsb/rocksdb/conf:/home/user/src/rocksdb-cheops-2024/ycsb/rocksdb/target/rocksdb-binding-0.18.0-SNAPSHOT.jar:/root/.m2/repository/org/apache/htrace/htrace-core4/4.1.0-incubating/htrace-core4-4.1.0-incubating.jar:/root/.m2/repository/org/slf4j/slf4j-api/1.7.25/slf4j-api-1.7.25.jar:/home/user/src/rocksdb-cheops-2024/rocksdb-ycsb/java/target/rocksdbjni-7.4.3-linux64.jar:/root/.m2/repository/net/jcip/jcip-annotations/1.0/jcip-annotations-1.0.jar:/root/.m2/repository/org/hdrhistogram/HdrHistogram/2.1.4/HdrHistogram-2.1.4.jar:/root/.m2/repository/org/codehaus/jackson/jackson-mapper-asl/1.9.4/jackson-mapper-asl-1.9.4.jar:/lib/libzbd.so.1:/root/.m2/repository/org/codehaus/jackson/jackson-core-asl/1.9.4/jackson-core-asl-1.9.4.jar:/home/user/src/rocksdb-cheops-2024/rocksdb-ycsb/java/target/librocksdbjni-linux64.so:/home/user/src/rocksdb-cheops-2024/ycsb/core/target/core-0.18.0-SNAPSHOT.jar site.ycsb.Client -db site.ycsb.db.rocksdb.RocksDBClient -s -P ./workloads/workloadd -p recordcount=26214400 -p operationcount=1000000 -p fieldlength=100 -p fieldcount=10 -t
Command line: -db site.ycsb.db.rocksdb.RocksDBClient -s -P ./workloads/workloadd -p recordcount=26214400 -p operationcount=1000000 -p fieldlength=100 -p fieldcount=10 -t
YCSB Client 0.18.0-SNAPSHOT

Loading workload...
Starting test.
SLF4J: Failed to load class "org.slf4j.impl.StaticLoggerBinder".
SLF4J: Defaulting to no-operation (NOP) logger implementation
SLF4J: See http://www.slf4j.org/codes.html#StaticLoggerBinder for further details.
2024-01-13 09:48:57:413 0 sec: 0 operations; est completion in 0 second 
Leet YCSB 
2024-01-13 09:49:07:373 10 sec: 0 operations; est completion in 106751991167300 days 15 hours 
DBWrapper: report latency for each error is false and specific error codes to track for latency are: []
2024-01-13 09:49:17:373 20 sec: 6096 operations; 609.66 current ops/sec; est completion in 54 minutes [READ: Count=5825, Max=2565, Min=3, Avg=195.14, 90=514, 99=985, 99.9=1367, 99.99=1621] [INSERT: Count=278, Max=3599, Min=18, Avg=75.54, 90=89, 99=193, 99.9=3599, 99.99=3599] 
2024-01-13 09:49:27:373 30 sec: 75693 operations; 6959.7 current ops/sec; est completion in 6 minutes [READ: Count=66294, Max=2081, Min=2, Avg=146.9, 90=438, 99=914, 99.9=1301, 99.99=1633] [INSERT: Count=3302, Max=11975, Min=8, Avg=34.96, 90=47, 99=66, 99.9=92, 99.99=11975] 
2024-01-13 09:49:37:373 40 sec: 165358 operations; 8966.5 current ops/sec; est completion in 3 minutes [READ: Count=85273, Max=2107, Min=2, Avg=113.74, 90=348, 99=850, 99.9=1244, 99.99=1713] [INSERT: Count=4390, Max=195, Min=11, Avg=30.56, 90=44, 99=63, 99.9=82, 99.99=195] 
2024-01-13 09:49:47:373 50 sec: 303132 operations; 13777.4 current ops/sec; est completion in 1 minute [READ: Count=130979, Max=1882, Min=2, Avg=73.37, 90=236, 99=696, 99.9=1065, 99.99=1453] [INSERT: Count=6825, Max=77, Min=11, Avg=26.76, 90=39, 99=48, 99.9=58, 99.99=73] 
2024-01-13 09:49:57:373 60 sec: 508562 operations; 20543 current ops/sec; est completion in 58 seconds [READ: Count=195134, Max=5487, Min=2, Avg=48.69, 90=157, 99=579, 99.9=943, 99.99=1312] [INSERT: Count=10280, Max=91, Min=8, Avg=23.04, 90=35, 99=46, 99.9=64, 99.99=81] 
2024-01-13 09:50:07:373 70 sec: 775082 operations; 26652 current ops/sec; est completion in 21 seconds [READ: Count=253103, Max=159999, Min=2, Avg=36.72, 90=54, 99=400, 99.9=774, 99.99=1266] [INSERT: Count=13399, Max=341, Min=8, Avg=21.91, 90=34, 99=47, 99.9=64, 99.99=222] 
2024-01-13 09:50:17:373 80 sec: 907175 operations; 13209.3 current ops/sec; est completion in 9 second [READ: Count=125482, Max=142207, Min=2, Avg=77.73, 90=284, 99=812, 99.9=1320, 99.99=1739] [INSERT: Count=6614, Max=108, Min=9, Avg=25.1, 90=38, 99=56, 99.9=79, 99.99=90] 
2024-01-13 09:50:23:321 85 sec: 1000000 operations; 15606.09 current ops/sec; [READ: Count=88236, Max=5267, Min=2, Avg=62.41, 90=219, 99=759, 99.9=1341, 99.99=1938] [CLEANUP: Count=1, Max=217471, Min=217344, Avg=217408, 90=217471, 99=217471, 99.9=217471, 99.99=217471] [INSERT: Count=4586, Max=152, Min=9, Avg=23.6, 90=37, 99=53, 99.9=80, 99.99=152] 
