[OVERALL], RunTime(ms), 284221
[OVERALL], Throughput(ops/sec), 3518.3888593735155
[TOTAL_GCS_G1_Young_Generation], Count, 7
[TOTAL_GC_TIME_G1_Young_Generation], Time(ms), 46
[TOTAL_GC_TIME_%_G1_Young_Generation], Time(%), 0.016184588753118172
[TOTAL_GCS_G1_Old_Generation], Count, 0
[TOTAL_GC_TIME_G1_Old_Generation], Time(ms), 0
[TOTAL_GC_TIME_%_G1_Old_Generation], Time(%), 0.0
[TOTAL_GCs], Count, 7
[TOTAL_GC_TIME], Time(ms), 46
[TOTAL_GC_TIME_%], Time(%), 0.016184588753118172
[READ], Operations, 501155
[READ], AverageLatency(us), 158.12667338448185
[READ], MinLatency(us), 2
[READ], MaxLatency(us), 163455
[READ], 95thPercentileLatency(us), 488
[READ], 99thPercentileLatency(us), 848
[READ], Return=OK, 501155
[CLEANUP], Operations, 1
[CLEANUP], AverageLatency(us), 658176.0
[CLEANUP], MinLatency(us), 657920
[CLEANUP], MaxLatency(us), 658431
[CLEANUP], 95thPercentileLatency(us), 658431
[CLEANUP], 99thPercentileLatency(us), 658431
[UPDATE], Operations, 498845
[UPDATE], AverageLatency(us), 184.1994186570979
[UPDATE], MinLatency(us), 10
[UPDATE], MaxLatency(us), 157055
[UPDATE], 95thPercentileLatency(us), 529
[UPDATE], 99thPercentileLatency(us), 900
[UPDATE], Return=OK, 498845
