[WARN]  Running against a source checkout. In order to get our runtime dependencies we'll have to invoke Maven. Depending on the state of your system, this may take ~30-45 seconds
[DEBUG]  Running 'mvn -pl site.ycsb:rocksdb-binding -am package -DskipTests dependency:build-classpath -DincludeScope=compile -Dmdep.outputFilterFile=true'
java -cp /home/user/src/rocksdb-cheops-2024/ycsb/rocksdb/conf:/home/user/src/rocksdb-cheops-2024/ycsb/rocksdb/target/rocksdb-binding-0.18.0-SNAPSHOT.jar:/root/.m2/repository/org/apache/htrace/htrace-core4/4.1.0-incubating/htrace-core4-4.1.0-incubating.jar:/root/.m2/repository/org/slf4j/slf4j-api/1.7.25/slf4j-api-1.7.25.jar:/home/user/src/rocksdb-cheops-2024/rocksdb-ycsb/java/target/rocksdbjni-7.4.3-linux64.jar:/root/.m2/repository/net/jcip/jcip-annotations/1.0/jcip-annotations-1.0.jar:/root/.m2/repository/org/hdrhistogram/HdrHistogram/2.1.4/HdrHistogram-2.1.4.jar:/root/.m2/repository/org/codehaus/jackson/jackson-mapper-asl/1.9.4/jackson-mapper-asl-1.9.4.jar:/lib/libzbd.so.1:/root/.m2/repository/org/codehaus/jackson/jackson-core-asl/1.9.4/jackson-core-asl-1.9.4.jar:/home/user/src/rocksdb-cheops-2024/rocksdb-ycsb/java/target/librocksdbjni-linux64.so:/home/user/src/rocksdb-cheops-2024/ycsb/core/target/core-0.18.0-SNAPSHOT.jar site.ycsb.Client -db site.ycsb.db.rocksdb.RocksDBClient -s -P ./workloads/workloadb -p recordcount=26214400 -p operationcount=1000000 -p fieldlength=100 -p fieldcount=10 -t
Command line: -db site.ycsb.db.rocksdb.RocksDBClient -s -P ./workloads/workloadb -p recordcount=26214400 -p operationcount=1000000 -p fieldlength=100 -p fieldcount=10 -t
YCSB Client 0.18.0-SNAPSHOT

Loading workload...
Starting test.
SLF4J: Failed to load class "org.slf4j.impl.StaticLoggerBinder".
SLF4J: Defaulting to no-operation (NOP) logger implementation
SLF4J: See http://www.slf4j.org/codes.html#StaticLoggerBinder for further details.
2024-01-13 10:41:17:166 0 sec: 0 operations; est completion in 0 second 
2024-01-13 10:41:27:128 10 sec: 0 operations; est completion in 106751991167300 days 15 hours 
Leet YCSB 
2024-01-13 10:41:37:128 20 sec: 0 operations; est completion in 106751991167300 days 15 hours 
DBWrapper: report latency for each error is false and specific error codes to track for latency are: []
2024-01-13 10:41:47:128 30 sec: 10540 operations; 1054 current ops/sec; est completion in 46 minutes [READ: Count=10010, Max=3773, Min=3, Avg=459.33, 90=879, 99=1265, 99.9=1733, 99.99=2149] [UPDATE: Count=538, Max=4511, Min=27, Avg=556.46, 90=973, 99=1406, 99.9=1676, 99.99=4511] 
2024-01-13 10:41:57:128 40 sec: 37837 operations; 2729.7 current ops/sec; est completion in 16 minutes [READ: Count=25900, Max=11719, Min=2, Avg=361.73, 90=782, 99=1180, 99.9=1529, 99.99=1960] [UPDATE: Count=1390, Max=1781, Min=16, Avg=390.29, 90=821, 99=1240, 99.9=1682, 99.99=1781] 
2024-01-13 10:42:07:128 50 sec: 72559 operations; 3472.2 current ops/sec; est completion in 10 minutes [READ: Count=33005, Max=3125, Min=2, Avg=283.29, 90=673, 99=1092, 99.9=1485, 99.99=2087] [UPDATE: Count=1721, Max=1450, Min=14, Avg=322.59, 90=693, 99=1102, 99.9=1334, 99.99=1450] 
2024-01-13 10:42:17:128 60 sec: 119401 operations; 4684.2 current ops/sec; est completion in 7 minutes [READ: Count=44489, Max=2545, Min=3, Avg=208.91, 90=529, 99=974, 99.9=1399, 99.99=1746] [UPDATE: Count=2349, Max=2235, Min=19, Avg=256.38, 90=585, 99=999, 99.9=1364, 99.99=2235] 
2024-01-13 10:42:27:128 70 sec: 165793 operations; 4639.2 current ops/sec; est completion in 5 minutes [READ: Count=44061, Max=157695, Min=3, Avg=213.42, 90=463, 99=983, 99.9=1614, 99.99=144767] [UPDATE: Count=2331, Max=1502, Min=19, Avg=216.21, 90=492, 99=1030, 99.9=1417, 99.99=1502] 
2024-01-13 10:42:37:128 80 sec: 198618 operations; 3282.5 current ops/sec; est completion in 5 minutes [READ: Count=31182, Max=2913, Min=2, Avg=300.25, 90=727, 99=1285, 99.9=1837, 99.99=2553] [UPDATE: Count=1645, Max=2625, Min=21, Avg=342.91, 90=771, 99=1398, 99.9=1911, 99.99=2625] 
2024-01-13 10:42:47:128 90 sec: 242991 operations; 4437.3 current ops/sec; est completion in 4 minutes [READ: Count=42175, Max=2507, Min=2, Avg=221.15, 90=617, 99=1201, 99.9=1704, 99.99=2159] [UPDATE: Count=2199, Max=2001, Min=19, Avg=264.43, 90=680, 99=1212, 99.9=1589, 99.99=2001] 
2024-01-13 10:42:57:128 100 sec: 306866 operations; 6387.5 current ops/sec; est completion in 3 minutes [READ: Count=60720, Max=2391, Min=2, Avg=153.06, 90=442, 99=954, 99.9=1485, 99.99=2001] [UPDATE: Count=3151, Max=1545, Min=21, Avg=185.99, 90=485, 99=946, 99.9=1368, 99.99=1545] 
2024-01-13 10:43:07:128 110 sec: 359043 operations; 5217.7 current ops/sec; est completion in 3 minutes [READ: Count=49588, Max=166271, Min=2, Avg=188.36, 90=322, 99=671, 99.9=1172, 99.99=147327] [UPDATE: Count=2596, Max=155647, Min=12, Avg=222.49, 90=363, 99=694, 99.9=1154, 99.99=155647] 
2024-01-13 10:43:17:128 120 sec: 430114 operations; 7107.1 current ops/sec; est completion in 2 minutes [READ: Count=67604, Max=2024, Min=2, Avg=138.02, 90=315, 99=609, 99.9=920, 99.99=1434] [UPDATE: Count=3468, Max=1366, Min=12, Avg=161.56, 90=339, 99=615, 99.9=932, 99.99=1366] 
2024-01-13 10:43:27:128 130 sec: 512445 operations; 8233.1 current ops/sec; est completion in 2 minutes [READ: Count=78205, Max=1515, Min=2, Avg=118.77, 90=275, 99=520, 99.9=843, 99.99=1174] [UPDATE: Count=4122, Max=1555, Min=11, Avg=143.77, 90=299, 99=534, 99.9=879, 99.99=1555] 
2024-01-13 10:43:37:128 140 sec: 564360 operations; 5191.5 current ops/sec; est completion in 1 minute [READ: Count=49279, Max=1733, Min=2, Avg=189.55, 90=424, 99=724, 99.9=1022, 99.99=1470] [UPDATE: Count=2638, Max=1725, Min=14, Avg=219.29, 90=458, 99=712, 99.9=917, 99.99=1725] 
2024-01-13 10:43:47:128 150 sec: 628445 operations; 6408.5 current ops/sec; est completion in 1 minute [READ: Count=60910, Max=4091, Min=2, Avg=153.48, 90=376, 99=671, 99.9=991, 99.99=1346] [UPDATE: Count=3175, Max=1203, Min=13, Avg=175.7, 90=390, 99=679, 99.9=900, 99.99=1203] 
2024-01-13 10:43:57:128 160 sec: 704639 operations; 7619.4 current ops/sec; est completion in 1 minute [READ: Count=72345, Max=1608, Min=2, Avg=128.38, 90=332, 99=630, 99.9=927, 99.99=1273] [UPDATE: Count=3845, Max=1207, Min=13, Avg=156.87, 90=362, 99=654, 99.9=903, 99.99=1207] 
2024-01-13 10:44:07:128 170 sec: 796250 operations; 9161.1 current ops/sec; est completion in 44 seconds [READ: Count=87073, Max=2523, Min=2, Avg=106.55, 90=293, 99=580, 99.9=898, 99.99=1392] [UPDATE: Count=4540, Max=1251, Min=11, Avg=131.18, 90=319, 99=592, 99.9=808, 99.99=1251] 
2024-01-13 10:44:17:128 180 sec: 889216 operations; 9296.6 current ops/sec; est completion in 23 seconds [READ: Count=88336, Max=183167, Min=2, Avg=105.48, 90=214, 99=347, 99.9=527, 99.99=1019] [UPDATE: Count=4634, Max=718, Min=12, Avg=119.67, 90=241, 99=363, 99.9=509, 99.99=718] 
2024-01-13 10:44:27:128 190 sec: 995123 operations; 10590.7 current ops/sec; est completion in 1 second [READ: Count=100595, Max=5387, Min=2, Avg=91.83, 90=193, 99=318, 99.9=418, 99.99=518] [UPDATE: Count=5308, Max=489, Min=12, Avg=116.01, 90=216, 99=341, 99.9=420, 99.99=444] 
2024-01-13 10:44:28:677 191 sec: 1000000 operations; 3148.48 current ops/sec; [READ: Count=4661, Max=837, Min=2, Avg=89.61, 90=185, 99=314, 99.9=461, 99.99=837] [CLEANUP: Count=1, Max=1096703, Min=1095680, Avg=1096192, 90=1096703, 99=1096703, 99.9=1096703, 99.99=1096703] [UPDATE: Count=212, Max=369, Min=15, Avg=123.75, 90=210, 99=312, 99.9=369, 99.99=369] 
