[WARN]  Running against a source checkout. In order to get our runtime dependencies we'll have to invoke Maven. Depending on the state of your system, this may take ~30-45 seconds
[DEBUG]  Running 'mvn -pl site.ycsb:rocksdb-binding -am package -DskipTests dependency:build-classpath -DincludeScope=compile -Dmdep.outputFilterFile=true'
java -cp /home/user/src/rocksdb-cheops-2024/ycsb/rocksdb/conf:/home/user/src/rocksdb-cheops-2024/ycsb/rocksdb/target/rocksdb-binding-0.18.0-SNAPSHOT.jar:/root/.m2/repository/org/apache/htrace/htrace-core4/4.1.0-incubating/htrace-core4-4.1.0-incubating.jar:/root/.m2/repository/org/slf4j/slf4j-api/1.7.25/slf4j-api-1.7.25.jar:/home/user/src/rocksdb-cheops-2024/rocksdb-ycsb/java/target/rocksdbjni-7.4.3-linux64.jar:/root/.m2/repository/net/jcip/jcip-annotations/1.0/jcip-annotations-1.0.jar:/root/.m2/repository/org/hdrhistogram/HdrHistogram/2.1.4/HdrHistogram-2.1.4.jar:/root/.m2/repository/org/codehaus/jackson/jackson-mapper-asl/1.9.4/jackson-mapper-asl-1.9.4.jar:/lib/libzbd.so.1:/root/.m2/repository/org/codehaus/jackson/jackson-core-asl/1.9.4/jackson-core-asl-1.9.4.jar:/home/user/src/rocksdb-cheops-2024/rocksdb-ycsb/java/target/librocksdbjni-linux64.so:/home/user/src/rocksdb-cheops-2024/ycsb/core/target/core-0.18.0-SNAPSHOT.jar site.ycsb.Client -db site.ycsb.db.rocksdb.RocksDBClient -s -P ./workloads/workloadb -p recordcount=26214400 -p operationcount=1000000 -p fieldlength=100 -p fieldcount=10 -t
Command line: -db site.ycsb.db.rocksdb.RocksDBClient -s -P ./workloads/workloadb -p recordcount=26214400 -p operationcount=1000000 -p fieldlength=100 -p fieldcount=10 -t
YCSB Client 0.18.0-SNAPSHOT

Loading workload...
Starting test.
SLF4J: Failed to load class "org.slf4j.impl.StaticLoggerBinder".
SLF4J: Defaulting to no-operation (NOP) logger implementation
SLF4J: See http://www.slf4j.org/codes.html#StaticLoggerBinder for further details.
2024-01-13 11:58:47:726 0 sec: 0 operations; est completion in 0 second 
Leet YCSB 
2024-01-13 11:58:57:690 10 sec: 0 operations; est completion in 106751991167300 days 15 hours 
2024-01-13 11:59:07:690 20 sec: 0 operations; est completion in 106751991167300 days 15 hours 
2024-01-13 11:59:17:690 30 sec: 0 operations; est completion in 106751991167300 days 15 hours 
DBWrapper: report latency for each error is false and specific error codes to track for latency are: []
2024-01-13 11:59:27:690 40 sec: 1065 operations; 106.5 current ops/sec; est completion in 10 hours 25 minutes [READ: Count=1014, Max=1755, Min=5, Avg=551.17, 90=984, 99=1382, 99.9=1676, 99.99=1755] [UPDATE: Count=57, Max=1610, Min=66, Avg=648.74, 90=1056, 99=1340, 99.9=1610, 99.99=1610] 
2024-01-13 11:59:37:690 50 sec: 25461 operations; 2439.6 current ops/sec; est completion in 31 minutes [READ: Count=23122, Max=12535, Min=2, Avg=402.91, 90=825, 99=1244, 99.9=1649, 99.99=2281] [UPDATE: Count=1270, Max=1780, Min=17, Avg=455.99, 90=879, 99=1317, 99.9=1756, 99.99=1780] 
2024-01-13 11:59:47:690 60 sec: 56821 operations; 3136 current ops/sec; est completion in 16 minutes [READ: Count=29836, Max=11767, Min=2, Avg=314.56, 90=723, 99=1162, 99.9=1652, 99.99=2641] [UPDATE: Count=1525, Max=2289, Min=13, Avg=344.19, 90=748, 99=1170, 99.9=1373, 99.99=2289] 
2024-01-13 11:59:57:690 70 sec: 97578 operations; 4075.7 current ops/sec; est completion in 10 minutes [READ: Count=38699, Max=19327, Min=2, Avg=240.93, 90=584, 99=1147, 99.9=2161, 99.99=5327] [UPDATE: Count=2058, Max=2083, Min=19, Avg=279.55, 90=649, 99=1320, 99.9=1994, 99.99=2083] 
2024-01-13 12:00:07:690 80 sec: 150155 operations; 5257.7 current ops/sec; est completion in 7 minutes [READ: Count=49860, Max=15999, Min=2, Avg=186.15, 90=436, 99=1368, 99.9=2165, 99.99=3499] [UPDATE: Count=2715, Max=2839, Min=18, Avg=215.42, 90=458, 99=1549, 99.9=2021, 99.99=2839] 
2024-01-13 12:00:17:695 90 sec: 180493 operations; 3033.19 current ops/sec; est completion in 6 minutes [READ: Count=28770, Max=160383, Min=3, Avg=325.93, 90=697, 99=1420, 99.9=2509, 99.99=146175] [UPDATE: Count=1588, Max=28271, Min=18, Avg=338.09, 90=727, 99=1339, 99.9=2223, 99.99=28271] 
2024-01-13 12:00:27:696 100 sec: 215957 operations; 3546.4 current ops/sec; est completion in 6 minutes [READ: Count=33711, Max=16431, Min=2, Avg=275.42, 90=698, 99=1398, 99.9=2419, 99.99=8519] [UPDATE: Count=1758, Max=18111, Min=20, Avg=345.99, 90=770, 99=1587, 99.9=2953, 99.99=18111] 
2024-01-13 12:00:37:690 110 sec: 266623 operations; 5067.61 current ops/sec; est completion in 5 minutes [READ: Count=48180, Max=8247, Min=3, Avg=192.71, 90=544, 99=1225, 99.9=2145, 99.99=2835] [UPDATE: Count=2468, Max=2439, Min=21, Avg=242.01, 90=618, 99=1369, 99.9=2155, 99.99=2439] 
2024-01-13 12:00:47:690 120 sec: 335431 operations; 6880.8 current ops/sec; est completion in 3 minutes [READ: Count=65325, Max=13239, Min=2, Avg=141.27, 90=373, 99=910, 99.9=1693, 99.99=2605] [UPDATE: Count=3481, Max=1929, Min=12, Avg=183.67, 90=433, 99=946, 99.9=1689, 99.99=1929] 
2024-01-13 12:00:57:714 130 sec: 378309 operations; 4283.52 current ops/sec; est completion in 3 minutes [READ: Count=40812, Max=299263, Min=2, Avg=230.44, 90=331, 99=910, 99.9=1950, 99.99=166399] [UPDATE: Count=2135, Max=133247, Min=14, Avg=251.21, 90=364, 99=1374, 99.9=2817, 99.99=133247] 
2024-01-13 12:01:07:709 140 sec: 447529 operations; 6925.46 current ops/sec; est completion in 2 minutes [READ: Count=65886, Max=19183, Min=2, Avg=140.3, 90=307, 99=641, 99.9=1659, 99.99=4031] [UPDATE: Count=3348, Max=2635, Min=12, Avg=182.7, 90=359, 99=833, 99.9=1725, 99.99=2635] 
2024-01-13 12:01:17:700 150 sec: 518450 operations; 7093.52 current ops/sec; est completion in 2 minutes [READ: Count=67405, Max=15879, Min=2, Avg=137.14, 90=312, 99=625, 99.9=1522, 99.99=2647] [UPDATE: Count=3457, Max=1692, Min=12, Avg=175.33, 90=354, 99=752, 99.9=1601, 99.99=1692] 
2024-01-13 12:01:27:694 160 sec: 572407 operations; 5396.24 current ops/sec; est completion in 2 minutes [READ: Count=51182, Max=8663, Min=2, Avg=181.71, 90=413, 99=725, 99.9=1605, 99.99=2437] [UPDATE: Count=2748, Max=2155, Min=14, Avg=218.45, 90=466, 99=766, 99.9=1497, 99.99=2155] 
2024-01-13 12:01:37:690 170 sec: 636385 operations; 6399.08 current ops/sec; est completion in 1 minute [READ: Count=60858, Max=19887, Min=2, Avg=152.45, 90=374, 99=698, 99.9=1547, 99.99=2367] [UPDATE: Count=3120, Max=6283, Min=14, Avg=193.3, 90=414, 99=774, 99.9=1734, 99.99=6283] 
2024-01-13 12:01:47:690 180 sec: 710940 operations; 7455.5 current ops/sec; est completion in 1 minute [READ: Count=70821, Max=3579, Min=2, Avg=130.62, 90=338, 99=672, 99.9=1540, 99.99=2093] [UPDATE: Count=3737, Max=2509, Min=13, Avg=168.38, 90=377, 99=843, 99.9=1809, 99.99=2509] 
2024-01-13 12:01:57:690 190 sec: 796868 operations; 8592.8 current ops/sec; est completion in 49 seconds [READ: Count=81687, Max=167295, Min=2, Avg=113.65, 90=277, 99=598, 99.9=1463, 99.99=1782] [UPDATE: Count=4240, Max=1694, Min=12, Avg=138.12, 90=314, 99=660, 99.9=1473, 99.99=1694] 
2024-01-13 12:02:07:690 200 sec: 891702 operations; 9483.4 current ops/sec; est completion in 25 seconds [READ: Count=90095, Max=2643, Min=2, Avg=102.42, 90=214, 99=355, 99.9=1429, 99.99=1603] [UPDATE: Count=4740, Max=1695, Min=12, Avg=134.17, 90=254, 99=414, 99.9=1494, 99.99=1695] 
2024-01-13 12:02:17:690 210 sec: 993739 operations; 10203.7 current ops/sec; est completion in 2 second [READ: Count=96875, Max=2793, Min=2, Avg=95.25, 90=195, 99=330, 99.9=1398, 99.99=1656] [UPDATE: Count=5161, Max=2503, Min=12, Avg=121.24, 90=227, 99=357, 99.9=1406, 99.99=1644] 
2024-01-13 12:02:19:404 211 sec: 1000000 operations; 3650.73 current ops/sec; [READ: Count=5948, Max=1627, Min=2, Avg=94.11, 90=193, 99=338, 99.9=1528, 99.99=1597] [CLEANUP: Count=1, Max=1106943, Min=1105920, Avg=1106432, 90=1106943, 99=1106943, 99.9=1106943, 99.99=1106943] [UPDATE: Count=308, Max=1403, Min=15, Avg=121.33, 90=217, 99=435, 99.9=1403, 99.99=1403] 
