[WARN]  Running against a source checkout. In order to get our runtime dependencies we'll have to invoke Maven. Depending on the state of your system, this may take ~30-45 seconds
[DEBUG]  Running 'mvn -pl site.ycsb:rocksdb-binding -am package -DskipTests dependency:build-classpath -DincludeScope=compile -Dmdep.outputFilterFile=true'
java -cp /home/user/src/rocksdb-cheops-2024/ycsb/rocksdb/conf:/home/user/src/rocksdb-cheops-2024/ycsb/rocksdb/target/rocksdb-binding-0.18.0-SNAPSHOT.jar:/root/.m2/repository/org/apache/htrace/htrace-core4/4.1.0-incubating/htrace-core4-4.1.0-incubating.jar:/root/.m2/repository/org/slf4j/slf4j-api/1.7.25/slf4j-api-1.7.25.jar:/home/user/src/rocksdb-cheops-2024/rocksdb-ycsb/java/target/rocksdbjni-7.4.3-linux64.jar:/root/.m2/repository/net/jcip/jcip-annotations/1.0/jcip-annotations-1.0.jar:/root/.m2/repository/org/hdrhistogram/HdrHistogram/2.1.4/HdrHistogram-2.1.4.jar:/root/.m2/repository/org/codehaus/jackson/jackson-mapper-asl/1.9.4/jackson-mapper-asl-1.9.4.jar:/lib/libzbd.so.1:/root/.m2/repository/org/codehaus/jackson/jackson-core-asl/1.9.4/jackson-core-asl-1.9.4.jar:/home/user/src/rocksdb-cheops-2024/rocksdb-ycsb/java/target/librocksdbjni-linux64.so:/home/user/src/rocksdb-cheops-2024/ycsb/core/target/core-0.18.0-SNAPSHOT.jar site.ycsb.Client -db site.ycsb.db.rocksdb.RocksDBClient -s -P ./workloads/workloade -p recordcount=26214400 -p operationcount=1000000 -p fieldlength=100 -p fieldcount=10 -t
Command line: -db site.ycsb.db.rocksdb.RocksDBClient -s -P ./workloads/workloade -p recordcount=26214400 -p operationcount=1000000 -p fieldlength=100 -p fieldcount=10 -t
YCSB Client 0.18.0-SNAPSHOT

Loading workload...
Starting test.
SLF4J: Failed to load class "org.slf4j.impl.StaticLoggerBinder".
SLF4J: Defaulting to no-operation (NOP) logger implementation
SLF4J: See http://www.slf4j.org/codes.html#StaticLoggerBinder for further details.
2024-01-13 11:11:27:242 0 sec: 0 operations; est completion in 0 second 
2024-01-13 11:11:37:206 10 sec: 0 operations; est completion in 106751991167300 days 15 hours 
Leet YCSB 
2024-01-13 11:11:47:206 20 sec: 0 operations; est completion in 106751991167300 days 15 hours 
DBWrapper: report latency for each error is false and specific error codes to track for latency are: []
2024-01-13 11:11:57:206 30 sec: 2758 operations; 275.8 current ops/sec; est completion in 3 hours [INSERT: Count=162, Max=3611, Min=31, Avg=125.46, 90=139, 99=358, 99.9=3611, 99.99=3611] [SCAN: Count=2603, Max=15223, Min=33, Avg=1441.66, 90=2291, 99=2963, 99.9=3679, 99.99=15223] 
2024-01-13 11:12:07:206 40 sec: 11200 operations; 844.2 current ops/sec; est completion in 58 minutes [INSERT: Count=437, Max=176, Min=15, Avg=57.71, 90=89, 99=122, 99.9=176, 99.99=176] [SCAN: Count=8001, Max=7155, Min=38, Avg=1238.14, 90=2201, 99=2861, 99.9=3391, 99.99=4103] 
2024-01-13 11:12:17:206 50 sec: 22061 operations; 1086.1 current ops/sec; est completion in 36 minutes [INSERT: Count=549, Max=253, Min=12, Avg=45.12, 90=64, 99=95, 99.9=193, 99.99=253] [SCAN: Count=10311, Max=6919, Min=19, Avg=962.43, 90=1872, 99=2531, 99.9=3011, 99.99=4079] 
2024-01-13 11:12:27:206 60 sec: 35277 operations; 1321.6 current ops/sec; est completion in 27 minutes [INSERT: Count=602, Max=106, Min=12, Avg=44.02, 90=65, 99=90, 99.9=104, 99.99=106] [SCAN: Count=12615, Max=6447, Min=21, Avg=786.01, 90=1601, 99=2339, 99.9=2981, 99.99=6171] 
2024-01-13 11:12:37:206 70 sec: 46852 operations; 1157.5 current ops/sec; est completion in 23 minutes [INSERT: Count=605, Max=111, Min=11, Avg=42.24, 90=63, 99=93, 99.9=103, 99.99=111] [SCAN: Count=10968, Max=1198079, Min=27, Avg=904.68, 90=1618, 99=2661, 99.9=3659, 99.99=6583] 
2024-01-13 11:12:47:206 80 sec: 56529 operations; 967.7 current ops/sec; est completion in 22 minutes [INSERT: Count=473, Max=108, Min=9, Avg=49.22, 90=73, 99=96, 99.9=108, 99.99=108] [SCAN: Count=9204, Max=11103, Min=22, Avg=1078.68, 90=2179, 99=3133, 99.9=4041, 99.99=7375] 
2024-01-13 11:12:57:208 90 sec: 69375 operations; 1284.34 current ops/sec; est completion in 20 minutes [INSERT: Count=623, Max=110, Min=11, Avg=47.67, 90=70, 99=93, 99.9=104, 99.99=110] [SCAN: Count=12222, Max=18095, Min=20, Avg=812.01, 90=1878, 99=2905, 99.9=4383, 99.99=17903] 
2024-01-13 11:13:07:206 100 sec: 86139 operations; 1676.74 current ops/sec; est completion in 17 minutes [INSERT: Count=832, Max=111, Min=10, Avg=43.88, 90=65, 99=92, 99.9=105, 99.99=111] [SCAN: Count=15935, Max=16231, Min=24, Avg=622.2, 90=1432, 99=2371, 99.9=3153, 99.99=10583] 
2024-01-13 11:13:17:206 110 sec: 96125 operations; 998.5 current ops/sec; est completion in 17 minutes [INSERT: Count=485, Max=117, Min=10, Avg=41.02, 90=61, 99=77, 99.9=117, 99.99=117] [SCAN: Count=9499, Max=3010559, Min=22, Avg=1047.68, 90=1275, 99=1988, 99.9=6119, 99.99=160895] 
2024-01-13 11:13:27:206 120 sec: 111882 operations; 1575.86 current ops/sec; est completion in 15 minutes [INSERT: Count=871, Max=86, Min=10, Avg=38.21, 90=53, 99=71, 99.9=79, 99.99=86] [SCAN: Count=14889, Max=5947, Min=21, Avg=665.89, 90=1232, 99=1780, 99.9=2379, 99.99=5871] 
2024-01-13 11:13:37:206 130 sec: 128188 operations; 1630.6 current ops/sec; est completion in 14 minutes [INSERT: Count=798, Max=94, Min=11, Avg=37.88, 90=55, 99=75, 99.9=93, 99.99=94] [SCAN: Count=15505, Max=785407, Min=16, Avg=640.13, 90=1102, 99=1610, 99.9=2101, 99.99=16991] 
2024-01-13 11:13:47:206 140 sec: 142648 operations; 1446 current ops/sec; est completion in 14 minutes [INSERT: Count=690, Max=102, Min=11, Avg=41.58, 90=62, 99=85, 99.9=94, 99.99=102] [SCAN: Count=13771, Max=6699, Min=11, Avg=721.13, 90=1372, 99=1864, 99.9=2417, 99.99=5367] 
2024-01-13 11:13:57:206 150 sec: 159555 operations; 1690.7 current ops/sec; est completion in 13 minutes [INSERT: Count=840, Max=103, Min=10, Avg=40.81, 90=61, 99=82, 99.9=96, 99.99=103] [SCAN: Count=16066, Max=5211, Min=16, Avg=617.5, 90=1271, 99=1809, 99.9=2501, 99.99=3605] 
2024-01-13 11:14:07:206 160 sec: 178855 operations; 1930 current ops/sec; est completion in 12 minutes [INSERT: Count=1006, Max=114, Min=9, Avg=39.53, 90=60, 99=78, 99.9=85, 99.99=114] [SCAN: Count=18295, Max=6151, Min=19, Avg=541.86, 90=1193, 99=1738, 99.9=2405, 99.99=5347] 
2024-01-13 11:14:17:206 170 sec: 200682 operations; 2182.7 current ops/sec; est completion in 11 minutes [INSERT: Count=1107, Max=93, Min=10, Avg=37.89, 90=53, 99=71, 99.9=84, 99.99=93] [SCAN: Count=20719, Max=4049, Min=13, Avg=478.14, 90=1099, 99=1664, 99.9=2227, 99.99=2927] 
2024-01-13 11:14:27:206 180 sec: 219731 operations; 1904.9 current ops/sec; est completion in 10 minutes [INSERT: Count=954, Max=80, Min=8, Avg=35.22, 90=55, 99=68, 99.9=78, 99.99=80] [SCAN: Count=18097, Max=1158143, Min=14, Avg=548.21, 90=917, 99=1212, 99.9=1637, 99.99=2191] 
2024-01-13 11:14:37:206 190 sec: 243034 operations; 2330.3 current ops/sec; est completion in 9 minutes [INSERT: Count=1093, Max=86, Min=10, Avg=32.91, 90=48, 99=60, 99.9=82, 99.99=86] [SCAN: Count=22208, Max=2365, Min=12, Avg=446.23, 90=876, 99=1146, 99.9=1428, 99.99=2087] 
2024-01-13 11:14:47:206 200 sec: 268000 operations; 2496.6 current ops/sec; est completion in 9 minutes [INSERT: Count=1237, Max=78, Min=8, Avg=32.22, 90=46, 99=65, 99.9=78, 99.99=78] [SCAN: Count=23731, Max=2061, Min=18, Avg=417.39, 90=851, 99=1121, 99.9=1354, 99.99=1682] 
2024-01-13 11:14:57:206 210 sec: 294957 operations; 2695.7 current ops/sec; est completion in 8 minutes [INSERT: Count=1379, Max=84, Min=9, Avg=32.33, 90=47, 99=66, 99.9=77, 99.99=84] [SCAN: Count=25578, Max=2493, Min=17, Avg=386.93, 90=806, 99=1065, 99.9=1241, 99.99=1871] 
2024-01-13 11:15:07:206 220 sec: 323217 operations; 2826 current ops/sec; est completion in 7 minutes [INSERT: Count=1400, Max=73, Min=10, Avg=32.99, 90=48, 99=63, 99.9=72, 99.99=73] [SCAN: Count=26860, Max=2495, Min=12, Avg=368.34, 90=783, 99=1035, 99.9=1262, 99.99=1977] 
2024-01-13 11:15:17:206 230 sec: 353275 operations; 3005.8 current ops/sec; est completion in 7 minutes [INSERT: Count=1513, Max=79, Min=9, Avg=30.43, 90=44, 99=60, 99.9=77, 99.99=79] [SCAN: Count=28544, Max=2351, Min=12, Avg=346.58, 90=759, 99=992, 99.9=1205, 99.99=1745] 
2024-01-13 11:15:27:206 240 sec: 385335 operations; 3206 current ops/sec; est completion in 6 minutes [INSERT: Count=1585, Max=68, Min=9, Avg=31.26, 90=44, 99=58, 99.9=65, 99.99=68] [SCAN: Count=30476, Max=2435, Min=11, Avg=324.36, 90=711, 99=948, 99.9=1180, 99.99=1992] 
2024-01-13 11:15:37:206 250 sec: 419488 operations; 3415.3 current ops/sec; est completion in 5 minutes [INSERT: Count=1705, Max=81, Min=9, Avg=32.59, 90=48, 99=64, 99.9=71, 99.99=81] [SCAN: Count=32449, Max=2527, Min=13, Avg=304.36, 90=660, 99=905, 99.9=1117, 99.99=1901] 
2024-01-13 11:15:47:206 260 sec: 455225 operations; 3573.7 current ops/sec; est completion in 5 minutes [INSERT: Count=1804, Max=231, Min=8, Avg=32.23, 90=45, 99=64, 99.9=77, 99.99=231] [SCAN: Count=33931, Max=2125, Min=14, Avg=290.9, 90=626, 99=878, 99.9=1076, 99.99=1903] 
2024-01-13 11:15:57:206 270 sec: 492465 operations; 3724 current ops/sec; est completion in 4 minutes [INSERT: Count=1901, Max=81, Min=10, Avg=32.74, 90=47, 99=64, 99.9=76, 99.99=81] [SCAN: Count=35338, Max=2551, Min=13, Avg=279.17, 90=594, 99=865, 99.9=1057, 99.99=1973] 
2024-01-13 11:16:07:206 280 sec: 530009 operations; 3754.4 current ops/sec; est completion in 4 minutes [INSERT: Count=1922, Max=75, Min=9, Avg=31.73, 90=50, 99=65, 99.9=72, 99.99=75] [SCAN: Count=35623, Max=2579, Min=11, Avg=277, 90=569, 99=861, 99.9=1056, 99.99=1554] 
2024-01-13 11:16:17:206 290 sec: 569530 operations; 3952.1 current ops/sec; est completion in 3 minutes [INSERT: Count=1903, Max=87, Min=9, Avg=30.97, 90=44, 99=61, 99.9=72, 99.99=87] [SCAN: Count=37624, Max=1949, Min=11, Avg=262.26, 90=531, 99=841, 99.9=1027, 99.99=1765] 
2024-01-13 11:16:27:206 300 sec: 611237 operations; 4170.7 current ops/sec; est completion in 3 minutes [INSERT: Count=2148, Max=75, Min=8, Avg=31.48, 90=50, 99=62, 99.9=74, 99.99=75] [SCAN: Count=39553, Max=2345, Min=12, Avg=249.14, 90=495, 99=815, 99.9=998, 99.99=1722] 
2024-01-13 11:16:37:206 310 sec: 653996 operations; 4275.9 current ops/sec; est completion in 2 minutes [INSERT: Count=2125, Max=86, Min=9, Avg=31.47, 90=47, 99=62, 99.9=73, 99.99=86] [SCAN: Count=40633, Max=2183, Min=11, Avg=242.5, 90=455, 99=801, 99.9=950, 99.99=1707] 
2024-01-13 11:16:47:206 320 sec: 698140 operations; 4414.4 current ops/sec; est completion in 2 minutes [INSERT: Count=2181, Max=75, Min=9, Avg=31.58, 90=48, 99=63, 99.9=71, 99.99=75] [SCAN: Count=41964, Max=2006, Min=13, Avg=234.75, 90=410, 99=779, 99.9=932, 99.99=1619] 
2024-01-13 11:16:57:206 330 sec: 742404 operations; 4426.4 current ops/sec; est completion in 1 minute [INSERT: Count=2164, Max=81, Min=9, Avg=31.92, 90=46, 99=62, 99.9=70, 99.99=81] [SCAN: Count=42101, Max=2609, Min=11, Avg=233.97, 90=391, 99=770, 99.9=921, 99.99=1738] 
2024-01-13 11:17:07:206 340 sec: 786188 operations; 4378.4 current ops/sec; est completion in 1 minute [INSERT: Count=2153, Max=75, Min=9, Avg=32.96, 90=52, 99=64, 99.9=72, 99.99=75] [SCAN: Count=41632, Max=1979, Min=12, Avg=236.58, 90=393, 99=782, 99.9=951, 99.99=1758] 
2024-01-13 11:17:17:206 350 sec: 833072 operations; 4688.4 current ops/sec; est completion in 1 minute [INSERT: Count=2302, Max=76, Min=10, Avg=30.91, 90=44, 99=61, 99.9=72, 99.99=76] [SCAN: Count=44581, Max=2215, Min=12, Avg=220.83, 90=362, 99=742, 99.9=891, 99.99=1798] 
2024-01-13 11:17:27:206 360 sec: 880826 operations; 4775.4 current ops/sec; est completion in 49 seconds [INSERT: Count=2278, Max=77, Min=8, Avg=31.45, 90=48, 99=63, 99.9=73, 99.99=77] [SCAN: Count=45476, Max=1930, Min=13, Avg=216.44, 90=354, 99=707, 99.9=877, 99.99=1150] 
2024-01-13 11:17:37:206 370 sec: 927185 operations; 4635.9 current ops/sec; est completion in 30 seconds [INSERT: Count=2265, Max=75, Min=9, Avg=32.34, 90=51, 99=64, 99.9=72, 99.99=75] [SCAN: Count=44094, Max=2189, Min=15, Avg=223.27, 90=365, 99=710, 99.9=899, 99.99=1712] 
2024-01-13 11:17:47:206 380 sec: 973716 operations; 4653.1 current ops/sec; est completion in 11 seconds [INSERT: Count=2260, Max=132, Min=10, Avg=32.46, 90=49, 99=63, 99.9=74, 99.99=132] [SCAN: Count=44270, Max=2000, Min=13, Avg=222.37, 90=362, 99=702, 99.9=895, 99.99=1679] 
2024-01-13 11:17:52:786 385 sec: 1000000 operations; 4709.55 current ops/sec; [CLEANUP: Count=1, Max=10743, Min=10736, Avg=10740, 90=10743, 99=10743, 99.9=10743, 99.99=10743] [INSERT: Count=1328, Max=78, Min=9, Avg=32.22, 90=50, 99=64, 99.9=72, 99.99=78] [SCAN: Count=24954, Max=1768, Min=11, Avg=219.47, 90=360, 99=663, 99.9=881, 99.99=1648] 
