[OVERALL], RunTime(ms), 502642
[OVERALL], Throughput(ops/sec), 52153.22237298117
[TOTAL_GCS_G1_Young_Generation], Count, 219
[TOTAL_GC_TIME_G1_Young_Generation], Time(ms), 506
[TOTAL_GC_TIME_%_G1_Young_Generation], Time(%), 0.10066806991855037
[TOTAL_GCS_G1_Old_Generation], Count, 0
[TOTAL_GC_TIME_G1_Old_Generation], Time(ms), 0
[TOTAL_GC_TIME_%_G1_Old_Generation], Time(%), 0.0
[TOTAL_GCs], Count, 219
[TOTAL_GC_TIME], Time(ms), 506
[TOTAL_GC_TIME_%], Time(%), 0.10066806991855037
[CLEANUP], Operations, 1
[CLEANUP], AverageLatency(us), 121504.0
[CLEANUP], MinLatency(us), 121472
[CLEANUP], MaxLatency(us), 121535
[CLEANUP], 95thPercentileLatency(us), 121535
[CLEANUP], 99thPercentileLatency(us), 121535
[INSERT], Operations, 26214400
[INSERT], AverageLatency(us), 17.522168655395507
[INSERT], MinLatency(us), 6
[INSERT], MaxLatency(us), 31407
[INSERT], 95thPercentileLatency(us), 47
[INSERT], 99thPercentileLatency(us), 57
[INSERT], Return=OK, 26214400
