[WARN]  Running against a source checkout. In order to get our runtime dependencies we'll have to invoke Maven. Depending on the state of your system, this may take ~30-45 seconds
[DEBUG]  Running 'mvn -pl site.ycsb:rocksdb-binding -am package -DskipTests dependency:build-classpath -DincludeScope=compile -Dmdep.outputFilterFile=true'
java -cp /home/user/src/rocksdb-cheops-2024/ycsb/rocksdb/conf:/home/user/src/rocksdb-cheops-2024/ycsb/rocksdb/target/rocksdb-binding-0.18.0-SNAPSHOT.jar:/root/.m2/repository/org/apache/htrace/htrace-core4/4.1.0-incubating/htrace-core4-4.1.0-incubating.jar:/root/.m2/repository/org/slf4j/slf4j-api/1.7.25/slf4j-api-1.7.25.jar:/home/user/src/rocksdb-cheops-2024/rocksdb-ycsb/java/target/rocksdbjni-7.4.3-linux64.jar:/root/.m2/repository/net/jcip/jcip-annotations/1.0/jcip-annotations-1.0.jar:/root/.m2/repository/org/hdrhistogram/HdrHistogram/2.1.4/HdrHistogram-2.1.4.jar:/root/.m2/repository/org/codehaus/jackson/jackson-mapper-asl/1.9.4/jackson-mapper-asl-1.9.4.jar:/lib/libzbd.so.1:/root/.m2/repository/org/codehaus/jackson/jackson-core-asl/1.9.4/jackson-core-asl-1.9.4.jar:/home/user/src/rocksdb-cheops-2024/rocksdb-ycsb/java/target/librocksdbjni-linux64.so:/home/user/src/rocksdb-cheops-2024/ycsb/core/target/core-0.18.0-SNAPSHOT.jar site.ycsb.Client -db site.ycsb.db.rocksdb.RocksDBClient -s -P ./workloads/workloada -p recordcount=26214400 -p operationcount=1000000 -p fieldlength=100 -p fieldcount=10 -t
Command line: -db site.ycsb.db.rocksdb.RocksDBClient -s -P ./workloads/workloada -p recordcount=26214400 -p operationcount=1000000 -p fieldlength=100 -p fieldcount=10 -t
YCSB Client 0.18.0-SNAPSHOT

Loading workload...
Starting test.
SLF4J: Failed to load class "org.slf4j.impl.StaticLoggerBinder".
SLF4J: Defaulting to no-operation (NOP) logger implementation
SLF4J: See http://www.slf4j.org/codes.html#StaticLoggerBinder for further details.
2024-01-13 10:30:36:355 0 sec: 0 operations; est completion in 0 second 
2024-01-13 10:30:46:314 10 sec: 0 operations; est completion in 106751991167300 days 15 hours 
Leet YCSB 
2024-01-13 10:30:56:314 20 sec: 0 operations; est completion in 106751991167300 days 15 hours 
DBWrapper: report latency for each error is false and specific error codes to track for latency are: []
2024-01-13 10:31:06:314 30 sec: 7067 operations; 706.7 current ops/sec; est completion in 1 hour 10 minutes [READ: Count=3497, Max=2303, Min=4, Avg=495.88, 90=918, 99=1342, 99.9=1922, 99.99=2303] [UPDATE: Count=3589, Max=4567, Min=16, Avg=531.98, 90=964, 99=1397, 99.9=1847, 99.99=4567] 
2024-01-13 10:31:16:314 40 sec: 32241 operations; 2517.4 current ops/sec; est completion in 20 minutes [READ: Count=12626, Max=2653, Min=3, Avg=387.33, 90=823, 99=1248, 99.9=1617, 99.99=1927] [UPDATE: Count=12531, Max=11543, Min=11, Avg=399.71, 90=840, 99=1224, 99.9=1657, 99.99=2225] 
2024-01-13 10:31:26:314 50 sec: 63368 operations; 3112.7 current ops/sec; est completion in 12 minutes [READ: Count=15591, Max=2615, Min=3, Avg=309.33, 90=734, 99=1142, 99.9=1558, 99.99=1974] [UPDATE: Count=15537, Max=2181, Min=17, Avg=326.53, 90=751, 99=1166, 99.9=1554, 99.99=1922] 
2024-01-13 10:31:36:314 60 sec: 103146 operations; 3977.8 current ops/sec; est completion in 8 minutes [READ: Count=20021, Max=2028, Min=3, Avg=236.25, 90=601, 99=1053, 99.9=1382, 99.99=1877] [UPDATE: Count=19759, Max=2519, Min=16, Avg=261.72, 90=640, 99=1063, 99.9=1467, 99.99=1789] 
2024-01-13 10:31:46:314 70 sec: 154143 operations; 5099.7 current ops/sec; est completion in 6 minutes [READ: Count=25527, Max=1725, Min=3, Avg=180.8, 90=481, 99=919, 99.9=1208, 99.99=1487] [UPDATE: Count=25472, Max=2329, Min=17, Avg=206.73, 90=518, 99=950, 99.9=1398, 99.99=1813] 
2024-01-13 10:31:56:314 80 sec: 198119 operations; 4397.6 current ops/sec; est completion in 5 minutes [READ: Count=21993, Max=151295, Min=3, Avg=200.62, 90=491, 99=1055, 99.9=1664, 99.99=135807] [UPDATE: Count=21982, Max=158079, Min=11, Avg=250.14, 90=520, 99=1090, 99.9=1902, 99.99=143999] 
2024-01-13 10:32:06:314 90 sec: 235427 operations; 3730.8 current ops/sec; est completion in 4 minutes [READ: Count=18740, Max=2325, Min=3, Avg=253.74, 90=688, 99=1242, 99.9=1873, 99.99=2157] [UPDATE: Count=18565, Max=6019, Min=11, Avg=278.21, 90=723, 99=1328, 99.9=2014, 99.99=2785] 
2024-01-13 10:32:16:314 100 sec: 285234 operations; 4980.7 current ops/sec; est completion in 4 minutes [READ: Count=25093, Max=4295, Min=3, Avg=188.59, 90=529, 99=1037, 99.9=1538, 99.99=2509] [UPDATE: Count=24714, Max=5147, Min=11, Avg=209.22, 90=549, 99=1057, 99.9=1613, 99.99=2249] 
2024-01-13 10:32:26:314 110 sec: 340193 operations; 5495.9 current ops/sec; est completion in 3 minutes [READ: Count=27406, Max=160255, Min=3, Avg=175.33, 90=403, 99=793, 99.9=1230, 99.99=6227] [UPDATE: Count=27567, Max=155263, Min=11, Avg=184.21, 90=429, 99=817, 99.9=1240, 99.99=5671] 
2024-01-13 10:32:36:314 120 sec: 409452 operations; 6925.9 current ops/sec; est completion in 2 minutes [READ: Count=34363, Max=6531, Min=3, Avg=134.33, 90=330, 99=627, 99.9=960, 99.99=1440] [UPDATE: Count=34890, Max=6567, Min=11, Avg=150.78, 90=348, 99=650, 99.9=987, 99.99=1550] 
2024-01-13 10:32:46:314 130 sec: 474037 operations; 6458.5 current ops/sec; est completion in 2 minutes [READ: Count=32531, Max=151935, Min=3, Avg=142.69, 90=313, 99=599, 99.9=892, 99.99=132479] [UPDATE: Count=32048, Max=165119, Min=11, Avg=163.7, 90=336, 99=620, 99.9=944, 99.99=142847] 
2024-01-13 10:32:56:314 140 sec: 543499 operations; 6946.2 current ops/sec; est completion in 1 minute [READ: Count=34858, Max=4223, Min=2, Avg=133.18, 90=319, 99=610, 99.9=960, 99.99=1304] [UPDATE: Count=34607, Max=4179, Min=11, Avg=151.33, 90=340, 99=647, 99.9=988, 99.99=1301] 
2024-01-13 10:33:06:314 150 sec: 623294 operations; 7979.5 current ops/sec; est completion in 1 minute [READ: Count=40019, Max=4283, Min=3, Avg=114.95, 90=278, 99=535, 99.9=893, 99.99=1179] [UPDATE: Count=39779, Max=5583, Min=10, Avg=132.34, 90=297, 99=549, 99.9=913, 99.99=3533] 
2024-01-13 10:33:16:314 160 sec: 676199 operations; 5290.5 current ops/sec; est completion in 1 minute [READ: Count=26441, Max=168831, Min=2, Avg=162.67, 90=303, 99=431, 99.9=557, 99.99=3063] [UPDATE: Count=26464, Max=182783, Min=10, Avg=211.99, 90=321, 99=457, 99.9=675, 99.99=145663] 
2024-01-13 10:33:26:314 170 sec: 747392 operations; 7119.3 current ops/sec; est completion in 58 seconds [READ: Count=35526, Max=908, Min=2, Avg=130.06, 90=289, 99=410, 99.9=499, 99.99=609] [UPDATE: Count=35663, Max=2799, Min=10, Avg=147.39, 90=308, 99=430, 99.9=509, 99.99=787] 
2024-01-13 10:33:36:314 180 sec: 825196 operations; 7780.4 current ops/sec; est completion in 39 seconds [READ: Count=39096, Max=5811, Min=3, Avg=117.99, 90=274, 99=398, 99.9=488, 99.99=735] [UPDATE: Count=38710, Max=2121, Min=11, Avg=135.78, 90=295, 99=423, 99.9=517, 99.99=942] 
2024-01-13 10:33:46:314 190 sec: 910067 operations; 8487.1 current ops/sec; est completion in 19 seconds [READ: Count=42566, Max=2527, Min=3, Avg=107.5, 90=262, 99=387, 99.9=474, 99.99=648] [UPDATE: Count=42302, Max=3265, Min=10, Avg=124.92, 90=282, 99=407, 99.9=505, 99.99=732] 
2024-01-13 10:33:56:194 199 sec: 1000000 operations; 9102.53 current ops/sec; [READ: Count=45143, Max=734, Min=3, Avg=98.79, 90=248, 99=364, 99.9=471, 99.99=616] [CLEANUP: Count=1, Max=38943, Min=38912, Avg=38928, 90=38943, 99=38943, 99.9=38943, 99.99=38943] [UPDATE: Count=44784, Max=717, Min=10, Avg=116.9, 90=269, 99=387, 99.9=484, 99.99=563] 
