[OVERALL], RunTime(ms), 509135
[OVERALL], Throughput(ops/sec), 51488.11219028352
[TOTAL_GCS_G1_Young_Generation], Count, 219
[TOTAL_GC_TIME_G1_Young_Generation], Time(ms), 488
[TOTAL_GC_TIME_%_G1_Young_Generation], Time(%), 0.09584884166282027
[TOTAL_GCS_G1_Old_Generation], Count, 0
[TOTAL_GC_TIME_G1_Old_Generation], Time(ms), 0
[TOTAL_GC_TIME_%_G1_Old_Generation], Time(%), 0.0
[TOTAL_GCs], Count, 219
[TOTAL_GC_TIME], Time(ms), 488
[TOTAL_GC_TIME_%], Time(%), 0.09584884166282027
[CLEANUP], Operations, 1
[CLEANUP], AverageLatency(us), 123552.0
[CLEANUP], MinLatency(us), 123520
[CLEANUP], MaxLatency(us), 123583
[CLEANUP], 95thPercentileLatency(us), 123583
[CLEANUP], 99thPercentileLatency(us), 123583
[INSERT], Operations, 26214400
[INSERT], AverageLatency(us), 17.733853340148926
[INSERT], MinLatency(us), 6
[INSERT], MaxLatency(us), 33663
[INSERT], 95thPercentileLatency(us), 47
[INSERT], 99thPercentileLatency(us), 57
[INSERT], Return=OK, 26214400
