[WARN]  Running against a source checkout. In order to get our runtime dependencies we'll have to invoke Maven. Depending on the state of your system, this may take ~30-45 seconds
[DEBUG]  Running 'mvn -pl site.ycsb:rocksdb-binding -am package -DskipTests dependency:build-classpath -DincludeScope=compile -Dmdep.outputFilterFile=true'
java -cp /home/user/src/rocksdb-cheops-2024/ycsb/rocksdb/conf:/home/user/src/rocksdb-cheops-2024/ycsb/rocksdb/target/rocksdb-binding-0.18.0-SNAPSHOT.jar:/root/.m2/repository/org/apache/htrace/htrace-core4/4.1.0-incubating/htrace-core4-4.1.0-incubating.jar:/root/.m2/repository/org/slf4j/slf4j-api/1.7.25/slf4j-api-1.7.25.jar:/home/user/src/rocksdb-cheops-2024/rocksdb-ycsb/java/target/rocksdbjni-7.4.3-linux64.jar:/root/.m2/repository/net/jcip/jcip-annotations/1.0/jcip-annotations-1.0.jar:/root/.m2/repository/org/hdrhistogram/HdrHistogram/2.1.4/HdrHistogram-2.1.4.jar:/root/.m2/repository/org/codehaus/jackson/jackson-mapper-asl/1.9.4/jackson-mapper-asl-1.9.4.jar:/lib/libzbd.so.1:/root/.m2/repository/org/codehaus/jackson/jackson-core-asl/1.9.4/jackson-core-asl-1.9.4.jar:/home/user/src/rocksdb-cheops-2024/rocksdb-ycsb/java/target/librocksdbjni-linux64.so:/home/user/src/rocksdb-cheops-2024/ycsb/core/target/core-0.18.0-SNAPSHOT.jar site.ycsb.Client -db site.ycsb.db.rocksdb.RocksDBClient -s -P ./workloads/workloade -p recordcount=26214400 -p operationcount=1000000 -p fieldlength=100 -p fieldcount=10 -load
Command line: -db site.ycsb.db.rocksdb.RocksDBClient -s -P ./workloads/workloade -p recordcount=26214400 -p operationcount=1000000 -p fieldlength=100 -p fieldcount=10 -load
YCSB Client 0.18.0-SNAPSHOT

Loading workload...
Starting test.
SLF4J: Failed to load class "org.slf4j.impl.StaticLoggerBinder".
SLF4J: Defaulting to no-operation (NOP) logger implementation
SLF4J: See http://www.slf4j.org/codes.html#StaticLoggerBinder for further details.
2024-01-13 14:00:31:051 0 sec: 0 operations; est completion in 0 second 
Leet YCSB 
DBWrapper: report latency for each error is false and specific error codes to track for latency are: []
2024-01-13 14:00:41:014 10 sec: 248873 operations; 24884.81 current ops/sec; est completion in 17 minutes [INSERT: Count=248965, Max=11663, Min=7, Avg=23.75, 90=47, 99=54, 99.9=67, 99.99=237] 
2024-01-13 14:00:51:013 20 sec: 660560 operations; 41172.82 current ops/sec; est completion in 12 minutes [INSERT: Count=411621, Max=5595, Min=7, Avg=22.74, 90=46, 99=52, 99.9=61, 99.99=75] 
2024-01-13 14:01:01:013 30 sec: 1053408 operations; 39284.8 current ops/sec; est completion in 11 minutes [INSERT: Count=392844, Max=63551, Min=7, Avg=23.91, 90=47, 99=53, 99.9=62, 99.99=82] 
2024-01-13 14:01:11:013 40 sec: 1424854 operations; 37144.6 current ops/sec; est completion in 11 minutes [INSERT: Count=371443, Max=5307, Min=7, Avg=25.37, 90=49, 99=57, 99.9=66, 99.99=166] 
2024-01-13 14:01:21:013 50 sec: 1779720 operations; 35486.6 current ops/sec; est completion in 11 minutes [INSERT: Count=354868, Max=5263, Min=8, Avg=26.61, 90=50, 99=59, 99.9=69, 99.99=1280] 
2024-01-13 14:01:31:013 60 sec: 2211058 operations; 43133.8 current ops/sec; est completion in 10 minutes [INSERT: Count=431341, Max=5251, Min=6, Avg=21.61, 90=44, 99=52, 99.9=61, 99.99=1276] 
2024-01-13 14:01:41:013 70 sec: 2596988 operations; 38593 current ops/sec; est completion in 10 minutes [INSERT: Count=385925, Max=3411, Min=7, Avg=24.28, 90=47, 99=56, 99.9=67, 99.99=1544] 
2024-01-13 14:01:51:013 80 sec: 2972944 operations; 37595.6 current ops/sec; est completion in 10 minutes [INSERT: Count=375955, Max=68351, Min=7, Avg=25.01, 90=48, 99=56, 99.9=66, 99.99=1451] 
2024-01-13 14:02:01:013 90 sec: 3382834 operations; 40989 current ops/sec; est completion in 10 minutes [INSERT: Count=409892, Max=1819, Min=7, Avg=22.87, 90=45, 99=52, 99.9=61, 99.99=1357] 
2024-01-13 14:02:11:013 100 sec: 3781784 operations; 39895 current ops/sec; est completion in 9 minutes [INSERT: Count=398946, Max=2129, Min=6, Avg=23.52, 90=46, 99=89, 99.9=160, 99.99=1369] 
2024-01-13 14:02:21:013 110 sec: 4221256 operations; 43947.2 current ops/sec; est completion in 9 minutes [INSERT: Count=439480, Max=1809, Min=6, Avg=21.23, 90=43, 99=82, 99.9=153, 99.99=192] 
2024-01-13 14:02:31:013 120 sec: 4677841 operations; 45658.5 current ops/sec; est completion in 9 minutes [INSERT: Count=456585, Max=35327, Min=7, Avg=20.38, 90=42, 99=49, 99.9=57, 99.99=68] 
2024-01-13 14:02:41:013 130 sec: 5139253 operations; 46141.2 current ops/sec; est completion in 8 minutes [INSERT: Count=461411, Max=8415, Min=7, Avg=20.18, 90=42, 99=45, 99.9=55, 99.99=61] 
2024-01-13 14:02:51:013 140 sec: 5614732 operations; 47547.9 current ops/sec; est completion in 8 minutes [INSERT: Count=475481, Max=2633, Min=6, Avg=19.54, 90=41, 99=46, 99.9=55, 99.99=62] 
2024-01-13 14:03:01:013 150 sec: 6097197 operations; 48246.5 current ops/sec; est completion in 8 minutes [INSERT: Count=482464, Max=1572, Min=7, Avg=19.23, 90=41, 99=44, 99.9=54, 99.99=60] 
2024-01-13 14:03:11:013 160 sec: 6560774 operations; 46357.7 current ops/sec; est completion in 8 minutes [INSERT: Count=463576, Max=35359, Min=7, Avg=20.07, 90=42, 99=45, 99.9=55, 99.99=60] 
2024-01-13 14:03:21:013 170 sec: 7012797 operations; 45202.3 current ops/sec; est completion in 7 minutes [INSERT: Count=452024, Max=1793, Min=7, Avg=20.63, 90=43, 99=47, 99.9=56, 99.99=63] 
2024-01-13 14:03:31:013 180 sec: 7461559 operations; 44876.2 current ops/sec; est completion in 7 minutes [INSERT: Count=448754, Max=1746, Min=6, Avg=20.79, 90=42, 99=108, 99.9=154, 99.99=178] 
2024-01-13 14:03:41:013 190 sec: 7886760 operations; 42520.1 current ops/sec; est completion in 7 minutes [INSERT: Count=425204, Max=1607, Min=7, Avg=22.01, 90=43, 99=125, 99.9=158, 99.99=182] 
2024-01-13 14:03:51:013 200 sec: 8295908 operations; 40914.8 current ops/sec; est completion in 7 minutes [INSERT: Count=409152, Max=36543, Min=6, Avg=22.93, 90=45, 99=85, 99.9=154, 99.99=179] 
2024-01-13 14:04:01:013 210 sec: 8703384 operations; 40747.6 current ops/sec; est completion in 7 minutes [INSERT: Count=407474, Max=15559, Min=7, Avg=23.02, 90=46, 99=75, 99.9=93, 99.99=106] 
2024-01-13 14:04:11:013 220 sec: 9154314 operations; 45093 current ops/sec; est completion in 6 minutes [INSERT: Count=450938, Max=3257, Min=6, Avg=20.64, 90=43, 99=51, 99.9=86, 99.99=99] 
2024-01-13 14:04:21:013 230 sec: 9628210 operations; 47389.6 current ops/sec; est completion in 6 minutes [INSERT: Count=473901, Max=17519, Min=7, Avg=19.55, 90=41, 99=46, 99.9=55, 99.99=65] 
2024-01-13 14:04:31:013 240 sec: 10083553 operations; 45534.3 current ops/sec; est completion in 6 minutes [INSERT: Count=455340, Max=12327, Min=7, Avg=20.42, 90=42, 99=48, 99.9=57, 99.99=65] 
2024-01-13 14:04:41:013 250 sec: 10531478 operations; 44792.5 current ops/sec; est completion in 6 minutes [INSERT: Count=447919, Max=36671, Min=7, Avg=20.8, 90=42, 99=48, 99.9=57, 99.99=67] 
2024-01-13 14:04:51:013 260 sec: 10982078 operations; 45060 current ops/sec; est completion in 6 minutes [INSERT: Count=450603, Max=15303, Min=6, Avg=20.69, 90=42, 99=55, 99.9=148, 99.99=172] 
2024-01-13 14:05:01:013 270 sec: 11400700 operations; 41862.2 current ops/sec; est completion in 5 minutes [INSERT: Count=418621, Max=6167, Min=7, Avg=22.36, 90=44, 99=129, 99.9=159, 99.99=185] 
2024-01-13 14:05:11:013 280 sec: 11796281 operations; 39558.1 current ops/sec; est completion in 5 minutes [INSERT: Count=395582, Max=38079, Min=7, Avg=23.68, 90=45, 99=96, 99.9=155, 99.99=182] 
2024-01-13 14:05:21:015 290 sec: 12179725 operations; 38344.4 current ops/sec; est completion in 5 minutes [INSERT: Count=383513, Max=8631, Min=7, Avg=24.54, 90=46, 99=116, 99.9=157, 99.99=185] 
2024-01-13 14:05:31:013 300 sec: 12586035 operations; 40631 current ops/sec; est completion in 5 minutes [INSERT: Count=406237, Max=3379, Min=7, Avg=23.1, 90=45, 99=57, 99.9=151, 99.99=182] 
2024-01-13 14:05:41:013 310 sec: 13072927 operations; 48689.2 current ops/sec; est completion in 5 minutes [INSERT: Count=486893, Max=10431, Min=6, Avg=19.04, 90=40, 99=45, 99.9=54, 99.99=64] 
2024-01-13 14:05:51:013 320 sec: 13520440 operations; 44751.3 current ops/sec; est completion in 5 minutes [INSERT: Count=447505, Max=3313, Min=7, Avg=20.79, 90=45, 99=50, 99.9=59, 99.99=69] 
2024-01-13 14:06:01:013 330 sec: 13943202 operations; 42276.2 current ops/sec; est completion in 4 minutes [INSERT: Count=422760, Max=39967, Min=6, Avg=22.05, 90=47, 99=52, 99.9=63, 99.99=73] 
2024-01-13 14:06:11:013 340 sec: 14337034 operations; 39383.2 current ops/sec; est completion in 4 minutes [INSERT: Count=393833, Max=3207, Min=8, Avg=23.72, 90=49, 99=54, 99.9=66, 99.99=75] 
2024-01-13 14:06:21:013 350 sec: 14749713 operations; 41267.9 current ops/sec; est completion in 4 minutes [INSERT: Count=412681, Max=1686, Min=7, Avg=22.65, 90=47, 99=130, 99.9=159, 99.99=184] 
2024-01-13 14:06:31:013 360 sec: 15152311 operations; 40259.8 current ops/sec; est completion in 4 minutes [INSERT: Count=402597, Max=3665, Min=7, Avg=23.27, 90=46, 99=112, 99.9=156, 99.99=184] 
2024-01-13 14:06:41:013 370 sec: 15567915 operations; 41560.4 current ops/sec; est completion in 4 minutes [INSERT: Count=415609, Max=37503, Min=7, Avg=22.55, 90=45, 99=74, 99.9=91, 99.99=106] 
2024-01-13 14:06:51:013 380 sec: 15935863 operations; 36794.8 current ops/sec; est completion in 4 minutes [INSERT: Count=367940, Max=8463, Min=8, Avg=25.56, 90=52, 99=80, 99.9=102, 99.99=118] 
2024-01-13 14:07:01:013 390 sec: 16301670 operations; 36580.7 current ops/sec; est completion in 3 minutes [INSERT: Count=365809, Max=1831, Min=6, Avg=25.68, 90=52, 99=111, 99.9=164, 99.99=192] 
2024-01-13 14:07:11:013 400 sec: 16734250 operations; 43258 current ops/sec; est completion in 3 minutes [INSERT: Count=432581, Max=6067, Min=7, Avg=21.56, 90=46, 99=63, 99.9=156, 99.99=183] 
2024-01-13 14:07:21:013 410 sec: 17181645 operations; 44739.5 current ops/sec; est completion in 3 minutes [INSERT: Count=447392, Max=3217, Min=7, Avg=20.78, 90=46, 99=50, 99.9=61, 99.99=69] 
2024-01-13 14:07:31:013 420 sec: 17589631 operations; 40798.6 current ops/sec; est completion in 3 minutes [INSERT: Count=408000, Max=36895, Min=7, Avg=22.86, 90=48, 99=52, 99.9=64, 99.99=75] 
2024-01-13 14:07:41:013 430 sec: 18027087 operations; 43745.6 current ops/sec; est completion in 3 minutes [INSERT: Count=437445, Max=1930, Min=7, Avg=21.34, 90=43, 99=48, 99.9=57, 99.99=65] 
2024-01-13 14:07:51:013 440 sec: 18448543 operations; 42145.6 current ops/sec; est completion in 3 minutes [INSERT: Count=421454, Max=2737, Min=6, Avg=22.18, 90=44, 99=134, 99.9=160, 99.99=199] 
2024-01-13 14:08:01:013 450 sec: 18842421 operations; 39387.8 current ops/sec; est completion in 2 minutes [INSERT: Count=393877, Max=2693, Min=7, Avg=23.82, 90=46, 99=118, 99.9=159, 99.99=185] 
2024-01-13 14:08:11:013 460 sec: 19218932 operations; 37651.1 current ops/sec; est completion in 2 minutes [INSERT: Count=376511, Max=37471, Min=7, Avg=24.98, 90=50, 99=116, 99.9=160, 99.99=188] 
2024-01-13 14:08:21:013 470 sec: 19613959 operations; 39502.7 current ops/sec; est completion in 2 minutes [INSERT: Count=395026, Max=8623, Min=7, Avg=23.8, 90=45, 99=110, 99.9=155, 99.99=180] 
2024-01-13 14:08:31:013 480 sec: 20050118 operations; 43615.9 current ops/sec; est completion in 2 minutes [INSERT: Count=436161, Max=8383, Min=6, Avg=21.42, 90=43, 99=97, 99.9=153, 99.99=177] 
2024-01-13 14:08:41:013 490 sec: 20490450 operations; 44033.2 current ops/sec; est completion in 2 minutes [INSERT: Count=440334, Max=3177, Min=7, Avg=21.21, 90=42, 99=80, 99.9=152, 99.99=179] 
2024-01-13 14:08:51:013 500 sec: 20919420 operations; 42897 current ops/sec; est completion in 2 minutes [INSERT: Count=428972, Max=2853, Min=7, Avg=21.8, 90=44, 99=75, 99.9=90, 99.99=102] 
2024-01-13 14:09:01:013 510 sec: 21335012 operations; 41559.2 current ops/sec; est completion in 1 minute [INSERT: Count=415590, Max=37663, Min=7, Avg=22.55, 90=44, 99=73, 99.9=92, 99.99=105] 
2024-01-13 14:09:11:013 520 sec: 21780045 operations; 44503.3 current ops/sec; est completion in 1 minute [INSERT: Count=445039, Max=14631, Min=6, Avg=20.94, 90=42, 99=55, 99.9=147, 99.99=177] 
2024-01-13 14:09:21:013 530 sec: 22215538 operations; 43549.3 current ops/sec; est completion in 1 minute [INSERT: Count=435486, Max=1896, Min=7, Avg=21.46, 90=42, 99=129, 99.9=157, 99.99=180] 
2024-01-13 14:09:31:013 540 sec: 22621309 operations; 40577.1 current ops/sec; est completion in 1 minute [INSERT: Count=405775, Max=36191, Min=7, Avg=23.13, 90=45, 99=118, 99.9=158, 99.99=182] 
2024-01-13 14:09:41:013 550 sec: 23012158 operations; 39084.9 current ops/sec; est completion in 1 minute [INSERT: Count=390842, Max=8671, Min=7, Avg=24.06, 90=46, 99=118, 99.9=157, 99.99=182] 
2024-01-13 14:09:51:013 560 sec: 23411535 operations; 39937.7 current ops/sec; est completion in 1 minute [INSERT: Count=399374, Max=5351, Min=7, Avg=23.53, 90=45, 99=111, 99.9=156, 99.99=180] 
2024-01-13 14:10:01:013 570 sec: 23836227 operations; 42469.2 current ops/sec; est completion in 57 seconds [INSERT: Count=424692, Max=5315, Min=6, Avg=22.01, 90=44, 99=115, 99.9=156, 99.99=182] 
2024-01-13 14:10:11:013 580 sec: 24224582 operations; 38835.5 current ops/sec; est completion in 48 seconds [INSERT: Count=388357, Max=2695, Min=7, Avg=24.13, 90=50, 99=116, 99.9=159, 99.99=187] 
2024-01-13 14:10:21:013 590 sec: 24626244 operations; 40166.2 current ops/sec; est completion in 39 seconds [INSERT: Count=401662, Max=2617, Min=7, Avg=23.35, 90=45, 99=120, 99.9=159, 99.99=183] 
2024-01-13 14:10:31:013 600 sec: 25022288 operations; 39604.4 current ops/sec; est completion in 29 seconds [INSERT: Count=396043, Max=37919, Min=7, Avg=23.73, 90=44, 99=116, 99.9=157, 99.99=182] 
2024-01-13 14:10:41:013 610 sec: 25433257 operations; 41096.9 current ops/sec; est completion in 19 seconds [INSERT: Count=410969, Max=3429, Min=5, Avg=22.81, 90=44, 99=131, 99.9=160, 99.99=286] 
2024-01-13 14:10:51:013 620 sec: 25849480 operations; 41622.3 current ops/sec; est completion in 9 second [INSERT: Count=416223, Max=17167, Min=7, Avg=22.46, 90=45, 99=96, 99.9=155, 99.99=181] 
2024-01-13 14:10:59:726 628 sec: 26214400 operations; 41877.44 current ops/sec; [CLEANUP: Count=1, Max=64639, Min=64608, Avg=64624, 90=64639, 99=64639, 99.9=64639, 99.99=64639] [INSERT: Count=364909, Max=8383, Min=7, Avg=22.19, 90=44, 99=73, 99.9=92, 99.99=102] 
