[WARN]  Running against a source checkout. In order to get our runtime dependencies we'll have to invoke Maven. Depending on the state of your system, this may take ~30-45 seconds
[DEBUG]  Running 'mvn -pl site.ycsb:rocksdb-binding -am package -DskipTests dependency:build-classpath -DincludeScope=compile -Dmdep.outputFilterFile=true'
java -cp /home/user/src/rocksdb-cheops-2024/ycsb/rocksdb/conf:/home/user/src/rocksdb-cheops-2024/ycsb/rocksdb/target/rocksdb-binding-0.18.0-SNAPSHOT.jar:/root/.m2/repository/org/apache/htrace/htrace-core4/4.1.0-incubating/htrace-core4-4.1.0-incubating.jar:/root/.m2/repository/org/slf4j/slf4j-api/1.7.25/slf4j-api-1.7.25.jar:/home/user/src/rocksdb-cheops-2024/rocksdb-ycsb/java/target/rocksdbjni-7.4.3-linux64.jar:/root/.m2/repository/net/jcip/jcip-annotations/1.0/jcip-annotations-1.0.jar:/root/.m2/repository/org/hdrhistogram/HdrHistogram/2.1.4/HdrHistogram-2.1.4.jar:/root/.m2/repository/org/codehaus/jackson/jackson-mapper-asl/1.9.4/jackson-mapper-asl-1.9.4.jar:/lib/libzbd.so.1:/root/.m2/repository/org/codehaus/jackson/jackson-core-asl/1.9.4/jackson-core-asl-1.9.4.jar:/home/user/src/rocksdb-cheops-2024/rocksdb-ycsb/java/target/librocksdbjni-linux64.so:/home/user/src/rocksdb-cheops-2024/ycsb/core/target/core-0.18.0-SNAPSHOT.jar site.ycsb.Client -db site.ycsb.db.rocksdb.RocksDBClient -s -P ./workloads/workloadc -p recordcount=26214400 -p operationcount=1000000 -p fieldlength=100 -p fieldcount=10 -load
Command line: -db site.ycsb.db.rocksdb.RocksDBClient -s -P ./workloads/workloadc -p recordcount=26214400 -p operationcount=1000000 -p fieldlength=100 -p fieldcount=10 -load
YCSB Client 0.18.0-SNAPSHOT

Loading workload...
Starting test.
SLF4J: Failed to load class "org.slf4j.impl.StaticLoggerBinder".
SLF4J: Defaulting to no-operation (NOP) logger implementation
SLF4J: See http://www.slf4j.org/codes.html#StaticLoggerBinder for further details.
2024-01-13 13:30:59:278 0 sec: 0 operations; est completion in 0 second 
Leet YCSB 
DBWrapper: report latency for each error is false and specific error codes to track for latency are: []
2024-01-13 13:31:09:243 10 sec: 251652 operations; 25162.68 current ops/sec; est completion in 17 minutes [INSERT: Count=251751, Max=11863, Min=7, Avg=23.52, 90=47, 99=54, 99.9=66, 99.99=164] 
2024-01-13 13:31:19:242 20 sec: 680994 operations; 42938.49 current ops/sec; est completion in 12 minutes [INSERT: Count=429270, Max=6435, Min=7, Avg=21.81, 90=44, 99=51, 99.9=60, 99.99=68] 
2024-01-13 13:31:29:242 30 sec: 1077977 operations; 39698.3 current ops/sec; est completion in 11 minutes [INSERT: Count=396981, Max=56511, Min=7, Avg=23.68, 90=47, 99=55, 99.9=65, 99.99=1271] 
2024-01-13 13:31:39:242 40 sec: 1454014 operations; 37599.94 current ops/sec; est completion in 11 minutes [INSERT: Count=376033, Max=13695, Min=7, Avg=25.07, 90=49, 99=59, 99.9=69, 99.99=202] 
2024-01-13 13:31:49:242 50 sec: 1854404 operations; 40043 current ops/sec; est completion in 10 minutes [INSERT: Count=400394, Max=5279, Min=6, Avg=23.53, 90=47, 99=55, 99.9=64, 99.99=75] 
2024-01-13 13:31:59:242 60 sec: 2302045 operations; 44759.62 current ops/sec; est completion in 10 minutes [INSERT: Count=447638, Max=1660, Min=7, Avg=20.89, 90=43, 99=51, 99.9=59, 99.99=69] 
2024-01-13 13:32:09:242 70 sec: 2725008 operations; 42296.3 current ops/sec; est completion in 10 minutes [INSERT: Count=422961, Max=1870, Min=7, Avg=22.19, 90=45, 99=52, 99.9=61, 99.99=72] 
2024-01-13 13:32:19:242 80 sec: 3145408 operations; 42040 current ops/sec; est completion in 9 minutes [INSERT: Count=420404, Max=58111, Min=7, Avg=22.34, 90=45, 99=52, 99.9=60, 99.99=71] 
2024-01-13 13:32:29:242 90 sec: 3564524 operations; 41915.79 current ops/sec; est completion in 9 minutes [INSERT: Count=419113, Max=1917, Min=7, Avg=22.4, 90=45, 99=51, 99.9=60, 99.99=70] 
2024-01-13 13:32:39:242 100 sec: 3989287 operations; 42472.05 current ops/sec; est completion in 9 minutes [INSERT: Count=424767, Max=4089, Min=6, Avg=22.09, 90=44, 99=132, 99.9=159, 99.99=185] 
2024-01-13 13:32:49:242 110 sec: 4469444 operations; 48015.7 current ops/sec; est completion in 8 minutes [INSERT: Count=480158, Max=2659, Min=7, Avg=19.37, 90=41, 99=44, 99.9=54, 99.99=62] 
2024-01-13 13:32:59:242 120 sec: 4932400 operations; 46300.23 current ops/sec; est completion in 8 minutes [INSERT: Count=462953, Max=35071, Min=7, Avg=20.15, 90=41, 99=45, 99.9=55, 99.99=61] 
2024-01-13 13:33:09:242 130 sec: 5384517 operations; 45207.18 current ops/sec; est completion in 8 minutes [INSERT: Count=452118, Max=1567, Min=7, Avg=20.67, 90=42, 99=46, 99.9=56, 99.99=61] 
2024-01-13 13:33:19:242 140 sec: 5877892 operations; 49337.5 current ops/sec; est completion in 8 minutes [INSERT: Count=493374, Max=1623, Min=6, Avg=18.82, 90=40, 99=44, 99.9=53, 99.99=60] 
2024-01-13 13:33:29:242 150 sec: 6348091 operations; 47019.9 current ops/sec; est completion in 7 minutes [INSERT: Count=470199, Max=1582, Min=6, Avg=19.81, 90=41, 99=45, 99.9=54, 99.99=60] 
2024-01-13 13:33:39:242 160 sec: 6794560 operations; 44646.9 current ops/sec; est completion in 7 minutes [INSERT: Count=446470, Max=36543, Min=7, Avg=20.93, 90=43, 99=47, 99.9=57, 99.99=63] 
2024-01-13 13:33:49:242 170 sec: 7249719 operations; 45515.9 current ops/sec; est completion in 7 minutes [INSERT: Count=455159, Max=1475, Min=6, Avg=20.52, 90=42, 99=47, 99.9=123, 99.99=155] 
2024-01-13 13:33:59:242 180 sec: 7682519 operations; 43280 current ops/sec; est completion in 7 minutes [INSERT: Count=432795, Max=4931, Min=6, Avg=21.65, 90=43, 99=130, 99.9=157, 99.99=181] 
2024-01-13 13:34:09:244 190 sec: 8101316 operations; 41879.7 current ops/sec; est completion in 7 minutes [INSERT: Count=418902, Max=20943, Min=7, Avg=22.36, 90=45, 99=75, 99.9=93, 99.99=110] 
2024-01-13 13:34:19:245 200 sec: 8495858 operations; 39454.2 current ops/sec; est completion in 6 minutes [INSERT: Count=394453, Max=37919, Min=7, Avg=23.82, 90=47, 99=75, 99.9=93, 99.99=108] 
2024-01-13 13:34:29:243 210 sec: 8877817 operations; 38192.08 current ops/sec; est completion in 6 minutes [INSERT: Count=381953, Max=8407, Min=7, Avg=24.54, 90=47, 99=72, 99.9=97, 99.99=1407] 
2024-01-13 13:34:39:242 220 sec: 9351301 operations; 47353.14 current ops/sec; est completion in 6 minutes [INSERT: Count=473483, Max=7507, Min=6, Avg=19.65, 90=42, 99=48, 99.9=56, 99.99=68] 
2024-01-13 13:34:49:242 230 sec: 9795025 operations; 44372.4 current ops/sec; est completion in 6 minutes [INSERT: Count=443721, Max=2757, Min=7, Avg=21.02, 90=44, 99=48, 99.9=58, 99.99=135] 
2024-01-13 13:34:59:242 240 sec: 10211744 operations; 41671.9 current ops/sec; est completion in 6 minutes [INSERT: Count=416789, Max=38623, Min=7, Avg=22.28, 90=43, 99=50, 99.9=61, 99.99=1325] 
2024-01-13 13:35:09:242 250 sec: 10590763 operations; 37901.9 current ops/sec; est completion in 6 minutes [INSERT: Count=378950, Max=29023, Min=7, Avg=24.48, 90=45, 99=53, 99.9=1277, 99.99=1492] 
2024-01-13 13:35:19:242 260 sec: 10980511 operations; 38974.8 current ops/sec; est completion in 6 minutes [INSERT: Count=389744, Max=4527, Min=6, Avg=24.05, 90=46, 99=65, 99.9=165, 99.99=1486] 
2024-01-13 13:35:29:242 270 sec: 11398908 operations; 41839.7 current ops/sec; est completion in 5 minutes [INSERT: Count=418399, Max=6367, Min=7, Avg=22.41, 90=44, 99=128, 99.9=159, 99.99=187] 
2024-01-13 13:35:39:242 280 sec: 11794785 operations; 39587.7 current ops/sec; est completion in 5 minutes [INSERT: Count=395876, Max=38751, Min=7, Avg=23.8, 90=46, 99=117, 99.9=158, 99.99=184] 
2024-01-13 13:35:49:242 290 sec: 12184258 operations; 38947.3 current ops/sec; est completion in 5 minutes [INSERT: Count=389470, Max=9175, Min=7, Avg=24.21, 90=46, 99=117, 99.9=158, 99.99=184] 
2024-01-13 13:35:59:242 300 sec: 12603139 operations; 41888.1 current ops/sec; est completion in 5 minutes [INSERT: Count=418885, Max=3193, Min=7, Avg=22.42, 90=44, 99=54, 99.9=148, 99.99=174] 
2024-01-13 13:36:09:242 310 sec: 13097349 operations; 49425.94 current ops/sec; est completion in 5 minutes [INSERT: Count=494210, Max=9951, Min=6, Avg=18.79, 90=40, 99=44, 99.9=54, 99.99=63] 
2024-01-13 13:36:19:242 320 sec: 13572202 operations; 47480.55 current ops/sec; est completion in 4 minutes [INSERT: Count=474854, Max=3133, Min=7, Avg=19.61, 90=41, 99=45, 99.9=55, 99.99=63] 
2024-01-13 13:36:29:242 330 sec: 14031210 operations; 45900.8 current ops/sec; est completion in 4 minutes [INSERT: Count=459005, Max=36447, Min=7, Avg=20.34, 90=42, 99=46, 99.9=55, 99.99=64] 
2024-01-13 13:36:39:242 340 sec: 14487522 operations; 45631.2 current ops/sec; est completion in 4 minutes [INSERT: Count=456307, Max=3379, Min=6, Avg=20.46, 90=42, 99=48, 99.9=76, 99.99=90] 
2024-01-13 13:36:49:242 350 sec: 14942073 operations; 45455.1 current ops/sec; est completion in 4 minutes [INSERT: Count=454554, Max=3075, Min=7, Avg=20.53, 90=42, 99=80, 99.9=138, 99.99=169] 
2024-01-13 13:36:59:242 360 sec: 15352355 operations; 41028.2 current ops/sec; est completion in 4 minutes [INSERT: Count=410280, Max=1706, Min=7, Avg=22.92, 90=44, 99=119, 99.9=157, 99.99=181] 
2024-01-13 13:37:09:242 370 sec: 15734264 operations; 38190.9 current ops/sec; est completion in 4 minutes [INSERT: Count=381912, Max=38303, Min=7, Avg=24.67, 90=46, 99=117, 99.9=159, 99.99=460] 
2024-01-13 13:37:19:242 380 sec: 16088903 operations; 35463.9 current ops/sec; est completion in 4 minutes [INSERT: Count=354637, Max=3237, Min=8, Avg=26.54, 90=52, 99=114, 99.9=164, 99.99=193] 
2024-01-13 13:37:29:242 390 sec: 16462294 operations; 37339.1 current ops/sec; est completion in 3 minutes [INSERT: Count=373389, Max=5911, Min=7, Avg=25.13, 90=51, 99=125, 99.9=165, 99.99=192] 
2024-01-13 13:37:39:242 400 sec: 16903043 operations; 44074.9 current ops/sec; est completion in 3 minutes [INSERT: Count=440750, Max=3419, Min=7, Avg=21.19, 90=43, 99=54, 99.9=147, 99.99=174] 
2024-01-13 13:37:49:242 410 sec: 17336450 operations; 43340.7 current ops/sec; est completion in 3 minutes [INSERT: Count=433406, Max=2061, Min=7, Avg=21.53, 90=48, 99=52, 99.9=62, 99.99=70] 
2024-01-13 13:37:59:242 420 sec: 17776485 operations; 44003.5 current ops/sec; est completion in 3 minutes [INSERT: Count=440046, Max=35551, Min=7, Avg=21.23, 90=44, 99=51, 99.9=59, 99.99=69] 
2024-01-13 13:38:09:242 430 sec: 18202997 operations; 42651.2 current ops/sec; est completion in 3 minutes [INSERT: Count=426501, Max=15767, Min=7, Avg=21.9, 90=47, 99=76, 99.9=96, 99.99=105] 
2024-01-13 13:38:19:242 440 sec: 18591355 operations; 38835.8 current ops/sec; est completion in 3 minutes [INSERT: Count=388354, Max=2577, Min=7, Avg=24.14, 90=50, 99=95, 99.9=155, 99.99=187] 
2024-01-13 13:38:29:242 450 sec: 19001114 operations; 40975.9 current ops/sec; est completion in 2 minutes [INSERT: Count=409760, Max=36959, Min=7, Avg=22.92, 90=46, 99=76, 99.9=137, 99.99=167] 
2024-01-13 13:38:39:242 460 sec: 19359455 operations; 35834.1 current ops/sec; est completion in 2 minutes [INSERT: Count=358340, Max=8471, Min=7, Avg=26.31, 90=53, 99=116, 99.9=159, 99.99=191] 
2024-01-13 13:38:49:242 470 sec: 19710648 operations; 35119.3 current ops/sec; est completion in 2 minutes [INSERT: Count=351192, Max=3443, Min=8, Avg=26.82, 90=53, 99=91, 99.9=158, 99.99=193] 
2024-01-13 13:38:59:242 480 sec: 20093994 operations; 38334.6 current ops/sec; est completion in 2 minutes [INSERT: Count=383351, Max=7759, Min=6, Avg=24.47, 90=51, 99=98, 99.9=157, 99.99=185] 
2024-01-13 13:39:09:242 490 sec: 20495942 operations; 40194.8 current ops/sec; est completion in 2 minutes [INSERT: Count=401946, Max=4803, Min=7, Avg=23.34, 90=49, 99=115, 99.9=158, 99.99=183] 
2024-01-13 13:39:19:242 500 sec: 20862168 operations; 36622.6 current ops/sec; est completion in 2 minutes [INSERT: Count=366227, Max=6595, Min=7, Avg=25.68, 90=52, 99=124, 99.9=164, 99.99=193] 
2024-01-13 13:39:29:242 510 sec: 21258346 operations; 39617.8 current ops/sec; est completion in 1 minute [INSERT: Count=396178, Max=36863, Min=8, Avg=23.63, 90=48, 99=55, 99.9=138, 99.99=172] 
2024-01-13 13:39:39:242 520 sec: 21656173 operations; 39782.7 current ops/sec; est completion in 1 minute [INSERT: Count=397832, Max=15239, Min=7, Avg=23.5, 90=49, 99=53, 99.9=66, 99.99=142] 
2024-01-13 13:39:49:242 530 sec: 22047062 operations; 39088.9 current ops/sec; est completion in 1 minute [INSERT: Count=390885, Max=7387, Min=7, Avg=23.95, 90=49, 99=135, 99.9=165, 99.99=188] 
2024-01-13 13:39:59:242 540 sec: 22432320 operations; 38525.8 current ops/sec; est completion in 1 minute [INSERT: Count=385260, Max=1642, Min=7, Avg=24.37, 90=51, 99=80, 99.9=101, 99.99=115] 
2024-01-13 13:40:09:242 550 sec: 22820332 operations; 38801.2 current ops/sec; est completion in 1 minute [INSERT: Count=388003, Max=36991, Min=7, Avg=24.24, 90=50, 99=77, 99.9=98, 99.99=114] 
2024-01-13 13:40:19:242 560 sec: 23176578 operations; 35624.6 current ops/sec; est completion in 1 minute [INSERT: Count=356240, Max=8487, Min=8, Avg=26.42, 90=53, 99=82, 99.9=132, 99.99=176] 
2024-01-13 13:40:29:242 570 sec: 23533385 operations; 35680.7 current ops/sec; est completion in 1 minute [INSERT: Count=356815, Max=5323, Min=7, Avg=26.38, 90=53, 99=124, 99.9=168, 99.99=193] 
2024-01-13 13:40:39:242 580 sec: 23941438 operations; 40805.3 current ops/sec; est completion in 56 seconds [INSERT: Count=408048, Max=3573, Min=7, Avg=22.93, 90=48, 99=118, 99.9=159, 99.99=186] 
2024-01-13 13:40:49:243 590 sec: 24366265 operations; 42482.7 current ops/sec; est completion in 45 seconds [INSERT: Count=424831, Max=1841, Min=7, Avg=22.04, 90=45, 99=74, 99.9=97, 99.99=161] 
2024-01-13 13:40:59:242 600 sec: 24777130 operations; 41086.5 current ops/sec; est completion in 35 seconds [INSERT: Count=410867, Max=37375, Min=7, Avg=22.87, 90=45, 99=77, 99.9=147, 99.99=177] 
2024-01-13 13:41:09:242 610 sec: 25178861 operations; 40173.1 current ops/sec; est completion in 26 seconds [INSERT: Count=401729, Max=3201, Min=7, Avg=23.43, 90=45, 99=112, 99.9=156, 99.99=182] 
2024-01-13 13:41:19:242 620 sec: 25638344 operations; 45948.3 current ops/sec; est completion in 14 seconds [INSERT: Count=459472, Max=1804, Min=6, Avg=20.29, 90=42, 99=76, 99.9=88, 99.99=106] 
2024-01-13 13:41:29:242 630 sec: 26050672 operations; 41232.8 current ops/sec; est completion in 4 second [INSERT: Count=412339, Max=16079, Min=7, Avg=22.79, 90=44, 99=115, 99.9=158, 99.99=182] 
2024-01-13 13:41:33:414 634 sec: 26214400 operations; 39253.9 current ops/sec; [CLEANUP: Count=1, Max=73151, Min=73088, Avg=73120, 90=73151, 99=73151, 99.9=73151, 99.99=73151] [INSERT: Count=163717, Max=13759, Min=8, Avg=23.56, 90=45, 99=118, 99.9=158, 99.99=185] 
