[OVERALL], RunTime(ms), 634173
[OVERALL], Throughput(ops/sec), 41336.3545909397
[TOTAL_GCS_G1_Young_Generation], Count, 219
[TOTAL_GC_TIME_G1_Young_Generation], Time(ms), 576
[TOTAL_GC_TIME_%_G1_Young_Generation], Time(%), 0.09082695100548273
[TOTAL_GCS_G1_Old_Generation], Count, 0
[TOTAL_GC_TIME_G1_Old_Generation], Time(ms), 0
[TOTAL_GC_TIME_%_G1_Old_Generation], Time(%), 0.0
[TOTAL_GCs], Count, 219
[TOTAL_GC_TIME], Time(ms), 576
[TOTAL_GC_TIME_%], Time(%), 0.09082695100548273
[CLEANUP], Operations, 1
[CLEANUP], AverageLatency(us), 73120.0
[CLEANUP], MinLatency(us), 73088
[CLEANUP], MaxLatency(us), 73151
[CLEANUP], 95thPercentileLatency(us), 73151
[CLEANUP], 99thPercentileLatency(us), 73151
[INSERT], Operations, 26214400
[INSERT], AverageLatency(us), 22.527399101257323
[INSERT], MinLatency(us), 6
[INSERT], MaxLatency(us), 58111
[INSERT], 95thPercentileLatency(us), 50
[INSERT], 99thPercentileLatency(us), 63
[INSERT], Return=OK, 26214400
