[OVERALL], RunTime(ms), 422063
[OVERALL], Throughput(ops/sec), 62110.15890992577
[TOTAL_GCS_G1_Young_Generation], Count, 219
[TOTAL_GC_TIME_G1_Young_Generation], Time(ms), 354
[TOTAL_GC_TIME_%_G1_Young_Generation], Time(%), 0.08387373448987473
[TOTAL_GCS_G1_Old_Generation], Count, 0
[TOTAL_GC_TIME_G1_Old_Generation], Time(ms), 0
[TOTAL_GC_TIME_%_G1_Old_Generation], Time(%), 0.0
[TOTAL_GCs], Count, 219
[TOTAL_GC_TIME], Time(ms), 354
[TOTAL_GC_TIME_%], Time(%), 0.08387373448987473
[CLEANUP], Operations, 1
[CLEANUP], AverageLatency(us), 750336.0
[CLEANUP], MinLatency(us), 750080
[CLEANUP], MaxLatency(us), 750591
[CLEANUP], 95thPercentileLatency(us), 750591
[CLEANUP], 99thPercentileLatency(us), 750591
[INSERT], Operations, 26214400
[INSERT], AverageLatency(us), 14.415904579162598
[INSERT], MinLatency(us), 6
[INSERT], MaxLatency(us), 69503
[INSERT], 95thPercentileLatency(us), 20
[INSERT], 99thPercentileLatency(us), 26
[INSERT], Return=OK, 26214400
