[OVERALL], RunTime(ms), 395246
[OVERALL], Throughput(ops/sec), 66324.26387616826
[TOTAL_GCS_G1_Young_Generation], Count, 219
[TOTAL_GC_TIME_G1_Young_Generation], Time(ms), 408
[TOTAL_GC_TIME_%_G1_Young_Generation], Time(%), 0.10322685112562809
[TOTAL_GCS_G1_Old_Generation], Count, 0
[TOTAL_GC_TIME_G1_Old_Generation], Time(ms), 0
[TOTAL_GC_TIME_%_G1_Old_Generation], Time(%), 0.0
[TOTAL_GCs], Count, 219
[TOTAL_GC_TIME], Time(ms), 408
[TOTAL_GC_TIME_%], Time(%), 0.10322685112562809
[CLEANUP], Operations, 1
[CLEANUP], AverageLatency(us), 90592.0
[CLEANUP], MinLatency(us), 90560
[CLEANUP], MaxLatency(us), 90623
[CLEANUP], 95thPercentileLatency(us), 90623
[CLEANUP], 99thPercentileLatency(us), 90623
[INSERT], Operations, 26214400
[INSERT], AverageLatency(us), 13.437350959777833
[INSERT], MinLatency(us), 6
[INSERT], MaxLatency(us), 33279
[INSERT], 95thPercentileLatency(us), 20
[INSERT], 99thPercentileLatency(us), 26
[INSERT], Return=OK, 26214400
