[OVERALL], RunTime(ms), 626973
[OVERALL], Throughput(ops/sec), 41811.05087459907
[TOTAL_GCS_G1_Young_Generation], Count, 219
[TOTAL_GC_TIME_G1_Young_Generation], Time(ms), 570
[TOTAL_GC_TIME_%_G1_Young_Generation], Time(%), 0.09091300582321726
[TOTAL_GCS_G1_Old_Generation], Count, 0
[TOTAL_GC_TIME_G1_Old_Generation], Time(ms), 0
[TOTAL_GC_TIME_%_G1_Old_Generation], Time(%), 0.0
[TOTAL_GCs], Count, 219
[TOTAL_GC_TIME], Time(ms), 570
[TOTAL_GC_TIME_%], Time(%), 0.09091300582321726
[CLEANUP], Operations, 1
[CLEANUP], AverageLatency(us), 106912.0
[CLEANUP], MinLatency(us), 106880
[CLEANUP], MaxLatency(us), 106943
[CLEANUP], 95thPercentileLatency(us), 106943
[CLEANUP], 99thPercentileLatency(us), 106943
[INSERT], Operations, 26214400
[INSERT], AverageLatency(us), 22.236890869140623
[INSERT], MinLatency(us), 6
[INSERT], MaxLatency(us), 58943
[INSERT], 95thPercentileLatency(us), 48
[INSERT], 99thPercentileLatency(us), 61
[INSERT], Return=OK, 26214400
