[WARN]  Running against a source checkout. In order to get our runtime dependencies we'll have to invoke Maven. Depending on the state of your system, this may take ~30-45 seconds
[DEBUG]  Running 'mvn -pl site.ycsb:rocksdb-binding -am package -DskipTests dependency:build-classpath -DincludeScope=compile -Dmdep.outputFilterFile=true'
java -cp /home/user/src/rocksdb-cheops-2024/ycsb/rocksdb/conf:/home/user/src/rocksdb-cheops-2024/ycsb/rocksdb/target/rocksdb-binding-0.18.0-SNAPSHOT.jar:/root/.m2/repository/org/apache/htrace/htrace-core4/4.1.0-incubating/htrace-core4-4.1.0-incubating.jar:/root/.m2/repository/org/slf4j/slf4j-api/1.7.25/slf4j-api-1.7.25.jar:/home/user/src/rocksdb-cheops-2024/rocksdb-ycsb/java/target/rocksdbjni-7.4.3-linux64.jar:/root/.m2/repository/net/jcip/jcip-annotations/1.0/jcip-annotations-1.0.jar:/root/.m2/repository/org/hdrhistogram/HdrHistogram/2.1.4/HdrHistogram-2.1.4.jar:/root/.m2/repository/org/codehaus/jackson/jackson-mapper-asl/1.9.4/jackson-mapper-asl-1.9.4.jar:/lib/libzbd.so.1:/root/.m2/repository/org/codehaus/jackson/jackson-core-asl/1.9.4/jackson-core-asl-1.9.4.jar:/home/user/src/rocksdb-cheops-2024/rocksdb-ycsb/java/target/librocksdbjni-linux64.so:/home/user/src/rocksdb-cheops-2024/ycsb/core/target/core-0.18.0-SNAPSHOT.jar site.ycsb.Client -db site.ycsb.db.rocksdb.RocksDBClient -s -P ./workloads/workloada -p recordcount=26214400 -p operationcount=1000000 -p fieldlength=100 -p fieldcount=10 -t
Command line: -db site.ycsb.db.rocksdb.RocksDBClient -s -P ./workloads/workloada -p recordcount=26214400 -p operationcount=1000000 -p fieldlength=100 -p fieldcount=10 -t
YCSB Client 0.18.0-SNAPSHOT

Loading workload...
Starting test.
SLF4J: Failed to load class "org.slf4j.impl.StaticLoggerBinder".
SLF4J: Defaulting to no-operation (NOP) logger implementation
SLF4J: See http://www.slf4j.org/codes.html#StaticLoggerBinder for further details.
2024-01-13 09:18:44:515 0 sec: 0 operations; est completion in 0 second 
Leet YCSB 
2024-01-13 09:18:54:476 10 sec: 0 operations; est completion in 106751991167300 days 15 hours 
2024-01-13 09:19:04:476 20 sec: 0 operations; est completion in 106751991167300 days 15 hours 
DBWrapper: report latency for each error is false and specific error codes to track for latency are: []
2024-01-13 09:19:14:476 30 sec: 21586 operations; 2158.6 current ops/sec; est completion in 22 minutes [READ: Count=10761, Max=21743, Min=2, Avg=439.29, 90=887, 99=1334, 99.9=1826, 99.99=2827] [UPDATE: Count=10841, Max=4911, Min=10, Avg=458.54, 90=924, 99=1339, 99.9=1707, 99.99=2051] 
2024-01-13 09:19:24:476 40 sec: 49716 operations; 2813 current ops/sec; est completion in 12 minutes [READ: Count=14079, Max=2897, Min=3, Avg=340.14, 90=782, 99=1194, 99.9=1530, 99.99=1911] [UPDATE: Count=14048, Max=2053, Min=14, Avg=363.74, 90=815, 99=1252, 99.9=1633, 99.99=1961] 
2024-01-13 09:19:34:476 50 sec: 85979 operations; 3626.3 current ops/sec; est completion in 8 minutes [READ: Count=18266, Max=1890, Min=3, Avg=261.29, 90=658, 99=1106, 99.9=1549, 99.99=1866] [UPDATE: Count=17993, Max=2032, Min=16, Avg=284.97, 90=682, 99=1133, 99.9=1513, 99.99=1671] 
2024-01-13 09:19:44:476 60 sec: 132647 operations; 4666.8 current ops/sec; est completion in 6 minutes [READ: Count=23212, Max=1907, Min=3, Avg=200.73, 90=543, 99=980, 99.9=1372, 99.99=1773] [UPDATE: Count=23457, Max=2008, Min=16, Avg=222.98, 90=565, 99=982, 99.9=1349, 99.99=1729] 
2024-01-13 09:19:54:476 70 sec: 185381 operations; 5273.4 current ops/sec; est completion in 5 minutes [READ: Count=26308, Max=139519, Min=2, Avg=161.21, 90=386, 99=852, 99.9=1433, 99.99=2143] [UPDATE: Count=26419, Max=170495, Min=10, Avg=213.9, 90=405, 99=866, 99.9=1377, 99.99=144895] 
2024-01-13 09:20:04:476 80 sec: 219597 operations; 3421.6 current ops/sec; est completion in 4 minutes [READ: Count=17100, Max=10295, Min=2, Avg=282.52, 90=739, 99=1315, 99.9=1890, 99.99=2183] [UPDATE: Count=17121, Max=5283, Min=10, Avg=297.93, 90=752, 99=1347, 99.9=1950, 99.99=2787] 
2024-01-13 09:20:14:476 90 sec: 265344 operations; 4574.7 current ops/sec; est completion in 4 minutes [READ: Count=22852, Max=4911, Min=2, Avg=207.32, 90=599, 99=1130, 99.9=1651, 99.99=3095] [UPDATE: Count=22903, Max=8943, Min=11, Avg=225.87, 90=614, 99=1149, 99.9=1700, 99.99=2205] 
2024-01-13 09:20:24:476 100 sec: 318557 operations; 5321.3 current ops/sec; est completion in 3 minutes [READ: Count=26695, Max=159743, Min=2, Avg=179.24, 90=436, 99=851, 99.9=1264, 99.99=8367] [UPDATE: Count=26519, Max=137087, Min=10, Avg=192.98, 90=456, 99=843, 99.9=1272, 99.99=5795] 
2024-01-13 09:20:34:476 110 sec: 385052 operations; 6649.5 current ops/sec; est completion in 2 minutes [READ: Count=33154, Max=1427, Min=2, Avg=139.99, 90=339, 99=640, 99.9=1010, 99.99=1289] [UPDATE: Count=33329, Max=5255, Min=10, Avg=157.27, 90=357, 99=677, 99.9=1045, 99.99=3489] 
2024-01-13 09:20:44:476 120 sec: 460355 operations; 7530.3 current ops/sec; est completion in 2 minutes [READ: Count=37836, Max=6859, Min=3, Avg=123.24, 90=316, 99=610, 99.9=877, 99.99=1223] [UPDATE: Count=37473, Max=6727, Min=10, Avg=139.03, 90=333, 99=613, 99.9=922, 99.99=1713] 
2024-01-13 09:20:54:476 130 sec: 514686 operations; 5433.1 current ops/sec; est completion in 2 minutes [READ: Count=27285, Max=165631, Min=2, Avg=181.7, 90=317, 99=604, 99.9=970, 99.99=145535] [UPDATE: Count=27042, Max=170879, Min=10, Avg=183, 90=334, 99=614, 99.9=1023, 99.99=145407] 
2024-01-13 09:21:04:476 140 sec: 591010 operations; 7632.4 current ops/sec; est completion in 1 minute [READ: Count=38076, Max=1399, Min=3, Avg=121.19, 90=298, 99=563, 99.9=887, 99.99=1163] [UPDATE: Count=38254, Max=1392, Min=10, Avg=137.45, 90=315, 99=580, 99.9=902, 99.99=1256] 
2024-01-13 09:21:14:476 150 sec: 666034 operations; 7502.4 current ops/sec; est completion in 1 minute [READ: Count=37340, Max=4001, Min=2, Avg=123.85, 90=284, 99=456, 99.9=730, 99.99=1175] [UPDATE: Count=37677, Max=5471, Min=11, Avg=139.48, 90=300, 99=472, 99.9=752, 99.99=1182] 
2024-01-13 09:21:24:476 160 sec: 738077 operations; 7204.3 current ops/sec; est completion in 57 seconds [READ: Count=35980, Max=873, Min=2, Avg=129.62, 90=281, 99=399, 99.9=494, 99.99=697] [UPDATE: Count=36063, Max=4563, Min=10, Avg=144.81, 90=301, 99=417, 99.9=508, 99.99=679] 
2024-01-13 09:21:34:476 170 sec: 817787 operations; 7971 current ops/sec; est completion in 38 seconds [READ: Count=39694, Max=5991, Min=2, Avg=116.52, 90=269, 99=388, 99.9=481, 99.99=2565] [UPDATE: Count=40015, Max=3391, Min=10, Avg=131.21, 90=287, 99=405, 99.9=484, 99.99=697] 
2024-01-13 09:21:44:476 180 sec: 904288 operations; 8650.1 current ops/sec; est completion in 20 seconds [READ: Count=43385, Max=1674, Min=2, Avg=105.79, 90=260, 99=378, 99.9=469, 99.99=634] [UPDATE: Count=43118, Max=5299, Min=11, Avg=122.29, 90=278, 99=394, 99.9=496, 99.99=826] 
2024-01-13 09:21:54:476 190 sec: 994819 operations; 9053.1 current ops/sec; est completion in 1 second [READ: Count=45208, Max=1670, Min=2, Avg=100.39, 90=253, 99=370, 99.9=467, 99.99=618] [UPDATE: Count=45327, Max=5667, Min=10, Avg=117.35, 90=271, 99=387, 99.9=496, 99.99=713] 
2024-01-13 09:21:55:918 191 sec: 1000000 operations; 3592.93 current ops/sec; [READ: Count=2599, Max=554, Min=3, Avg=96.1, 90=243, 99=336, 99.9=433, 99.99=554] [CLEANUP: Count=1, Max=890879, Min=890368, Avg=890624, 90=890879, 99=890879, 99.9=890879, 99.99=890879] [UPDATE: Count=2571, Max=613, Min=11, Avg=113.85, 90=262, 99=373, 99.9=437, 99.99=613] 
