[OVERALL], RunTime(ms), 416546
[OVERALL], Throughput(ops/sec), 62932.78533463291
[TOTAL_GCS_G1_Young_Generation], Count, 219
[TOTAL_GC_TIME_G1_Young_Generation], Time(ms), 390
[TOTAL_GC_TIME_%_G1_Young_Generation], Time(%), 0.0936271144123338
[TOTAL_GCS_G1_Old_Generation], Count, 0
[TOTAL_GC_TIME_G1_Old_Generation], Time(ms), 0
[TOTAL_GC_TIME_%_G1_Old_Generation], Time(%), 0.0
[TOTAL_GCs], Count, 219
[TOTAL_GC_TIME], Time(ms), 390
[TOTAL_GC_TIME_%], Time(%), 0.0936271144123338
[CLEANUP], Operations, 1
[CLEANUP], AverageLatency(us), 129184.0
[CLEANUP], MinLatency(us), 129152
[CLEANUP], MaxLatency(us), 129215
[CLEANUP], 95thPercentileLatency(us), 129215
[CLEANUP], 99thPercentileLatency(us), 129215
[INSERT], Operations, 26214400
[INSERT], AverageLatency(us), 14.221757926940917
[INSERT], MinLatency(us), 6
[INSERT], MaxLatency(us), 66047
[INSERT], 95thPercentileLatency(us), 20
[INSERT], 99thPercentileLatency(us), 25
[INSERT], Return=OK, 26214400
