[OVERALL], RunTime(ms), 497493
[OVERALL], Throughput(ops/sec), 52693.0027156161
[TOTAL_GCS_G1_Young_Generation], Count, 219
[TOTAL_GC_TIME_G1_Young_Generation], Time(ms), 488
[TOTAL_GC_TIME_%_G1_Young_Generation], Time(%), 0.09809183244789373
[TOTAL_GCS_G1_Old_Generation], Count, 0
[TOTAL_GC_TIME_G1_Old_Generation], Time(ms), 0
[TOTAL_GC_TIME_%_G1_Old_Generation], Time(%), 0.0
[TOTAL_GCs], Count, 219
[TOTAL_GC_TIME], Time(ms), 488
[TOTAL_GC_TIME_%], Time(%), 0.09809183244789373
[CLEANUP], Operations, 1
[CLEANUP], AverageLatency(us), 124256.0
[CLEANUP], MinLatency(us), 124224
[CLEANUP], MaxLatency(us), 124287
[CLEANUP], 95thPercentileLatency(us), 124287
[CLEANUP], 99thPercentileLatency(us), 124287
[INSERT], Operations, 26214400
[INSERT], AverageLatency(us), 17.380528182983397
[INSERT], MinLatency(us), 5
[INSERT], MaxLatency(us), 26687
[INSERT], 95thPercentileLatency(us), 47
[INSERT], 99thPercentileLatency(us), 59
[INSERT], Return=OK, 26214400
