Nameless WALs: Opening character device: /dev/ng0n2
MDTS 524288 
Register channel 0
Register channel 1
Register channel 2
Register channel 3
Register channel 4
Register channel 5
Register channel 6
Register channel 7
Nameless WALs: Opened character device
Booting from modified ZenFS
Last write (recover) 3735928559: 0 0 
Last write (recover) 3735928559: 0 0 
WAL allocated for zones 4 to 7 
Register channel 8
WAL size 0 
Last write (recover) 4: 0 4411392 
Last write (close) 4: 0 0 
Delete once log 
Unegister channel 9
Last write (recover) 3735928559: 0 0 
Last write (recover) 3735928559: 0 0 
WAL allocated for zones 7 to 10 
Register channel 8
WAL size 0 
Last write (recover) 7: 0 4411392 
Last write (close) 7: 0 0 
Delete once log 
Unegister channel 9
Last write (recover) 3735928559: 0 0 
Last write (recover) 3735928559: 0 0 
Last write (recover) 5: 1016647680 3990355 
Last write (recover) 8: 1016655872 3990256 
Last write (recover) 3735928559: 1012665616 0 
Last write (recover) 3735928559: 1012657325 0 
WAL allocated for zones 10 to 13 
Register channel 8
WAL size 1136603136 
Last write (recover) 10: 0 4411392 
Last write (close) 10: 0 0 
Delete once log 
Unegister channel 9
Last write (recover) 3735928559: 0 0 
Last write (recover) 3735928559: 0 0 
WAL allocated for zones 4 to 7 
Register channel 8
WAL size 0 
Last write (recover) 4: 0 4411392 
Last write (close) 4: 0 0 
Delete once log 
Unegister channel 9
Last write (recover) 3735928559: 0 0 
Last write (recover) 3735928559: 0 0 
Last write (recover) 11: 1016664064 3992461 
Last write (recover) 5: 1016664064 3990221 
Last write (recover) 3735928559: 1012673843 0 
Last write (recover) 3735928559: 1012671603 0 
WAL allocated for zones 7 to 10 
Register channel 8
WAL size 0 
Last write (recover) 7: 0 4411392 
Last write (close) 7: 0 0 
Delete once log 
Unegister channel 9
Last write (recover) 3735928559: 0 0 
Last write (recover) 3735928559: 0 0 
WAL allocated for zones 4 to 7 
Register channel 8
WAL size 0 
Last write (recover) 4: 0 4411392 
Last write (close) 4: 0 0 
Delete once log 
Unegister channel 9
Last write (recover) 3735928559: 0 0 
Last write (recover) 3735928559: 0 0 
Last write (recover) 8: 1016651776 3988798 
Last write (recover) 5: 1016664064 3990211 
Last write (recover) 3735928559: 1012673853 0 
Last write (recover) 3735928559: 1012662978 0 
WAL allocated for zones 10 to 13 
Register channel 8
WAL size 1136603136 
Last write (recover) 10: 0 4411392 
Last write (close) 10: 0 0 
Delete once log 
Unegister channel 9
Last write (recover) 3735928559: 0 0 
Last write (recover) 3735928559: 0 0 
WAL allocated for zones 4 to 7 
Register channel 8
WAL size 0 
Last write (recover) 4: 0 4411392 
Last write (close) 4: 0 0 
Delete once log 
Unegister channel 9
Last write (recover) 3735928559: 0 0 
Last write (recover) 3735928559: 0 0 
Last write (recover) 11: 1016659968 3990994 
Last write (recover) 5: 1016655872 3990324 
Last write (recover) 3735928559: 1012665548 0 
Last write (recover) 3735928559: 1012668974 0 
WAL allocated for zones 7 to 10 
Register channel 8
WAL size 0 
Last write (recover) 7: 0 4411392 
Last write (close) 7: 0 0 
Delete once log 
Unegister channel 9
Last write (recover) 3735928559: 0 0 
Last write (recover) 3735928559: 0 0 
WAL allocated for zones 4 to 7 
Register channel 8
WAL size 0 
Last write (recover) 4: 0 4411392 
Last write (close) 4: 0 0 
Delete once log 
Unegister channel 9
Last write (recover) 3735928559: 0 0 
Last write (recover) 3735928559: 0 0 
Last write (recover) 8: 1016659968 3989580 
Last write (recover) 5: 1016668160 3989353 
Last write (recover) 3735928559: 1012678807 0 
Last write (recover) 3735928559: 1012670388 0 
WAL allocated for zones 10 to 13 
Register channel 8
WAL size 1136603136 
Last write (recover) 10: 0 4411392 
Last write (close) 10: 0 0 
Delete once log 
Unegister channel 9
Last write (recover) 3735928559: 0 0 
Last write (recover) 3735928559: 0 0 
WAL allocated for zones 4 to 7 
Register channel 8
WAL size 0 
Last write (recover) 4: 0 4411392 
Last write (close) 4: 0 0 
Delete once log 
Unegister channel 9
La[OVERALL], RunTime(ms), 193506
[OVERALL], Throughput(ops/sec), 5167.798414519447
[TOTAL_GCS_G1_Young_Generation], Count, 3
[TOTAL_GC_TIME_G1_Young_Generation], Time(ms), 19
[TOTAL_GC_TIME_%_G1_Young_Generation], Time(%), 0.009818816987586947
[TOTAL_GCS_G1_Old_Generation], Count, 0
[TOTAL_GC_TIME_G1_Old_Generation], Time(ms), 0
[TOTAL_GC_TIME_%_G1_Old_Generation], Time(%), 0.0
[TOTAL_GCs], Count, 3
[TOTAL_GC_TIME], Time(ms), 19
[TOTAL_GC_TIME_%], Time(%), 0.009818816987586947
[READ], Operations, 1000000
[READ], AverageLatency(us), 164.636602
[READ], MinLatency(us), 4
[READ], MaxLatency(us), 336383
[READ], 95thPercentileLatency(us), 534
[READ], 99thPercentileLatency(us), 899
[READ], Return=OK, 1000000
[CLEANUP], Operations, 1
[CLEANUP], AverageLatency(us), 839936.0
[CLEANUP], MinLatency(us), 839680
[CLEANUP], MaxLatency(us), 840191
[CLEANUP], 95thPercentileLatency(us), 840191
[CLEANUP], 99thPercentileLatency(us), 840191
