[OVERALL], RunTime(ms), 282719
[OVERALL], Throughput(ops/sec), 18544.491173214392
[TOTAL_GCS_G1_Young_Generation], Count, 130
[TOTAL_GC_TIME_G1_Young_Generation], Time(ms), 250
[TOTAL_GC_TIME_%_G1_Young_Generation], Time(%), 0.08842702471358488
[TOTAL_GCS_G1_Old_Generation], Count, 0
[TOTAL_GC_TIME_G1_Old_Generation], Time(ms), 0
[TOTAL_GC_TIME_%_G1_Old_Generation], Time(%), 0.0
[TOTAL_GCs], Count, 130
[TOTAL_GC_TIME], Time(ms), 250
[TOTAL_GC_TIME_%], Time(%), 0.08842702471358488
[CLEANUP], Operations, 1
[CLEANUP], AverageLatency(us), 181952.0
[CLEANUP], MinLatency(us), 181888
[CLEANUP], MaxLatency(us), 182015
[CLEANUP], 95thPercentileLatency(us), 182015
[CLEANUP], 99thPercentileLatency(us), 182015
[INSERT], Operations, 5242880
[INSERT], AverageLatency(us), 51.72641925811767
[INSERT], MinLatency(us), 14
[INSERT], MaxLatency(us), 15695
[INSERT], 95thPercentileLatency(us), 101
[INSERT], 99thPercentileLatency(us), 314
[INSERT], Return=OK, 5242880
