[WARN]  Running against a source checkout. In order to get our runtime dependencies we'll have to invoke Maven. Depending on the state of your system, this may take ~30-45 seconds
[DEBUG]  Running 'mvn -pl site.ycsb:rocksdb-binding -am package -DskipTests dependency:build-classpath -DincludeScope=compile -Dmdep.outputFilterFile=true'
java -cp /home/user/src/rocksdb-cheops-2024/ycsb/rocksdb/conf:/home/user/src/rocksdb-cheops-2024/ycsb/rocksdb/target/rocksdb-binding-0.18.0-SNAPSHOT.jar:/root/.m2/repository/org/apache/htrace/htrace-core4/4.1.0-incubating/htrace-core4-4.1.0-incubating.jar:/root/.m2/repository/org/slf4j/slf4j-api/1.7.25/slf4j-api-1.7.25.jar:/home/user/src/rocksdb-cheops-2024/rocksdb-ycsb/java/target/rocksdbjni-7.4.3-linux64.jar:/root/.m2/repository/net/jcip/jcip-annotations/1.0/jcip-annotations-1.0.jar:/root/.m2/repository/org/hdrhistogram/HdrHistogram/2.1.4/HdrHistogram-2.1.4.jar:/root/.m2/repository/org/codehaus/jackson/jackson-mapper-asl/1.9.4/jackson-mapper-asl-1.9.4.jar:/lib/libzbd.so.1:/root/.m2/repository/org/codehaus/jackson/jackson-core-asl/1.9.4/jackson-core-asl-1.9.4.jar:/home/user/src/rocksdb-cheops-2024/rocksdb-ycsb/java/target/librocksdbjni-linux64.so:/home/user/src/rocksdb-cheops-2024/ycsb/core/target/core-0.18.0-SNAPSHOT.jar site.ycsb.Client -db site.ycsb.db.rocksdb.RocksDBClient -s -P ./workloads/workloada -p recordcount=5242880 -p operationcount=1000000 -p fieldlength=386 -p fieldcount=10 -load
Command line: -db site.ycsb.db.rocksdb.RocksDBClient -s -P ./workloads/workloada -p recordcount=5242880 -p operationcount=1000000 -p fieldlength=386 -p fieldcount=10 -load
YCSB Client 0.18.0-SNAPSHOT

Loading workload...
Starting test.
SLF4J: Failed to load class "org.slf4j.impl.StaticLoggerBinder".
SLF4J: Defaulting to no-operation (NOP) logger implementation
SLF4J: See http://www.slf4j.org/codes.html#StaticLoggerBinder for further details.
2023-12-21 00:32:46:909 0 sec: 0 operations; est completion in 0 second 
Leet YCSB 
DBWrapper: report latency for each error is false and specific error codes to track for latency are: []
2023-12-21 00:32:56:873 10 sec: 190200 operations; 19014.3 current ops/sec; est completion in 4 minutes [INSERT: Count=190275, Max=12055, Min=15, Avg=32.35, 90=49, 99=59, 99.9=76, 99.99=208] 
2023-12-21 00:33:06:870 20 sec: 498985 operations; 30887.77 current ops/sec; est completion in 3 minutes [INSERT: Count=308732, Max=37919, Min=15, Avg=30.62, 90=37, 99=46, 99.9=56, 99.99=80] 
2023-12-21 00:33:16:870 30 sec: 857845 operations; 35886 current ops/sec; est completion in 2 minutes [INSERT: Count=358862, Max=28351, Min=14, Avg=26.27, 90=30, 99=40, 99.9=49, 99.99=76] 
2023-12-21 00:33:26:870 40 sec: 1227384 operations; 36953.9 current ops/sec; est completion in 2 minutes [INSERT: Count=369535, Max=14519, Min=13, Avg=25.54, 90=29, 99=41, 99.9=51, 99.99=73] 
2023-12-21 00:33:36:870 50 sec: 1644702 operations; 41731.8 current ops/sec; est completion in 1 minute [INSERT: Count=417327, Max=22495, Min=13, Avg=22.47, 90=26, 99=37, 99.9=51, 99.99=84] 
2023-12-21 00:33:46:870 60 sec: 2070959 operations; 42625.7 current ops/sec; est completion in 1 minute [INSERT: Count=426253, Max=21407, Min=14, Avg=21.98, 90=24, 99=33, 99.9=40, 99.99=58] 
2023-12-21 00:33:56:870 70 sec: 2480721 operations; 40976.2 current ops/sec; est completion in 1 minute [INSERT: Count=409762, Max=22399, Min=13, Avg=22.86, 90=27, 99=37, 99.9=54, 99.99=122] 
2023-12-21 00:34:06:870 80 sec: 2883431 operations; 40271 current ops/sec; est completion in 1 minute [INSERT: Count=402708, Max=3543, Min=12, Avg=23.31, 90=27, 99=37, 99.9=47, 99.99=66] 
2023-12-21 00:34:16:870 90 sec: 3281359 operations; 39792.8 current ops/sec; est completion in 54 seconds [INSERT: Count=397931, Max=23567, Min=12, Avg=23.57, 90=28, 99=38, 99.9=49, 99.99=73] 
2023-12-21 00:34:26:870 100 sec: 3627895 operations; 34653.6 current ops/sec; est completion in 45 seconds [INSERT: Count=346530, Max=22383, Min=14, Avg=27.06, 90=32, 99=47, 99.9=62, 99.99=104] 
2023-12-21 00:34:36:870 110 sec: 3982901 operations; 35500.6 current ops/sec; est completion in 35 seconds [INSERT: Count=355011, Max=21615, Min=14, Avg=26.37, 90=30, 99=42, 99.9=55, 99.99=74] 
2023-12-21 00:34:46:870 120 sec: 4387297 operations; 40439.6 current ops/sec; est completion in 24 seconds [INSERT: Count=404395, Max=3597, Min=12, Avg=23.21, 90=27, 99=37, 99.9=47, 99.99=63] 
2023-12-21 00:34:56:870 130 sec: 4771021 operations; 38372.4 current ops/sec; est completion in 13 seconds [INSERT: Count=383724, Max=39679, Min=13, Avg=24.51, 90=29, 99=39, 99.9=51, 99.99=72] 
2023-12-21 00:35:06:870 140 sec: 5135084 operations; 36406.3 current ops/sec; est completion in 3 second [INSERT: Count=364060, Max=21679, Min=15, Avg=25.79, 90=29, 99=40, 99.9=52, 99.99=66] 
2023-12-21 00:35:10:298 143 sec: 5242880 operations; 31445.74 current ops/sec; [CLEANUP: Count=1, Max=720895, Min=720384, Avg=720640, 90=720895, 99=720895, 99.9=720895, 99.99=720895] [INSERT: Count=107775, Max=1614, Min=15, Avg=23.57, 90=27, 99=36, 99.9=48, 99.99=103] 
