[OVERALL], RunTime(ms), 215706
[OVERALL], Throughput(ops/sec), 24305.67531733007
[TOTAL_GCS_G1_Young_Generation], Count, 130
[TOTAL_GC_TIME_G1_Young_Generation], Time(ms), 283
[TOTAL_GC_TIME_%_G1_Young_Generation], Time(%), 0.13119709233864613
[TOTAL_GCS_G1_Old_Generation], Count, 0
[TOTAL_GC_TIME_G1_Old_Generation], Time(ms), 0
[TOTAL_GC_TIME_%_G1_Old_Generation], Time(%), 0.0
[TOTAL_GCs], Count, 130
[TOTAL_GC_TIME], Time(ms), 283
[TOTAL_GC_TIME_%], Time(%), 0.13119709233864613
[CLEANUP], Operations, 1
[CLEANUP], AverageLatency(us), 61808.0
[CLEANUP], MinLatency(us), 61792
[CLEANUP], MaxLatency(us), 61823
[CLEANUP], 95thPercentileLatency(us), 61823
[CLEANUP], 99thPercentileLatency(us), 61823
[INSERT], Operations, 5242880
[INSERT], AverageLatency(us), 38.87502155303955
[INSERT], MinLatency(us), 13
[INSERT], MaxLatency(us), 26543
[INSERT], 95thPercentileLatency(us), 61
[INSERT], 99thPercentileLatency(us), 92
[INSERT], Return=OK, 5242880
