[WARN]  Running against a source checkout. In order to get our runtime dependencies we'll have to invoke Maven. Depending on the state of your system, this may take ~30-45 seconds
[DEBUG]  Running 'mvn -pl site.ycsb:rocksdb-binding -am package -DskipTests dependency:build-classpath -DincludeScope=compile -Dmdep.outputFilterFile=true'
java -cp /home/user/src/rocksdb-cheops-2024/ycsb/rocksdb/conf:/home/user/src/rocksdb-cheops-2024/ycsb/rocksdb/target/rocksdb-binding-0.18.0-SNAPSHOT.jar:/root/.m2/repository/org/apache/htrace/htrace-core4/4.1.0-incubating/htrace-core4-4.1.0-incubating.jar:/root/.m2/repository/org/slf4j/slf4j-api/1.7.25/slf4j-api-1.7.25.jar:/home/user/src/rocksdb-cheops-2024/rocksdb-ycsb/java/target/rocksdbjni-7.4.3-linux64.jar:/root/.m2/repository/net/jcip/jcip-annotations/1.0/jcip-annotations-1.0.jar:/root/.m2/repository/org/hdrhistogram/HdrHistogram/2.1.4/HdrHistogram-2.1.4.jar:/root/.m2/repository/org/codehaus/jackson/jackson-mapper-asl/1.9.4/jackson-mapper-asl-1.9.4.jar:/lib/libzbd.so.1:/root/.m2/repository/org/codehaus/jackson/jackson-core-asl/1.9.4/jackson-core-asl-1.9.4.jar:/home/user/src/rocksdb-cheops-2024/rocksdb-ycsb/java/target/librocksdbjni-linux64.so:/home/user/src/rocksdb-cheops-2024/ycsb/core/target/core-0.18.0-SNAPSHOT.jar site.ycsb.Client -db site.ycsb.db.rocksdb.RocksDBClient -s -P ./workloads/workloada -p recordcount=5242880 -p operationcount=1000000 -p fieldlength=386 -p fieldcount=10 -load
Command line: -db site.ycsb.db.rocksdb.RocksDBClient -s -P ./workloads/workloada -p recordcount=5242880 -p operationcount=1000000 -p fieldlength=386 -p fieldcount=10 -load
YCSB Client 0.18.0-SNAPSHOT

Loading workload...
Starting test.
SLF4J: Failed to load class "org.slf4j.impl.StaticLoggerBinder".
SLF4J: Defaulting to no-operation (NOP) logger implementation
SLF4J: See http://www.slf4j.org/codes.html#StaticLoggerBinder for further details.
2023-12-21 13:45:06:142 0 sec: 0 operations; est completion in 0 second 
Leet YCSB 
DBWrapper: report latency for each error is false and specific error codes to track for latency are: []
2023-12-21 13:45:16:104 10 sec: 13665 operations; 1366.5 current ops/sec; est completion in 1 hour 3 minutes [INSERT: Count=13669, Max=12623, Min=23, Avg=542.52, 90=551, 99=637, 99.9=723, 99.99=3579] 
2023-12-21 13:45:26:103 20 sec: 30211 operations; 1654.6 current ops/sec; est completion in 57 minutes [INSERT: Count=16544, Max=2925, Min=32, Avg=597.13, 90=635, 99=661, 99.9=692, 99.99=2175] 
2023-12-21 13:45:36:103 30 sec: 47265 operations; 1705.4 current ops/sec; est completion in 54 minutes [INSERT: Count=17053, Max=16199, Min=25, Avg=580.66, 90=642, 99=683, 99.9=730, 99.99=2393] 
2023-12-21 13:45:46:103 40 sec: 65405 operations; 1814 current ops/sec; est completion in 52 minutes [INSERT: Count=18140, Max=2507, Min=23, Avg=548, 90=595, 99=619, 99.9=690, 99.99=2107] 
2023-12-21 13:45:56:103 50 sec: 84161 operations; 1875.6 current ops/sec; est completion in 51 minutes [INSERT: Count=18756, Max=5203, Min=22, Avg=531.05, 90=540, 99=553, 99.9=608, 99.99=1724] 
2023-12-21 13:46:06:103 60 sec: 102620 operations; 1845.9 current ops/sec; est completion in 50 minutes [INSERT: Count=18459, Max=2367, Min=21, Avg=539.42, 90=584, 99=607, 99.9=651, 99.99=1995] 
2023-12-21 13:46:16:103 70 sec: 120581 operations; 1796.1 current ops/sec; est completion in 49 minutes [INSERT: Count=17961, Max=2285, Min=20, Avg=554.18, 90=597, 99=620, 99.9=660, 99.99=1822] 
2023-12-21 13:46:26:103 80 sec: 137657 operations; 1707.6 current ops/sec; est completion in 49 minutes [INSERT: Count=17076, Max=5299, Min=23, Avg=582.42, 90=616, 99=643, 99.9=725, 99.99=1747] 
2023-12-21 13:46:36:103 90 sec: 154835 operations; 1717.8 current ops/sec; est completion in 49 minutes [INSERT: Count=17178, Max=2133, Min=22, Avg=579.16, 90=605, 99=632, 99.9=667, 99.99=1951] 
2023-12-21 13:46:46:103 100 sec: 172940 operations; 1810.5 current ops/sec; est completion in 48 minutes [INSERT: Count=18105, Max=5311, Min=24, Avg=549.87, 90=597, 99=621, 99.9=694, 99.99=3443] 
2023-12-21 13:46:56:104 110 sec: 189913 operations; 1697.3 current ops/sec; est completion in 48 minutes [INSERT: Count=16974, Max=4095, Min=23, Avg=585.67, 90=625, 99=652, 99.9=713, 99.99=3987] 
2023-12-21 13:47:06:104 120 sec: 208058 operations; 1814.5 current ops/sec; est completion in 48 minutes [INSERT: Count=18145, Max=6931, Min=26, Avg=548.48, 90=565, 99=620, 99.9=653, 99.99=3941] 
2023-12-21 13:47:16:103 130 sec: 225895 operations; 1783.7 current ops/sec; est completion in 48 minutes [INSERT: Count=17836, Max=1200, Min=29, Avg=557.89, 90=607, 99=641, 99.9=689, 99.99=817] 
2023-12-21 13:47:26:103 140 sec: 243082 operations; 1718.7 current ops/sec; est completion in 48 minutes [INSERT: Count=17187, Max=3203, Min=27, Avg=578.61, 90=623, 99=648, 99.9=683, 99.99=2821] 
2023-12-21 13:47:36:103 150 sec: 261566 operations; 1848.4 current ops/sec; est completion in 47 minutes [INSERT: Count=18484, Max=6255, Min=24, Avg=538.92, 90=553, 99=565, 99.9=584, 99.99=715] 
2023-12-21 13:47:46:103 160 sec: 279569 operations; 1800.3 current ops/sec; est completion in 47 minutes [INSERT: Count=18003, Max=4057, Min=23, Avg=553.04, 90=602, 99=628, 99.9=676, 99.99=775] 
2023-12-21 13:47:56:103 170 sec: 297132 operations; 1756.3 current ops/sec; est completion in 47 minutes [INSERT: Count=17563, Max=5623, Min=26, Avg=566.72, 90=605, 99=627, 99.9=649, 99.99=730] 
2023-12-21 13:48:06:103 180 sec: 315100 operations; 1796.8 current ops/sec; est completion in 46 minutes [INSERT: Count=17969, Max=1086, Min=24, Avg=554.19, 90=602, 99=623, 99.9=649, 99.99=984] 
2023-12-21 13:48:16:103 190 sec: 332897 operations; 1779.7 current ops/sec; est completion in 46 minutes [INSERT: Count=17796, Max=5835, Min=26, Avg=559.37, 90=605, 99=631, 99.9=654, 99.99=766] 
2023-12-21 13:48:26:103 200 sec: 350937 operations; 1804 current ops/sec; est completion in 46 minutes [INSERT: Count=18040, Max=905, Min=25, Avg=552, 90=603, 99=627, 99.9=652, 99.99=779] 
2023-12-21 13:48:36:103 210 sec: 368640 operations; 1770.3 current ops/sec; est completion in 46 minutes [INSERT: Count=17703, Max=5263, Min=24, Avg=562.25, 90=605, 99=628, 99.9=658, 99.99=746] 
2023-12-21 13:48:46:103 220 sec: 386175 operations; 1753.5 current ops/sec; est completion in 46 minutes [INSERT: Count=17535, Max=2040, Min=25, Avg=567.67, 90=606, 99=628, 99.9=650, 99.99=782] 
2023-12-21 13:48:56:103 230 sec: 403275 operations; 1710 current ops/sec; est completion in 46 minutes [INSERT: Count=17100, Max=1087, Min=24, Avg=581.85, 90=610, 99=633, 99.9=670, 99.99=1002] 
2023-12-21 13:49:06:103 240 sec: 421158 operations; 1788.3 current ops/sec; est completion in 45 minutes [INSERT: Count=17884, Max=5471, Min=21, Avg=556.73, 90=604, 99=628, 99.9=651, 99.99=958] 
2023-12-21 13:49:16:103 250 sec: 439552 operations; 1839.4 current ops/sec; est completion in 45 minutes [INSERT: Count=18393, Max=1092, Min=23, Avg=541.48, 90=590, 99=620, 99.9=645, 99.99=856] 
2023-12-21 13:49:26:103 260 sec: 456617 operations; 1706.5 current ops/sec; est completion in 45 minutes [INSERT: Count=17065, Max=5191, Min=25, Avg=583.01, 90=611, 99=633, 99.9=660, 99.99=985] 
2023-12-21 13:49:36:103 270 sec: 473940 operations; 1732.3 current ops/sec; est completion in 45 minutes [INSERT: Count=17323, Max=1081, Min=24, Avg=574.43, 90=608, 99=628, 99.9=649, 99.99=726] 
2023-12-21 13:49:46:103 280 sec: 492687 operations; 1874.7 current ops/sec; est completion in 45 minutes [INSERT: Count=18747, Max=5911, Min=24, Avg=531.48, 90=544, 99=556, 99.9=567, 99.99=703] 
2023-12-21 13:49:56:103 290 sec: 511497 operations; 1881 current ops/sec; est completion in 44 minutes [INSERT: Count=18810, Max=717, Min=22, Avg=529.77, 90=542, 99=552, 99.9=562, 99.99=588] 
2023-12-21 13:50:06:103 300 sec: 530168 operations; 1867.1 current ops/sec; est completion in 44 minutes [INSERT: Count=18671, Max=5871, Min=22, Avg=533.54, 90=547, 99=559, 99.9=574, 99.99=1085] 
2023-12-21 13:50:16:103 310 sec: 548888 operations; 1872 current ops/sec; est completion in 44 minutes [INSERT: Count=18720, Max=1153, Min=22, Avg=532.03, 90=539, 99=584, 99.9=616, 99.99=706] 
2023-12-21 13:50:26:103 320 sec: 567133 operations; 1824.5 current ops/sec; est completion in 43 minutes [INSERT: Count=18246, Max=938, Min=21, Avg=545.64, 90=588, 99=606, 99.9=648, 99.99=836] 
2023-12-21 13:50:36:103 330 sec: 585573 operations; 1844 current ops/sec; est completion in 43 minutes [INSERT: Count=18439, Max=5111, Min=20, Avg=540.08, 90=587, 99=606, 99.9=639, 99.99=809] 
2023-12-21 13:50:46:103 340 sec: 604283 operations; 1871 current ops/sec; est completion in 43 minutes [INSERT: Count=18710, Max=3109, Min=21, Avg=532.42, 90=579, 99=592, 99.9=628, 99.99=2787] 
2023-12-21 13:50:56:103 350 sec: 622752 operations; 1846.9 current ops/sec; est completion in 43 minutes [INSERT: Count=18469, Max=6379, Min=20, Avg=539.18, 90=588, 99=606, 99.9=643, 99.99=5699] 
2023-12-21 13:51:06:103 360 sec: 641192 operations; 1844 current ops/sec; est completion in 43 minutes [INSERT: Count=18440, Max=6343, Min=23, Avg=540.09, 90=590, 99=607, 99.9=637, 99.99=5835] 
2023-12-21 13:51:16:103 370 sec: 659917 operations; 1872.5 current ops/sec; est completion in 42 minutes [INSERT: Count=18725, Max=3227, Min=21, Avg=531.97, 90=540, 99=602, 99.9=636, 99.99=3011] 
2023-12-21 13:51:26:103 380 sec: 678587 operations; 1867 current ops/sec; est completion in 42 minutes [INSERT: Count=18670, Max=3157, Min=20, Avg=533.52, 90=544, 99=605, 99.9=633, 99.99=3053] 
2023-12-21 13:51:36:103 390 sec: 697499 operations; 1891.2 current ops/sec; est completion in 42 minutes [INSERT: Count=18912, Max=3085, Min=21, Avg=526.79, 90=536, 99=548, 99.9=570, 99.99=2977] 
2023-12-21 13:51:46:103 400 sec: 716356 operations; 1885.7 current ops/sec; est completion in 42 minutes [INSERT: Count=18857, Max=3021, Min=21, Avg=528.25, 90=536, 99=589, 99.9=616, 99.99=2975] 
2023-12-21 13:51:56:103 410 sec: 734785 operations; 1842.9 current ops/sec; est completion in 41 minutes [INSERT: Count=18429, Max=3219, Min=22, Avg=540.39, 90=590, 99=609, 99.9=633, 99.99=3135] 
2023-12-21 13:52:06:103 420 sec: 752662 operations; 1787.7 current ops/sec; est completion in 41 minutes [INSERT: Count=17878, Max=3173, Min=22, Avg=556.67, 90=595, 99=614, 99.9=636, 99.99=3067] 
2023-12-21 13:52:16:103 430 sec: 770642 operations; 1798 current ops/sec; est completion in 41 minutes [INSERT: Count=17979, Max=1662, Min=22, Avg=553.54, 90=591, 99=612, 99.9=633, 99.99=918] 
2023-12-21 13:52:26:103 440 sec: 789516 operations; 1887.4 current ops/sec; est completion in 41 minutes [INSERT: Count=18873, Max=1955, Min=23, Avg=527.84, 90=537, 99=548, 99.9=559, 99.99=1315] 
2023-12-21 13:52:36:103 450 sec: 808414 operations; 1889.8 current ops/sec; est completion in 41 minutes [INSERT: Count=18899, Max=2265, Min=22, Avg=527.1, 90=536, 99=547, 99.9=563, 99.99=1104] 
2023-12-21 13:52:46:103 460 sec: 827290 operations; 1887.6 current ops/sec; est completion in 40 minutes [INSERT: Count=18876, Max=2281, Min=23, Avg=527.74, 90=536, 99=549, 99.9=572, 99.99=859] 
2023-12-21 13:52:56:103 470 sec: 846168 operations; 1887.8 current ops/sec; est completion in 40 minutes [INSERT: Count=18878, Max=1682, Min=22, Avg=527.73, 90=536, 99=548, 99.9=585, 99.99=933] 
2023-12-21 13:53:06:103 480 sec: 864939 operations; 1877.1 current ops/sec; est completion in 40 minutes [INSERT: Count=18770, Max=2189, Min=23, Avg=530.64, 90=540, 99=596, 99.9=629, 99.99=954] 
2023-12-21 13:53:16:103 490 sec: 883462 operations; 1852.3 current ops/sec; est completion in 40 minutes [INSERT: Count=18524, Max=1111, Min=23, Avg=537.58, 90=586, 99=601, 99.9=636, 99.99=934] 
2023-12-21 13:53:26:103 500 sec: 901575 operations; 1811.3 current ops/sec; est completion in 40 minutes [INSERT: Count=18113, Max=2225, Min=21, Avg=549.44, 90=590, 99=616, 99.9=643, 99.99=1016] 
2023-12-21 13:53:36:103 510 sec: 918998 operations; 1742.3 current ops/sec; est completion in 40 minutes [INSERT: Count=17423, Max=952, Min=19, Avg=570.82, 90=595, 99=621, 99.9=644, 99.99=825] 
2023-12-21 13:53:46:103 520 sec: 937840 operations; 1884.2 current ops/sec; est completion in 39 minutes [INSERT: Count=18842, Max=2299, Min=22, Avg=528.7, 90=538, 99=551, 99.9=564, 99.99=766] 
2023-12-21 13:53:56:103 530 sec: 956330 operations; 1849 current ops/sec; est completion in 39 minutes [INSERT: Count=18490, Max=976, Min=22, Avg=538.57, 90=585, 99=602, 99.9=630, 99.99=763] 
2023-12-21 13:54:06:103 540 sec: 975098 operations; 1876.8 current ops/sec; est completion in 39 minutes [INSERT: Count=18768, Max=2231, Min=23, Avg=530.75, 90=540, 99=590, 99.9=616, 99.99=997] 
2023-12-21 13:54:16:103 550 sec: 993522 operations; 1842.4 current ops/sec; est completion in 39 minutes [INSERT: Count=18424, Max=1510, Min=23, Avg=540.45, 90=587, 99=613, 99.9=640, 99.99=1076] 
2023-12-21 13:54:26:103 560 sec: 1010820 operations; 1729.8 current ops/sec; est completion in 39 minutes [INSERT: Count=17298, Max=2243, Min=24, Avg=574.76, 90=598, 99=625, 99.9=653, 99.99=1808] 
2023-12-21 13:54:36:103 570 sec: 1027908 operations; 1708.8 current ops/sec; est completion in 38 minutes [INSERT: Count=17088, Max=3075, Min=24, Avg=581.54, 90=616, 99=635, 99.9=663, 99.99=2165] 
2023-12-21 13:54:46:103 580 sec: 1044890 operations; 1698.2 current ops/sec; est completion in 38 minutes [INSERT: Count=16982, Max=2765, Min=24, Avg=584.88, 90=621, 99=640, 99.9=674, 99.99=2451] 
2023-12-21 13:54:56:103 590 sec: 1058582 operations; 1369.2 current ops/sec; est completion in 38 minutes [INSERT: Count=13692, Max=15663, Min=23, Avg=726.74, 90=1366, 99=2517, 99.9=2575, 99.99=2611] 
2023-12-21 13:55:06:103 600 sec: 1067424 operations; 884.2 current ops/sec; est completion in 39 minutes [INSERT: Count=8842, Max=3197, Min=19, Avg=1127.01, 90=2383, 99=2491, 99.9=2639, 99.99=2791] 
2023-12-21 13:55:16:103 610 sec: 1086291 operations; 1886.7 current ops/sec; est completion in 38 minutes [INSERT: Count=18867, Max=2363, Min=17, Avg=527.68, 90=552, 99=597, 99.9=620, 99.99=1454] 
2023-12-21 13:55:26:103 620 sec: 1104123 operations; 1783.2 current ops/sec; est completion in 38 minutes [INSERT: Count=17831, Max=2527, Min=18, Avg=557.64, 90=586, 99=609, 99.9=634, 99.99=920] 
2023-12-21 13:55:36:103 630 sec: 1121778 operations; 1765.5 current ops/sec; est completion in 38 minutes [INSERT: Count=17656, Max=733, Min=18, Avg=563.22, 90=584, 99=608, 99.9=633, 99.99=701] 
2023-12-21 13:55:46:103 640 sec: 1140239 operations; 1846.1 current ops/sec; est completion in 38 minutes [INSERT: Count=18461, Max=2325, Min=18, Avg=539.24, 90=582, 99=601, 99.9=622, 99.99=750] 
2023-12-21 13:55:56:103 650 sec: 1158463 operations; 1822.4 current ops/sec; est completion in 38 minutes [INSERT: Count=18224, Max=780, Min=18, Avg=546.12, 90=580, 99=596, 99.9=617, 99.99=713] 
2023-12-21 13:56:06:103 660 sec: 1176880 operations; 1841.7 current ops/sec; est completion in 38 minutes [INSERT: Count=18417, Max=700, Min=19, Avg=540.53, 90=579, 99=592, 99.9=611, 99.99=626] 
2023-12-21 13:56:16:103 670 sec: 1194470 operations; 1759 current ops/sec; est completion in 37 minutes [INSERT: Count=17590, Max=1826, Min=20, Avg=565.28, 90=585, 99=604, 99.9=678, 99.99=929] 
2023-12-21 13:56:26:103 680 sec: 1212669 operations; 1819.9 current ops/sec; est completion in 37 minutes [INSERT: Count=18198, Max=1418, Min=19, Avg=546.86, 90=581, 99=602, 99.9=626, 99.99=781] 
2023-12-21 13:56:36:103 690 sec: 1231564 operations; 1889.5 current ops/sec; est completion in 37 minutes [INSERT: Count=18896, Max=2363, Min=18, Avg=527.11, 90=539, 99=586, 99.9=611, 99.99=741] 
2023-12-21 13:56:46:103 700 sec: 1249618 operations; 1805.4 current ops/sec; est completion in 37 minutes [INSERT: Count=18053, Max=987, Min=19, Avg=551.15, 90=584, 99=603, 99.9=631, 99.99=729] 
2023-12-21 13:56:56:103 710 sec: 1267164 operations; 1754.6 current ops/sec; est completion in 37 minutes [INSERT: Count=17547, Max=2133, Min=19, Avg=566.69, 90=593, 99=612, 99.9=647, 99.99=955] 
2023-12-21 13:57:06:103 720 sec: 1285093 operations; 1792.9 current ops/sec; est completion in 36 minutes [INSERT: Count=17929, Max=757, Min=19, Avg=554.94, 90=584, 99=604, 99.9=625, 99.99=743] 
2023-12-21 13:57:16:103 730 sec: 1303477 operations; 1838.4 current ops/sec; est completion in 36 minutes [INSERT: Count=18384, Max=2203, Min=18, Avg=541.54, 90=581, 99=594, 99.9=615, 99.99=693] 
2023-12-21 13:57:26:103 740 sec: 1322270 operations; 1879.3 current ops/sec; est completion in 36 minutes [INSERT: Count=18792, Max=1146, Min=19, Avg=529.99, 90=572, 99=587, 99.9=615, 99.99=860] 
2023-12-21 13:57:36:103 750 sec: 1341028 operations; 1875.8 current ops/sec; est completion in 36 minutes [INSERT: Count=18759, Max=2441, Min=19, Avg=530.97, 90=574, 99=590, 99.9=620, 99.99=953] 
2023-12-21 13:57:46:103 760 sec: 1358787 operations; 1775.9 current ops/sec; est completion in 36 minutes [INSERT: Count=17759, Max=1292, Min=19, Avg=560.12, 90=586, 99=605, 99.9=631, 99.99=942] 
2023-12-21 13:57:56:103 770 sec: 1376308 operations; 1752.1 current ops/sec; est completion in 36 minutes [INSERT: Count=17521, Max=1102, Min=20, Avg=567.62, 90=590, 99=613, 99.9=639, 99.99=974] 
2023-12-21 13:58:06:103 780 sec: 1393785 operations; 1747.7 current ops/sec; est completion in 35 minutes [INSERT: Count=17477, Max=1943, Min=21, Avg=569.11, 90=592, 99=614, 99.9=636, 99.99=969] 
2023-12-21 13:58:16:103 790 sec: 1411213 operations; 1742.8 current ops/sec; est completion in 35 minutes [INSERT: Count=17428, Max=1132, Min=21, Avg=570.72, 90=595, 99=616, 99.9=634, 99.99=1011] 
2023-12-21 13:58:26:103 800 sec: 1428626 operations; 1741.3 current ops/sec; est completion in 35 minutes [INSERT: Count=17412, Max=2383, Min=21, Avg=571.2, 90=595, 99=617, 99.9=633, 99.99=658] 
2023-12-21 13:58:36:103 810 sec: 1446062 operations; 1743.6 current ops/sec; est completion in 35 minutes [INSERT: Count=17437, Max=1123, Min=20, Avg=570.46, 90=594, 99=614, 99.9=633, 99.99=741] 
2023-12-21 13:58:46:103 820 sec: 1463368 operations; 1730.6 current ops/sec; est completion in 35 minutes [INSERT: Count=17306, Max=2187, Min=20, Avg=574.38, 90=604, 99=627, 99.9=649, 99.99=755] 
2023-12-21 13:58:56:103 830 sec: 1480717 operations; 1734.9 current ops/sec; est completion in 35 minutes [INSERT: Count=17348, Max=800, Min=21, Avg=573.09, 90=601, 99=622, 99.9=645, 99.99=727] 
2023-12-21 13:59:06:103 840 sec: 1498228 operations; 1751.1 current ops/sec; est completion in 35 minutes [INSERT: Count=17512, Max=799, Min=20, Avg=568.01, 90=592, 99=608, 99.9=624, 99.99=637] 
2023-12-21 13:59:16:103 850 sec: 1515785 operations; 1755.7 current ops/sec; est completion in 34 minutes [INSERT: Count=17556, Max=1550, Min=19, Avg=566.5, 90=588, 99=608, 99.9=630, 99.99=871] 
2023-12-21 13:59:26:103 860 sec: 1534126 operations; 1834.1 current ops/sec; est completion in 34 minutes [INSERT: Count=18341, Max=2115, Min=21, Avg=542.74, 90=583, 99=600, 99.9=626, 99.99=730] 
2023-12-21 13:59:36:103 870 sec: 1551980 operations; 1785.4 current ops/sec; est completion in 34 minutes [INSERT: Count=17855, Max=3563, Min=21, Avg=557.28, 90=590, 99=608, 99.9=662, 99.99=2067] 
2023-12-21 13:59:46:103 880 sec: 1570890 operations; 1891 current ops/sec; est completion in 34 minutes [INSERT: Count=18910, Max=2775, Min=19, Avg=526.88, 90=536, 99=548, 99.9=620, 99.99=2737] 
2023-12-21 13:59:56:103 890 sec: 1589837 operations; 1894.7 current ops/sec; est completion in 34 minutes [INSERT: Count=18946, Max=5871, Min=17, Avg=525.87, 90=535, 99=546, 99.9=620, 99.99=4535] 
2023-12-21 14:00:06:103 900 sec: 1608936 operations; 1909.9 current ops/sec; est completion in 33 minutes [INSERT: Count=19099, Max=6015, Min=18, Avg=521.74, 90=529, 99=540, 99.9=563, 99.99=5099] 
2023-12-21 14:00:16:103 910 sec: 1627962 operations; 1902.6 current ops/sec; est completion in 33 minutes [INSERT: Count=19027, Max=7871, Min=18, Avg=523.67, 90=531, 99=542, 99.9=603, 99.99=6239] 
2023-12-21 14:00:26:103 920 sec: 1646978 operations; 1901.6 current ops/sec; est completion in 33 minutes [INSERT: Count=19015, Max=8591, Min=18, Avg=523.96, 90=530, 99=541, 99.9=578, 99.99=7947] 
2023-12-21 14:00:36:103 930 sec: 1665992 operations; 1901.4 current ops/sec; est completion in 33 minutes [INSERT: Count=19015, Max=6503, Min=18, Avg=524.01, 90=531, 99=543, 99.9=618, 99.99=6359] 
2023-12-21 14:00:46:103 940 sec: 1685052 operations; 1906 current ops/sec; est completion in 33 minutes [INSERT: Count=19059, Max=2975, Min=18, Avg=522.71, 90=531, 99=542, 99.9=561, 99.99=2949] 
2023-12-21 14:00:56:103 950 sec: 1702972 operations; 1792 current ops/sec; est completion in 32 minutes [INSERT: Count=17921, Max=3103, Min=19, Avg=555.3, 90=587, 99=604, 99.9=644, 99.99=3093] 
2023-12-21 14:01:06:103 960 sec: 1720466 operations; 1749.4 current ops/sec; est completion in 32 minutes [INSERT: Count=17494, Max=3193, Min=21, Avg=568.54, 90=589, 99=607, 99.9=656, 99.99=3155] 
2023-12-21 14:01:16:103 970 sec: 1737924 operations; 1745.8 current ops/sec; est completion in 32 minutes [INSERT: Count=17457, Max=3133, Min=22, Avg=569.78, 90=590, 99=610, 99.9=627, 99.99=3007] 
2023-12-21 14:01:26:103 980 sec: 1755415 operations; 1749.1 current ops/sec; est completion in 32 minutes [INSERT: Count=17492, Max=3305, Min=21, Avg=568.6, 90=589, 99=607, 99.9=631, 99.99=3243] 
2023-12-21 14:01:36:103 990 sec: 1772939 operations; 1752.4 current ops/sec; est completion in 32 minutes [INSERT: Count=17523, Max=3157, Min=20, Avg=567.58, 90=589, 99=606, 99.9=627, 99.99=1847] 
2023-12-21 14:01:46:103 1000 sec: 1790457 operations; 1751.8 current ops/sec; est completion in 32 minutes [INSERT: Count=17519, Max=2293, Min=22, Avg=567.78, 90=589, 99=608, 99.9=625, 99.99=1665] 
2023-12-21 14:01:56:103 1010 sec: 1807984 operations; 1752.7 current ops/sec; est completion in 31 minutes [INSERT: Count=17527, Max=1216, Min=21, Avg=567.46, 90=586, 99=607, 99.9=629, 99.99=1122] 
2023-12-21 14:02:06:103 1020 sec: 1825511 operations; 1752.7 current ops/sec; est completion in 31 minutes [INSERT: Count=17527, Max=1085, Min=21, Avg=567.47, 90=588, 99=607, 99.9=636, 99.99=977] 
2023-12-21 14:02:16:103 1030 sec: 1843036 operations; 1752.5 current ops/sec; est completion in 31 minutes [INSERT: Count=17525, Max=2301, Min=20, Avg=567.51, 90=586, 99=610, 99.9=641, 99.99=1028] 
2023-12-21 14:02:26:103 1040 sec: 1860535 operations; 1749.9 current ops/sec; est completion in 31 minutes [INSERT: Count=17498, Max=1163, Min=22, Avg=568.37, 90=588, 99=610, 99.9=635, 99.99=1028] 
2023-12-21 14:02:36:103 1050 sec: 1878035 operations; 1750 current ops/sec; est completion in 31 minutes [INSERT: Count=17500, Max=2287, Min=22, Avg=568.24, 90=586, 99=610, 99.9=635, 99.99=895] 
2023-12-21 14:02:46:103 1060 sec: 1895546 operations; 1751.1 current ops/sec; est completion in 31 minutes [INSERT: Count=17511, Max=942, Min=21, Avg=567.94, 90=585, 99=611, 99.9=633, 99.99=849] 
2023-12-21 14:02:56:103 1070 sec: 1913031 operations; 1748.5 current ops/sec; est completion in 31 minutes [INSERT: Count=17486, Max=2223, Min=21, Avg=568.74, 90=586, 99=610, 99.9=646, 99.99=990] 
2023-12-21 14:03:06:103 1080 sec: 1930443 operations; 1741.2 current ops/sec; est completion in 30 minutes [INSERT: Count=17412, Max=1853, Min=21, Avg=571.02, 90=594, 99=619, 99.9=649, 99.99=1798] 
2023-12-21 14:03:16:103 1090 sec: 1947747 operations; 1730.4 current ops/sec; est completion in 30 minutes [INSERT: Count=17304, Max=3201, Min=21, Avg=574.31, 90=607, 99=625, 99.9=672, 99.99=2207] 
2023-12-21 14:03:26:103 1100 sec: 1964774 operations; 1702.7 current ops/sec; est completion in 30 minutes [INSERT: Count=17027, Max=2343, Min=23, Avg=583.32, 90=616, 99=636, 99.9=670, 99.99=2225] 
2023-12-21 14:03:36:103 1110 sec: 1981950 operations; 1717.6 current ops/sec; est completion in 30 minutes [INSERT: Count=17176, Max=899, Min=21, Avg=578.51, 90=613, 99=633, 99.9=653, 99.99=723] 
2023-12-21 14:03:46:103 1120 sec: 1999159 operations; 1720.9 current ops/sec; est completion in 30 minutes [INSERT: Count=17208, Max=2787, Min=22, Avg=577.67, 90=607, 99=628, 99.9=653, 99.99=2111] 
2023-12-21 14:03:56:103 1130 sec: 2016538 operations; 1737.9 current ops/sec; est completion in 30 minutes [INSERT: Count=17379, Max=762, Min=23, Avg=572.23, 90=597, 99=620, 99.9=640, 99.99=721] 
2023-12-21 14:04:06:103 1140 sec: 2033995 operations; 1745.7 current ops/sec; est completion in 29 minutes [INSERT: Count=17457, Max=2073, Min=20, Avg=569.67, 90=593, 99=616, 99.9=631, 99.99=647] 
2023-12-21 14:04:16:103 1150 sec: 2051435 operations; 1744 current ops/sec; est completion in 29 minutes [INSERT: Count=17440, Max=746, Min=21, Avg=570.35, 90=593, 99=609, 99.9=625, 99.99=727] 
2023-12-21 14:04:26:103 1160 sec: 2068769 operations; 1733.4 current ops/sec; est completion in 29 minutes [INSERT: Count=17334, Max=1387, Min=22, Avg=573.9, 90=597, 99=619, 99.9=643, 99.99=937] 
2023-12-21 14:04:36:103 1170 sec: 2086072 operations; 1730.3 current ops/sec; est completion in 29 minutes [INSERT: Count=17304, Max=2371, Min=24, Avg=574.85, 90=599, 99=618, 99.9=633, 99.99=674] 
2023-12-21 14:04:46:103 1180 sec: 2103491 operations; 1741.9 current ops/sec; est completion in 29 minutes [INSERT: Count=17418, Max=721, Min=24, Avg=571.01, 90=594, 99=615, 99.9=635, 99.99=711] 
2023-12-21 14:04:56:103 1190 sec: 2115336 operations; 1184.5 current ops/sec; est completion in 29 minutes [INSERT: Count=11846, Max=2601, Min=20, Avg=840.44, 90=1869, 99=2483, 99.9=2547, 99.99=2587] 
2023-12-21 14:05:06:103 1200 sec: 2124034 operations; 869.8 current ops/sec; est completion in 29 minutes [INSERT: Count=8698, Max=2933, Min=19, Avg=1146.28, 90=2385, 99=2469, 99.9=2505, 99.99=2847] 
2023-12-21 14:05:16:103 1210 sec: 2136072 operations; 1203.8 current ops/sec; est completion in 29 minutes [INSERT: Count=12037, Max=2625, Min=18, Avg=828.11, 90=1420, 99=2165, 99.9=2513, 99.99=2619] 
2023-12-21 14:05:26:103 1220 sec: 2147298 operations; 1122.6 current ops/sec; est completion in 29 minutes [INSERT: Count=11226, Max=2931, Min=18, Avg=887.74, 90=2002, 99=2497, 99.9=2601, 99.99=2675] 
2023-12-21 14:05:36:103 1230 sec: 2158474 operations; 1117.6 current ops/sec; est completion in 29 minutes [INSERT: Count=11176, Max=2693, Min=20, Avg=890.97, 90=1989, 99=2511, 99.9=2607, 99.99=2675] 
2023-12-21 14:05:46:103 1240 sec: 2171297 operations; 1282.3 current ops/sec; est completion in 29 minutes [INSERT: Count=12824, Max=2895, Min=18, Avg=777.57, 90=1768, 99=2363, 99.9=2521, 99.99=2593] 
2023-12-21 14:05:56:103 1250 sec: 2188438 operations; 1714.1 current ops/sec; est completion in 29 minutes [INSERT: Count=17141, Max=2637, Min=18, Avg=581.23, 90=600, 99=2065, 99.9=2481, 99.99=2533] 
2023-12-21 14:06:06:103 1260 sec: 2206900 operations; 1846.2 current ops/sec; est completion in 28 minutes [INSERT: Count=18461, Max=2343, Min=18, Avg=539.3, 90=580, 99=595, 99.9=622, 99.99=951] 
2023-12-21 14:06:16:103 1270 sec: 2224931 operations; 1803.1 current ops/sec; est completion in 28 minutes [INSERT: Count=18032, Max=735, Min=19, Avg=551.92, 90=581, 99=599, 99.9=617, 99.99=714] 
2023-12-21 14:06:26:103 1280 sec: 2242491 operations; 1756 current ops/sec; est completion in 28 minutes [INSERT: Count=17560, Max=2117, Min=19, Avg=566.46, 90=586, 99=603, 99.9=619, 99.99=756] 
2023-12-21 14:06:36:103 1290 sec: 2260747 operations; 1825.6 current ops/sec; est completion in 28 minutes [INSERT: Count=18256, Max=892, Min=19, Avg=545.32, 90=584, 99=598, 99.9=628, 99.99=761] 
2023-12-21 14:06:46:103 1300 sec: 2279607 operations; 1886 current ops/sec; est completion in 28 minutes [INSERT: Count=18860, Max=3007, Min=19, Avg=528.19, 90=567, 99=589, 99.9=618, 99.99=1147] 
2023-12-21 14:06:56:103 1310 sec: 2298388 operations; 1878.1 current ops/sec; est completion in 27 minutes [INSERT: Count=18781, Max=5539, Min=18, Avg=530.35, 90=575, 99=589, 99.9=619, 99.99=4927] 
2023-12-21 14:07:06:103 1320 sec: 2316922 operations; 1853.4 current ops/sec; est completion in 27 minutes [INSERT: Count=18533, Max=5335, Min=19, Avg=537.29, 90=579, 99=594, 99.9=650, 99.99=4455] 
2023-12-21 14:07:16:103 1330 sec: 2335391 operations; 1846.9 current ops/sec; est completion in 27 minutes [INSERT: Count=18469, Max=5563, Min=19, Avg=539.19, 90=582, 99=596, 99.9=661, 99.99=4851] 
2023-12-21 14:07:26:103 1340 sec: 2352808 operations; 1741.7 current ops/sec; est completion in 27 minutes [INSERT: Count=17417, Max=7763, Min=20, Avg=571.1, 90=586, 99=605, 99.9=683, 99.99=7447] 
2023-12-21 14:07:36:103 1350 sec: 2370280 operations; 1747.2 current ops/sec; est completion in 27 minutes [INSERT: Count=17473, Max=6719, Min=21, Avg=569.33, 90=586, 99=604, 99.9=626, 99.99=6495] 
2023-12-21 14:07:46:103 1360 sec: 2388371 operations; 1809.1 current ops/sec; est completion in 27 minutes [INSERT: Count=18091, Max=7399, Min=19, Avg=550.24, 90=587, 99=602, 99.9=627, 99.99=5339] 
2023-12-21 14:07:56:103 1370 sec: 2406691 operations; 1832 current ops/sec; est completion in 26 minutes [INSERT: Count=18320, Max=5115, Min=19, Avg=543.44, 90=581, 99=595, 99.9=634, 99.99=4855] 
2023-12-21 14:08:06:103 1380 sec: 2424449 operations; 1775.8 current ops/sec; est completion in 26 minutes [INSERT: Count=17758, Max=3887, Min=19, Avg=560.29, 90=584, 99=601, 99.9=648, 99.99=3867] 
2023-12-21 14:08:16:103 1390 sec: 2442232 operations; 1778.3 current ops/sec; est completion in 26 minutes [INSERT: Count=17783, Max=5067, Min=20, Avg=559.56, 90=584, 99=600, 99.9=624, 99.99=3887] 
2023-12-21 14:08:26:103 1400 sec: 2460271 operations; 1803.9 current ops/sec; est completion in 26 minutes [INSERT: Count=18038, Max=5395, Min=20, Avg=551.82, 90=583, 99=597, 99.9=616, 99.99=4959] 
2023-12-21 14:08:36:103 1410 sec: 2479291 operations; 1902 current ops/sec; est completion in 26 minutes [INSERT: Count=19020, Max=5735, Min=18, Avg=523.88, 90=532, 99=542, 99.9=569, 99.99=5331] 
2023-12-21 14:08:46:103 1420 sec: 2498350 operations; 1905.9 current ops/sec; est completion in 26 minutes [INSERT: Count=19060, Max=3137, Min=19, Avg=522.8, 90=531, 99=541, 99.9=551, 99.99=3085] 
2023-12-21 14:08:56:103 1430 sec: 2517348 operations; 1899.8 current ops/sec; est completion in 25 minutes [INSERT: Count=18997, Max=3079, Min=18, Avg=524.47, 90=532, 99=580, 99.9=608, 99.99=2871] 
2023-12-21 14:09:06:103 1440 sec: 2536378 operations; 1903 current ops/sec; est completion in 25 minutes [INSERT: Count=19031, Max=3175, Min=19, Avg=523.54, 90=531, 99=578, 99.9=617, 99.99=3129] 
2023-12-21 14:09:16:103 1450 sec: 2554549 operations; 1817.1 current ops/sec; est completion in 25 minutes [INSERT: Count=18170, Max=1731, Min=19, Avg=547.85, 90=587, 99=601, 99.9=624, 99.99=1010] 
2023-12-21 14:09:26:103 1460 sec: 2572790 operations; 1824.1 current ops/sec; est completion in 25 minutes [INSERT: Count=18241, Max=3699, Min=20, Avg=545.73, 90=587, 99=604, 99.9=631, 99.99=1091] 
2023-12-21 14:09:36:103 1470 sec: 2590307 operations; 1751.7 current ops/sec; est completion in 25 minutes [INSERT: Count=17517, Max=1074, Min=21, Avg=567.81, 90=586, 99=609, 99.9=634, 99.99=956] 
2023-12-21 14:09:46:103 1480 sec: 2607838 operations; 1753.1 current ops/sec; est completion in 24 minutes [INSERT: Count=17532, Max=2261, Min=20, Avg=567.32, 90=585, 99=607, 99.9=632, 99.99=835] 
2023-12-21 14:09:56:103 1490 sec: 2625785 operations; 1794.7 current ops/sec; est completion in 24 minutes [INSERT: Count=17946, Max=969, Min=20, Avg=554.54, 90=586, 99=607, 99.9=626, 99.99=923] 
2023-12-21 14:10:06:103 1500 sec: 2644831 operations; 1904.6 current ops/sec; est completion in 24 minutes [INSERT: Count=19047, Max=2419, Min=18, Avg=523.08, 90=533, 99=545, 99.9=583, 99.99=1049] 
2023-12-21 14:10:16:103 1510 sec: 2664029 operations; 1919.8 current ops/sec; est completion in 24 minutes [INSERT: Count=19198, Max=2423, Min=18, Avg=518.96, 90=526, 99=540, 99.9=556, 99.99=856] 
2023-12-21 14:10:26:103 1520 sec: 2682190 operations; 1816.1 current ops/sec; est completion in 24 minutes [INSERT: Count=18160, Max=2295, Min=19, Avg=547.9, 90=579, 99=600, 99.9=644, 99.99=814] 
2023-12-21 14:10:36:103 1530 sec: 2700308 operations; 1811.8 current ops/sec; est completion in 24 minutes [INSERT: Count=18119, Max=960, Min=20, Avg=549.18, 90=580, 99=602, 99.9=632, 99.99=831] 
2023-12-21 14:10:46:103 1540 sec: 2719454 operations; 1914.6 current ops/sec; est completion in 23 minutes [INSERT: Count=19146, Max=2351, Min=18, Avg=520.38, 90=528, 99=541, 99.9=555, 99.99=1097] 
2023-12-21 14:10:56:103 1550 sec: 2738462 operations; 1900.8 current ops/sec; est completion in 23 minutes [INSERT: Count=19008, Max=1855, Min=19, Avg=524.01, 90=538, 99=546, 99.9=569, 99.99=1710] 
2023-12-21 14:11:06:103 1560 sec: 2756954 operations; 1849.2 current ops/sec; est completion in 23 minutes [INSERT: Count=18492, Max=2331, Min=18, Avg=538.11, 90=580, 99=612, 99.9=643, 99.99=2009] 
2023-12-21 14:11:16:103 1570 sec: 2775786 operations; 1883.2 current ops/sec; est completion in 23 minutes [INSERT: Count=18832, Max=3407, Min=20, Avg=528.58, 90=542, 99=550, 99.9=564, 99.99=2171] 
2023-12-21 14:11:26:103 1580 sec: 2793732 operations; 1794.6 current ops/sec; est completion in 23 minutes [INSERT: Count=17945, Max=852, Min=18, Avg=554.14, 90=599, 99=617, 99.9=642, 99.99=711] 
2023-12-21 14:11:36:103 1590 sec: 2812658 operations; 1892.6 current ops/sec; est completion in 22 minutes [INSERT: Count=18926, Max=2397, Min=19, Avg=526.25, 90=539, 99=593, 99.9=625, 99.99=1920] 
2023-12-21 14:11:46:103 1600 sec: 2831698 operations; 1904 current ops/sec; est completion in 22 minutes [INSERT: Count=19040, Max=701, Min=19, Avg=523.25, 90=535, 99=545, 99.9=556, 99.99=638] 
2023-12-21 14:11:56:103 1610 sec: 2850740 operations; 1904.2 current ops/sec; est completion in 22 minutes [INSERT: Count=19043, Max=2179, Min=20, Avg=523.15, 90=533, 99=545, 99.9=556, 99.99=591] 
2023-12-21 14:12:06:103 1620 sec: 2869566 operations; 1882.6 current ops/sec; est completion in 22 minutes [INSERT: Count=18826, Max=771, Min=19, Avg=529.04, 90=573, 99=584, 99.9=609, 99.99=715] 
2023-12-21 14:12:16:103 1630 sec: 2888631 operations; 1906.5 current ops/sec; est completion in 22 minutes [INSERT: Count=19065, Max=2295, Min=19, Avg=522.57, 90=531, 99=542, 99.9=550, 99.99=645] 
2023-12-21 14:12:26:103 1640 sec: 2907516 operations; 1888.5 current ops/sec; est completion in 21 minutes [INSERT: Count=18884, Max=1451, Min=18, Avg=527.49, 90=549, 99=586, 99.9=615, 99.99=857] 
2023-12-21 14:12:36:103 1650 sec: 2926233 operations; 1871.7 current ops/sec; est completion in 21 minutes [INSERT: Count=18718, Max=2273, Min=19, Avg=532.04, 90=577, 99=593, 99.9=619, 99.99=743] 
2023-12-21 14:12:46:103 1660 sec: 2945185 operations; 1895.2 current ops/sec; est completion in 21 minutes [INSERT: Count=18952, Max=791, Min=20, Avg=525.62, 90=535, 99=584, 99.9=613, 99.99=716] 
2023-12-21 14:12:56:103 1670 sec: 2964165 operations; 1898 current ops/sec; est completion in 21 minutes [INSERT: Count=18980, Max=2537, Min=20, Avg=524.94, 90=534, 99=544, 99.9=555, 99.99=645] 
2023-12-21 14:13:06:103 1680 sec: 2982571 operations; 1840.6 current ops/sec; est completion in 21 minutes [INSERT: Count=18405, Max=935, Min=20, Avg=540.92, 90=581, 99=596, 99.9=621, 99.99=789] 
2023-12-21 14:13:16:103 1690 sec: 3001038 operations; 1846.7 current ops/sec; est completion in 21 minutes [INSERT: Count=18467, Max=2315, Min=19, Avg=539.09, 90=579, 99=595, 99.9=623, 99.99=802] 
2023-12-21 14:13:26:103 1700 sec: 3018730 operations; 1769.2 current ops/sec; est completion in 20 minutes [INSERT: Count=17693, Max=936, Min=21, Avg=562.21, 90=601, 99=622, 99.9=649, 99.99=837] 
2023-12-21 14:13:36:103 1710 sec: 3037240 operations; 1851 current ops/sec; est completion in 20 minutes [INSERT: Count=18510, Max=917, Min=19, Avg=537.95, 90=580, 99=596, 99.9=617, 99.99=887] 
2023-12-21 14:13:46:103 1720 sec: 3055458 operations; 1821.8 current ops/sec; est completion in 20 minutes [INSERT: Count=18217, Max=2233, Min=20, Avg=546.43, 90=588, 99=610, 99.9=634, 99.99=892] 
2023-12-21 14:13:56:103 1730 sec: 3073962 operations; 1850.4 current ops/sec; est completion in 20 minutes [INSERT: Count=18505, Max=839, Min=19, Avg=538.17, 90=584, 99=604, 99.9=625, 99.99=644] 
2023-12-21 14:14:06:103 1740 sec: 3091344 operations; 1738.2 current ops/sec; est completion in 20 minutes [INSERT: Count=17381, Max=23055, Min=21, Avg=572.25, 90=594, 99=616, 99.9=635, 99.99=751] 
2023-12-21 14:14:16:103 1750 sec: 3108755 operations; 1741.1 current ops/sec; est completion in 20 minutes [INSERT: Count=17411, Max=741, Min=19, Avg=571.3, 90=594, 99=615, 99.9=633, 99.99=653] 
2023-12-21 14:14:26:103 1760 sec: 3126147 operations; 1739.2 current ops/sec; est completion in 19 minutes [INSERT: Count=17393, Max=2231, Min=21, Avg=571.9, 90=594, 99=620, 99.9=644, 99.99=1024] 
2023-12-21 14:14:36:103 1770 sec: 3143557 operations; 1741 current ops/sec; est completion in 19 minutes [INSERT: Count=17409, Max=700, Min=22, Avg=571.35, 90=593, 99=619, 99.9=639, 99.99=658] 
2023-12-21 14:14:46:103 1780 sec: 3160887 operations; 1733 current ops/sec; est completion in 19 minutes [INSERT: Count=17332, Max=2121, Min=21, Avg=573.87, 90=598, 99=621, 99.9=654, 99.99=800] 
2023-12-21 14:14:56:103 1790 sec: 3171431 operations; 1054.4 current ops/sec; est completion in 19 minutes [INSERT: Count=10542, Max=3859, Min=22, Avg=944.19, 90=2323, 99=2517, 99.9=2573, 99.99=3517] 
2023-12-21 14:15:06:103 1800 sec: 3181259 operations; 982.8 current ops/sec; est completion in 19 minutes [INSERT: Count=9829, Max=9239, Min=21, Avg=1014.03, 90=1695, 99=2449, 99.9=2719, 99.99=8807] 
2023-12-21 14:15:16:103 1810 sec: 3193754 operations; 1249.5 current ops/sec; est completion in 19 minutes [INSERT: Count=12495, Max=7311, Min=19, Avg=797.19, 90=1436, 99=1881, 99.9=2113, 99.99=6243] 
2023-12-21 14:15:26:103 1820 sec: 3206136 operations; 1238.2 current ops/sec; est completion in 19 minutes [INSERT: Count=12381, Max=10199, Min=20, Avg=804.48, 90=1457, 99=1917, 99.9=2089, 99.99=9439] 
2023-12-21 14:15:36:103 1830 sec: 3218462 operations; 1232.6 current ops/sec; est completion in 19 minutes [INSERT: Count=12327, Max=8519, Min=20, Avg=807.62, 90=1378, 99=1677, 99.9=2024, 99.99=8287] 
2023-12-21 14:15:46:103 1840 sec: 3230811 operations; 1234.9 current ops/sec; est completion in 19 minutes [INSERT: Count=12349, Max=7263, Min=20, Avg=806.59, 90=1434, 99=1899, 99.9=2109, 99.99=6795] 
2023-12-21 14:15:56:103 1850 sec: 3245924 operations; 1511.3 current ops/sec; est completion in 18 minutes [INSERT: Count=15112, Max=6059, Min=20, Avg=658.72, 90=949, 99=1649, 99.9=2135, 99.99=5703] 
2023-12-21 14:16:06:103 1860 sec: 3263209 operations; 1728.5 current ops/sec; est completion in 18 minutes [INSERT: Count=17285, Max=7031, Min=19, Avg=575.18, 90=596, 99=618, 99.9=650, 99.99=6915] 
2023-12-21 14:16:16:103 1870 sec: 3280521 operations; 1731.2 current ops/sec; est completion in 18 minutes [INSERT: Count=17312, Max=6691, Min=20, Avg=574.36, 90=596, 99=614, 99.9=638, 99.99=6147] 
2023-12-21 14:16:26:103 1880 sec: 3298015 operations; 1749.4 current ops/sec; est completion in 18 minutes [INSERT: Count=17495, Max=7743, Min=20, Avg=568.6, 90=582, 99=604, 99.9=636, 99.99=6791] 
2023-12-21 14:16:36:103 1890 sec: 3315546 operations; 1753.1 current ops/sec; est completion in 18 minutes [INSERT: Count=17530, Max=5599, Min=20, Avg=567.34, 90=588, 99=606, 99.9=656, 99.99=4919] 
2023-12-21 14:16:46:103 1900 sec: 3333091 operations; 1754.5 current ops/sec; est completion in 18 minutes [INSERT: Count=17546, Max=14887, Min=20, Avg=566.85, 90=582, 99=605, 99.9=708, 99.99=3169] 
2023-12-21 14:16:56:103 1910 sec: 3350673 operations; 1758.2 current ops/sec; est completion in 17 minutes [INSERT: Count=17582, Max=3189, Min=20, Avg=565.64, 90=583, 99=603, 99.9=673, 99.99=3165] 
2023-12-21 14:17:06:103 1920 sec: 3368213 operations; 1754 current ops/sec; est completion in 17 minutes [INSERT: Count=17540, Max=3077, Min=21, Avg=566.97, 90=590, 99=613, 99.9=689, 99.99=2963] 
2023-12-21 14:17:16:103 1930 sec: 3385790 operations; 1757.7 current ops/sec; est completion in 17 minutes [INSERT: Count=17577, Max=1941, Min=20, Avg=565.86, 90=583, 99=607, 99.9=646, 99.99=1123] 
2023-12-21 14:17:26:103 1940 sec: 3403250 operations; 1746 current ops/sec; est completion in 17 minutes [INSERT: Count=17459, Max=1055, Min=19, Avg=569.58, 90=596, 99=616, 99.9=650, 99.99=985] 
2023-12-21 14:17:36:103 1950 sec: 3420680 operations; 1743 current ops/sec; est completion in 17 minutes [INSERT: Count=17430, Max=2367, Min=21, Avg=570.39, 90=597, 99=620, 99.9=666, 99.99=972] 
2023-12-21 14:17:46:103 1960 sec: 3438172 operations; 1749.2 current ops/sec; est completion in 17 minutes [INSERT: Count=17492, Max=1061, Min=19, Avg=568.51, 90=598, 99=622, 99.9=648, 99.99=886] 
2023-12-21 14:17:56:103 1970 sec: 3455752 operations; 1758 current ops/sec; est completion in 16 minutes [INSERT: Count=17581, Max=2213, Min=20, Avg=565.68, 90=596, 99=619, 99.9=654, 99.99=788] 
2023-12-21 14:18:06:103 1980 sec: 3473304 operations; 1755.2 current ops/sec; est completion in 16 minutes [INSERT: Count=17552, Max=952, Min=20, Avg=566.68, 90=594, 99=614, 99.9=653, 99.99=920] 
2023-12-21 14:18:16:103 1990 sec: 3491036 operations; 1773.2 current ops/sec; est completion in 16 minutes [INSERT: Count=17731, Max=2529, Min=20, Avg=561, 90=590, 99=615, 99.9=659, 99.99=1759] 
2023-12-21 14:18:26:103 2000 sec: 3508862 operations; 1782.6 current ops/sec; est completion in 16 minutes [INSERT: Count=17826, Max=2159, Min=21, Avg=557.67, 90=617, 99=644, 99.9=689, 99.99=2091] 
2023-12-21 14:18:36:103 2010 sec: 3525856 operations; 1699.4 current ops/sec; est completion in 16 minutes [INSERT: Count=16994, Max=1187, Min=23, Avg=584.42, 90=624, 99=646, 99.9=669, 99.99=835] 
2023-12-21 14:18:46:103 2020 sec: 3543486 operations; 1763 current ops/sec; est completion in 16 minutes [INSERT: Count=17631, Max=2877, Min=21, Avg=564.01, 90=605, 99=627, 99.9=660, 99.99=1862] 
2023-12-21 14:18:56:103 2030 sec: 3560933 operations; 1744.7 current ops/sec; est completion in 15 minutes [INSERT: Count=17447, Max=748, Min=20, Avg=569.9, 90=595, 99=617, 99.9=642, 99.99=718] 
2023-12-21 14:19:06:103 2040 sec: 3578426 operations; 1749.3 current ops/sec; est completion in 15 minutes [INSERT: Count=17493, Max=2509, Min=20, Avg=568.53, 90=591, 99=612, 99.9=630, 99.99=742] 
2023-12-21 14:19:16:103 2050 sec: 3595894 operations; 1746.8 current ops/sec; est completion in 15 minutes [INSERT: Count=17467, Max=854, Min=21, Avg=569.47, 90=593, 99=613, 99.9=634, 99.99=751] 
2023-12-21 14:19:26:103 2060 sec: 3613396 operations; 1750.2 current ops/sec; est completion in 15 minutes [INSERT: Count=17502, Max=2229, Min=20, Avg=568.25, 90=591, 99=613, 99.9=635, 99.99=778] 
2023-12-21 14:19:36:103 2070 sec: 3630757 operations; 1736.1 current ops/sec; est completion in 15 minutes [INSERT: Count=17362, Max=866, Min=22, Avg=572.74, 90=600, 99=622, 99.9=643, 99.99=728] 
2023-12-21 14:19:46:103 2080 sec: 3648008 operations; 1725.1 current ops/sec; est completion in 15 minutes [INSERT: Count=17250, Max=849, Min=21, Avg=576.28, 90=605, 99=628, 99.9=648, 99.99=699] 
2023-12-21 14:19:56:103 2090 sec: 3665113 operations; 1710.5 current ops/sec; est completion in 15 minutes [INSERT: Count=17106, Max=2347, Min=20, Avg=581.13, 90=610, 99=631, 99.9=658, 99.99=935] 
2023-12-21 14:20:06:103 2100 sec: 3682543 operations; 1743 current ops/sec; est completion in 14 minutes [INSERT: Count=17430, Max=1363, Min=21, Avg=570.68, 90=596, 99=617, 99.9=635, 99.99=934] 
2023-12-21 14:20:16:103 2110 sec: 3699754 operations; 1721.1 current ops/sec; est completion in 14 minutes [INSERT: Count=17210, Max=93183, Min=18, Avg=577.88, 90=603, 99=626, 99.9=665, 99.99=1120] 
2023-12-21 14:20:26:103 2120 sec: 3717451 operations; 1769.7 current ops/sec; est completion in 14 minutes [INSERT: Count=17697, Max=962, Min=18, Avg=562.01, 90=578, 99=603, 99.9=623, 99.99=731] 
2023-12-21 14:20:36:103 2130 sec: 3735042 operations; 1759.1 current ops/sec; est completion in 14 minutes [INSERT: Count=17591, Max=2279, Min=17, Avg=565.41, 90=586, 99=608, 99.9=623, 99.99=748] 
2023-12-21 14:20:46:103 2140 sec: 3752685 operations; 1764.3 current ops/sec; est completion in 14 minutes [INSERT: Count=17643, Max=1064, Min=18, Avg=563.83, 90=584, 99=601, 99.9=618, 99.99=700] 
2023-12-21 14:20:56:103 2150 sec: 3770382 operations; 1769.7 current ops/sec; est completion in 14 minutes [INSERT: Count=17698, Max=4039, Min=18, Avg=562.08, 90=594, 99=612, 99.9=673, 99.99=761] 
2023-12-21 14:21:06:103 2160 sec: 3787915 operations; 1753.3 current ops/sec; est completion in 13 minutes [INSERT: Count=17533, Max=6815, Min=19, Avg=567.25, 90=586, 99=605, 99.9=655, 99.99=5223] 
2023-12-21 14:21:16:103 2170 sec: 3805046 operations; 1713.1 current ops/sec; est completion in 13 minutes [INSERT: Count=17130, Max=6107, Min=20, Avg=580.36, 90=606, 99=632, 99.9=668, 99.99=5559] 
2023-12-21 14:21:26:103 2180 sec: 3822214 operations; 1716.8 current ops/sec; est completion in 13 minutes [INSERT: Count=17168, Max=4515, Min=19, Avg=579.06, 90=606, 99=629, 99.9=693, 99.99=4159] 
2023-12-21 14:21:36:103 2190 sec: 3839373 operations; 1715.9 current ops/sec; est completion in 13 minutes [INSERT: Count=17159, Max=8207, Min=20, Avg=579.4, 90=606, 99=627, 99.9=659, 99.99=4507] 
2023-12-21 14:21:46:103 2200 sec: 3856596 operations; 1722.3 current ops/sec; est completion in 13 minutes [INSERT: Count=17224, Max=3243, Min=20, Avg=577.29, 90=605, 99=622, 99.9=689, 99.99=3173] 
2023-12-21 14:21:56:103 2210 sec: 3873712 operations; 1711.6 current ops/sec; est completion in 13 minutes [INSERT: Count=17115, Max=3287, Min=20, Avg=580.8, 90=606, 99=625, 99.9=648, 99.99=3193] 
2023-12-21 14:22:06:103 2220 sec: 3891158 operations; 1744.6 current ops/sec; est completion in 12 minutes [INSERT: Count=17447, Max=3199, Min=20, Avg=570.01, 90=596, 99=615, 99.9=656, 99.99=3077] 
2023-12-21 14:22:16:103 2230 sec: 3908538 operations; 1738 current ops/sec; est completion in 12 minutes [INSERT: Count=17379, Max=2119, Min=20, Avg=572.11, 90=597, 99=619, 99.9=648, 99.99=1618] 
2023-12-21 14:22:26:103 2240 sec: 3925941 operations; 1740.3 current ops/sec; est completion in 12 minutes [INSERT: Count=17404, Max=916, Min=21, Avg=571.35, 90=597, 99=618, 99.9=655, 99.99=868] 
2023-12-21 14:22:36:103 2250 sec: 3943314 operations; 1737.3 current ops/sec; est completion in 12 minutes [INSERT: Count=17372, Max=2695, Min=21, Avg=572.46, 90=601, 99=620, 99.9=703, 99.99=863] 
2023-12-21 14:22:46:103 2260 sec: 3960756 operations; 1744.2 current ops/sec; est completion in 12 minutes [INSERT: Count=17443, Max=986, Min=21, Avg=570.12, 90=597, 99=622, 99.9=660, 99.99=916] 
2023-12-21 14:22:56:103 2270 sec: 3978207 operations; 1745.1 current ops/sec; est completion in 12 minutes [INSERT: Count=17450, Max=2381, Min=19, Avg=569.77, 90=596, 99=622, 99.9=651, 99.99=827] 
2023-12-21 14:23:06:103 2280 sec: 3995704 operations; 1749.7 current ops/sec; est completion in 11 minutes [INSERT: Count=17498, Max=851, Min=20, Avg=568.3, 90=596, 99=619, 99.9=659, 99.99=797] 
2023-12-21 14:23:16:103 2290 sec: 4013328 operations; 1762.4 current ops/sec; est completion in 11 minutes [INSERT: Count=17623, Max=1500, Min=20, Avg=564.39, 90=583, 99=608, 99.9=641, 99.99=1209] 
2023-12-21 14:23:26:103 2300 sec: 4030409 operations; 1708.1 current ops/sec; est completion in 11 minutes [INSERT: Count=17082, Max=2399, Min=21, Avg=581.52, 90=618, 99=640, 99.9=690, 99.99=1840] 
2023-12-21 14:23:36:103 2310 sec: 4047443 operations; 1703.4 current ops/sec; est completion in 11 minutes [INSERT: Count=17033, Max=2099, Min=19, Avg=583.18, 90=622, 99=644, 99.9=671, 99.99=1869] 
2023-12-21 14:23:46:103 2320 sec: 4064638 operations; 1719.5 current ops/sec; est completion in 11 minutes [INSERT: Count=17195, Max=2899, Min=20, Avg=577.95, 90=613, 99=638, 99.9=697, 99.99=1606] 
2023-12-21 14:23:56:103 2330 sec: 4081962 operations; 1732.4 current ops/sec; est completion in 11 minutes [INSERT: Count=17325, Max=756, Min=21, Avg=573.87, 90=604, 99=626, 99.9=649, 99.99=745] 
2023-12-21 14:24:06:103 2340 sec: 4099232 operations; 1727 current ops/sec; est completion in 10 minutes [INSERT: Count=17270, Max=2285, Min=20, Avg=575.63, 90=605, 99=631, 99.9=651, 99.99=747] 
2023-12-21 14:24:16:103 2350 sec: 4116598 operations; 1736.6 current ops/sec; est completion in 10 minutes [INSERT: Count=17365, Max=896, Min=21, Avg=572.67, 90=600, 99=623, 99.9=651, 99.99=779] 
2023-12-21 14:24:26:103 2360 sec: 4134018 operations; 1742 current ops/sec; est completion in 10 minutes [INSERT: Count=17420, Max=769, Min=20, Avg=570.85, 90=598, 99=619, 99.9=642, 99.99=702] 
2023-12-21 14:24:36:103 2370 sec: 4151345 operations; 1732.7 current ops/sec; est completion in 10 minutes [INSERT: Count=17328, Max=2085, Min=20, Avg=573.82, 90=602, 99=627, 99.9=652, 99.99=761] 
2023-12-21 14:24:46:103 2380 sec: 4168658 operations; 1731.3 current ops/sec; est completion in 10 minutes [INSERT: Count=17312, Max=742, Min=20, Avg=574.38, 90=603, 99=623, 99.9=650, 99.99=737] 
2023-12-21 14:24:56:103 2390 sec: 4185924 operations; 1726.6 current ops/sec; est completion in 10 minutes [INSERT: Count=17266, Max=2181, Min=21, Avg=575.81, 90=604, 99=627, 99.9=651, 99.99=765] 
2023-12-21 14:25:06:103 2400 sec: 4203174 operations; 1725 current ops/sec; est completion in 9 minutes [INSERT: Count=17250, Max=1870, Min=21, Avg=576.36, 90=605, 99=627, 99.9=663, 99.99=806] 
2023-12-21 14:25:16:103 2410 sec: 4220488 operations; 1731.4 current ops/sec; est completion in 9 minutes [INSERT: Count=17314, Max=2327, Min=20, Avg=574.25, 90=603, 99=627, 99.9=658, 99.99=920] 
2023-12-21 14:25:26:103 2420 sec: 4228717 operations; 822.9 current ops/sec; est completion in 9 minutes [INSERT: Count=8229, Max=96191, Min=18, Avg=1209.92, 90=2413, 99=2531, 99.9=2569, 99.99=2663] 
2023-12-21 14:25:36:103 2430 sec: 4239076 operations; 1035.9 current ops/sec; est completion in 9 minutes [INSERT: Count=10359, Max=3177, Min=18, Avg=961.88, 90=1560, 99=2247, 99.9=2487, 99.99=2659] 
2023-12-21 14:25:46:103 2440 sec: 4251731 operations; 1265.5 current ops/sec; est completion in 9 minutes [INSERT: Count=12655, Max=2481, Min=19, Avg=787.35, 90=1395, 99=1914, 99.9=2127, 99.99=2265] 
2023-12-21 14:25:56:103 2450 sec: 4264282 operations; 1255.1 current ops/sec; est completion in 9 minutes [INSERT: Count=12552, Max=3713, Min=20, Avg=794, 90=1424, 99=1965, 99.9=2497, 99.99=2925] 
2023-12-21 14:26:06:103 2460 sec: 4275887 operations; 1160.5 current ops/sec; est completion in 9 minutes [INSERT: Count=11604, Max=7631, Min=20, Avg=858.91, 90=1563, 99=2461, 99.9=2597, 99.99=6979] 
2023-12-21 14:26:16:103 2470 sec: 4288105 operations; 1221.8 current ops/sec; est completion in 9 minutes [INSERT: Count=12218, Max=11055, Min=19, Avg=815.92, 90=1509, 99=2439, 99.9=2585, 99.99=9823] 
2023-12-21 14:26:26:103 2480 sec: 4299855 operations; 1175 current ops/sec; est completion in 9 minutes [INSERT: Count=11750, Max=12199, Min=19, Avg=848.05, 90=1578, 99=2479, 99.9=2643, 99.99=10495] 
2023-12-21 14:26:36:103 2490 sec: 4310903 operations; 1104.8 current ops/sec; est completion in 8 minutes [INSERT: Count=11049, Max=8447, Min=20, Avg=901.66, 90=1642, 99=2513, 99.9=2653, 99.99=8239] 
2023-12-21 14:26:46:103 2500 sec: 4325949 operations; 1504.6 current ops/sec; est completion in 8 minutes [INSERT: Count=15045, Max=6987, Min=19, Avg=661.24, 90=674, 99=1933, 99.9=2621, 99.99=6587] 
2023-12-21 14:26:56:103 2510 sec: 4344266 operations; 1831.7 current ops/sec; est completion in 8 minutes [INSERT: Count=18317, Max=6743, Min=19, Avg=543.5, 90=588, 99=607, 99.9=665, 99.99=6055] 
2023-12-21 14:27:06:103 2520 sec: 4362146 operations; 1788 current ops/sec; est completion in 8 minutes [INSERT: Count=17880, Max=6299, Min=20, Avg=556.53, 90=586, 99=606, 99.9=648, 99.99=6239] 
2023-12-21 14:27:16:103 2530 sec: 4380441 operations; 1829.5 current ops/sec; est completion in 8 minutes [INSERT: Count=18295, Max=7539, Min=18, Avg=544.2, 90=585, 99=597, 99.9=641, 99.99=6847] 
2023-12-21 14:27:26:103 2540 sec: 4398261 operations; 1782 current ops/sec; est completion in 8 minutes [INSERT: Count=17820, Max=9319, Min=19, Avg=558.42, 90=587, 99=606, 99.9=639, 99.99=7379] 
2023-12-21 14:27:36:103 2550 sec: 4417360 operations; 1909.9 current ops/sec; est completion in 7 minutes [INSERT: Count=19099, Max=3329, Min=18, Avg=521.69, 90=528, 99=539, 99.9=578, 99.99=3049] 
2023-12-21 14:27:46:103 2560 sec: 4436210 operations; 1885 current ops/sec; est completion in 7 minutes [INSERT: Count=18850, Max=3327, Min=19, Avg=528.42, 90=564, 99=591, 99.9=667, 99.99=3039] 
2023-12-21 14:27:56:103 2570 sec: 4453859 operations; 1764.9 current ops/sec; est completion in 7 minutes [INSERT: Count=17650, Max=1875, Min=20, Avg=563.57, 90=589, 99=607, 99.9=670, 99.99=1470] 
2023-12-21 14:28:06:103 2580 sec: 4471318 operations; 1745.9 current ops/sec; est completion in 7 minutes [INSERT: Count=17459, Max=2287, Min=20, Avg=569.65, 90=589, 99=612, 99.9=686, 99.99=922] 
2023-12-21 14:28:16:103 2590 sec: 4488918 operations; 1760 current ops/sec; est completion in 7 minutes [INSERT: Count=17600, Max=963, Min=20, Avg=565.07, 90=584, 99=604, 99.9=636, 99.99=870] 
2023-12-21 14:28:26:103 2600 sec: 4506425 operations; 1750.7 current ops/sec; est completion in 7 minutes [INSERT: Count=17506, Max=2721, Min=21, Avg=568.03, 90=588, 99=611, 99.9=649, 99.99=838] 
2023-12-21 14:28:36:103 2610 sec: 4523882 operations; 1745.7 current ops/sec; est completion in 6 minutes [INSERT: Count=17458, Max=883, Min=20, Avg=569.71, 90=590, 99=615, 99.9=654, 99.99=814] 
2023-12-21 14:28:46:103 2620 sec: 4541300 operations; 1741.8 current ops/sec; est completion in 6 minutes [INSERT: Count=17418, Max=2153, Min=21, Avg=570.98, 90=590, 99=616, 99.9=650, 99.99=1128] 
2023-12-21 14:28:56:103 2630 sec: 4558533 operations; 1723.3 current ops/sec; est completion in 6 minutes [INSERT: Count=17233, Max=2909, Min=21, Avg=576.92, 90=609, 99=630, 99.9=674, 99.99=1877] 
2023-12-21 14:29:06:103 2640 sec: 4575664 operations; 1713.1 current ops/sec; est completion in 6 minutes [INSERT: Count=17130, Max=1951, Min=21, Avg=580.16, 90=616, 99=638, 99.9=667, 99.99=1904] 
2023-12-21 14:29:16:103 2650 sec: 4592907 operations; 1724.3 current ops/sec; est completion in 6 minutes [INSERT: Count=17243, Max=3171, Min=20, Avg=576.24, 90=610, 99=630, 99.9=655, 99.99=1306] 
2023-12-21 14:29:26:103 2660 sec: 4610579 operations; 1767.2 current ops/sec; est completion in 6 minutes [INSERT: Count=17672, Max=1799, Min=21, Avg=562.84, 90=599, 99=622, 99.9=646, 99.99=720] 
2023-12-21 14:29:36:103 2670 sec: 4628169 operations; 1759 current ops/sec; est completion in 5 minutes [INSERT: Count=17590, Max=2267, Min=21, Avg=565.37, 90=590, 99=612, 99.9=636, 99.99=709] 
2023-12-21 14:29:46:103 2680 sec: 4646068 operations; 1789.9 current ops/sec; est completion in 5 minutes [INSERT: Count=17900, Max=941, Min=21, Avg=555.94, 90=590, 99=609, 99.9=651, 99.99=731] 
2023-12-21 14:29:56:103 2690 sec: 4665050 operations; 1898.2 current ops/sec; est completion in 5 minutes [INSERT: Count=18982, Max=2199, Min=21, Avg=524.81, 90=535, 99=547, 99.9=594, 99.99=785] 
2023-12-21 14:30:06:103 2700 sec: 4683524 operations; 1847.4 current ops/sec; est completion in 5 minutes [INSERT: Count=18474, Max=839, Min=20, Avg=538.98, 90=581, 99=600, 99.9=630, 99.99=741] 
2023-12-21 14:30:16:103 2710 sec: 4702353 operations; 1882.9 current ops/sec; est completion in 5 minutes [INSERT: Count=18829, Max=742, Min=19, Avg=529.03, 90=548, 99=594, 99.9=616, 99.99=706] 
2023-12-21 14:30:26:103 2720 sec: 4720817 operations; 1846.4 current ops/sec; est completion in 5 minutes [INSERT: Count=18463, Max=2099, Min=19, Avg=539.29, 90=581, 99=600, 99.9=625, 99.99=839] 
2023-12-21 14:30:36:103 2730 sec: 4739753 operations; 1893.6 current ops/sec; est completion in 4 minutes [INSERT: Count=18936, Max=1076, Min=19, Avg=526.11, 90=537, 99=550, 99.9=604, 99.99=887] 
2023-12-21 14:30:46:103 2740 sec: 4757685 operations; 1793.2 current ops/sec; est completion in 4 minutes [INSERT: Count=17933, Max=89087, Min=17, Avg=554.92, 90=590, 99=610, 99.9=635, 99.99=1107] 
2023-12-21 14:30:56:103 2750 sec: 4776371 operations; 1868.6 current ops/sec; est completion in 4 minutes [INSERT: Count=18685, Max=794, Min=17, Avg=532.83, 90=574, 99=593, 99.9=625, 99.99=778] 
2023-12-21 14:31:06:103 2760 sec: 4794841 operations; 1847 current ops/sec; est completion in 4 minutes [INSERT: Count=18471, Max=2309, Min=17, Avg=538.85, 90=590, 99=606, 99.9=635, 99.99=749] 
2023-12-21 14:31:16:103 2770 sec: 4812524 operations; 1768.3 current ops/sec; est completion in 4 minutes [INSERT: Count=17682, Max=827, Min=19, Avg=562.5, 90=580, 99=599, 99.9=619, 99.99=740] 
2023-12-21 14:31:26:103 2780 sec: 4830081 operations; 1755.7 current ops/sec; est completion in 3 minutes [INSERT: Count=17557, Max=8095, Min=20, Avg=566.47, 90=584, 99=602, 99.9=649, 99.99=7355] 
2023-12-21 14:31:36:103 2790 sec: 4847617 operations; 1753.6 current ops/sec; est completion in 3 minutes [INSERT: Count=17537, Max=8695, Min=19, Avg=567.12, 90=587, 99=605, 99.9=635, 99.99=6639] 
2023-12-21 14:31:46:103 2800 sec: 4865171 operations; 1755.4 current ops/sec; est completion in 3 minutes [INSERT: Count=17553, Max=7483, Min=19, Avg=566.53, 90=580, 99=602, 99.9=715, 99.99=7267] 
2023-12-21 14:31:56:103 2810 sec: 4882717 operations; 1754.6 current ops/sec; est completion in 3 minutes [INSERT: Count=17546, Max=10991, Min=19, Avg=566.78, 90=580, 99=601, 99.9=633, 99.99=8759] 
2023-12-21 14:32:06:103 2820 sec: 4900298 operations; 1758.1 current ops/sec; est completion in 3 minutes [INSERT: Count=17582, Max=8671, Min=19, Avg=565.64, 90=581, 99=600, 99.9=661, 99.99=3099] 
2023-12-21 14:32:16:103 2830 sec: 4917881 operations; 1758.3 current ops/sec; est completion in 3 minutes [INSERT: Count=17582, Max=8599, Min=20, Avg=565.58, 90=581, 99=600, 99.9=641, 99.99=3787] 
2023-12-21 14:32:26:103 2840 sec: 4935484 operations; 1760.3 current ops/sec; est completion in 2 minutes [INSERT: Count=17603, Max=3269, Min=19, Avg=565, 90=581, 99=600, 99.9=701, 99.99=3211] 
2023-12-21 14:32:36:103 2850 sec: 4953043 operations; 1755.9 current ops/sec; est completion in 2 minutes [INSERT: Count=17560, Max=3309, Min=19, Avg=566.34, 90=582, 99=604, 99.9=640, 99.99=3093] 
2023-12-21 14:32:46:103 2860 sec: 4970627 operations; 1758.4 current ops/sec; est completion in 2 minutes [INSERT: Count=17583, Max=3507, Min=20, Avg=565.51, 90=582, 99=601, 99.9=630, 99.99=1529] 
2023-12-21 14:32:56:103 2870 sec: 4988172 operations; 1754.5 current ops/sec; est completion in 2 minutes [INSERT: Count=17546, Max=2435, Min=19, Avg=566.77, 90=586, 99=605, 99.9=649, 99.99=952] 
2023-12-21 14:33:06:103 2880 sec: 5005735 operations; 1756.3 current ops/sec; est completion in 2 minutes [INSERT: Count=17563, Max=871, Min=20, Avg=566.25, 90=586, 99=608, 99.9=671, 99.99=820] 
2023-12-21 14:33:16:103 2890 sec: 5023282 operations; 1754.7 current ops/sec; est completion in 2 minutes [INSERT: Count=17546, Max=989, Min=20, Avg=566.73, 90=586, 99=607, 99.9=668, 99.99=929] 
2023-12-21 14:33:26:103 2900 sec: 5040826 operations; 1754.4 current ops/sec; est completion in 1 minute [INSERT: Count=17544, Max=2259, Min=21, Avg=566.73, 90=585, 99=610, 99.9=647, 99.99=805] 
2023-12-21 14:33:36:103 2910 sec: 5058370 operations; 1754.4 current ops/sec; est completion in 1 minute [INSERT: Count=17545, Max=862, Min=19, Avg=566.82, 90=590, 99=612, 99.9=641, 99.99=805] 
2023-12-21 14:33:46:103 2920 sec: 5076826 operations; 1845.6 current ops/sec; est completion in 1 minute [INSERT: Count=18455, Max=2559, Min=19, Avg=539.39, 90=588, 99=620, 99.9=694, 99.99=1983] 
2023-12-21 14:33:56:103 2930 sec: 5095522 operations; 1869.6 current ops/sec; est completion in 1 minute [INSERT: Count=18697, Max=1703, Min=20, Avg=532.4, 90=547, 99=622, 99.9=666, 99.99=1471] 
2023-12-21 14:34:06:103 2940 sec: 5113844 operations; 1832.2 current ops/sec; est completion in 1 minute [INSERT: Count=18321, Max=2981, Min=19, Avg=542.98, 90=592, 99=623, 99.9=670, 99.99=936] 
2023-12-21 14:34:16:103 2950 sec: 5132198 operations; 1835.4 current ops/sec; est completion in 1 minute [INSERT: Count=18354, Max=1341, Min=19, Avg=542.27, 90=590, 99=621, 99.9=673, 99.99=1207] 
2023-12-21 14:34:26:103 2960 sec: 5150756 operations; 1855.8 current ops/sec; est completion in 53 seconds [INSERT: Count=18558, Max=2405, Min=20, Avg=536.57, 90=583, 99=608, 99.9=628, 99.99=1233] 
2023-12-21 14:34:36:103 2970 sec: 5169191 operations; 1843.5 current ops/sec; est completion in 43 seconds [INSERT: Count=18435, Max=1160, Min=19, Avg=540.11, 90=588, 99=611, 99.9=646, 99.99=749] 
2023-12-21 14:34:46:103 2980 sec: 5188076 operations; 1888.5 current ops/sec; est completion in 32 seconds [INSERT: Count=18886, Max=1014, Min=20, Avg=527.5, 90=537, 99=588, 99.9=629, 99.99=747] 
2023-12-21 14:34:56:103 2990 sec: 5205661 operations; 1758.5 current ops/sec; est completion in 22 seconds [INSERT: Count=17584, Max=2475, Min=21, Avg=565.77, 90=597, 99=618, 99.9=659, 99.99=834] 
2023-12-21 14:35:06:103 3000 sec: 5223276 operations; 1761.5 current ops/sec; est completion in 12 seconds [INSERT: Count=17616, Max=762, Min=21, Avg=564.77, 90=595, 99=616, 99.9=634, 99.99=675] 
2023-12-21 14:35:16:103 3010 sec: 5241860 operations; 1858.4 current ops/sec; est completion in 1 second [INSERT: Count=18583, Max=2121, Min=20, Avg=535.78, 90=585, 99=600, 99.9=624, 99.99=714] 
2023-12-21 14:35:16:731 3010 sec: 5242880 operations; 1624.2 current ops/sec; [CLEANUP: Count=1, Max=91583, Min=91520, Avg=91552, 90=91583, 99=91583, 99.9=91583, 99.99=91583] [INSERT: Count=1020, Max=605, Min=21, Avg=522.97, 90=533, 99=542, 99.9=552, 99.99=605] 
