[WARN]  Running against a source checkout. In order to get our runtime dependencies we'll have to invoke Maven. Depending on the state of your system, this may take ~30-45 seconds
[DEBUG]  Running 'mvn -pl site.ycsb:rocksdb-binding -am package -DskipTests dependency:build-classpath -DincludeScope=compile -Dmdep.outputFilterFile=true'
java -cp /home/user/src/rocksdb-cheops-2024/ycsb/rocksdb/conf:/home/user/src/rocksdb-cheops-2024/ycsb/rocksdb/target/rocksdb-binding-0.18.0-SNAPSHOT.jar:/root/.m2/repository/org/apache/htrace/htrace-core4/4.1.0-incubating/htrace-core4-4.1.0-incubating.jar:/root/.m2/repository/org/slf4j/slf4j-api/1.7.25/slf4j-api-1.7.25.jar:/home/user/src/rocksdb-cheops-2024/rocksdb-ycsb/java/target/rocksdbjni-7.4.3-linux64.jar:/root/.m2/repository/net/jcip/jcip-annotations/1.0/jcip-annotations-1.0.jar:/root/.m2/repository/org/hdrhistogram/HdrHistogram/2.1.4/HdrHistogram-2.1.4.jar:/root/.m2/repository/org/codehaus/jackson/jackson-mapper-asl/1.9.4/jackson-mapper-asl-1.9.4.jar:/lib/libzbd.so.1:/root/.m2/repository/org/codehaus/jackson/jackson-core-asl/1.9.4/jackson-core-asl-1.9.4.jar:/home/user/src/rocksdb-cheops-2024/rocksdb-ycsb/java/target/librocksdbjni-linux64.so:/home/user/src/rocksdb-cheops-2024/ycsb/core/target/core-0.18.0-SNAPSHOT.jar site.ycsb.Client -db site.ycsb.db.rocksdb.RocksDBClient -s -P ./workloads/workloada -p recordcount=5242880 -p operationcount=1000000 -p fieldlength=386 -p fieldcount=10 -t
Command line: -db site.ycsb.db.rocksdb.RocksDBClient -s -P ./workloads/workloada -p recordcount=5242880 -p operationcount=1000000 -p fieldlength=386 -p fieldcount=10 -t
YCSB Client 0.18.0-SNAPSHOT

Loading workload...
Starting test.
SLF4J: Failed to load class "org.slf4j.impl.StaticLoggerBinder".
SLF4J: Defaulting to no-operation (NOP) logger implementation
SLF4J: See http://www.slf4j.org/codes.html#StaticLoggerBinder for further details.
2023-12-21 10:46:58:194 0 sec: 0 operations; est completion in 0 second 
Leet YCSB 
2023-12-21 10:47:08:159 10 sec: 0 operations; est completion in 106751991167300 days 15 hours 
2023-12-21 10:47:18:158 20 sec: 0 operations; est completion in 106751991167300 days 15 hours 
2023-12-21 10:47:28:158 30 sec: 0 operations; est completion in 106751991167300 days 15 hours 
DBWrapper: report latency for each error is false and specific error codes to track for latency are: []
2023-12-21 10:47:38:158 40 sec: 12 operations; 1.2 current ops/sec; est completion in 38 days 13 hours [READ: Count=7, Max=2459, Min=286, Avg=1094.71, 90=1379, 99=2459, 99.9=2459, 99.99=2459] [UPDATE: Count=10, Max=4069, Min=374, Avg=1666.3, 90=3211, 99=4069, 99.9=4069, 99.99=4069] 
2023-12-21 10:47:48:158 50 sec: 11494 operations; 1148.2 current ops/sec; est completion in 1 hour 11 minutes [READ: Count=5665, Max=4559, Min=4, Avg=822.89, 90=2137, 99=3481, 99.9=4073, 99.99=4531] [UPDATE: Count=5819, Max=20527, Min=23, Avg=899.13, 90=2305, 99=3625, 99.9=4093, 99.99=4135] 
2023-12-21 10:47:58:158 60 sec: 25450 operations; 1395.6 current ops/sec; est completion in 38 minutes [READ: Count=7044, Max=4879, Min=6, Avg=683.87, 90=2303, 99=3359, 99.9=4093, 99.99=4299] [UPDATE: Count=6906, Max=5367, Min=38, Avg=739.88, 90=2285, 99=3495, 99.9=4331, 99.99=5159] 
2023-12-21 10:48:08:158 70 sec: 42429 operations; 1697.9 current ops/sec; est completion in 26 minutes [READ: Count=8488, Max=6563, Min=6, Avg=550.48, 90=1729, 99=3323, 99.9=4319, 99.99=5251] [UPDATE: Count=8498, Max=4991, Min=32, Avg=619.17, 90=1898, 99=3489, 99.9=4243, 99.99=4759] 
2023-12-21 10:48:18:158 80 sec: 63482 operations; 2105.3 current ops/sec; est completion in 19 minutes [READ: Count=10472, Max=5079, Min=4, Avg=446.28, 90=1327, 99=3305, 99.9=4215, 99.99=4991] [UPDATE: Count=10578, Max=6471, Min=21, Avg=495.98, 90=1372, 99=3337, 99.9=4603, 99.99=5955] 
2023-12-21 10:48:28:158 90 sec: 90290 operations; 2680.8 current ops/sec; est completion in 15 minutes [READ: Count=13414, Max=5007, Min=4, Avg=345.53, 90=1063, 99=3139, 99.9=4063, 99.99=4883] [UPDATE: Count=13394, Max=5831, Min=19, Avg=396.06, 90=1128, 99=3185, 99.9=4355, 99.99=5291] 
2023-12-21 10:48:38:158 100 sec: 124138 operations; 3384.8 current ops/sec; est completion in 11 minutes [READ: Count=17035, Max=5431, Min=3, Avg=270.52, 90=801, 99=2859, 99.9=4167, 99.99=5147] [UPDATE: Count=16815, Max=5555, Min=19, Avg=316.13, 90=820, 99=2965, 99.9=4391, 99.99=5259] 
2023-12-21 10:48:48:158 110 sec: 166818 operations; 4268 current ops/sec; est completion in 9 minutes [READ: Count=21504, Max=5439, Min=4, Avg=210.52, 90=424, 99=2553, 99.9=3743, 99.99=4879] [UPDATE: Count=21177, Max=6031, Min=17, Avg=254.33, 90=476, 99=2541, 99.9=4077, 99.99=5051] 
2023-12-21 10:48:58:158 120 sec: 206772 operations; 3995.4 current ops/sec; est completion in 7 minutes [READ: Count=20146, Max=323071, Min=3, Avg=247.23, 90=342, 99=2383, 99.9=4031, 99.99=276479] [UPDATE: Count=19802, Max=5871, Min=19, Avg=249.28, 90=402, 99=2413, 99.9=4027, 99.99=4951] 
2023-12-21 10:49:08:158 130 sec: 228297 operations; 2152.5 current ops/sec; est completion in 7 minutes [READ: Count=10879, Max=5487, Min=3, Avg=424.93, 90=1537, 99=3681, 99.9=4879, 99.99=5415] [UPDATE: Count=10646, Max=5819, Min=22, Avg=500.59, 90=1786, 99=3855, 99.9=5111, 99.99=5743] 
2023-12-21 10:49:18:158 140 sec: 252145 operations; 2384.8 current ops/sec; est completion in 6 minutes [READ: Count=11992, Max=7651, Min=3, Avg=398.53, 90=1421, 99=3361, 99.9=4959, 99.99=6103] [UPDATE: Count=11855, Max=6255, Min=23, Avg=435.78, 90=1400, 99=3551, 99.9=5279, 99.99=6107] 
2023-12-21 10:49:28:159 150 sec: 278697 operations; 2655.2 current ops/sec; est completion in 6 minutes [READ: Count=13145, Max=4943, Min=3, Avg=348.33, 90=1248, 99=2939, 99.9=4279, 99.99=4751] [UPDATE: Count=13412, Max=5423, Min=19, Avg=399.93, 90=1306, 99=3077, 99.9=4599, 99.99=5211] 
2023-12-21 10:49:38:159 160 sec: 315044 operations; 3634.7 current ops/sec; est completion in 5 minutes [READ: Count=18270, Max=5539, Min=3, Avg=250.97, 90=771, 99=2419, 99.9=3633, 99.99=4691] [UPDATE: Count=18074, Max=5875, Min=21, Avg=295.5, 90=804, 99=2515, 99.9=3841, 99.99=5087] 
2023-12-21 10:49:48:159 170 sec: 358504 operations; 4346 current ops/sec; est completion in 5 minutes [READ: Count=21813, Max=4911, Min=3, Avg=205.69, 90=472, 99=2183, 99.9=3131, 99.99=4191] [UPDATE: Count=21657, Max=6015, Min=20, Avg=250.64, 90=534, 99=2265, 99.9=3631, 99.99=4511] 
2023-12-21 10:49:58:158 180 sec: 400866 operations; 4236.2 current ops/sec; est completion in 4 minutes [READ: Count=21081, Max=4435, Min=4, Avg=200.97, 90=440, 99=2197, 99.9=3331, 99.99=4163] [UPDATE: Count=21276, Max=296191, Min=24, Avg=267.04, 90=484, 99=2245, 99.9=3697, 99.99=6031] 
2023-12-21 10:50:08:158 190 sec: 449007 operations; 4814.1 current ops/sec; est completion in 3 minutes [READ: Count=24277, Max=4703, Min=4, Avg=185.77, 90=412, 99=2139, 99.9=3485, 99.99=4271] [UPDATE: Count=23862, Max=5475, Min=22, Avg=226.34, 90=459, 99=2209, 99.9=3481, 99.99=4687] 
2023-12-21 10:50:18:158 200 sec: 501450 operations; 5244.3 current ops/sec; est completion in 3 minutes [READ: Count=26235, Max=4935, Min=4, Avg=170, 90=319, 99=2109, 99.9=3683, 99.99=4539] [UPDATE: Count=26206, Max=4995, Min=22, Avg=207.85, 90=361, 99=2167, 99.9=3519, 99.99=4703] 
2023-12-21 10:50:28:158 210 sec: 547461 operations; 4601.1 current ops/sec; est completion in 2 minutes [READ: Count=22930, Max=516095, Min=4, Avg=201.01, 90=335, 99=2067, 99.9=3131, 99.99=3959] [UPDATE: Count=23090, Max=287999, Min=21, Avg=230.02, 90=376, 99=2157, 99.9=3211, 99.99=5147] 
2023-12-21 10:50:38:158 220 sec: 596827 operations; 4936.6 current ops/sec; est completion in 2 minutes [READ: Count=24635, Max=3787, Min=4, Avg=179.14, 90=313, 99=2095, 99.9=3053, 99.99=3599] [UPDATE: Count=24722, Max=4887, Min=21, Avg=222.34, 90=371, 99=2141, 99.9=3235, 99.99=3733] 
2023-12-21 10:50:48:158 230 sec: 640302 operations; 4347.5 current ops/sec; est completion in 2 minutes [READ: Count=21851, Max=246143, Min=4, Avg=215.58, 90=419, 99=2097, 99.9=3139, 99.99=4587] [UPDATE: Count=21622, Max=241663, Min=21, Avg=240.85, 90=450, 99=2157, 99.9=3263, 99.99=4603] 
2023-12-21 10:50:58:158 240 sec: 682575 operations; 4227.3 current ops/sec; est completion in 1 minute [READ: Count=21194, Max=4779, Min=4, Avg=213.55, 90=506, 99=2173, 99.9=3233, 99.99=3825] [UPDATE: Count=21082, Max=5359, Min=20, Avg=255.63, 90=530, 99=2285, 99.9=3373, 99.99=4387] 
2023-12-21 10:51:08:158 250 sec: 727568 operations; 4499.3 current ops/sec; est completion in 1 minute [READ: Count=22374, Max=5191, Min=4, Avg=197.75, 90=444, 99=2147, 99.9=3447, 99.99=4699] [UPDATE: Count=22614, Max=4719, Min=19, Avg=242.67, 90=512, 99=2237, 99.9=3403, 99.99=4163] 
2023-12-21 10:51:18:158 260 sec: 778244 operations; 5067.6 current ops/sec; est completion in 1 minute [READ: Count=25517, Max=5211, Min=4, Avg=172.25, 90=313, 99=2053, 99.9=3121, 99.99=4467] [UPDATE: Count=25160, Max=5015, Min=19, Avg=219.06, 90=369, 99=2193, 99.9=3411, 99.99=4871] 
2023-12-21 10:51:28:158 270 sec: 833093 operations; 5484.9 current ops/sec; est completion in 55 seconds [READ: Count=27473, Max=6047, Min=4, Avg=161.54, 90=281, 99=2015, 99.9=3149, 99.99=4127] [UPDATE: Count=27379, Max=5055, Min=19, Avg=199.37, 90=318, 99=2095, 99.9=3371, 99.99=4435] 
2023-12-21 10:51:38:158 280 sec: 896952 operations; 6385.9 current ops/sec; est completion in 33 seconds [READ: Count=32062, Max=4519, Min=4, Avg=132.98, 90=196, 99=1637, 99.9=2791, 99.99=3649] [UPDATE: Count=31799, Max=5231, Min=19, Avg=176.71, 90=249, 99=1730, 99.9=3101, 99.99=4559] 
2023-12-21 10:51:48:158 290 sec: 969415 operations; 7246.3 current ops/sec; est completion in 10 seconds [READ: Count=36314, Max=2389, Min=4, Avg=116.53, 90=180, 99=1187, 99.9=1654, 99.99=1863] [UPDATE: Count=36152, Max=2825, Min=19, Avg=155.91, 90=224, 99=1249, 99.9=1756, 99.99=1917] 
2023-12-21 10:51:53:555 295 sec: 1000000 operations; 5667.04 current ops/sec; [READ: Count=15407, Max=1836, Min=4, Avg=113.89, 90=178, 99=1174, 99.9=1649, 99.99=1817] [CLEANUP: Count=1, Max=1230847, Min=1229824, Avg=1230336, 90=1230847, 99=1230847, 99.9=1230847, 99.99=1230847] [UPDATE: Count=15169, Max=2335, Min=20, Avg=155.16, 90=225, 99=1275, 99.9=1695, 99.99=1819] 
