[OVERALL], RunTime(ms), 295397
[OVERALL], Throughput(ops/sec), 3385.2747319708733
[TOTAL_GCS_G1_Young_Generation], Count, 18
[TOTAL_GC_TIME_G1_Young_Generation], Time(ms), 90
[TOTAL_GC_TIME_%_G1_Young_Generation], Time(%), 0.030467472587737854
[TOTAL_GCS_G1_Old_Generation], Count, 0
[TOTAL_GC_TIME_G1_Old_Generation], Time(ms), 0
[TOTAL_GC_TIME_%_G1_Old_Generation], Time(%), 0.0
[TOTAL_GCs], Count, 18
[TOTAL_GC_TIME], Time(ms), 90
[TOTAL_GC_TIME_%], Time(%), 0.030467472587737854
[READ], Operations, 501224
[READ], AverageLatency(us), 230.65414066365537
[READ], MinLatency(us), 3
[READ], MaxLatency(us), 516095
[READ], 95thPercentileLatency(us), 1295
[READ], 99thPercentileLatency(us), 2565
[READ], Return=OK, 501224
[CLEANUP], Operations, 1
[CLEANUP], AverageLatency(us), 1230336.0
[CLEANUP], MinLatency(us), 1229824
[CLEANUP], MaxLatency(us), 1230847
[CLEANUP], 95thPercentileLatency(us), 1230847
[CLEANUP], 99thPercentileLatency(us), 1230847
[UPDATE], Operations, 498776
[UPDATE], AverageLatency(us), 273.54771280093667
[UPDATE], MinLatency(us), 17
[UPDATE], MaxLatency(us), 296191
[UPDATE], 95thPercentileLatency(us), 1355
[UPDATE], 99thPercentileLatency(us), 2655
[UPDATE], Return=OK, 498776
