[OVERALL], RunTime(ms), 298466
[OVERALL], Throughput(ops/sec), 3350.465379641232
[TOTAL_GCS_G1_Young_Generation], Count, 18
[TOTAL_GC_TIME_G1_Young_Generation], Time(ms), 80
[TOTAL_GC_TIME_%_G1_Young_Generation], Time(%), 0.02680372303712986
[TOTAL_GCS_G1_Old_Generation], Count, 0
[TOTAL_GC_TIME_G1_Old_Generation], Time(ms), 0
[TOTAL_GC_TIME_%_G1_Old_Generation], Time(%), 0.0
[TOTAL_GCs], Count, 18
[TOTAL_GC_TIME], Time(ms), 80
[TOTAL_GC_TIME_%], Time(%), 0.02680372303712986
[READ], Operations, 500745
[READ], AverageLatency(us), 232.91035357317597
[READ], MinLatency(us), 3
[READ], MaxLatency(us), 320767
[READ], 95thPercentileLatency(us), 1330
[READ], 99thPercentileLatency(us), 2425
[READ], Return=OK, 500745
[CLEANUP], Operations, 1
[CLEANUP], AverageLatency(us), 141376.0
[CLEANUP], MinLatency(us), 141312
[CLEANUP], MaxLatency(us), 141439
[CLEANUP], 95thPercentileLatency(us), 141439
[CLEANUP], 99thPercentileLatency(us), 141439
[UPDATE], Operations, 499255
[UPDATE], AverageLatency(us), 276.071176052318
[UPDATE], MinLatency(us), 16
[UPDATE], MaxLatency(us), 309247
[UPDATE], 95thPercentileLatency(us), 1384
[UPDATE], 99thPercentileLatency(us), 2477
[UPDATE], Return=OK, 499255
