[OVERALL], RunTime(ms), 129956
[OVERALL], Throughput(ops/sec), 7694.912124103543
[TOTAL_GCS_G1_Young_Generation], Count, 14
[TOTAL_GC_TIME_G1_Young_Generation], Time(ms), 68
[TOTAL_GC_TIME_%_G1_Young_Generation], Time(%), 0.05232540244390409
[TOTAL_GCS_G1_Old_Generation], Count, 0
[TOTAL_GC_TIME_G1_Old_Generation], Time(ms), 0
[TOTAL_GC_TIME_%_G1_Old_Generation], Time(%), 0.0
[TOTAL_GCs], Count, 14
[TOTAL_GC_TIME], Time(ms), 68
[TOTAL_GC_TIME_%], Time(%), 0.05232540244390409
[READ], Operations, 383279
[READ], AverageLatency(us), 104.51686108552778
[READ], MinLatency(us), 3
[READ], MaxLatency(us), 160639
[READ], 95thPercentileLatency(us), 332
[READ], 99thPercentileLatency(us), 544
[READ], Return=OK, 383279
[READ], Return=NOT_FOUND, 115700
[UPDATE-FAILED], Operations, 116320
[UPDATE-FAILED], AverageLatency(us), 115.76623968363135
[UPDATE-FAILED], MinLatency(us), 3
[UPDATE-FAILED], MaxLatency(us), 160255
[UPDATE-FAILED], 95thPercentileLatency(us), 392
[UPDATE-FAILED], 99thPercentileLatency(us), 635
[CLEANUP], Operations, 1
[CLEANUP], AverageLatency(us), 20376.0
[CLEANUP], MinLatency(us), 20368
[CLEANUP], MaxLatency(us), 20383
[CLEANUP], 95thPercentileLatency(us), 20383
[CLEANUP], 99thPercentileLatency(us), 20383
[READ-FAILED], Operations, 115700
[READ-FAILED], AverageLatency(us), 115.73810717372515
[READ-FAILED], MinLatency(us), 3
[READ-FAILED], MaxLatency(us), 140159
[READ-FAILED], 95thPercentileLatency(us), 392
[READ-FAILED], 99thPercentileLatency(us), 646
[UPDATE], Operations, 384701
[UPDATE], AverageLatency(us), 137.85042929443907
[UPDATE], MinLatency(us), 17
[UPDATE], MaxLatency(us), 146815
[UPDATE], 95thPercentileLatency(us), 373
[UPDATE], 99thPercentileLatency(us), 594
[UPDATE], Return=OK, 384701
[UPDATE], Return=NOT_FOUND, 116320
