[OVERALL], RunTime(ms), 5029
[OVERALL], Throughput(ops/sec), 198846.68920262478
[TOTAL_GCS_G1_Young_Generation], Count, 1
[TOTAL_GC_TIME_G1_Young_Generation], Time(ms), 8
[TOTAL_GC_TIME_%_G1_Young_Generation], Time(%), 0.1590773513620998
[TOTAL_GCS_G1_Old_Generation], Count, 0
[TOTAL_GC_TIME_G1_Old_Generation], Time(ms), 0
[TOTAL_GC_TIME_%_G1_Old_Generation], Time(%), 0.0
[TOTAL_GCs], Count, 1
[TOTAL_GC_TIME], Time(ms), 8
[TOTAL_GC_TIME_%], Time(%), 0.1590773513620998
[READ], Operations, 0
[READ], AverageLatency(us), NaN
[READ], MinLatency(us), 9223372036854775807
[READ], MaxLatency(us), 0
[READ], 95thPercentileLatency(us), 0
[READ], 99thPercentileLatency(us), 0
[READ], Return=NOT_FOUND, 500126
[UPDATE-FAILED], Operations, 499874
[UPDATE-FAILED], AverageLatency(us), 0.07695939376722934
[UPDATE-FAILED], MinLatency(us), 0
[UPDATE-FAILED], MaxLatency(us), 112
[UPDATE-FAILED], 95thPercentileLatency(us), 1
[UPDATE-FAILED], 99thPercentileLatency(us), 1
[CLEANUP], Operations, 1
[CLEANUP], AverageLatency(us), 2777.0
[CLEANUP], MinLatency(us), 2776
[CLEANUP], MaxLatency(us), 2777
[CLEANUP], 95thPercentileLatency(us), 2777
[CLEANUP], 99thPercentileLatency(us), 2777
[READ-FAILED], Operations, 500126
[READ-FAILED], AverageLatency(us), 0.06774292878194695
[READ-FAILED], MinLatency(us), 0
[READ-FAILED], MaxLatency(us), 571
[READ-FAILED], 95thPercentileLatency(us), 0
[READ-FAILED], 99thPercentileLatency(us), 1
[UPDATE], Operations, 0
[UPDATE], AverageLatency(us), NaN
[UPDATE], MinLatency(us), 9223372036854775807
[UPDATE], MaxLatency(us), 0
[UPDATE], 95thPercentileLatency(us), 0
[UPDATE], 99thPercentileLatency(us), 0
[UPDATE], Return=NOT_FOUND, 499874
