[OVERALL], RunTime(ms), 213401
[OVERALL], Throughput(ops/sec), 24568.20727175599
[TOTAL_GCS_G1_Young_Generation], Count, 130
[TOTAL_GC_TIME_G1_Young_Generation], Time(ms), 234
[TOTAL_GC_TIME_%_G1_Young_Generation], Time(%), 0.1096527195280247
[TOTAL_GCS_G1_Old_Generation], Count, 0
[TOTAL_GC_TIME_G1_Old_Generation], Time(ms), 0
[TOTAL_GC_TIME_%_G1_Old_Generation], Time(%), 0.0
[TOTAL_GCs], Count, 130
[TOTAL_GC_TIME], Time(ms), 234
[TOTAL_GC_TIME_%], Time(%), 0.1096527195280247
[CLEANUP], Operations, 1
[CLEANUP], AverageLatency(us), 1023232.0
[CLEANUP], MinLatency(us), 1022976
[CLEANUP], MaxLatency(us), 1023487
[CLEANUP], 95thPercentileLatency(us), 1023487
[CLEANUP], 99thPercentileLatency(us), 1023487
[INSERT], Operations, 5242880
[INSERT], AverageLatency(us), 38.252817726135255
[INSERT], MinLatency(us), 13
[INSERT], MaxLatency(us), 28831
[INSERT], 95thPercentileLatency(us), 60
[INSERT], 99thPercentileLatency(us), 92
[INSERT], Return=OK, 5242880
