[OVERALL], RunTime(ms), 186700
[OVERALL], Throughput(ops/sec), 28081.842528119978
[TOTAL_GCS_G1_Young_Generation], Count, 117
[TOTAL_GC_TIME_G1_Young_Generation], Time(ms), 256
[TOTAL_GC_TIME_%_G1_Young_Generation], Time(%), 0.13711837171933583
[TOTAL_GCS_G1_Old_Generation], Count, 0
[TOTAL_GC_TIME_G1_Old_Generation], Time(ms), 0
[TOTAL_GC_TIME_%_G1_Old_Generation], Time(%), 0.0
[TOTAL_GCs], Count, 117
[TOTAL_GC_TIME], Time(ms), 256
[TOTAL_GC_TIME_%], Time(%), 0.13711837171933583
[CLEANUP], Operations, 1
[CLEANUP], AverageLatency(us), 103200.0
[CLEANUP], MinLatency(us), 103168
[CLEANUP], MaxLatency(us), 103231
[CLEANUP], 95thPercentileLatency(us), 103231
[CLEANUP], 99thPercentileLatency(us), 103231
[INSERT], Operations, 5242880
[INSERT], AverageLatency(us), 33.49684391021729
[INSERT], MinLatency(us), 13
[INSERT], MaxLatency(us), 16223
[INSERT], 95thPercentileLatency(us), 46
[INSERT], 99thPercentileLatency(us), 78
[INSERT], Return=OK, 5242880
