[OVERALL], RunTime(ms), 226019
[OVERALL], Throughput(ops/sec), 4424.406797658604
[TOTAL_GCS_G1_Young_Generation], Count, 8
[TOTAL_GC_TIME_G1_Young_Generation], Time(ms), 52
[TOTAL_GC_TIME_%_G1_Young_Generation], Time(%), 0.02300691534782474
[TOTAL_GCS_G1_Old_Generation], Count, 0
[TOTAL_GC_TIME_G1_Old_Generation], Time(ms), 0
[TOTAL_GC_TIME_%_G1_Old_Generation], Time(%), 0.0
[TOTAL_GCs], Count, 8
[TOTAL_GC_TIME], Time(ms), 52
[TOTAL_GC_TIME_%], Time(%), 0.02300691534782474
[READ], Operations, 949998
[READ], AverageLatency(us), 181.8242133141333
[READ], MinLatency(us), 3
[READ], MaxLatency(us), 330751
[READ], 95thPercentileLatency(us), 835
[READ], 99thPercentileLatency(us), 2203
[READ], Return=OK, 949998
[CLEANUP], Operations, 1
[CLEANUP], AverageLatency(us), 796416.0
[CLEANUP], MinLatency(us), 796160
[CLEANUP], MaxLatency(us), 796671
[CLEANUP], 95thPercentileLatency(us), 796671
[CLEANUP], 99thPercentileLatency(us), 796671
[UPDATE], Operations, 50002
[UPDATE], AverageLatency(us), 231.61185552577896
[UPDATE], MinLatency(us), 18
[UPDATE], MaxLatency(us), 5471
[UPDATE], 95thPercentileLatency(us), 925
[UPDATE], 99thPercentileLatency(us), 2315
[UPDATE], Return=OK, 50002
