[OVERALL], RunTime(ms), 4962
[OVERALL], Throughput(ops/sec), 201531.6404675534
[TOTAL_GCS_G1_Young_Generation], Count, 1
[TOTAL_GC_TIME_G1_Young_Generation], Time(ms), 8
[TOTAL_GC_TIME_%_G1_Young_Generation], Time(%), 0.16122531237404272
[TOTAL_GCS_G1_Old_Generation], Count, 0
[TOTAL_GC_TIME_G1_Old_Generation], Time(ms), 0
[TOTAL_GC_TIME_%_G1_Old_Generation], Time(%), 0.0
[TOTAL_GCs], Count, 1
[TOTAL_GC_TIME], Time(ms), 8
[TOTAL_GC_TIME_%], Time(%), 0.16122531237404272
[READ], Operations, 0
[READ], AverageLatency(us), NaN
[READ], MinLatency(us), 9223372036854775807
[READ], MaxLatency(us), 0
[READ], 95thPercentileLatency(us), 0
[READ], 99thPercentileLatency(us), 0
[READ], Return=NOT_FOUND, 950295
[UPDATE-FAILED], Operations, 49705
[UPDATE-FAILED], AverageLatency(us), 0.24896891660798712
[UPDATE-FAILED], MinLatency(us), 0
[UPDATE-FAILED], MaxLatency(us), 112
[UPDATE-FAILED], 95thPercentileLatency(us), 1
[UPDATE-FAILED], 99thPercentileLatency(us), 3
[CLEANUP], Operations, 1
[CLEANUP], AverageLatency(us), 3283.0
[CLEANUP], MinLatency(us), 3282
[CLEANUP], MaxLatency(us), 3283
[CLEANUP], 95thPercentileLatency(us), 3283
[CLEANUP], 99thPercentileLatency(us), 3283
[READ-FAILED], Operations, 950295
[READ-FAILED], AverageLatency(us), 0.054084258046185656
[READ-FAILED], MinLatency(us), 0
[READ-FAILED], MaxLatency(us), 3231
[READ-FAILED], 95thPercentileLatency(us), 0
[READ-FAILED], 99thPercentileLatency(us), 1
[UPDATE], Operations, 0
[UPDATE], AverageLatency(us), NaN
[UPDATE], MinLatency(us), 9223372036854775807
[UPDATE], MaxLatency(us), 0
[UPDATE], 95thPercentileLatency(us), 0
[UPDATE], 99thPercentileLatency(us), 0
[UPDATE], Return=NOT_FOUND, 49705
