[OVERALL], RunTime(ms), 3400
[OVERALL], Throughput(ops/sec), 0.5882352941176471
[TOTAL_GCS_G1_Young_Generation], Count, 0
[TOTAL_GC_TIME_G1_Young_Generation], Time(ms), 0
[TOTAL_GC_TIME_%_G1_Young_Generation], Time(%), 0.0
[TOTAL_GCS_G1_Old_Generation], Count, 0
[TOTAL_GC_TIME_G1_Old_Generation], Time(ms), 0
[TOTAL_GC_TIME_%_G1_Old_Generation], Time(%), 0.0
[TOTAL_GCs], Count, 0
[TOTAL_GC_TIME], Time(ms), 0
[TOTAL_GC_TIME_%], Time(%), 0.0
[CLEANUP], Operations, 1
[CLEANUP], AverageLatency(us), 2119.0
[CLEANUP], MinLatency(us), 2118
[CLEANUP], MaxLatency(us), 2119
[CLEANUP], 95thPercentileLatency(us), 2119
[CLEANUP], 99thPercentileLatency(us), 2119
[INSERT], Operations, 2
[INSERT], AverageLatency(us), 866.0
[INSERT], MinLatency(us), 194
[INSERT], MaxLatency(us), 1538
[INSERT], 95thPercentileLatency(us), 1538
[INSERT], 99thPercentileLatency(us), 1538
[INSERT], Return=OK, 2
[INSERT], Return=ERROR, 1
[INSERT-FAILED], Operations, 1
[INSERT-FAILED], AverageLatency(us), 5178.0
[INSERT-FAILED], MinLatency(us), 5176
[INSERT-FAILED], MaxLatency(us), 5179
[INSERT-FAILED], 95thPercentileLatency(us), 5179
[INSERT-FAILED], 99thPercentileLatency(us), 5179
