[OVERALL], RunTime(ms), 145415
[OVERALL], Throughput(ops/sec), 36054.60234501255
[TOTAL_GCS_G1_Young_Generation], Count, 130
[TOTAL_GC_TIME_G1_Young_Generation], Time(ms), 265
[TOTAL_GC_TIME_%_G1_Young_Generation], Time(%), 0.18223704569679883
[TOTAL_GCS_G1_Old_Generation], Count, 0
[TOTAL_GC_TIME_G1_Old_Generation], Time(ms), 0
[TOTAL_GC_TIME_%_G1_Old_Generation], Time(%), 0.0
[TOTAL_GCs], Count, 130
[TOTAL_GC_TIME], Time(ms), 265
[TOTAL_GC_TIME_%], Time(%), 0.18223704569679883
[CLEANUP], Operations, 1
[CLEANUP], AverageLatency(us), 1001216.0
[CLEANUP], MinLatency(us), 1000960
[CLEANUP], MaxLatency(us), 1001471
[CLEANUP], 95thPercentileLatency(us), 1001471
[CLEANUP], 99thPercentileLatency(us), 1001471
[INSERT], Operations, 5242880
[INSERT], AverageLatency(us), 25.33527545928955
[INSERT], MinLatency(us), 13
[INSERT], MaxLatency(us), 34271
[INSERT], 95thPercentileLatency(us), 33
[INSERT], 99thPercentileLatency(us), 40
[INSERT], Return=OK, 5242880
