[WARN]  Running against a source checkout. In order to get our runtime dependencies we'll have to invoke Maven. Depending on the state of your system, this may take ~30-45 seconds
[DEBUG]  Running 'mvn -pl site.ycsb:rocksdb-binding -am package -DskipTests dependency:build-classpath -DincludeScope=compile -Dmdep.outputFilterFile=true'
java -cp /home/user/src/rocksdb-cheops-2024/ycsb/rocksdb/conf:/home/user/src/rocksdb-cheops-2024/ycsb/rocksdb/target/rocksdb-binding-0.18.0-SNAPSHOT.jar:/root/.m2/repository/org/apache/htrace/htrace-core4/4.1.0-incubating/htrace-core4-4.1.0-incubating.jar:/root/.m2/repository/org/slf4j/slf4j-api/1.7.25/slf4j-api-1.7.25.jar:/home/user/src/rocksdb-cheops-2024/rocksdb-ycsb/java/target/rocksdbjni-7.4.3-linux64.jar:/root/.m2/repository/net/jcip/jcip-annotations/1.0/jcip-annotations-1.0.jar:/root/.m2/repository/org/hdrhistogram/HdrHistogram/2.1.4/HdrHistogram-2.1.4.jar:/root/.m2/repository/org/codehaus/jackson/jackson-mapper-asl/1.9.4/jackson-mapper-asl-1.9.4.jar:/lib/libzbd.so.1:/root/.m2/repository/org/codehaus/jackson/jackson-core-asl/1.9.4/jackson-core-asl-1.9.4.jar:/home/user/src/rocksdb-cheops-2024/rocksdb-ycsb/java/target/librocksdbjni-linux64.so:/home/user/src/rocksdb-cheops-2024/ycsb/core/target/core-0.18.0-SNAPSHOT.jar site.ycsb.Client -db site.ycsb.db.rocksdb.RocksDBClient -s -P ./workloads/workloadc -p recordcount=5242880 -p operationcount=1000000 -p fieldlength=386 -p fieldcount=10 -load
Command line: -db site.ycsb.db.rocksdb.RocksDBClient -s -P ./workloads/workloadc -p recordcount=5242880 -p operationcount=1000000 -p fieldlength=386 -p fieldcount=10 -load
YCSB Client 0.18.0-SNAPSHOT

Loading workload...
Starting test.
SLF4J: Failed to load class "org.slf4j.impl.StaticLoggerBinder".
SLF4J: Defaulting to no-operation (NOP) logger implementation
SLF4J: See http://www.slf4j.org/codes.html#StaticLoggerBinder for further details.
2023-12-21 00:42:24:844 0 sec: 0 operations; est completion in 0 second 
Leet YCSB 
DBWrapper: report latency for each error is false and specific error codes to track for latency are: []
2023-12-21 00:42:34:809 10 sec: 218319 operations; 21827.53 current ops/sec; est completion in 3 minutes [INSERT: Count=218388, Max=18831, Min=16, Avg=28.41, 90=36, 99=45, 99.9=72, 99.99=207] 
2023-12-21 00:42:44:806 20 sec: 553416 operations; 33516.4 current ops/sec; est completion in 2 minutes [INSERT: Count=335055, Max=30431, Min=15, Avg=28.14, 90=35, 99=43, 99.9=53, 99.99=80] 
2023-12-21 00:42:54:806 30 sec: 911574 operations; 35815.8 current ops/sec; est completion in 2 minutes [INSERT: Count=358154, Max=34271, Min=14, Avg=26.33, 90=30, 99=40, 99.9=50, 99.99=79] 
2023-12-21 00:43:04:806 40 sec: 1281604 operations; 37003 current ops/sec; est completion in 2 minutes [INSERT: Count=370035, Max=3451, Min=13, Avg=25.48, 90=29, 99=39, 99.9=54, 99.99=164] 
2023-12-21 00:43:14:806 50 sec: 1704341 operations; 42273.7 current ops/sec; est completion in 1 minute [INSERT: Count=422732, Max=22511, Min=13, Avg=22.13, 90=24, 99=32, 99.9=40, 99.99=60] 
2023-12-21 00:43:24:806 60 sec: 2101298 operations; 39695.7 current ops/sec; est completion in 1 minute [INSERT: Count=396958, Max=22127, Min=15, Avg=23.67, 90=27, 99=35, 99.9=43, 99.99=59] 
2023-12-21 00:43:34:806 70 sec: 2474670 operations; 37337.2 current ops/sec; est completion in 1 minute [INSERT: Count=373372, Max=22527, Min=13, Avg=25.24, 90=29, 99=41, 99.9=58, 99.99=144] 
2023-12-21 00:43:44:806 80 sec: 2848550 operations; 37388 current ops/sec; est completion in 1 minute [INSERT: Count=373880, Max=3565, Min=14, Avg=25.21, 90=28, 99=38, 99.9=49, 99.99=97] 
2023-12-21 00:43:54:806 90 sec: 3209726 operations; 36117.6 current ops/sec; est completion in 58 seconds [INSERT: Count=361176, Max=21823, Min=14, Avg=26.13, 90=29, 99=40, 99.9=51, 99.99=92] 
2023-12-21 00:44:04:806 100 sec: 3570975 operations; 36124.9 current ops/sec; est completion in 47 seconds [INSERT: Count=361248, Max=22479, Min=14, Avg=26.13, 90=30, 99=43, 99.9=60, 99.99=159] 
2023-12-21 00:44:14:806 110 sec: 3936605 operations; 36563 current ops/sec; est completion in 37 seconds [INSERT: Count=365630, Max=23343, Min=13, Avg=25.81, 90=29, 99=40, 99.9=52, 99.99=82] 
2023-12-21 00:44:24:806 120 sec: 4293646 operations; 35704.1 current ops/sec; est completion in 27 seconds [INSERT: Count=357040, Max=22287, Min=13, Avg=26.47, 90=30, 99=41, 99.9=54, 99.99=114] 
2023-12-21 00:44:34:806 130 sec: 4680870 operations; 38722.4 current ops/sec; est completion in 16 seconds [INSERT: Count=387225, Max=21663, Min=14, Avg=24.3, 90=28, 99=39, 99.9=59, 99.99=97] 
2023-12-21 00:44:44:806 140 sec: 5076560 operations; 39569 current ops/sec; est completion in 5 second [INSERT: Count=395687, Max=22223, Min=13, Avg=23.76, 90=27, 99=37, 99.9=48, 99.99=68] 
2023-12-21 00:44:50:220 145 sec: 5242880 operations; 30720.35 current ops/sec; [CLEANUP: Count=1, Max=1001471, Min=1000960, Avg=1001216, 90=1001471, 99=1001471, 99.9=1001471, 99.99=1001471] [INSERT: Count=166300, Max=1594, Min=15, Avg=25.01, 90=29, 99=39, 99.9=50, 99.99=120] 
