[OVERALL], RunTime(ms), 186712
[OVERALL], Throughput(ops/sec), 28080.037705128754
[TOTAL_GCS_G1_Young_Generation], Count, 130
[TOTAL_GC_TIME_G1_Young_Generation], Time(ms), 215
[TOTAL_GC_TIME_%_G1_Young_Generation], Time(%), 0.11515060628133167
[TOTAL_GCS_G1_Old_Generation], Count, 0
[TOTAL_GC_TIME_G1_Old_Generation], Time(ms), 0
[TOTAL_GC_TIME_%_G1_Old_Generation], Time(%), 0.0
[TOTAL_GCs], Count, 130
[TOTAL_GC_TIME], Time(ms), 215
[TOTAL_GC_TIME_%], Time(%), 0.11515060628133167
[CLEANUP], Operations, 1
[CLEANUP], AverageLatency(us), 98720.0
[CLEANUP], MinLatency(us), 98688
[CLEANUP], MaxLatency(us), 98751
[CLEANUP], 95thPercentileLatency(us), 98751
[CLEANUP], 99thPercentileLatency(us), 98751
[INSERT], Operations, 5242880
[INSERT], AverageLatency(us), 33.372318267822266
[INSERT], MinLatency(us), 13
[INSERT], MaxLatency(us), 12423
[INSERT], 95thPercentileLatency(us), 47
[INSERT], 99thPercentileLatency(us), 88
[INSERT], Return=OK, 5242880
