[OVERALL], RunTime(ms), 224928
[OVERALL], Throughput(ops/sec), 4445.86712192346
[TOTAL_GCS_G1_Young_Generation], Count, 7
[TOTAL_GC_TIME_G1_Young_Generation], Time(ms), 36
[TOTAL_GC_TIME_%_G1_Young_Generation], Time(%), 0.016005121638924456
[TOTAL_GCS_G1_Old_Generation], Count, 0
[TOTAL_GC_TIME_G1_Old_Generation], Time(ms), 0
[TOTAL_GC_TIME_%_G1_Old_Generation], Time(%), 0.0
[TOTAL_GCs], Count, 7
[TOTAL_GC_TIME], Time(ms), 36
[TOTAL_GC_TIME_%], Time(%), 0.016005121638924456
[READ], Operations, 1000000
[READ], AverageLatency(us), 181.886049
[READ], MinLatency(us), 5
[READ], MaxLatency(us), 328959
[READ], 95thPercentileLatency(us), 799
[READ], 99thPercentileLatency(us), 2089
[READ], Return=OK, 1000000
[CLEANUP], Operations, 1
[CLEANUP], AverageLatency(us), 801536.0
[CLEANUP], MinLatency(us), 801280
[CLEANUP], MaxLatency(us), 801791
[CLEANUP], 95thPercentileLatency(us), 801791
[CLEANUP], 99thPercentileLatency(us), 801791
