[WARN]  Running against a source checkout. In order to get our runtime dependencies we'll have to invoke Maven. Depending on the state of your system, this may take ~30-45 seconds
[DEBUG]  Running 'mvn -pl site.ycsb:rocksdb-binding -am package -DskipTests dependency:build-classpath -DincludeScope=compile -Dmdep.outputFilterFile=true'
java -cp /home/user/src/rocksdb-cheops-2024/ycsb/rocksdb/conf:/home/user/src/rocksdb-cheops-2024/ycsb/rocksdb/target/rocksdb-binding-0.18.0-SNAPSHOT.jar:/root/.m2/repository/org/apache/htrace/htrace-core4/4.1.0-incubating/htrace-core4-4.1.0-incubating.jar:/root/.m2/repository/org/slf4j/slf4j-api/1.7.25/slf4j-api-1.7.25.jar:/home/user/src/rocksdb-cheops-2024/rocksdb-ycsb/java/target/rocksdbjni-7.4.3-linux64.jar:/root/.m2/repository/net/jcip/jcip-annotations/1.0/jcip-annotations-1.0.jar:/root/.m2/repository/org/hdrhistogram/HdrHistogram/2.1.4/HdrHistogram-2.1.4.jar:/root/.m2/repository/org/codehaus/jackson/jackson-mapper-asl/1.9.4/jackson-mapper-asl-1.9.4.jar:/lib/libzbd.so.1:/root/.m2/repository/org/codehaus/jackson/jackson-core-asl/1.9.4/jackson-core-asl-1.9.4.jar:/home/user/src/rocksdb-cheops-2024/rocksdb-ycsb/java/target/librocksdbjni-linux64.so:/home/user/src/rocksdb-cheops-2024/ycsb/core/target/core-0.18.0-SNAPSHOT.jar site.ycsb.Client -db site.ycsb.db.rocksdb.RocksDBClient -s -P ./workloads/workloadc -p recordcount=5242880 -p operationcount=1000000 -p fieldlength=386 -p fieldcount=10 -t
Command line: -db site.ycsb.db.rocksdb.RocksDBClient -s -P ./workloads/workloadc -p recordcount=5242880 -p operationcount=1000000 -p fieldlength=386 -p fieldcount=10 -t
YCSB Client 0.18.0-SNAPSHOT

Loading workload...
Starting test.
SLF4J: Failed to load class "org.slf4j.impl.StaticLoggerBinder".
SLF4J: Defaulting to no-operation (NOP) logger implementation
SLF4J: See http://www.slf4j.org/codes.html#StaticLoggerBinder for further details.
2023-12-21 13:17:26:596 0 sec: 0 operations; est completion in 0 second 
Leet YCSB 
2023-12-21 13:17:36:562 10 sec: 0 operations; est completion in 106751991167300 days 15 hours 
2023-12-21 13:17:46:562 20 sec: 0 operations; est completion in 106751991167300 days 15 hours 
2023-12-21 13:17:56:561 30 sec: 0 operations; est completion in 106751991167300 days 15 hours 
DBWrapper: report latency for each error is false and specific error codes to track for latency are: []
2023-12-21 13:18:06:561 40 sec: 698 operations; 69.8 current ops/sec; est completion in 15 hours 54 minutes [READ: Count=705, Max=3803, Min=12, Avg=861.4, 90=2329, 99=3377, 99.9=3545, 99.99=3803] 
2023-12-21 13:18:16:561 50 sec: 14775 operations; 1407.7 current ops/sec; est completion in 55 minutes [READ: Count=14070, Max=22783, Min=6, Avg=705.55, 90=1906, 99=3275, 99.9=3619, 99.99=3809] 
2023-12-21 13:18:26:561 60 sec: 32623 operations; 1784.8 current ops/sec; est completion in 29 minutes [READ: Count=17848, Max=4939, Min=6, Avg=557.33, 90=1524, 99=3027, 99.9=3407, 99.99=3935] 
2023-12-21 13:18:36:561 70 sec: 55694 operations; 2307.1 current ops/sec; est completion in 19 minutes [READ: Count=23071, Max=4791, Min=7, Avg=430.62, 90=1062, 99=3011, 99.9=3483, 99.99=4631] 
2023-12-21 13:18:46:561 80 sec: 84865 operations; 2917.1 current ops/sec; est completion in 14 minutes [READ: Count=29171, Max=3693, Min=8, Avg=340.74, 90=882, 99=2825, 99.9=3283, 99.99=3523] 
2023-12-21 13:18:56:561 90 sec: 123211 operations; 3834.6 current ops/sec; est completion in 10 minutes [READ: Count=38353, Max=4903, Min=8, Avg=258.95, 90=687, 99=2655, 99.9=3059, 99.99=3407] 
2023-12-21 13:19:06:561 100 sec: 173098 operations; 4988.7 current ops/sec; est completion in 7 minutes [READ: Count=49885, Max=5963, Min=8, Avg=198.81, 90=420, 99=2309, 99.9=2829, 99.99=3111] 
2023-12-21 13:19:16:561 110 sec: 242021 operations; 6892.3 current ops/sec; est completion in 5 minutes [READ: Count=68925, Max=3171, Min=5, Avg=143.74, 90=235, 99=1999, 99.9=2643, 99.99=2993] 
2023-12-21 13:19:26:561 120 sec: 286011 operations; 4399 current ops/sec; est completion in 5 minutes [READ: Count=43986, Max=296191, Min=5, Avg=225.91, 90=341, 99=2251, 99.9=3821, 99.99=4699] 
2023-12-21 13:19:36:561 130 sec: 319925 operations; 3391.4 current ops/sec; est completion in 4 minutes [READ: Count=33912, Max=5051, Min=5, Avg=293.25, 90=569, 99=2533, 99.9=4223, 99.99=4731] 
2023-12-21 13:19:46:561 140 sec: 359932 operations; 4000.7 current ops/sec; est completion in 4 minutes [READ: Count=40006, Max=4743, Min=5, Avg=248.42, 90=498, 99=2475, 99.9=4115, 99.99=4375] 
2023-12-21 13:19:56:561 150 sec: 442546 operations; 8261.4 current ops/sec; est completion in 3 minutes [READ: Count=82624, Max=5103, Min=5, Avg=119.72, 90=269, 99=1312, 99.9=2537, 99.99=4335] 
Traceback (most recent call last):
  File "./bin/ycsb", line 325, in <module>
    sys.exit(main())
  File "./bin/ycsb", line 316, in main
    return subprocess.call(ycsb_command)
  File "/usr/lib/python2.7/subprocess.py", line 172, in call
    return Popen(*popenargs, **kwargs).wait()
  File "/usr/lib/python2.7/subprocess.py", line 1099, in wait
    pid, sts = _eintr_retry_call(os.waitpid, self.pid, 0)
  File "/usr/lib/python2.7/subprocess.py", line 125, in _eintr_retry_call
    return func(*args)
KeyboardInterrupt
