[WARN]  Running against a source checkout. In order to get our runtime dependencies we'll have to invoke Maven. Depending on the state of your system, this may take ~30-45 seconds
[DEBUG]  Running 'mvn -pl site.ycsb:rocksdb-binding -am package -DskipTests dependency:build-classpath -DincludeScope=compile -Dmdep.outputFilterFile=true'
java -cp /home/user/src/rocksdb-cheops-2024/ycsb/rocksdb/conf:/home/user/src/rocksdb-cheops-2024/ycsb/rocksdb/target/rocksdb-binding-0.18.0-SNAPSHOT.jar:/root/.m2/repository/org/apache/htrace/htrace-core4/4.1.0-incubating/htrace-core4-4.1.0-incubating.jar:/root/.m2/repository/org/slf4j/slf4j-api/1.7.25/slf4j-api-1.7.25.jar:/home/user/src/rocksdb-cheops-2024/rocksdb-ycsb/java/target/rocksdbjni-7.4.3-linux64.jar:/root/.m2/repository/net/jcip/jcip-annotations/1.0/jcip-annotations-1.0.jar:/root/.m2/repository/org/hdrhistogram/HdrHistogram/2.1.4/HdrHistogram-2.1.4.jar:/root/.m2/repository/org/codehaus/jackson/jackson-mapper-asl/1.9.4/jackson-mapper-asl-1.9.4.jar:/lib/libzbd.so.1:/root/.m2/repository/org/codehaus/jackson/jackson-core-asl/1.9.4/jackson-core-asl-1.9.4.jar:/home/user/src/rocksdb-cheops-2024/rocksdb-ycsb/java/target/librocksdbjni-linux64.so:/home/user/src/rocksdb-cheops-2024/ycsb/core/target/core-0.18.0-SNAPSHOT.jar site.ycsb.Client -db site.ycsb.db.rocksdb.RocksDBClient -s -P ./workloads/workloadc -p recordcount=5242880 -p operationcount=1000000 -p fieldlength=386 -p fieldcount=10 -t
Command line: -db site.ycsb.db.rocksdb.RocksDBClient -s -P ./workloads/workloadc -p recordcount=5242880 -p operationcount=1000000 -p fieldlength=386 -p fieldcount=10 -t
YCSB Client 0.18.0-SNAPSHOT

Loading workload...
Starting test.
SLF4J: Failed to load class "org.slf4j.impl.StaticLoggerBinder".
SLF4J: Defaulting to no-operation (NOP) logger implementation
SLF4J: See http://www.slf4j.org/codes.html#StaticLoggerBinder for further details.
2023-12-21 00:44:58:659 0 sec: 0 operations; est completion in 0 second 
Leet YCSB 
[2023-12-21 00:45:06.347731] /home/user/src/TropoDB_uring/implementation/rocksdb/third-party/SimpleZNSDevice/szd/cpp/src/szd_channel.cpp: 400:DirectRead: *ERROR*: SZD: Channel: DirectRead: Could not read 3670016 2097152
[2023-12-21 00:45:06.347844] /home/user/src/TropoDB_uring/implementation/rocksdb/third-party/SimpleZNSDevice/szd/cpp/src/datastructures/szd_once_log.cpp: 239:ReadAll: *ERROR*: SZD: Once log: ReadAll: Failed
[2023-12-21 00:45:06.351365] /home/user/src/TropoDB_uring/implementation/rocksdb/third-party/SimpleZNSDevice/szd/cpp/src/szd_channel.cpp: 400:DirectRead: *ERROR*: SZD: Channel: DirectRead: Could not read 2097152 2097152
[2023-12-21 00:45:06.351434] /home/user/src/TropoDB_uring/implementation/rocksdb/third-party/SimpleZNSDevice/szd/cpp/src/datastructures/szd_once_log.cpp: 239:ReadAll: *ERROR*: SZD: Once log: ReadAll: Failed
DBWrapper: report latency for each error is false and specific error codes to track for latency are: []
2023-12-21 00:45:08:622 10 sec: 7583 operations; 758.22 current ops/sec; est completion in 21 minutes [READ: Count=5833, Max=2375, Min=12, Avg=287.23, 90=548, 99=905, 99.9=1354, 99.99=1739] [READ-FAILED: Count=1772, Max=1896, Min=4, Avg=293.15, 90=624, 99=1001, 99.9=1432, 99.99=1896] 
2023-12-21 00:45:18:622 20 sec: 58349 operations; 5077.11 current ops/sec; est completion in 5 minutes [READ: Count=38967, Max=11631, Min=5, Avg=191.15, 90=438, 99=774, 99.9=1131, 99.99=1570] [READ-FAILED: Count=11781, Max=1532, Min=4, Avg=206.73, 90=515, 99=896, 99.9=1239, 99.99=1459] 
2023-12-21 00:45:28:622 30 sec: 127830 operations; 6948.1 current ops/sec; est completion in 3 minutes [READ: Count=53396, Max=4975, Min=9, Avg=139.49, 90=348, 99=678, 99.9=992, 99.99=1538] [READ-FAILED: Count=16093, Max=2107, Min=4, Avg=151.32, 90=416, 99=795, 99.9=1198, 99.99=1516] 
2023-12-21 00:45:38:622 40 sec: 219548 operations; 9171.8 current ops/sec; est completion in 2 minutes [READ: Count=70619, Max=10039, Min=9, Avg=105.64, 90=268, 99=575, 99.9=863, 99.99=1212] [READ-FAILED: Count=21094, Max=7811, Min=4, Avg=113.46, 90=315, 99=688, 99.9=1114, 99.99=4767] 
2023-12-21 00:45:48:622 50 sec: 332787 operations; 11323.9 current ops/sec; est completion in 1 minute [READ: Count=87116, Max=144127, Min=6, Avg=84.39, 90=185, 99=448, 99.9=756, 99.99=4651] [READ-FAILED: Count=26116, Max=151295, Min=4, Avg=90.48, 90=269, 99=555, 99.9=928, 99.99=1400] 
2023-12-21 00:45:58:622 60 sec: 403655 operations; 7086.8 current ops/sec; est completion in 1 minute [READ: Count=54540, Max=154239, Min=5, Avg=139.91, 90=283, 99=422, 99.9=497, 99.99=4219] [READ-FAILED: Count=16334, Max=171903, Min=2, Avg=146.9, 90=341, 99=518, 99.9=599, 99.99=5671] 
2023-12-21 00:46:08:622 70 sec: 486385 operations; 8273 current ops/sec; est completion in 1 minute [READ: Count=63790, Max=5799, Min=5, Avg=119.75, 90=258, 99=412, 99.9=478, 99.99=591] [READ-FAILED: Count=18938, Max=634, Min=2, Avg=118.31, 90=292, 99=506, 99.9=578, 99.99=598] 
2023-12-21 00:46:18:622 80 sec: 576615 operations; 9023 current ops/sec; est completion in 59 seconds [READ: Count=69635, Max=3861, Min=5, Avg=109.47, 90=249, 99=401, 99.9=464, 99.99=619] [READ-FAILED: Count=20597, Max=4951, Min=2, Avg=108.75, 90=279, 99=479, 99.9=571, 99.99=674] 
2023-12-21 00:46:28:622 90 sec: 677140 operations; 10052.5 current ops/sec; est completion in 43 seconds [READ: Count=77153, Max=5803, Min=5, Avg=98.36, 90=228, 99=380, 99.9=449, 99.99=530] [READ-FAILED: Count=23371, Max=736, Min=2, Avg=97.01, 90=264, 99=437, 99.9=550, 99.99=643] 
2023-12-21 00:46:38:622 100 sec: 792361 operations; 11522.1 current ops/sec; est completion in 27 seconds [READ: Count=88503, Max=1523, Min=5, Avg=86.21, 90=178, 99=348, 99.9=426, 99.99=515] [READ-FAILED: Count=26719, Max=716, Min=2, Avg=83.47, 90=244, 99=392, 99.9=515, 99.99=566] 
2023-12-21 00:46:48:622 110 sec: 917969 operations; 12560.8 current ops/sec; est completion in 10 seconds [READ: Count=96459, Max=5367, Min=5, Avg=79.11, 90=162, 99=309, 99.9=411, 99.99=517] [READ-FAILED: Count=29152, Max=670, Min=2, Avg=76.18, 90=234, 99=372, 99.9=501, 99.99=563] 
2023-12-21 00:46:54:810 116 sec: 1000000 operations; 13254.32 current ops/sec; [READ: Count=62926, Max=513, Min=5, Avg=74.67, 90=152, 99=289, 99.9=390, 99.99=486] [CLEANUP: Count=1, Max=8511, Min=8504, Avg=8508, 90=8511, 99=8511, 99.9=8511, 99.99=8511] [READ-FAILED: Count=19096, Max=598, Min=2, Avg=72.4, 90=222, 99=358, 99.9=467, 99.99=551] 
