[OVERALL], RunTime(ms), 6953
[OVERALL], Throughput(ops/sec), 143822.8102977132
[TOTAL_GCS_G1_Young_Generation], Count, 2
[TOTAL_GC_TIME_G1_Young_Generation], Time(ms), 13
[TOTAL_GC_TIME_%_G1_Young_Generation], Time(%), 0.1869696533870272
[TOTAL_GCS_G1_Old_Generation], Count, 0
[TOTAL_GC_TIME_G1_Old_Generation], Time(ms), 0
[TOTAL_GC_TIME_%_G1_Old_Generation], Time(%), 0.0
[TOTAL_GCs], Count, 2
[TOTAL_GC_TIME], Time(ms), 13
[TOTAL_GC_TIME_%], Time(%), 0.1869696533870272
[READ], Operations, 19
[READ], AverageLatency(us), 105.05263157894737
[READ], MinLatency(us), 56
[READ], MaxLatency(us), 495
[READ], 95thPercentileLatency(us), 133
[READ], 99thPercentileLatency(us), 495
[READ], Return=OK, 19
[READ], Return=NOT_FOUND, 949739
[CLEANUP], Operations, 1
[CLEANUP], AverageLatency(us), 3173.0
[CLEANUP], MinLatency(us), 3172
[CLEANUP], MaxLatency(us), 3173
[CLEANUP], 95thPercentileLatency(us), 3173
[CLEANUP], 99thPercentileLatency(us), 3173
[READ-FAILED], Operations, 949739
[READ-FAILED], AverageLatency(us), 0.1585540869649451
[READ-FAILED], MinLatency(us), 0
[READ-FAILED], MaxLatency(us), 618
[READ-FAILED], 95thPercentileLatency(us), 1
[READ-FAILED], 99thPercentileLatency(us), 1
[INSERT], Operations, 2
[INSERT], AverageLatency(us), 599.5
[INSERT], MinLatency(us), 174
[INSERT], MaxLatency(us), 1025
[INSERT], 95thPercentileLatency(us), 1025
[INSERT], 99thPercentileLatency(us), 1025
[INSERT], Return=OK, 2
[INSERT], Return=ERROR, 50240
[INSERT-FAILED], Operations, 50240
[INSERT-FAILED], AverageLatency(us), 34.32876194267516
[INSERT-FAILED], MinLatency(us), 18
[INSERT-FAILED], MaxLatency(us), 11903
[INSERT-FAILED], 95thPercentileLatency(us), 53
[INSERT-FAILED], 99thPercentileLatency(us), 61
