[OVERALL], RunTime(ms), 9691
[OVERALL], Throughput(ops/sec), 103188.52543597152
[TOTAL_GCS_G1_Young_Generation], Count, 7
[TOTAL_GC_TIME_G1_Young_Generation], Time(ms), 35
[TOTAL_GC_TIME_%_G1_Young_Generation], Time(%), 0.3611598390259003
[TOTAL_GCS_G1_Old_Generation], Count, 0
[TOTAL_GC_TIME_G1_Old_Generation], Time(ms), 0
[TOTAL_GC_TIME_%_G1_Old_Generation], Time(%), 0.0
[TOTAL_GCs], Count, 7
[TOTAL_GC_TIME], Time(ms), 35
[TOTAL_GC_TIME_%], Time(%), 0.3611598390259003
[CLEANUP], Operations, 1
[CLEANUP], AverageLatency(us), 2975.0
[CLEANUP], MinLatency(us), 2974
[CLEANUP], MaxLatency(us), 2975
[CLEANUP], 95thPercentileLatency(us), 2975
[CLEANUP], 99thPercentileLatency(us), 2975
[INSERT], Operations, 2
[INSERT], AverageLatency(us), 674.0
[INSERT], MinLatency(us), 180
[INSERT], MaxLatency(us), 1168
[INSERT], 95thPercentileLatency(us), 1168
[INSERT], 99thPercentileLatency(us), 1168
[INSERT], Return=OK, 2
[INSERT], Return=ERROR, 49970
[SCAN], Operations, 950028
[SCAN], AverageLatency(us), 3.994848572884168
[SCAN], MinLatency(us), 1
[SCAN], MaxLatency(us), 12087
[SCAN], 95thPercentileLatency(us), 11
[SCAN], 99thPercentileLatency(us), 15
[SCAN], Return=OK, 950028
[INSERT-FAILED], Operations, 49970
[INSERT-FAILED], AverageLatency(us), 24.650070042025217
[INSERT-FAILED], MinLatency(us), 18
[INSERT-FAILED], MaxLatency(us), 5335
[INSERT-FAILED], 95thPercentileLatency(us), 40
[INSERT-FAILED], 99thPercentileLatency(us), 48
