[WARN]  Running against a source checkout. In order to get our runtime dependencies we'll have to invoke Maven. Depending on the state of your system, this may take ~30-45 seconds
[DEBUG]  Running 'mvn -pl site.ycsb:rocksdb-binding -am package -DskipTests dependency:build-classpath -DincludeScope=compile -Dmdep.outputFilterFile=true'
java -cp /home/user/src/rocksdb-cheops-2024/ycsb/rocksdb/conf:/home/user/src/rocksdb-cheops-2024/ycsb/rocksdb/target/rocksdb-binding-0.18.0-SNAPSHOT.jar:/root/.m2/repository/org/apache/htrace/htrace-core4/4.1.0-incubating/htrace-core4-4.1.0-incubating.jar:/root/.m2/repository/org/slf4j/slf4j-api/1.7.25/slf4j-api-1.7.25.jar:/home/user/src/rocksdb-cheops-2024/rocksdb-ycsb/java/target/rocksdbjni-7.4.3-linux64.jar:/root/.m2/repository/net/jcip/jcip-annotations/1.0/jcip-annotations-1.0.jar:/root/.m2/repository/org/hdrhistogram/HdrHistogram/2.1.4/HdrHistogram-2.1.4.jar:/root/.m2/repository/org/codehaus/jackson/jackson-mapper-asl/1.9.4/jackson-mapper-asl-1.9.4.jar:/lib/libzbd.so.1:/root/.m2/repository/org/codehaus/jackson/jackson-core-asl/1.9.4/jackson-core-asl-1.9.4.jar:/home/user/src/rocksdb-cheops-2024/rocksdb-ycsb/java/target/librocksdbjni-linux64.so:/home/user/src/rocksdb-cheops-2024/ycsb/core/target/core-0.18.0-SNAPSHOT.jar site.ycsb.Client -db site.ycsb.db.rocksdb.RocksDBClient -s -P ./workloads/workloade -p recordcount=5242880 -p operationcount=1000000 -p fieldlength=386 -p fieldcount=10 -t
Command line: -db site.ycsb.db.rocksdb.RocksDBClient -s -P ./workloads/workloade -p recordcount=5242880 -p operationcount=1000000 -p fieldlength=386 -p fieldcount=10 -t
YCSB Client 0.18.0-SNAPSHOT

Loading workload...
Starting test.
SLF4J: Failed to load class "org.slf4j.impl.StaticLoggerBinder".
SLF4J: Defaulting to no-operation (NOP) logger implementation
SLF4J: See http://www.slf4j.org/codes.html#StaticLoggerBinder for further details.
2023-12-21 11:21:42:310 0 sec: 0 operations; est completion in 0 second 
Leet YCSB 
2023-12-21 11:21:52:272 10 sec: 0 operations; est completion in 106751991167300 days 15 hours 
2023-12-21 11:22:02:272 20 sec: 0 operations; est completion in 106751991167300 days 15 hours 
2023-12-21 11:22:12:272 30 sec: 0 operations; est completion in 106751991167300 days 15 hours 
DBWrapper: report latency for each error is false and specific error codes to track for latency are: []
2023-12-21 11:22:22:272 40 sec: 172 operations; 17.2 current ops/sec; est completion in 2 days 16 hours [INSERT: Count=6, Max=1525, Min=263, Avg=688.17, 90=1171, 99=1525, 99.9=1525, 99.99=1525] [SCAN: Count=169, Max=9959, Min=110, Avg=3884.76, 90=5739, 99=6475, 99.9=9959, 99.99=9959] 
2023-12-21 11:22:32:272 50 sec: 3428 operations; 325.6 current ops/sec; est completion in 4 hours 2 minutes [INSERT: Count=155, Max=601, Min=76, Avg=172.79, 90=220, 99=299, 99.9=601, 99.99=601] [SCAN: Count=3099, Max=12511, Min=78, Avg=3193.67, 90=5355, 99=6131, 99.9=9327, 99.99=12511] 
2023-12-21 11:22:42:272 60 sec: 7769 operations; 434.1 current ops/sec; est completion in 2 hours 7 minutes [INSERT: Count=225, Max=268, Min=46, Avg=121.8, 90=161, 99=244, 99.9=268, 99.99=268] [SCAN: Count=4115, Max=11839, Min=55, Avg=2411.85, 90=4807, 99=5787, 99.9=9511, 99.99=11839] 
2023-12-21 11:22:52:272 70 sec: 13019 operations; 525 current ops/sec; est completion in 1 hour 28 minutes [INSERT: Count=243, Max=177, Min=36, Avg=105.23, 90=130, 99=158, 99.9=177, 99.99=177] [SCAN: Count=5008, Max=13455, Min=53, Avg=1984.96, 90=4347, 99=5471, 99.9=8091, 99.99=12599] 
2023-12-21 11:23:02:272 80 sec: 19169 operations; 615 current ops/sec; est completion in 1 hour 8 minutes [INSERT: Count=306, Max=161, Min=39, Avg=97.94, 90=126, 99=149, 99.9=161, 99.99=161] [SCAN: Count=5844, Max=12583, Min=38, Avg=1699.34, 90=3889, 99=5483, 99.9=8831, 99.99=11383] 
2023-12-21 11:23:12:272 90 sec: 26645 operations; 747.6 current ops/sec; est completion in 54 minutes [INSERT: Count=388, Max=171, Min=25, Avg=96.78, 90=120, 99=136, 99.9=171, 99.99=171] [SCAN: Count=7088, Max=11895, Min=45, Avg=1399.68, 90=3187, 99=5071, 99.9=7975, 99.99=10607] 
2023-12-21 11:23:22:272 100 sec: 35223 operations; 857.8 current ops/sec; est completion in 45 minutes [INSERT: Count=425, Max=187, Min=31, Avg=97.82, 90=124, 99=137, 99.9=187, 99.99=187] [SCAN: Count=8153, Max=12191, Min=47, Avg=1215.9, 90=2589, 99=4531, 99.9=6383, 99.99=11823] 
2023-12-21 11:23:32:272 110 sec: 44800 operations; 957.7 current ops/sec; est completion in 39 minutes [INSERT: Count=457, Max=145, Min=32, Avg=91.38, 90=116, 99=136, 99.9=145, 99.99=145] [SCAN: Count=9119, Max=14991, Min=45, Avg=1086.38, 90=2111, 99=3971, 99.9=5563, 99.99=13423] 
2023-12-21 11:23:42:272 120 sec: 51561 operations; 676.1 current ops/sec; est completion in 36 minutes [INSERT: Count=308, Max=157, Min=34, Avg=93.09, 90=119, 99=141, 99.9=157, 99.99=157] [SCAN: Count=6454, Max=916479, Min=16, Avg=1539.24, 90=3107, 99=5587, 99.9=8799, 99.99=13423] 
2023-12-21 11:23:52:272 130 sec: 56644 operations; 508.3 current ops/sec; est completion in 36 minutes [INSERT: Count=244, Max=159, Min=28, Avg=96.45, 90=120, 99=141, 99.9=159, 99.99=159] [SCAN: Count=4839, Max=16255, Min=37, Avg=2055.48, 90=4787, 99=5847, 99.9=10279, 99.99=16255] 
2023-12-21 11:24:02:272 140 sec: 62786 operations; 614.2 current ops/sec; est completion in 34 minutes [INSERT: Count=341, Max=155, Min=30, Avg=92.46, 90=117, 99=139, 99.9=155, 99.99=155] [SCAN: Count=5800, Max=12183, Min=33, Avg=1713.12, 90=4187, 99=6063, 99.9=7567, 99.99=11911] 
2023-12-21 11:24:12:272 150 sec: 70482 operations; 769.6 current ops/sec; est completion in 32 minutes [INSERT: Count=370, Max=178, Min=30, Avg=90.5, 90=115, 99=144, 99.9=178, 99.99=178] [SCAN: Count=7327, Max=8079, Min=34, Avg=1356.68, 90=3177, 99=5279, 99.9=6683, 99.99=7491] 
2023-12-21 11:24:22:272 160 sec: 79943 operations; 946.1 current ops/sec; est completion in 30 minutes [INSERT: Count=523, Max=150, Min=26, Avg=82.92, 90=108, 99=127, 99.9=136, 99.99=150] [SCAN: Count=8940, Max=8143, Min=28, Avg=1110.06, 90=2503, 99=3955, 99.9=4919, 99.99=7035] 
2023-12-21 11:24:32:272 170 sec: 89365 operations; 942.2 current ops/sec; est completion in 28 minutes [INSERT: Count=486, Max=162, Min=37, Avg=87.23, 90=112, 99=125, 99.9=162, 99.99=162] [SCAN: Count=8935, Max=545279, Min=27, Avg=1110.85, 90=2389, 99=3879, 99.9=4591, 99.99=12735] 
2023-12-21 11:24:42:272 180 sec: 100704 operations; 1133.9 current ops/sec; est completion in 26 minutes [INSERT: Count=592, Max=233, Min=29, Avg=83.85, 90=108, 99=123, 99.9=134, 99.99=233] [SCAN: Count=10747, Max=8791, Min=23, Avg=922.55, 90=1977, 99=3767, 99.9=4499, 99.99=8711] 
2023-12-21 11:24:52:272 190 sec: 110897 operations; 1019.3 current ops/sec; est completion in 25 minutes [INSERT: Count=513, Max=154, Min=33, Avg=82.95, 90=105, 99=123, 99.9=128, 99.99=154] [SCAN: Count=9681, Max=858623, Min=20, Avg=1024.96, 90=2229, 99=3663, 99.9=4347, 99.99=5039] 
2023-12-21 11:25:02:272 200 sec: 121040 operations; 1014.3 current ops/sec; est completion in 24 minutes [INSERT: Count=449, Max=182, Min=33, Avg=82.94, 90=103, 99=126, 99.9=182, 99.99=182] [SCAN: Count=9692, Max=7055, Min=19, Avg=1024.77, 90=2603, 99=3679, 99.9=4123, 99.99=5755] 
2023-12-21 11:25:12:272 210 sec: 130238 operations; 919.8 current ops/sec; est completion in 23 minutes [INSERT: Count=443, Max=149, Min=33, Avg=82.33, 90=105, 99=124, 99.9=149, 99.99=149] [SCAN: Count=8755, Max=802815, Min=27, Avg=1134.75, 90=2511, 99=3747, 99.9=4307, 99.99=5719] 
2023-12-21 11:25:22:272 220 sec: 140528 operations; 1029 current ops/sec; est completion in 22 minutes [INSERT: Count=543, Max=167, Min=31, Avg=81.98, 90=106, 99=124, 99.9=127, 99.99=167] [SCAN: Count=9746, Max=4807, Min=19, Avg=1018.29, 90=2341, 99=3667, 99.9=4167, 99.99=4727] 
2023-12-21 11:25:32:272 230 sec: 152031 operations; 1150.3 current ops/sec; est completion in 21 minutes [INSERT: Count=600, Max=154, Min=30, Avg=81.07, 90=103, 99=132, 99.9=151, 99.99=154] [SCAN: Count=10904, Max=4291, Min=16, Avg=909.63, 90=2051, 99=3387, 99.9=3903, 99.99=4251] 
2023-12-21 11:25:42:272 240 sec: 163950 operations; 1191.9 current ops/sec; est completion in 20 minutes [INSERT: Count=610, Max=1642, Min=28, Avg=81.65, 90=102, 99=116, 99.9=143, 99.99=1642] [SCAN: Count=11308, Max=4299, Min=23, Avg=839.81, 90=1760, 99=3283, 99.9=3731, 99.99=4175] 
2023-12-21 11:25:52:272 250 sec: 176634 operations; 1268.4 current ops/sec; est completion in 19 minutes [INSERT: Count=602, Max=133, Min=34, Avg=73.09, 90=96, 99=115, 99.9=131, 99.99=133] [SCAN: Count=12084, Max=1148927, Min=15, Avg=854.44, 90=1394, 99=1699, 99.9=1990, 99.99=3719] 
2023-12-21 11:26:02:273 260 sec: 191340 operations; 1470.6 current ops/sec; est completion in 18 minutes [INSERT: Count=757, Max=130, Min=35, Avg=72.6, 90=92, 99=106, 99.9=122, 99.99=130] [SCAN: Count=13950, Max=4999, Min=20, Avg=710, 90=1288, 99=1657, 99.9=2447, 99.99=3879] 
2023-12-21 11:26:12:272 270 sec: 206815 operations; 1547.5 current ops/sec; est completion in 17 minutes [INSERT: Count=775, Max=132, Min=21, Avg=73.54, 90=93, 99=111, 99.9=126, 99.99=132] [SCAN: Count=14698, Max=5807, Min=20, Avg=673.51, 90=1230, 99=1607, 99.9=1871, 99.99=4675] 
2023-12-21 11:26:22:272 280 sec: 223066 operations; 1625.1 current ops/sec; est completion in 16 minutes [INSERT: Count=823, Max=125, Min=33, Avg=77.47, 90=96, 99=111, 99.9=123, 99.99=125] [SCAN: Count=15429, Max=4147, Min=12, Avg=641.24, 90=1139, 99=1583, 99.9=1915, 99.99=3279] 
2023-12-21 11:26:32:272 290 sec: 240041 operations; 1697.5 current ops/sec; est completion in 15 minutes [INSERT: Count=851, Max=141, Min=35, Avg=78.58, 90=98, 99=113, 99.9=118, 99.99=141] [SCAN: Count=16123, Max=2701, Min=21, Avg=613.3, 90=1083, 99=1509, 99.9=1769, 99.99=2293] 
2023-12-21 11:26:42:272 300 sec: 257966 operations; 1792.5 current ops/sec; est completion in 14 minutes [INSERT: Count=902, Max=140, Min=37, Avg=77.59, 90=99, 99=117, 99.9=129, 99.99=140] [SCAN: Count=17024, Max=3009, Min=19, Avg=580.65, 90=1010, 99=1428, 99.9=1719, 99.99=2291] 
2023-12-21 11:26:52:272 310 sec: 276172 operations; 1820.6 current ops/sec; est completion in 13 minutes [INSERT: Count=865, Max=156, Min=34, Avg=77.42, 90=100, 99=120, 99.9=135, 99.99=156] [SCAN: Count=17340, Max=3343, Min=12, Avg=570.13, 90=990, 99=1411, 99.9=1674, 99.99=2703] 
2023-12-21 11:27:02:272 320 sec: 294781 operations; 1860.9 current ops/sec; est completion in 12 minutes [INSERT: Count=896, Max=121, Min=33, Avg=74.11, 90=94, 99=106, 99.9=115, 99.99=121] [SCAN: Count=17713, Max=2811, Min=14, Avg=558.24, 90=971, 99=1406, 99.9=1671, 99.99=2581] 
2023-12-21 11:27:12:272 330 sec: 313824 operations; 1904.3 current ops/sec; est completion in 12 minutes [INSERT: Count=947, Max=123, Min=23, Avg=73.2, 90=91, 99=108, 99.9=121, 99.99=123] [SCAN: Count=18096, Max=2747, Min=16, Avg=546.21, 90=948, 99=1347, 99.9=1619, 99.99=2321] 
2023-12-21 11:27:22:272 340 sec: 333836 operations; 2001.2 current ops/sec; est completion in 11 minutes [INSERT: Count=1036, Max=125, Min=31, Avg=72.09, 90=95, 99=114, 99.9=123, 99.99=125] [SCAN: Count=18977, Max=2821, Min=19, Avg=520.42, 90=902, 99=1266, 99.9=1499, 99.99=2457] 
2023-12-21 11:27:32:272 350 sec: 354208 operations; 2037.2 current ops/sec; est completion in 10 minutes [INSERT: Count=982, Max=144, Min=34, Avg=79.47, 90=105, 99=124, 99.9=132, 99.99=144] [SCAN: Count=19390, Max=3907, Min=12, Avg=509.12, 90=888, 99=1224, 99.9=1500, 99.99=3251] 
2023-12-21 11:27:42:272 360 sec: 374761 operations; 2055.3 current ops/sec; est completion in 10 minutes [INSERT: Count=1060, Max=156, Min=35, Avg=78.49, 90=102, 99=121, 99.9=148, 99.99=156] [SCAN: Count=19494, Max=2917, Min=18, Avg=505.95, 90=882, 99=1200, 99.9=1494, 99.99=2881] 
2023-12-21 11:27:52:272 370 sec: 395499 operations; 2073.8 current ops/sec; est completion in 9 minutes [INSERT: Count=1030, Max=133, Min=28, Avg=78.9, 90=101, 99=126, 99.9=132, 99.99=133] [SCAN: Count=19707, Max=3345, Min=16, Avg=500.64, 90=870, 99=1154, 99.9=1444, 99.99=2663] 
2023-12-21 11:28:02:272 380 sec: 416654 operations; 2115.5 current ops/sec; est completion in 8 minutes [INSERT: Count=1063, Max=204, Min=33, Avg=79.11, 90=103, 99=128, 99.9=139, 99.99=204] [SCAN: Count=20092, Max=2629, Min=13, Avg=491.03, 90=857, 99=1078, 99.9=1390, 99.99=2185] 
2023-12-21 11:28:12:272 390 sec: 437976 operations; 2132.2 current ops/sec; est completion in 8 minutes [INSERT: Count=1119, Max=141, Min=29, Avg=74.31, 90=95, 99=120, 99.9=132, 99.99=141] [SCAN: Count=20202, Max=2529, Min=14, Avg=488.35, 90=853, 99=1072, 99.9=1345, 99.99=2337] 
2023-12-21 11:28:22:272 400 sec: 459491 operations; 2151.5 current ops/sec; est completion in 7 minutes [INSERT: Count=1069, Max=144, Min=21, Avg=74.09, 90=95, 99=122, 99.9=141, 99.99=144] [SCAN: Count=20447, Max=2649, Min=14, Avg=482.76, 90=844, 99=1031, 99.9=1305, 99.99=2221] 
2023-12-21 11:28:32:272 410 sec: 481210 operations; 2171.9 current ops/sec; est completion in 7 minutes [INSERT: Count=1063, Max=139, Min=31, Avg=74.11, 90=96, 99=119, 99.9=139, 99.99=139] [SCAN: Count=20656, Max=2947, Min=14, Avg=477.83, 90=841, 99=1022, 99.9=1320, 99.99=2509] 
2023-12-21 11:28:42:272 420 sec: 503181 operations; 2197.1 current ops/sec; est completion in 6 minutes [INSERT: Count=1093, Max=142, Min=35, Avg=78.78, 90=100, 99=120, 99.9=140, 99.99=142] [SCAN: Count=20877, Max=7519, Min=13, Avg=472.44, 90=829, 99=1010, 99.9=1376, 99.99=5079] 
2023-12-21 11:28:52:272 430 sec: 525248 operations; 2206.7 current ops/sec; est completion in 6 minutes [INSERT: Count=1154, Max=156, Min=34, Avg=77.78, 90=98, 99=120, 99.9=141, 99.99=156] [SCAN: Count=20913, Max=5983, Min=16, Avg=471.41, 90=828, 99=997, 99.9=1316, 99.99=5011] 
2023-12-21 11:29:02:272 440 sec: 547444 operations; 2219.6 current ops/sec; est completion in 6 minutes [INSERT: Count=1055, Max=149, Min=35, Avg=80.19, 90=105, 99=128, 99.9=139, 99.99=149] [SCAN: Count=21142, Max=6527, Min=11, Avg=466.64, 90=824, 99=977, 99.9=1258, 99.99=5323] 
2023-12-21 11:29:12:272 450 sec: 569353 operations; 2190.9 current ops/sec; est completion in 5 minutes [INSERT: Count=1083, Max=147, Min=33, Avg=79.83, 90=102, 99=126, 99.9=136, 99.99=147] [SCAN: Count=20826, Max=7655, Min=18, Avg=473.59, 90=823, 99=973, 99.9=1296, 99.99=7147] 
2023-12-21 11:29:22:272 460 sec: 591511 operations; 2215.8 current ops/sec; est completion in 5 minutes [INSERT: Count=1089, Max=270, Min=22, Avg=80.2, 90=102, 99=132, 99.9=158, 99.99=270] [SCAN: Count=21067, Max=6931, Min=17, Avg=468.15, 90=817, 99=968, 99.9=1351, 99.99=6543] 
2023-12-21 11:29:32:272 470 sec: 613608 operations; 2209.7 current ops/sec; est completion in 4 minutes [INSERT: Count=1083, Max=148, Min=29, Avg=80.07, 90=103, 99=127, 99.9=138, 99.99=148] [SCAN: Count=21015, Max=8751, Min=16, Avg=469.34, 90=816, 99=963, 99.9=1212, 99.99=7919] 
2023-12-21 11:29:42:272 480 sec: 635806 operations; 2219.8 current ops/sec; est completion in 4 minutes [INSERT: Count=1079, Max=138, Min=33, Avg=77.15, 90=101, 99=127, 99.9=133, 99.99=138] [SCAN: Count=21119, Max=9095, Min=17, Avg=467.2, 90=814, 99=961, 99.9=1255, 99.99=7383] 
2023-12-21 11:29:52:272 490 sec: 658150 operations; 2234.4 current ops/sec; est completion in 4 minutes [INSERT: Count=1174, Max=143, Min=27, Avg=73.66, 90=95, 99=124, 99.9=139, 99.99=143] [SCAN: Count=21170, Max=7087, Min=14, Avg=465.89, 90=814, 99=957, 99.9=1152, 99.99=6091] 
2023-12-21 11:30:02:272 500 sec: 680523 operations; 2237.3 current ops/sec; est completion in 3 minutes [INSERT: Count=1142, Max=3001, Min=23, Avg=77.42, 90=96, 99=132, 99.9=460, 99.99=3001] [SCAN: Count=21232, Max=7855, Min=12, Avg=464.48, 90=814, 99=952, 99.9=1142, 99.99=6831] 
2023-12-21 11:30:12:272 510 sec: 702974 operations; 2245.1 current ops/sec; est completion in 3 minutes [INSERT: Count=1131, Max=1648, Min=31, Avg=76.72, 90=98, 99=135, 99.9=150, 99.99=1648] [SCAN: Count=21319, Max=10047, Min=13, Avg=462.63, 90=812, 99=943, 99.9=1115, 99.99=5355] 
2023-12-21 11:30:22:272 520 sec: 725309 operations; 2233.5 current ops/sec; est completion in 3 minutes [INSERT: Count=1051, Max=149, Min=29, Avg=77.13, 90=101, 99=133, 99.9=147, 99.99=149] [SCAN: Count=21285, Max=9095, Min=13, Avg=463.68, 90=810, 99=947, 99.9=1108, 99.99=6375] 
2023-12-21 11:30:32:272 530 sec: 747719 operations; 2241 current ops/sec; est completion in 2 minutes [INSERT: Count=1177, Max=148, Min=29, Avg=74.74, 90=97, 99=132, 99.9=140, 99.99=148] [SCAN: Count=21232, Max=5007, Min=18, Avg=464.43, 90=814, 99=946, 99.9=1157, 99.99=4687] 
2023-12-21 11:30:42:272 540 sec: 770317 operations; 2259.8 current ops/sec; est completion in 2 minutes [INSERT: Count=1178, Max=153, Min=26, Avg=74.9, 90=99, 99=132, 99.9=153, 99.99=153] [SCAN: Count=21421, Max=4823, Min=17, Avg=460.37, 90=808, 99=946, 99.9=1398, 99.99=4607] 
2023-12-21 11:30:52:272 550 sec: 792806 operations; 2248.9 current ops/sec; est completion in 2 minutes [INSERT: Count=1135, Max=166, Min=35, Avg=79.95, 90=105, 99=136, 99.9=156, 99.99=166] [SCAN: Count=21354, Max=7011, Min=14, Avg=461.66, 90=809, 99=942, 99.9=1069, 99.99=6243] 
2023-12-21 11:31:02:272 560 sec: 815397 operations; 2259.1 current ops/sec; est completion in 2 minutes [INSERT: Count=1204, Max=143, Min=25, Avg=77.77, 90=99, 99=131, 99.9=142, 99.99=143] [SCAN: Count=21387, Max=3527, Min=15, Avg=460.86, 90=812, 99=948, 99.9=1065, 99.99=3015] 
2023-12-21 11:31:12:272 570 sec: 837811 operations; 2241.4 current ops/sec; est completion in 1 minute [INSERT: Count=1138, Max=160, Min=32, Avg=76.32, 90=100, 99=134, 99.9=152, 99.99=160] [SCAN: Count=21274, Max=2619, Min=16, Avg=463.53, 90=812, 99=948, 99.9=1022, 99.99=2449] 
2023-12-21 11:31:22:272 580 sec: 860388 operations; 2257.7 current ops/sec; est completion in 1 minute [INSERT: Count=1107, Max=148, Min=34, Avg=82.17, 90=109, 99=138, 99.9=148, 99.99=148] [SCAN: Count=21472, Max=2725, Min=15, Avg=459.18, 90=809, 99=941, 99.9=1015, 99.99=2647] 
2023-12-21 11:31:32:272 590 sec: 882740 operations; 2235.2 current ops/sec; est completion in 1 minute [INSERT: Count=1112, Max=152, Min=35, Avg=80.15, 90=103, 99=136, 99.9=146, 99.99=152] [SCAN: Count=21238, Max=2583, Min=16, Avg=464.26, 90=811, 99=942, 99.9=1020, 99.99=2267] 
2023-12-21 11:31:42:272 600 sec: 905382 operations; 2264.2 current ops/sec; est completion in 1 minute [INSERT: Count=1143, Max=142, Min=19, Avg=77.23, 90=102, 99=129, 99.9=140, 99.99=142] [SCAN: Count=21500, Max=2641, Min=19, Avg=458.72, 90=811, 99=945, 99.9=1035, 99.99=2285] 
2023-12-21 11:31:52:273 610 sec: 927654 operations; 2227.2 current ops/sec; est completion in 48 seconds [INSERT: Count=1175, Max=152, Min=26, Avg=78.75, 90=101, 99=132, 99.9=148, 99.99=152] [SCAN: Count=21098, Max=3155, Min=18, Avg=467.22, 90=815, 99=953, 99.9=1282, 99.99=2779] 
2023-12-21 11:32:02:272 620 sec: 950114 operations; 2246 current ops/sec; est completion in 33 seconds [INSERT: Count=1163, Max=155, Min=29, Avg=81.36, 90=104, 99=134, 99.9=148, 99.99=155] [SCAN: Count=21296, Max=2727, Min=12, Avg=462.73, 90=813, 99=947, 99.9=1018, 99.99=2457] 
2023-12-21 11:32:12:272 630 sec: 972698 operations; 2258.4 current ops/sec; est completion in 18 seconds [INSERT: Count=1163, Max=945, Min=36, Avg=82.79, 90=105, 99=141, 99.9=161, 99.99=945] [SCAN: Count=21422, Max=2511, Min=17, Avg=459.93, 90=813, 99=945, 99.9=1021, 99.99=2377] 
2023-12-21 11:32:22:272 640 sec: 995367 operations; 2266.9 current ops/sec; est completion in 3 second [INSERT: Count=1169, Max=143, Min=34, Avg=78.51, 90=102, 99=134, 99.9=139, 99.99=143] [SCAN: Count=21500, Max=2693, Min=14, Avg=458.51, 90=808, 99=939, 99.9=1011, 99.99=2385] 
2023-12-21 11:32:24:384 642 sec: 1000000 operations; 2193.66 current ops/sec; [CLEANUP: Count=1, Max=26815, Min=26800, Avg=26808, 90=26815, 99=26815, 99.9=26815, 99.99=26815] [INSERT: Count=234, Max=185, Min=40, Avg=83.43, 90=111, 99=139, 99.9=185, 99.99=185] [SCAN: Count=4397, Max=2113, Min=13, Avg=466.97, 90=810, 99=938, 99.9=1011, 99.99=2113] 
